
*** Running vivado
    with args -log design_1_xlconstant_0_0.vds -m64 -product Vivado -mode batch -messageDb vivado.pb -notrace -source design_1_xlconstant_0_0.tcl

awk: symbol lookup error: awk: undefined symbol: mpfr_z_sub

****** Vivado v2016.4 (64-bit)
  **** SW Build 1733598 on Wed Dec 14 22:35:42 MST 2016
  **** IP Build 1731160 on Wed Dec 14 23:47:21 MST 2016
    ** Copyright 1986-2016 Xilinx, Inc. All Rights Reserved.

source design_1_xlconstant_0_0.tcl -notrace
awk: symbol lookup error: awk: undefined symbol: mpfr_z_sub
Starting RTL Elaboration : Time (s): cpu = 00:00:14 ; elapsed = 00:00:18 . Memory (MB): peak = 1460.449 ; gain = 529.973 ; free physical = 1270 ; free virtual = 14385
INFO: [Synth 8-638] synthesizing module 'design_1_xlconstant_0_0' [/home/michael/xilinx_workspace/zcu102_aes_basic/zcu102_aes_basic.srcs/sources_1/bd/design_1/ip/design_1_xlconstant_0_0/sim/design_1_xlconstant_0_0.v:56]
INFO: [Synth 8-638] synthesizing module 'xlconstant' [/home/michael/xilinx_workspace/zcu102_aes_basic/zcu102_aes_basic.srcs/sources_1/bd/design_1/ipshared/e147/xlconstant.v:23]
INFO: [Synth 8-256] done synthesizing module 'xlconstant' (1#1) [/home/michael/xilinx_workspace/zcu102_aes_basic/zcu102_aes_basic.srcs/sources_1/bd/design_1/ipshared/e147/xlconstant.v:23]
INFO: [Synth 8-256] done synthesizing module 'design_1_xlconstant_0_0' (2#1) [/home/michael/xilinx_workspace/zcu102_aes_basic/zcu102_aes_basic.srcs/sources_1/bd/design_1/ip/design_1_xlconstant_0_0/sim/design_1_xlconstant_0_0.v:56]
Finished RTL Elaboration : Time (s): cpu = 00:00:14 ; elapsed = 00:00:19 . Memory (MB): peak = 1501.918 ; gain = 571.441 ; free physical = 1101 ; free virtual = 14219
Finished RTL Optimization Phase 1 : Time (s): cpu = 00:00:15 ; elapsed = 00:00:19 . Memory (MB): peak = 1501.918 ; gain = 571.441 ; free physical = 1091 ; free virtual = 14209
INFO: [Device 21-403] Loading part xczu9eg-ffvb1156-2-i-es2
Constraint Validation Runtime : Time (s): cpu = 00:00:00.01 ; elapsed = 00:00:00.05 . Memory (MB): peak = 2096.098 ; gain = 0.000 ; free physical = 161 ; free virtual = 12577
Finished Constraint Validation : Time (s): cpu = 00:00:26 ; elapsed = 00:00:34 . Memory (MB): peak = 2096.098 ; gain = 1165.621 ; free physical = 196 ; free virtual = 12587
Finished Loading Part and Timing Information : Time (s): cpu = 00:00:26 ; elapsed = 00:00:34 . Memory (MB): peak = 2096.098 ; gain = 1165.621 ; free physical = 196 ; free virtual = 12587
Finished applying 'set_property' XDC Constraints : Time (s): cpu = 00:00:26 ; elapsed = 00:00:34 . Memory (MB): peak = 2096.098 ; gain = 1165.621 ; free physical = 196 ; free virtual = 12587
Finished RTL Optimization Phase 2 : Time (s): cpu = 00:00:26 ; elapsed = 00:00:34 . Memory (MB): peak = 2096.098 ; gain = 1165.621 ; free physical = 196 ; free virtual = 12587
Finished Cross Boundary and Area Optimization : Time (s): cpu = 00:00:26 ; elapsed = 00:00:34 . Memory (MB): peak = 2096.098 ; gain = 1165.621 ; free physical = 196 ; free virtual = 12587
Finished Applying XDC Timing Constraints : Time (s): cpu = 00:00:45 ; elapsed = 00:00:57 . Memory (MB): peak = 2766.660 ; gain = 1836.184 ; free physical = 168 ; free virtual = 10518
Finished Timing Optimization : Time (s): cpu = 00:00:45 ; elapsed = 00:00:57 . Memory (MB): peak = 2766.660 ; gain = 1836.184 ; free physical = 167 ; free virtual = 10517
Finished Technology Mapping : Time (s): cpu = 00:00:45 ; elapsed = 00:00:57 . Memory (MB): peak = 2776.676 ; gain = 1846.199 ; free physical = 158 ; free virtual = 10508
Finished IO Insertion : Time (s): cpu = 00:00:45 ; elapsed = 00:00:57 . Memory (MB): peak = 2776.676 ; gain = 1846.199 ; free physical = 176 ; free virtual = 10487
Finished Renaming Generated Instances : Time (s): cpu = 00:00:45 ; elapsed = 00:00:57 . Memory (MB): peak = 2776.676 ; gain = 1846.199 ; free physical = 176 ; free virtual = 10487
Finished Rebuilding User Hierarchy : Time (s): cpu = 00:00:45 ; elapsed = 00:00:57 . Memory (MB): peak = 2776.676 ; gain = 1846.199 ; free physical = 176 ; free virtual = 10487
Finished Renaming Generated Ports : Time (s): cpu = 00:00:45 ; elapsed = 00:00:57 . Memory (MB): peak = 2776.676 ; gain = 1846.199 ; free physical = 176 ; free virtual = 10487
Finished Handling Custom Attributes : Time (s): cpu = 00:00:46 ; elapsed = 00:00:57 . Memory (MB): peak = 2776.676 ; gain = 1846.199 ; free physical = 176 ; free virtual = 10487
Finished Renaming Generated Nets : Time (s): cpu = 00:00:46 ; elapsed = 00:00:57 . Memory (MB): peak = 2776.676 ; gain = 1846.199 ; free physical = 176 ; free virtual = 10486

Report Cell Usage: 
+-+-----+------+
| |Cell |Count |
+-+-----+------+
+-+-----+------+
Finished Writing Synthesis Report : Time (s): cpu = 00:00:46 ; elapsed = 00:00:57 . Memory (MB): peak = 2776.676 ; gain = 1846.199 ; free physical = 176 ; free virtual = 10486
synth_design: Time (s): cpu = 00:00:38 ; elapsed = 00:00:50 . Memory (MB): peak = 2823.355 ; gain = 1488.414 ; free physical = 137 ; free virtual = 9600
