#-----------------------------------------------------------
# Webtalk v2017.1 (64-bit)
# SW Build 1846317 on Fri Apr 14 18:54:47 MDT 2017
# 
# Start of session at: Sun Apr 23 21:33:15 2017
# Process ID: 19522
# Current directory: /home/michael/hardware_security/zcu102/root_of_trust/operational_os/vivado/zedboard_pmod/zedboard_pmod.sdk/webtalk
# Command line: wbtcv -mode batch -source sdk_webtalk.tcl
# Log file: /home/michael/hardware_security/zcu102/root_of_trust/operational_os/vivado/zedboard_pmod/zedboard_pmod.sdk/webtalk/webtalk.log
# Journal file: /home/michael/hardware_security/zcu102/root_of_trust/operational_os/vivado/zedboard_pmod/zedboard_pmod.sdk/webtalk/webtalk.jou
#-----------------------------------------------------------
source sdk_webtalk.tcl
# webtalk_init -webtalk_dir /home/michael/hardware_security/zcu102/root_of_trust/operational_os/vivado/zedboard_pmod/zedboard_pmod.sdk/webtalk
# webtalk_register_client -client project
# webtalk_add_data -client project -key date_generated -value "2017-04-23 21:33:14" -context "software_version_and_target_device"
# webtalk_add_data -client project -key product_version -value "SDK v2017.1" -context "software_version_and_target_device"
# webtalk_add_data -client project -key build_version -value "2017.1" -context "software_version_and_target_device"
# webtalk_add_data -client project -key os_platform -value "amd64" -context "software_version_and_target_device"
# webtalk_add_data -client project -key registration_id -value "210731565_1777490786_210638915_448" -context "software_version_and_target_device"
# webtalk_add_data -client project -key tool_flow -value "SDK" -context "software_version_and_target_device"
# webtalk_add_data -client project -key beta -value "false" -context "software_version_and_target_device"
# webtalk_add_data -client project -key route_design -value "NA" -context "software_version_and_target_device"
# webtalk_add_data -client project -key target_family -value "NA" -context "software_version_and_target_device"
# webtalk_add_data -client project -key target_device -value "NA" -context "software_version_and_target_device"
# webtalk_add_data -client project -key target_package -value "NA" -context "software_version_and_target_device"
# webtalk_add_data -client project -key target_speed -value "NA" -context "software_version_and_target_device"
# webtalk_add_data -client project -key random_id -value "f2qca2ti6navgm3hs37r1dia4i" -context "software_version_and_target_device"
# webtalk_add_data -client project -key project_id -value "2017.1_1" -context "software_version_and_target_device"
# webtalk_add_data -client project -key project_iteration -value "1" -context "software_version_and_target_device"
# webtalk_add_data -client project -key os_name -value "Ubuntu" -context "user_environment"
# webtalk_add_data -client project -key os_release -value "Ubuntu 16.10" -context "user_environment"
# webtalk_add_data -client project -key cpu_name -value "Intel(R) Core(TM) i7-4700MQ CPU @ 2.40GHz" -context "user_environment"
# webtalk_add_data -client project -key cpu_speed -value "3200.097 MHz" -context "user_environment"
# webtalk_add_data -client project -key total_processors -value "1" -context "user_environment"
# webtalk_add_data -client project -key system_ram -value "16.000 GB" -context "user_environment"
# webtalk_register_client -client sdk
# webtalk_add_data -client sdk -key uid -value "1493001597000" -context "sdk\\\\hardware/1493001597000"
# webtalk_add_data -client sdk -key isZynq -value "true" -context "sdk\\\\hardware/1493001597000"
# webtalk_add_data -client sdk -key isZynqMP -value "false" -context "sdk\\\\hardware/1493001597000"
# webtalk_add_data -client sdk -key Processors -value "2" -context "sdk\\\\hardware/1493001597000"
# webtalk_add_data -client sdk -key VivadoVersion -value "2017.1" -context "sdk\\\\hardware/1493001597000"
# webtalk_add_data -client sdk -key Arch -value "zynq" -context "sdk\\\\hardware/1493001597000"
# webtalk_add_data -client sdk -key Device -value "7z020" -context "sdk\\\\hardware/1493001597000"
# webtalk_add_data -client sdk -key IsHandoff -value "true" -context "sdk\\\\hardware/1493001597000"
# webtalk_add_data -client sdk -key os -value "NA" -context "sdk\\\\hardware/1493001597000"
# webtalk_add_data -client sdk -key apptemplate -value "NA" -context "sdk\\\\hardware/1493001597000"
# webtalk_add_data -client sdk -key RecordType -value "HWCreation" -context "sdk\\\\hardware/1493001597000"
# webtalk_add_data -client sdk -key uid -value "1493001688000" -context "sdk\\\\bsp/1493001688000"
# webtalk_add_data -client sdk -key hwid -value "1493001597000" -context "sdk\\\\bsp/1493001688000"
# webtalk_add_data -client sdk -key os -value "standalone" -context "sdk\\\\bsp/1493001688000"
# webtalk_add_data -client sdk -key apptemplate -value "zynq_fsbl" -context "sdk\\\\bsp/1493001688000"
# webtalk_add_data -client sdk -key RecordType -value "BSPCreation" -context "sdk\\\\bsp/1493001688000"
# webtalk_add_data -client sdk -key uid -value "1493001698000" -context "sdk\\\\application/1493001698000"
# webtalk_add_data -client sdk -key hwid -value "1493001597000" -context "sdk\\\\application/1493001698000"
# webtalk_add_data -client sdk -key bspid -value "1493001688000" -context "sdk\\\\application/1493001698000"
# webtalk_add_data -client sdk -key newbsp -value "true" -context "sdk\\\\application/1493001698000"
# webtalk_add_data -client sdk -key os -value "standalone" -context "sdk\\\\application/1493001698000"
# webtalk_add_data -client sdk -key apptemplate -value "zynq_fsbl" -context "sdk\\\\application/1493001698000"
# webtalk_add_data -client sdk -key RecordType -value "APPCreation" -context "sdk\\\\application/1493001698000"
# webtalk_add_data -client sdk -key LangUsed -value "C" -context "sdk\\\\application/1493001698000"
# webtalk_add_data -client sdk -key Procused -value "ps7_cortexa9" -context "sdk\\\\application/1493001698000"
# webtalk_add_data -client sdk -key projSize -value "340.22265625" -context "sdk\\\\application/1493001698000"
# webtalk_add_data -client sdk -key uid -value "NA" -context "sdk\\\\bsp/1493004794815"
# webtalk_add_data -client sdk -key RecordType -value "ToolUsage" -context "sdk\\\\bsp/1493004794815"
# webtalk_add_data -client sdk -key BootgenCount -value "1" -context "sdk\\\\bsp/1493004794815"
# webtalk_add_data -client sdk -key DebugCount -value "0" -context "sdk\\\\bsp/1493004794815"
# webtalk_add_data -client sdk -key PerfCount -value "0" -context "sdk\\\\bsp/1493004794815"
# webtalk_add_data -client sdk -key FlashCount -value "0" -context "sdk\\\\bsp/1493004794815"
# webtalk_add_data -client sdk -key CrossTriggCount -value "0" -context "sdk\\\\bsp/1493004794815"
# webtalk_add_data -client sdk -key QemuDebugCount -value "0" -context "sdk\\\\bsp/1493004794815"
# webtalk_transmit -clientid 2294908912 -regid "210731565_1777490786_210638915_448" -xml /home/michael/hardware_security/zcu102/root_of_trust/operational_os/vivado/zedboard_pmod/zedboard_pmod.sdk/webtalk/usage_statistics_ext_sdk.xml -html /home/michael/hardware_security/zcu102/root_of_trust/operational_os/vivado/zedboard_pmod/zedboard_pmod.sdk/webtalk/usage_statistics_ext_sdk.html -wdm /home/michael/hardware_security/zcu102/root_of_trust/operational_os/vivado/zedboard_pmod/zedboard_pmod.sdk/webtalk/sdk_webtalk.wdm -intro "<H3>SDK Usage Report</H3><BR>"
INFO: [Common 17-186] '/home/michael/hardware_security/zcu102/root_of_trust/operational_os/vivado/zedboard_pmod/zedboard_pmod.sdk/webtalk/usage_statistics_ext_sdk.xml' has been successfully sent to Xilinx on Sun Apr 23 21:33:16 2017. For additional details about this file, please refer to the WebTalk help file at /Xilinx/SDK/2017.1/doc/webtalk_introduction.html.
# webtalk_terminate
INFO: [Common 17-206] Exiting Webtalk at Sun Apr 23 21:33:16 2017...
