
*** Running vivado
    with args -log design_1_axi_gpio_0_0.vds -m64 -product Vivado -mode batch -messageDb vivado.pb -notrace -source design_1_axi_gpio_0_0.tcl


****** Vivado v2017.1 (64-bit)
  **** SW Build 1846317 on Fri Apr 14 18:54:47 MDT 2017
  **** IP Build 1846188 on Fri Apr 14 20:52:08 MDT 2017
    ** Copyright 1986-2017 Xilinx, Inc. All Rights Reserved.

source design_1_axi_gpio_0_0.tcl -notrace
Starting RTL Elaboration : Time (s): cpu = 00:00:04 ; elapsed = 00:00:04 . Memory (MB): peak = 1491.812 ; gain = 0.000 ; free physical = 3353 ; free virtual = 14075
INFO: [Synth 8-638] synthesizing module 'design_1_axi_gpio_0_0' [/home/michael/hardware_security/zcu102/root_of_trust/operational_os/vivado/zcu_microblaze_3/zcu_microblaze_3.srcs/sources_1/bd/design_1/ip/design_1_axi_gpio_0_0/synth/design_1_axi_gpio_0_0.vhd:84]
INFO: [Synth 8-638] synthesizing module 'axi_gpio' [/home/michael/hardware_security/zcu102/root_of_trust/operational_os/vivado/zcu_microblaze_3/zcu_microblaze_3.srcs/sources_1/bd/design_1/ipshared/3b45/hdl/axi_gpio_v2_0_vh_rfs.vhd:1257]
INFO: [Synth 8-638] synthesizing module 'axi_lite_ipif' [/home/michael/hardware_security/zcu102/root_of_trust/operational_os/vivado/zcu_microblaze_3/zcu_microblaze_3.srcs/sources_1/bd/design_1/ipshared/0ba0/hdl/axi_lite_ipif_v3_0_vh_rfs.vhd:2948]
INFO: [Synth 8-638] synthesizing module 'slave_attachment' [/home/michael/hardware_security/zcu102/root_of_trust/operational_os/vivado/zcu_microblaze_3/zcu_microblaze_3.srcs/sources_1/bd/design_1/ipshared/0ba0/hdl/axi_lite_ipif_v3_0_vh_rfs.vhd:2341]
INFO: [Synth 8-638] synthesizing module 'address_decoder' [/home/michael/hardware_security/zcu102/root_of_trust/operational_os/vivado/zcu_microblaze_3/zcu_microblaze_3.srcs/sources_1/bd/design_1/ipshared/0ba0/hdl/axi_lite_ipif_v3_0_vh_rfs.vhd:1775]
INFO: [Synth 8-638] synthesizing module 'pselect_f' [/home/michael/hardware_security/zcu102/root_of_trust/operational_os/vivado/zcu_microblaze_3/zcu_microblaze_3.srcs/sources_1/bd/design_1/ipshared/0ba0/hdl/axi_lite_ipif_v3_0_vh_rfs.vhd:1534]
INFO: [Synth 8-256] done synthesizing module 'pselect_f' (1#1) [/home/michael/hardware_security/zcu102/root_of_trust/operational_os/vivado/zcu_microblaze_3/zcu_microblaze_3.srcs/sources_1/bd/design_1/ipshared/0ba0/hdl/axi_lite_ipif_v3_0_vh_rfs.vhd:1534]
INFO: [Synth 8-638] synthesizing module 'pselect_f__parameterized0' [/home/michael/hardware_security/zcu102/root_of_trust/operational_os/vivado/zcu_microblaze_3/zcu_microblaze_3.srcs/sources_1/bd/design_1/ipshared/0ba0/hdl/axi_lite_ipif_v3_0_vh_rfs.vhd:1534]
INFO: [Synth 8-256] done synthesizing module 'pselect_f__parameterized0' (1#1) [/home/michael/hardware_security/zcu102/root_of_trust/operational_os/vivado/zcu_microblaze_3/zcu_microblaze_3.srcs/sources_1/bd/design_1/ipshared/0ba0/hdl/axi_lite_ipif_v3_0_vh_rfs.vhd:1534]
INFO: [Synth 8-638] synthesizing module 'pselect_f__parameterized1' [/home/michael/hardware_security/zcu102/root_of_trust/operational_os/vivado/zcu_microblaze_3/zcu_microblaze_3.srcs/sources_1/bd/design_1/ipshared/0ba0/hdl/axi_lite_ipif_v3_0_vh_rfs.vhd:1534]
INFO: [Synth 8-256] done synthesizing module 'pselect_f__parameterized1' (1#1) [/home/michael/hardware_security/zcu102/root_of_trust/operational_os/vivado/zcu_microblaze_3/zcu_microblaze_3.srcs/sources_1/bd/design_1/ipshared/0ba0/hdl/axi_lite_ipif_v3_0_vh_rfs.vhd:1534]
INFO: [Synth 8-638] synthesizing module 'pselect_f__parameterized2' [/home/michael/hardware_security/zcu102/root_of_trust/operational_os/vivado/zcu_microblaze_3/zcu_microblaze_3.srcs/sources_1/bd/design_1/ipshared/0ba0/hdl/axi_lite_ipif_v3_0_vh_rfs.vhd:1534]
INFO: [Synth 8-256] done synthesizing module 'pselect_f__parameterized2' (1#1) [/home/michael/hardware_security/zcu102/root_of_trust/operational_os/vivado/zcu_microblaze_3/zcu_microblaze_3.srcs/sources_1/bd/design_1/ipshared/0ba0/hdl/axi_lite_ipif_v3_0_vh_rfs.vhd:1534]
INFO: [Synth 8-256] done synthesizing module 'address_decoder' (2#1) [/home/michael/hardware_security/zcu102/root_of_trust/operational_os/vivado/zcu_microblaze_3/zcu_microblaze_3.srcs/sources_1/bd/design_1/ipshared/0ba0/hdl/axi_lite_ipif_v3_0_vh_rfs.vhd:1775]
INFO: [Synth 8-256] done synthesizing module 'slave_attachment' (3#1) [/home/michael/hardware_security/zcu102/root_of_trust/operational_os/vivado/zcu_microblaze_3/zcu_microblaze_3.srcs/sources_1/bd/design_1/ipshared/0ba0/hdl/axi_lite_ipif_v3_0_vh_rfs.vhd:2341]
INFO: [Synth 8-256] done synthesizing module 'axi_lite_ipif' (4#1) [/home/michael/hardware_security/zcu102/root_of_trust/operational_os/vivado/zcu_microblaze_3/zcu_microblaze_3.srcs/sources_1/bd/design_1/ipshared/0ba0/hdl/axi_lite_ipif_v3_0_vh_rfs.vhd:2948]
INFO: [Synth 8-638] synthesizing module 'GPIO_Core' [/home/michael/hardware_security/zcu102/root_of_trust/operational_os/vivado/zcu_microblaze_3/zcu_microblaze_3.srcs/sources_1/bd/design_1/ipshared/3b45/hdl/axi_gpio_v2_0_vh_rfs.vhd:177]
INFO: [Synth 8-638] synthesizing module 'cdc_sync' [/home/michael/hardware_security/zcu102/root_of_trust/operational_os/vivado/zcu_microblaze_3/zcu_microblaze_3.srcs/sources_1/bd/design_1/ipshared/52cb/hdl/lib_cdc_v1_0_rfs.vhd:106]
INFO: [Synth 8-256] done synthesizing module 'cdc_sync' (5#1) [/home/michael/hardware_security/zcu102/root_of_trust/operational_os/vivado/zcu_microblaze_3/zcu_microblaze_3.srcs/sources_1/bd/design_1/ipshared/52cb/hdl/lib_cdc_v1_0_rfs.vhd:106]
INFO: [Synth 8-256] done synthesizing module 'GPIO_Core' (6#1) [/home/michael/hardware_security/zcu102/root_of_trust/operational_os/vivado/zcu_microblaze_3/zcu_microblaze_3.srcs/sources_1/bd/design_1/ipshared/3b45/hdl/axi_gpio_v2_0_vh_rfs.vhd:177]
INFO: [Synth 8-256] done synthesizing module 'axi_gpio' (7#1) [/home/michael/hardware_security/zcu102/root_of_trust/operational_os/vivado/zcu_microblaze_3/zcu_microblaze_3.srcs/sources_1/bd/design_1/ipshared/3b45/hdl/axi_gpio_v2_0_vh_rfs.vhd:1257]
INFO: [Synth 8-256] done synthesizing module 'design_1_axi_gpio_0_0' (8#1) [/home/michael/hardware_security/zcu102/root_of_trust/operational_os/vivado/zcu_microblaze_3/zcu_microblaze_3.srcs/sources_1/bd/design_1/ip/design_1_axi_gpio_0_0/synth/design_1_axi_gpio_0_0.vhd:84]
Finished RTL Elaboration : Time (s): cpu = 00:00:04 ; elapsed = 00:00:04 . Memory (MB): peak = 1491.812 ; gain = 0.000 ; free physical = 3346 ; free virtual = 14069
Finished RTL Optimization Phase 1 : Time (s): cpu = 00:00:04 ; elapsed = 00:00:05 . Memory (MB): peak = 1491.812 ; gain = 0.000 ; free physical = 3346 ; free virtual = 14069
INFO: [Device 21-403] Loading part xczu9eg-ffvb1156-2-i
Constraint Validation Runtime : Time (s): cpu = 00:00:00.04 ; elapsed = 00:00:00.04 . Memory (MB): peak = 2057.953 ; gain = 0.000 ; free physical = 2305 ; free virtual = 13031
Finished Constraint Validation : Time (s): cpu = 00:00:17 ; elapsed = 00:00:18 . Memory (MB): peak = 2057.953 ; gain = 566.141 ; free physical = 2153 ; free virtual = 12880
Finished Loading Part and Timing Information : Time (s): cpu = 00:00:17 ; elapsed = 00:00:18 . Memory (MB): peak = 2057.953 ; gain = 566.141 ; free physical = 2153 ; free virtual = 12880
Finished applying 'set_property' XDC Constraints : Time (s): cpu = 00:00:17 ; elapsed = 00:00:18 . Memory (MB): peak = 2057.953 ; gain = 566.141 ; free physical = 2155 ; free virtual = 12882
Finished RTL Optimization Phase 2 : Time (s): cpu = 00:00:18 ; elapsed = 00:00:18 . Memory (MB): peak = 2057.953 ; gain = 566.141 ; free physical = 2147 ; free virtual = 12874
Finished Cross Boundary and Area Optimization : Time (s): cpu = 00:00:18 ; elapsed = 00:00:19 . Memory (MB): peak = 2057.953 ; gain = 566.141 ; free physical = 2137 ; free virtual = 12864
Finished Applying XDC Timing Constraints : Time (s): cpu = 00:00:30 ; elapsed = 00:00:32 . Memory (MB): peak = 2651.930 ; gain = 1160.117 ; free physical = 160 ; free virtual = 10801
Finished Timing Optimization : Time (s): cpu = 00:00:30 ; elapsed = 00:00:32 . Memory (MB): peak = 2661.945 ; gain = 1170.133 ; free physical = 159 ; free virtual = 10800
Finished Technology Mapping : Time (s): cpu = 00:00:30 ; elapsed = 00:00:32 . Memory (MB): peak = 2671.961 ; gain = 1180.148 ; free physical = 160 ; free virtual = 10800
Finished IO Insertion : Time (s): cpu = 00:00:31 ; elapsed = 00:00:32 . Memory (MB): peak = 2671.961 ; gain = 1180.148 ; free physical = 160 ; free virtual = 10799
Finished Renaming Generated Instances : Time (s): cpu = 00:00:31 ; elapsed = 00:00:32 . Memory (MB): peak = 2671.961 ; gain = 1180.148 ; free physical = 160 ; free virtual = 10799
Finished Rebuilding User Hierarchy : Time (s): cpu = 00:00:31 ; elapsed = 00:00:32 . Memory (MB): peak = 2671.961 ; gain = 1180.148 ; free physical = 160 ; free virtual = 10799
Finished Renaming Generated Ports : Time (s): cpu = 00:00:31 ; elapsed = 00:00:32 . Memory (MB): peak = 2671.961 ; gain = 1180.148 ; free physical = 160 ; free virtual = 10799
Finished Handling Custom Attributes : Time (s): cpu = 00:00:31 ; elapsed = 00:00:32 . Memory (MB): peak = 2671.961 ; gain = 1180.148 ; free physical = 160 ; free virtual = 10799
Finished Renaming Generated Nets : Time (s): cpu = 00:00:31 ; elapsed = 00:00:32 . Memory (MB): peak = 2671.961 ; gain = 1180.148 ; free physical = 160 ; free virtual = 10799

Report Cell Usage: 
+------+-----+------+
|      |Cell |Count |
+------+-----+------+
|1     |LUT1 |     2|
|2     |LUT2 |     5|
|3     |LUT3 |     5|
|4     |LUT4 |     5|
|5     |LUT5 |    13|
|6     |LUT6 |     3|
|7     |FDRE |    24|
|8     |FDSE |     2|
+------+-----+------+
Finished Writing Synthesis Report : Time (s): cpu = 00:00:31 ; elapsed = 00:00:32 . Memory (MB): peak = 2671.961 ; gain = 1180.148 ; free physical = 160 ; free virtual = 10799
synth_design: Time (s): cpu = 00:00:32 ; elapsed = 00:00:34 . Memory (MB): peak = 2725.977 ; gain = 1297.672 ; free physical = 190 ; free virtual = 10800
