
*** Running vivado
    with args -log design_1_auto_ds_0.vds -m64 -product Vivado -mode batch -messageDb vivado.pb -notrace -source design_1_auto_ds_0.tcl


****** Vivado v2017.1 (64-bit)
  **** SW Build 1846317 on Fri Apr 14 18:54:47 MDT 2017
  **** IP Build 1846188 on Fri Apr 14 20:52:08 MDT 2017
    ** Copyright 1986-2017 Xilinx, Inc. All Rights Reserved.

source design_1_auto_ds_0.tcl -notrace
Starting RTL Elaboration : Time (s): cpu = 00:00:05 ; elapsed = 00:00:05 . Memory (MB): peak = 1491.812 ; gain = 0.000 ; free physical = 2505 ; free virtual = 17446
INFO: [Synth 8-638] synthesizing module 'design_1_auto_ds_0' [/home/michael/hardware_security/zcu102/root_of_trust/operational_os/vivado/zcu102_pmod/zcu102_pmod.srcs/sources_1/bd/design_1/ip/design_1_auto_ds_0/synth/design_1_auto_ds_0.v:58]
INFO: [Synth 8-638] synthesizing module 'axi_dwidth_converter_v2_1_12_top' [/home/michael/hardware_security/zcu102/root_of_trust/operational_os/vivado/zcu102_pmod/zcu102_pmod.srcs/sources_1/bd/design_1/ipshared/fef9/hdl/axi_dwidth_converter_v2_1_vlsyn_rfs.v:14450]
INFO: [Synth 8-638] synthesizing module 'axi_dwidth_converter_v2_1_12_axi_downsizer' [/home/michael/hardware_security/zcu102/root_of_trust/operational_os/vivado/zcu102_pmod/zcu102_pmod.srcs/sources_1/bd/design_1/ipshared/fef9/hdl/axi_dwidth_converter_v2_1_vlsyn_rfs.v:2380]
INFO: [Synth 8-638] synthesizing module 'axi_dwidth_converter_v2_1_12_b_downsizer' [/home/michael/hardware_security/zcu102/root_of_trust/operational_os/vivado/zcu102_pmod/zcu102_pmod.srcs/sources_1/bd/design_1/ipshared/fef9/hdl/axi_dwidth_converter_v2_1_vlsyn_rfs.v:1251]
INFO: [Synth 8-256] done synthesizing module 'axi_dwidth_converter_v2_1_12_b_downsizer' (1#1) [/home/michael/hardware_security/zcu102/root_of_trust/operational_os/vivado/zcu102_pmod/zcu102_pmod.srcs/sources_1/bd/design_1/ipshared/fef9/hdl/axi_dwidth_converter_v2_1_vlsyn_rfs.v:1251]
INFO: [Synth 8-638] synthesizing module 'axi_dwidth_converter_v2_1_12_a_downsizer' [/home/michael/hardware_security/zcu102/root_of_trust/operational_os/vivado/zcu102_pmod/zcu102_pmod.srcs/sources_1/bd/design_1/ipshared/fef9/hdl/axi_dwidth_converter_v2_1_vlsyn_rfs.v:64]
INFO: [Synth 8-638] synthesizing module 'axi_data_fifo_v2_1_11_axic_fifo' [/home/michael/hardware_security/zcu102/root_of_trust/operational_os/vivado/zcu102_pmod/zcu102_pmod.srcs/sources_1/bd/design_1/ipshared/5235/hdl/axi_data_fifo_v2_1_vl_rfs.v:64]
INFO: [Synth 8-638] synthesizing module 'axi_data_fifo_v2_1_11_fifo_gen' [/home/michael/hardware_security/zcu102/root_of_trust/operational_os/vivado/zcu102_pmod/zcu102_pmod.srcs/sources_1/bd/design_1/ipshared/5235/hdl/axi_data_fifo_v2_1_vl_rfs.v:168]
INFO: [Synth 8-256] done synthesizing module 'axi_data_fifo_v2_1_11_fifo_gen' (20#1) [/home/michael/hardware_security/zcu102/root_of_trust/operational_os/vivado/zcu102_pmod/zcu102_pmod.srcs/sources_1/bd/design_1/ipshared/5235/hdl/axi_data_fifo_v2_1_vl_rfs.v:168]
INFO: [Synth 8-256] done synthesizing module 'axi_data_fifo_v2_1_11_axic_fifo' (21#1) [/home/michael/hardware_security/zcu102/root_of_trust/operational_os/vivado/zcu102_pmod/zcu102_pmod.srcs/sources_1/bd/design_1/ipshared/5235/hdl/axi_data_fifo_v2_1_vl_rfs.v:64]
INFO: [Synth 8-638] synthesizing module 'axi_data_fifo_v2_1_11_axic_fifo__parameterized0' [/home/michael/hardware_security/zcu102/root_of_trust/operational_os/vivado/zcu102_pmod/zcu102_pmod.srcs/sources_1/bd/design_1/ipshared/5235/hdl/axi_data_fifo_v2_1_vl_rfs.v:64]
INFO: [Synth 8-638] synthesizing module 'axi_data_fifo_v2_1_11_fifo_gen__parameterized0' [/home/michael/hardware_security/zcu102/root_of_trust/operational_os/vivado/zcu102_pmod/zcu102_pmod.srcs/sources_1/bd/design_1/ipshared/5235/hdl/axi_data_fifo_v2_1_vl_rfs.v:168]
INFO: [Synth 8-256] done synthesizing module 'axi_data_fifo_v2_1_11_fifo_gen__parameterized0' (21#1) [/home/michael/hardware_security/zcu102/root_of_trust/operational_os/vivado/zcu102_pmod/zcu102_pmod.srcs/sources_1/bd/design_1/ipshared/5235/hdl/axi_data_fifo_v2_1_vl_rfs.v:168]
INFO: [Synth 8-256] done synthesizing module 'axi_data_fifo_v2_1_11_axic_fifo__parameterized0' (21#1) [/home/michael/hardware_security/zcu102/root_of_trust/operational_os/vivado/zcu102_pmod/zcu102_pmod.srcs/sources_1/bd/design_1/ipshared/5235/hdl/axi_data_fifo_v2_1_vl_rfs.v:64]
INFO: [Synth 8-256] done synthesizing module 'axi_dwidth_converter_v2_1_12_a_downsizer' (22#1) [/home/michael/hardware_security/zcu102/root_of_trust/operational_os/vivado/zcu102_pmod/zcu102_pmod.srcs/sources_1/bd/design_1/ipshared/fef9/hdl/axi_dwidth_converter_v2_1_vlsyn_rfs.v:64]
INFO: [Synth 8-638] synthesizing module 'axi_dwidth_converter_v2_1_12_w_downsizer' [/home/michael/hardware_security/zcu102/root_of_trust/operational_os/vivado/zcu102_pmod/zcu102_pmod.srcs/sources_1/bd/design_1/ipshared/fef9/hdl/axi_dwidth_converter_v2_1_vlsyn_rfs.v:2016]
INFO: [Synth 8-256] done synthesizing module 'axi_dwidth_converter_v2_1_12_w_downsizer' (23#1) [/home/michael/hardware_security/zcu102/root_of_trust/operational_os/vivado/zcu102_pmod/zcu102_pmod.srcs/sources_1/bd/design_1/ipshared/fef9/hdl/axi_dwidth_converter_v2_1_vlsyn_rfs.v:2016]
INFO: [Synth 8-638] synthesizing module 'axi_dwidth_converter_v2_1_12_a_downsizer__parameterized0' [/home/michael/hardware_security/zcu102/root_of_trust/operational_os/vivado/zcu102_pmod/zcu102_pmod.srcs/sources_1/bd/design_1/ipshared/fef9/hdl/axi_dwidth_converter_v2_1_vlsyn_rfs.v:64]
INFO: [Synth 8-256] done synthesizing module 'axi_dwidth_converter_v2_1_12_a_downsizer__parameterized0' (23#1) [/home/michael/hardware_security/zcu102/root_of_trust/operational_os/vivado/zcu102_pmod/zcu102_pmod.srcs/sources_1/bd/design_1/ipshared/fef9/hdl/axi_dwidth_converter_v2_1_vlsyn_rfs.v:64]
INFO: [Synth 8-638] synthesizing module 'axi_dwidth_converter_v2_1_12_r_downsizer' [/home/michael/hardware_security/zcu102/root_of_trust/operational_os/vivado/zcu102_pmod/zcu102_pmod.srcs/sources_1/bd/design_1/ipshared/fef9/hdl/axi_dwidth_converter_v2_1_vlsyn_rfs.v:1533]
INFO: [Synth 8-256] done synthesizing module 'axi_dwidth_converter_v2_1_12_r_downsizer' (24#1) [/home/michael/hardware_security/zcu102/root_of_trust/operational_os/vivado/zcu102_pmod/zcu102_pmod.srcs/sources_1/bd/design_1/ipshared/fef9/hdl/axi_dwidth_converter_v2_1_vlsyn_rfs.v:1533]
INFO: [Synth 8-256] done synthesizing module 'axi_dwidth_converter_v2_1_12_axi_downsizer' (25#1) [/home/michael/hardware_security/zcu102/root_of_trust/operational_os/vivado/zcu102_pmod/zcu102_pmod.srcs/sources_1/bd/design_1/ipshared/fef9/hdl/axi_dwidth_converter_v2_1_vlsyn_rfs.v:2380]
INFO: [Synth 8-256] done synthesizing module 'axi_dwidth_converter_v2_1_12_top' (26#1) [/home/michael/hardware_security/zcu102/root_of_trust/operational_os/vivado/zcu102_pmod/zcu102_pmod.srcs/sources_1/bd/design_1/ipshared/fef9/hdl/axi_dwidth_converter_v2_1_vlsyn_rfs.v:14450]
INFO: [Synth 8-256] done synthesizing module 'design_1_auto_ds_0' (27#1) [/home/michael/hardware_security/zcu102/root_of_trust/operational_os/vivado/zcu102_pmod/zcu102_pmod.srcs/sources_1/bd/design_1/ip/design_1_auto_ds_0/synth/design_1_auto_ds_0.v:58]
Finished RTL Elaboration : Time (s): cpu = 00:01:07 ; elapsed = 00:01:07 . Memory (MB): peak = 1491.812 ; gain = 0.000 ; free physical = 2460 ; free virtual = 16424
Finished RTL Optimization Phase 1 : Time (s): cpu = 00:01:07 ; elapsed = 00:01:08 . Memory (MB): peak = 1491.812 ; gain = 0.000 ; free physical = 2449 ; free virtual = 16413
INFO: [Device 21-403] Loading part xczu9eg-ffvb1156-2-i
Constraint Validation Runtime : Time (s): cpu = 00:00:00.13 ; elapsed = 00:00:00.07 . Memory (MB): peak = 2076.023 ; gain = 2.000 ; free physical = 3613 ; free virtual = 17579
Finished Constraint Validation : Time (s): cpu = 00:01:20 ; elapsed = 00:01:21 . Memory (MB): peak = 2076.023 ; gain = 584.211 ; free physical = 3415 ; free virtual = 17382
Finished Loading Part and Timing Information : Time (s): cpu = 00:01:20 ; elapsed = 00:01:21 . Memory (MB): peak = 2076.023 ; gain = 584.211 ; free physical = 3415 ; free virtual = 17382
Finished applying 'set_property' XDC Constraints : Time (s): cpu = 00:01:20 ; elapsed = 00:01:21 . Memory (MB): peak = 2076.023 ; gain = 584.211 ; free physical = 3414 ; free virtual = 17381
Finished RTL Optimization Phase 2 : Time (s): cpu = 00:01:21 ; elapsed = 00:01:22 . Memory (MB): peak = 2076.023 ; gain = 584.211 ; free physical = 3226 ; free virtual = 17193
Finished Cross Boundary and Area Optimization : Time (s): cpu = 00:01:25 ; elapsed = 00:01:27 . Memory (MB): peak = 2076.023 ; gain = 584.211 ; free physical = 3072 ; free virtual = 17037
---------------------------------------------------------------------------------
Start ROM, RAM, DSP and Shift Register Reporting
---------------------------------------------------------------------------------

Distributed RAM: Preliminary Mapping  Report (see note below)
+------------------------------------------------------------------------------------------------------------------------------------+-------------------------------------------------------------------------------+----------------+----------------------+------------+
|Module Name                                                                                                                         | RTL Object                                                                    | Inference      | Size (Depth x Width) | Primitives | 
+------------------------------------------------------------------------------------------------------------------------------------+-------------------------------------------------------------------------------+----------------+----------------------+------------+
|inst/\gen_downsizer.gen_simple_downsizer.axi_downsizer_inst/USE_WRITE.write_addr_inst/USE_B_CHANNEL.cmd_b_queue/inst/fifo_gen_inst  | inst_fifo_gen/gconvfifo.rf/grf.rf/gntv_or_sync_fifo.mem/gdm.dm_gen.dm/RAM_reg | User Attribute | 32 x 9               |            | 
|inst/\gen_downsizer.gen_simple_downsizer.axi_downsizer_inst/USE_WRITE.write_addr_inst/cmd_queue/inst/fifo_gen_inst                  | inst_fifo_gen/gconvfifo.rf/grf.rf/gntv_or_sync_fifo.mem/gdm.dm_gen.dm/RAM_reg | User Attribute | 32 x 29              |            | 
|inst/\gen_downsizer.gen_simple_downsizer.axi_downsizer_inst/USE_READ.read_addr_inst/cmd_queue/inst/fifo_gen_inst                    | inst_fifo_gen/gconvfifo.rf/grf.rf/gntv_or_sync_fifo.mem/gdm.dm_gen.dm/RAM_reg | User Attribute | 32 x 29              |            | 
+------------------------------------------------------------------------------------------------------------------------------------+-------------------------------------------------------------------------------+----------------+----------------------+------------+

Note: The table above is a preliminary report that shows the Distributed RAMs at the current stage of the synthesis flow. Some Distributed RAMs may be reimplemented as non Distributed RAM primitives later in the synthesis flow. Multiple instantiated RAMs are reported only once.
---------------------------------------------------------------------------------
Finished ROM, RAM, DSP and Shift Register Reporting
---------------------------------------------------------------------------------
Finished Applying XDC Timing Constraints : Time (s): cpu = 00:01:36 ; elapsed = 00:01:39 . Memory (MB): peak = 2676.961 ; gain = 1185.148 ; free physical = 1742 ; free virtual = 15709
Finished Timing Optimization : Time (s): cpu = 00:01:40 ; elapsed = 00:01:42 . Memory (MB): peak = 2741.945 ; gain = 1250.133 ; free physical = 1504 ; free virtual = 15474
Finished Technology Mapping : Time (s): cpu = 00:01:41 ; elapsed = 00:01:43 . Memory (MB): peak = 2749.953 ; gain = 1258.141 ; free physical = 1499 ; free virtual = 15470
Finished IO Insertion : Time (s): cpu = 00:01:41 ; elapsed = 00:01:44 . Memory (MB): peak = 2749.953 ; gain = 1258.141 ; free physical = 1501 ; free virtual = 15471
Finished Renaming Generated Instances : Time (s): cpu = 00:01:41 ; elapsed = 00:01:44 . Memory (MB): peak = 2749.953 ; gain = 1258.141 ; free physical = 1501 ; free virtual = 15471
Finished Rebuilding User Hierarchy : Time (s): cpu = 00:01:42 ; elapsed = 00:01:44 . Memory (MB): peak = 2749.953 ; gain = 1258.141 ; free physical = 1501 ; free virtual = 15471
Finished Renaming Generated Ports : Time (s): cpu = 00:01:42 ; elapsed = 00:01:44 . Memory (MB): peak = 2749.953 ; gain = 1258.141 ; free physical = 1501 ; free virtual = 15471
Finished Handling Custom Attributes : Time (s): cpu = 00:01:42 ; elapsed = 00:01:44 . Memory (MB): peak = 2749.953 ; gain = 1258.141 ; free physical = 1501 ; free virtual = 15471
Finished Renaming Generated Nets : Time (s): cpu = 00:01:42 ; elapsed = 00:01:44 . Memory (MB): peak = 2749.953 ; gain = 1258.141 ; free physical = 1501 ; free virtual = 15471

Report Cell Usage: 
+------+---------+------+
|      |Cell     |Count |
+------+---------+------+
|1     |CARRY8   |     8|
|2     |LUT1     |    21|
|3     |LUT2     |   109|
|4     |LUT3     |    85|
|5     |LUT4     |   107|
|6     |LUT5     |   230|
|7     |LUT6     |   432|
|8     |RAM32M16 |     7|
|9     |FDCE     |    69|
|10    |FDPE     |    63|
|11    |FDRE     |   829|
|12    |FDSE     |     5|
+------+---------+------+
Finished Writing Synthesis Report : Time (s): cpu = 00:01:42 ; elapsed = 00:01:44 . Memory (MB): peak = 2749.953 ; gain = 1258.141 ; free physical = 1501 ; free virtual = 15471
synth_design: Time (s): cpu = 00:01:43 ; elapsed = 00:01:46 . Memory (MB): peak = 2781.969 ; gain = 1353.664 ; free physical = 418 ; free virtual = 14388
