Copyright 1986-2017 Xilinx, Inc. All Rights Reserved.
-------------------------------------------------------------------------------------------------------------------------------
| Tool Version : Vivado v.2017.1 (lin64) Build 1846317 Fri Apr 14 18:54:47 MDT 2017
| Date         : Thu May  4 14:59:05 2017
| Host         : SchoolComputer running 64-bit Ubuntu 16.10
| Command      : report_utilization -file design_1_axi_smc_0_utilization_synth.rpt -pb design_1_axi_smc_0_utilization_synth.pb
| Design       : design_1_axi_smc_0
| Device       : xczu9egffvb1156-2
| Design State : Synthesized
-------------------------------------------------------------------------------------------------------------------------------

Utilization Design Information

Table of Contents
-----------------
1. CLB Logic
1.1 Summary of Registers by Type
2. BLOCKRAM
3. ARITHMETIC
4. I/O
5. CLOCK
6. ADVANCED
7. CONFIGURATION
8. Primitives
9. Black Boxes
10. Instantiated Netlists

1. CLB Logic
------------

+----------------------------+-------+-------+-----------+-------+
|          Site Type         |  Used | Fixed | Available | Util% |
+----------------------------+-------+-------+-----------+-------+
| CLB LUTs*                  | 11225 |     0 |    274080 |  4.10 |
|   LUT as Logic             |  8299 |     0 |    274080 |  3.03 |
|   LUT as Memory            |  2926 |     0 |    144000 |  2.03 |
|     LUT as Distributed RAM |  1862 |     0 |           |       |
|     LUT as Shift Register  |  1064 |     0 |           |       |
| CLB Registers              | 10295 |     0 |    548160 |  1.88 |
|   Register as Flip Flop    | 10295 |     0 |    548160 |  1.88 |
|   Register as Latch        |     0 |     0 |    548160 |  0.00 |
| CARRY8                     |     8 |     0 |     34260 |  0.02 |
| F7 Muxes                   |     2 |     0 |    137040 | <0.01 |
| F8 Muxes                   |     0 |     0 |     68520 |  0.00 |
| F9 Muxes                   |     0 |     0 |     34260 |  0.00 |
+----------------------------+-------+-------+-----------+-------+
* Warning! The Final LUT count, after physical optimizations and full implementation, is typically lower. Run opt_design after synthesis, if not already completed, for a more realistic count.


1.1 Summary of Registers by Type
--------------------------------

+-------+--------------+-------------+--------------+
| Total | Clock Enable | Synchronous | Asynchronous |
+-------+--------------+-------------+--------------+
| 0     |            _ |           - |            - |
| 0     |            _ |           - |          Set |
| 0     |            _ |           - |        Reset |
| 0     |            _ |         Set |            - |
| 0     |            _ |       Reset |            - |
| 0     |          Yes |           - |            - |
| 0     |          Yes |           - |          Set |
| 0     |          Yes |           - |        Reset |
| 341   |          Yes |         Set |            - |
| 9954  |          Yes |       Reset |            - |
+-------+--------------+-------------+--------------+


2. BLOCKRAM
-----------

+----------------+------+-------+-----------+-------+
|    Site Type   | Used | Fixed | Available | Util% |
+----------------+------+-------+-----------+-------+
| Block RAM Tile |    0 |     0 |       912 |  0.00 |
|   RAMB36/FIFO* |    0 |     0 |       912 |  0.00 |
|   RAMB18       |    0 |     0 |      1824 |  0.00 |
+----------------+------+-------+-----------+-------+
* Note: Each Block RAM Tile only has one FIFO logic available and therefore can accommodate only one FIFO36E2 or one FIFO18E2. However, if a FIFO18E2 occupies a Block RAM Tile, that tile can still accommodate a RAMB18E2


3. ARITHMETIC
-------------

+-----------+------+-------+-----------+-------+
| Site Type | Used | Fixed | Available | Util% |
+-----------+------+-------+-----------+-------+
| DSPs      |    0 |     0 |      2520 |  0.00 |
+-----------+------+-------+-----------+-------+


4. I/O
------

+------------+------+-------+-----------+-------+
|  Site Type | Used | Fixed | Available | Util% |
+------------+------+-------+-----------+-------+
| Bonded IOB |    0 |     0 |       328 |  0.00 |
+------------+------+-------+-----------+-------+


5. CLOCK
--------

+----------------------+------+-------+-----------+-------+
|       Site Type      | Used | Fixed | Available | Util% |
+----------------------+------+-------+-----------+-------+
| GLOBAL CLOCK BUFFERs |    0 |     0 |       404 |  0.00 |
|   BUFGCE             |    0 |     0 |       116 |  0.00 |
|   BUFGCE_DIV         |    0 |     0 |        16 |  0.00 |
|   BUFG_GT            |    0 |     0 |       168 |  0.00 |
|   BUFG_PS            |    0 |     0 |        72 |  0.00 |
|   BUFGCTRL*          |    0 |     0 |        32 |  0.00 |
| PLL                  |    0 |     0 |         8 |  0.00 |
| MMCM                 |    0 |     0 |         4 |  0.00 |
+----------------------+------+-------+-----------+-------+
* Note: Each used BUFGCTRL counts as two global buffer resources. This table does not include global clocking resources, only buffer cell usage. See the Clock Utilization Report (report_clock_utilization) for detailed accounting of global clocking resource availability.


6. ADVANCED
-----------

+-----------------+------+-------+-----------+-------+
|    Site Type    | Used | Fixed | Available | Util% |
+-----------------+------+-------+-----------+-------+
| GTHE4_CHANNEL   |    0 |     0 |        24 |  0.00 |
| GTHE4_COMMON    |    0 |     0 |         6 |  0.00 |
| OBUFDS_GTE4     |    0 |     0 |        12 |  0.00 |
| OBUFDS_GTE4_ADV |    0 |     0 |        12 |  0.00 |
| PS8             |    0 |     0 |         1 |  0.00 |
| SYSMONE4        |    0 |     0 |         1 |  0.00 |
+-----------------+------+-------+-----------+-------+


7. CONFIGURATION
----------------

+-------------+------+-------+-----------+-------+
|  Site Type  | Used | Fixed | Available | Util% |
+-------------+------+-------+-----------+-------+
| BSCANE2     |    0 |     0 |         4 |  0.00 |
| DNA_PORTE2  |    0 |     0 |         1 |  0.00 |
| EFUSE_USR   |    0 |     0 |         1 |  0.00 |
| FRAME_ECCE4 |    0 |     0 |         1 |  0.00 |
| ICAPE3      |    0 |     0 |         2 |  0.00 |
| MASTER_JTAG |    0 |     0 |         1 |  0.00 |
| STARTUPE3   |    0 |     0 |         1 |  0.00 |
+-------------+------+-------+-----------+-------+


8. Primitives
-------------

+----------+------+---------------------+
| Ref Name | Used | Functional Category |
+----------+------+---------------------+
| FDRE     | 9954 |            Register |
| RAMD32   | 3242 |                 CLB |
| LUT6     | 2789 |                 CLB |
| LUT4     | 2496 |                 CLB |
| LUT2     | 2123 |                 CLB |
| LUT5     | 1624 |                 CLB |
| SRLC32E  | 1027 |                 CLB |
| LUT3     |  946 |                 CLB |
| RAMS32   |  460 |                 CLB |
| FDSE     |  341 |            Register |
| LUT1     |  268 |                 CLB |
| SRL16E   |   37 |                 CLB |
| CARRY8   |    8 |                 CLB |
| MUXF7    |    2 |                 CLB |
+----------+------+---------------------+


9. Black Boxes
--------------

+----------+------+
| Ref Name | Used |
+----------+------+


10. Instantiated Netlists
-------------------------

+----------+------+
| Ref Name | Used |
+----------+------+


