
*** Running vivado
    with args -log design_1_v_hdmi_tx_ss_0_0.vds -m64 -product Vivado -mode batch -messageDb vivado.pb -notrace -source design_1_v_hdmi_tx_ss_0_0.tcl

awk: symbol lookup error: awk: undefined symbol: mpfr_z_sub

****** Vivado v2016.4 (64-bit)
  **** SW Build 1733598 on Wed Dec 14 22:35:42 MST 2016
  **** IP Build 1731160 on Wed Dec 14 23:47:21 MST 2016
    ** Copyright 1986-2016 Xilinx, Inc. All Rights Reserved.

source design_1_v_hdmi_tx_ss_0_0.tcl -notrace
awk: symbol lookup error: awk: undefined symbol: mpfr_z_sub
Starting RTL Elaboration : Time (s): cpu = 00:00:14 ; elapsed = 00:00:17 . Memory (MB): peak = 1539.625 ; gain = 609.152 ; free physical = 3209 ; free virtual = 14571
INFO: [Synth 8-638] synthesizing module 'design_1_v_hdmi_tx_ss_0_0' [/home/michael/xilinx_workspace/zcu_hdmi/zcu_hdmi.srcs/sources_1/bd/design_1/ip/design_1_v_hdmi_tx_ss_0_0_1/synth/design_1_v_hdmi_tx_ss_0_0.v:58]
INFO: [Synth 8-638] synthesizing module 'bd_8000' [/home/michael/xilinx_workspace/zcu_hdmi/zcu_hdmi.srcs/sources_1/bd/design_1/ip/design_1_v_hdmi_tx_ss_0_0_1/bd_0/hdl/bd_8000.v:13]
INFO: [Synth 8-638] synthesizing module 'bd_8000_axi_crossbar_0' [/home/michael/xilinx_workspace/zcu_hdmi/zcu_hdmi.runs/design_1_v_hdmi_tx_ss_0_0_synth_1/.Xil/Vivado-4323-SchoolComputer/realtime/bd_8000_axi_crossbar_0_stub.v:6]
INFO: [Synth 8-256] done synthesizing module 'bd_8000_axi_crossbar_0' (1#1) [/home/michael/xilinx_workspace/zcu_hdmi/zcu_hdmi.runs/design_1_v_hdmi_tx_ss_0_0_synth_1/.Xil/Vivado-4323-SchoolComputer/realtime/bd_8000_axi_crossbar_0_stub.v:6]
INFO: [Synth 8-638] synthesizing module 'bd_8000_util_vector_logic_0_0' [/home/michael/xilinx_workspace/zcu_hdmi/zcu_hdmi.runs/design_1_v_hdmi_tx_ss_0_0_synth_1/.Xil/Vivado-4323-SchoolComputer/realtime/bd_8000_util_vector_logic_0_0_stub.v:6]
INFO: [Synth 8-256] done synthesizing module 'bd_8000_util_vector_logic_0_0' (2#1) [/home/michael/xilinx_workspace/zcu_hdmi/zcu_hdmi.runs/design_1_v_hdmi_tx_ss_0_0_synth_1/.Xil/Vivado-4323-SchoolComputer/realtime/bd_8000_util_vector_logic_0_0_stub.v:6]
INFO: [Synth 8-638] synthesizing module 'bd_8000_v_axi4s_vid_out_0' [/home/michael/xilinx_workspace/zcu_hdmi/zcu_hdmi.runs/design_1_v_hdmi_tx_ss_0_0_synth_1/.Xil/Vivado-4323-SchoolComputer/realtime/bd_8000_v_axi4s_vid_out_0_stub.v:6]
INFO: [Synth 8-256] done synthesizing module 'bd_8000_v_axi4s_vid_out_0' (3#1) [/home/michael/xilinx_workspace/zcu_hdmi/zcu_hdmi.runs/design_1_v_hdmi_tx_ss_0_0_synth_1/.Xil/Vivado-4323-SchoolComputer/realtime/bd_8000_v_axi4s_vid_out_0_stub.v:6]
INFO: [Synth 8-638] synthesizing module 'bd_8000_v_hdmi_tx_0' [/home/michael/xilinx_workspace/zcu_hdmi/zcu_hdmi.runs/design_1_v_hdmi_tx_ss_0_0_synth_1/.Xil/Vivado-4323-SchoolComputer/realtime/bd_8000_v_hdmi_tx_0_stub.v:6]
INFO: [Synth 8-256] done synthesizing module 'bd_8000_v_hdmi_tx_0' (4#1) [/home/michael/xilinx_workspace/zcu_hdmi/zcu_hdmi.runs/design_1_v_hdmi_tx_ss_0_0_synth_1/.Xil/Vivado-4323-SchoolComputer/realtime/bd_8000_v_hdmi_tx_0_stub.v:6]
INFO: [Synth 8-638] synthesizing module 'bd_8000_v_tc_0' [/home/michael/xilinx_workspace/zcu_hdmi/zcu_hdmi.runs/design_1_v_hdmi_tx_ss_0_0_synth_1/.Xil/Vivado-4323-SchoolComputer/realtime/bd_8000_v_tc_0_stub.v:6]
INFO: [Synth 8-256] done synthesizing module 'bd_8000_v_tc_0' (5#1) [/home/michael/xilinx_workspace/zcu_hdmi/zcu_hdmi.runs/design_1_v_hdmi_tx_ss_0_0_synth_1/.Xil/Vivado-4323-SchoolComputer/realtime/bd_8000_v_tc_0_stub.v:6]
INFO: [Synth 8-256] done synthesizing module 'bd_8000' (6#1) [/home/michael/xilinx_workspace/zcu_hdmi/zcu_hdmi.srcs/sources_1/bd/design_1/ip/design_1_v_hdmi_tx_ss_0_0_1/bd_0/hdl/bd_8000.v:13]
INFO: [Synth 8-256] done synthesizing module 'design_1_v_hdmi_tx_ss_0_0' (7#1) [/home/michael/xilinx_workspace/zcu_hdmi/zcu_hdmi.srcs/sources_1/bd/design_1/ip/design_1_v_hdmi_tx_ss_0_0_1/synth/design_1_v_hdmi_tx_ss_0_0.v:58]
Finished RTL Elaboration : Time (s): cpu = 00:00:17 ; elapsed = 00:00:21 . Memory (MB): peak = 1665.094 ; gain = 734.621 ; free physical = 3081 ; free virtual = 14443
Finished RTL Optimization Phase 1 : Time (s): cpu = 00:00:17 ; elapsed = 00:00:21 . Memory (MB): peak = 1665.094 ; gain = 734.621 ; free physical = 3081 ; free virtual = 14443
INFO: [Device 21-403] Loading part xczu9eg-ffvb1156-2-i-es2
Constraint Validation Runtime : Time (s): cpu = 00:00:00.03 ; elapsed = 00:00:00.03 . Memory (MB): peak = 2188.188 ; gain = 1.000 ; free physical = 2655 ; free virtual = 14017
Finished Constraint Validation : Time (s): cpu = 00:00:27 ; elapsed = 00:00:31 . Memory (MB): peak = 2188.188 ; gain = 1257.715 ; free physical = 2654 ; free virtual = 14017
Finished Loading Part and Timing Information : Time (s): cpu = 00:00:27 ; elapsed = 00:00:31 . Memory (MB): peak = 2188.188 ; gain = 1257.715 ; free physical = 2654 ; free virtual = 14017
Finished applying 'set_property' XDC Constraints : Time (s): cpu = 00:00:27 ; elapsed = 00:00:31 . Memory (MB): peak = 2188.188 ; gain = 1257.715 ; free physical = 2654 ; free virtual = 14017
Finished RTL Optimization Phase 2 : Time (s): cpu = 00:00:27 ; elapsed = 00:00:31 . Memory (MB): peak = 2188.188 ; gain = 1257.715 ; free physical = 2654 ; free virtual = 14017
Finished Cross Boundary and Area Optimization : Time (s): cpu = 00:00:28 ; elapsed = 00:00:31 . Memory (MB): peak = 2188.188 ; gain = 1257.715 ; free physical = 2639 ; free virtual = 14001
Finished Applying XDC Timing Constraints : Time (s): cpu = 00:00:39 ; elapsed = 00:00:43 . Memory (MB): peak = 2840.789 ; gain = 1910.316 ; free physical = 1861 ; free virtual = 13310
Finished Timing Optimization : Time (s): cpu = 00:00:39 ; elapsed = 00:00:43 . Memory (MB): peak = 2841.789 ; gain = 1911.316 ; free physical = 1861 ; free virtual = 13310
Finished Technology Mapping : Time (s): cpu = 00:00:39 ; elapsed = 00:00:43 . Memory (MB): peak = 2851.805 ; gain = 1921.332 ; free physical = 1852 ; free virtual = 13300
Finished IO Insertion : Time (s): cpu = 00:00:39 ; elapsed = 00:00:43 . Memory (MB): peak = 2851.805 ; gain = 1921.332 ; free physical = 1865 ; free virtual = 13300
Finished Renaming Generated Instances : Time (s): cpu = 00:00:39 ; elapsed = 00:00:43 . Memory (MB): peak = 2851.805 ; gain = 1921.332 ; free physical = 1865 ; free virtual = 13300
Finished Rebuilding User Hierarchy : Time (s): cpu = 00:00:39 ; elapsed = 00:00:43 . Memory (MB): peak = 2851.805 ; gain = 1921.332 ; free physical = 1865 ; free virtual = 13300
Finished Renaming Generated Ports : Time (s): cpu = 00:00:39 ; elapsed = 00:00:43 . Memory (MB): peak = 2851.805 ; gain = 1921.332 ; free physical = 1865 ; free virtual = 13300
Finished Handling Custom Attributes : Time (s): cpu = 00:00:39 ; elapsed = 00:00:43 . Memory (MB): peak = 2851.805 ; gain = 1921.332 ; free physical = 1865 ; free virtual = 13300
Finished Renaming Generated Nets : Time (s): cpu = 00:00:39 ; elapsed = 00:00:43 . Memory (MB): peak = 2851.805 ; gain = 1921.332 ; free physical = 1865 ; free virtual = 13300

Report Cell Usage: 
+------+------------------------------+------+
|      |Cell                          |Count |
+------+------------------------------+------+
|1     |bd_8000_axi_crossbar_0        |     1|
|2     |bd_8000_util_vector_logic_0_0 |     1|
|3     |bd_8000_v_axi4s_vid_out_0     |     1|
|4     |bd_8000_v_hdmi_tx_0           |     1|
|5     |bd_8000_v_tc_0                |     1|
+------+------------------------------+------+
Finished Writing Synthesis Report : Time (s): cpu = 00:00:39 ; elapsed = 00:00:43 . Memory (MB): peak = 2851.805 ; gain = 1921.332 ; free physical = 1865 ; free virtual = 13300
synth_design: Time (s): cpu = 00:00:31 ; elapsed = 00:00:33 . Memory (MB): peak = 2901.438 ; gain = 1450.809 ; free physical = 1875 ; free virtual = 13263
