INFO: [SIM 2] *************** CSIM start ***************
INFO: [SIM 4] CSIM will launch GCC as the compiler.
   Compiling(apcc) ../../../src/donna_tb.c in debug mode
INFO: [HLS 200-10] Running '/Xilinx/Vivado_HLS/2017.1/bin/unwrapped/lnx64.o/apcc'
INFO: [HLS 200-10] For user 'michael' on host 'Alienware' (Linux_x86_64 version 4.10.0-21-generic) on Wed May 31 17:55:21 MDT 2017
INFO: [HLS 200-10] On os Ubuntu 17.04
INFO: [HLS 200-10] In directory '/home/michael/hardware_security/zcu102/root_of_trust/operational_os/hls/curve25519/solution1/csim/build'
../../../src/donna_tb.c:34:2: warning: implicitly declaring library function 'printf' with type 'int (const char *, ...)'
        printf("Reference results:\n");
        ^
../../../src/donna_tb.c:34:2: note: please include the header <stdio.h> or explicitly provide a declaration for 'printf'
1 warning generated.
../../../src/donna_tb.c:34:2: warning: implicitly declaring library function 'printf' with type 'int (const char *, ...)'
        printf("Reference results:\n");
        ^
../../../src/donna_tb.c:34:2: note: please include the header <stdio.h> or explicitly provide a declaration for 'printf'
1 warning generated.
INFO: [APCC 202-3] Tmp directory is /tmp/apcc_db_michael/191571496274921633829
INFO: [APCC 202-1] APCC is done.
   Compiling(apcc) ../../../src/curve25519-donna.c in debug mode
INFO: [HLS 200-10] Running '/Xilinx/Vivado_HLS/2017.1/bin/unwrapped/lnx64.o/apcc'
INFO: [HLS 200-10] For user 'michael' on host 'Alienware' (Linux_x86_64 version 4.10.0-21-generic) on Wed May 31 17:55:23 MDT 2017
INFO: [HLS 200-10] On os Ubuntu 17.04
INFO: [HLS 200-10] In directory '/home/michael/hardware_security/zcu102/root_of_trust/operational_os/hls/curve25519/solution1/csim/build'
../../../src/curve25519-donna.c:804:25: warning: passing 'const limb *' (aka 'const long *') to parameter of type 'limb *' (aka 'long *') discards qualifiers [-Wincompatible-pointer-types]
  _memcpy((limb*)nqpqx, q, 10);
                        ^
../../../src/curve25519-donna.c:59:31: note: passing argument to parameter 'src' here
void _memcpy(limb* dst, limb* src, unsigned int len){
                              ^
../../../src/curve25519-donna.c:970:11: warning: incompatible pointer types passing 'unsigned char [32]' to parameter of type 'limb *' (aka 'long *') [-Wincompatible-pointer-types]
  _memcpy(mypublic, mypublic_in, 32);
          ^~~~~~~~
../../../src/curve25519-donna.c:59:20: note: passing argument to parameter 'dst' here
void _memcpy(limb* dst, limb* src, unsigned int len){
                   ^
../../../src/curve25519-donna.c:970:21: warning: incompatible pointer types passing 'u8 *' (aka 'unsigned char *') to parameter of type 'limb *' (aka 'long *') [-Wincompatible-pointer-types]
  _memcpy(mypublic, mypublic_in, 32);
                    ^~~~~~~~~~~
../../../src/curve25519-donna.c:59:31: note: passing argument to parameter 'src' here
void _memcpy(limb* dst, limb* src, unsigned int len){
                              ^
../../../src/curve25519-donna.c:971:11: warning: incompatible pointer types passing 'unsigned char [32]' to parameter of type 'limb *' (aka 'long *') [-Wincompatible-pointer-types]
  _memcpy(secret, secret_in, 32);
          ^~~~~~
../../../src/curve25519-donna.c:59:20: note: passing argument to parameter 'dst' here
void _memcpy(limb* dst, limb* src, unsigned int len){
                   ^
../../../src/curve25519-donna.c:971:19: warning: incompatible pointer types passing 'const u8 *' (aka 'const unsigned char *') to parameter of type 'limb *' (aka 'long *') [-Wincompatible-pointer-types]
  _memcpy(secret, secret_in, 32);
                  ^~~~~~~~~
../../../src/curve25519-donna.c:59:31: note: passing argument to parameter 'src' here
void _memcpy(limb* dst, limb* src, unsigned int len){
                              ^
../../../src/curve25519-donna.c:972:11: warning: incompatible pointer types passing 'unsigned char [32]' to parameter of type 'limb *' (aka 'long *') [-Wincompatible-pointer-types]
  _memcpy(basepoint, basepoint_in, 32);
          ^~~~~~~~~
../../../src/curve25519-donna.c:59:20: note: passing argument to parameter 'dst' here
void _memcpy(limb* dst, limb* src, unsigned int len){
                   ^
../../../src/curve25519-donna.c:972:22: warning: incompatible pointer types passing 'const u8 *' (aka 'const unsigned char *') to parameter of type 'limb *' (aka 'long *') [-Wincompatible-pointer-types]
  _memcpy(basepoint, basepoint_in, 32);
                     ^~~~~~~~~~~~
../../../src/curve25519-donna.c:59:31: note: passing argument to parameter 'src' here
void _memcpy(limb* dst, limb* src, unsigned int len){
                              ^
7 warnings generated.
../../../src/curve25519-donna.c:804:25: warning: passing 'const limb *' (aka 'const long *') to parameter of type 'limb *' (aka 'long *') discards qualifiers [-Wincompatible-pointer-types]
  _memcpy((limb*)nqpqx, q, 10);
                        ^
../../../src/curve25519-donna.c:59:31: note: passing argument to parameter 'src' here
void _memcpy(limb* dst, limb* src, unsigned int len){
                              ^
../../../src/curve25519-donna.c:970:11: warning: incompatible pointer types passing 'unsigned char [32]' to parameter of type 'limb *' (aka 'long *') [-Wincompatible-pointer-types]
  _memcpy(mypublic, mypublic_in, 32);
          ^~~~~~~~
../../../src/curve25519-donna.c:59:20: note: passing argument to parameter 'dst' here
void _memcpy(limb* dst, limb* src, unsigned int len){
                   ^
../../../src/curve25519-donna.c:970:21: warning: incompatible pointer types passing 'u8 *' (aka 'unsigned char *') to parameter of type 'limb *' (aka 'long *') [-Wincompatible-pointer-types]
  _memcpy(mypublic, mypublic_in, 32);
                    ^~~~~~~~~~~
../../../src/curve25519-donna.c:59:31: note: passing argument to parameter 'src' here
void _memcpy(limb* dst, limb* src, unsigned int len){
                              ^
../../../src/curve25519-donna.c:971:11: warning: incompatible pointer types passing 'unsigned char [32]' to parameter of type 'limb *' (aka 'long *') [-Wincompatible-pointer-types]
  _memcpy(secret, secret_in, 32);
          ^~~~~~
../../../src/curve25519-donna.c:59:20: note: passing argument to parameter 'dst' here
void _memcpy(limb* dst, limb* src, unsigned int len){
                   ^
../../../src/curve25519-donna.c:971:19: warning: incompatible pointer types passing 'const u8 *' (aka 'const unsigned char *') to parameter of type 'limb *' (aka 'long *') [-Wincompatible-pointer-types]
  _memcpy(secret, secret_in, 32);
                  ^~~~~~~~~
../../../src/curve25519-donna.c:59:31: note: passing argument to parameter 'src' here
void _memcpy(limb* dst, limb* src, unsigned int len){
                              ^
../../../src/curve25519-donna.c:972:11: warning: incompatible pointer types passing 'unsigned char [32]' to parameter of type 'limb *' (aka 'long *') [-Wincompatible-pointer-types]
  _memcpy(basepoint, basepoint_in, 32);
          ^~~~~~~~~
../../../src/curve25519-donna.c:59:20: note: passing argument to parameter 'dst' here
void _memcpy(limb* dst, limb* src, unsigned int len){
                   ^
../../../src/curve25519-donna.c:972:22: warning: incompatible pointer types passing 'const u8 *' (aka 'const unsigned char *') to parameter of type 'limb *' (aka 'long *') [-Wincompatible-pointer-types]
  _memcpy(basepoint, basepoint_in, 32);
                     ^~~~~~~~~~~~
../../../src/curve25519-donna.c:59:31: note: passing argument to parameter 'src' here
void _memcpy(limb* dst, limb* src, unsigned int len){
                              ^
7 warnings generated.
INFO: [APCC 202-3] Tmp directory is /tmp/apcc_db_michael/192121496274923840472
INFO: [APCC 202-1] APCC is done.
   Generating csim.exe
Testing ref:
Reference results:
e: 0x0300000000000000000000000000000000000000000000000000000000000000
k: 0x0900000000000000000000000000000000000000000000000000000000000000
ek: 0x2fe57da347cd62431528daac5fbb290730fff684afc4cfc2ed90995f58cb3b74

Reference results:
e: 0x0500000000000000000000000000000000000000000000000000000000000000
k: 0x2fe57da347cd62431528daac5fbb290730fff684afc4cfc2ed90995f58cb3b74
ek: 0x93fea2a7c1aeb62cfd6452ff5badae8bdffcbd7196dc910c89944006d85dbb68

Reference results:
e: 0x0500000000000000000000000000000000000000000000000000000000000000
k: 0x0900000000000000000000000000000000000000000000000000000000000000
ek: 0x2fe57da347cd62431528daac5fbb290730fff684afc4cfc2ed90995f58cb3b74

Reference results:
e: 0x0300000000000000000000000000000000000000000000000000000000000000
k: 0x2fe57da347cd62431528daac5fbb290730fff684afc4cfc2ed90995f58cb3b74
ek: 0x93fea2a7c1aeb62cfd6452ff5badae8bdffcbd7196dc910c89944006d85dbb68


Testing hls:
HLS results:
e: 0x0500000000000000000000000000000000000000000000000000000000000000
k: 0x0900000000000000000000000000000000000000000000000000000000000000
ek: 0x2fe57da347cd62431528daac5fbb290730fff684afc4cfc2ed90995f58cb3b74

HLS results:
e: 0x0000000000000000000000000000000000000000000000000000000000000000
k: 0x2fe57da347cd62431528daac5fbb290730fff684afc4cfc2ed90995f58cb3b74
ek: 0x93fea2a7c1aeb62cfd6452ff5badae8bdffcbd7196dc910c89944006d85dbb68

HLS results:
e: 0x0500000000000000000000000000000000000000000000000000000000000000
k: 0x0900000000000000000000000000000000000000000000000000000000000000
ek: 0x2fe57da347cd62431528daac5fbb290730fff684afc4cfc2ed90995f58cb3b74

HLS results:
e: 0x0000000000000000000000000000000000000000000000000000000000000000
k: 0x2fe57da347cd62431528daac5fbb290730fff684afc4cfc2ed90995f58cb3b74
ek: 0x93fea2a7c1aeb62cfd6452ff5badae8bdffcbd7196dc910c89944006d85dbb68

INFO: [SIM 1] CSim done with 0 errors.
INFO: [SIM 3] *************** CSIM finish ***************
