

================================================================
== Vivado HLS Report for 'fmonty'
================================================================
* Date:           Wed May 31 17:58:32 2017

* Version:        2017.1 (Build 1846317 on Fri Apr 14 19:19:38 MDT 2017)
* Project:        curve25519
* Solution:       solution1
* Product family: zynquplus
* Target device:  xczu9eg-ffvb1156-2-i


================================================================
== Performance Estimates
================================================================
+ Timing (ns): 
    * Summary: 
    +--------+-------+----------+------------+
    |  Clock | Target| Estimated| Uncertainty|
    +--------+-------+----------+------------+
    |ap_clk  |  10.00|      8.11|        1.25|
    +--------+-------+----------+------------+

+ Latency (clock cycles): 
    * Summary: 
    +------+------+------+------+---------+
    |   Latency   |   Interval  | Pipeline|
    |  min |  max |  min |  max |   Type  |
    +------+------+------+------+---------+
    |  1297|  1297|  1297|  1297|   none  |
    +------+------+------+------+---------+

    + Detail: 
        * Instance: 
        +---------------------------------+----------------------+-----+-----+-----+-----+---------+
        |                                 |                      |  Latency  |  Interval | Pipeline|
        |             Instance            |        Module        | min | max | min | max |   Type  |
        +---------------------------------+----------------------+-----+-----+-----+-----+---------+
        |grp_fsquare_fu_331               |fsquare               |  136|  136|  136|  136|   none  |
        |grp_fsquare_fu_338               |fsquare               |  136|  136|  136|  136|   none  |
        |grp_fproduct_fu_345              |fproduct              |  100|  100|  100|  100|   none  |
        |grp_fproduct_1_fu_358            |fproduct_1            |  100|  100|  100|  100|   none  |
        |grp_freduce_degree_fu_366        |freduce_degree        |   13|   13|   13|   13|   none  |
        |grp_freduce_coefficients_fu_373  |freduce_coefficients  |   18|   18|   18|   18|   none  |
        |grp_fsum_fu_380                  |fsum                  |   11|   11|   11|   11|   none  |
        |grp_fdifference_1_fu_390         |fdifference_1         |   21|   21|   21|   21|   none  |
        |grp_p_memcpy_fu_398              |p_memcpy              |   21|   21|   21|   21|   none  |
        +---------------------------------+----------------------+-----+-----+-----+-----+---------+

        * Loop: 
        +----------+-----+-----+----------+-----------+-----------+------+----------+
        |          |  Latency  | Iteration|  Initiation Interval  | Trip |          |
        | Loop Name| min | max |  Latency |  achieved |   target  | Count| Pipelined|
        +----------+-----+-----+----------+-----------+-----------+------+----------+
        |- Loop 1  |   20|   20|         2|          -|          -|    10|    no    |
        |- Loop 2  |   20|   20|         2|          -|          -|    10|    no    |
        |- Loop 3  |   20|   20|         2|          -|          -|    10|    no    |
        |- Loop 4  |   18|   18|         2|          -|          -|     9|    no    |
        |- Loop 5  |   30|   30|         3|          -|          -|    10|    no    |
        +----------+-----+-----+----------+-----------+-----------+------+----------+

============================================================
+ Verbose Summary: Synthesis Manager
============================================================
InlineROM: 1
ExposeGlobal: 0
============================================================
+ Verbose Summary: CDFG Model
============================================================
IsTopModel: 0
ResetActiveHigh: 1
IsCombinational: 0
IsDatapathOnly: 0
HasWiredReturn: 1
HasMFsm: 0
HasVarLatency: 1
IsPipeline: 0
IsRtlPipelined: 0
IsInstanceOverlapped: 0
IsDontTouch: 0
HasImplIP: 0
IsGatedGlobalClock: 0


============================================================
+ Verbose Summary: Schedule
============================================================
* Number of FSM states: 53
* Pipeline: 0
* Dataflow Pipeline: 0

* FSM state transitions: 
1 --> 
	2  / true
2 --> 
	3  / true
3 --> 
	4  / true
4 --> 
	5  / true
5 --> 
	6  / true
6 --> 
	7  / true
7 --> 
	8  / true
8 --> 
	9  / true
9 --> 
	10  / true
10 --> 
	11  / true
11 --> 
	12  / true
12 --> 
	13  / true
13 --> 
	14  / true
14 --> 
	15  / true
15 --> 
	16  / true
16 --> 
	17  / true
17 --> 
	18  / true
18 --> 
	19  / true
19 --> 
	20  / true
20 --> 
	21  / true
21 --> 
	22  / true
22 --> 
	23  / true
23 --> 
	24  / true
24 --> 
	25  / true
25 --> 
	26  / true
26 --> 
	27  / true
27 --> 
	28  / (!exitcond_i)
	29  / (exitcond_i)
28 --> 
	27  / true
29 --> 
	30  / (!exitcond_i1)
	31  / (exitcond_i1)
30 --> 
	29  / true
31 --> 
	32  / true
32 --> 
	33  / true
33 --> 
	34  / true
34 --> 
	35  / true
35 --> 
	36  / true
36 --> 
	37  / true
37 --> 
	38  / true
38 --> 
	39  / (!tmp_i3)
	40  / (tmp_i3)
39 --> 
	38  / true
40 --> 
	41  / (!exitcond_i2)
	42  / (exitcond_i2)
41 --> 
	40  / true
42 --> 
	43  / (!tmp_i5)
	45  / (tmp_i5)
43 --> 
	44  / true
44 --> 
	42  / true
45 --> 
	46  / true
46 --> 
	47  / true
47 --> 
	48  / true
48 --> 
	49  / true
49 --> 
	50  / true
50 --> 
	51  / true
51 --> 
	52  / true
52 --> 
	53  / true
53 --> 
* FSM state operations: 

 <State 1>: 1.35ns
ST_1: origx (10)  [1/1] 0.68ns  loc: curve25519/src/curve25519-donna.c:685
:0  %origx = alloca [10 x i64], align 16

ST_1: origxprime (11)  [1/1] 0.68ns  loc: curve25519/src/curve25519-donna.c:685
:1  %origxprime = alloca [10 x i64], align 16

ST_1: zzz (12)  [1/1] 1.24ns  loc: curve25519/src/curve25519-donna.c:685
:2  %zzz = alloca [19 x i64], align 16

ST_1: xx (13)  [1/1] 1.24ns  loc: curve25519/src/curve25519-donna.c:685
:3  %xx = alloca [19 x i64], align 16

ST_1: zz (14)  [1/1] 1.24ns  loc: curve25519/src/curve25519-donna.c:685
:4  %zz = alloca [19 x i64], align 16

ST_1: xxprime (15)  [1/1] 1.24ns  loc: curve25519/src/curve25519-donna.c:685
:5  %xxprime = alloca [19 x i64], align 16

ST_1: zzprime (16)  [1/1] 1.24ns  loc: curve25519/src/curve25519-donna.c:686
:6  %zzprime = alloca [19 x i64], align 16

ST_1: zzzprime (17)  [1/1] 1.24ns  loc: curve25519/src/curve25519-donna.c:686
:7  %zzzprime = alloca [19 x i64], align 16

ST_1: xxxprime (18)  [1/1] 1.24ns
:8  %xxxprime = alloca [19 x i64], align 16

ST_1: StgValue_63 (21)  [2/2] 0.67ns  loc: curve25519/src/curve25519-donna.c:690
:11  call fastcc void @_memcpy([10 x i64]* %origx, [19 x i64]* %x)


 <State 2>: 0.00ns
ST_2: StgValue_64 (21)  [1/2] 0.00ns  loc: curve25519/src/curve25519-donna.c:690
:11  call fastcc void @_memcpy([10 x i64]* %origx, [19 x i64]* %x)


 <State 3>: 0.69ns
ST_3: StgValue_65 (22)  [2/2] 0.69ns  loc: curve25519/src/curve25519-donna.c:691
:12  call fastcc void @fsum([19 x i64]* %x, [19 x i64]* %z)

ST_3: StgValue_66 (24)  [2/2] 0.67ns  loc: curve25519/src/curve25519-donna.c:696
:14  call fastcc void @_memcpy([10 x i64]* %origxprime, [19 x i64]* %xprime)


 <State 4>: 0.00ns
ST_4: StgValue_67 (22)  [1/2] 0.00ns  loc: curve25519/src/curve25519-donna.c:691
:12  call fastcc void @fsum([19 x i64]* %x, [19 x i64]* %z)

ST_4: StgValue_68 (24)  [1/2] 0.00ns  loc: curve25519/src/curve25519-donna.c:696
:14  call fastcc void @_memcpy([10 x i64]* %origxprime, [19 x i64]* %xprime)


 <State 5>: 0.69ns
ST_5: StgValue_69 (23)  [2/2] 0.67ns  loc: curve25519/src/curve25519-donna.c:693
:13  call fastcc void @fdifference.1([19 x i64]* %z, [10 x i64]* %origx)

ST_5: StgValue_70 (25)  [2/2] 0.69ns  loc: curve25519/src/curve25519-donna.c:697
:15  call fastcc void @fsum([19 x i64]* %xprime, [19 x i64]* %zprime)


 <State 6>: 0.00ns
ST_6: StgValue_71 (23)  [1/2] 0.00ns  loc: curve25519/src/curve25519-donna.c:693
:13  call fastcc void @fdifference.1([19 x i64]* %z, [10 x i64]* %origx)

ST_6: StgValue_72 (25)  [1/2] 0.00ns  loc: curve25519/src/curve25519-donna.c:697
:15  call fastcc void @fsum([19 x i64]* %xprime, [19 x i64]* %zprime)


 <State 7>: 0.69ns
ST_7: StgValue_73 (26)  [2/2] 0.67ns  loc: curve25519/src/curve25519-donna.c:699
:16  call fastcc void @fdifference.1([19 x i64]* %zprime, [10 x i64]* %origxprime)

ST_7: StgValue_74 (27)  [2/2] 0.69ns  loc: curve25519/src/curve25519-donna.c:701
:17  call fastcc void @fproduct([19 x i64]* %xxprime, [19 x i64]* %xprime, [19 x i64]* %z)


 <State 8>: 0.00ns
ST_8: StgValue_75 (26)  [1/2] 0.00ns  loc: curve25519/src/curve25519-donna.c:699
:16  call fastcc void @fdifference.1([19 x i64]* %zprime, [10 x i64]* %origxprime)

ST_8: StgValue_76 (27)  [1/2] 0.00ns  loc: curve25519/src/curve25519-donna.c:701
:17  call fastcc void @fproduct([19 x i64]* %xxprime, [19 x i64]* %xprime, [19 x i64]* %z)


 <State 9>: 1.14ns
ST_9: StgValue_77 (28)  [2/2] 0.69ns  loc: curve25519/src/curve25519-donna.c:705
:18  call fastcc void @fproduct([19 x i64]* %zzprime, [19 x i64]* %x, [19 x i64]* %zprime)

ST_9: StgValue_78 (29)  [2/2] 1.14ns  loc: curve25519/src/curve25519-donna.c:707
:19  call fastcc void @freduce_degree([19 x i64]* %xxprime)


 <State 10>: 0.00ns
ST_10: StgValue_79 (28)  [1/2] 0.00ns  loc: curve25519/src/curve25519-donna.c:705
:18  call fastcc void @fproduct([19 x i64]* %zzprime, [19 x i64]* %x, [19 x i64]* %zprime)

ST_10: StgValue_80 (29)  [1/2] 0.00ns  loc: curve25519/src/curve25519-donna.c:707
:19  call fastcc void @freduce_degree([19 x i64]* %xxprime)


 <State 11>: 1.17ns
ST_11: StgValue_81 (30)  [2/2] 1.17ns  loc: curve25519/src/curve25519-donna.c:708
:20  call fastcc void @freduce_coefficients([19 x i64]* %xxprime)

ST_11: StgValue_82 (31)  [2/2] 1.14ns  loc: curve25519/src/curve25519-donna.c:710
:21  call fastcc void @freduce_degree([19 x i64]* %zzprime)


 <State 12>: 0.00ns
ST_12: StgValue_83 (30)  [1/2] 0.00ns  loc: curve25519/src/curve25519-donna.c:708
:20  call fastcc void @freduce_coefficients([19 x i64]* %xxprime)

ST_12: StgValue_84 (31)  [1/2] 0.00ns  loc: curve25519/src/curve25519-donna.c:710
:21  call fastcc void @freduce_degree([19 x i64]* %zzprime)


 <State 13>: 1.17ns
ST_13: StgValue_85 (32)  [2/2] 1.17ns  loc: curve25519/src/curve25519-donna.c:711
:22  call fastcc void @freduce_coefficients([19 x i64]* %zzprime)

ST_13: StgValue_86 (33)  [2/2] 0.67ns  loc: curve25519/src/curve25519-donna.c:713
:23  call fastcc void @_memcpy([10 x i64]* %origxprime, [19 x i64]* %xxprime)


 <State 14>: 0.00ns
ST_14: StgValue_87 (32)  [1/2] 0.00ns  loc: curve25519/src/curve25519-donna.c:711
:22  call fastcc void @freduce_coefficients([19 x i64]* %zzprime)

ST_14: StgValue_88 (33)  [1/2] 0.00ns  loc: curve25519/src/curve25519-donna.c:713
:23  call fastcc void @_memcpy([10 x i64]* %origxprime, [19 x i64]* %xxprime)


 <State 15>: 0.69ns
ST_15: StgValue_89 (34)  [2/2] 0.69ns  loc: curve25519/src/curve25519-donna.c:714
:24  call fastcc void @fsum([19 x i64]* %xxprime, [19 x i64]* %zzprime)


 <State 16>: 0.00ns
ST_16: StgValue_90 (34)  [1/2] 0.00ns  loc: curve25519/src/curve25519-donna.c:714
:24  call fastcc void @fsum([19 x i64]* %xxprime, [19 x i64]* %zzprime)


 <State 17>: 0.69ns
ST_17: StgValue_91 (35)  [2/2] 0.67ns  loc: curve25519/src/curve25519-donna.c:716
:25  call fastcc void @fdifference.1([19 x i64]* %zzprime, [10 x i64]* %origxprime)

ST_17: StgValue_92 (36)  [2/2] 0.69ns  loc: curve25519/src/curve25519-donna.c:718
:26  call fastcc void @fsquare([19 x i64]* %xxxprime, [19 x i64]* %xxprime)


 <State 18>: 0.00ns
ST_18: StgValue_93 (35)  [1/2] 0.00ns  loc: curve25519/src/curve25519-donna.c:716
:25  call fastcc void @fdifference.1([19 x i64]* %zzprime, [10 x i64]* %origxprime)

ST_18: StgValue_94 (36)  [1/2] 0.00ns  loc: curve25519/src/curve25519-donna.c:718
:26  call fastcc void @fsquare([19 x i64]* %xxxprime, [19 x i64]* %xxprime)


 <State 19>: 0.69ns
ST_19: StgValue_95 (37)  [2/2] 0.69ns  loc: curve25519/src/curve25519-donna.c:720
:27  call fastcc void @fsquare([19 x i64]* %zzzprime, [19 x i64]* %zzprime)


 <State 20>: 0.00ns
ST_20: StgValue_96 (37)  [1/2] 0.00ns  loc: curve25519/src/curve25519-donna.c:720
:27  call fastcc void @fsquare([19 x i64]* %zzzprime, [19 x i64]* %zzprime)


 <State 21>: 0.00ns
ST_21: StgValue_97 (38)  [2/2] 0.00ns  loc: curve25519/src/curve25519-donna.c:722
:28  call fastcc void @fproduct.1([19 x i64]* %zzprime, [19 x i64]* %zzzprime, [10 x i26]* %qmqp)


 <State 22>: 0.00ns
ST_22: StgValue_98 (38)  [1/2] 0.00ns  loc: curve25519/src/curve25519-donna.c:722
:28  call fastcc void @fproduct.1([19 x i64]* %zzprime, [19 x i64]* %zzzprime, [10 x i26]* %qmqp)


 <State 23>: 1.14ns
ST_23: StgValue_99 (39)  [2/2] 1.14ns  loc: curve25519/src/curve25519-donna.c:724
:29  call fastcc void @freduce_degree([19 x i64]* %zzprime)


 <State 24>: 0.00ns
ST_24: StgValue_100 (39)  [1/2] 0.00ns  loc: curve25519/src/curve25519-donna.c:724
:29  call fastcc void @freduce_degree([19 x i64]* %zzprime)


 <State 25>: 1.17ns
ST_25: StgValue_101 (40)  [2/2] 1.17ns  loc: curve25519/src/curve25519-donna.c:725
:30  call fastcc void @freduce_coefficients([19 x i64]* %zzprime)


 <State 26>: 0.66ns
ST_26: StgValue_102 (19)  [1/1] 0.00ns  loc: curve25519/src/curve25519-donna.c:683
:9  call void (...)* @_ssdm_op_SpecResourceLimit(i32 1, [4 x i8]* @p_str7, [1 x i8]* @p_str1, [1 x i8]* @p_str1, [1 x i8]* @p_str1) nounwind

ST_26: StgValue_103 (20)  [1/1] 0.00ns  loc: curve25519/src/curve25519-donna.c:684
:10  call void (...)* @_ssdm_op_SpecResourceLimit(i32 1, [4 x i8]* @p_str8, [1 x i8]* @p_str1, [1 x i8]* @p_str1, [1 x i8]* @p_str1) nounwind

ST_26: StgValue_104 (40)  [1/2] 0.00ns  loc: curve25519/src/curve25519-donna.c:725
:30  call fastcc void @freduce_coefficients([19 x i64]* %zzprime)

ST_26: StgValue_105 (41)  [1/1] 0.66ns  loc: curve25519/src/curve25519-donna.c:61->curve25519/src/curve25519-donna.c:727
:31  br label %1


 <State 27>: 1.24ns
ST_27: i_i (43)  [1/1] 0.00ns
:0  %i_i = phi i4 [ 0, %0 ], [ %i, %2 ]

ST_27: exitcond_i (44)  [1/1] 0.44ns  loc: curve25519/src/curve25519-donna.c:61->curve25519/src/curve25519-donna.c:727
:1  %exitcond_i = icmp eq i4 %i_i, -6

ST_27: empty (45)  [1/1] 0.00ns
:2  %empty = call i32 (...)* @_ssdm_op_SpecLoopTripCount(i64 10, i64 10, i64 10)

ST_27: i (46)  [1/1] 1.12ns  loc: curve25519/src/curve25519-donna.c:61->curve25519/src/curve25519-donna.c:727
:3  %i = add i4 %i_i, 1

ST_27: StgValue_110 (47)  [1/1] 0.00ns  loc: curve25519/src/curve25519-donna.c:61->curve25519/src/curve25519-donna.c:727
:4  br i1 %exitcond_i, label %_memcpy.1.exit.preheader, label %2

ST_27: tmp_i (49)  [1/1] 0.00ns  loc: curve25519/src/curve25519-donna.c:62->curve25519/src/curve25519-donna.c:727
:0  %tmp_i = zext i4 %i_i to i64

ST_27: xxxprime_addr (50)  [1/1] 0.00ns  loc: curve25519/src/curve25519-donna.c:62->curve25519/src/curve25519-donna.c:727
:1  %xxxprime_addr = getelementptr [19 x i64]* %xxxprime, i64 0, i64 %tmp_i

ST_27: xxxprime_load (51)  [2/2] 1.24ns  loc: curve25519/src/curve25519-donna.c:62->curve25519/src/curve25519-donna.c:727
:2  %xxxprime_load = load i64* %xxxprime_addr, align 8

ST_27: StgValue_114 (56)  [1/1] 0.66ns  loc: curve25519/src/curve25519-donna.c:61->curve25519/src/curve25519-donna.c:728
_memcpy.1.exit.preheader:0  br label %_memcpy.1.exit


 <State 28>: 2.47ns
ST_28: xxxprime_load (51)  [1/2] 1.24ns  loc: curve25519/src/curve25519-donna.c:62->curve25519/src/curve25519-donna.c:727
:2  %xxxprime_load = load i64* %xxxprime_addr, align 8

ST_28: x3_addr (52)  [1/1] 0.00ns  loc: curve25519/src/curve25519-donna.c:62->curve25519/src/curve25519-donna.c:727
:3  %x3_addr = getelementptr [19 x i64]* %x3, i64 0, i64 %tmp_i

ST_28: StgValue_117 (53)  [1/1] 1.24ns  loc: curve25519/src/curve25519-donna.c:62->curve25519/src/curve25519-donna.c:727
:4  store i64 %xxxprime_load, i64* %x3_addr, align 8

ST_28: StgValue_118 (54)  [1/1] 0.00ns  loc: curve25519/src/curve25519-donna.c:61->curve25519/src/curve25519-donna.c:727
:5  br label %1


 <State 29>: 1.24ns
ST_29: i_i9 (58)  [1/1] 0.00ns
_memcpy.1.exit:0  %i_i9 = phi i4 [ %i_9, %3 ], [ 0, %_memcpy.1.exit.preheader ]

ST_29: exitcond_i1 (59)  [1/1] 0.44ns  loc: curve25519/src/curve25519-donna.c:61->curve25519/src/curve25519-donna.c:728
_memcpy.1.exit:1  %exitcond_i1 = icmp eq i4 %i_i9, -6

ST_29: empty_21 (60)  [1/1] 0.00ns
_memcpy.1.exit:2  %empty_21 = call i32 (...)* @_ssdm_op_SpecLoopTripCount(i64 10, i64 10, i64 10)

ST_29: i_9 (61)  [1/1] 1.12ns  loc: curve25519/src/curve25519-donna.c:61->curve25519/src/curve25519-donna.c:728
_memcpy.1.exit:3  %i_9 = add i4 %i_i9, 1

ST_29: StgValue_123 (62)  [1/1] 0.00ns  loc: curve25519/src/curve25519-donna.c:61->curve25519/src/curve25519-donna.c:728
_memcpy.1.exit:4  br i1 %exitcond_i1, label %_memcpy.1.exit16, label %3

ST_29: tmp_i2 (64)  [1/1] 0.00ns  loc: curve25519/src/curve25519-donna.c:62->curve25519/src/curve25519-donna.c:728
:0  %tmp_i2 = zext i4 %i_i9 to i64

ST_29: zzprime_addr (65)  [1/1] 0.00ns  loc: curve25519/src/curve25519-donna.c:62->curve25519/src/curve25519-donna.c:728
:1  %zzprime_addr = getelementptr [19 x i64]* %zzprime, i64 0, i64 %tmp_i2

ST_29: zzprime_load (66)  [2/2] 1.24ns  loc: curve25519/src/curve25519-donna.c:62->curve25519/src/curve25519-donna.c:728
:2  %zzprime_load = load i64* %zzprime_addr, align 8

ST_29: StgValue_127 (71)  [2/2] 0.69ns  loc: curve25519/src/curve25519-donna.c:730
_memcpy.1.exit16:0  call fastcc void @fsquare([19 x i64]* %xx, [19 x i64]* %x)

ST_29: StgValue_128 (72)  [2/2] 0.69ns  loc: curve25519/src/curve25519-donna.c:732
_memcpy.1.exit16:1  call fastcc void @fsquare([19 x i64]* %zz, [19 x i64]* %z)


 <State 30>: 2.47ns
ST_30: zzprime_load (66)  [1/2] 1.24ns  loc: curve25519/src/curve25519-donna.c:62->curve25519/src/curve25519-donna.c:728
:2  %zzprime_load = load i64* %zzprime_addr, align 8

ST_30: z3_addr (67)  [1/1] 0.00ns  loc: curve25519/src/curve25519-donna.c:62->curve25519/src/curve25519-donna.c:728
:3  %z3_addr = getelementptr [19 x i64]* %z3, i64 0, i64 %tmp_i2

ST_30: StgValue_131 (68)  [1/1] 1.24ns  loc: curve25519/src/curve25519-donna.c:62->curve25519/src/curve25519-donna.c:728
:4  store i64 %zzprime_load, i64* %z3_addr, align 8

ST_30: StgValue_132 (69)  [1/1] 0.00ns  loc: curve25519/src/curve25519-donna.c:61->curve25519/src/curve25519-donna.c:728
:5  br label %_memcpy.1.exit


 <State 31>: 0.00ns
ST_31: StgValue_133 (71)  [1/2] 0.00ns  loc: curve25519/src/curve25519-donna.c:730
_memcpy.1.exit16:0  call fastcc void @fsquare([19 x i64]* %xx, [19 x i64]* %x)

ST_31: StgValue_134 (72)  [1/2] 0.00ns  loc: curve25519/src/curve25519-donna.c:732
_memcpy.1.exit16:1  call fastcc void @fsquare([19 x i64]* %zz, [19 x i64]* %z)


 <State 32>: 0.69ns
ST_32: StgValue_135 (73)  [2/2] 0.69ns  loc: curve25519/src/curve25519-donna.c:734
_memcpy.1.exit16:2  call fastcc void @fproduct([19 x i64]* %x2, [19 x i64]* %xx, [19 x i64]* %zz)


 <State 33>: 0.00ns
ST_33: StgValue_136 (73)  [1/2] 0.00ns  loc: curve25519/src/curve25519-donna.c:734
_memcpy.1.exit16:2  call fastcc void @fproduct([19 x i64]* %x2, [19 x i64]* %xx, [19 x i64]* %zz)


 <State 34>: 1.14ns
ST_34: StgValue_137 (74)  [2/2] 1.14ns  loc: curve25519/src/curve25519-donna.c:736
_memcpy.1.exit16:3  call fastcc void @freduce_degree([19 x i64]* %x2)


 <State 35>: 0.00ns
ST_35: StgValue_138 (74)  [1/2] 0.00ns  loc: curve25519/src/curve25519-donna.c:736
_memcpy.1.exit16:3  call fastcc void @freduce_degree([19 x i64]* %x2)


 <State 36>: 1.17ns
ST_36: StgValue_139 (75)  [2/2] 1.17ns  loc: curve25519/src/curve25519-donna.c:737
_memcpy.1.exit16:4  call fastcc void @freduce_coefficients([19 x i64]* %x2)


 <State 37>: 0.66ns
ST_37: StgValue_140 (75)  [1/2] 0.00ns  loc: curve25519/src/curve25519-donna.c:737
_memcpy.1.exit16:4  call fastcc void @freduce_coefficients([19 x i64]* %x2)

ST_37: StgValue_141 (76)  [1/1] 0.66ns  loc: curve25519/src/curve25519-donna.c:101->curve25519/src/curve25519-donna.c:739
_memcpy.1.exit16:5  br label %4


 <State 38>: 1.24ns
ST_38: i_i1 (78)  [1/1] 0.00ns
:0  %i_i1 = phi i4 [ 0, %_memcpy.1.exit16 ], [ %i_10, %5 ]

ST_38: tmp_i3 (79)  [1/1] 0.44ns  loc: curve25519/src/curve25519-donna.c:101->curve25519/src/curve25519-donna.c:739
:1  %tmp_i3 = icmp eq i4 %i_i1, -6

ST_38: empty_22 (80)  [1/1] 0.00ns
:2  %empty_22 = call i32 (...)* @_ssdm_op_SpecLoopTripCount(i64 10, i64 10, i64 10)

ST_38: i_10 (81)  [1/1] 1.12ns  loc: curve25519/src/curve25519-donna.c:101->curve25519/src/curve25519-donna.c:739
:3  %i_10 = add i4 %i_i1, 1

ST_38: StgValue_146 (82)  [1/1] 0.00ns  loc: curve25519/src/curve25519-donna.c:101->curve25519/src/curve25519-donna.c:739
:4  br i1 %tmp_i3, label %fdifference.exit.preheader, label %5

ST_38: tmp_i_23 (84)  [1/1] 0.00ns  loc: curve25519/src/curve25519-donna.c:102->curve25519/src/curve25519-donna.c:739
:0  %tmp_i_23 = zext i4 %i_i1 to i64

ST_38: xx_addr (85)  [1/1] 0.00ns  loc: curve25519/src/curve25519-donna.c:102->curve25519/src/curve25519-donna.c:739
:1  %xx_addr = getelementptr [19 x i64]* %xx, i64 0, i64 %tmp_i_23

ST_38: xx_load (86)  [2/2] 1.24ns  loc: curve25519/src/curve25519-donna.c:102->curve25519/src/curve25519-donna.c:739
:2  %xx_load = load i64* %xx_addr, align 8

ST_38: zz_addr (87)  [1/1] 0.00ns  loc: curve25519/src/curve25519-donna.c:102->curve25519/src/curve25519-donna.c:739
:3  %zz_addr = getelementptr [19 x i64]* %zz, i64 0, i64 %tmp_i_23

ST_38: zz_load (88)  [2/2] 1.24ns  loc: curve25519/src/curve25519-donna.c:102->curve25519/src/curve25519-donna.c:739
:4  %zz_load = load i64* %zz_addr, align 8

ST_38: StgValue_152 (93)  [1/1] 0.66ns  loc: curve25519/src/curve25519-donna.c:75->curve25519/src/curve25519-donna.c:741
fdifference.exit.preheader:0  br label %fdifference.exit


 <State 39>: 3.89ns
ST_39: xx_load (86)  [1/2] 1.24ns  loc: curve25519/src/curve25519-donna.c:102->curve25519/src/curve25519-donna.c:739
:2  %xx_load = load i64* %xx_addr, align 8

ST_39: zz_load (88)  [1/2] 1.24ns  loc: curve25519/src/curve25519-donna.c:102->curve25519/src/curve25519-donna.c:739
:4  %zz_load = load i64* %zz_addr, align 8

ST_39: tmp_930_i (89)  [1/1] 1.41ns  loc: curve25519/src/curve25519-donna.c:102->curve25519/src/curve25519-donna.c:739
:5  %tmp_930_i = sub nsw i64 %xx_load, %zz_load

ST_39: StgValue_156 (90)  [1/1] 1.24ns  loc: curve25519/src/curve25519-donna.c:102->curve25519/src/curve25519-donna.c:739
:6  store i64 %tmp_930_i, i64* %zz_addr, align 8

ST_39: StgValue_157 (91)  [1/1] 0.00ns  loc: curve25519/src/curve25519-donna.c:101->curve25519/src/curve25519-donna.c:739
:7  br label %4


 <State 40>: 1.12ns
ST_40: i_i2 (95)  [1/1] 0.00ns
fdifference.exit:0  %i_i2 = phi i4 [ %i_11, %6 ], [ 0, %fdifference.exit.preheader ]

ST_40: exitcond_i2 (96)  [1/1] 0.44ns  loc: curve25519/src/curve25519-donna.c:75->curve25519/src/curve25519-donna.c:741
fdifference.exit:1  %exitcond_i2 = icmp eq i4 %i_i2, -7

ST_40: empty_24 (97)  [1/1] 0.00ns
fdifference.exit:2  %empty_24 = call i32 (...)* @_ssdm_op_SpecLoopTripCount(i64 9, i64 9, i64 9)

ST_40: i_11 (98)  [1/1] 1.12ns  loc: curve25519/src/curve25519-donna.c:75->curve25519/src/curve25519-donna.c:741
fdifference.exit:3  %i_11 = add i4 %i_i2, 1

ST_40: StgValue_162 (99)  [1/1] 0.00ns  loc: curve25519/src/curve25519-donna.c:75->curve25519/src/curve25519-donna.c:741
fdifference.exit:4  br i1 %exitcond_i2, label %_memset.exit.preheader, label %6

ST_40: StgValue_163 (108)  [1/1] 0.66ns  loc: curve25519/src/curve25519-donna.c:109->curve25519/src/curve25519-donna.c:750
_memset.exit.preheader:0  br label %_memset.exit


 <State 41>: 2.35ns
ST_41: tmp_i4_cast (101)  [1/1] 0.00ns  loc: curve25519/src/curve25519-donna.c:75->curve25519/src/curve25519-donna.c:741
:0  %tmp_i4_cast = zext i4 %i_i2 to i5

ST_41: sum_i (102)  [1/1] 1.12ns  loc: curve25519/src/curve25519-donna.c:75->curve25519/src/curve25519-donna.c:741
:1  %sum_i = add i5 %tmp_i4_cast, 10

ST_41: sum_i_cast (103)  [1/1] 0.00ns  loc: curve25519/src/curve25519-donna.c:75->curve25519/src/curve25519-donna.c:741
:2  %sum_i_cast = zext i5 %sum_i to i64

ST_41: zzz_addr (104)  [1/1] 0.00ns  loc: curve25519/src/curve25519-donna.c:76->curve25519/src/curve25519-donna.c:741
:3  %zzz_addr = getelementptr [19 x i64]* %zzz, i64 0, i64 %sum_i_cast

ST_41: StgValue_168 (105)  [1/1] 1.24ns  loc: curve25519/src/curve25519-donna.c:76->curve25519/src/curve25519-donna.c:741
:4  store i64 0, i64* %zzz_addr, align 8

ST_41: StgValue_169 (106)  [1/1] 0.00ns  loc: curve25519/src/curve25519-donna.c:75->curve25519/src/curve25519-donna.c:741
:5  br label %fdifference.exit


 <State 42>: 1.24ns
ST_42: i_i3 (110)  [1/1] 0.00ns
_memset.exit:0  %i_i3 = phi i4 [ %i_12, %7 ], [ 0, %_memset.exit.preheader ]

ST_42: tmp_i5 (111)  [1/1] 0.44ns  loc: curve25519/src/curve25519-donna.c:109->curve25519/src/curve25519-donna.c:750
_memset.exit:1  %tmp_i5 = icmp eq i4 %i_i3, -6

ST_42: empty_25 (112)  [1/1] 0.00ns
_memset.exit:2  %empty_25 = call i32 (...)* @_ssdm_op_SpecLoopTripCount(i64 10, i64 10, i64 10)

ST_42: i_12 (113)  [1/1] 1.12ns  loc: curve25519/src/curve25519-donna.c:109->curve25519/src/curve25519-donna.c:750
_memset.exit:3  %i_12 = add i4 %i_i3, 1

ST_42: StgValue_174 (114)  [1/1] 0.00ns  loc: curve25519/src/curve25519-donna.c:109->curve25519/src/curve25519-donna.c:750
_memset.exit:4  br i1 %tmp_i5, label %fscalar_product.exit, label %7

ST_42: tmp_i3_26 (116)  [1/1] 0.00ns  loc: curve25519/src/curve25519-donna.c:110->curve25519/src/curve25519-donna.c:750
:0  %tmp_i3_26 = zext i4 %i_i3 to i64

ST_42: zz_addr_1 (117)  [1/1] 0.00ns  loc: curve25519/src/curve25519-donna.c:110->curve25519/src/curve25519-donna.c:750
:1  %zz_addr_1 = getelementptr [19 x i64]* %zz, i64 0, i64 %tmp_i3_26

ST_42: zz_load_1 (118)  [2/2] 1.24ns  loc: curve25519/src/curve25519-donna.c:110->curve25519/src/curve25519-donna.c:750
:2  %zz_load_1 = load i64* %zz_addr_1, align 8

ST_42: StgValue_178 (124)  [2/2] 1.17ns  loc: curve25519/src/curve25519-donna.c:754
fscalar_product.exit:0  call fastcc void @freduce_coefficients([19 x i64]* %zzz)


 <State 43>: 1.24ns
ST_43: zz_load_1 (118)  [1/2] 1.24ns  loc: curve25519/src/curve25519-donna.c:110->curve25519/src/curve25519-donna.c:750
:2  %zz_load_1 = load i64* %zz_addr_1, align 8


 <State 44>: 7.80ns
ST_44: tmp_322_i (119)  [1/1] 6.56ns  loc: curve25519/src/curve25519-donna.c:110->curve25519/src/curve25519-donna.c:750
:3  %tmp_322_i = mul nsw i64 %zz_load_1, 121665

ST_44: zzz_addr_1 (120)  [1/1] 0.00ns  loc: curve25519/src/curve25519-donna.c:110->curve25519/src/curve25519-donna.c:750
:4  %zzz_addr_1 = getelementptr [19 x i64]* %zzz, i64 0, i64 %tmp_i3_26

ST_44: StgValue_182 (121)  [1/1] 1.24ns  loc: curve25519/src/curve25519-donna.c:110->curve25519/src/curve25519-donna.c:750
:5  store i64 %tmp_322_i, i64* %zzz_addr_1, align 8

ST_44: StgValue_183 (122)  [1/1] 0.00ns  loc: curve25519/src/curve25519-donna.c:109->curve25519/src/curve25519-donna.c:750
:6  br label %_memset.exit


 <State 45>: 0.00ns
ST_45: StgValue_184 (124)  [1/2] 0.00ns  loc: curve25519/src/curve25519-donna.c:754
fscalar_product.exit:0  call fastcc void @freduce_coefficients([19 x i64]* %zzz)


 <State 46>: 0.69ns
ST_46: StgValue_185 (125)  [2/2] 0.69ns  loc: curve25519/src/curve25519-donna.c:756
fscalar_product.exit:1  call fastcc void @fsum([19 x i64]* %zzz, [19 x i64]* %xx)


 <State 47>: 0.00ns
ST_47: StgValue_186 (125)  [1/2] 0.00ns  loc: curve25519/src/curve25519-donna.c:756
fscalar_product.exit:1  call fastcc void @fsum([19 x i64]* %zzz, [19 x i64]* %xx)


 <State 48>: 0.69ns
ST_48: StgValue_187 (126)  [2/2] 0.69ns  loc: curve25519/src/curve25519-donna.c:758
fscalar_product.exit:2  call fastcc void @fproduct([19 x i64]* %z2, [19 x i64]* %zz, [19 x i64]* %zzz)


 <State 49>: 0.00ns
ST_49: StgValue_188 (126)  [1/2] 0.00ns  loc: curve25519/src/curve25519-donna.c:758
fscalar_product.exit:2  call fastcc void @fproduct([19 x i64]* %z2, [19 x i64]* %zz, [19 x i64]* %zzz)


 <State 50>: 1.14ns
ST_50: StgValue_189 (127)  [2/2] 1.14ns  loc: curve25519/src/curve25519-donna.c:760
fscalar_product.exit:3  call fastcc void @freduce_degree([19 x i64]* %z2)


 <State 51>: 0.00ns
ST_51: StgValue_190 (127)  [1/2] 0.00ns  loc: curve25519/src/curve25519-donna.c:760
fscalar_product.exit:3  call fastcc void @freduce_degree([19 x i64]* %z2)


 <State 52>: 1.17ns
ST_52: StgValue_191 (128)  [2/2] 1.17ns  loc: curve25519/src/curve25519-donna.c:761
fscalar_product.exit:4  call fastcc void @freduce_coefficients([19 x i64]* %z2)


 <State 53>: 0.00ns
ST_53: StgValue_192 (128)  [1/2] 0.00ns  loc: curve25519/src/curve25519-donna.c:761
fscalar_product.exit:4  call fastcc void @freduce_coefficients([19 x i64]* %z2)

ST_53: StgValue_193 (129)  [1/1] 0.00ns  loc: curve25519/src/curve25519-donna.c:763
fscalar_product.exit:5  ret void



============================================================
+ Verbose Summary: Binding
============================================================
STG Binding: 
---------------- STG Properties BEGIN ----------------
- Is combinational: 0
- Is one-state seq: 0
- Is datapath-only: 0
- Is pipelined: 0
- Is top level: 0
Port [ Return ] is wired: 1; IO mode=ap_ctrl_hs:ce=0
Port [ x2]:  wired=1; compound=1; hidden=0; nouse=0; global=0; static=0; extern=0; dir=2; type=1; pingpong=0; private_global=0; MemPort=[22]; IO mode=ap_memory:ce=0
Port [ z2]:  wired=1; compound=1; hidden=0; nouse=0; global=0; static=0; extern=0; dir=2; type=1; pingpong=0; private_global=0; MemPort=[22]; IO mode=ap_memory:ce=0
Port [ x3]:  wired=1; compound=1; hidden=0; nouse=0; global=0; static=0; extern=0; dir=1; type=1; pingpong=0; private_global=0; MemPort=[03]; IO mode=ap_memory:ce=0
Port [ z3]:  wired=1; compound=1; hidden=0; nouse=0; global=0; static=0; extern=0; dir=1; type=1; pingpong=0; private_global=0; MemPort=[03]; IO mode=ap_memory:ce=0
Port [ x]:  wired=1; compound=1; hidden=0; nouse=0; global=0; static=0; extern=0; dir=2; type=1; pingpong=0; private_global=0; MemPort=[22]; IO mode=ap_memory:ce=0
Port [ z]:  wired=1; compound=1; hidden=0; nouse=0; global=0; static=0; extern=0; dir=2; type=1; pingpong=0; private_global=0; MemPort=[21]; IO mode=ap_memory:ce=0
Port [ xprime]:  wired=1; compound=1; hidden=0; nouse=0; global=0; static=0; extern=0; dir=2; type=1; pingpong=0; private_global=0; MemPort=[22]; IO mode=ap_memory:ce=0
Port [ zprime]:  wired=1; compound=1; hidden=0; nouse=0; global=0; static=0; extern=0; dir=2; type=1; pingpong=0; private_global=0; MemPort=[21]; IO mode=ap_memory:ce=0
Port [ qmqp]:  wired=1; compound=1; hidden=0; nouse=0; global=0; static=0; extern=0; dir=0; type=1; pingpong=0; private_global=0; MemPort=[13]; IO mode=ap_memory:ce=0
---------------- STG Properties END ------------------

---------------- Datapath Model BEGIN ----------------

<LifeTime>
<method=bitvector/>
origx         (alloca           ) [ 001111100000000000000000000000000000000000000000000000]
origxprime    (alloca           ) [ 001111111111111111100000000000000000000000000000000000]
zzz           (alloca           ) [ 001111111111111111111111111111111111111111111111110000]
xx            (alloca           ) [ 001111111111111111111111111111111111111111111111000000]
zz            (alloca           ) [ 001111111111111111111111111111111111111111111111110000]
xxprime       (alloca           ) [ 001111111111111111100000000000000000000000000000000000]
zzprime       (alloca           ) [ 001111111111111111111111111111100000000000000000000000]
zzzprime      (alloca           ) [ 001111111111111111111110000000000000000000000000000000]
xxxprime      (alloca           ) [ 001111111111111111111111111110000000000000000000000000]
StgValue_64   (call             ) [ 000000000000000000000000000000000000000000000000000000]
StgValue_67   (call             ) [ 000000000000000000000000000000000000000000000000000000]
StgValue_68   (call             ) [ 000000000000000000000000000000000000000000000000000000]
StgValue_71   (call             ) [ 000000000000000000000000000000000000000000000000000000]
StgValue_72   (call             ) [ 000000000000000000000000000000000000000000000000000000]
StgValue_75   (call             ) [ 000000000000000000000000000000000000000000000000000000]
StgValue_76   (call             ) [ 000000000000000000000000000000000000000000000000000000]
StgValue_79   (call             ) [ 000000000000000000000000000000000000000000000000000000]
StgValue_80   (call             ) [ 000000000000000000000000000000000000000000000000000000]
StgValue_83   (call             ) [ 000000000000000000000000000000000000000000000000000000]
StgValue_84   (call             ) [ 000000000000000000000000000000000000000000000000000000]
StgValue_87   (call             ) [ 000000000000000000000000000000000000000000000000000000]
StgValue_88   (call             ) [ 000000000000000000000000000000000000000000000000000000]
StgValue_90   (call             ) [ 000000000000000000000000000000000000000000000000000000]
StgValue_93   (call             ) [ 000000000000000000000000000000000000000000000000000000]
StgValue_94   (call             ) [ 000000000000000000000000000000000000000000000000000000]
StgValue_96   (call             ) [ 000000000000000000000000000000000000000000000000000000]
StgValue_98   (call             ) [ 000000000000000000000000000000000000000000000000000000]
StgValue_100  (call             ) [ 000000000000000000000000000000000000000000000000000000]
StgValue_102  (specresourcelimit) [ 000000000000000000000000000000000000000000000000000000]
StgValue_103  (specresourcelimit) [ 000000000000000000000000000000000000000000000000000000]
StgValue_104  (call             ) [ 000000000000000000000000000000000000000000000000000000]
StgValue_105  (br               ) [ 000000000000000000000000001110000000000000000000000000]
i_i           (phi              ) [ 000000000000000000000000000100000000000000000000000000]
exitcond_i    (icmp             ) [ 000000000000000000000000000110000000000000000000000000]
empty         (speclooptripcount) [ 000000000000000000000000000000000000000000000000000000]
i             (add              ) [ 000000000000000000000000001110000000000000000000000000]
StgValue_110  (br               ) [ 000000000000000000000000000000000000000000000000000000]
tmp_i         (zext             ) [ 000000000000000000000000000010000000000000000000000000]
xxxprime_addr (getelementptr    ) [ 000000000000000000000000000010000000000000000000000000]
StgValue_114  (br               ) [ 000000000000000000000000000111100000000000000000000000]
xxxprime_load (load             ) [ 000000000000000000000000000000000000000000000000000000]
x3_addr       (getelementptr    ) [ 000000000000000000000000000000000000000000000000000000]
StgValue_117  (store            ) [ 000000000000000000000000000000000000000000000000000000]
StgValue_118  (br               ) [ 000000000000000000000000001110000000000000000000000000]
i_i9          (phi              ) [ 000000000000000000000000000001000000000000000000000000]
exitcond_i1   (icmp             ) [ 000000000000000000000000000001100000000000000000000000]
empty_21      (speclooptripcount) [ 000000000000000000000000000000000000000000000000000000]
i_9           (add              ) [ 000000000000000000000000000101100000000000000000000000]
StgValue_123  (br               ) [ 000000000000000000000000000000000000000000000000000000]
tmp_i2        (zext             ) [ 000000000000000000000000000000100000000000000000000000]
zzprime_addr  (getelementptr    ) [ 000000000000000000000000000000100000000000000000000000]
zzprime_load  (load             ) [ 000000000000000000000000000000000000000000000000000000]
z3_addr       (getelementptr    ) [ 000000000000000000000000000000000000000000000000000000]
StgValue_131  (store            ) [ 000000000000000000000000000000000000000000000000000000]
StgValue_132  (br               ) [ 000000000000000000000000000101100000000000000000000000]
StgValue_133  (call             ) [ 000000000000000000000000000000000000000000000000000000]
StgValue_134  (call             ) [ 000000000000000000000000000000000000000000000000000000]
StgValue_136  (call             ) [ 000000000000000000000000000000000000000000000000000000]
StgValue_138  (call             ) [ 000000000000000000000000000000000000000000000000000000]
StgValue_140  (call             ) [ 000000000000000000000000000000000000000000000000000000]
StgValue_141  (br               ) [ 000000000000000000000000000000000000011100000000000000]
i_i1          (phi              ) [ 000000000000000000000000000000000000001000000000000000]
tmp_i3        (icmp             ) [ 000000000000000000000000000000000000001100000000000000]
empty_22      (speclooptripcount) [ 000000000000000000000000000000000000000000000000000000]
i_10          (add              ) [ 000000000000000000000000000000000000011100000000000000]
StgValue_146  (br               ) [ 000000000000000000000000000000000000000000000000000000]
tmp_i_23      (zext             ) [ 000000000000000000000000000000000000000000000000000000]
xx_addr       (getelementptr    ) [ 000000000000000000000000000000000000000100000000000000]
zz_addr       (getelementptr    ) [ 000000000000000000000000000000000000000100000000000000]
StgValue_152  (br               ) [ 000000000000000000000000000000000000001111000000000000]
xx_load       (load             ) [ 000000000000000000000000000000000000000000000000000000]
zz_load       (load             ) [ 000000000000000000000000000000000000000000000000000000]
tmp_930_i     (sub              ) [ 000000000000000000000000000000000000000000000000000000]
StgValue_156  (store            ) [ 000000000000000000000000000000000000000000000000000000]
StgValue_157  (br               ) [ 000000000000000000000000000000000000011100000000000000]
i_i2          (phi              ) [ 000000000000000000000000000000000000000011000000000000]
exitcond_i2   (icmp             ) [ 000000000000000000000000000000000000000011000000000000]
empty_24      (speclooptripcount) [ 000000000000000000000000000000000000000000000000000000]
i_11          (add              ) [ 000000000000000000000000000000000000001011000000000000]
StgValue_162  (br               ) [ 000000000000000000000000000000000000000000000000000000]
StgValue_163  (br               ) [ 000000000000000000000000000000000000000011111000000000]
tmp_i4_cast   (zext             ) [ 000000000000000000000000000000000000000000000000000000]
sum_i         (add              ) [ 000000000000000000000000000000000000000000000000000000]
sum_i_cast    (zext             ) [ 000000000000000000000000000000000000000000000000000000]
zzz_addr      (getelementptr    ) [ 000000000000000000000000000000000000000000000000000000]
StgValue_168  (store            ) [ 000000000000000000000000000000000000000000000000000000]
StgValue_169  (br               ) [ 000000000000000000000000000000000000001011000000000000]
i_i3          (phi              ) [ 000000000000000000000000000000000000000000100000000000]
tmp_i5        (icmp             ) [ 000000000000000000000000000000000000000000111000000000]
empty_25      (speclooptripcount) [ 000000000000000000000000000000000000000000000000000000]
i_12          (add              ) [ 000000000000000000000000000000000000000010111000000000]
StgValue_174  (br               ) [ 000000000000000000000000000000000000000000000000000000]
tmp_i3_26     (zext             ) [ 000000000000000000000000000000000000000000011000000000]
zz_addr_1     (getelementptr    ) [ 000000000000000000000000000000000000000000010000000000]
zz_load_1     (load             ) [ 000000000000000000000000000000000000000000001000000000]
tmp_322_i     (mul              ) [ 000000000000000000000000000000000000000000000000000000]
zzz_addr_1    (getelementptr    ) [ 000000000000000000000000000000000000000000000000000000]
StgValue_182  (store            ) [ 000000000000000000000000000000000000000000000000000000]
StgValue_183  (br               ) [ 000000000000000000000000000000000000000010111000000000]
StgValue_184  (call             ) [ 000000000000000000000000000000000000000000000000000000]
StgValue_186  (call             ) [ 000000000000000000000000000000000000000000000000000000]
StgValue_188  (call             ) [ 000000000000000000000000000000000000000000000000000000]
StgValue_190  (call             ) [ 000000000000000000000000000000000000000000000000000000]
StgValue_192  (call             ) [ 000000000000000000000000000000000000000000000000000000]
StgValue_193  (ret              ) [ 000000000000000000000000000000000000000000000000000000]
</LifeTime>

<model>

<comp_list>
<comp id="0" class="1000" name="x2">
<pin_list>
<pin id="1" dir="1" index="0" bw="1" slack="0"/>
</pin_list>
<bind>
<StgValue><ssdm name="x2"/><MemPortTyVec>2 2 </MemPortTyVec>
</StgValue>
</bind>
</comp>

<comp id="2" class="1000" name="z2">
<pin_list>
<pin id="3" dir="1" index="0" bw="1" slack="0"/>
</pin_list>
<bind>
<StgValue><ssdm name="z2"/><MemPortTyVec>2 2 </MemPortTyVec>
</StgValue>
</bind>
</comp>

<comp id="4" class="1000" name="x3">
<pin_list>
<pin id="5" dir="1" index="0" bw="1" slack="0"/>
</pin_list>
<bind>
<StgValue><ssdm name="x3"/><MemPortTyVec>0 3 </MemPortTyVec>
</StgValue>
</bind>
</comp>

<comp id="6" class="1000" name="z3">
<pin_list>
<pin id="7" dir="1" index="0" bw="1" slack="0"/>
</pin_list>
<bind>
<StgValue><ssdm name="z3"/><MemPortTyVec>0 3 </MemPortTyVec>
</StgValue>
</bind>
</comp>

<comp id="8" class="1000" name="x">
<pin_list>
<pin id="9" dir="1" index="0" bw="1" slack="0"/>
</pin_list>
<bind>
<StgValue><ssdm name="x"/><MemPortTyVec>2 2 </MemPortTyVec>
</StgValue>
</bind>
</comp>

<comp id="10" class="1000" name="z">
<pin_list>
<pin id="11" dir="1" index="0" bw="1" slack="0"/>
</pin_list>
<bind>
<StgValue><ssdm name="z"/><MemPortTyVec>2 1 </MemPortTyVec>
</StgValue>
</bind>
</comp>

<comp id="12" class="1000" name="xprime">
<pin_list>
<pin id="13" dir="1" index="0" bw="1" slack="0"/>
</pin_list>
<bind>
<StgValue><ssdm name="xprime"/><MemPortTyVec>2 2 </MemPortTyVec>
</StgValue>
</bind>
</comp>

<comp id="14" class="1000" name="zprime">
<pin_list>
<pin id="15" dir="1" index="0" bw="1" slack="0"/>
</pin_list>
<bind>
<StgValue><ssdm name="zprime"/><MemPortTyVec>2 1 </MemPortTyVec>
</StgValue>
</bind>
</comp>

<comp id="16" class="1000" name="qmqp">
<pin_list>
<pin id="17" dir="1" index="0" bw="1" slack="0"/>
</pin_list>
<bind>
<StgValue><ssdm name="qmqp"/><MemPortTyVec>1 3 </MemPortTyVec>
</StgValue>
</bind>
</comp>

<comp id="18" class="1001" name="const_18">
<pin_list>
<pin id="19" dir="1" index="0" bw="1" slack="0"/>
</pin_list>
<bind>
<StgValue><ssdm name=""/></StgValue>
</bind>
</comp>

<comp id="20" class="1001" name="const_20">
<pin_list>
<pin id="21" dir="1" index="0" bw="1" slack="0"/>
</pin_list>
<bind>
<StgValue><ssdm name="_memcpy"/></StgValue>
</bind>
</comp>

<comp id="22" class="1001" name="const_22">
<pin_list>
<pin id="23" dir="1" index="0" bw="1" slack="0"/>
</pin_list>
<bind>
<StgValue><ssdm name="fsum"/></StgValue>
</bind>
</comp>

<comp id="24" class="1001" name="const_24">
<pin_list>
<pin id="25" dir="1" index="0" bw="1" slack="0"/>
</pin_list>
<bind>
<StgValue><ssdm name="fdifference.1"/></StgValue>
</bind>
</comp>

<comp id="26" class="1001" name="const_26">
<pin_list>
<pin id="27" dir="1" index="0" bw="1" slack="0"/>
</pin_list>
<bind>
<StgValue><ssdm name="fproduct"/></StgValue>
</bind>
</comp>

<comp id="28" class="1001" name="const_28">
<pin_list>
<pin id="29" dir="1" index="0" bw="1" slack="0"/>
</pin_list>
<bind>
<StgValue><ssdm name="freduce_degree"/></StgValue>
</bind>
</comp>

<comp id="30" class="1001" name="const_30">
<pin_list>
<pin id="31" dir="1" index="0" bw="1" slack="0"/>
</pin_list>
<bind>
<StgValue><ssdm name="freduce_coefficients"/></StgValue>
</bind>
</comp>

<comp id="32" class="1001" name="const_32">
<pin_list>
<pin id="33" dir="1" index="0" bw="1" slack="0"/>
</pin_list>
<bind>
<StgValue><ssdm name="fsquare"/></StgValue>
</bind>
</comp>

<comp id="34" class="1001" name="const_34">
<pin_list>
<pin id="35" dir="1" index="0" bw="1" slack="0"/>
</pin_list>
<bind>
<StgValue><ssdm name="fproduct.1"/></StgValue>
</bind>
</comp>

<comp id="36" class="1001" name="const_36">
<pin_list>
<pin id="37" dir="1" index="0" bw="1" slack="2147483647"/>
</pin_list>
<bind>
<StgValue><ssdm name="_ssdm_op_SpecResourceLimit"/></StgValue>
</bind>
</comp>

<comp id="38" class="1001" name="const_38">
<pin_list>
<pin id="39" dir="1" index="0" bw="1" slack="2147483647"/>
</pin_list>
<bind>
<StgValue><ssdm name=""/></StgValue>
</bind>
</comp>

<comp id="40" class="1001" name="const_40">
<pin_list>
<pin id="41" dir="1" index="0" bw="1" slack="2147483647"/>
</pin_list>
<bind>
<StgValue><ssdm name="p_str7"/></StgValue>
</bind>
</comp>

<comp id="42" class="1001" name="const_42">
<pin_list>
<pin id="43" dir="1" index="0" bw="1" slack="2147483647"/>
</pin_list>
<bind>
<StgValue><ssdm name="p_str1"/></StgValue>
</bind>
</comp>

<comp id="44" class="1001" name="const_44">
<pin_list>
<pin id="45" dir="1" index="0" bw="1" slack="2147483647"/>
</pin_list>
<bind>
<StgValue><ssdm name="p_str8"/></StgValue>
</bind>
</comp>

<comp id="46" class="1001" name="const_46">
<pin_list>
<pin id="47" dir="1" index="0" bw="1" slack="1"/>
</pin_list>
<bind>
<StgValue><ssdm name=""/></StgValue>
</bind>
</comp>

<comp id="48" class="1001" name="const_48">
<pin_list>
<pin id="49" dir="1" index="0" bw="1" slack="0"/>
</pin_list>
<bind>
<StgValue><ssdm name=""/></StgValue>
</bind>
</comp>

<comp id="50" class="1001" name="const_50">
<pin_list>
<pin id="51" dir="1" index="0" bw="1" slack="2147483647"/>
</pin_list>
<bind>
<StgValue><ssdm name="_ssdm_op_SpecLoopTripCount"/></StgValue>
</bind>
</comp>

<comp id="52" class="1001" name="const_52">
<pin_list>
<pin id="53" dir="1" index="0" bw="1" slack="2147483647"/>
</pin_list>
<bind>
<StgValue><ssdm name=""/></StgValue>
</bind>
</comp>

<comp id="54" class="1001" name="const_54">
<pin_list>
<pin id="55" dir="1" index="0" bw="1" slack="0"/>
</pin_list>
<bind>
<StgValue><ssdm name=""/></StgValue>
</bind>
</comp>

<comp id="56" class="1001" name="const_56">
<pin_list>
<pin id="57" dir="1" index="0" bw="1" slack="0"/>
</pin_list>
<bind>
<StgValue><ssdm name=""/></StgValue>
</bind>
</comp>

<comp id="58" class="1001" name="const_58">
<pin_list>
<pin id="59" dir="1" index="0" bw="1" slack="0"/>
</pin_list>
<bind>
<StgValue><ssdm name=""/></StgValue>
</bind>
</comp>

<comp id="60" class="1001" name="const_60">
<pin_list>
<pin id="61" dir="1" index="0" bw="1" slack="2147483647"/>
</pin_list>
<bind>
<StgValue><ssdm name=""/></StgValue>
</bind>
</comp>

<comp id="62" class="1001" name="const_62">
<pin_list>
<pin id="63" dir="1" index="0" bw="1" slack="0"/>
</pin_list>
<bind>
<StgValue><ssdm name=""/></StgValue>
</bind>
</comp>

<comp id="64" class="1001" name="const_64">
<pin_list>
<pin id="65" dir="1" index="0" bw="1" slack="0"/>
</pin_list>
<bind>
<StgValue><ssdm name=""/></StgValue>
</bind>
</comp>

<comp id="66" class="1004" name="origx_alloca_fu_66">
<pin_list>
<pin id="67" dir="0" index="0" bw="1" slack="0"/>
<pin id="68" dir="1" index="1" bw="64" slack="0"/>
</pin_list>
<bind>
<opcode="alloca(26) " fcode="alloca"/>
<opset="origx/1 "/>
</bind>
</comp>

<comp id="70" class="1004" name="origxprime_alloca_fu_70">
<pin_list>
<pin id="71" dir="0" index="0" bw="1" slack="0"/>
<pin id="72" dir="1" index="1" bw="64" slack="2147483647"/>
</pin_list>
<bind>
<opcode="alloca(26) " fcode="alloca"/>
<opset="origxprime/1 "/>
</bind>
</comp>

<comp id="74" class="1004" name="zzz_alloca_fu_74">
<pin_list>
<pin id="75" dir="0" index="0" bw="1" slack="0"/>
<pin id="76" dir="1" index="1" bw="64" slack="2147483647"/>
</pin_list>
<bind>
<opcode="alloca(26) " fcode="alloca"/>
<opset="zzz/1 "/>
</bind>
</comp>

<comp id="78" class="1004" name="xx_alloca_fu_78">
<pin_list>
<pin id="79" dir="0" index="0" bw="1" slack="0"/>
<pin id="80" dir="1" index="1" bw="64" slack="2147483647"/>
</pin_list>
<bind>
<opcode="alloca(26) " fcode="alloca"/>
<opset="xx/1 "/>
</bind>
</comp>

<comp id="82" class="1004" name="zz_alloca_fu_82">
<pin_list>
<pin id="83" dir="0" index="0" bw="1" slack="0"/>
<pin id="84" dir="1" index="1" bw="64" slack="2147483647"/>
</pin_list>
<bind>
<opcode="alloca(26) " fcode="alloca"/>
<opset="zz/1 "/>
</bind>
</comp>

<comp id="86" class="1004" name="xxprime_alloca_fu_86">
<pin_list>
<pin id="87" dir="0" index="0" bw="1" slack="0"/>
<pin id="88" dir="1" index="1" bw="64" slack="2147483647"/>
</pin_list>
<bind>
<opcode="alloca(26) " fcode="alloca"/>
<opset="xxprime/1 "/>
</bind>
</comp>

<comp id="90" class="1004" name="zzprime_alloca_fu_90">
<pin_list>
<pin id="91" dir="0" index="0" bw="1" slack="0"/>
<pin id="92" dir="1" index="1" bw="64" slack="2147483647"/>
</pin_list>
<bind>
<opcode="alloca(26) " fcode="alloca"/>
<opset="zzprime/1 "/>
</bind>
</comp>

<comp id="94" class="1004" name="zzzprime_alloca_fu_94">
<pin_list>
<pin id="95" dir="0" index="0" bw="1" slack="0"/>
<pin id="96" dir="1" index="1" bw="64" slack="2147483647"/>
</pin_list>
<bind>
<opcode="alloca(26) " fcode="alloca"/>
<opset="zzzprime/1 "/>
</bind>
</comp>

<comp id="98" class="1004" name="xxxprime_alloca_fu_98">
<pin_list>
<pin id="99" dir="0" index="0" bw="1" slack="0"/>
<pin id="100" dir="1" index="1" bw="64" slack="2147483647"/>
</pin_list>
<bind>
<opcode="alloca(26) " fcode="alloca"/>
<opset="xxxprime/1 "/>
</bind>
</comp>

<comp id="102" class="1004" name="xxxprime_addr_gep_fu_102">
<pin_list>
<pin id="103" dir="0" index="0" bw="64" slack="2147483647"/>
<pin id="104" dir="0" index="1" bw="1" slack="0"/>
<pin id="105" dir="0" index="2" bw="4" slack="0"/>
<pin id="106" dir="1" index="3" bw="5" slack="0"/>
</pin_list>
<bind>
<opcode="getelementptr(29) " fcode="getelementptr"/>
<opset="xxxprime_addr/27 "/>
</bind>
</comp>

<comp id="108" class="1004" name="grp_access_fu_108">
<pin_list>
<pin id="109" dir="0" index="0" bw="5" slack="0"/>
<pin id="110" dir="0" index="1" bw="64" slack="2147483647"/>
<pin id="111" dir="1" index="2" bw="64" slack="0"/>
</pin_list>
<bind>
<opcode="load(27) " fcode="load"/>
<opset="xxxprime_load/27 "/>
</bind>
</comp>

<comp id="113" class="1004" name="x3_addr_gep_fu_113">
<pin_list>
<pin id="114" dir="0" index="0" bw="64" slack="0"/>
<pin id="115" dir="0" index="1" bw="1" slack="0"/>
<pin id="116" dir="0" index="2" bw="4" slack="1"/>
<pin id="117" dir="1" index="3" bw="5" slack="0"/>
</pin_list>
<bind>
<opcode="getelementptr(29) " fcode="getelementptr"/>
<opset="x3_addr/28 "/>
</bind>
</comp>

<comp id="120" class="1004" name="StgValue_117_access_fu_120">
<pin_list>
<pin id="121" dir="0" index="0" bw="5" slack="0"/>
<pin id="122" dir="0" index="1" bw="64" slack="0"/>
<pin id="123" dir="1" index="2" bw="64" slack="2147483647"/>
</pin_list>
<bind>
<opcode="store(28) " fcode="store"/>
<opset="StgValue_117/28 "/>
</bind>
</comp>

<comp id="126" class="1004" name="zzprime_addr_gep_fu_126">
<pin_list>
<pin id="127" dir="0" index="0" bw="64" slack="2147483647"/>
<pin id="128" dir="0" index="1" bw="1" slack="0"/>
<pin id="129" dir="0" index="2" bw="4" slack="0"/>
<pin id="130" dir="1" index="3" bw="5" slack="0"/>
</pin_list>
<bind>
<opcode="getelementptr(29) " fcode="getelementptr"/>
<opset="zzprime_addr/29 "/>
</bind>
</comp>

<comp id="132" class="1004" name="grp_access_fu_132">
<pin_list>
<pin id="133" dir="0" index="0" bw="5" slack="0"/>
<pin id="134" dir="0" index="1" bw="64" slack="2147483647"/>
<pin id="135" dir="1" index="2" bw="64" slack="0"/>
</pin_list>
<bind>
<opcode="load(27) " fcode="load"/>
<opset="zzprime_load/29 "/>
</bind>
</comp>

<comp id="137" class="1004" name="z3_addr_gep_fu_137">
<pin_list>
<pin id="138" dir="0" index="0" bw="64" slack="0"/>
<pin id="139" dir="0" index="1" bw="1" slack="0"/>
<pin id="140" dir="0" index="2" bw="4" slack="1"/>
<pin id="141" dir="1" index="3" bw="5" slack="0"/>
</pin_list>
<bind>
<opcode="getelementptr(29) " fcode="getelementptr"/>
<opset="z3_addr/30 "/>
</bind>
</comp>

<comp id="144" class="1004" name="StgValue_131_access_fu_144">
<pin_list>
<pin id="145" dir="0" index="0" bw="5" slack="0"/>
<pin id="146" dir="0" index="1" bw="64" slack="0"/>
<pin id="147" dir="1" index="2" bw="64" slack="2147483647"/>
</pin_list>
<bind>
<opcode="store(28) " fcode="store"/>
<opset="StgValue_131/30 "/>
</bind>
</comp>

<comp id="150" class="1004" name="xx_addr_gep_fu_150">
<pin_list>
<pin id="151" dir="0" index="0" bw="64" slack="2147483647"/>
<pin id="152" dir="0" index="1" bw="1" slack="0"/>
<pin id="153" dir="0" index="2" bw="4" slack="0"/>
<pin id="154" dir="1" index="3" bw="5" slack="0"/>
</pin_list>
<bind>
<opcode="getelementptr(29) " fcode="getelementptr"/>
<opset="xx_addr/38 "/>
</bind>
</comp>

<comp id="156" class="1004" name="grp_access_fu_156">
<pin_list>
<pin id="157" dir="0" index="0" bw="5" slack="0"/>
<pin id="158" dir="0" index="1" bw="64" slack="2147483647"/>
<pin id="159" dir="1" index="2" bw="64" slack="0"/>
</pin_list>
<bind>
<opcode="load(27) " fcode="load"/>
<opset="xx_load/38 "/>
</bind>
</comp>

<comp id="161" class="1004" name="zz_addr_gep_fu_161">
<pin_list>
<pin id="162" dir="0" index="0" bw="64" slack="2147483647"/>
<pin id="163" dir="0" index="1" bw="1" slack="0"/>
<pin id="164" dir="0" index="2" bw="4" slack="0"/>
<pin id="165" dir="1" index="3" bw="5" slack="0"/>
</pin_list>
<bind>
<opcode="getelementptr(29) " fcode="getelementptr"/>
<opset="zz_addr/38 "/>
</bind>
</comp>

<comp id="167" class="1004" name="grp_access_fu_167">
<pin_list>
<pin id="168" dir="0" index="0" bw="5" slack="0"/>
<pin id="169" dir="0" index="1" bw="64" slack="0"/>
<pin id="170" dir="1" index="2" bw="64" slack="0"/>
</pin_list>
<bind>
<opcode="load(27) store(28) " fcode="load"/>
<opset="zz_load/38 StgValue_156/39 zz_load_1/42 "/>
</bind>
</comp>

<comp id="172" class="1004" name="zzz_addr_gep_fu_172">
<pin_list>
<pin id="173" dir="0" index="0" bw="64" slack="2147483647"/>
<pin id="174" dir="0" index="1" bw="1" slack="0"/>
<pin id="175" dir="0" index="2" bw="5" slack="0"/>
<pin id="176" dir="1" index="3" bw="5" slack="0"/>
</pin_list>
<bind>
<opcode="getelementptr(29) " fcode="getelementptr"/>
<opset="zzz_addr/41 "/>
</bind>
</comp>

<comp id="178" class="1004" name="grp_access_fu_178">
<pin_list>
<pin id="179" dir="0" index="0" bw="5" slack="0"/>
<pin id="180" dir="0" index="1" bw="64" slack="0"/>
<pin id="181" dir="1" index="2" bw="64" slack="2147483647"/>
</pin_list>
<bind>
<opcode="store(28) " fcode="store"/>
<opset="StgValue_168/41 StgValue_182/44 "/>
</bind>
</comp>

<comp id="184" class="1004" name="zz_addr_1_gep_fu_184">
<pin_list>
<pin id="185" dir="0" index="0" bw="64" slack="2147483647"/>
<pin id="186" dir="0" index="1" bw="1" slack="0"/>
<pin id="187" dir="0" index="2" bw="4" slack="0"/>
<pin id="188" dir="1" index="3" bw="5" slack="0"/>
</pin_list>
<bind>
<opcode="getelementptr(29) " fcode="getelementptr"/>
<opset="zz_addr_1/42 "/>
</bind>
</comp>

<comp id="191" class="1004" name="zzz_addr_1_gep_fu_191">
<pin_list>
<pin id="192" dir="0" index="0" bw="64" slack="2147483647"/>
<pin id="193" dir="0" index="1" bw="1" slack="0"/>
<pin id="194" dir="0" index="2" bw="4" slack="2"/>
<pin id="195" dir="1" index="3" bw="5" slack="0"/>
</pin_list>
<bind>
<opcode="getelementptr(29) " fcode="getelementptr"/>
<opset="zzz_addr_1/44 "/>
</bind>
</comp>

<comp id="198" class="1005" name="reg_198">
<pin_list>
<pin id="199" dir="0" index="0" bw="4" slack="0"/>
<pin id="200" dir="1" index="1" bw="4" slack="0"/>
</pin_list>
<bind>
<opset="i_i (phireg) i_11 "/>
</bind>
</comp>

<comp id="202" class="1004" name="i_i_phi_fu_202">
<pin_list>
<pin id="203" dir="0" index="0" bw="1" slack="1"/>
<pin id="204" dir="0" index="1" bw="0" slack="2147483647"/>
<pin id="205" dir="0" index="2" bw="4" slack="0"/>
<pin id="206" dir="0" index="3" bw="0" slack="2147483647"/>
<pin id="207" dir="1" index="4" bw="4" slack="0"/>
</pin_list>
<bind>
<opcode="phi(47) " fcode="phi"/>
<opset="i_i/27 "/>
</bind>
</comp>

<comp id="209" class="1005" name="i_i9_reg_209">
<pin_list>
<pin id="210" dir="0" index="0" bw="4" slack="1"/>
<pin id="211" dir="1" index="1" bw="4" slack="1"/>
</pin_list>
<bind>
<opset="i_i9 (phireg) "/>
</bind>
</comp>

<comp id="213" class="1004" name="i_i9_phi_fu_213">
<pin_list>
<pin id="214" dir="0" index="0" bw="4" slack="0"/>
<pin id="215" dir="0" index="1" bw="0" slack="2147483647"/>
<pin id="216" dir="0" index="2" bw="1" slack="1"/>
<pin id="217" dir="0" index="3" bw="0" slack="2147483647"/>
<pin id="218" dir="1" index="4" bw="4" slack="0"/>
</pin_list>
<bind>
<opcode="phi(47) " fcode="phi"/>
<opset="i_i9/29 "/>
</bind>
</comp>

<comp id="220" class="1005" name="reg_220">
<pin_list>
<pin id="221" dir="0" index="0" bw="4" slack="0"/>
<pin id="222" dir="1" index="1" bw="4" slack="0"/>
</pin_list>
<bind>
<opset="i_i1 (phireg) i_9 i_12 "/>
</bind>
</comp>

<comp id="224" class="1004" name="i_i1_phi_fu_224">
<pin_list>
<pin id="225" dir="0" index="0" bw="1" slack="1"/>
<pin id="226" dir="0" index="1" bw="0" slack="2147483647"/>
<pin id="227" dir="0" index="2" bw="4" slack="0"/>
<pin id="228" dir="0" index="3" bw="0" slack="2147483647"/>
<pin id="229" dir="1" index="4" bw="4" slack="0"/>
</pin_list>
<bind>
<opcode="phi(47) " fcode="phi"/>
<opset="i_i1/38 "/>
</bind>
</comp>

<comp id="231" class="1005" name="reg_231">
<pin_list>
<pin id="232" dir="0" index="0" bw="4" slack="0"/>
<pin id="233" dir="1" index="1" bw="4" slack="0"/>
</pin_list>
<bind>
<opset="i_i2 (phireg) i i_10 "/>
</bind>
</comp>

<comp id="235" class="1004" name="i_i2_phi_fu_235">
<pin_list>
<pin id="236" dir="0" index="0" bw="4" slack="0"/>
<pin id="237" dir="0" index="1" bw="0" slack="2147483647"/>
<pin id="238" dir="0" index="2" bw="1" slack="1"/>
<pin id="239" dir="0" index="3" bw="0" slack="2147483647"/>
<pin id="240" dir="1" index="4" bw="4" slack="0"/>
</pin_list>
<bind>
<opcode="phi(47) " fcode="phi"/>
<opset="i_i2/40 "/>
</bind>
</comp>

<comp id="243" class="1005" name="i_i3_reg_243">
<pin_list>
<pin id="244" dir="0" index="0" bw="4" slack="1"/>
<pin id="245" dir="1" index="1" bw="4" slack="1"/>
</pin_list>
<bind>
<opset="i_i3 (phireg) "/>
</bind>
</comp>

<comp id="247" class="1004" name="i_i3_phi_fu_247">
<pin_list>
<pin id="248" dir="0" index="0" bw="4" slack="0"/>
<pin id="249" dir="0" index="1" bw="0" slack="2147483647"/>
<pin id="250" dir="0" index="2" bw="1" slack="1"/>
<pin id="251" dir="0" index="3" bw="0" slack="2147483647"/>
<pin id="252" dir="1" index="4" bw="4" slack="0"/>
</pin_list>
<bind>
<opcode="phi(47) " fcode="phi"/>
<opset="i_i3/42 "/>
</bind>
</comp>

<comp id="254" class="1004" name="grp_fu_254">
<pin_list>
<pin id="260" dir="0" index="0" bw="4" slack="0"/>
<pin id="261" dir="0" index="1" bw="5" slack="0"/>
<pin id="262" dir="1" index="2" bw="5" slack="0"/>
</pin_list>
<bind>
<opcode="add(8) " fcode="add"/>
<opset="i/27 i_9/29 i_10/38 i_11/40 sum_i/41 i_12/42 "/>
</bind>
</comp>

<comp id="316" class="1004" name="tmp_322_i_fu_316">
<pin_list>
<pin id="322" dir="0" index="0" bw="64" slack="1"/>
<pin id="323" dir="0" index="1" bw="18" slack="0"/>
<pin id="324" dir="1" index="2" bw="64" slack="0"/>
</pin_list>
<bind>
<opcode="mul(12) " fcode="mul"/>
<opset="tmp_322_i/44 "/>
</bind>
</comp>

<comp id="331" class="1004" name="grp_fsquare_fu_331">
<pin_list>
<pin id="332" dir="0" index="0" bw="0" slack="0"/>
<pin id="333" dir="0" index="1" bw="64" slack="2147483647"/>
<pin id="334" dir="0" index="2" bw="64" slack="0"/>
<pin id="335" dir="1" index="3" bw="0" slack="2147483647"/>
</pin_list>
<bind>
<opcode="call(48) " fcode="call"/>
<opset="StgValue_92/17 StgValue_95/19 StgValue_127/29 "/>
</bind>
</comp>

<comp id="338" class="1004" name="grp_fsquare_fu_338">
<pin_list>
<pin id="339" dir="0" index="0" bw="0" slack="0"/>
<pin id="340" dir="0" index="1" bw="64" slack="2147483647"/>
<pin id="341" dir="0" index="2" bw="64" slack="0"/>
<pin id="342" dir="1" index="3" bw="0" slack="2147483647"/>
</pin_list>
<bind>
<opcode="call(48) " fcode="call"/>
<opset="StgValue_128/29 "/>
</bind>
</comp>

<comp id="345" class="1004" name="grp_fproduct_fu_345">
<pin_list>
<pin id="346" dir="0" index="0" bw="0" slack="0"/>
<pin id="347" dir="0" index="1" bw="64" slack="0"/>
<pin id="348" dir="0" index="2" bw="64" slack="0"/>
<pin id="349" dir="0" index="3" bw="64" slack="0"/>
<pin id="350" dir="1" index="4" bw="0" slack="2147483647"/>
</pin_list>
<bind>
<opcode="call(48) " fcode="call"/>
<opset="StgValue_74/7 StgValue_77/9 StgValue_135/32 StgValue_187/48 "/>
</bind>
</comp>

<comp id="358" class="1004" name="grp_fproduct_1_fu_358">
<pin_list>
<pin id="359" dir="0" index="0" bw="0" slack="0"/>
<pin id="360" dir="0" index="1" bw="64" slack="2147483647"/>
<pin id="361" dir="0" index="2" bw="64" slack="2147483647"/>
<pin id="362" dir="0" index="3" bw="26" slack="0"/>
<pin id="363" dir="1" index="4" bw="0" slack="2147483647"/>
</pin_list>
<bind>
<opcode="call(48) " fcode="call"/>
<opset="StgValue_97/21 "/>
</bind>
</comp>

<comp id="366" class="1004" name="grp_freduce_degree_fu_366">
<pin_list>
<pin id="367" dir="0" index="0" bw="0" slack="0"/>
<pin id="368" dir="0" index="1" bw="64" slack="0"/>
<pin id="369" dir="1" index="2" bw="0" slack="2147483647"/>
</pin_list>
<bind>
<opcode="call(48) " fcode="call"/>
<opset="StgValue_78/9 StgValue_82/11 StgValue_99/23 StgValue_137/34 StgValue_189/50 "/>
</bind>
</comp>

<comp id="373" class="1004" name="grp_freduce_coefficients_fu_373">
<pin_list>
<pin id="374" dir="0" index="0" bw="0" slack="0"/>
<pin id="375" dir="0" index="1" bw="64" slack="0"/>
<pin id="376" dir="1" index="2" bw="0" slack="2147483647"/>
</pin_list>
<bind>
<opcode="call(48) " fcode="call"/>
<opset="StgValue_81/11 StgValue_85/13 StgValue_101/25 StgValue_139/36 StgValue_178/42 StgValue_191/52 "/>
</bind>
</comp>

<comp id="380" class="1004" name="grp_fsum_fu_380">
<pin_list>
<pin id="381" dir="0" index="0" bw="0" slack="0"/>
<pin id="382" dir="0" index="1" bw="64" slack="0"/>
<pin id="383" dir="0" index="2" bw="64" slack="0"/>
<pin id="384" dir="1" index="3" bw="0" slack="2147483647"/>
</pin_list>
<bind>
<opcode="call(48) " fcode="call"/>
<opset="StgValue_65/3 StgValue_70/5 StgValue_89/15 StgValue_185/46 "/>
</bind>
</comp>

<comp id="390" class="1004" name="grp_fdifference_1_fu_390">
<pin_list>
<pin id="391" dir="0" index="0" bw="0" slack="0"/>
<pin id="392" dir="0" index="1" bw="64" slack="0"/>
<pin id="393" dir="0" index="2" bw="64" slack="2147483647"/>
<pin id="394" dir="1" index="3" bw="0" slack="2147483647"/>
</pin_list>
<bind>
<opcode="call(48) " fcode="call"/>
<opset="StgValue_69/5 StgValue_73/7 StgValue_91/17 "/>
</bind>
</comp>

<comp id="398" class="1004" name="grp_p_memcpy_fu_398">
<pin_list>
<pin id="399" dir="0" index="0" bw="0" slack="0"/>
<pin id="400" dir="0" index="1" bw="64" slack="0"/>
<pin id="401" dir="0" index="2" bw="64" slack="0"/>
<pin id="402" dir="1" index="3" bw="0" slack="2147483647"/>
</pin_list>
<bind>
<opcode="call(48) " fcode="call"/>
<opset="StgValue_63/1 StgValue_66/3 StgValue_86/13 "/>
</bind>
</comp>

<comp id="407" class="1004" name="exitcond_i_fu_407">
<pin_list>
<pin id="408" dir="0" index="0" bw="4" slack="0"/>
<pin id="409" dir="0" index="1" bw="4" slack="0"/>
<pin id="410" dir="1" index="2" bw="1" slack="2147483647"/>
</pin_list>
<bind>
<opcode="icmp(45) " fcode="icmp"/>
<opset="exitcond_i/27 "/>
</bind>
</comp>

<comp id="413" class="1004" name="tmp_i_fu_413">
<pin_list>
<pin id="414" dir="0" index="0" bw="4" slack="0"/>
<pin id="415" dir="1" index="1" bw="64" slack="0"/>
</pin_list>
<bind>
<opcode="zext(34) " fcode="zext"/>
<opset="tmp_i/27 "/>
</bind>
</comp>

<comp id="418" class="1004" name="exitcond_i1_fu_418">
<pin_list>
<pin id="419" dir="0" index="0" bw="4" slack="0"/>
<pin id="420" dir="0" index="1" bw="4" slack="0"/>
<pin id="421" dir="1" index="2" bw="1" slack="2147483647"/>
</pin_list>
<bind>
<opcode="icmp(45) " fcode="icmp"/>
<opset="exitcond_i1/29 "/>
</bind>
</comp>

<comp id="424" class="1004" name="tmp_i2_fu_424">
<pin_list>
<pin id="425" dir="0" index="0" bw="4" slack="0"/>
<pin id="426" dir="1" index="1" bw="64" slack="0"/>
</pin_list>
<bind>
<opcode="zext(34) " fcode="zext"/>
<opset="tmp_i2/29 "/>
</bind>
</comp>

<comp id="429" class="1004" name="tmp_i3_fu_429">
<pin_list>
<pin id="430" dir="0" index="0" bw="4" slack="0"/>
<pin id="431" dir="0" index="1" bw="4" slack="0"/>
<pin id="432" dir="1" index="2" bw="1" slack="2147483647"/>
</pin_list>
<bind>
<opcode="icmp(45) " fcode="icmp"/>
<opset="tmp_i3/38 "/>
</bind>
</comp>

<comp id="435" class="1004" name="tmp_i_23_fu_435">
<pin_list>
<pin id="436" dir="0" index="0" bw="4" slack="0"/>
<pin id="437" dir="1" index="1" bw="64" slack="0"/>
</pin_list>
<bind>
<opcode="zext(34) " fcode="zext"/>
<opset="tmp_i_23/38 "/>
</bind>
</comp>

<comp id="441" class="1004" name="tmp_930_i_fu_441">
<pin_list>
<pin id="442" dir="0" index="0" bw="64" slack="0"/>
<pin id="443" dir="0" index="1" bw="64" slack="0"/>
<pin id="444" dir="1" index="2" bw="64" slack="0"/>
</pin_list>
<bind>
<opcode="sub(10) " fcode="sub"/>
<opset="tmp_930_i/39 "/>
</bind>
</comp>

<comp id="448" class="1004" name="exitcond_i2_fu_448">
<pin_list>
<pin id="449" dir="0" index="0" bw="4" slack="0"/>
<pin id="450" dir="0" index="1" bw="4" slack="0"/>
<pin id="451" dir="1" index="2" bw="1" slack="2147483647"/>
</pin_list>
<bind>
<opcode="icmp(45) " fcode="icmp"/>
<opset="exitcond_i2/40 "/>
</bind>
</comp>

<comp id="454" class="1004" name="tmp_i4_cast_fu_454">
<pin_list>
<pin id="455" dir="0" index="0" bw="4" slack="1"/>
<pin id="456" dir="1" index="1" bw="5" slack="0"/>
</pin_list>
<bind>
<opcode="zext(34) " fcode="zext"/>
<opset="tmp_i4_cast/41 "/>
</bind>
</comp>

<comp id="459" class="1004" name="sum_i_cast_fu_459">
<pin_list>
<pin id="460" dir="0" index="0" bw="5" slack="0"/>
<pin id="461" dir="1" index="1" bw="64" slack="0"/>
</pin_list>
<bind>
<opcode="zext(34) " fcode="zext"/>
<opset="sum_i_cast/41 "/>
</bind>
</comp>

<comp id="464" class="1004" name="tmp_i5_fu_464">
<pin_list>
<pin id="465" dir="0" index="0" bw="4" slack="0"/>
<pin id="466" dir="0" index="1" bw="4" slack="0"/>
<pin id="467" dir="1" index="2" bw="1" slack="2147483647"/>
</pin_list>
<bind>
<opcode="icmp(45) " fcode="icmp"/>
<opset="tmp_i5/42 "/>
</bind>
</comp>

<comp id="470" class="1004" name="tmp_i3_26_fu_470">
<pin_list>
<pin id="471" dir="0" index="0" bw="4" slack="0"/>
<pin id="472" dir="1" index="1" bw="64" slack="0"/>
</pin_list>
<bind>
<opcode="zext(34) " fcode="zext"/>
<opset="tmp_i3_26/42 "/>
</bind>
</comp>

<comp id="478" class="1005" name="tmp_i_reg_478">
<pin_list>
<pin id="479" dir="0" index="0" bw="64" slack="1"/>
<pin id="480" dir="1" index="1" bw="64" slack="1"/>
</pin_list>
<bind>
<opset="tmp_i "/>
</bind>
</comp>

<comp id="483" class="1005" name="xxxprime_addr_reg_483">
<pin_list>
<pin id="484" dir="0" index="0" bw="5" slack="1"/>
<pin id="485" dir="1" index="1" bw="5" slack="1"/>
</pin_list>
<bind>
<opset="xxxprime_addr "/>
</bind>
</comp>

<comp id="491" class="1005" name="tmp_i2_reg_491">
<pin_list>
<pin id="492" dir="0" index="0" bw="64" slack="1"/>
<pin id="493" dir="1" index="1" bw="64" slack="1"/>
</pin_list>
<bind>
<opset="tmp_i2 "/>
</bind>
</comp>

<comp id="496" class="1005" name="zzprime_addr_reg_496">
<pin_list>
<pin id="497" dir="0" index="0" bw="5" slack="1"/>
<pin id="498" dir="1" index="1" bw="5" slack="1"/>
</pin_list>
<bind>
<opset="zzprime_addr "/>
</bind>
</comp>

<comp id="504" class="1005" name="xx_addr_reg_504">
<pin_list>
<pin id="505" dir="0" index="0" bw="5" slack="1"/>
<pin id="506" dir="1" index="1" bw="5" slack="1"/>
</pin_list>
<bind>
<opset="xx_addr "/>
</bind>
</comp>

<comp id="509" class="1005" name="zz_addr_reg_509">
<pin_list>
<pin id="510" dir="0" index="0" bw="5" slack="1"/>
<pin id="511" dir="1" index="1" bw="5" slack="1"/>
</pin_list>
<bind>
<opset="zz_addr "/>
</bind>
</comp>

<comp id="520" class="1005" name="tmp_i3_26_reg_520">
<pin_list>
<pin id="521" dir="0" index="0" bw="64" slack="2"/>
<pin id="522" dir="1" index="1" bw="64" slack="2"/>
</pin_list>
<bind>
<opset="tmp_i3_26 "/>
</bind>
</comp>

<comp id="525" class="1005" name="zz_addr_1_reg_525">
<pin_list>
<pin id="526" dir="0" index="0" bw="5" slack="1"/>
<pin id="527" dir="1" index="1" bw="5" slack="1"/>
</pin_list>
<bind>
<opset="zz_addr_1 "/>
</bind>
</comp>

<comp id="530" class="1005" name="zz_load_1_reg_530">
<pin_list>
<pin id="531" dir="0" index="0" bw="64" slack="1"/>
<pin id="532" dir="1" index="1" bw="64" slack="1"/>
</pin_list>
<bind>
<opset="zz_load_1 "/>
</bind>
</comp>

</comp_list>

<net_list>
<net id="69"><net_src comp="18" pin="0"/><net_sink comp="66" pin=0"/></net>

<net id="73"><net_src comp="18" pin="0"/><net_sink comp="70" pin=0"/></net>

<net id="77"><net_src comp="18" pin="0"/><net_sink comp="74" pin=0"/></net>

<net id="81"><net_src comp="18" pin="0"/><net_sink comp="78" pin=0"/></net>

<net id="85"><net_src comp="18" pin="0"/><net_sink comp="82" pin=0"/></net>

<net id="89"><net_src comp="18" pin="0"/><net_sink comp="86" pin=0"/></net>

<net id="93"><net_src comp="18" pin="0"/><net_sink comp="90" pin=0"/></net>

<net id="97"><net_src comp="18" pin="0"/><net_sink comp="94" pin=0"/></net>

<net id="101"><net_src comp="18" pin="0"/><net_sink comp="98" pin=0"/></net>

<net id="107"><net_src comp="56" pin="0"/><net_sink comp="102" pin=1"/></net>

<net id="112"><net_src comp="102" pin="3"/><net_sink comp="108" pin=0"/></net>

<net id="118"><net_src comp="4" pin="0"/><net_sink comp="113" pin=0"/></net>

<net id="119"><net_src comp="56" pin="0"/><net_sink comp="113" pin=1"/></net>

<net id="124"><net_src comp="108" pin="2"/><net_sink comp="120" pin=1"/></net>

<net id="125"><net_src comp="113" pin="3"/><net_sink comp="120" pin=0"/></net>

<net id="131"><net_src comp="56" pin="0"/><net_sink comp="126" pin=1"/></net>

<net id="136"><net_src comp="126" pin="3"/><net_sink comp="132" pin=0"/></net>

<net id="142"><net_src comp="6" pin="0"/><net_sink comp="137" pin=0"/></net>

<net id="143"><net_src comp="56" pin="0"/><net_sink comp="137" pin=1"/></net>

<net id="148"><net_src comp="132" pin="2"/><net_sink comp="144" pin=1"/></net>

<net id="149"><net_src comp="137" pin="3"/><net_sink comp="144" pin=0"/></net>

<net id="155"><net_src comp="56" pin="0"/><net_sink comp="150" pin=1"/></net>

<net id="160"><net_src comp="150" pin="3"/><net_sink comp="156" pin=0"/></net>

<net id="166"><net_src comp="56" pin="0"/><net_sink comp="161" pin=1"/></net>

<net id="171"><net_src comp="161" pin="3"/><net_sink comp="167" pin=0"/></net>

<net id="177"><net_src comp="56" pin="0"/><net_sink comp="172" pin=1"/></net>

<net id="182"><net_src comp="56" pin="0"/><net_sink comp="178" pin=1"/></net>

<net id="183"><net_src comp="172" pin="3"/><net_sink comp="178" pin=0"/></net>

<net id="189"><net_src comp="56" pin="0"/><net_sink comp="184" pin=1"/></net>

<net id="190"><net_src comp="184" pin="3"/><net_sink comp="167" pin=0"/></net>

<net id="196"><net_src comp="56" pin="0"/><net_sink comp="191" pin=1"/></net>

<net id="197"><net_src comp="191" pin="3"/><net_sink comp="178" pin=0"/></net>

<net id="201"><net_src comp="46" pin="0"/><net_sink comp="198" pin=0"/></net>

<net id="208"><net_src comp="198" pin="1"/><net_sink comp="202" pin=0"/></net>

<net id="212"><net_src comp="46" pin="0"/><net_sink comp="209" pin=0"/></net>

<net id="219"><net_src comp="209" pin="1"/><net_sink comp="213" pin=2"/></net>

<net id="223"><net_src comp="46" pin="0"/><net_sink comp="220" pin=0"/></net>

<net id="230"><net_src comp="220" pin="1"/><net_sink comp="224" pin=0"/></net>

<net id="234"><net_src comp="46" pin="0"/><net_sink comp="231" pin=0"/></net>

<net id="241"><net_src comp="231" pin="1"/><net_sink comp="235" pin=2"/></net>

<net id="242"><net_src comp="235" pin="4"/><net_sink comp="231" pin=0"/></net>

<net id="246"><net_src comp="46" pin="0"/><net_sink comp="243" pin=0"/></net>

<net id="253"><net_src comp="243" pin="1"/><net_sink comp="247" pin=2"/></net>

<net id="263"><net_src comp="202" pin="4"/><net_sink comp="254" pin=0"/></net>

<net id="264"><net_src comp="54" pin="0"/><net_sink comp="254" pin=1"/></net>

<net id="273"><net_src comp="254" pin="2"/><net_sink comp="231" pin=0"/></net>

<net id="274"><net_src comp="231" pin="1"/><net_sink comp="202" pin=2"/></net>

<net id="276"><net_src comp="213" pin="4"/><net_sink comp="254" pin=0"/></net>

<net id="281"><net_src comp="254" pin="2"/><net_sink comp="220" pin=0"/></net>

<net id="282"><net_src comp="220" pin="1"/><net_sink comp="213" pin=0"/></net>

<net id="284"><net_src comp="224" pin="4"/><net_sink comp="254" pin=0"/></net>

<net id="292"><net_src comp="231" pin="1"/><net_sink comp="224" pin=2"/></net>

<net id="294"><net_src comp="235" pin="4"/><net_sink comp="254" pin=0"/></net>

<net id="301"><net_src comp="254" pin="2"/><net_sink comp="198" pin=0"/></net>

<net id="302"><net_src comp="198" pin="1"/><net_sink comp="235" pin=0"/></net>

<net id="304"><net_src comp="62" pin="0"/><net_sink comp="254" pin=1"/></net>

<net id="309"><net_src comp="247" pin="4"/><net_sink comp="254" pin=0"/></net>

<net id="315"><net_src comp="220" pin="1"/><net_sink comp="247" pin=0"/></net>

<net id="325"><net_src comp="64" pin="0"/><net_sink comp="316" pin=1"/></net>

<net id="326"><net_src comp="316" pin="2"/><net_sink comp="178" pin=1"/></net>

<net id="336"><net_src comp="32" pin="0"/><net_sink comp="331" pin=0"/></net>

<net id="337"><net_src comp="8" pin="0"/><net_sink comp="331" pin=2"/></net>

<net id="343"><net_src comp="32" pin="0"/><net_sink comp="338" pin=0"/></net>

<net id="344"><net_src comp="10" pin="0"/><net_sink comp="338" pin=2"/></net>

<net id="351"><net_src comp="26" pin="0"/><net_sink comp="345" pin=0"/></net>

<net id="352"><net_src comp="12" pin="0"/><net_sink comp="345" pin=2"/></net>

<net id="353"><net_src comp="10" pin="0"/><net_sink comp="345" pin=3"/></net>

<net id="354"><net_src comp="8" pin="0"/><net_sink comp="345" pin=2"/></net>

<net id="355"><net_src comp="14" pin="0"/><net_sink comp="345" pin=3"/></net>

<net id="356"><net_src comp="0" pin="0"/><net_sink comp="345" pin=1"/></net>

<net id="357"><net_src comp="2" pin="0"/><net_sink comp="345" pin=1"/></net>

<net id="364"><net_src comp="34" pin="0"/><net_sink comp="358" pin=0"/></net>

<net id="365"><net_src comp="16" pin="0"/><net_sink comp="358" pin=3"/></net>

<net id="370"><net_src comp="28" pin="0"/><net_sink comp="366" pin=0"/></net>

<net id="371"><net_src comp="0" pin="0"/><net_sink comp="366" pin=1"/></net>

<net id="372"><net_src comp="2" pin="0"/><net_sink comp="366" pin=1"/></net>

<net id="377"><net_src comp="30" pin="0"/><net_sink comp="373" pin=0"/></net>

<net id="378"><net_src comp="0" pin="0"/><net_sink comp="373" pin=1"/></net>

<net id="379"><net_src comp="2" pin="0"/><net_sink comp="373" pin=1"/></net>

<net id="385"><net_src comp="22" pin="0"/><net_sink comp="380" pin=0"/></net>

<net id="386"><net_src comp="8" pin="0"/><net_sink comp="380" pin=1"/></net>

<net id="387"><net_src comp="10" pin="0"/><net_sink comp="380" pin=2"/></net>

<net id="388"><net_src comp="12" pin="0"/><net_sink comp="380" pin=1"/></net>

<net id="389"><net_src comp="14" pin="0"/><net_sink comp="380" pin=2"/></net>

<net id="395"><net_src comp="24" pin="0"/><net_sink comp="390" pin=0"/></net>

<net id="396"><net_src comp="10" pin="0"/><net_sink comp="390" pin=1"/></net>

<net id="397"><net_src comp="14" pin="0"/><net_sink comp="390" pin=1"/></net>

<net id="403"><net_src comp="20" pin="0"/><net_sink comp="398" pin=0"/></net>

<net id="404"><net_src comp="66" pin="1"/><net_sink comp="398" pin=1"/></net>

<net id="405"><net_src comp="8" pin="0"/><net_sink comp="398" pin=2"/></net>

<net id="406"><net_src comp="12" pin="0"/><net_sink comp="398" pin=2"/></net>

<net id="411"><net_src comp="202" pin="4"/><net_sink comp="407" pin=0"/></net>

<net id="412"><net_src comp="48" pin="0"/><net_sink comp="407" pin=1"/></net>

<net id="416"><net_src comp="202" pin="4"/><net_sink comp="413" pin=0"/></net>

<net id="417"><net_src comp="413" pin="1"/><net_sink comp="102" pin=2"/></net>

<net id="422"><net_src comp="213" pin="4"/><net_sink comp="418" pin=0"/></net>

<net id="423"><net_src comp="48" pin="0"/><net_sink comp="418" pin=1"/></net>

<net id="427"><net_src comp="213" pin="4"/><net_sink comp="424" pin=0"/></net>

<net id="428"><net_src comp="424" pin="1"/><net_sink comp="126" pin=2"/></net>

<net id="433"><net_src comp="224" pin="4"/><net_sink comp="429" pin=0"/></net>

<net id="434"><net_src comp="48" pin="0"/><net_sink comp="429" pin=1"/></net>

<net id="438"><net_src comp="224" pin="4"/><net_sink comp="435" pin=0"/></net>

<net id="439"><net_src comp="435" pin="1"/><net_sink comp="150" pin=2"/></net>

<net id="440"><net_src comp="435" pin="1"/><net_sink comp="161" pin=2"/></net>

<net id="445"><net_src comp="156" pin="2"/><net_sink comp="441" pin=0"/></net>

<net id="446"><net_src comp="167" pin="2"/><net_sink comp="441" pin=1"/></net>

<net id="447"><net_src comp="441" pin="2"/><net_sink comp="167" pin=1"/></net>

<net id="452"><net_src comp="235" pin="4"/><net_sink comp="448" pin=0"/></net>

<net id="453"><net_src comp="58" pin="0"/><net_sink comp="448" pin=1"/></net>

<net id="457"><net_src comp="231" pin="1"/><net_sink comp="454" pin=0"/></net>

<net id="458"><net_src comp="454" pin="1"/><net_sink comp="254" pin=0"/></net>

<net id="462"><net_src comp="254" pin="2"/><net_sink comp="459" pin=0"/></net>

<net id="463"><net_src comp="459" pin="1"/><net_sink comp="172" pin=2"/></net>

<net id="468"><net_src comp="247" pin="4"/><net_sink comp="464" pin=0"/></net>

<net id="469"><net_src comp="48" pin="0"/><net_sink comp="464" pin=1"/></net>

<net id="473"><net_src comp="247" pin="4"/><net_sink comp="470" pin=0"/></net>

<net id="474"><net_src comp="470" pin="1"/><net_sink comp="184" pin=2"/></net>

<net id="481"><net_src comp="413" pin="1"/><net_sink comp="478" pin=0"/></net>

<net id="482"><net_src comp="478" pin="1"/><net_sink comp="113" pin=2"/></net>

<net id="486"><net_src comp="102" pin="3"/><net_sink comp="483" pin=0"/></net>

<net id="487"><net_src comp="483" pin="1"/><net_sink comp="108" pin=0"/></net>

<net id="494"><net_src comp="424" pin="1"/><net_sink comp="491" pin=0"/></net>

<net id="495"><net_src comp="491" pin="1"/><net_sink comp="137" pin=2"/></net>

<net id="499"><net_src comp="126" pin="3"/><net_sink comp="496" pin=0"/></net>

<net id="500"><net_src comp="496" pin="1"/><net_sink comp="132" pin=0"/></net>

<net id="507"><net_src comp="150" pin="3"/><net_sink comp="504" pin=0"/></net>

<net id="508"><net_src comp="504" pin="1"/><net_sink comp="156" pin=0"/></net>

<net id="512"><net_src comp="161" pin="3"/><net_sink comp="509" pin=0"/></net>

<net id="513"><net_src comp="509" pin="1"/><net_sink comp="167" pin=0"/></net>

<net id="523"><net_src comp="470" pin="1"/><net_sink comp="520" pin=0"/></net>

<net id="524"><net_src comp="520" pin="1"/><net_sink comp="191" pin=2"/></net>

<net id="528"><net_src comp="184" pin="3"/><net_sink comp="525" pin=0"/></net>

<net id="529"><net_src comp="525" pin="1"/><net_sink comp="167" pin=0"/></net>

<net id="533"><net_src comp="167" pin="2"/><net_sink comp="530" pin=0"/></net>

<net id="534"><net_src comp="530" pin="1"/><net_sink comp="316" pin=0"/></net>

</net_list>

</model> 
---------------- Datapath Model END ------------------

* FSMD analyzer results:
  - Output states:
	Port: x2 | {32 33 34 35 36 37 }
	Port: z2 | {48 49 50 51 52 53 }
	Port: x3 | {28 }
	Port: z3 | {30 }
	Port: x | {3 4 }
	Port: z | {5 6 }
	Port: xprime | {5 6 }
	Port: zprime | {7 8 }
 - Input state : 
	Port: fmonty : x2 | {34 35 36 37 }
	Port: fmonty : z2 | {50 51 52 53 }
	Port: fmonty : x | {1 2 3 4 9 10 29 31 }
	Port: fmonty : z | {3 4 5 6 7 8 29 31 }
	Port: fmonty : xprime | {3 4 5 6 7 8 }
	Port: fmonty : zprime | {5 6 7 8 9 10 }
	Port: fmonty : qmqp | {21 22 }
  - Chain level:
	State 1
		StgValue_63 : 1
	State 2
	State 3
	State 4
	State 5
	State 6
	State 7
	State 8
	State 9
	State 10
	State 11
	State 12
	State 13
	State 14
	State 15
	State 16
	State 17
	State 18
	State 19
	State 20
	State 21
	State 22
	State 23
	State 24
	State 25
	State 26
	State 27
		exitcond_i : 1
		i : 1
		StgValue_110 : 2
		tmp_i : 1
		xxxprime_addr : 2
		xxxprime_load : 3
	State 28
		StgValue_117 : 1
	State 29
		exitcond_i1 : 1
		i_9 : 1
		StgValue_123 : 2
		tmp_i2 : 1
		zzprime_addr : 2
		zzprime_load : 3
	State 30
		StgValue_131 : 1
	State 31
	State 32
	State 33
	State 34
	State 35
	State 36
	State 37
	State 38
		tmp_i3 : 1
		i_10 : 1
		StgValue_146 : 2
		tmp_i_23 : 1
		xx_addr : 2
		xx_load : 3
		zz_addr : 2
		zz_load : 3
	State 39
		tmp_930_i : 1
		StgValue_156 : 2
	State 40
		exitcond_i2 : 1
		i_11 : 1
		StgValue_162 : 2
	State 41
		sum_i : 1
		sum_i_cast : 2
		zzz_addr : 3
		StgValue_168 : 4
	State 42
		tmp_i5 : 1
		i_12 : 1
		StgValue_174 : 2
		tmp_i3_26 : 1
		zz_addr_1 : 2
		zz_load_1 : 3
	State 43
	State 44
		StgValue_182 : 1
	State 45
	State 46
	State 47
	State 48
	State 49
	State 50
	State 51
	State 52
	State 53


============================================================
+ Verbose Summary: Datapath Resource usage 
============================================================

* Functional unit list:
|----------|---------------------------------|---------|---------|---------|---------|---------|
| Operation|         Functional Unit         |   BRAM  |  DSP48E |  Delay  |    FF   |   LUT   |
|----------|---------------------------------|---------|---------|---------|---------|---------|
|          |        grp_fsquare_fu_331       |    4    |    3    | 19.5519 |   3570  |   1646  |
|          |        grp_fsquare_fu_338       |    4    |    3    | 19.5519 |   3570  |   1646  |
|          |       grp_fproduct_fu_345       |    0    |    3    | 11.2148 |   2716  |   782   |
|          |      grp_fproduct_1_fu_358      |    0    |    3    | 11.2148 |   2668  |   782   |
|   call   |    grp_freduce_degree_fu_366    |    0    |    0    | 3.92538 |   666   |   1525  |
|          | grp_freduce_coefficients_fu_373 |    0    |    0    |  3.5457 |   242   |   1045  |
|          |         grp_fsum_fu_380         |    0    |    0    |  2.624  |    28   |   192   |
|          |     grp_fdifference_1_fu_390    |    0    |    0    |  1.312  |    17   |   103   |
|          |       grp_p_memcpy_fu_398       |    0    |    0    |  0.656  |    77   |    23   |
|----------|---------------------------------|---------|---------|---------|---------|---------|
|    sub   |         tmp_930_i_fu_441        |    0    |    0    |    0    |    0    |    71   |
|----------|---------------------------------|---------|---------|---------|---------|---------|
|    mul   |         tmp_322_i_fu_316        |    0    |    10   |    0    |    0    |    46   |
|----------|---------------------------------|---------|---------|---------|---------|---------|
|    add   |            grp_fu_254           |    0    |    0    |    0    |    0    |    15   |
|----------|---------------------------------|---------|---------|---------|---------|---------|
|          |        exitcond_i_fu_407        |    0    |    0    |    0    |    0    |    2    |
|          |        exitcond_i1_fu_418       |    0    |    0    |    0    |    0    |    2    |
|   icmp   |          tmp_i3_fu_429          |    0    |    0    |    0    |    0    |    2    |
|          |        exitcond_i2_fu_448       |    0    |    0    |    0    |    0    |    2    |
|          |          tmp_i5_fu_464          |    0    |    0    |    0    |    0    |    2    |
|----------|---------------------------------|---------|---------|---------|---------|---------|
|          |           tmp_i_fu_413          |    0    |    0    |    0    |    0    |    0    |
|          |          tmp_i2_fu_424          |    0    |    0    |    0    |    0    |    0    |
|   zext   |         tmp_i_23_fu_435         |    0    |    0    |    0    |    0    |    0    |
|          |        tmp_i4_cast_fu_454       |    0    |    0    |    0    |    0    |    0    |
|          |        sum_i_cast_fu_459        |    0    |    0    |    0    |    0    |    0    |
|          |         tmp_i3_26_fu_470        |    0    |    0    |    0    |    0    |    0    |
|----------|---------------------------------|---------|---------|---------|---------|---------|
|   Total  |                                 |    8    |    22   | 73.5964 |  13554  |   7886  |
|----------|---------------------------------|---------|---------|---------|---------|---------|

Memories:
+----------+--------+--------+--------+
|          |  BRAM  |   FF   |   LUT  |
+----------+--------+--------+--------+
|   origx  |    0   |   128  |   10   |
|origxprime|    0   |   128  |   10   |
|    xx    |    4   |    0   |    0   |
|  xxprime |    4   |    0   |    0   |
| xxxprime |    2   |    0   |    0   |
|    zz    |    2   |    0   |    0   |
|  zzprime |    4   |    0   |    0   |
|    zzz   |    4   |    0   |    0   |
| zzzprime |    2   |    0   |    0   |
+----------+--------+--------+--------+
|   Total  |   22   |   256  |   20   |
+----------+--------+--------+--------+

* Register list:
+---------------------+--------+
|                     |   FF   |
+---------------------+--------+
|     i_i3_reg_243    |    4   |
|     i_i9_reg_209    |    4   |
|       reg_198       |    4   |
|       reg_220       |    4   |
|       reg_231       |    4   |
|    tmp_i2_reg_491   |   64   |
|  tmp_i3_26_reg_520  |   64   |
|    tmp_i_reg_478    |   64   |
|   xx_addr_reg_504   |    5   |
|xxxprime_addr_reg_483|    5   |
|  zz_addr_1_reg_525  |    5   |
|   zz_addr_reg_509   |    5   |
|  zz_load_1_reg_530  |   64   |
| zzprime_addr_reg_496|    5   |
+---------------------+--------+
|        Total        |   301  |
+---------------------+--------+

* Multiplexer (MUX) list: 
|---------------------------------|------|------|------|--------||---------||---------|
|               Comp              |  Pin | Size |  BW  | S x BW ||  Delay  ||   LUT   |
|---------------------------------|------|------|------|--------||---------||---------|
|        grp_access_fu_108        |  p0  |   2  |   5  |   10   ||    9    |
|        grp_access_fu_132        |  p0  |   2  |   5  |   10   ||    9    |
|        grp_access_fu_156        |  p0  |   2  |   5  |   10   ||    9    |
|        grp_access_fu_167        |  p0  |   4  |   5  |   20   ||    21   |
|        grp_access_fu_178        |  p0  |   2  |   5  |   10   ||    9    |
|        grp_access_fu_178        |  p1  |   2  |  64  |   128  ||    9    |
|             reg_198             |  p0  |   2  |   4  |    8   ||    9    |
|             reg_220             |  p0  |   2  |   4  |    8   ||    9    |
|             reg_231             |  p0  |   3  |   4  |   12   ||    15   |
|            grp_fu_254           |  p0  |   6  |   4  |   24   ||    33   |
|            grp_fu_254           |  p1  |   2  |   5  |   10   |
|       grp_fproduct_fu_345       |  p1  |   2  |  64  |   128  ||    9    |
|       grp_fproduct_fu_345       |  p2  |   2  |  64  |   128  ||    9    |
|       grp_fproduct_fu_345       |  p3  |   2  |  64  |   128  ||    9    |
|    grp_freduce_degree_fu_366    |  p1  |   2  |  64  |   128  ||    9    |
| grp_freduce_coefficients_fu_373 |  p1  |   2  |  64  |   128  ||    9    |
|         grp_fsum_fu_380         |  p1  |   2  |  64  |   128  ||    9    |
|         grp_fsum_fu_380         |  p2  |   2  |  64  |   128  ||    9    |
|     grp_fdifference_1_fu_390    |  p1  |   2  |  64  |   128  ||    9    |
|       grp_p_memcpy_fu_398       |  p2  |   2  |  64  |   128  ||    9    |
|---------------------------------|------|------|------|--------||---------||---------|
|              Total              |      |      |      |  1402  || 13.2513 ||   213   |
|---------------------------------|------|------|------|--------||---------||---------|



* Summary:
+-----------+--------+--------+--------+--------+--------+
|           |  BRAM  | DSP48E |  Delay |   FF   |   LUT  |
+-----------+--------+--------+--------+--------+--------+
|  Function |    8   |   22   |   73   |  13554 |  7886  |
|   Memory  |   22   |    -   |    -   |   256  |   20   |
|Multiplexer|    -   |    -   |   13   |    -   |   213  |
|  Register |    -   |    -   |    -   |   301  |    -   |
+-----------+--------+--------+--------+--------+--------+
|   Total   |   30   |   22   |   86   |  14111 |  8119  |
+-----------+--------+--------+--------+--------+--------+
