

================================================================
== Vivado HLS Report for 'freduce_coefficients'
================================================================
* Date:           Wed May 31 17:58:31 2017

* Version:        2017.1 (Build 1846317 on Fri Apr 14 19:19:38 MDT 2017)
* Project:        curve25519
* Solution:       solution1
* Product family: zynquplus
* Target device:  xczu9eg-ffvb1156-2-i


================================================================
== Performance Estimates
================================================================
+ Timing (ns): 
    * Summary: 
    +--------+-------+----------+------------+
    |  Clock | Target| Estimated| Uncertainty|
    +--------+-------+----------+------------+
    |ap_clk  |  10.00|      5.48|        1.25|
    +--------+-------+----------+------------+

+ Latency (clock cycles): 
    * Summary: 
    +-----+-----+-----+-----+---------+
    |  Latency  |  Interval | Pipeline|
    | min | max | min | max |   Type  |
    +-----+-----+-----+-----+---------+
    |   18|   18|   18|   18|   none  |
    +-----+-----+-----+-----+---------+

    + Detail: 
        * Instance: 
        N/A

        * Loop: 
        +----------+-----+-----+----------+-----------+-----------+------+----------+
        |          |  Latency  | Iteration|  Initiation Interval  | Trip |          |
        | Loop Name| min | max |  Latency |  achieved |   target  | Count| Pipelined|
        +----------+-----+-----+----------+-----------+-----------+------+----------+
        |- Loop 1  |   15|   15|         3|          -|          -|     5|    no    |
        +----------+-----+-----+----------+-----------+-----------+------+----------+

============================================================
+ Verbose Summary: Synthesis Manager
============================================================
InlineROM: 1
ExposeGlobal: 0
============================================================
+ Verbose Summary: CDFG Model
============================================================
IsTopModel: 0
ResetActiveHigh: 1
IsCombinational: 0
IsDatapathOnly: 0
HasWiredReturn: 1
HasMFsm: 0
HasVarLatency: 1
IsPipeline: 0
IsRtlPipelined: 0
IsInstanceOverlapped: 0
IsDontTouch: 0
HasImplIP: 0
IsGatedGlobalClock: 0


============================================================
+ Verbose Summary: Schedule
============================================================
* Number of FSM states: 6
* Pipeline: 0
* Dataflow Pipeline: 0

* FSM state transitions: 
1 --> 
	2  / true
2 --> 
	3  / (tmp)
	5  / (!tmp)
3 --> 
	4  / true
4 --> 
	2  / true
5 --> 
	6  / true
6 --> 
* FSM state operations: 

 <State 1>: 1.24ns
ST_1: output_addr (2)  [1/1] 0.00ns
:0  %output_addr = getelementptr [19 x i64]* %output_r, i64 0, i64 0

ST_1: output_addr_71 (3)  [1/1] 0.00ns  loc: curve25519/src/curve25519-donna.c:305
:1  %output_addr_71 = getelementptr [19 x i64]* %output_r, i64 0, i64 10

ST_1: StgValue_9 (4)  [1/1] 1.24ns  loc: curve25519/src/curve25519-donna.c:305
:2  store i64 0, i64* %output_addr_71, align 8

ST_1: StgValue_10 (5)  [1/1] 0.66ns  loc: curve25519/src/curve25519-donna.c:307
:3  br label %1


 <State 2>: 1.24ns
ST_2: i (7)  [1/1] 0.00ns
:0  %i = phi i4 [ 0, %0 ], [ %i_4, %2 ]

ST_2: tmp (8)  [1/1] 0.44ns  loc: curve25519/src/curve25519-donna.c:307
:1  %tmp = icmp ult i4 %i, -6

ST_2: empty (9)  [1/1] 0.00ns
:2  %empty = call i32 (...)* @_ssdm_op_SpecLoopTripCount(i64 5, i64 5, i64 5)

ST_2: StgValue_14 (10)  [1/1] 0.00ns  loc: curve25519/src/curve25519-donna.c:307
:3  br i1 %tmp, label %2, label %3

ST_2: tmp_s (12)  [1/1] 0.00ns  loc: curve25519/src/curve25519-donna.c:308
:0  %tmp_s = zext i4 %i to i64

ST_2: output_addr_72 (13)  [1/1] 0.00ns  loc: curve25519/src/curve25519-donna.c:308
:1  %output_addr_72 = getelementptr [19 x i64]* %output_r, i64 0, i64 %tmp_s

ST_2: output_load_23 (14)  [2/2] 1.24ns  loc: curve25519/src/curve25519-donna.c:308
:2  %output_load_23 = load i64* %output_addr_72, align 8

ST_2: tmp_301 (23)  [1/1] 0.00ns  loc: curve25519/src/curve25519-donna.c:314
:11  %tmp_301 = or i4 %i, 1

ST_2: tmp_302 (24)  [1/1] 0.00ns  loc: curve25519/src/curve25519-donna.c:314
:12  %tmp_302 = zext i4 %tmp_301 to i64

ST_2: output_addr_73 (25)  [1/1] 0.00ns  loc: curve25519/src/curve25519-donna.c:314
:13  %output_addr_73 = getelementptr [19 x i64]* %output_r, i64 0, i64 %tmp_302

ST_2: output_load (26)  [2/2] 1.24ns  loc: curve25519/src/curve25519-donna.c:314
:14  %output_load = load i64* %output_addr_73, align 8

ST_2: output_load_20 (44)  [2/2] 1.24ns  loc: curve25519/src/curve25519-donna.c:327
:0  %output_load_20 = load i64* %output_addr_71, align 8

ST_2: output_load_21 (46)  [2/2] 1.24ns  loc: curve25519/src/curve25519-donna.c:327
:2  %output_load_21 = load i64* %output_addr, align 8


 <State 3>: 5.30ns
ST_3: output_load_23 (14)  [1/2] 1.24ns  loc: curve25519/src/curve25519-donna.c:308
:2  %output_load_23 = load i64* %output_addr_72, align 8

ST_3: tmp_396 (15)  [1/1] 0.00ns  loc: curve25519/src/curve25519-donna.c:276->curve25519/src/curve25519-donna.c:308 (grouped into LUT with out node tmp_1064_i)
:3  %tmp_396 = call i1 @_ssdm_op_BitSelect.i1.i64.i32(i64 %output_load_23, i32 63)

ST_3: tmp_i_cast_cast (16)  [1/1] 0.00ns  loc: curve25519/src/curve25519-donna.c:280->curve25519/src/curve25519-donna.c:308 (grouped into LUT with out node tmp_1064_i)
:4  %tmp_i_cast_cast = select i1 %tmp_396, i64 67108863, i64 0

ST_3: tmp_1064_i (17)  [1/1] 1.41ns  loc: curve25519/src/curve25519-donna.c:280->curve25519/src/curve25519-donna.c:308 (out node of the LUT)
:5  %tmp_1064_i = add nsw i64 %output_load_23, %tmp_i_cast_cast

ST_3: tmp_397_i (18)  [1/1] 0.00ns  loc: curve25519/src/curve25519-donna.c:280->curve25519/src/curve25519-donna.c:308
:6  %tmp_397_i = call i38 @_ssdm_op_PartSelect.i38.i64.i32.i32(i64 %tmp_1064_i, i32 26, i32 63)

ST_3: tmp_299 (20)  [1/1] 0.00ns  loc: curve25519/src/curve25519-donna.c:313
:8  %tmp_299 = call i64 @_ssdm_op_BitConcatenate.i64.i38.i26(i38 %tmp_397_i, i26 0)

ST_3: tmp_300 (21)  [1/1] 1.41ns  loc: curve25519/src/curve25519-donna.c:313
:9  %tmp_300 = sub nsw i64 %output_load_23, %tmp_299

ST_3: StgValue_31 (22)  [1/1] 1.24ns  loc: curve25519/src/curve25519-donna.c:313
:10  store i64 %tmp_300, i64* %output_addr_72, align 8

ST_3: output_load (26)  [1/2] 1.24ns  loc: curve25519/src/curve25519-donna.c:314
:14  %output_load = load i64* %output_addr_73, align 8

ST_3: i_4 (36)  [1/1] 1.12ns  loc: curve25519/src/curve25519-donna.c:324
:24  %i_4 = add i4 %i, 2

ST_3: tmp_305 (37)  [1/1] 0.00ns  loc: curve25519/src/curve25519-donna.c:324
:25  %tmp_305 = zext i4 %i_4 to i64

ST_3: output_addr_74 (38)  [1/1] 0.00ns  loc: curve25519/src/curve25519-donna.c:324
:26  %output_addr_74 = getelementptr [19 x i64]* %output_r, i64 0, i64 %tmp_305

ST_3: output_load_19 (39)  [2/2] 1.24ns  loc: curve25519/src/curve25519-donna.c:324
:27  %output_load_19 = load i64* %output_addr_74, align 8


 <State 4>: 5.48ns
ST_4: over (19)  [1/1] 0.00ns  loc: curve25519/src/curve25519-donna.c:280->curve25519/src/curve25519-donna.c:308
:7  %over = sext i38 %tmp_397_i to i64

ST_4: v_assign_7 (27)  [1/1] 1.41ns  loc: curve25519/src/curve25519-donna.c:314
:15  %v_assign_7 = add nsw i64 %output_load, %over

ST_4: tmp_397 (28)  [1/1] 0.00ns  loc: curve25519/src/curve25519-donna.c:292->curve25519/src/curve25519-donna.c:322 (grouped into LUT with out node tmp_1066_i)
:16  %tmp_397 = call i1 @_ssdm_op_BitSelect.i1.i64.i32(i64 %v_assign_7, i32 63)

ST_4: tmp_i1_cast_cast (29)  [1/1] 0.00ns  loc: curve25519/src/curve25519-donna.c:296->curve25519/src/curve25519-donna.c:322 (grouped into LUT with out node tmp_1066_i)
:17  %tmp_i1_cast_cast = select i1 %tmp_397, i64 33554431, i64 0

ST_4: tmp_1066_i (30)  [1/1] 1.41ns  loc: curve25519/src/curve25519-donna.c:296->curve25519/src/curve25519-donna.c:322 (out node of the LUT)
:18  %tmp_1066_i = add nsw i64 %tmp_i1_cast_cast, %v_assign_7

ST_4: tmp_399_i (31)  [1/1] 0.00ns  loc: curve25519/src/curve25519-donna.c:296->curve25519/src/curve25519-donna.c:322
:19  %tmp_399_i = call i39 @_ssdm_op_PartSelect.i39.i64.i32.i32(i64 %tmp_1066_i, i32 25, i32 63)

ST_4: over_7 (32)  [1/1] 0.00ns  loc: curve25519/src/curve25519-donna.c:296->curve25519/src/curve25519-donna.c:322
:20  %over_7 = sext i39 %tmp_399_i to i64

ST_4: tmp_303 (33)  [1/1] 0.00ns  loc: curve25519/src/curve25519-donna.c:323
:21  %tmp_303 = call i64 @_ssdm_op_BitConcatenate.i64.i39.i25(i39 %tmp_399_i, i25 0)

ST_4: tmp_304 (34)  [1/1] 1.41ns  loc: curve25519/src/curve25519-donna.c:323
:22  %tmp_304 = sub nsw i64 %v_assign_7, %tmp_303

ST_4: StgValue_46 (35)  [1/1] 1.24ns  loc: curve25519/src/curve25519-donna.c:323
:23  store i64 %tmp_304, i64* %output_addr_73, align 8

ST_4: output_load_19 (39)  [1/2] 1.24ns  loc: curve25519/src/curve25519-donna.c:324
:27  %output_load_19 = load i64* %output_addr_74, align 8

ST_4: tmp_306 (40)  [1/1] 1.41ns  loc: curve25519/src/curve25519-donna.c:324
:28  %tmp_306 = add nsw i64 %output_load_19, %over_7

ST_4: StgValue_49 (41)  [1/1] 1.24ns  loc: curve25519/src/curve25519-donna.c:324
:29  store i64 %tmp_306, i64* %output_addr_74, align 8

ST_4: StgValue_50 (42)  [1/1] 0.00ns  loc: curve25519/src/curve25519-donna.c:307
:30  br label %1


 <State 5>: 4.47ns
ST_5: output_load_20 (44)  [1/2] 1.24ns  loc: curve25519/src/curve25519-donna.c:327
:0  %output_load_20 = load i64* %output_addr_71, align 8

ST_5: tmp_398 (45)  [1/1] 0.00ns  loc: curve25519/src/curve25519-donna.c:327
:1  %tmp_398 = shl i64 %output_load_20, 4

ST_5: output_load_21 (46)  [1/2] 1.24ns  loc: curve25519/src/curve25519-donna.c:327
:2  %output_load_21 = load i64* %output_addr, align 8

ST_5: tmp_399 (47)  [1/1] 0.00ns  loc: curve25519/src/curve25519-donna.c:328
:3  %tmp_399 = shl i64 %output_load_20, 1

ST_5: tmp2 (48)  [1/1] 1.41ns  loc: curve25519/src/curve25519-donna.c:329
:4  %tmp2 = add i64 %output_load_20, %output_load_21

ST_5: tmp3 (49)  [1/1] 0.41ns  loc: curve25519/src/curve25519-donna.c:329
:5  %tmp3 = add i64 %tmp_399, %tmp_398

ST_5: v_assign_8 (50)  [1/1] 0.41ns  loc: curve25519/src/curve25519-donna.c:329
:6  %v_assign_8 = add nsw i64 %tmp2, %tmp3

ST_5: StgValue_58 (51)  [1/1] 1.24ns  loc: curve25519/src/curve25519-donna.c:331
:7  store i64 0, i64* %output_addr_71, align 8

ST_5: tmp_400 (52)  [1/1] 0.00ns  loc: curve25519/src/curve25519-donna.c:276->curve25519/src/curve25519-donna.c:336 (grouped into LUT with out node tmp_1064_i1)
:8  %tmp_400 = call i1 @_ssdm_op_BitSelect.i1.i64.i32(i64 %v_assign_8, i32 63)

ST_5: tmp_i2_cast_cast (53)  [1/1] 0.00ns  loc: curve25519/src/curve25519-donna.c:280->curve25519/src/curve25519-donna.c:336 (grouped into LUT with out node tmp_1064_i1)
:9  %tmp_i2_cast_cast = select i1 %tmp_400, i64 67108863, i64 0

ST_5: tmp_1064_i1 (54)  [1/1] 1.41ns  loc: curve25519/src/curve25519-donna.c:280->curve25519/src/curve25519-donna.c:336 (out node of the LUT)
:10  %tmp_1064_i1 = add nsw i64 %v_assign_8, %tmp_i2_cast_cast

ST_5: tmp_397_i1 (55)  [1/1] 0.00ns  loc: curve25519/src/curve25519-donna.c:280->curve25519/src/curve25519-donna.c:336
:11  %tmp_397_i1 = call i38 @_ssdm_op_PartSelect.i38.i64.i32.i32(i64 %tmp_1064_i1, i32 26, i32 63)

ST_5: output_addr_75 (60)  [1/1] 0.00ns  loc: curve25519/src/curve25519-donna.c:338
:16  %output_addr_75 = getelementptr [19 x i64]* %output_r, i64 0, i64 1

ST_5: output_load_22 (61)  [2/2] 1.24ns  loc: curve25519/src/curve25519-donna.c:338
:17  %output_load_22 = load i64* %output_addr_75, align 8


 <State 6>: 3.89ns
ST_6: over_8 (56)  [1/1] 0.00ns  loc: curve25519/src/curve25519-donna.c:280->curve25519/src/curve25519-donna.c:336
:12  %over_8 = sext i38 %tmp_397_i1 to i64

ST_6: tmp_307 (57)  [1/1] 0.00ns  loc: curve25519/src/curve25519-donna.c:337
:13  %tmp_307 = call i64 @_ssdm_op_BitConcatenate.i64.i38.i26(i38 %tmp_397_i1, i26 0)

ST_6: tmp_308 (58)  [1/1] 1.41ns  loc: curve25519/src/curve25519-donna.c:337
:14  %tmp_308 = sub nsw i64 %v_assign_8, %tmp_307

ST_6: StgValue_68 (59)  [1/1] 1.24ns  loc: curve25519/src/curve25519-donna.c:337
:15  store i64 %tmp_308, i64* %output_addr, align 8

ST_6: output_load_22 (61)  [1/2] 1.24ns  loc: curve25519/src/curve25519-donna.c:338
:17  %output_load_22 = load i64* %output_addr_75, align 8

ST_6: tmp_309 (62)  [1/1] 1.41ns  loc: curve25519/src/curve25519-donna.c:338
:18  %tmp_309 = add nsw i64 %over_8, %output_load_22

ST_6: StgValue_71 (63)  [1/1] 1.24ns  loc: curve25519/src/curve25519-donna.c:338
:19  store i64 %tmp_309, i64* %output_addr_75, align 8

ST_6: StgValue_72 (64)  [1/1] 0.00ns  loc: curve25519/src/curve25519-donna.c:343
:20  ret void



============================================================
+ Verbose Summary: Timing violations
============================================================
Target clock period: 10ns, clock uncertainty: 1.25ns.

 <State 1>: 1.24ns
The critical path consists of the following:
	'getelementptr' operation ('output_addr_71', curve25519/src/curve25519-donna.c:305) [3]  (0 ns)
	'store' operation (curve25519/src/curve25519-donna.c:305) of constant 0 on array 'output_r' [4]  (1.24 ns)

 <State 2>: 1.24ns
The critical path consists of the following:
	'phi' operation ('i') with incoming values : ('i', curve25519/src/curve25519-donna.c:324) [7]  (0 ns)
	'getelementptr' operation ('output_addr_72', curve25519/src/curve25519-donna.c:308) [13]  (0 ns)
	'load' operation ('v', curve25519/src/curve25519-donna.c:308) on array 'output_r' [14]  (1.24 ns)

 <State 3>: 5.3ns
The critical path consists of the following:
	'load' operation ('v', curve25519/src/curve25519-donna.c:308) on array 'output_r' [14]  (1.24 ns)
	'add' operation ('tmp_1064_i', curve25519/src/curve25519-donna.c:280->curve25519/src/curve25519-donna.c:308) [17]  (1.41 ns)
	'sub' operation ('tmp_300', curve25519/src/curve25519-donna.c:313) [21]  (1.41 ns)
	'store' operation (curve25519/src/curve25519-donna.c:313) of variable 'tmp_300', curve25519/src/curve25519-donna.c:313 on array 'output_r' [22]  (1.24 ns)

 <State 4>: 5.48ns
The critical path consists of the following:
	'add' operation ('v', curve25519/src/curve25519-donna.c:314) [27]  (1.41 ns)
	'add' operation ('tmp_1066_i', curve25519/src/curve25519-donna.c:296->curve25519/src/curve25519-donna.c:322) [30]  (1.41 ns)
	'sub' operation ('tmp_304', curve25519/src/curve25519-donna.c:323) [34]  (1.41 ns)
	'store' operation (curve25519/src/curve25519-donna.c:323) of variable 'tmp_304', curve25519/src/curve25519-donna.c:323 on array 'output_r' [35]  (1.24 ns)

 <State 5>: 4.47ns
The critical path consists of the following:
	'load' operation ('output_load_20', curve25519/src/curve25519-donna.c:327) on array 'output_r' [44]  (1.24 ns)
	'add' operation ('tmp2', curve25519/src/curve25519-donna.c:329) [48]  (1.41 ns)
	'add' operation ('v', curve25519/src/curve25519-donna.c:329) [50]  (0.409 ns)
	'add' operation ('tmp_1064_i1', curve25519/src/curve25519-donna.c:280->curve25519/src/curve25519-donna.c:336) [54]  (1.41 ns)

 <State 6>: 3.89ns
The critical path consists of the following:
	'load' operation ('output_load_22', curve25519/src/curve25519-donna.c:338) on array 'output_r' [61]  (1.24 ns)
	'add' operation ('tmp_309', curve25519/src/curve25519-donna.c:338) [62]  (1.41 ns)
	'store' operation (curve25519/src/curve25519-donna.c:338) of variable 'tmp_309', curve25519/src/curve25519-donna.c:338 on array 'output_r' [63]  (1.24 ns)


============================================================
+ Verbose Summary: Binding
============================================================
N/A
* FSMD analyzer results:
  - Output states:
 - Input state : 
  - Chain level:
	State 1
	State 2
	State 3
	State 4
	State 5
	State 6


============================================================
+ Verbose Summary: Datapath Resource usage 
============================================================
N/A
