

================================================================
== Vivado HLS Report for 'fsquare_inner_1'
================================================================
* Date:           Wed May 31 17:58:34 2017

* Version:        2017.1 (Build 1846317 on Fri Apr 14 19:19:38 MDT 2017)
* Project:        curve25519
* Solution:       solution1
* Product family: zynquplus
* Target device:  xczu9eg-ffvb1156-2-i


================================================================
== Performance Estimates
================================================================
+ Timing (ns): 
    * Summary: 
    +--------+-------+----------+------------+
    |  Clock | Target| Estimated| Uncertainty|
    +--------+-------+----------+------------+
    |ap_clk  |  10.00|      8.10|        1.25|
    +--------+-------+----------+------------+

+ Latency (clock cycles): 
    * Summary: 
    +-----+-----+-----+-----+---------+
    |  Latency  |  Interval | Pipeline|
    | min | max | min | max |   Type  |
    +-----+-----+-----+-----+---------+
    |   55|   55|   55|   55|   none  |
    +-----+-----+-----+-----+---------+

    + Detail: 
        * Instance: 
        N/A

        * Loop: 
        N/A

============================================================
+ Verbose Summary: Synthesis Manager
============================================================
InlineROM: 1
ExposeGlobal: 0
============================================================
+ Verbose Summary: CDFG Model
============================================================
IsTopModel: 0
ResetActiveHigh: 1
IsCombinational: 0
IsDatapathOnly: 0
HasWiredReturn: 1
HasMFsm: 0
HasVarLatency: 1
IsPipeline: 0
IsRtlPipelined: 0
IsInstanceOverlapped: 0
IsDontTouch: 0
HasImplIP: 0
IsGatedGlobalClock: 0


============================================================
+ Verbose Summary: Schedule
============================================================
* Number of FSM states: 56
* Pipeline: 0
* Dataflow Pipeline: 0

* FSM state transitions: 
1 --> 
	2  / true
2 --> 
	3  / true
3 --> 
	4  / true
4 --> 
	5  / true
5 --> 
	6  / true
6 --> 
	7  / true
7 --> 
	8  / true
8 --> 
	9  / true
9 --> 
	10  / true
10 --> 
	11  / true
11 --> 
	12  / true
12 --> 
	13  / true
13 --> 
	14  / true
14 --> 
	15  / true
15 --> 
	16  / true
16 --> 
	17  / true
17 --> 
	18  / true
18 --> 
	19  / true
19 --> 
	20  / true
20 --> 
	21  / true
21 --> 
	22  / true
22 --> 
	23  / true
23 --> 
	24  / true
24 --> 
	25  / true
25 --> 
	26  / true
26 --> 
	27  / true
27 --> 
	28  / true
28 --> 
	29  / true
29 --> 
	30  / true
30 --> 
	31  / true
31 --> 
	32  / true
32 --> 
	33  / true
33 --> 
	34  / true
34 --> 
	35  / true
35 --> 
	36  / true
36 --> 
	37  / true
37 --> 
	38  / true
38 --> 
	39  / true
39 --> 
	40  / true
40 --> 
	41  / true
41 --> 
	42  / true
42 --> 
	43  / true
43 --> 
	44  / true
44 --> 
	45  / true
45 --> 
	46  / true
46 --> 
	47  / true
47 --> 
	48  / true
48 --> 
	49  / true
49 --> 
	50  / true
50 --> 
	51  / true
51 --> 
	52  / true
52 --> 
	53  / true
53 --> 
	54  / true
54 --> 
	55  / true
55 --> 
	56  / true
56 --> 
* FSM state operations: 

 <State 1>: 0.68ns
ST_1: in_addr (3)  [1/1] 0.00ns
:0  %in_addr = getelementptr [10 x i64]* %in_r, i64 0, i64 0

ST_1: in_load (7)  [2/2] 0.68ns  loc: curve25519/src/curve25519-donna.c:371
:4  %in_load = load i64* %in_addr, align 8


 <State 2>: 7.37ns
ST_2: output_addr (4)  [1/1] 0.00ns
:1  %output_addr = getelementptr [19 x i64]* %output_r, i64 0, i64 0

ST_2: in_load (7)  [1/2] 0.68ns  loc: curve25519/src/curve25519-donna.c:371
:4  %in_load = load i64* %in_addr, align 8

ST_2: tmp (8)  [1/1] 0.00ns  loc: curve25519/src/curve25519-donna.c:371
:5  %tmp = trunc i64 %in_load to i32

ST_2: tmp_s (9)  [1/1] 0.00ns  loc: curve25519/src/curve25519-donna.c:371
:6  %tmp_s = sext i32 %tmp to i64

ST_2: out_1 (10)  [1/1] 5.45ns  loc: curve25519/src/curve25519-donna.c:371
:7  %out_1 = mul nsw i64 %tmp_s, %tmp_s

ST_2: StgValue_64 (11)  [1/1] 1.24ns  loc: curve25519/src/curve25519-donna.c:374
:8  store i64 %out_1, i64* %output_addr, align 8

ST_2: in_addr_11 (12)  [1/1] 0.00ns  loc: curve25519/src/curve25519-donna.c:378
:9  %in_addr_11 = getelementptr [10 x i64]* %in_r, i64 0, i64 1

ST_2: in_load_3 (13)  [2/2] 0.68ns  loc: curve25519/src/curve25519-donna.c:378
:10  %in_load_3 = load i64* %in_addr_11, align 8


 <State 3>: 7.37ns
ST_3: in_load_3 (13)  [1/2] 0.68ns  loc: curve25519/src/curve25519-donna.c:378
:10  %in_load_3 = load i64* %in_addr_11, align 8

ST_3: tmp_133 (14)  [1/1] 0.00ns  loc: curve25519/src/curve25519-donna.c:378
:11  %tmp_133 = trunc i64 %in_load_3 to i32

ST_3: tmp_146 (16)  [1/1] 0.00ns  loc: curve25519/src/curve25519-donna.c:378
:13  %tmp_146 = sext i32 %tmp to i63

ST_3: tmp_149 (17)  [1/1] 0.00ns  loc: curve25519/src/curve25519-donna.c:378
:14  %tmp_149 = sext i32 %tmp_133 to i63

ST_3: tmp_150 (18)  [1/1] 5.45ns  loc: curve25519/src/curve25519-donna.c:378
:15  %tmp_150 = mul i63 %tmp_149, %tmp_146

ST_3: tmp_15 (19)  [1/1] 0.00ns  loc: curve25519/src/curve25519-donna.c:378
:16  %tmp_15 = call i64 @_ssdm_op_BitConcatenate.i64.i63.i1(i63 %tmp_150, i1 false)

ST_3: output_addr_20 (20)  [1/1] 0.00ns  loc: curve25519/src/curve25519-donna.c:378
:17  %output_addr_20 = getelementptr [19 x i64]* %output_r, i64 0, i64 1

ST_3: StgValue_74 (21)  [1/1] 1.24ns  loc: curve25519/src/curve25519-donna.c:378
:18  store i64 %tmp_15, i64* %output_addr_20, align 8

ST_3: in_addr_12 (23)  [1/1] 0.00ns  loc: curve25519/src/curve25519-donna.c:383
:20  %in_addr_12 = getelementptr [10 x i64]* %in_r, i64 0, i64 2

ST_3: in_load_6 (24)  [2/2] 0.68ns  loc: curve25519/src/curve25519-donna.c:383
:21  %in_load_6 = load i64* %in_addr_12, align 8


 <State 4>: 5.45ns
ST_4: tmp_13 (15)  [1/1] 0.00ns  loc: curve25519/src/curve25519-donna.c:378
:12  %tmp_13 = sext i32 %tmp_133 to i64

ST_4: tmp_18 (22)  [1/1] 5.45ns  loc: curve25519/src/curve25519-donna.c:383
:19  %tmp_18 = mul nsw i64 %tmp_13, %tmp_13

ST_4: in_load_6 (24)  [1/2] 0.68ns  loc: curve25519/src/curve25519-donna.c:383
:21  %in_load_6 = load i64* %in_addr_12, align 8

ST_4: tmp_134 (25)  [1/1] 0.00ns  loc: curve25519/src/curve25519-donna.c:383
:22  %tmp_134 = trunc i64 %in_load_6 to i32


 <State 5>: 8.10ns
ST_5: tmp_22 (26)  [1/1] 0.00ns  loc: curve25519/src/curve25519-donna.c:383
:23  %tmp_22 = sext i32 %tmp_134 to i64

ST_5: tmp_23 (27)  [1/1] 5.45ns  loc: curve25519/src/curve25519-donna.c:383
:24  %tmp_23 = mul nsw i64 %tmp_22, %tmp_s

ST_5: tmp_24 (28)  [1/1] 1.41ns  loc: curve25519/src/curve25519-donna.c:383
:25  %tmp_24 = add nsw i64 %tmp_23, %tmp_18

ST_5: tmp_135 (29)  [1/1] 0.00ns  loc: curve25519/src/curve25519-donna.c:383
:26  %tmp_135 = shl i64 %tmp_24, 1

ST_5: output_addr_21 (30)  [1/1] 0.00ns  loc: curve25519/src/curve25519-donna.c:383
:27  %output_addr_21 = getelementptr [19 x i64]* %output_r, i64 0, i64 2

ST_5: StgValue_86 (31)  [1/1] 1.24ns  loc: curve25519/src/curve25519-donna.c:383
:28  store i64 %tmp_135, i64* %output_addr_21, align 8

ST_5: in_addr_13 (33)  [1/1] 0.00ns  loc: curve25519/src/curve25519-donna.c:386
:30  %in_addr_13 = getelementptr [10 x i64]* %in_r, i64 0, i64 3

ST_5: in_load_10 (34)  [2/2] 0.68ns  loc: curve25519/src/curve25519-donna.c:386
:31  %in_load_10 = load i64* %in_addr_13, align 8


 <State 6>: 5.45ns
ST_6: tmp_30 (32)  [1/1] 5.45ns  loc: curve25519/src/curve25519-donna.c:386
:29  %tmp_30 = mul nsw i64 %tmp_22, %tmp_13

ST_6: in_load_10 (34)  [1/2] 0.68ns  loc: curve25519/src/curve25519-donna.c:386
:31  %in_load_10 = load i64* %in_addr_13, align 8

ST_6: tmp_136 (35)  [1/1] 0.00ns  loc: curve25519/src/curve25519-donna.c:386
:32  %tmp_136 = trunc i64 %in_load_10 to i32


 <State 7>: 8.10ns
ST_7: tmp_34 (36)  [1/1] 0.00ns  loc: curve25519/src/curve25519-donna.c:386
:33  %tmp_34 = sext i32 %tmp_136 to i64

ST_7: tmp_35 (37)  [1/1] 5.45ns  loc: curve25519/src/curve25519-donna.c:386
:34  %tmp_35 = mul nsw i64 %tmp_34, %tmp_s

ST_7: tmp_36 (38)  [1/1] 1.41ns  loc: curve25519/src/curve25519-donna.c:386
:35  %tmp_36 = add nsw i64 %tmp_35, %tmp_30

ST_7: tmp_138 (39)  [1/1] 0.00ns  loc: curve25519/src/curve25519-donna.c:386
:36  %tmp_138 = shl i64 %tmp_36, 1

ST_7: output_addr_22 (40)  [1/1] 0.00ns  loc: curve25519/src/curve25519-donna.c:386
:37  %output_addr_22 = getelementptr [19 x i64]* %output_r, i64 0, i64 3

ST_7: StgValue_97 (41)  [1/1] 1.24ns  loc: curve25519/src/curve25519-donna.c:386
:38  store i64 %tmp_138, i64* %output_addr_22, align 8


 <State 8>: 5.45ns
ST_8: tmp_40 (42)  [1/1] 5.45ns  loc: curve25519/src/curve25519-donna.c:389
:39  %tmp_40 = mul nsw i64 %tmp_22, %tmp_22


 <State 9>: 5.45ns
ST_9: tmp_151 (43)  [1/1] 0.00ns  loc: curve25519/src/curve25519-donna.c:389
:40  %tmp_151 = sext i32 %tmp_133 to i62

ST_9: tmp_152 (44)  [1/1] 0.00ns  loc: curve25519/src/curve25519-donna.c:389
:41  %tmp_152 = sext i32 %tmp_136 to i62

ST_9: tmp_154 (45)  [1/1] 5.45ns  loc: curve25519/src/curve25519-donna.c:389
:42  %tmp_154 = mul i62 %tmp_152, %tmp_151

ST_9: in_addr_14 (47)  [1/1] 0.00ns  loc: curve25519/src/curve25519-donna.c:389
:44  %in_addr_14 = getelementptr [10 x i64]* %in_r, i64 0, i64 4

ST_9: in_load_11 (48)  [2/2] 0.68ns  loc: curve25519/src/curve25519-donna.c:389
:45  %in_load_11 = load i64* %in_addr_14, align 8


 <State 10>: 7.54ns
ST_10: tmp_46 (46)  [1/1] 0.00ns  loc: curve25519/src/curve25519-donna.c:389
:43  %tmp_46 = call i64 @_ssdm_op_BitConcatenate.i64.i62.i2(i62 %tmp_154, i2 0)

ST_10: in_load_11 (48)  [1/2] 0.68ns  loc: curve25519/src/curve25519-donna.c:389
:45  %in_load_11 = load i64* %in_addr_14, align 8

ST_10: tmp_139 (49)  [1/1] 0.00ns  loc: curve25519/src/curve25519-donna.c:389
:46  %tmp_139 = trunc i64 %in_load_11 to i32

ST_10: tmp_155 (51)  [1/1] 0.00ns  loc: curve25519/src/curve25519-donna.c:389
:48  %tmp_155 = sext i32 %tmp_139 to i63

ST_10: tmp_156 (52)  [1/1] 5.45ns  loc: curve25519/src/curve25519-donna.c:389
:49  %tmp_156 = mul i63 %tmp_155, %tmp_146

ST_10: tmp_52 (53)  [1/1] 0.00ns  loc: curve25519/src/curve25519-donna.c:389
:50  %tmp_52 = call i64 @_ssdm_op_BitConcatenate.i64.i63.i1(i63 %tmp_156, i1 false)

ST_10: tmp1 (54)  [1/1] 1.41ns  loc: curve25519/src/curve25519-donna.c:389
:51  %tmp1 = add i64 %tmp_52, %tmp_46


 <State 11>: 5.45ns
ST_11: tmp_54 (55)  [1/1] 1.41ns  loc: curve25519/src/curve25519-donna.c:389
:52  %tmp_54 = add i64 %tmp_40, %tmp1

ST_11: output_addr_23 (56)  [1/1] 0.00ns  loc: curve25519/src/curve25519-donna.c:389
:53  %output_addr_23 = getelementptr [19 x i64]* %output_r, i64 0, i64 4

ST_11: StgValue_113 (57)  [1/1] 1.24ns  loc: curve25519/src/curve25519-donna.c:389
:54  store i64 %tmp_54, i64* %output_addr_23, align 8

ST_11: tmp_59 (58)  [1/1] 5.45ns  loc: curve25519/src/curve25519-donna.c:393
:55  %tmp_59 = mul nsw i64 %tmp_34, %tmp_22


 <State 12>: 5.45ns
ST_12: tmp_50 (50)  [1/1] 0.00ns  loc: curve25519/src/curve25519-donna.c:389
:47  %tmp_50 = sext i32 %tmp_139 to i64

ST_12: tmp_64 (59)  [1/1] 5.45ns  loc: curve25519/src/curve25519-donna.c:393
:56  %tmp_64 = mul nsw i64 %tmp_50, %tmp_13

ST_12: in_addr_15 (60)  [1/1] 0.00ns  loc: curve25519/src/curve25519-donna.c:393
:57  %in_addr_15 = getelementptr [10 x i64]* %in_r, i64 0, i64 5

ST_12: in_load_12 (61)  [2/2] 0.68ns  loc: curve25519/src/curve25519-donna.c:393
:58  %in_load_12 = load i64* %in_addr_15, align 8


 <State 13>: 7.54ns
ST_13: in_load_12 (61)  [1/2] 0.68ns  loc: curve25519/src/curve25519-donna.c:393
:58  %in_load_12 = load i64* %in_addr_15, align 8

ST_13: tmp_140 (62)  [1/1] 0.00ns  loc: curve25519/src/curve25519-donna.c:393
:59  %tmp_140 = trunc i64 %in_load_12 to i32

ST_13: tmp_68 (63)  [1/1] 0.00ns  loc: curve25519/src/curve25519-donna.c:393
:60  %tmp_68 = sext i32 %tmp_140 to i64

ST_13: tmp_69 (64)  [1/1] 5.45ns  loc: curve25519/src/curve25519-donna.c:393
:61  %tmp_69 = mul nsw i64 %tmp_68, %tmp_s

ST_13: tmp2 (65)  [1/1] 1.41ns  loc: curve25519/src/curve25519-donna.c:393
:62  %tmp2 = add i64 %tmp_69, %tmp_64


 <State 14>: 5.45ns
ST_14: tmp_71 (66)  [1/1] 1.41ns  loc: curve25519/src/curve25519-donna.c:393
:63  %tmp_71 = add i64 %tmp_59, %tmp2

ST_14: tmp_141 (67)  [1/1] 0.00ns  loc: curve25519/src/curve25519-donna.c:393
:64  %tmp_141 = shl i64 %tmp_71, 1

ST_14: output_addr_24 (68)  [1/1] 0.00ns  loc: curve25519/src/curve25519-donna.c:393
:65  %output_addr_24 = getelementptr [19 x i64]* %output_r, i64 0, i64 5

ST_14: StgValue_127 (69)  [1/1] 1.24ns  loc: curve25519/src/curve25519-donna.c:393
:66  store i64 %tmp_141, i64* %output_addr_24, align 8

ST_14: tmp_75 (70)  [1/1] 5.45ns  loc: curve25519/src/curve25519-donna.c:397
:67  %tmp_75 = mul nsw i64 %tmp_34, %tmp_34


 <State 15>: 5.45ns
ST_15: tmp_80 (71)  [1/1] 5.45ns  loc: curve25519/src/curve25519-donna.c:397
:68  %tmp_80 = mul nsw i64 %tmp_50, %tmp_22

ST_15: in_addr_16 (72)  [1/1] 0.00ns  loc: curve25519/src/curve25519-donna.c:397
:69  %in_addr_16 = getelementptr [10 x i64]* %in_r, i64 0, i64 6

ST_15: in_load_13 (73)  [2/2] 0.68ns  loc: curve25519/src/curve25519-donna.c:397
:70  %in_load_13 = load i64* %in_addr_16, align 8


 <State 16>: 7.54ns
ST_16: in_load_13 (73)  [1/2] 0.68ns  loc: curve25519/src/curve25519-donna.c:397
:70  %in_load_13 = load i64* %in_addr_16, align 8

ST_16: tmp_157 (74)  [1/1] 0.00ns  loc: curve25519/src/curve25519-donna.c:397
:71  %tmp_157 = trunc i64 %in_load_13 to i32

ST_16: tmp_84 (75)  [1/1] 0.00ns  loc: curve25519/src/curve25519-donna.c:397
:72  %tmp_84 = sext i32 %tmp_157 to i64

ST_16: tmp_85 (76)  [1/1] 5.45ns  loc: curve25519/src/curve25519-donna.c:397
:73  %tmp_85 = mul nsw i64 %tmp_84, %tmp_s

ST_16: tmp3 (80)  [1/1] 1.41ns  loc: curve25519/src/curve25519-donna.c:397
:77  %tmp3 = add i64 %tmp_85, %tmp_80


 <State 17>: 5.45ns
ST_17: tmp_159 (77)  [1/1] 0.00ns  loc: curve25519/src/curve25519-donna.c:397
:74  %tmp_159 = sext i32 %tmp_140 to i62

ST_17: tmp_160 (78)  [1/1] 5.45ns  loc: curve25519/src/curve25519-donna.c:397
:75  %tmp_160 = mul i62 %tmp_159, %tmp_151

ST_17: tmp_93 (81)  [1/1] 1.41ns  loc: curve25519/src/curve25519-donna.c:397
:78  %tmp_93 = add i64 %tmp_75, %tmp3

ST_17: tmp_161 (82)  [1/1] 0.00ns  loc: curve25519/src/curve25519-donna.c:397
:79  %tmp_161 = trunc i64 %tmp_93 to i63


 <State 18>: 5.45ns
ST_18: tmp_91 (79)  [1/1] 0.00ns  loc: curve25519/src/curve25519-donna.c:397
:76  %tmp_91 = call i63 @_ssdm_op_BitConcatenate.i63.i62.i1(i62 %tmp_160, i1 false)

ST_18: tmp_162 (83)  [1/1] 1.41ns  loc: curve25519/src/curve25519-donna.c:397
:80  %tmp_162 = add i63 %tmp_91, %tmp_161

ST_18: tmp_95 (84)  [1/1] 0.00ns  loc: curve25519/src/curve25519-donna.c:397
:81  %tmp_95 = call i64 @_ssdm_op_BitConcatenate.i64.i63.i1(i63 %tmp_162, i1 false)

ST_18: output_addr_25 (85)  [1/1] 0.00ns  loc: curve25519/src/curve25519-donna.c:397
:82  %output_addr_25 = getelementptr [19 x i64]* %output_r, i64 0, i64 6

ST_18: StgValue_145 (86)  [1/1] 1.24ns  loc: curve25519/src/curve25519-donna.c:397
:83  store i64 %tmp_95, i64* %output_addr_25, align 8

ST_18: tmp_100 (87)  [1/1] 5.45ns  loc: curve25519/src/curve25519-donna.c:402
:84  %tmp_100 = mul nsw i64 %tmp_50, %tmp_34


 <State 19>: 6.87ns
ST_19: tmp_105 (88)  [1/1] 5.45ns  loc: curve25519/src/curve25519-donna.c:402
:85  %tmp_105 = mul nsw i64 %tmp_68, %tmp_22

ST_19: tmp4 (95)  [1/1] 1.41ns  loc: curve25519/src/curve25519-donna.c:402
:92  %tmp4 = add i64 %tmp_105, %tmp_100

ST_19: tmp_169 (98)  [1/1] 0.00ns  loc: curve25519/src/curve25519-donna.c:402
:95  %tmp_169 = trunc i64 %tmp4 to i63


 <State 20>: 5.45ns
ST_20: tmp_110 (89)  [1/1] 5.45ns  loc: curve25519/src/curve25519-donna.c:402
:86  %tmp_110 = mul nsw i64 %tmp_84, %tmp_13

ST_20: in_addr_17 (90)  [1/1] 0.00ns  loc: curve25519/src/curve25519-donna.c:402
:87  %in_addr_17 = getelementptr [10 x i64]* %in_r, i64 0, i64 7

ST_20: in_load_14 (91)  [2/2] 0.68ns  loc: curve25519/src/curve25519-donna.c:402
:88  %in_load_14 = load i64* %in_addr_17, align 8


 <State 21>: 7.54ns
ST_21: in_load_14 (91)  [1/2] 0.68ns  loc: curve25519/src/curve25519-donna.c:402
:88  %in_load_14 = load i64* %in_addr_17, align 8

ST_21: tmp_164 (92)  [1/1] 0.00ns  loc: curve25519/src/curve25519-donna.c:402
:89  %tmp_164 = trunc i64 %in_load_14 to i32

ST_21: tmp_114 (93)  [1/1] 0.00ns  loc: curve25519/src/curve25519-donna.c:402
:90  %tmp_114 = sext i32 %tmp_164 to i64

ST_21: tmp_115 (94)  [1/1] 5.45ns  loc: curve25519/src/curve25519-donna.c:402
:91  %tmp_115 = mul nsw i64 %tmp_114, %tmp_s

ST_21: tmp5 (96)  [1/1] 1.41ns  loc: curve25519/src/curve25519-donna.c:402
:93  %tmp5 = add i64 %tmp_115, %tmp_110

ST_21: tmp_166 (97)  [1/1] 0.00ns  loc: curve25519/src/curve25519-donna.c:402
:94  %tmp_166 = trunc i64 %tmp5 to i63


 <State 22>: 5.45ns
ST_22: tmp_165 (99)  [1/1] 1.41ns  loc: curve25519/src/curve25519-donna.c:402
:96  %tmp_165 = add i63 %tmp_166, %tmp_169

ST_22: tmp_119 (100)  [1/1] 0.00ns  loc: curve25519/src/curve25519-donna.c:402
:97  %tmp_119 = call i64 @_ssdm_op_BitConcatenate.i64.i63.i1(i63 %tmp_165, i1 false)

ST_22: output_addr_26 (101)  [1/1] 0.00ns  loc: curve25519/src/curve25519-donna.c:402
:98  %output_addr_26 = getelementptr [19 x i64]* %output_r, i64 0, i64 7

ST_22: StgValue_162 (102)  [1/1] 1.24ns  loc: curve25519/src/curve25519-donna.c:402
:99  store i64 %tmp_119, i64* %output_addr_26, align 8

ST_22: tmp_122 (103)  [1/1] 5.45ns  loc: curve25519/src/curve25519-donna.c:407
:100  %tmp_122 = mul nsw i64 %tmp_50, %tmp_50


 <State 23>: 5.45ns
ST_23: tmp_127 (104)  [1/1] 5.45ns  loc: curve25519/src/curve25519-donna.c:407
:101  %tmp_127 = mul nsw i64 %tmp_84, %tmp_22

ST_23: in_addr_18 (105)  [1/1] 0.00ns  loc: curve25519/src/curve25519-donna.c:407
:102  %in_addr_18 = getelementptr [10 x i64]* %in_r, i64 0, i64 8

ST_23: in_load_15 (106)  [2/2] 0.68ns  loc: curve25519/src/curve25519-donna.c:407
:103  %in_load_15 = load i64* %in_addr_18, align 8


 <State 24>: 7.54ns
ST_24: in_load_15 (106)  [1/2] 0.68ns  loc: curve25519/src/curve25519-donna.c:407
:103  %in_load_15 = load i64* %in_addr_18, align 8

ST_24: tmp_182 (107)  [1/1] 0.00ns  loc: curve25519/src/curve25519-donna.c:407
:104  %tmp_182 = trunc i64 %in_load_15 to i32

ST_24: tmp_131 (108)  [1/1] 0.00ns  loc: curve25519/src/curve25519-donna.c:407
:105  %tmp_131 = sext i32 %tmp_182 to i64

ST_24: tmp_132 (109)  [1/1] 5.45ns  loc: curve25519/src/curve25519-donna.c:407
:106  %tmp_132 = mul nsw i64 %tmp_131, %tmp_s

ST_24: tmp_145 (115)  [1/1] 1.41ns  loc: curve25519/src/curve25519-donna.c:407
:112  %tmp_145 = add i64 %tmp_132, %tmp_127

ST_24: tmp_197 (116)  [1/1] 0.00ns  loc: curve25519/src/curve25519-donna.c:407
:113  %tmp_197 = trunc i64 %tmp_145 to i63


 <State 25>: 5.45ns
ST_25: tmp_137 (110)  [1/1] 5.45ns  loc: curve25519/src/curve25519-donna.c:407
:107  %tmp_137 = mul nsw i64 %tmp_114, %tmp_13


 <State 26>: 6.87ns
ST_26: tmp_142 (111)  [1/1] 5.45ns  loc: curve25519/src/curve25519-donna.c:407
:108  %tmp_142 = mul nsw i64 %tmp_68, %tmp_34

ST_26: tmp_143 (112)  [1/1] 1.41ns  loc: curve25519/src/curve25519-donna.c:407
:109  %tmp_143 = add nsw i64 %tmp_142, %tmp_137

ST_26: tmp_196 (113)  [1/1] 0.00ns  loc: curve25519/src/curve25519-donna.c:407
:110  %tmp_196 = trunc i64 %tmp_143 to i62


 <State 27>: 5.45ns
ST_27: tmp_144 (114)  [1/1] 0.00ns  loc: curve25519/src/curve25519-donna.c:407
:111  %tmp_144 = call i63 @_ssdm_op_BitConcatenate.i63.i62.i1(i62 %tmp_196, i1 false)

ST_27: tmp_167 (117)  [1/1] 1.41ns  loc: curve25519/src/curve25519-donna.c:407
:114  %tmp_167 = add i63 %tmp_144, %tmp_197

ST_27: tmp_153 (122)  [1/1] 5.45ns  loc: curve25519/src/curve25519-donna.c:413
:119  %tmp_153 = mul nsw i64 %tmp_68, %tmp_50


 <State 28>: 5.45ns
ST_28: tmp_147 (118)  [1/1] 0.00ns  loc: curve25519/src/curve25519-donna.c:407
:115  %tmp_147 = call i64 @_ssdm_op_BitConcatenate.i64.i63.i1(i63 %tmp_167, i1 false)

ST_28: tmp_148 (119)  [1/1] 1.41ns  loc: curve25519/src/curve25519-donna.c:407
:116  %tmp_148 = add nsw i64 %tmp_147, %tmp_122

ST_28: output_addr_27 (120)  [1/1] 0.00ns  loc: curve25519/src/curve25519-donna.c:407
:117  %output_addr_27 = getelementptr [19 x i64]* %output_r, i64 0, i64 8

ST_28: StgValue_183 (121)  [1/1] 1.24ns  loc: curve25519/src/curve25519-donna.c:407
:118  store i64 %tmp_148, i64* %output_addr_27, align 8

ST_28: tmp_158 (123)  [1/1] 5.45ns  loc: curve25519/src/curve25519-donna.c:413
:120  %tmp_158 = mul nsw i64 %tmp_84, %tmp_34


 <State 29>: 5.45ns
ST_29: tmp_163 (124)  [1/1] 5.45ns  loc: curve25519/src/curve25519-donna.c:413
:121  %tmp_163 = mul nsw i64 %tmp_114, %tmp_22

ST_29: tmp6 (131)  [1/1] 1.41ns  loc: curve25519/src/curve25519-donna.c:413
:128  %tmp6 = add i64 %tmp_158, %tmp_153

ST_29: tmp_206 (135)  [1/1] 0.00ns  loc: curve25519/src/curve25519-donna.c:413
:132  %tmp_206 = trunc i64 %tmp6 to i63


 <State 30>: 5.45ns
ST_30: tmp_168 (125)  [1/1] 5.45ns  loc: curve25519/src/curve25519-donna.c:413
:122  %tmp_168 = mul nsw i64 %tmp_131, %tmp_13

ST_30: in_addr_19 (126)  [1/1] 0.00ns  loc: curve25519/src/curve25519-donna.c:413
:123  %in_addr_19 = getelementptr [10 x i64]* %in_r, i64 0, i64 9

ST_30: in_load_16 (127)  [2/2] 0.68ns  loc: curve25519/src/curve25519-donna.c:413
:124  %in_load_16 = load i64* %in_addr_19, align 8


 <State 31>: 7.54ns
ST_31: in_load_16 (127)  [1/2] 0.68ns  loc: curve25519/src/curve25519-donna.c:413
:124  %in_load_16 = load i64* %in_addr_19, align 8

ST_31: tmp_199 (128)  [1/1] 0.00ns  loc: curve25519/src/curve25519-donna.c:413
:125  %tmp_199 = trunc i64 %in_load_16 to i32

ST_31: tmp_170 (129)  [1/1] 0.00ns  loc: curve25519/src/curve25519-donna.c:413
:126  %tmp_170 = sext i32 %tmp_199 to i64

ST_31: tmp_171 (130)  [1/1] 5.45ns  loc: curve25519/src/curve25519-donna.c:413
:127  %tmp_171 = mul nsw i64 %tmp_170, %tmp_s

ST_31: tmp8 (132)  [1/1] 1.41ns  loc: curve25519/src/curve25519-donna.c:413
:129  %tmp8 = add i64 %tmp_171, %tmp_168


 <State 32>: 5.45ns
ST_32: tmp7 (133)  [1/1] 1.41ns  loc: curve25519/src/curve25519-donna.c:413
:130  %tmp7 = add i64 %tmp_163, %tmp8

ST_32: tmp_200 (134)  [1/1] 0.00ns  loc: curve25519/src/curve25519-donna.c:413
:131  %tmp_200 = trunc i64 %tmp7 to i63

ST_32: tmp_174 (140)  [1/1] 5.45ns  loc: curve25519/src/curve25519-donna.c:419
:137  %tmp_174 = mul nsw i64 %tmp_68, %tmp_68


 <State 33>: 5.45ns
ST_33: tmp_172 (136)  [1/1] 1.41ns  loc: curve25519/src/curve25519-donna.c:413
:133  %tmp_172 = add i63 %tmp_200, %tmp_206

ST_33: tmp_173 (137)  [1/1] 0.00ns  loc: curve25519/src/curve25519-donna.c:413
:134  %tmp_173 = call i64 @_ssdm_op_BitConcatenate.i64.i63.i1(i63 %tmp_172, i1 false)

ST_33: output_addr_28 (138)  [1/1] 0.00ns  loc: curve25519/src/curve25519-donna.c:413
:135  %output_addr_28 = getelementptr [19 x i64]* %output_r, i64 0, i64 9

ST_33: StgValue_202 (139)  [1/1] 1.24ns  loc: curve25519/src/curve25519-donna.c:413
:136  store i64 %tmp_173, i64* %output_addr_28, align 8

ST_33: tmp_175 (141)  [1/1] 5.45ns  loc: curve25519/src/curve25519-donna.c:419
:138  %tmp_175 = mul nsw i64 %tmp_84, %tmp_50


 <State 34>: 6.87ns
ST_34: tmp_176 (142)  [1/1] 5.45ns  loc: curve25519/src/curve25519-donna.c:419
:139  %tmp_176 = mul nsw i64 %tmp_131, %tmp_22

ST_34: tmp9 (148)  [1/1] 1.41ns  loc: curve25519/src/curve25519-donna.c:419
:145  %tmp9 = add i64 %tmp_176, %tmp_175


 <State 35>: 5.45ns
ST_35: tmp_177 (143)  [1/1] 5.45ns  loc: curve25519/src/curve25519-donna.c:419
:140  %tmp_177 = mul nsw i64 %tmp_114, %tmp_34

ST_35: tmp_181 (149)  [1/1] 1.41ns  loc: curve25519/src/curve25519-donna.c:419
:146  %tmp_181 = add i64 %tmp_174, %tmp9

ST_35: tmp_215 (150)  [1/1] 0.00ns  loc: curve25519/src/curve25519-donna.c:419
:147  %tmp_215 = trunc i64 %tmp_181 to i63


 <State 36>: 6.87ns
ST_36: tmp_178 (144)  [1/1] 5.45ns  loc: curve25519/src/curve25519-donna.c:419
:141  %tmp_178 = mul nsw i64 %tmp_170, %tmp_13

ST_36: tmp_179 (145)  [1/1] 1.41ns  loc: curve25519/src/curve25519-donna.c:419
:142  %tmp_179 = add nsw i64 %tmp_178, %tmp_177

ST_36: tmp_207 (146)  [1/1] 0.00ns  loc: curve25519/src/curve25519-donna.c:419
:143  %tmp_207 = trunc i64 %tmp_179 to i62


 <State 37>: 5.45ns
ST_37: tmp_180 (147)  [1/1] 0.00ns  loc: curve25519/src/curve25519-donna.c:419
:144  %tmp_180 = call i63 @_ssdm_op_BitConcatenate.i63.i62.i1(i62 %tmp_207, i1 false)

ST_37: tmp_183 (151)  [1/1] 1.41ns  loc: curve25519/src/curve25519-donna.c:419
:148  %tmp_183 = add i63 %tmp_180, %tmp_215

ST_37: tmp_184 (152)  [1/1] 0.00ns  loc: curve25519/src/curve25519-donna.c:419
:149  %tmp_184 = call i64 @_ssdm_op_BitConcatenate.i64.i63.i1(i63 %tmp_183, i1 false)

ST_37: output_addr_29 (153)  [1/1] 0.00ns  loc: curve25519/src/curve25519-donna.c:419
:150  %output_addr_29 = getelementptr [19 x i64]* %output_r, i64 0, i64 10

ST_37: StgValue_216 (154)  [1/1] 1.24ns  loc: curve25519/src/curve25519-donna.c:419
:151  store i64 %tmp_184, i64* %output_addr_29, align 8

ST_37: tmp_185 (155)  [1/1] 5.45ns  loc: curve25519/src/curve25519-donna.c:425
:152  %tmp_185 = mul nsw i64 %tmp_84, %tmp_68


 <State 38>: 6.87ns
ST_38: tmp_186 (156)  [1/1] 5.45ns  loc: curve25519/src/curve25519-donna.c:425
:153  %tmp_186 = mul nsw i64 %tmp_114, %tmp_50

ST_38: tmp10 (159)  [1/1] 1.41ns  loc: curve25519/src/curve25519-donna.c:425
:156  %tmp10 = add i64 %tmp_186, %tmp_185

ST_38: tmp_222 (162)  [1/1] 0.00ns  loc: curve25519/src/curve25519-donna.c:425
:159  %tmp_222 = trunc i64 %tmp10 to i63


 <State 39>: 5.45ns
ST_39: tmp_187 (157)  [1/1] 5.45ns  loc: curve25519/src/curve25519-donna.c:425
:154  %tmp_187 = mul nsw i64 %tmp_131, %tmp_34


 <State 40>: 6.87ns
ST_40: tmp_188 (158)  [1/1] 5.45ns  loc: curve25519/src/curve25519-donna.c:425
:155  %tmp_188 = mul nsw i64 %tmp_170, %tmp_22

ST_40: tmp11 (160)  [1/1] 1.41ns  loc: curve25519/src/curve25519-donna.c:425
:157  %tmp11 = add i64 %tmp_188, %tmp_187

ST_40: tmp_221 (161)  [1/1] 0.00ns  loc: curve25519/src/curve25519-donna.c:425
:158  %tmp_221 = trunc i64 %tmp11 to i63


 <State 41>: 5.45ns
ST_41: tmp_189 (163)  [1/1] 1.41ns  loc: curve25519/src/curve25519-donna.c:425
:160  %tmp_189 = add i63 %tmp_221, %tmp_222

ST_41: tmp_190 (164)  [1/1] 0.00ns  loc: curve25519/src/curve25519-donna.c:425
:161  %tmp_190 = call i64 @_ssdm_op_BitConcatenate.i64.i63.i1(i63 %tmp_189, i1 false)

ST_41: output_addr_30 (165)  [1/1] 0.00ns  loc: curve25519/src/curve25519-donna.c:425
:162  %output_addr_30 = getelementptr [19 x i64]* %output_r, i64 0, i64 11

ST_41: StgValue_228 (166)  [1/1] 1.24ns  loc: curve25519/src/curve25519-donna.c:425
:163  store i64 %tmp_190, i64* %output_addr_30, align 8

ST_41: tmp_191 (167)  [1/1] 5.45ns  loc: curve25519/src/curve25519-donna.c:430
:164  %tmp_191 = mul nsw i64 %tmp_84, %tmp_84


 <State 42>: 5.45ns
ST_42: tmp_192 (168)  [1/1] 5.45ns  loc: curve25519/src/curve25519-donna.c:430
:165  %tmp_192 = mul nsw i64 %tmp_131, %tmp_50


 <State 43>: 5.45ns
ST_43: tmp_193 (169)  [1/1] 5.45ns  loc: curve25519/src/curve25519-donna.c:430
:166  %tmp_193 = mul nsw i64 %tmp_114, %tmp_68


 <State 44>: 6.87ns
ST_44: tmp_194 (170)  [1/1] 5.45ns  loc: curve25519/src/curve25519-donna.c:430
:167  %tmp_194 = mul nsw i64 %tmp_170, %tmp_34

ST_44: tmp_195 (171)  [1/1] 1.41ns  loc: curve25519/src/curve25519-donna.c:430
:168  %tmp_195 = add nsw i64 %tmp_194, %tmp_193


 <State 45>: 5.45ns
ST_45: tmp_233 (172)  [1/1] 0.00ns  loc: curve25519/src/curve25519-donna.c:430 (grouped into LUT with out node tmp_198)
:169  %tmp_233 = shl i64 %tmp_195, 1

ST_45: tmp_198 (173)  [1/1] 1.41ns  loc: curve25519/src/curve25519-donna.c:430 (out node of the LUT)
:170  %tmp_198 = add nsw i64 %tmp_233, %tmp_192

ST_45: tmp_202 (178)  [1/1] 5.45ns  loc: curve25519/src/curve25519-donna.c:435
:175  %tmp_202 = mul nsw i64 %tmp_114, %tmp_84


 <State 46>: 5.45ns
ST_46: tmp_234 (174)  [1/1] 0.00ns  loc: curve25519/src/curve25519-donna.c:430 (grouped into LUT with out node tmp_201)
:171  %tmp_234 = shl i64 %tmp_198, 1

ST_46: tmp_201 (175)  [1/1] 1.41ns  loc: curve25519/src/curve25519-donna.c:430 (out node of the LUT)
:172  %tmp_201 = add nsw i64 %tmp_234, %tmp_191

ST_46: output_addr_31 (176)  [1/1] 0.00ns  loc: curve25519/src/curve25519-donna.c:430
:173  %output_addr_31 = getelementptr [19 x i64]* %output_r, i64 0, i64 12

ST_46: StgValue_240 (177)  [1/1] 1.24ns  loc: curve25519/src/curve25519-donna.c:430
:174  store i64 %tmp_201, i64* %output_addr_31, align 8

ST_46: tmp_203 (179)  [1/1] 5.45ns  loc: curve25519/src/curve25519-donna.c:435
:176  %tmp_203 = mul nsw i64 %tmp_131, %tmp_68


 <State 47>: 6.87ns
ST_47: tmp_204 (180)  [1/1] 5.45ns  loc: curve25519/src/curve25519-donna.c:435
:177  %tmp_204 = mul nsw i64 %tmp_170, %tmp_50

ST_47: tmp12 (181)  [1/1] 1.41ns  loc: curve25519/src/curve25519-donna.c:435
:178  %tmp12 = add i64 %tmp_204, %tmp_203


 <State 48>: 5.45ns
ST_48: tmp_205 (182)  [1/1] 1.41ns  loc: curve25519/src/curve25519-donna.c:435
:179  %tmp_205 = add i64 %tmp_202, %tmp12

ST_48: tmp_235 (183)  [1/1] 0.00ns  loc: curve25519/src/curve25519-donna.c:435
:180  %tmp_235 = shl i64 %tmp_205, 1

ST_48: output_addr_32 (184)  [1/1] 0.00ns  loc: curve25519/src/curve25519-donna.c:435
:181  %output_addr_32 = getelementptr [19 x i64]* %output_r, i64 0, i64 13

ST_48: StgValue_247 (185)  [1/1] 1.24ns  loc: curve25519/src/curve25519-donna.c:435
:182  store i64 %tmp_235, i64* %output_addr_32, align 8

ST_48: tmp_208 (186)  [1/1] 5.45ns  loc: curve25519/src/curve25519-donna.c:439
:183  %tmp_208 = mul nsw i64 %tmp_114, %tmp_114


 <State 49>: 6.87ns
ST_49: tmp_209 (187)  [1/1] 5.45ns  loc: curve25519/src/curve25519-donna.c:439
:184  %tmp_209 = mul nsw i64 %tmp_131, %tmp_84

ST_49: tmp_214 (192)  [1/1] 1.41ns  loc: curve25519/src/curve25519-donna.c:439
:189  %tmp_214 = add i64 %tmp_209, %tmp_208

ST_49: tmp_236 (193)  [1/1] 0.00ns  loc: curve25519/src/curve25519-donna.c:439
:190  %tmp_236 = trunc i64 %tmp_214 to i63


 <State 50>: 8.10ns
ST_50: tmp_211 (189)  [1/1] 0.00ns  loc: curve25519/src/curve25519-donna.c:439
:186  %tmp_211 = sext i32 %tmp_199 to i62

ST_50: tmp_212 (190)  [1/1] 5.45ns  loc: curve25519/src/curve25519-donna.c:439
:187  %tmp_212 = mul i62 %tmp_211, %tmp_159

ST_50: tmp_213 (191)  [1/1] 0.00ns  loc: curve25519/src/curve25519-donna.c:439
:188  %tmp_213 = call i63 @_ssdm_op_BitConcatenate.i63.i62.i1(i62 %tmp_212, i1 false)

ST_50: tmp_216 (194)  [1/1] 1.41ns  loc: curve25519/src/curve25519-donna.c:439
:191  %tmp_216 = add i63 %tmp_213, %tmp_236

ST_50: tmp_217 (195)  [1/1] 0.00ns  loc: curve25519/src/curve25519-donna.c:439
:192  %tmp_217 = call i64 @_ssdm_op_BitConcatenate.i64.i63.i1(i63 %tmp_216, i1 false)

ST_50: output_addr_33 (196)  [1/1] 0.00ns  loc: curve25519/src/curve25519-donna.c:439
:193  %output_addr_33 = getelementptr [19 x i64]* %output_r, i64 0, i64 14

ST_50: StgValue_258 (197)  [1/1] 1.24ns  loc: curve25519/src/curve25519-donna.c:439
:194  store i64 %tmp_217, i64* %output_addr_33, align 8


 <State 51>: 5.45ns
ST_51: tmp_218 (198)  [1/1] 5.45ns  loc: curve25519/src/curve25519-donna.c:443
:195  %tmp_218 = mul nsw i64 %tmp_131, %tmp_114


 <State 52>: 8.10ns
ST_52: tmp_219 (199)  [1/1] 5.45ns  loc: curve25519/src/curve25519-donna.c:443
:196  %tmp_219 = mul nsw i64 %tmp_170, %tmp_84

ST_52: tmp_220 (200)  [1/1] 1.41ns  loc: curve25519/src/curve25519-donna.c:443
:197  %tmp_220 = add nsw i64 %tmp_219, %tmp_218

ST_52: tmp_237 (201)  [1/1] 0.00ns  loc: curve25519/src/curve25519-donna.c:443
:198  %tmp_237 = shl i64 %tmp_220, 1

ST_52: output_addr_34 (202)  [1/1] 0.00ns  loc: curve25519/src/curve25519-donna.c:443
:199  %output_addr_34 = getelementptr [19 x i64]* %output_r, i64 0, i64 15

ST_52: StgValue_264 (203)  [1/1] 1.24ns  loc: curve25519/src/curve25519-donna.c:443
:200  store i64 %tmp_237, i64* %output_addr_34, align 8


 <State 53>: 5.45ns
ST_53: tmp_223 (204)  [1/1] 5.45ns  loc: curve25519/src/curve25519-donna.c:446
:201  %tmp_223 = mul nsw i64 %tmp_131, %tmp_131


 <State 54>: 8.10ns
ST_54: tmp_224 (205)  [1/1] 0.00ns  loc: curve25519/src/curve25519-donna.c:446
:202  %tmp_224 = sext i32 %tmp_164 to i62

ST_54: tmp_225 (206)  [1/1] 5.45ns  loc: curve25519/src/curve25519-donna.c:446
:203  %tmp_225 = mul i62 %tmp_211, %tmp_224

ST_54: tmp_226 (207)  [1/1] 0.00ns  loc: curve25519/src/curve25519-donna.c:446
:204  %tmp_226 = call i64 @_ssdm_op_BitConcatenate.i64.i62.i2(i62 %tmp_225, i2 0)

ST_54: tmp_227 (208)  [1/1] 1.41ns  loc: curve25519/src/curve25519-donna.c:446
:205  %tmp_227 = add nsw i64 %tmp_226, %tmp_223

ST_54: output_addr_35 (209)  [1/1] 0.00ns  loc: curve25519/src/curve25519-donna.c:446
:206  %output_addr_35 = getelementptr [19 x i64]* %output_r, i64 0, i64 16

ST_54: StgValue_271 (210)  [1/1] 1.24ns  loc: curve25519/src/curve25519-donna.c:446
:207  store i64 %tmp_227, i64* %output_addr_35, align 8


 <State 55>: 6.69ns
ST_55: tmp_210 (188)  [1/1] 0.00ns  loc: curve25519/src/curve25519-donna.c:439
:185  %tmp_210 = sext i32 %tmp_199 to i63

ST_55: tmp_228 (211)  [1/1] 0.00ns  loc: curve25519/src/curve25519-donna.c:449
:208  %tmp_228 = sext i32 %tmp_182 to i63

ST_55: tmp_229 (212)  [1/1] 5.45ns  loc: curve25519/src/curve25519-donna.c:449
:209  %tmp_229 = mul i63 %tmp_210, %tmp_228

ST_55: tmp_230 (213)  [1/1] 0.00ns  loc: curve25519/src/curve25519-donna.c:449
:210  %tmp_230 = call i64 @_ssdm_op_BitConcatenate.i64.i63.i1(i63 %tmp_229, i1 false)

ST_55: output_addr_36 (214)  [1/1] 0.00ns  loc: curve25519/src/curve25519-donna.c:449
:211  %output_addr_36 = getelementptr [19 x i64]* %output_r, i64 0, i64 17

ST_55: StgValue_277 (215)  [1/1] 1.24ns  loc: curve25519/src/curve25519-donna.c:449
:212  store i64 %tmp_230, i64* %output_addr_36, align 8


 <State 56>: 6.69ns
ST_56: StgValue_278 (5)  [1/1] 0.00ns  loc: curve25519/src/curve25519-donna.c:369
:2  call void (...)* @_ssdm_op_SpecResourceLimit(i32 1, [4 x i8]* @p_str7, [1 x i8]* @p_str1, [1 x i8]* @p_str1, [1 x i8]* @p_str1) nounwind

ST_56: StgValue_279 (6)  [1/1] 0.00ns  loc: curve25519/src/curve25519-donna.c:370
:3  call void (...)* @_ssdm_op_SpecResourceLimit(i32 1, [4 x i8]* @p_str8, [1 x i8]* @p_str1, [1 x i8]* @p_str1, [1 x i8]* @p_str1) nounwind

ST_56: tmp_231 (216)  [1/1] 5.45ns  loc: curve25519/src/curve25519-donna.c:451
:213  %tmp_231 = mul i63 %tmp_210, %tmp_210

ST_56: tmp_232 (217)  [1/1] 0.00ns  loc: curve25519/src/curve25519-donna.c:451
:214  %tmp_232 = call i64 @_ssdm_op_BitConcatenate.i64.i63.i1(i63 %tmp_231, i1 false)

ST_56: output_addr_37 (218)  [1/1] 0.00ns  loc: curve25519/src/curve25519-donna.c:451
:215  %output_addr_37 = getelementptr [19 x i64]* %output_r, i64 0, i64 18

ST_56: StgValue_283 (219)  [1/1] 1.24ns  loc: curve25519/src/curve25519-donna.c:451
:216  store i64 %tmp_232, i64* %output_addr_37, align 8

ST_56: StgValue_284 (220)  [1/1] 0.00ns  loc: curve25519/src/curve25519-donna.c:452
:217  ret void



============================================================
+ Verbose Summary: Timing violations
============================================================
Target clock period: 10ns, clock uncertainty: 1.25ns.

 <State 1>: 0.677ns
The critical path consists of the following:
	'getelementptr' operation ('in_addr') [3]  (0 ns)
	'load' operation ('in_load', curve25519/src/curve25519-donna.c:371) on array 'in_r' [7]  (0.677 ns)

 <State 2>: 7.37ns
The critical path consists of the following:
	'load' operation ('in_load', curve25519/src/curve25519-donna.c:371) on array 'in_r' [7]  (0.677 ns)
	'mul' operation ('out_1', curve25519/src/curve25519-donna.c:371) [10]  (5.45 ns)
	'store' operation (curve25519/src/curve25519-donna.c:374) of variable 'out_1', curve25519/src/curve25519-donna.c:371 on array 'output_r' [11]  (1.24 ns)

 <State 3>: 7.37ns
The critical path consists of the following:
	'load' operation ('in_load_3', curve25519/src/curve25519-donna.c:378) on array 'in_r' [13]  (0.677 ns)
	'mul' operation ('tmp_150', curve25519/src/curve25519-donna.c:378) [18]  (5.45 ns)
	'store' operation (curve25519/src/curve25519-donna.c:378) of variable 'tmp_15', curve25519/src/curve25519-donna.c:378 on array 'output_r' [21]  (1.24 ns)

 <State 4>: 5.45ns
The critical path consists of the following:
	'mul' operation ('tmp_18', curve25519/src/curve25519-donna.c:383) [22]  (5.45 ns)

 <State 5>: 8.1ns
The critical path consists of the following:
	'mul' operation ('tmp_23', curve25519/src/curve25519-donna.c:383) [27]  (5.45 ns)
	'add' operation ('tmp_24', curve25519/src/curve25519-donna.c:383) [28]  (1.41 ns)
	'shl' operation ('tmp_135', curve25519/src/curve25519-donna.c:383) [29]  (0 ns)
	'store' operation (curve25519/src/curve25519-donna.c:383) of variable 'tmp_135', curve25519/src/curve25519-donna.c:383 on array 'output_r' [31]  (1.24 ns)

 <State 6>: 5.45ns
The critical path consists of the following:
	'mul' operation ('tmp_30', curve25519/src/curve25519-donna.c:386) [32]  (5.45 ns)

 <State 7>: 8.1ns
The critical path consists of the following:
	'mul' operation ('tmp_35', curve25519/src/curve25519-donna.c:386) [37]  (5.45 ns)
	'add' operation ('tmp_36', curve25519/src/curve25519-donna.c:386) [38]  (1.41 ns)
	'shl' operation ('tmp_138', curve25519/src/curve25519-donna.c:386) [39]  (0 ns)
	'store' operation (curve25519/src/curve25519-donna.c:386) of variable 'tmp_138', curve25519/src/curve25519-donna.c:386 on array 'output_r' [41]  (1.24 ns)

 <State 8>: 5.45ns
The critical path consists of the following:
	'mul' operation ('tmp_40', curve25519/src/curve25519-donna.c:389) [42]  (5.45 ns)

 <State 9>: 5.45ns
The critical path consists of the following:
	'mul' operation ('tmp_154', curve25519/src/curve25519-donna.c:389) [45]  (5.45 ns)

 <State 10>: 7.54ns
The critical path consists of the following:
	'load' operation ('in_load_11', curve25519/src/curve25519-donna.c:389) on array 'in_r' [48]  (0.677 ns)
	'mul' operation ('tmp_156', curve25519/src/curve25519-donna.c:389) [52]  (5.45 ns)
	'add' operation ('tmp1', curve25519/src/curve25519-donna.c:389) [54]  (1.41 ns)

 <State 11>: 5.45ns
The critical path consists of the following:
	'mul' operation ('tmp_59', curve25519/src/curve25519-donna.c:393) [58]  (5.45 ns)

 <State 12>: 5.45ns
The critical path consists of the following:
	'mul' operation ('tmp_64', curve25519/src/curve25519-donna.c:393) [59]  (5.45 ns)

 <State 13>: 7.54ns
The critical path consists of the following:
	'load' operation ('in_load_12', curve25519/src/curve25519-donna.c:393) on array 'in_r' [61]  (0.677 ns)
	'mul' operation ('tmp_69', curve25519/src/curve25519-donna.c:393) [64]  (5.45 ns)
	'add' operation ('tmp2', curve25519/src/curve25519-donna.c:393) [65]  (1.41 ns)

 <State 14>: 5.45ns
The critical path consists of the following:
	'mul' operation ('tmp_75', curve25519/src/curve25519-donna.c:397) [70]  (5.45 ns)

 <State 15>: 5.45ns
The critical path consists of the following:
	'mul' operation ('tmp_80', curve25519/src/curve25519-donna.c:397) [71]  (5.45 ns)

 <State 16>: 7.54ns
The critical path consists of the following:
	'load' operation ('in_load_13', curve25519/src/curve25519-donna.c:397) on array 'in_r' [73]  (0.677 ns)
	'mul' operation ('tmp_85', curve25519/src/curve25519-donna.c:397) [76]  (5.45 ns)
	'add' operation ('tmp3', curve25519/src/curve25519-donna.c:397) [80]  (1.41 ns)

 <State 17>: 5.45ns
The critical path consists of the following:
	'mul' operation ('tmp_160', curve25519/src/curve25519-donna.c:397) [78]  (5.45 ns)

 <State 18>: 5.45ns
The critical path consists of the following:
	'mul' operation ('tmp_100', curve25519/src/curve25519-donna.c:402) [87]  (5.45 ns)

 <State 19>: 6.87ns
The critical path consists of the following:
	'mul' operation ('tmp_105', curve25519/src/curve25519-donna.c:402) [88]  (5.45 ns)
	'add' operation ('tmp4', curve25519/src/curve25519-donna.c:402) [95]  (1.41 ns)

 <State 20>: 5.45ns
The critical path consists of the following:
	'mul' operation ('tmp_110', curve25519/src/curve25519-donna.c:402) [89]  (5.45 ns)

 <State 21>: 7.54ns
The critical path consists of the following:
	'load' operation ('in_load_14', curve25519/src/curve25519-donna.c:402) on array 'in_r' [91]  (0.677 ns)
	'mul' operation ('tmp_115', curve25519/src/curve25519-donna.c:402) [94]  (5.45 ns)
	'add' operation ('tmp5', curve25519/src/curve25519-donna.c:402) [96]  (1.41 ns)

 <State 22>: 5.45ns
The critical path consists of the following:
	'mul' operation ('tmp_122', curve25519/src/curve25519-donna.c:407) [103]  (5.45 ns)

 <State 23>: 5.45ns
The critical path consists of the following:
	'mul' operation ('tmp_127', curve25519/src/curve25519-donna.c:407) [104]  (5.45 ns)

 <State 24>: 7.54ns
The critical path consists of the following:
	'load' operation ('in_load_15', curve25519/src/curve25519-donna.c:407) on array 'in_r' [106]  (0.677 ns)
	'mul' operation ('tmp_132', curve25519/src/curve25519-donna.c:407) [109]  (5.45 ns)
	'add' operation ('tmp_145', curve25519/src/curve25519-donna.c:407) [115]  (1.41 ns)

 <State 25>: 5.45ns
The critical path consists of the following:
	'mul' operation ('tmp_137', curve25519/src/curve25519-donna.c:407) [110]  (5.45 ns)

 <State 26>: 6.87ns
The critical path consists of the following:
	'mul' operation ('tmp_142', curve25519/src/curve25519-donna.c:407) [111]  (5.45 ns)
	'add' operation ('tmp_143', curve25519/src/curve25519-donna.c:407) [112]  (1.41 ns)

 <State 27>: 5.45ns
The critical path consists of the following:
	'mul' operation ('tmp_153', curve25519/src/curve25519-donna.c:413) [122]  (5.45 ns)

 <State 28>: 5.45ns
The critical path consists of the following:
	'mul' operation ('tmp_158', curve25519/src/curve25519-donna.c:413) [123]  (5.45 ns)

 <State 29>: 5.45ns
The critical path consists of the following:
	'mul' operation ('tmp_163', curve25519/src/curve25519-donna.c:413) [124]  (5.45 ns)

 <State 30>: 5.45ns
The critical path consists of the following:
	'mul' operation ('tmp_168', curve25519/src/curve25519-donna.c:413) [125]  (5.45 ns)

 <State 31>: 7.54ns
The critical path consists of the following:
	'load' operation ('in_load_16', curve25519/src/curve25519-donna.c:413) on array 'in_r' [127]  (0.677 ns)
	'mul' operation ('tmp_171', curve25519/src/curve25519-donna.c:413) [130]  (5.45 ns)
	'add' operation ('tmp8', curve25519/src/curve25519-donna.c:413) [132]  (1.41 ns)

 <State 32>: 5.45ns
The critical path consists of the following:
	'mul' operation ('tmp_174', curve25519/src/curve25519-donna.c:419) [140]  (5.45 ns)

 <State 33>: 5.45ns
The critical path consists of the following:
	'mul' operation ('tmp_175', curve25519/src/curve25519-donna.c:419) [141]  (5.45 ns)

 <State 34>: 6.87ns
The critical path consists of the following:
	'mul' operation ('tmp_176', curve25519/src/curve25519-donna.c:419) [142]  (5.45 ns)
	'add' operation ('tmp9', curve25519/src/curve25519-donna.c:419) [148]  (1.41 ns)

 <State 35>: 5.45ns
The critical path consists of the following:
	'mul' operation ('tmp_177', curve25519/src/curve25519-donna.c:419) [143]  (5.45 ns)

 <State 36>: 6.87ns
The critical path consists of the following:
	'mul' operation ('tmp_178', curve25519/src/curve25519-donna.c:419) [144]  (5.45 ns)
	'add' operation ('tmp_179', curve25519/src/curve25519-donna.c:419) [145]  (1.41 ns)

 <State 37>: 5.45ns
The critical path consists of the following:
	'mul' operation ('tmp_185', curve25519/src/curve25519-donna.c:425) [155]  (5.45 ns)

 <State 38>: 6.87ns
The critical path consists of the following:
	'mul' operation ('tmp_186', curve25519/src/curve25519-donna.c:425) [156]  (5.45 ns)
	'add' operation ('tmp10', curve25519/src/curve25519-donna.c:425) [159]  (1.41 ns)

 <State 39>: 5.45ns
The critical path consists of the following:
	'mul' operation ('tmp_187', curve25519/src/curve25519-donna.c:425) [157]  (5.45 ns)

 <State 40>: 6.87ns
The critical path consists of the following:
	'mul' operation ('tmp_188', curve25519/src/curve25519-donna.c:425) [158]  (5.45 ns)
	'add' operation ('tmp11', curve25519/src/curve25519-donna.c:425) [160]  (1.41 ns)

 <State 41>: 5.45ns
The critical path consists of the following:
	'mul' operation ('tmp_191', curve25519/src/curve25519-donna.c:430) [167]  (5.45 ns)

 <State 42>: 5.45ns
The critical path consists of the following:
	'mul' operation ('tmp_192', curve25519/src/curve25519-donna.c:430) [168]  (5.45 ns)

 <State 43>: 5.45ns
The critical path consists of the following:
	'mul' operation ('tmp_193', curve25519/src/curve25519-donna.c:430) [169]  (5.45 ns)

 <State 44>: 6.87ns
The critical path consists of the following:
	'mul' operation ('tmp_194', curve25519/src/curve25519-donna.c:430) [170]  (5.45 ns)
	'add' operation ('tmp_195', curve25519/src/curve25519-donna.c:430) [171]  (1.41 ns)

 <State 45>: 5.45ns
The critical path consists of the following:
	'mul' operation ('tmp_202', curve25519/src/curve25519-donna.c:435) [178]  (5.45 ns)

 <State 46>: 5.45ns
The critical path consists of the following:
	'mul' operation ('tmp_203', curve25519/src/curve25519-donna.c:435) [179]  (5.45 ns)

 <State 47>: 6.87ns
The critical path consists of the following:
	'mul' operation ('tmp_204', curve25519/src/curve25519-donna.c:435) [180]  (5.45 ns)
	'add' operation ('tmp12', curve25519/src/curve25519-donna.c:435) [181]  (1.41 ns)

 <State 48>: 5.45ns
The critical path consists of the following:
	'mul' operation ('tmp_208', curve25519/src/curve25519-donna.c:439) [186]  (5.45 ns)

 <State 49>: 6.87ns
The critical path consists of the following:
	'mul' operation ('tmp_209', curve25519/src/curve25519-donna.c:439) [187]  (5.45 ns)
	'add' operation ('tmp_214', curve25519/src/curve25519-donna.c:439) [192]  (1.41 ns)

 <State 50>: 8.1ns
The critical path consists of the following:
	'mul' operation ('tmp_212', curve25519/src/curve25519-donna.c:439) [190]  (5.45 ns)
	'add' operation ('tmp_216', curve25519/src/curve25519-donna.c:439) [194]  (1.41 ns)
	'store' operation (curve25519/src/curve25519-donna.c:439) of variable 'tmp_217', curve25519/src/curve25519-donna.c:439 on array 'output_r' [197]  (1.24 ns)

 <State 51>: 5.45ns
The critical path consists of the following:
	'mul' operation ('tmp_218', curve25519/src/curve25519-donna.c:443) [198]  (5.45 ns)

 <State 52>: 8.1ns
The critical path consists of the following:
	'mul' operation ('tmp_219', curve25519/src/curve25519-donna.c:443) [199]  (5.45 ns)
	'add' operation ('tmp_220', curve25519/src/curve25519-donna.c:443) [200]  (1.41 ns)
	'shl' operation ('tmp_237', curve25519/src/curve25519-donna.c:443) [201]  (0 ns)
	'store' operation (curve25519/src/curve25519-donna.c:443) of variable 'tmp_237', curve25519/src/curve25519-donna.c:443 on array 'output_r' [203]  (1.24 ns)

 <State 53>: 5.45ns
The critical path consists of the following:
	'mul' operation ('tmp_223', curve25519/src/curve25519-donna.c:446) [204]  (5.45 ns)

 <State 54>: 8.1ns
The critical path consists of the following:
	'mul' operation ('tmp_225', curve25519/src/curve25519-donna.c:446) [206]  (5.45 ns)
	'add' operation ('tmp_227', curve25519/src/curve25519-donna.c:446) [208]  (1.41 ns)
	'store' operation (curve25519/src/curve25519-donna.c:446) of variable 'tmp_227', curve25519/src/curve25519-donna.c:446 on array 'output_r' [210]  (1.24 ns)

 <State 55>: 6.69ns
The critical path consists of the following:
	'mul' operation ('tmp_229', curve25519/src/curve25519-donna.c:449) [212]  (5.45 ns)
	'store' operation (curve25519/src/curve25519-donna.c:449) of variable 'tmp_230', curve25519/src/curve25519-donna.c:449 on array 'output_r' [215]  (1.24 ns)

 <State 56>: 6.69ns
The critical path consists of the following:
	'mul' operation ('tmp_231', curve25519/src/curve25519-donna.c:451) [216]  (5.45 ns)
	'store' operation (curve25519/src/curve25519-donna.c:451) of variable 'tmp_232', curve25519/src/curve25519-donna.c:451 on array 'output_r' [219]  (1.24 ns)


============================================================
+ Verbose Summary: Binding
============================================================
N/A
* FSMD analyzer results:
  - Output states:
 - Input state : 
  - Chain level:
	State 1
	State 2
	State 3
	State 4
	State 5
	State 6
	State 7
	State 8
	State 9
	State 10
	State 11
	State 12
	State 13
	State 14
	State 15
	State 16
	State 17
	State 18
	State 19
	State 20
	State 21
	State 22
	State 23
	State 24
	State 25
	State 26
	State 27
	State 28
	State 29
	State 30
	State 31
	State 32
	State 33
	State 34
	State 35
	State 36
	State 37
	State 38
	State 39
	State 40
	State 41
	State 42
	State 43
	State 44
	State 45
	State 46
	State 47
	State 48
	State 49
	State 50
	State 51
	State 52
	State 53
	State 54
	State 55
	State 56


============================================================
+ Verbose Summary: Datapath Resource usage 
============================================================
N/A
