
*** Running vivado
    with args -log design_1_axi_gpio_0_0.vds -m64 -product Vivado -mode batch -messageDb vivado.pb -notrace -source design_1_axi_gpio_0_0.tcl


****** Vivado v2017.1 (64-bit)
  **** SW Build 1846317 on Fri Apr 14 18:54:47 MDT 2017
  **** IP Build 1846188 on Fri Apr 14 20:52:08 MDT 2017
    ** Copyright 1986-2017 Xilinx, Inc. All Rights Reserved.

source design_1_axi_gpio_0_0.tcl -notrace
Starting RTL Elaboration : Time (s): cpu = 00:00:06 ; elapsed = 00:00:06 . Memory (MB): peak = 1204.930 ; gain = 74.996 ; free physical = 1746 ; free virtual = 15111
INFO: [Synth 8-638] synthesizing module 'design_1_axi_gpio_0_0' [/home/michael/hardware_security/zcu102/root_of_trust/operational_os/vivado/zedboard_pmod/zedboard_pmod.srcs/sources_1/bd/design_1/ip/design_1_axi_gpio_0_0/synth/design_1_axi_gpio_0_0.vhd:89]
INFO: [Synth 8-638] synthesizing module 'axi_gpio' [/home/michael/hardware_security/zcu102/root_of_trust/operational_os/vivado/zedboard_pmod/zedboard_pmod.srcs/sources_1/bd/design_1/ipshared/3b45/hdl/axi_gpio_v2_0_vh_rfs.vhd:1257]
INFO: [Synth 8-638] synthesizing module 'axi_lite_ipif' [/home/michael/hardware_security/zcu102/root_of_trust/operational_os/vivado/zedboard_pmod/zedboard_pmod.srcs/sources_1/bd/design_1/ipshared/0ba0/hdl/axi_lite_ipif_v3_0_vh_rfs.vhd:2948]
INFO: [Synth 8-638] synthesizing module 'slave_attachment' [/home/michael/hardware_security/zcu102/root_of_trust/operational_os/vivado/zedboard_pmod/zedboard_pmod.srcs/sources_1/bd/design_1/ipshared/0ba0/hdl/axi_lite_ipif_v3_0_vh_rfs.vhd:2341]
INFO: [Synth 8-638] synthesizing module 'address_decoder' [/home/michael/hardware_security/zcu102/root_of_trust/operational_os/vivado/zedboard_pmod/zedboard_pmod.srcs/sources_1/bd/design_1/ipshared/0ba0/hdl/axi_lite_ipif_v3_0_vh_rfs.vhd:1775]
INFO: [Synth 8-638] synthesizing module 'pselect_f' [/home/michael/hardware_security/zcu102/root_of_trust/operational_os/vivado/zedboard_pmod/zedboard_pmod.srcs/sources_1/bd/design_1/ipshared/0ba0/hdl/axi_lite_ipif_v3_0_vh_rfs.vhd:1534]
INFO: [Synth 8-256] done synthesizing module 'pselect_f' (1#1) [/home/michael/hardware_security/zcu102/root_of_trust/operational_os/vivado/zedboard_pmod/zedboard_pmod.srcs/sources_1/bd/design_1/ipshared/0ba0/hdl/axi_lite_ipif_v3_0_vh_rfs.vhd:1534]
INFO: [Synth 8-638] synthesizing module 'pselect_f__parameterized0' [/home/michael/hardware_security/zcu102/root_of_trust/operational_os/vivado/zedboard_pmod/zedboard_pmod.srcs/sources_1/bd/design_1/ipshared/0ba0/hdl/axi_lite_ipif_v3_0_vh_rfs.vhd:1534]
INFO: [Synth 8-256] done synthesizing module 'pselect_f__parameterized0' (1#1) [/home/michael/hardware_security/zcu102/root_of_trust/operational_os/vivado/zedboard_pmod/zedboard_pmod.srcs/sources_1/bd/design_1/ipshared/0ba0/hdl/axi_lite_ipif_v3_0_vh_rfs.vhd:1534]
INFO: [Synth 8-638] synthesizing module 'pselect_f__parameterized1' [/home/michael/hardware_security/zcu102/root_of_trust/operational_os/vivado/zedboard_pmod/zedboard_pmod.srcs/sources_1/bd/design_1/ipshared/0ba0/hdl/axi_lite_ipif_v3_0_vh_rfs.vhd:1534]
INFO: [Synth 8-256] done synthesizing module 'pselect_f__parameterized1' (1#1) [/home/michael/hardware_security/zcu102/root_of_trust/operational_os/vivado/zedboard_pmod/zedboard_pmod.srcs/sources_1/bd/design_1/ipshared/0ba0/hdl/axi_lite_ipif_v3_0_vh_rfs.vhd:1534]
INFO: [Synth 8-638] synthesizing module 'pselect_f__parameterized2' [/home/michael/hardware_security/zcu102/root_of_trust/operational_os/vivado/zedboard_pmod/zedboard_pmod.srcs/sources_1/bd/design_1/ipshared/0ba0/hdl/axi_lite_ipif_v3_0_vh_rfs.vhd:1534]
INFO: [Synth 8-256] done synthesizing module 'pselect_f__parameterized2' (1#1) [/home/michael/hardware_security/zcu102/root_of_trust/operational_os/vivado/zedboard_pmod/zedboard_pmod.srcs/sources_1/bd/design_1/ipshared/0ba0/hdl/axi_lite_ipif_v3_0_vh_rfs.vhd:1534]
INFO: [Synth 8-256] done synthesizing module 'address_decoder' (2#1) [/home/michael/hardware_security/zcu102/root_of_trust/operational_os/vivado/zedboard_pmod/zedboard_pmod.srcs/sources_1/bd/design_1/ipshared/0ba0/hdl/axi_lite_ipif_v3_0_vh_rfs.vhd:1775]
INFO: [Synth 8-256] done synthesizing module 'slave_attachment' (3#1) [/home/michael/hardware_security/zcu102/root_of_trust/operational_os/vivado/zedboard_pmod/zedboard_pmod.srcs/sources_1/bd/design_1/ipshared/0ba0/hdl/axi_lite_ipif_v3_0_vh_rfs.vhd:2341]
INFO: [Synth 8-256] done synthesizing module 'axi_lite_ipif' (4#1) [/home/michael/hardware_security/zcu102/root_of_trust/operational_os/vivado/zedboard_pmod/zedboard_pmod.srcs/sources_1/bd/design_1/ipshared/0ba0/hdl/axi_lite_ipif_v3_0_vh_rfs.vhd:2948]
INFO: [Synth 8-638] synthesizing module 'GPIO_Core' [/home/michael/hardware_security/zcu102/root_of_trust/operational_os/vivado/zedboard_pmod/zedboard_pmod.srcs/sources_1/bd/design_1/ipshared/3b45/hdl/axi_gpio_v2_0_vh_rfs.vhd:177]
INFO: [Synth 8-638] synthesizing module 'cdc_sync' [/home/michael/hardware_security/zcu102/root_of_trust/operational_os/vivado/zedboard_pmod/zedboard_pmod.srcs/sources_1/bd/design_1/ipshared/52cb/hdl/lib_cdc_v1_0_rfs.vhd:106]
INFO: [Synth 8-256] done synthesizing module 'cdc_sync' (5#1) [/home/michael/hardware_security/zcu102/root_of_trust/operational_os/vivado/zedboard_pmod/zedboard_pmod.srcs/sources_1/bd/design_1/ipshared/52cb/hdl/lib_cdc_v1_0_rfs.vhd:106]
INFO: [Synth 8-256] done synthesizing module 'GPIO_Core' (6#1) [/home/michael/hardware_security/zcu102/root_of_trust/operational_os/vivado/zedboard_pmod/zedboard_pmod.srcs/sources_1/bd/design_1/ipshared/3b45/hdl/axi_gpio_v2_0_vh_rfs.vhd:177]
INFO: [Synth 8-256] done synthesizing module 'axi_gpio' (7#1) [/home/michael/hardware_security/zcu102/root_of_trust/operational_os/vivado/zedboard_pmod/zedboard_pmod.srcs/sources_1/bd/design_1/ipshared/3b45/hdl/axi_gpio_v2_0_vh_rfs.vhd:1257]
INFO: [Synth 8-256] done synthesizing module 'design_1_axi_gpio_0_0' (8#1) [/home/michael/hardware_security/zcu102/root_of_trust/operational_os/vivado/zedboard_pmod/zedboard_pmod.srcs/sources_1/bd/design_1/ip/design_1_axi_gpio_0_0/synth/design_1_axi_gpio_0_0.vhd:89]
Finished RTL Elaboration : Time (s): cpu = 00:00:07 ; elapsed = 00:00:07 . Memory (MB): peak = 1247.430 ; gain = 117.496 ; free physical = 1682 ; free virtual = 15051
Finished RTL Optimization Phase 1 : Time (s): cpu = 00:00:07 ; elapsed = 00:00:07 . Memory (MB): peak = 1247.430 ; gain = 117.496 ; free physical = 1727 ; free virtual = 15096
INFO: [Device 21-403] Loading part xc7z020clg484-1
Constraint Validation Runtime : Time (s): cpu = 00:00:00.03 ; elapsed = 00:00:00.03 . Memory (MB): peak = 1658.398 ; gain = 0.000 ; free physical = 912 ; free virtual = 14334
Finished Constraint Validation : Time (s): cpu = 00:00:18 ; elapsed = 00:00:20 . Memory (MB): peak = 1658.398 ; gain = 528.465 ; free physical = 1071 ; free virtual = 14477
Finished Loading Part and Timing Information : Time (s): cpu = 00:00:18 ; elapsed = 00:00:20 . Memory (MB): peak = 1658.398 ; gain = 528.465 ; free physical = 1071 ; free virtual = 14477
Finished applying 'set_property' XDC Constraints : Time (s): cpu = 00:00:18 ; elapsed = 00:00:20 . Memory (MB): peak = 1658.398 ; gain = 528.465 ; free physical = 1071 ; free virtual = 14478
Finished RTL Optimization Phase 2 : Time (s): cpu = 00:00:19 ; elapsed = 00:00:21 . Memory (MB): peak = 1658.398 ; gain = 528.465 ; free physical = 1035 ; free virtual = 14442
Finished Cross Boundary and Area Optimization : Time (s): cpu = 00:00:20 ; elapsed = 00:00:22 . Memory (MB): peak = 1658.398 ; gain = 528.465 ; free physical = 1040 ; free virtual = 14453
Finished Applying XDC Timing Constraints : Time (s): cpu = 00:00:28 ; elapsed = 00:00:31 . Memory (MB): peak = 1658.398 ; gain = 528.465 ; free physical = 726 ; free virtual = 14135
Finished Timing Optimization : Time (s): cpu = 00:00:28 ; elapsed = 00:00:31 . Memory (MB): peak = 1658.398 ; gain = 528.465 ; free physical = 724 ; free virtual = 14133
Finished Technology Mapping : Time (s): cpu = 00:00:28 ; elapsed = 00:00:31 . Memory (MB): peak = 1658.398 ; gain = 528.465 ; free physical = 725 ; free virtual = 14134
Finished IO Insertion : Time (s): cpu = 00:00:29 ; elapsed = 00:00:32 . Memory (MB): peak = 1658.398 ; gain = 528.465 ; free physical = 769 ; free virtual = 14179
Finished Renaming Generated Instances : Time (s): cpu = 00:00:29 ; elapsed = 00:00:32 . Memory (MB): peak = 1658.398 ; gain = 528.465 ; free physical = 769 ; free virtual = 14179
Finished Rebuilding User Hierarchy : Time (s): cpu = 00:00:29 ; elapsed = 00:00:32 . Memory (MB): peak = 1658.398 ; gain = 528.465 ; free physical = 769 ; free virtual = 14178
Finished Renaming Generated Ports : Time (s): cpu = 00:00:29 ; elapsed = 00:00:32 . Memory (MB): peak = 1658.398 ; gain = 528.465 ; free physical = 769 ; free virtual = 14178
Finished Handling Custom Attributes : Time (s): cpu = 00:00:29 ; elapsed = 00:00:32 . Memory (MB): peak = 1658.398 ; gain = 528.465 ; free physical = 769 ; free virtual = 14178
Finished Renaming Generated Nets : Time (s): cpu = 00:00:29 ; elapsed = 00:00:32 . Memory (MB): peak = 1658.398 ; gain = 528.465 ; free physical = 769 ; free virtual = 14178

Report Cell Usage: 
+------+-----+------+
|      |Cell |Count |
+------+-----+------+
|1     |LUT1 |     2|
|2     |LUT2 |     5|
|3     |LUT3 |     4|
|4     |LUT4 |    10|
|5     |LUT5 |    12|
|6     |LUT6 |     9|
|7     |FDR  |     8|
|8     |FDRE |    29|
|9     |FDSE |     2|
+------+-----+------+
Finished Writing Synthesis Report : Time (s): cpu = 00:00:29 ; elapsed = 00:00:32 . Memory (MB): peak = 1658.398 ; gain = 528.465 ; free physical = 769 ; free virtual = 14178
synth_design: Time (s): cpu = 00:00:31 ; elapsed = 00:00:33 . Memory (MB): peak = 1658.398 ; gain = 541.051 ; free physical = 624 ; free virtual = 14033
