

================================================================
== Vivado HLS Report for 'contact_discovery'
================================================================
* Date:           Thu Mar 29 20:59:26 2018

* Version:        2017.1 (Build 1846317 on Fri Apr 14 19:19:38 MDT 2017)
* Project:        contact_discovery_hls_2017.1
* Solution:       solution1
* Product family: zynquplus
* Target device:  xczu9eg-ffvb1156-1-i


================================================================
== Performance Estimates
================================================================
+ Timing (ns): 
    * Summary: 
    +--------+-------+----------+------------+
    |  Clock | Target| Estimated| Uncertainty|
    +--------+-------+----------+------------+
    |ap_clk  |  10.00|      2.93|        1.25|
    +--------+-------+----------+------------+

+ Latency (clock cycles): 
    * Summary: 
    +-----+-----+-----+-----+---------+
    |  Latency  |  Interval | Pipeline|
    | min | max | min | max |   Type  |
    +-----+-----+-----+-----+---------+
    |    ?|    ?|    ?|    ?|   none  |
    +-----+-----+-----+-----+---------+

    + Detail: 
        * Instance: 
        N/A

        * Loop: 
        +-----------------+-------+-------+----------+-----------+-----------+------+----------+
        |                 |    Latency    | Iteration|  Initiation Interval  | Trip |          |
        |    Loop Name    |  min  |  max  |  Latency |  achieved |   target  | Count| Pipelined|
        +-----------------+-------+-------+----------+-----------+-----------+------+----------+
        |- Loop 1         |      ?|      ?|  3 ~ 67  |          -|          -|     ?|    no    |
        | + Loop 1.1      |     64|     64|         1|          -|          -|    64|    no    |
        |- Loop 2         |      ?|      ?|     16708|          -|          -|     ?|    no    |
        | + Loop 2.1      |     64|     64|         1|          -|          -|    64|    no    |
        | + Loop 2.2      |  16640|  16640|       130|          -|          -|   128|    no    |
        |  ++ Loop 2.2.1  |    128|    128|         2|          -|          -|    64|    no    |
        |- Loop 3         |    128|    128|         1|          -|          -|   128|    no    |
        +-----------------+-------+-------+----------+-----------+-----------+------+----------+

============================================================
+ Verbose Summary: Synthesis Manager
============================================================
InlineROM: 1
ExposeGlobal: 0
============================================================
+ Verbose Summary: CDFG Model
============================================================
IsTopModel: 1
ResetActiveHigh: 1
IsCombinational: 0
IsDatapathOnly: 0
HasWiredReturn: 1
HasMFsm: 0
HasVarLatency: 1
IsPipeline: 0
IsRtlPipelined: 0
IsInstanceOverlapped: 0
IsDontTouch: 0
HasImplIP: 0
IsGatedGlobalClock: 0


============================================================
+ Verbose Summary: Schedule
============================================================
* Number of FSM states: 15
* Pipeline: 0
* Dataflow Pipeline: 0

* FSM state transitions: 
1 --> 
	2  / true
2 --> 
	3  / true
3 --> 
	4  / (operation_read == 2)
	5  / (operation_read == 1)
	12  / (operation_read == 0)
	11  / (operation_read != 0 & operation_read != 1 & operation_read != 2)
4 --> 
	4  / (!exitcond)
	11  / (exitcond)
5 --> 
	11  / (!tmp_1)
	6  / (tmp_1)
6 --> 
	6  / (!exitcond8)
	7  / (exitcond8)
7 --> 
	10  / (exitcond7)
	8  / (!exitcond7)
8 --> 
	9  / (!exitcond_i)
	7  / (exitcond_i)
9 --> 
	8  / true
10 --> 
	5  / true
11 --> 
12 --> 
	15  / (tmp & icmp)
	13  / (tmp & !icmp)
	11  / (!tmp)
13 --> 
	14  / (exitcond9)
	13  / (!exitcond9)
14 --> 
	12  / true
15 --> 
	14  / true
* FSM state operations: 

 <State 1>: 0.00ns
ST_1: operation_read (19)  [2/2] 0.00ns
:8  %operation_read = call i32 @_ssdm_op_Read.ap_vld.i32(i32 %operation)


 <State 2>: 0.76ns
ST_2: StgValue_17 (11)  [1/1] 0.00ns
:0  call void (...)* @_ssdm_op_SpecBitsMap(i32 %operation), !map !28

ST_2: StgValue_18 (12)  [1/1] 0.00ns
:1  call void (...)* @_ssdm_op_SpecBitsMap(i8* %contacts_in_V), !map !34

ST_2: StgValue_19 (13)  [1/1] 0.00ns
:2  call void (...)* @_ssdm_op_SpecBitsMap(i8* %database_in_V), !map !40

ST_2: StgValue_20 (14)  [1/1] 0.00ns
:3  call void (...)* @_ssdm_op_SpecBitsMap(i8* %matched_out_V), !map !44

ST_2: StgValue_21 (15)  [1/1] 0.00ns
:4  call void (...)* @_ssdm_op_SpecBitsMap(i32* %matched_finished), !map !48

ST_2: StgValue_22 (16)  [1/1] 0.00ns
:5  call void (...)* @_ssdm_op_SpecBitsMap(i32* %error_out), !map !52

ST_2: StgValue_23 (17)  [1/1] 0.00ns
:6  call void (...)* @_ssdm_op_SpecBitsMap(i32* %contacts_size_out), !map !56

ST_2: StgValue_24 (18)  [1/1] 0.00ns
:7  call void (...)* @_ssdm_op_SpecTopModule([18 x i8]* @contact_discovery_st) nounwind

ST_2: operation_read (19)  [1/2] 0.00ns
:8  %operation_read = call i32 @_ssdm_op_Read.ap_vld.i32(i32 %operation)

ST_2: StgValue_26 (20)  [1/1] 0.00ns  loc: contact_discovery/src/contact_discovery.cpp:38
:9  call void (...)* @_ssdm_op_SpecInterface(i32 0, [10 x i8]* @p_str, i32 0, i32 0, [1 x i8]* @p_str1, i32 0, i32 0, [1 x i8]* @p_str1, [1 x i8]* @p_str1, [1 x i8]* @p_str1, i32 0, i32 0, i32 0, i32 0, [1 x i8]* @p_str1, [1 x i8]* @p_str1) nounwind

ST_2: StgValue_27 (21)  [1/1] 0.00ns  loc: contact_discovery/src/contact_discovery.cpp:39
:10  call void (...)* @_ssdm_op_SpecInterface(i8* %matched_out_V, [5 x i8]* @p_str2, i32 1, i32 1, [5 x i8]* @p_str3, i32 0, i32 0, [1 x i8]* @p_str1, [1 x i8]* @p_str1, [1 x i8]* @p_str1, i32 0, i32 0, i32 0, i32 0, [1 x i8]* @p_str1, [1 x i8]* @p_str1)

ST_2: StgValue_28 (22)  [1/1] 0.00ns  loc: contact_discovery/src/contact_discovery.cpp:40
:11  call void (...)* @_ssdm_op_SpecInterface(i8* %database_in_V, [5 x i8]* @p_str2, i32 1, i32 1, [5 x i8]* @p_str3, i32 0, i32 0, [1 x i8]* @p_str1, [1 x i8]* @p_str1, [1 x i8]* @p_str1, i32 0, i32 0, i32 0, i32 0, [1 x i8]* @p_str1, [1 x i8]* @p_str1) nounwind

ST_2: StgValue_29 (23)  [1/1] 0.00ns  loc: contact_discovery/src/contact_discovery.cpp:41
:12  call void (...)* @_ssdm_op_SpecInterface(i8* %contacts_in_V, [5 x i8]* @p_str2, i32 1, i32 1, [5 x i8]* @p_str3, i32 0, i32 0, [1 x i8]* @p_str1, [1 x i8]* @p_str1, [1 x i8]* @p_str1, i32 0, i32 0, i32 0, i32 0, [1 x i8]* @p_str1, [1 x i8]* @p_str1) nounwind

ST_2: StgValue_30 (24)  [1/1] 0.00ns  loc: contact_discovery/src/contact_discovery.cpp:42
:13  call void (...)* @_ssdm_op_SpecInterface(i32 %operation, [7 x i8]* @p_str4, i32 1, i32 1, [1 x i8]* @p_str1, i32 0, i32 0, [1 x i8]* @p_str1, [1 x i8]* @p_str1, [1 x i8]* @p_str1, i32 0, i32 0, i32 0, i32 0, [1 x i8]* @p_str1, [1 x i8]* @p_str1) nounwind

ST_2: StgValue_31 (25)  [1/1] 0.00ns  loc: contact_discovery/src/contact_discovery.cpp:43
:14  call void (...)* @_ssdm_op_SpecInterface(i32* %matched_finished, [8 x i8]* @p_str5, i32 1, i32 1, [1 x i8]* @p_str1, i32 0, i32 0, [1 x i8]* @p_str1, [1 x i8]* @p_str1, [1 x i8]* @p_str1, i32 0, i32 0, i32 0, i32 0, [1 x i8]* @p_str1, [1 x i8]* @p_str1) nounwind

ST_2: StgValue_32 (26)  [1/1] 0.00ns  loc: contact_discovery/src/contact_discovery.cpp:44
:15  call void (...)* @_ssdm_op_SpecInterface(i32* %contacts_size_out, [8 x i8]* @p_str5, i32 1, i32 1, [1 x i8]* @p_str1, i32 0, i32 0, [1 x i8]* @p_str1, [1 x i8]* @p_str1, [1 x i8]* @p_str1, i32 0, i32 0, i32 0, i32 0, [1 x i8]* @p_str1, [1 x i8]* @p_str1) nounwind

ST_2: StgValue_33 (27)  [1/1] 0.00ns  loc: contact_discovery/src/contact_discovery.cpp:45
:16  call void (...)* @_ssdm_op_SpecInterface(i32* %contacts_size_out, [10 x i8]* @p_str, i32 0, i32 0, [1 x i8]* @p_str1, i32 0, i32 0, [1 x i8]* @p_str1, [1 x i8]* @p_str1, [1 x i8]* @p_str1, i32 0, i32 0, i32 0, i32 0, [1 x i8]* @p_str1, [1 x i8]* @p_str1) nounwind

ST_2: StgValue_34 (28)  [1/1] 0.00ns  loc: contact_discovery/src/contact_discovery.cpp:46
:17  call void (...)* @_ssdm_op_SpecInterface(i32* %error_out, [8 x i8]* @p_str5, i32 1, i32 1, [1 x i8]* @p_str1, i32 0, i32 0, [1 x i8]* @p_str1, [1 x i8]* @p_str1, [1 x i8]* @p_str1, i32 0, i32 0, i32 0, i32 0, [1 x i8]* @p_str1, [1 x i8]* @p_str1) nounwind

ST_2: StgValue_35 (29)  [1/1] 0.00ns  loc: contact_discovery/src/contact_discovery.cpp:47
:18  call void (...)* @_ssdm_op_SpecInterface(i32* %matched_finished, [10 x i8]* @p_str, i32 0, i32 0, [1 x i8]* @p_str1, i32 0, i32 0, [1 x i8]* @p_str1, [1 x i8]* @p_str1, [1 x i8]* @p_str1, i32 0, i32 0, i32 0, i32 0, [1 x i8]* @p_str1, [1 x i8]* @p_str1) nounwind

ST_2: StgValue_36 (30)  [1/1] 0.00ns  loc: contact_discovery/src/contact_discovery.cpp:48
:19  call void (...)* @_ssdm_op_SpecInterface(i32* %error_out, [10 x i8]* @p_str, i32 0, i32 0, [1 x i8]* @p_str1, i32 0, i32 0, [1 x i8]* @p_str1, [1 x i8]* @p_str1, [1 x i8]* @p_str1, i32 0, i32 0, i32 0, i32 0, [1 x i8]* @p_str1, [1 x i8]* @p_str1) nounwind

ST_2: StgValue_37 (31)  [1/1] 0.00ns  loc: contact_discovery/src/contact_discovery.cpp:49
:20  call void (...)* @_ssdm_op_SpecInterface(i32 %operation, [10 x i8]* @p_str, i32 0, i32 0, [1 x i8]* @p_str1, i32 0, i32 0, [1 x i8]* @p_str1, [1 x i8]* @p_str1, [1 x i8]* @p_str1, i32 0, i32 0, i32 0, i32 0, [1 x i8]* @p_str1, [1 x i8]* @p_str1) nounwind

ST_2: StgValue_38 (32)  [1/1] 0.00ns  loc: contact_discovery/src/contact_discovery.cpp:50
:21  call void (...)* @_ssdm_op_SpecInterface(i32 0, [11 x i8]* @p_str6, i32 0, i32 0, [1 x i8]* @p_str1, i32 0, i32 0, [1 x i8]* @p_str1, [1 x i8]* @p_str1, [1 x i8]* @p_str1, i32 0, i32 0, i32 0, i32 0, [1 x i8]* @p_str1, [1 x i8]* @p_str1) nounwind

ST_2: StgValue_39 (33)  [1/1] 0.52ns  loc: contact_discovery/src/contact_discovery.cpp:56
:22  switch i32 %operation_read, label %19 [
    i32 0, label %1
    i32 1, label %8
    i32 2, label %16
  ]

ST_2: StgValue_40 (35)  [2/2] 0.00ns  loc: contact_discovery/src/contact_discovery.cpp:96
:0  call void @_ssdm_op_Write.ap_none.i32P(i32* %matched_finished, i32 0)

ST_2: StgValue_41 (36)  [2/2] 0.00ns  loc: contact_discovery/src/contact_discovery.cpp:97
:1  call void @_ssdm_op_Write.ap_none.i32P(i32* %error_out, i32 0)

ST_2: StgValue_42 (37)  [1/1] 0.76ns  loc: contact_discovery/src/contact_discovery.cpp:99
:2  store i32 0, i32* @contacts_size, align 4

ST_2: StgValue_43 (38)  [2/2] 0.00ns  loc: contact_discovery/src/contact_discovery.cpp:101
:3  call void @_ssdm_op_Write.ap_none.i32P(i32* %contacts_size_out, i32 0)

ST_2: StgValue_44 (54)  [2/2] 0.00ns  loc: contact_discovery/src/contact_discovery.cpp:79
:0  call void @_ssdm_op_Write.ap_none.i32P(i32* %error_out, i32 0)

ST_2: contacts_size_load_2 (55)  [1/1] 0.00ns  loc: contact_discovery/src/contact_discovery.cpp:80
:1  %contacts_size_load_2 = load i32* @contacts_size, align 4

ST_2: StgValue_46 (56)  [2/2] 0.00ns  loc: contact_discovery/src/contact_discovery.cpp:80
:2  call void @_ssdm_op_Write.ap_none.i32P(i32* %contacts_size_out, i32 %contacts_size_load_2)

ST_2: StgValue_47 (118)  [2/2] 0.00ns  loc: contact_discovery/src/contact_discovery.cpp:59
:0  call void @_ssdm_op_Write.ap_none.i32P(i32* %matched_finished, i32 0)

ST_2: StgValue_48 (119)  [2/2] 0.00ns  loc: contact_discovery/src/contact_discovery.cpp:60
:1  call void @_ssdm_op_Write.ap_none.i32P(i32* %error_out, i32 0)

ST_2: contacts_size_load_1 (120)  [1/1] 0.00ns  loc: contact_discovery/src/contact_discovery.cpp:61
:2  %contacts_size_load_1 = load i32* @contacts_size, align 4

ST_2: StgValue_50 (121)  [2/2] 0.00ns  loc: contact_discovery/src/contact_discovery.cpp:61
:3  call void @_ssdm_op_Write.ap_none.i32P(i32* %contacts_size_out, i32 %contacts_size_load_1)

ST_2: contacts_size_load (165)  [1/1] 0.00ns  loc: contact_discovery/src/contact_discovery.cpp:108
:0  %contacts_size_load = load i32* @contacts_size, align 4

ST_2: StgValue_52 (166)  [2/2] 0.00ns  loc: contact_discovery/src/contact_discovery.cpp:108
:1  call void @_ssdm_op_Write.ap_none.i32P(i32* %contacts_size_out, i32 %contacts_size_load)

ST_2: StgValue_53 (167)  [2/2] 0.00ns  loc: contact_discovery/src/contact_discovery.cpp:109
:2  call void @_ssdm_op_Write.ap_none.i32P(i32* %matched_finished, i32 0)

ST_2: StgValue_54 (168)  [2/2] 0.00ns  loc: contact_discovery/src/contact_discovery.cpp:110
:3  call void @_ssdm_op_Write.ap_none.i32P(i32* %error_out, i32 3)


 <State 3>: 0.76ns
ST_3: StgValue_55 (35)  [1/2] 0.00ns  loc: contact_discovery/src/contact_discovery.cpp:96
:0  call void @_ssdm_op_Write.ap_none.i32P(i32* %matched_finished, i32 0)

ST_3: StgValue_56 (36)  [1/2] 0.00ns  loc: contact_discovery/src/contact_discovery.cpp:97
:1  call void @_ssdm_op_Write.ap_none.i32P(i32* %error_out, i32 0)

ST_3: StgValue_57 (38)  [1/2] 0.00ns  loc: contact_discovery/src/contact_discovery.cpp:101
:3  call void @_ssdm_op_Write.ap_none.i32P(i32* %contacts_size_out, i32 0)

ST_3: StgValue_58 (39)  [1/1] 0.76ns  loc: contact_discovery/src/contact_discovery.cpp:102
:4  br label %17

ST_3: StgValue_59 (54)  [1/2] 0.00ns  loc: contact_discovery/src/contact_discovery.cpp:79
:0  call void @_ssdm_op_Write.ap_none.i32P(i32* %error_out, i32 0)

ST_3: StgValue_60 (56)  [1/2] 0.00ns  loc: contact_discovery/src/contact_discovery.cpp:80
:2  call void @_ssdm_op_Write.ap_none.i32P(i32* %contacts_size_out, i32 %contacts_size_load_2)

ST_3: StgValue_61 (57)  [1/1] 0.00ns  loc: contact_discovery/src/contact_discovery.cpp:81
:3  br label %9

ST_3: StgValue_62 (118)  [1/2] 0.00ns  loc: contact_discovery/src/contact_discovery.cpp:59
:0  call void @_ssdm_op_Write.ap_none.i32P(i32* %matched_finished, i32 0)

ST_3: StgValue_63 (119)  [1/2] 0.00ns  loc: contact_discovery/src/contact_discovery.cpp:60
:1  call void @_ssdm_op_Write.ap_none.i32P(i32* %error_out, i32 0)

ST_3: StgValue_64 (121)  [1/2] 0.00ns  loc: contact_discovery/src/contact_discovery.cpp:61
:3  call void @_ssdm_op_Write.ap_none.i32P(i32* %contacts_size_out, i32 %contacts_size_load_1)

ST_3: StgValue_65 (122)  [1/1] 0.00ns  loc: contact_discovery/src/contact_discovery.cpp:62
:4  br label %2

ST_3: StgValue_66 (166)  [1/2] 0.00ns  loc: contact_discovery/src/contact_discovery.cpp:108
:1  call void @_ssdm_op_Write.ap_none.i32P(i32* %contacts_size_out, i32 %contacts_size_load)

ST_3: StgValue_67 (167)  [1/2] 0.00ns  loc: contact_discovery/src/contact_discovery.cpp:109
:2  call void @_ssdm_op_Write.ap_none.i32P(i32* %matched_finished, i32 0)

ST_3: StgValue_68 (168)  [1/2] 0.00ns  loc: contact_discovery/src/contact_discovery.cpp:110
:3  call void @_ssdm_op_Write.ap_none.i32P(i32* %error_out, i32 3)

ST_3: StgValue_69 (169)  [1/1] 0.00ns  loc: contact_discovery/src/contact_discovery.cpp:111
:4  br label %.loopexit


 <State 4>: 1.35ns
ST_4: i_3 (41)  [1/1] 0.00ns
:0  %i_3 = phi i8 [ 0, %16 ], [ %i, %18 ]

ST_4: exitcond (42)  [1/1] 0.66ns  loc: contact_discovery/src/contact_discovery.cpp:102
:1  %exitcond = icmp eq i8 %i_3, -128

ST_4: empty_8 (43)  [1/1] 0.00ns
:2  %empty_8 = call i32 (...)* @_ssdm_op_SpecLoopTripCount(i64 128, i64 128, i64 128)

ST_4: i (44)  [1/1] 1.28ns  loc: contact_discovery/src/contact_discovery.cpp:102
:3  %i = add i8 %i_3, 1

ST_4: StgValue_74 (45)  [1/1] 0.00ns  loc: contact_discovery/src/contact_discovery.cpp:102
:4  br i1 %exitcond, label %.loopexit.loopexit, label %18

ST_4: tmp_3 (47)  [1/1] 0.00ns  loc: contact_discovery/src/contact_discovery.cpp:103
:0  %tmp_3 = zext i8 %i_3 to i64

ST_4: contacts_addr (48)  [1/1] 0.00ns  loc: contact_discovery/src/contact_discovery.cpp:103
:1  %contacts_addr = getelementptr inbounds [8192 x i8]* @contacts, i64 0, i64 %tmp_3

ST_4: StgValue_77 (49)  [1/1] 1.35ns  loc: contact_discovery/src/contact_discovery.cpp:103
:2  store i8 0, i8* %contacts_addr, align 1

ST_4: StgValue_78 (50)  [1/1] 0.00ns  loc: contact_discovery/src/contact_discovery.cpp:102
:3  br label %17

ST_4: StgValue_79 (52)  [1/1] 0.00ns
.loopexit.loopexit:0  br label %.loopexit


 <State 5>: 0.76ns
ST_5: tmp_1 (59)  [1/1] 0.00ns  loc: contact_discovery/src/contact_discovery.cpp:81
:0  %tmp_1 = call i1 @_ssdm_op_NbReadReq.axis.i8P(i8* %database_in_V, i32 1)

ST_5: StgValue_81 (60)  [1/1] 0.00ns  loc: contact_discovery/src/contact_discovery.cpp:81
:1  br i1 %tmp_1, label %.preheader10.preheader, label %15

ST_5: StgValue_82 (62)  [1/1] 0.76ns  loc: contact_discovery/src/contact_discovery.cpp:83
.preheader10.preheader:0  br label %.preheader10

ST_5: StgValue_83 (115)  [2/2] 0.00ns  loc: contact_discovery/src/contact_discovery.cpp:92
:0  call void @_ssdm_op_Write.ap_none.i32P(i32* %matched_finished, i32 1)


 <State 6>: 1.27ns
ST_6: i_1 (64)  [1/1] 0.00ns
.preheader10:0  %i_1 = phi i7 [ %i_2, %10 ], [ 0, %.preheader10.preheader ]

ST_6: exitcond8 (65)  [1/1] 0.66ns  loc: contact_discovery/src/contact_discovery.cpp:83
.preheader10:1  %exitcond8 = icmp eq i7 %i_1, -64

ST_6: empty_4 (66)  [1/1] 0.00ns
.preheader10:2  %empty_4 = call i32 (...)* @_ssdm_op_SpecLoopTripCount(i64 64, i64 64, i64 64)

ST_6: i_2 (67)  [1/1] 1.27ns  loc: contact_discovery/src/contact_discovery.cpp:83
.preheader10:3  %i_2 = add i7 %i_1, 1

ST_6: StgValue_88 (68)  [1/1] 0.00ns  loc: contact_discovery/src/contact_discovery.cpp:83
.preheader10:4  br i1 %exitcond8, label %.preheader.preheader, label %10

ST_6: tmp_4 (70)  [1/1] 0.00ns  loc: contact_discovery/src/contact_discovery.cpp:84
:0  %tmp_4 = call i8 @_ssdm_op_Read.axis.volatile.i8P(i8* %database_in_V)

ST_6: tmp_7 (71)  [1/1] 0.00ns  loc: contact_discovery/src/contact_discovery.cpp:84
:1  %tmp_7 = zext i7 %i_1 to i64

ST_6: current_database_ite (72)  [1/1] 0.00ns  loc: contact_discovery/src/contact_discovery.cpp:84
:2  %current_database_ite = getelementptr inbounds [64 x i8]* @current_database_ite, i64 0, i64 %tmp_7

ST_6: StgValue_92 (73)  [1/1] 0.79ns  loc: contact_discovery/src/contact_discovery.cpp:84
:3  store i8 %tmp_4, i8* %current_database_ite, align 1

ST_6: StgValue_93 (74)  [1/1] 0.00ns  loc: contact_discovery/src/contact_discovery.cpp:83
:4  br label %.preheader10

ST_6: StgValue_94 (76)  [1/1] 0.76ns  loc: contact_discovery/src/contact_discovery.cpp:86
.preheader.preheader:0  br label %.preheader


 <State 7>: 1.28ns
ST_7: tmp_10 (78)  [1/1] 0.00ns
.preheader:0  %tmp_10 = phi i1 [ %found, %compare.exit ], [ false, %.preheader.preheader ]

ST_7: contact_index_assign (79)  [1/1] 0.00ns
.preheader:1  %contact_index_assign = phi i8 [ %i_5, %compare.exit ], [ 0, %.preheader.preheader ]

ST_7: exitcond7 (80)  [1/1] 0.66ns  loc: contact_discovery/src/contact_discovery.cpp:86
.preheader:2  %exitcond7 = icmp eq i8 %contact_index_assign, -128

ST_7: empty_5 (81)  [1/1] 0.00ns
.preheader:3  %empty_5 = call i32 (...)* @_ssdm_op_SpecLoopTripCount(i64 128, i64 128, i64 128)

ST_7: i_5 (82)  [1/1] 1.28ns  loc: contact_discovery/src/contact_discovery.cpp:86
.preheader:4  %i_5 = add i8 %contact_index_assign, 1

ST_7: StgValue_100 (83)  [1/1] 0.00ns  loc: contact_discovery/src/contact_discovery.cpp:86
.preheader:5  br i1 %exitcond7, label %14, label %11

ST_7: tmp_11 (85)  [1/1] 0.00ns  loc: contact_discovery/src/contact_discovery.cpp:86
:0  %tmp_11 = trunc i8 %contact_index_assign to i7

ST_7: tmp_i (86)  [1/1] 0.00ns  loc: contact_discovery/src/contact_discovery.cpp:24->contact_discovery/src/contact_discovery.cpp:87
:1  %tmp_i = call i13 @_ssdm_op_BitConcatenate.i13.i7.i6(i7 %tmp_11, i6 0)

ST_7: StgValue_103 (87)  [1/1] 0.76ns  loc: contact_discovery/src/contact_discovery.cpp:23->contact_discovery/src/contact_discovery.cpp:87
:2  br label %12

ST_7: cast (111)  [1/1] 0.00ns  loc: contact_discovery/src/contact_discovery.cpp:88
:0  %cast = zext i1 %tmp_10 to i8

ST_7: StgValue_105 (112)  [2/2] 0.00ns  loc: contact_discovery/src/contact_discovery.cpp:90
:1  call void @_ssdm_op_Write.axis.volatile.i8P(i8* %matched_out_V, i8 %cast)


 <State 8>: 2.70ns
ST_8: i_i (89)  [1/1] 0.00ns
:0  %i_i = phi i7 [ 0, %11 ], [ %i_6, %13 ]

ST_8: comp (90)  [1/1] 0.00ns
:1  %comp = phi i1 [ true, %11 ], [ %found_1, %13 ]

ST_8: i_i_cast7 (91)  [1/1] 0.00ns  loc: contact_discovery/src/contact_discovery.cpp:23->contact_discovery/src/contact_discovery.cpp:87
:2  %i_i_cast7 = zext i7 %i_i to i13

ST_8: exitcond_i (92)  [1/1] 0.66ns  loc: contact_discovery/src/contact_discovery.cpp:23->contact_discovery/src/contact_discovery.cpp:87
:3  %exitcond_i = icmp eq i7 %i_i, -64

ST_8: empty_6 (93)  [1/1] 0.00ns
:4  %empty_6 = call i32 (...)* @_ssdm_op_SpecLoopTripCount(i64 64, i64 64, i64 64) nounwind

ST_8: i_6 (94)  [1/1] 1.27ns  loc: contact_discovery/src/contact_discovery.cpp:23->contact_discovery/src/contact_discovery.cpp:87
:5  %i_6 = add i7 %i_i, 1

ST_8: StgValue_112 (95)  [1/1] 0.00ns  loc: contact_discovery/src/contact_discovery.cpp:23->contact_discovery/src/contact_discovery.cpp:87
:6  br i1 %exitcond_i, label %compare.exit, label %13

ST_8: tmp_i_7 (97)  [1/1] 0.00ns  loc: contact_discovery/src/contact_discovery.cpp:24->contact_discovery/src/contact_discovery.cpp:87
:0  %tmp_i_7 = zext i7 %i_i to i64

ST_8: current_database_ite_1 (98)  [1/1] 0.00ns  loc: contact_discovery/src/contact_discovery.cpp:24->contact_discovery/src/contact_discovery.cpp:87
:1  %current_database_ite_1 = getelementptr inbounds [64 x i8]* @current_database_ite, i64 0, i64 %tmp_i_7

ST_8: current_database_ite_2 (99)  [2/2] 0.79ns  loc: contact_discovery/src/contact_discovery.cpp:24->contact_discovery/src/contact_discovery.cpp:87
:2  %current_database_ite_2 = load i8* %current_database_ite_1, align 1

ST_8: tmp_12_i (100)  [1/1] 1.35ns  loc: contact_discovery/src/contact_discovery.cpp:24->contact_discovery/src/contact_discovery.cpp:87
:3  %tmp_12_i = add i13 %i_i_cast7, %tmp_i

ST_8: tmp_13_i (101)  [1/1] 0.00ns  loc: contact_discovery/src/contact_discovery.cpp:24->contact_discovery/src/contact_discovery.cpp:87
:4  %tmp_13_i = zext i13 %tmp_12_i to i64

ST_8: contacts_addr_2 (102)  [1/1] 0.00ns  loc: contact_discovery/src/contact_discovery.cpp:24->contact_discovery/src/contact_discovery.cpp:87
:5  %contacts_addr_2 = getelementptr inbounds [8192 x i8]* @contacts, i64 0, i64 %tmp_13_i

ST_8: contacts_load (103)  [2/2] 1.35ns  loc: contact_discovery/src/contact_discovery.cpp:24->contact_discovery/src/contact_discovery.cpp:87
:6  %contacts_load = load i8* %contacts_addr_2, align 1

ST_8: found (108)  [1/1] 0.06ns  loc: contact_discovery/src/contact_discovery.cpp:88
compare.exit:0  %found = or i1 %comp, %tmp_10

ST_8: StgValue_121 (109)  [1/1] 0.00ns  loc: contact_discovery/src/contact_discovery.cpp:86
compare.exit:1  br label %.preheader


 <State 9>: 2.08ns
ST_9: current_database_ite_2 (99)  [1/2] 0.79ns  loc: contact_discovery/src/contact_discovery.cpp:24->contact_discovery/src/contact_discovery.cpp:87
:2  %current_database_ite_2 = load i8* %current_database_ite_1, align 1

ST_9: contacts_load (103)  [1/2] 1.35ns  loc: contact_discovery/src/contact_discovery.cpp:24->contact_discovery/src/contact_discovery.cpp:87
:6  %contacts_load = load i8* %contacts_addr_2, align 1

ST_9: tmp_14_i (104)  [1/1] 0.66ns  loc: contact_discovery/src/contact_discovery.cpp:24->contact_discovery/src/contact_discovery.cpp:87
:7  %tmp_14_i = icmp eq i8 %current_database_ite_2, %contacts_load

ST_9: found_1 (105)  [1/1] 0.06ns  loc: contact_discovery/src/contact_discovery.cpp:24->contact_discovery/src/contact_discovery.cpp:87
:8  %found_1 = and i1 %tmp_14_i, %comp

ST_9: StgValue_126 (106)  [1/1] 0.00ns  loc: contact_discovery/src/contact_discovery.cpp:23->contact_discovery/src/contact_discovery.cpp:87
:9  br label %12


 <State 10>: 0.00ns
ST_10: StgValue_127 (112)  [1/2] 0.00ns  loc: contact_discovery/src/contact_discovery.cpp:90
:1  call void @_ssdm_op_Write.axis.volatile.i8P(i8* %matched_out_V, i8 %cast)

ST_10: StgValue_128 (113)  [1/1] 0.00ns  loc: contact_discovery/src/contact_discovery.cpp:91
:2  br label %9


 <State 11>: 0.00ns
ST_11: StgValue_129 (115)  [1/2] 0.00ns  loc: contact_discovery/src/contact_discovery.cpp:92
:0  call void @_ssdm_op_Write.ap_none.i32P(i32* %matched_finished, i32 1)

ST_11: StgValue_130 (116)  [1/1] 0.00ns  loc: contact_discovery/src/contact_discovery.cpp:93
:1  br label %.loopexit

ST_11: StgValue_131 (171)  [1/1] 0.00ns  loc: contact_discovery/src/contact_discovery.cpp:113
.loopexit:0  ret void


 <State 12>: 0.76ns
ST_12: tmp (124)  [1/1] 0.00ns  loc: contact_discovery/src/contact_discovery.cpp:62
:0  %tmp = call i1 @_ssdm_op_NbReadReq.axis.i8P(i8* %contacts_in_V, i32 1)

ST_12: StgValue_133 (125)  [1/1] 0.00ns  loc: contact_discovery/src/contact_discovery.cpp:62
:1  br i1 %tmp, label %3, label %.loopexit.loopexit5

ST_12: contacts_size_load_3 (127)  [1/1] 0.00ns  loc: contact_discovery/src/contact_discovery.cpp:63
:0  %contacts_size_load_3 = load i32* @contacts_size, align 4

ST_12: tmp_2 (128)  [1/1] 0.00ns  loc: contact_discovery/src/contact_discovery.cpp:63
:1  %tmp_2 = call i25 @_ssdm_op_PartSelect.i25.i32.i32.i32(i32 %contacts_size_load_3, i32 7, i32 31)

ST_12: icmp (129)  [1/1] 0.76ns  loc: contact_discovery/src/contact_discovery.cpp:63
:2  %icmp = icmp sgt i25 %tmp_2, 0

ST_12: StgValue_137 (130)  [1/1] 0.00ns  loc: contact_discovery/src/contact_discovery.cpp:63
:3  br i1 %icmp, label %4, label %.preheader11.preheader

ST_12: StgValue_138 (132)  [1/1] 0.76ns  loc: contact_discovery/src/contact_discovery.cpp:67
.preheader11.preheader:0  br label %.preheader11

ST_12: StgValue_139 (157)  [2/2] 0.00ns  loc: contact_discovery/src/contact_discovery.cpp:64
:0  call void @_ssdm_op_Write.ap_none.i32P(i32* %error_out, i32 1)

ST_12: StgValue_140 (163)  [1/1] 0.00ns
.loopexit.loopexit5:0  br label %.loopexit


 <State 13>: 2.93ns
ST_13: i1 (134)  [1/1] 0.00ns
.preheader11:0  %i1 = phi i7 [ %i_4, %5 ], [ 0, %.preheader11.preheader ]

ST_13: i1_cast (135)  [1/1] 0.00ns  loc: contact_discovery/src/contact_discovery.cpp:67
.preheader11:1  %i1_cast = zext i7 %i1 to i32

ST_13: exitcond9 (136)  [1/1] 0.66ns  loc: contact_discovery/src/contact_discovery.cpp:67
.preheader11:2  %exitcond9 = icmp eq i7 %i1, -64

ST_13: empty (137)  [1/1] 0.00ns
.preheader11:3  %empty = call i32 (...)* @_ssdm_op_SpecLoopTripCount(i64 64, i64 64, i64 64)

ST_13: i_4 (138)  [1/1] 1.27ns  loc: contact_discovery/src/contact_discovery.cpp:67
.preheader11:4  %i_4 = add i7 %i1, 1

ST_13: StgValue_146 (139)  [1/1] 0.00ns  loc: contact_discovery/src/contact_discovery.cpp:67
.preheader11:5  br i1 %exitcond9, label %6, label %5

ST_13: tmp_5 (141)  [1/1] 0.00ns  loc: contact_discovery/src/contact_discovery.cpp:68
:0  %tmp_5 = call i8 @_ssdm_op_Read.axis.volatile.i8P(i8* %contacts_in_V)

ST_13: contacts_size_load_5 (142)  [1/1] 0.00ns  loc: contact_discovery/src/contact_discovery.cpp:68
:1  %contacts_size_load_5 = load i32* @contacts_size, align 4

ST_13: tmp_6 (143)  [1/1] 0.00ns  loc: contact_discovery/src/contact_discovery.cpp:68 (grouped into LUT with out node tmp_8)
:2  %tmp_6 = shl i32 %contacts_size_load_5, 6

ST_13: tmp_8 (144)  [1/1] 1.58ns  loc: contact_discovery/src/contact_discovery.cpp:68 (out node of the LUT)
:3  %tmp_8 = add nsw i32 %tmp_6, %i1_cast

ST_13: tmp_s (145)  [1/1] 0.00ns  loc: contact_discovery/src/contact_discovery.cpp:68
:4  %tmp_s = sext i32 %tmp_8 to i64

ST_13: contacts_addr_1 (146)  [1/1] 0.00ns  loc: contact_discovery/src/contact_discovery.cpp:68
:5  %contacts_addr_1 = getelementptr inbounds [8192 x i8]* @contacts, i64 0, i64 %tmp_s

ST_13: StgValue_153 (147)  [1/1] 1.35ns  loc: contact_discovery/src/contact_discovery.cpp:68
:6  store i8 %tmp_5, i8* %contacts_addr_1, align 1

ST_13: StgValue_154 (148)  [1/1] 0.00ns  loc: contact_discovery/src/contact_discovery.cpp:67
:7  br label %.preheader11

ST_13: contacts_size_load_4 (150)  [1/1] 0.00ns  loc: contact_discovery/src/contact_discovery.cpp:70
:0  %contacts_size_load_4 = load i32* @contacts_size, align 4

ST_13: tmp_9 (151)  [1/1] 1.58ns  loc: contact_discovery/src/contact_discovery.cpp:70
:1  %tmp_9 = add nsw i32 %contacts_size_load_4, 1

ST_13: StgValue_157 (152)  [1/1] 0.76ns  loc: contact_discovery/src/contact_discovery.cpp:70
:2  store i32 %tmp_9, i32* @contacts_size, align 4

ST_13: StgValue_158 (153)  [2/2] 0.00ns  loc: contact_discovery/src/contact_discovery.cpp:71
:3  call void @_ssdm_op_Write.ap_none.i32P(i32* %contacts_size_out, i32 %tmp_9)

ST_13: StgValue_159 (154)  [2/2] 0.00ns  loc: contact_discovery/src/contact_discovery.cpp:72
:4  call void @_ssdm_op_Write.ap_none.i32P(i32* %error_out, i32 0)


 <State 14>: 0.00ns
ST_14: StgValue_160 (153)  [1/2] 0.00ns  loc: contact_discovery/src/contact_discovery.cpp:71
:3  call void @_ssdm_op_Write.ap_none.i32P(i32* %contacts_size_out, i32 %tmp_9)

ST_14: StgValue_161 (154)  [1/2] 0.00ns  loc: contact_discovery/src/contact_discovery.cpp:72
:4  call void @_ssdm_op_Write.ap_none.i32P(i32* %error_out, i32 0)

ST_14: StgValue_162 (155)  [1/1] 0.00ns
:5  br label %7

ST_14: StgValue_163 (161)  [1/1] 0.00ns  loc: contact_discovery/src/contact_discovery.cpp:74
:0  br label %2


 <State 15>: 0.00ns
ST_15: StgValue_164 (157)  [1/2] 0.00ns  loc: contact_discovery/src/contact_discovery.cpp:64
:0  call void @_ssdm_op_Write.ap_none.i32P(i32* %error_out, i32 1)

ST_15: tmp_4_0 (158)  [1/1] 0.00ns  loc: contact_discovery/src/contact_discovery.cpp:65
:1  %tmp_4_0 = call i8 @_ssdm_op_Read.axis.volatile.i8P(i8* %contacts_in_V)

ST_15: StgValue_166 (159)  [1/1] 0.00ns  loc: contact_discovery/src/contact_discovery.cpp:66
:2  br label %7



============================================================
+ Verbose Summary: Binding
============================================================
STG Binding: 
---------------- STG Properties BEGIN ----------------
- Is combinational: 0
- Is one-state seq: 0
- Is datapath-only: 0
- Is pipelined: 0
- Is top level: 1
Port [ Return ] is wired: 1; IO mode=ap_ctrl_hs:ce=0
Port [ operation]:  wired=1; compound=0; hidden=0; nouse=0; global=0; static=0; extern=0; dir=0; type=0; pingpong=0; private_global=0; IO mode=ap_vld:ce=0
Port [ contacts_in_V]:  wired=1; compound=1; hidden=0; nouse=0; global=0; static=0; extern=0; dir=0; type=0; pingpong=0; private_global=0; IO mode=axis:ce=0
Port [ database_in_V]:  wired=1; compound=1; hidden=0; nouse=0; global=0; static=0; extern=0; dir=0; type=0; pingpong=0; private_global=0; IO mode=axis:ce=0
Port [ matched_out_V]:  wired=1; compound=1; hidden=0; nouse=0; global=0; static=0; extern=0; dir=1; type=0; pingpong=0; private_global=0; IO mode=axis:ce=0
Port [ matched_finished]:  wired=1; compound=0; hidden=0; nouse=0; global=0; static=0; extern=0; dir=1; type=0; pingpong=0; private_global=0; IO mode=ap_none:ce=0
Port [ error_out]:  wired=1; compound=0; hidden=0; nouse=0; global=0; static=0; extern=0; dir=1; type=0; pingpong=0; private_global=0; IO mode=ap_none:ce=0
Port [ contacts_size_out]:  wired=1; compound=0; hidden=0; nouse=0; global=0; static=0; extern=0; dir=1; type=0; pingpong=0; private_global=0; IO mode=ap_none:ce=0
Port [ contacts_size]:  wired=0; compound=0; hidden=1; nouse=0; global=1; static=1; extern=0; dir=2; type=0; pingpong=0; private_global=1; linkage=7; visibility=0; IO mode=ap_ovld:ce=0
Port [ contacts]:  wired=0; compound=1; hidden=1; nouse=0; global=1; static=1; extern=0; dir=2; type=1; pingpong=0; private_global=1; linkage=7; visibility=0; MemPort=[23]; IO mode=ap_memory:ce=0
Port [ current_database_ite]:  wired=0; compound=1; hidden=1; nouse=0; global=1; static=1; extern=0; dir=2; type=1; pingpong=0; private_global=1; linkage=7; visibility=0; MemPort=[23]; IO mode=ap_memory:ce=0
---------------- STG Properties END ------------------

---------------- Datapath Model BEGIN ----------------

<LifeTime>
<method=bitvector/>
StgValue_17            (specbitsmap      ) [ 0000000000000000]
StgValue_18            (specbitsmap      ) [ 0000000000000000]
StgValue_19            (specbitsmap      ) [ 0000000000000000]
StgValue_20            (specbitsmap      ) [ 0000000000000000]
StgValue_21            (specbitsmap      ) [ 0000000000000000]
StgValue_22            (specbitsmap      ) [ 0000000000000000]
StgValue_23            (specbitsmap      ) [ 0000000000000000]
StgValue_24            (spectopmodule    ) [ 0000000000000000]
operation_read         (read             ) [ 0011111111111111]
StgValue_26            (specinterface    ) [ 0000000000000000]
StgValue_27            (specinterface    ) [ 0000000000000000]
StgValue_28            (specinterface    ) [ 0000000000000000]
StgValue_29            (specinterface    ) [ 0000000000000000]
StgValue_30            (specinterface    ) [ 0000000000000000]
StgValue_31            (specinterface    ) [ 0000000000000000]
StgValue_32            (specinterface    ) [ 0000000000000000]
StgValue_33            (specinterface    ) [ 0000000000000000]
StgValue_34            (specinterface    ) [ 0000000000000000]
StgValue_35            (specinterface    ) [ 0000000000000000]
StgValue_36            (specinterface    ) [ 0000000000000000]
StgValue_37            (specinterface    ) [ 0000000000000000]
StgValue_38            (specinterface    ) [ 0000000000000000]
StgValue_39            (switch           ) [ 0000000000000000]
StgValue_42            (store            ) [ 0000000000000000]
contacts_size_load_2   (load             ) [ 0001000000000000]
contacts_size_load_1   (load             ) [ 0001000000000000]
contacts_size_load     (load             ) [ 0001000000000000]
StgValue_55            (write            ) [ 0000000000000000]
StgValue_56            (write            ) [ 0000000000000000]
StgValue_57            (write            ) [ 0000000000000000]
StgValue_58            (br               ) [ 0001100000000000]
StgValue_59            (write            ) [ 0000000000000000]
StgValue_60            (write            ) [ 0000000000000000]
StgValue_61            (br               ) [ 0000000000000000]
StgValue_62            (write            ) [ 0000000000000000]
StgValue_63            (write            ) [ 0000000000000000]
StgValue_64            (write            ) [ 0000000000000000]
StgValue_65            (br               ) [ 0000000000000000]
StgValue_66            (write            ) [ 0000000000000000]
StgValue_67            (write            ) [ 0000000000000000]
StgValue_68            (write            ) [ 0000000000000000]
StgValue_69            (br               ) [ 0000000000000000]
i_3                    (phi              ) [ 0000100000000000]
exitcond               (icmp             ) [ 0000100000000000]
empty_8                (speclooptripcount) [ 0000000000000000]
i                      (add              ) [ 0001100000000000]
StgValue_74            (br               ) [ 0000000000000000]
tmp_3                  (zext             ) [ 0000000000000000]
contacts_addr          (getelementptr    ) [ 0000000000000000]
StgValue_77            (store            ) [ 0000000000000000]
StgValue_78            (br               ) [ 0001100000000000]
StgValue_79            (br               ) [ 0000000000000000]
tmp_1                  (nbreadreq        ) [ 0000011111100000]
StgValue_81            (br               ) [ 0000000000000000]
StgValue_82            (br               ) [ 0000011111100000]
i_1                    (phi              ) [ 0000001000000000]
exitcond8              (icmp             ) [ 0000011111100000]
empty_4                (speclooptripcount) [ 0000000000000000]
i_2                    (add              ) [ 0000011111100000]
StgValue_88            (br               ) [ 0000000000000000]
tmp_4                  (read             ) [ 0000000000000000]
tmp_7                  (zext             ) [ 0000000000000000]
current_database_ite   (getelementptr    ) [ 0000000000000000]
StgValue_92            (store            ) [ 0000000000000000]
StgValue_93            (br               ) [ 0000011111100000]
StgValue_94            (br               ) [ 0000011111100000]
tmp_10                 (phi              ) [ 0000000111000000]
contact_index_assign   (phi              ) [ 0000000100000000]
exitcond7              (icmp             ) [ 0000011111100000]
empty_5                (speclooptripcount) [ 0000000000000000]
i_5                    (add              ) [ 0000011111100000]
StgValue_100           (br               ) [ 0000000000000000]
tmp_11                 (trunc            ) [ 0000000000000000]
tmp_i                  (bitconcatenate   ) [ 0000000011000000]
StgValue_103           (br               ) [ 0000011111100000]
cast                   (zext             ) [ 0000000000100000]
i_i                    (phi              ) [ 0000000010000000]
comp                   (phi              ) [ 0000000011000000]
i_i_cast7              (zext             ) [ 0000000000000000]
exitcond_i             (icmp             ) [ 0000011111100000]
empty_6                (speclooptripcount) [ 0000000000000000]
i_6                    (add              ) [ 0000011111100000]
StgValue_112           (br               ) [ 0000000000000000]
tmp_i_7                (zext             ) [ 0000000000000000]
current_database_ite_1 (getelementptr    ) [ 0000000001000000]
tmp_12_i               (add              ) [ 0000000000000000]
tmp_13_i               (zext             ) [ 0000000000000000]
contacts_addr_2        (getelementptr    ) [ 0000000001000000]
found                  (or               ) [ 0000011111100000]
StgValue_121           (br               ) [ 0000011111100000]
current_database_ite_2 (load             ) [ 0000000000000000]
contacts_load          (load             ) [ 0000000000000000]
tmp_14_i               (icmp             ) [ 0000000000000000]
found_1                (and              ) [ 0000011111100000]
StgValue_126           (br               ) [ 0000011111100000]
StgValue_127           (write            ) [ 0000000000000000]
StgValue_128           (br               ) [ 0000000000000000]
StgValue_129           (write            ) [ 0000000000000000]
StgValue_130           (br               ) [ 0000000000000000]
StgValue_131           (ret              ) [ 0000000000000000]
tmp                    (nbreadreq        ) [ 0000000000001111]
StgValue_133           (br               ) [ 0000000000000000]
contacts_size_load_3   (load             ) [ 0000000000000000]
tmp_2                  (partselect       ) [ 0000000000000000]
icmp                   (icmp             ) [ 0000000000001111]
StgValue_137           (br               ) [ 0000000000000000]
StgValue_138           (br               ) [ 0000000000001111]
StgValue_140           (br               ) [ 0000000000000000]
i1                     (phi              ) [ 0000000000000100]
i1_cast                (zext             ) [ 0000000000000000]
exitcond9              (icmp             ) [ 0000000000001111]
empty                  (speclooptripcount) [ 0000000000000000]
i_4                    (add              ) [ 0000000000001111]
StgValue_146           (br               ) [ 0000000000000000]
tmp_5                  (read             ) [ 0000000000000000]
contacts_size_load_5   (load             ) [ 0000000000000000]
tmp_6                  (shl              ) [ 0000000000000000]
tmp_8                  (add              ) [ 0000000000000000]
tmp_s                  (sext             ) [ 0000000000000000]
contacts_addr_1        (getelementptr    ) [ 0000000000000000]
StgValue_153           (store            ) [ 0000000000000000]
StgValue_154           (br               ) [ 0000000000001111]
contacts_size_load_4   (load             ) [ 0000000000000000]
tmp_9                  (add              ) [ 0000000000001011]
StgValue_157           (store            ) [ 0000000000000000]
StgValue_160           (write            ) [ 0000000000000000]
StgValue_161           (write            ) [ 0000000000000000]
StgValue_162           (br               ) [ 0000000000000000]
StgValue_163           (br               ) [ 0000000000000000]
StgValue_164           (write            ) [ 0000000000000000]
tmp_4_0                (read             ) [ 0000000000000000]
StgValue_166           (br               ) [ 0000000000000000]
</LifeTime>

<model>

<comp_list>
<comp id="0" class="1000" name="operation">
<pin_list>
<pin id="1" dir="1" index="0" bw="1" slack="0"/>
</pin_list>
<bind>
<StgValue><ssdm name="operation"/></StgValue>
</bind>
</comp>

<comp id="2" class="1000" name="contacts_in_V">
<pin_list>
<pin id="3" dir="1" index="0" bw="1" slack="0"/>
</pin_list>
<bind>
<StgValue><ssdm name="contacts_in_V"/></StgValue>
</bind>
</comp>

<comp id="4" class="1000" name="database_in_V">
<pin_list>
<pin id="5" dir="1" index="0" bw="1" slack="0"/>
</pin_list>
<bind>
<StgValue><ssdm name="database_in_V"/></StgValue>
</bind>
</comp>

<comp id="6" class="1000" name="matched_out_V">
<pin_list>
<pin id="7" dir="1" index="0" bw="1" slack="0"/>
</pin_list>
<bind>
<StgValue><ssdm name="matched_out_V"/></StgValue>
</bind>
</comp>

<comp id="8" class="1000" name="matched_finished">
<pin_list>
<pin id="9" dir="1" index="0" bw="1" slack="0"/>
</pin_list>
<bind>
<StgValue><ssdm name="matched_finished"/></StgValue>
</bind>
</comp>

<comp id="10" class="1000" name="error_out">
<pin_list>
<pin id="11" dir="1" index="0" bw="1" slack="0"/>
</pin_list>
<bind>
<StgValue><ssdm name="error_out"/></StgValue>
</bind>
</comp>

<comp id="12" class="1000" name="contacts_size_out">
<pin_list>
<pin id="13" dir="1" index="0" bw="1" slack="0"/>
</pin_list>
<bind>
<StgValue><ssdm name="contacts_size_out"/></StgValue>
</bind>
</comp>

<comp id="14" class="1000" name="contacts_size">
<pin_list>
<pin id="15" dir="1" index="0" bw="1" slack="0"/>
</pin_list>
<bind>
<StgValue><ssdm name="contacts_size"/></StgValue>
</bind>
</comp>

<comp id="16" class="1000" name="contacts">
<pin_list>
<pin id="17" dir="1" index="0" bw="1" slack="0"/>
</pin_list>
<bind>
<StgValue><ssdm name="contacts"/><MemPortTyVec>2 3 </MemPortTyVec>
</StgValue>
</bind>
</comp>

<comp id="18" class="1000" name="current_database_ite">
<pin_list>
<pin id="19" dir="1" index="0" bw="1" slack="0"/>
</pin_list>
<bind>
<StgValue><ssdm name="current_database_ite"/><MemPortTyVec>2 3 </MemPortTyVec>
</StgValue>
</bind>
</comp>

<comp id="20" class="1001" name="const_20">
<pin_list>
<pin id="21" dir="1" index="0" bw="1" slack="0"/>
</pin_list>
<bind>
<StgValue><ssdm name="_ssdm_op_Read.ap_vld.i32"/></StgValue>
</bind>
</comp>

<comp id="22" class="1001" name="const_22">
<pin_list>
<pin id="23" dir="1" index="0" bw="1" slack="2147483647"/>
</pin_list>
<bind>
<StgValue><ssdm name="_ssdm_op_SpecBitsMap"/></StgValue>
</bind>
</comp>

<comp id="24" class="1001" name="const_24">
<pin_list>
<pin id="25" dir="1" index="0" bw="1" slack="2147483647"/>
</pin_list>
<bind>
<StgValue><ssdm name="_ssdm_op_SpecTopModule"/></StgValue>
</bind>
</comp>

<comp id="26" class="1001" name="const_26">
<pin_list>
<pin id="27" dir="1" index="0" bw="1" slack="2147483647"/>
</pin_list>
<bind>
<StgValue><ssdm name="contact_discovery_st"/></StgValue>
</bind>
</comp>

<comp id="28" class="1001" name="const_28">
<pin_list>
<pin id="29" dir="1" index="0" bw="1" slack="2147483647"/>
</pin_list>
<bind>
<StgValue><ssdm name="_ssdm_op_SpecInterface"/></StgValue>
</bind>
</comp>

<comp id="30" class="1001" name="const_30">
<pin_list>
<pin id="31" dir="1" index="0" bw="1" slack="0"/>
</pin_list>
<bind>
<StgValue><ssdm name=""/></StgValue>
</bind>
</comp>

<comp id="32" class="1001" name="const_32">
<pin_list>
<pin id="33" dir="1" index="0" bw="1" slack="2147483647"/>
</pin_list>
<bind>
<StgValue><ssdm name="p_str"/></StgValue>
</bind>
</comp>

<comp id="34" class="1001" name="const_34">
<pin_list>
<pin id="35" dir="1" index="0" bw="1" slack="2147483647"/>
</pin_list>
<bind>
<StgValue><ssdm name="p_str1"/></StgValue>
</bind>
</comp>

<comp id="36" class="1001" name="const_36">
<pin_list>
<pin id="37" dir="1" index="0" bw="1" slack="2147483647"/>
</pin_list>
<bind>
<StgValue><ssdm name="p_str2"/></StgValue>
</bind>
</comp>

<comp id="38" class="1001" name="const_38">
<pin_list>
<pin id="39" dir="1" index="0" bw="1" slack="0"/>
</pin_list>
<bind>
<StgValue><ssdm name=""/></StgValue>
</bind>
</comp>

<comp id="40" class="1001" name="const_40">
<pin_list>
<pin id="41" dir="1" index="0" bw="1" slack="2147483647"/>
</pin_list>
<bind>
<StgValue><ssdm name="p_str3"/></StgValue>
</bind>
</comp>

<comp id="42" class="1001" name="const_42">
<pin_list>
<pin id="43" dir="1" index="0" bw="1" slack="2147483647"/>
</pin_list>
<bind>
<StgValue><ssdm name="p_str4"/></StgValue>
</bind>
</comp>

<comp id="44" class="1001" name="const_44">
<pin_list>
<pin id="45" dir="1" index="0" bw="1" slack="2147483647"/>
</pin_list>
<bind>
<StgValue><ssdm name="p_str5"/></StgValue>
</bind>
</comp>

<comp id="46" class="1001" name="const_46">
<pin_list>
<pin id="47" dir="1" index="0" bw="1" slack="2147483647"/>
</pin_list>
<bind>
<StgValue><ssdm name="p_str6"/></StgValue>
</bind>
</comp>

<comp id="48" class="1001" name="const_48">
<pin_list>
<pin id="49" dir="1" index="0" bw="1" slack="2147483647"/>
</pin_list>
<bind>
<StgValue><ssdm name=""/></StgValue>
</bind>
</comp>

<comp id="50" class="1001" name="const_50">
<pin_list>
<pin id="51" dir="1" index="0" bw="1" slack="0"/>
</pin_list>
<bind>
<StgValue><ssdm name="_ssdm_op_Write.ap_none.i32P"/></StgValue>
</bind>
</comp>

<comp id="52" class="1001" name="const_52">
<pin_list>
<pin id="53" dir="1" index="0" bw="1" slack="0"/>
</pin_list>
<bind>
<StgValue><ssdm name=""/></StgValue>
</bind>
</comp>

<comp id="54" class="1001" name="const_54">
<pin_list>
<pin id="55" dir="1" index="0" bw="1" slack="0"/>
</pin_list>
<bind>
<StgValue><ssdm name=""/></StgValue>
</bind>
</comp>

<comp id="56" class="1001" name="const_56">
<pin_list>
<pin id="57" dir="1" index="0" bw="1" slack="0"/>
</pin_list>
<bind>
<StgValue><ssdm name=""/></StgValue>
</bind>
</comp>

<comp id="58" class="1001" name="const_58">
<pin_list>
<pin id="59" dir="1" index="0" bw="1" slack="2147483647"/>
</pin_list>
<bind>
<StgValue><ssdm name="_ssdm_op_SpecLoopTripCount"/></StgValue>
</bind>
</comp>

<comp id="60" class="1001" name="const_60">
<pin_list>
<pin id="61" dir="1" index="0" bw="1" slack="2147483647"/>
</pin_list>
<bind>
<StgValue><ssdm name=""/></StgValue>
</bind>
</comp>

<comp id="62" class="1001" name="const_62">
<pin_list>
<pin id="63" dir="1" index="0" bw="1" slack="0"/>
</pin_list>
<bind>
<StgValue><ssdm name=""/></StgValue>
</bind>
</comp>

<comp id="64" class="1001" name="const_64">
<pin_list>
<pin id="65" dir="1" index="0" bw="1" slack="0"/>
</pin_list>
<bind>
<StgValue><ssdm name=""/></StgValue>
</bind>
</comp>

<comp id="66" class="1001" name="const_66">
<pin_list>
<pin id="67" dir="1" index="0" bw="1" slack="0"/>
</pin_list>
<bind>
<StgValue><ssdm name="_ssdm_op_NbReadReq.axis.i8P"/></StgValue>
</bind>
</comp>

<comp id="68" class="1001" name="const_68">
<pin_list>
<pin id="69" dir="1" index="0" bw="1" slack="1"/>
</pin_list>
<bind>
<StgValue><ssdm name=""/></StgValue>
</bind>
</comp>

<comp id="70" class="1001" name="const_70">
<pin_list>
<pin id="71" dir="1" index="0" bw="1" slack="0"/>
</pin_list>
<bind>
<StgValue><ssdm name=""/></StgValue>
</bind>
</comp>

<comp id="72" class="1001" name="const_72">
<pin_list>
<pin id="73" dir="1" index="0" bw="1" slack="2147483647"/>
</pin_list>
<bind>
<StgValue><ssdm name=""/></StgValue>
</bind>
</comp>

<comp id="74" class="1001" name="const_74">
<pin_list>
<pin id="75" dir="1" index="0" bw="1" slack="0"/>
</pin_list>
<bind>
<StgValue><ssdm name=""/></StgValue>
</bind>
</comp>

<comp id="76" class="1001" name="const_76">
<pin_list>
<pin id="77" dir="1" index="0" bw="1" slack="0"/>
</pin_list>
<bind>
<StgValue><ssdm name="_ssdm_op_Read.axis.volatile.i8P"/></StgValue>
</bind>
</comp>

<comp id="78" class="1001" name="const_78">
<pin_list>
<pin id="79" dir="1" index="0" bw="1" slack="1"/>
</pin_list>
<bind>
<StgValue><ssdm name=""/></StgValue>
</bind>
</comp>

<comp id="80" class="1001" name="const_80">
<pin_list>
<pin id="81" dir="1" index="0" bw="1" slack="0"/>
</pin_list>
<bind>
<StgValue><ssdm name="_ssdm_op_BitConcatenate.i13.i7.i6"/></StgValue>
</bind>
</comp>

<comp id="82" class="1001" name="const_82">
<pin_list>
<pin id="83" dir="1" index="0" bw="1" slack="0"/>
</pin_list>
<bind>
<StgValue><ssdm name=""/></StgValue>
</bind>
</comp>

<comp id="84" class="1001" name="const_84">
<pin_list>
<pin id="85" dir="1" index="0" bw="1" slack="0"/>
</pin_list>
<bind>
<StgValue><ssdm name="_ssdm_op_Write.axis.volatile.i8P"/></StgValue>
</bind>
</comp>

<comp id="86" class="1001" name="const_86">
<pin_list>
<pin id="87" dir="1" index="0" bw="1" slack="1"/>
</pin_list>
<bind>
<StgValue><ssdm name=""/></StgValue>
</bind>
</comp>

<comp id="88" class="1001" name="const_88">
<pin_list>
<pin id="89" dir="1" index="0" bw="1" slack="0"/>
</pin_list>
<bind>
<StgValue><ssdm name="_ssdm_op_PartSelect.i25.i32.i32.i32"/></StgValue>
</bind>
</comp>

<comp id="90" class="1001" name="const_90">
<pin_list>
<pin id="91" dir="1" index="0" bw="1" slack="0"/>
</pin_list>
<bind>
<StgValue><ssdm name=""/></StgValue>
</bind>
</comp>

<comp id="92" class="1001" name="const_92">
<pin_list>
<pin id="93" dir="1" index="0" bw="1" slack="0"/>
</pin_list>
<bind>
<StgValue><ssdm name=""/></StgValue>
</bind>
</comp>

<comp id="94" class="1001" name="const_94">
<pin_list>
<pin id="95" dir="1" index="0" bw="1" slack="0"/>
</pin_list>
<bind>
<StgValue><ssdm name=""/></StgValue>
</bind>
</comp>

<comp id="96" class="1001" name="const_96">
<pin_list>
<pin id="97" dir="1" index="0" bw="1" slack="0"/>
</pin_list>
<bind>
<StgValue><ssdm name=""/></StgValue>
</bind>
</comp>

<comp id="98" class="1004" name="grp_read_fu_98">
<pin_list>
<pin id="99" dir="0" index="0" bw="32" slack="0"/>
<pin id="100" dir="0" index="1" bw="32" slack="0"/>
<pin id="101" dir="1" index="2" bw="32" slack="1"/>
</pin_list>
<bind>
<opcode="read(1150) " fcode="read"/>
<opset="operation_read/1 "/>
</bind>
</comp>

<comp id="104" class="1004" name="grp_write_fu_104">
<pin_list>
<pin id="105" dir="0" index="0" bw="0" slack="0"/>
<pin id="106" dir="0" index="1" bw="32" slack="0"/>
<pin id="107" dir="0" index="2" bw="1" slack="0"/>
<pin id="108" dir="1" index="3" bw="0" slack="2147483647"/>
</pin_list>
<bind>
<opcode="write(1151) " fcode="write"/>
<opset="StgValue_40/2 StgValue_47/2 StgValue_53/2 StgValue_83/5 "/>
</bind>
</comp>

<comp id="112" class="1004" name="grp_write_fu_112">
<pin_list>
<pin id="113" dir="0" index="0" bw="0" slack="0"/>
<pin id="114" dir="0" index="1" bw="32" slack="0"/>
<pin id="115" dir="0" index="2" bw="3" slack="0"/>
<pin id="116" dir="1" index="3" bw="0" slack="2147483647"/>
</pin_list>
<bind>
<opcode="write(1151) " fcode="write"/>
<opset="StgValue_41/2 StgValue_44/2 StgValue_48/2 StgValue_54/2 StgValue_139/12 StgValue_159/13 "/>
</bind>
</comp>

<comp id="120" class="1004" name="grp_write_fu_120">
<pin_list>
<pin id="121" dir="0" index="0" bw="0" slack="0"/>
<pin id="122" dir="0" index="1" bw="32" slack="0"/>
<pin id="123" dir="0" index="2" bw="32" slack="0"/>
<pin id="124" dir="1" index="3" bw="0" slack="2147483647"/>
</pin_list>
<bind>
<opcode="write(1151) " fcode="write"/>
<opset="StgValue_43/2 StgValue_46/2 StgValue_50/2 StgValue_52/2 StgValue_158/13 "/>
</bind>
</comp>

<comp id="129" class="1004" name="tmp_1_nbreadreq_fu_129">
<pin_list>
<pin id="130" dir="0" index="0" bw="1" slack="0"/>
<pin id="131" dir="0" index="1" bw="8" slack="0"/>
<pin id="132" dir="0" index="2" bw="1" slack="0"/>
<pin id="133" dir="1" index="3" bw="1" slack="2147483647"/>
</pin_list>
<bind>
<opcode="nbreadreq(1156) " fcode="nbreadreq"/>
<opset="tmp_1/5 "/>
</bind>
</comp>

<comp id="138" class="1004" name="tmp_4_read_fu_138">
<pin_list>
<pin id="139" dir="0" index="0" bw="8" slack="0"/>
<pin id="140" dir="0" index="1" bw="8" slack="0"/>
<pin id="141" dir="1" index="2" bw="8" slack="0"/>
</pin_list>
<bind>
<opcode="read(1150) " fcode="read"/>
<opset="tmp_4/6 "/>
</bind>
</comp>

<comp id="144" class="1004" name="grp_write_fu_144">
<pin_list>
<pin id="145" dir="0" index="0" bw="0" slack="0"/>
<pin id="146" dir="0" index="1" bw="8" slack="0"/>
<pin id="147" dir="0" index="2" bw="1" slack="0"/>
<pin id="148" dir="1" index="3" bw="0" slack="2147483647"/>
</pin_list>
<bind>
<opcode="write(1151) " fcode="write"/>
<opset="StgValue_105/7 "/>
</bind>
</comp>

<comp id="151" class="1004" name="tmp_nbreadreq_fu_151">
<pin_list>
<pin id="152" dir="0" index="0" bw="1" slack="0"/>
<pin id="153" dir="0" index="1" bw="8" slack="0"/>
<pin id="154" dir="0" index="2" bw="1" slack="0"/>
<pin id="155" dir="1" index="3" bw="1" slack="2147483647"/>
</pin_list>
<bind>
<opcode="nbreadreq(1156) " fcode="nbreadreq"/>
<opset="tmp/12 "/>
</bind>
</comp>

<comp id="160" class="1004" name="grp_read_fu_160">
<pin_list>
<pin id="161" dir="0" index="0" bw="8" slack="0"/>
<pin id="162" dir="0" index="1" bw="8" slack="0"/>
<pin id="163" dir="1" index="2" bw="8" slack="0"/>
</pin_list>
<bind>
<opcode="read(1150) " fcode="read"/>
<opset="tmp_5/13 tmp_4_0/15 "/>
</bind>
</comp>

<comp id="166" class="1004" name="contacts_addr_gep_fu_166">
<pin_list>
<pin id="167" dir="0" index="0" bw="8" slack="0"/>
<pin id="168" dir="0" index="1" bw="1" slack="0"/>
<pin id="169" dir="0" index="2" bw="8" slack="0"/>
<pin id="170" dir="1" index="3" bw="13" slack="0"/>
</pin_list>
<bind>
<opcode="getelementptr(29) " fcode="getelementptr"/>
<opset="contacts_addr/4 "/>
</bind>
</comp>

<comp id="173" class="1004" name="grp_access_fu_173">
<pin_list>
<pin id="174" dir="0" index="0" bw="13" slack="0"/>
<pin id="175" dir="0" index="1" bw="8" slack="0"/>
<pin id="176" dir="1" index="2" bw="8" slack="0"/>
</pin_list>
<bind>
<opcode="load(27) store(28) " fcode="store"/>
<opset="StgValue_77/4 contacts_load/8 StgValue_153/13 "/>
</bind>
</comp>

<comp id="179" class="1004" name="current_database_ite_gep_fu_179">
<pin_list>
<pin id="180" dir="0" index="0" bw="8" slack="0"/>
<pin id="181" dir="0" index="1" bw="1" slack="0"/>
<pin id="182" dir="0" index="2" bw="7" slack="0"/>
<pin id="183" dir="1" index="3" bw="6" slack="0"/>
</pin_list>
<bind>
<opcode="getelementptr(29) " fcode="getelementptr"/>
<opset="current_database_ite/6 "/>
</bind>
</comp>

<comp id="186" class="1004" name="grp_access_fu_186">
<pin_list>
<pin id="187" dir="0" index="0" bw="6" slack="0"/>
<pin id="188" dir="0" index="1" bw="8" slack="0"/>
<pin id="189" dir="1" index="2" bw="8" slack="0"/>
</pin_list>
<bind>
<opcode="load(27) store(28) " fcode="load"/>
<opset="StgValue_92/6 current_database_ite_2/8 "/>
</bind>
</comp>

<comp id="192" class="1004" name="current_database_ite_1_gep_fu_192">
<pin_list>
<pin id="193" dir="0" index="0" bw="8" slack="0"/>
<pin id="194" dir="0" index="1" bw="1" slack="0"/>
<pin id="195" dir="0" index="2" bw="7" slack="0"/>
<pin id="196" dir="1" index="3" bw="6" slack="0"/>
</pin_list>
<bind>
<opcode="getelementptr(29) " fcode="getelementptr"/>
<opset="current_database_ite_1/8 "/>
</bind>
</comp>

<comp id="200" class="1004" name="contacts_addr_2_gep_fu_200">
<pin_list>
<pin id="201" dir="0" index="0" bw="8" slack="0"/>
<pin id="202" dir="0" index="1" bw="1" slack="0"/>
<pin id="203" dir="0" index="2" bw="13" slack="0"/>
<pin id="204" dir="1" index="3" bw="13" slack="0"/>
</pin_list>
<bind>
<opcode="getelementptr(29) " fcode="getelementptr"/>
<opset="contacts_addr_2/8 "/>
</bind>
</comp>

<comp id="208" class="1004" name="contacts_addr_1_gep_fu_208">
<pin_list>
<pin id="209" dir="0" index="0" bw="8" slack="0"/>
<pin id="210" dir="0" index="1" bw="1" slack="0"/>
<pin id="211" dir="0" index="2" bw="32" slack="0"/>
<pin id="212" dir="1" index="3" bw="13" slack="0"/>
</pin_list>
<bind>
<opcode="getelementptr(29) " fcode="getelementptr"/>
<opset="contacts_addr_1/13 "/>
</bind>
</comp>

<comp id="217" class="1005" name="i_3_reg_217">
<pin_list>
<pin id="218" dir="0" index="0" bw="8" slack="1"/>
<pin id="219" dir="1" index="1" bw="8" slack="1"/>
</pin_list>
<bind>
<opset="i_3 (phireg) "/>
</bind>
</comp>

<comp id="221" class="1004" name="i_3_phi_fu_221">
<pin_list>
<pin id="222" dir="0" index="0" bw="1" slack="1"/>
<pin id="223" dir="0" index="1" bw="0" slack="2147483647"/>
<pin id="224" dir="0" index="2" bw="8" slack="0"/>
<pin id="225" dir="0" index="3" bw="0" slack="2147483647"/>
<pin id="226" dir="1" index="4" bw="8" slack="0"/>
</pin_list>
<bind>
<opcode="phi(47) " fcode="phi"/>
<opset="i_3/4 "/>
</bind>
</comp>

<comp id="228" class="1005" name="i_1_reg_228">
<pin_list>
<pin id="229" dir="0" index="0" bw="7" slack="1"/>
<pin id="230" dir="1" index="1" bw="7" slack="1"/>
</pin_list>
<bind>
<opset="i_1 (phireg) "/>
</bind>
</comp>

<comp id="232" class="1004" name="i_1_phi_fu_232">
<pin_list>
<pin id="233" dir="0" index="0" bw="7" slack="0"/>
<pin id="234" dir="0" index="1" bw="0" slack="2147483647"/>
<pin id="235" dir="0" index="2" bw="1" slack="1"/>
<pin id="236" dir="0" index="3" bw="0" slack="2147483647"/>
<pin id="237" dir="1" index="4" bw="7" slack="0"/>
</pin_list>
<bind>
<opcode="phi(47) " fcode="phi"/>
<opset="i_1/6 "/>
</bind>
</comp>

<comp id="239" class="1005" name="tmp_10_reg_239">
<pin_list>
<pin id="240" dir="0" index="0" bw="1" slack="1"/>
<pin id="241" dir="1" index="1" bw="1" slack="1"/>
</pin_list>
<bind>
<opset="tmp_10 (phireg) "/>
</bind>
</comp>

<comp id="243" class="1004" name="tmp_10_phi_fu_243">
<pin_list>
<pin id="244" dir="0" index="0" bw="1" slack="1"/>
<pin id="245" dir="0" index="1" bw="0" slack="2147483647"/>
<pin id="246" dir="0" index="2" bw="1" slack="1"/>
<pin id="247" dir="0" index="3" bw="0" slack="2147483647"/>
<pin id="248" dir="1" index="4" bw="1" slack="0"/>
</pin_list>
<bind>
<opcode="phi(47) " fcode="phi"/>
<opset="tmp_10/7 "/>
</bind>
</comp>

<comp id="251" class="1005" name="contact_index_assign_reg_251">
<pin_list>
<pin id="252" dir="0" index="0" bw="8" slack="1"/>
<pin id="253" dir="1" index="1" bw="8" slack="1"/>
</pin_list>
<bind>
<opset="contact_index_assign (phireg) "/>
</bind>
</comp>

<comp id="255" class="1004" name="contact_index_assign_phi_fu_255">
<pin_list>
<pin id="256" dir="0" index="0" bw="8" slack="0"/>
<pin id="257" dir="0" index="1" bw="0" slack="2147483647"/>
<pin id="258" dir="0" index="2" bw="1" slack="1"/>
<pin id="259" dir="0" index="3" bw="0" slack="2147483647"/>
<pin id="260" dir="1" index="4" bw="8" slack="0"/>
</pin_list>
<bind>
<opcode="phi(47) " fcode="phi"/>
<opset="contact_index_assign/7 "/>
</bind>
</comp>

<comp id="262" class="1005" name="i_i_reg_262">
<pin_list>
<pin id="263" dir="0" index="0" bw="7" slack="1"/>
<pin id="264" dir="1" index="1" bw="7" slack="1"/>
</pin_list>
<bind>
<opset="i_i (phireg) "/>
</bind>
</comp>

<comp id="266" class="1004" name="i_i_phi_fu_266">
<pin_list>
<pin id="267" dir="0" index="0" bw="1" slack="1"/>
<pin id="268" dir="0" index="1" bw="0" slack="2147483647"/>
<pin id="269" dir="0" index="2" bw="7" slack="0"/>
<pin id="270" dir="0" index="3" bw="0" slack="2147483647"/>
<pin id="271" dir="1" index="4" bw="7" slack="0"/>
</pin_list>
<bind>
<opcode="phi(47) " fcode="phi"/>
<opset="i_i/8 "/>
</bind>
</comp>

<comp id="273" class="1005" name="comp_reg_273">
<pin_list>
<pin id="274" dir="0" index="0" bw="1" slack="1"/>
<pin id="275" dir="1" index="1" bw="1" slack="1"/>
</pin_list>
<bind>
<opset="comp (phireg) "/>
</bind>
</comp>

<comp id="277" class="1004" name="comp_phi_fu_277">
<pin_list>
<pin id="278" dir="0" index="0" bw="1" slack="1"/>
<pin id="279" dir="0" index="1" bw="0" slack="2147483647"/>
<pin id="280" dir="0" index="2" bw="1" slack="1"/>
<pin id="281" dir="0" index="3" bw="0" slack="2147483647"/>
<pin id="282" dir="1" index="4" bw="1" slack="0"/>
</pin_list>
<bind>
<opcode="phi(47) " fcode="phi"/>
<opset="comp/8 "/>
</bind>
</comp>

<comp id="285" class="1005" name="i1_reg_285">
<pin_list>
<pin id="286" dir="0" index="0" bw="7" slack="1"/>
<pin id="287" dir="1" index="1" bw="7" slack="1"/>
</pin_list>
<bind>
<opset="i1 (phireg) "/>
</bind>
</comp>

<comp id="289" class="1004" name="i1_phi_fu_289">
<pin_list>
<pin id="290" dir="0" index="0" bw="7" slack="0"/>
<pin id="291" dir="0" index="1" bw="0" slack="2147483647"/>
<pin id="292" dir="0" index="2" bw="1" slack="1"/>
<pin id="293" dir="0" index="3" bw="0" slack="2147483647"/>
<pin id="294" dir="1" index="4" bw="7" slack="0"/>
</pin_list>
<bind>
<opcode="phi(47) " fcode="phi"/>
<opset="i1/13 "/>
</bind>
</comp>

<comp id="296" class="1004" name="grp_load_fu_296">
<pin_list>
<pin id="297" dir="0" index="0" bw="32" slack="0"/>
<pin id="298" dir="1" index="1" bw="32" slack="0"/>
</pin_list>
<bind>
<opcode="load(27) " fcode="load"/>
<opset="contacts_size_load_2/2 contacts_size_load_1/2 contacts_size_load/2 contacts_size_load_3/12 contacts_size_load_5/13 contacts_size_load_4/13 "/>
</bind>
</comp>

<comp id="301" class="1005" name="reg_301">
<pin_list>
<pin id="302" dir="0" index="0" bw="32" slack="1"/>
<pin id="303" dir="1" index="1" bw="32" slack="1"/>
</pin_list>
<bind>
<opset="contacts_size_load_2 contacts_size_load_1 contacts_size_load "/>
</bind>
</comp>

<comp id="306" class="1004" name="StgValue_42_store_fu_306">
<pin_list>
<pin id="307" dir="0" index="0" bw="1" slack="0"/>
<pin id="308" dir="0" index="1" bw="32" slack="0"/>
<pin id="309" dir="1" index="2" bw="0" slack="2147483647"/>
</pin_list>
<bind>
<opcode="store(28) " fcode="store"/>
<opset="StgValue_42/2 "/>
</bind>
</comp>

<comp id="312" class="1004" name="exitcond_fu_312">
<pin_list>
<pin id="313" dir="0" index="0" bw="8" slack="0"/>
<pin id="314" dir="0" index="1" bw="8" slack="0"/>
<pin id="315" dir="1" index="2" bw="1" slack="2147483647"/>
</pin_list>
<bind>
<opcode="icmp(45) " fcode="icmp"/>
<opset="exitcond/4 "/>
</bind>
</comp>

<comp id="318" class="1004" name="i_fu_318">
<pin_list>
<pin id="319" dir="0" index="0" bw="8" slack="0"/>
<pin id="320" dir="0" index="1" bw="1" slack="0"/>
<pin id="321" dir="1" index="2" bw="8" slack="0"/>
</pin_list>
<bind>
<opcode="add(8) " fcode="add"/>
<opset="i/4 "/>
</bind>
</comp>

<comp id="324" class="1004" name="tmp_3_fu_324">
<pin_list>
<pin id="325" dir="0" index="0" bw="8" slack="0"/>
<pin id="326" dir="1" index="1" bw="64" slack="0"/>
</pin_list>
<bind>
<opcode="zext(34) " fcode="zext"/>
<opset="tmp_3/4 "/>
</bind>
</comp>

<comp id="329" class="1004" name="exitcond8_fu_329">
<pin_list>
<pin id="330" dir="0" index="0" bw="7" slack="0"/>
<pin id="331" dir="0" index="1" bw="7" slack="0"/>
<pin id="332" dir="1" index="2" bw="1" slack="2147483647"/>
</pin_list>
<bind>
<opcode="icmp(45) " fcode="icmp"/>
<opset="exitcond8/6 "/>
</bind>
</comp>

<comp id="335" class="1004" name="i_2_fu_335">
<pin_list>
<pin id="336" dir="0" index="0" bw="7" slack="0"/>
<pin id="337" dir="0" index="1" bw="1" slack="0"/>
<pin id="338" dir="1" index="2" bw="7" slack="0"/>
</pin_list>
<bind>
<opcode="add(8) " fcode="add"/>
<opset="i_2/6 "/>
</bind>
</comp>

<comp id="341" class="1004" name="tmp_7_fu_341">
<pin_list>
<pin id="342" dir="0" index="0" bw="7" slack="0"/>
<pin id="343" dir="1" index="1" bw="64" slack="0"/>
</pin_list>
<bind>
<opcode="zext(34) " fcode="zext"/>
<opset="tmp_7/6 "/>
</bind>
</comp>

<comp id="346" class="1004" name="exitcond7_fu_346">
<pin_list>
<pin id="347" dir="0" index="0" bw="8" slack="0"/>
<pin id="348" dir="0" index="1" bw="8" slack="0"/>
<pin id="349" dir="1" index="2" bw="1" slack="2147483647"/>
</pin_list>
<bind>
<opcode="icmp(45) " fcode="icmp"/>
<opset="exitcond7/7 "/>
</bind>
</comp>

<comp id="352" class="1004" name="i_5_fu_352">
<pin_list>
<pin id="353" dir="0" index="0" bw="8" slack="0"/>
<pin id="354" dir="0" index="1" bw="1" slack="0"/>
<pin id="355" dir="1" index="2" bw="8" slack="0"/>
</pin_list>
<bind>
<opcode="add(8) " fcode="add"/>
<opset="i_5/7 "/>
</bind>
</comp>

<comp id="358" class="1004" name="tmp_11_fu_358">
<pin_list>
<pin id="359" dir="0" index="0" bw="8" slack="0"/>
<pin id="360" dir="1" index="1" bw="7" slack="0"/>
</pin_list>
<bind>
<opcode="trunc(33) " fcode="trunc"/>
<opset="tmp_11/7 "/>
</bind>
</comp>

<comp id="362" class="1004" name="tmp_i_fu_362">
<pin_list>
<pin id="363" dir="0" index="0" bw="13" slack="0"/>
<pin id="364" dir="0" index="1" bw="7" slack="0"/>
<pin id="365" dir="0" index="2" bw="1" slack="0"/>
<pin id="366" dir="1" index="3" bw="13" slack="1"/>
</pin_list>
<bind>
<opcode="bitconcatenate(1004) " fcode="bitconcatenate"/>
<opset="tmp_i/7 "/>
</bind>
</comp>

<comp id="370" class="1004" name="cast_fu_370">
<pin_list>
<pin id="371" dir="0" index="0" bw="1" slack="0"/>
<pin id="372" dir="1" index="1" bw="8" slack="0"/>
</pin_list>
<bind>
<opcode="zext(34) " fcode="zext"/>
<opset="cast/7 "/>
</bind>
</comp>

<comp id="375" class="1004" name="i_i_cast7_fu_375">
<pin_list>
<pin id="376" dir="0" index="0" bw="7" slack="0"/>
<pin id="377" dir="1" index="1" bw="13" slack="0"/>
</pin_list>
<bind>
<opcode="zext(34) " fcode="zext"/>
<opset="i_i_cast7/8 "/>
</bind>
</comp>

<comp id="379" class="1004" name="exitcond_i_fu_379">
<pin_list>
<pin id="380" dir="0" index="0" bw="7" slack="0"/>
<pin id="381" dir="0" index="1" bw="7" slack="0"/>
<pin id="382" dir="1" index="2" bw="1" slack="2147483647"/>
</pin_list>
<bind>
<opcode="icmp(45) " fcode="icmp"/>
<opset="exitcond_i/8 "/>
</bind>
</comp>

<comp id="385" class="1004" name="i_6_fu_385">
<pin_list>
<pin id="386" dir="0" index="0" bw="7" slack="0"/>
<pin id="387" dir="0" index="1" bw="1" slack="0"/>
<pin id="388" dir="1" index="2" bw="7" slack="0"/>
</pin_list>
<bind>
<opcode="add(8) " fcode="add"/>
<opset="i_6/8 "/>
</bind>
</comp>

<comp id="391" class="1004" name="tmp_i_7_fu_391">
<pin_list>
<pin id="392" dir="0" index="0" bw="7" slack="0"/>
<pin id="393" dir="1" index="1" bw="64" slack="0"/>
</pin_list>
<bind>
<opcode="zext(34) " fcode="zext"/>
<opset="tmp_i_7/8 "/>
</bind>
</comp>

<comp id="396" class="1004" name="tmp_12_i_fu_396">
<pin_list>
<pin id="397" dir="0" index="0" bw="7" slack="0"/>
<pin id="398" dir="0" index="1" bw="13" slack="1"/>
<pin id="399" dir="1" index="2" bw="13" slack="0"/>
</pin_list>
<bind>
<opcode="add(8) " fcode="add"/>
<opset="tmp_12_i/8 "/>
</bind>
</comp>

<comp id="401" class="1004" name="tmp_13_i_fu_401">
<pin_list>
<pin id="402" dir="0" index="0" bw="13" slack="0"/>
<pin id="403" dir="1" index="1" bw="64" slack="0"/>
</pin_list>
<bind>
<opcode="zext(34) " fcode="zext"/>
<opset="tmp_13_i/8 "/>
</bind>
</comp>

<comp id="406" class="1004" name="found_fu_406">
<pin_list>
<pin id="407" dir="0" index="0" bw="1" slack="0"/>
<pin id="408" dir="0" index="1" bw="1" slack="1"/>
<pin id="409" dir="1" index="2" bw="1" slack="1"/>
</pin_list>
<bind>
<opcode="or(24) " fcode="or"/>
<opset="found/8 "/>
</bind>
</comp>

<comp id="412" class="1004" name="tmp_14_i_fu_412">
<pin_list>
<pin id="413" dir="0" index="0" bw="8" slack="0"/>
<pin id="414" dir="0" index="1" bw="8" slack="0"/>
<pin id="415" dir="1" index="2" bw="1" slack="0"/>
</pin_list>
<bind>
<opcode="icmp(45) " fcode="icmp"/>
<opset="tmp_14_i/9 "/>
</bind>
</comp>

<comp id="418" class="1004" name="found_1_fu_418">
<pin_list>
<pin id="419" dir="0" index="0" bw="1" slack="0"/>
<pin id="420" dir="0" index="1" bw="1" slack="1"/>
<pin id="421" dir="1" index="2" bw="1" slack="1"/>
</pin_list>
<bind>
<opcode="and(23) " fcode="and"/>
<opset="found_1/9 "/>
</bind>
</comp>

<comp id="424" class="1004" name="tmp_2_fu_424">
<pin_list>
<pin id="425" dir="0" index="0" bw="25" slack="0"/>
<pin id="426" dir="0" index="1" bw="32" slack="0"/>
<pin id="427" dir="0" index="2" bw="4" slack="0"/>
<pin id="428" dir="0" index="3" bw="6" slack="0"/>
<pin id="429" dir="1" index="4" bw="25" slack="0"/>
</pin_list>
<bind>
<opcode="partselect(1002) " fcode="partselect"/>
<opset="tmp_2/12 "/>
</bind>
</comp>

<comp id="434" class="1004" name="icmp_fu_434">
<pin_list>
<pin id="435" dir="0" index="0" bw="25" slack="0"/>
<pin id="436" dir="0" index="1" bw="1" slack="0"/>
<pin id="437" dir="1" index="2" bw="1" slack="2"/>
</pin_list>
<bind>
<opcode="icmp(45) " fcode="icmp"/>
<opset="icmp/12 "/>
</bind>
</comp>

<comp id="440" class="1004" name="i1_cast_fu_440">
<pin_list>
<pin id="441" dir="0" index="0" bw="7" slack="0"/>
<pin id="442" dir="1" index="1" bw="32" slack="0"/>
</pin_list>
<bind>
<opcode="zext(34) " fcode="zext"/>
<opset="i1_cast/13 "/>
</bind>
</comp>

<comp id="444" class="1004" name="exitcond9_fu_444">
<pin_list>
<pin id="445" dir="0" index="0" bw="7" slack="0"/>
<pin id="446" dir="0" index="1" bw="7" slack="0"/>
<pin id="447" dir="1" index="2" bw="1" slack="2147483647"/>
</pin_list>
<bind>
<opcode="icmp(45) " fcode="icmp"/>
<opset="exitcond9/13 "/>
</bind>
</comp>

<comp id="450" class="1004" name="i_4_fu_450">
<pin_list>
<pin id="451" dir="0" index="0" bw="7" slack="0"/>
<pin id="452" dir="0" index="1" bw="1" slack="0"/>
<pin id="453" dir="1" index="2" bw="7" slack="0"/>
</pin_list>
<bind>
<opcode="add(8) " fcode="add"/>
<opset="i_4/13 "/>
</bind>
</comp>

<comp id="456" class="1004" name="tmp_6_fu_456">
<pin_list>
<pin id="457" dir="0" index="0" bw="32" slack="0"/>
<pin id="458" dir="0" index="1" bw="4" slack="0"/>
<pin id="459" dir="1" index="2" bw="32" slack="0"/>
</pin_list>
<bind>
<opcode="shl(20) " fcode="shl"/>
<opset="tmp_6/13 "/>
</bind>
</comp>

<comp id="462" class="1004" name="tmp_8_fu_462">
<pin_list>
<pin id="463" dir="0" index="0" bw="32" slack="0"/>
<pin id="464" dir="0" index="1" bw="7" slack="0"/>
<pin id="465" dir="1" index="2" bw="32" slack="0"/>
</pin_list>
<bind>
<opcode="add(8) " fcode="add"/>
<opset="tmp_8/13 "/>
</bind>
</comp>

<comp id="468" class="1004" name="tmp_s_fu_468">
<pin_list>
<pin id="469" dir="0" index="0" bw="32" slack="0"/>
<pin id="470" dir="1" index="1" bw="64" slack="0"/>
</pin_list>
<bind>
<opcode="sext(35) " fcode="sext"/>
<opset="tmp_s/13 "/>
</bind>
</comp>

<comp id="473" class="1004" name="tmp_9_fu_473">
<pin_list>
<pin id="474" dir="0" index="0" bw="32" slack="0"/>
<pin id="475" dir="0" index="1" bw="1" slack="0"/>
<pin id="476" dir="1" index="2" bw="32" slack="0"/>
</pin_list>
<bind>
<opcode="add(8) " fcode="add"/>
<opset="tmp_9/13 "/>
</bind>
</comp>

<comp id="480" class="1004" name="StgValue_157_store_fu_480">
<pin_list>
<pin id="481" dir="0" index="0" bw="32" slack="0"/>
<pin id="482" dir="0" index="1" bw="32" slack="0"/>
<pin id="483" dir="1" index="2" bw="0" slack="2147483647"/>
</pin_list>
<bind>
<opcode="store(28) " fcode="store"/>
<opset="StgValue_157/13 "/>
</bind>
</comp>

<comp id="486" class="1005" name="operation_read_reg_486">
<pin_list>
<pin id="487" dir="0" index="0" bw="32" slack="1"/>
<pin id="488" dir="1" index="1" bw="32" slack="2147483647"/>
</pin_list>
<bind>
<opset="operation_read "/>
</bind>
</comp>

<comp id="493" class="1005" name="i_reg_493">
<pin_list>
<pin id="494" dir="0" index="0" bw="8" slack="0"/>
<pin id="495" dir="1" index="1" bw="8" slack="0"/>
</pin_list>
<bind>
<opset="i "/>
</bind>
</comp>

<comp id="504" class="1005" name="i_2_reg_504">
<pin_list>
<pin id="505" dir="0" index="0" bw="7" slack="0"/>
<pin id="506" dir="1" index="1" bw="7" slack="0"/>
</pin_list>
<bind>
<opset="i_2 "/>
</bind>
</comp>

<comp id="512" class="1005" name="i_5_reg_512">
<pin_list>
<pin id="513" dir="0" index="0" bw="8" slack="0"/>
<pin id="514" dir="1" index="1" bw="8" slack="0"/>
</pin_list>
<bind>
<opset="i_5 "/>
</bind>
</comp>

<comp id="517" class="1005" name="tmp_i_reg_517">
<pin_list>
<pin id="518" dir="0" index="0" bw="13" slack="1"/>
<pin id="519" dir="1" index="1" bw="13" slack="1"/>
</pin_list>
<bind>
<opset="tmp_i "/>
</bind>
</comp>

<comp id="522" class="1005" name="cast_reg_522">
<pin_list>
<pin id="523" dir="0" index="0" bw="8" slack="1"/>
<pin id="524" dir="1" index="1" bw="8" slack="1"/>
</pin_list>
<bind>
<opset="cast "/>
</bind>
</comp>

<comp id="530" class="1005" name="i_6_reg_530">
<pin_list>
<pin id="531" dir="0" index="0" bw="7" slack="0"/>
<pin id="532" dir="1" index="1" bw="7" slack="0"/>
</pin_list>
<bind>
<opset="i_6 "/>
</bind>
</comp>

<comp id="535" class="1005" name="current_database_ite_1_reg_535">
<pin_list>
<pin id="536" dir="0" index="0" bw="6" slack="1"/>
<pin id="537" dir="1" index="1" bw="6" slack="1"/>
</pin_list>
<bind>
<opset="current_database_ite_1 "/>
</bind>
</comp>

<comp id="540" class="1005" name="contacts_addr_2_reg_540">
<pin_list>
<pin id="541" dir="0" index="0" bw="13" slack="1"/>
<pin id="542" dir="1" index="1" bw="13" slack="1"/>
</pin_list>
<bind>
<opset="contacts_addr_2 "/>
</bind>
</comp>

<comp id="545" class="1005" name="found_reg_545">
<pin_list>
<pin id="546" dir="0" index="0" bw="1" slack="1"/>
<pin id="547" dir="1" index="1" bw="1" slack="1"/>
</pin_list>
<bind>
<opset="found "/>
</bind>
</comp>

<comp id="550" class="1005" name="found_1_reg_550">
<pin_list>
<pin id="551" dir="0" index="0" bw="1" slack="1"/>
<pin id="552" dir="1" index="1" bw="1" slack="1"/>
</pin_list>
<bind>
<opset="found_1 "/>
</bind>
</comp>

<comp id="558" class="1005" name="icmp_reg_558">
<pin_list>
<pin id="559" dir="0" index="0" bw="1" slack="2"/>
<pin id="560" dir="1" index="1" bw="1" slack="2147483647"/>
</pin_list>
<bind>
<opset="icmp "/>
</bind>
</comp>

<comp id="565" class="1005" name="i_4_reg_565">
<pin_list>
<pin id="566" dir="0" index="0" bw="7" slack="0"/>
<pin id="567" dir="1" index="1" bw="7" slack="0"/>
</pin_list>
<bind>
<opset="i_4 "/>
</bind>
</comp>

<comp id="570" class="1005" name="tmp_9_reg_570">
<pin_list>
<pin id="571" dir="0" index="0" bw="32" slack="1"/>
<pin id="572" dir="1" index="1" bw="32" slack="1"/>
</pin_list>
<bind>
<opset="tmp_9 "/>
</bind>
</comp>

</comp_list>

<net_list>
<net id="102"><net_src comp="20" pin="0"/><net_sink comp="98" pin=0"/></net>

<net id="103"><net_src comp="0" pin="0"/><net_sink comp="98" pin=1"/></net>

<net id="109"><net_src comp="50" pin="0"/><net_sink comp="104" pin=0"/></net>

<net id="110"><net_src comp="8" pin="0"/><net_sink comp="104" pin=1"/></net>

<net id="111"><net_src comp="30" pin="0"/><net_sink comp="104" pin=2"/></net>

<net id="117"><net_src comp="50" pin="0"/><net_sink comp="112" pin=0"/></net>

<net id="118"><net_src comp="10" pin="0"/><net_sink comp="112" pin=1"/></net>

<net id="119"><net_src comp="30" pin="0"/><net_sink comp="112" pin=2"/></net>

<net id="125"><net_src comp="50" pin="0"/><net_sink comp="120" pin=0"/></net>

<net id="126"><net_src comp="12" pin="0"/><net_sink comp="120" pin=1"/></net>

<net id="127"><net_src comp="30" pin="0"/><net_sink comp="120" pin=2"/></net>

<net id="128"><net_src comp="52" pin="0"/><net_sink comp="112" pin=2"/></net>

<net id="134"><net_src comp="66" pin="0"/><net_sink comp="129" pin=0"/></net>

<net id="135"><net_src comp="4" pin="0"/><net_sink comp="129" pin=1"/></net>

<net id="136"><net_src comp="38" pin="0"/><net_sink comp="129" pin=2"/></net>

<net id="137"><net_src comp="38" pin="0"/><net_sink comp="104" pin=2"/></net>

<net id="142"><net_src comp="76" pin="0"/><net_sink comp="138" pin=0"/></net>

<net id="143"><net_src comp="4" pin="0"/><net_sink comp="138" pin=1"/></net>

<net id="149"><net_src comp="84" pin="0"/><net_sink comp="144" pin=0"/></net>

<net id="150"><net_src comp="6" pin="0"/><net_sink comp="144" pin=1"/></net>

<net id="156"><net_src comp="66" pin="0"/><net_sink comp="151" pin=0"/></net>

<net id="157"><net_src comp="2" pin="0"/><net_sink comp="151" pin=1"/></net>

<net id="158"><net_src comp="38" pin="0"/><net_sink comp="151" pin=2"/></net>

<net id="159"><net_src comp="38" pin="0"/><net_sink comp="112" pin=2"/></net>

<net id="164"><net_src comp="76" pin="0"/><net_sink comp="160" pin=0"/></net>

<net id="165"><net_src comp="2" pin="0"/><net_sink comp="160" pin=1"/></net>

<net id="171"><net_src comp="16" pin="0"/><net_sink comp="166" pin=0"/></net>

<net id="172"><net_src comp="64" pin="0"/><net_sink comp="166" pin=1"/></net>

<net id="177"><net_src comp="54" pin="0"/><net_sink comp="173" pin=1"/></net>

<net id="178"><net_src comp="166" pin="3"/><net_sink comp="173" pin=0"/></net>

<net id="184"><net_src comp="18" pin="0"/><net_sink comp="179" pin=0"/></net>

<net id="185"><net_src comp="64" pin="0"/><net_sink comp="179" pin=1"/></net>

<net id="190"><net_src comp="138" pin="2"/><net_sink comp="186" pin=1"/></net>

<net id="191"><net_src comp="179" pin="3"/><net_sink comp="186" pin=0"/></net>

<net id="197"><net_src comp="18" pin="0"/><net_sink comp="192" pin=0"/></net>

<net id="198"><net_src comp="64" pin="0"/><net_sink comp="192" pin=1"/></net>

<net id="199"><net_src comp="192" pin="3"/><net_sink comp="186" pin=0"/></net>

<net id="205"><net_src comp="16" pin="0"/><net_sink comp="200" pin=0"/></net>

<net id="206"><net_src comp="64" pin="0"/><net_sink comp="200" pin=1"/></net>

<net id="207"><net_src comp="200" pin="3"/><net_sink comp="173" pin=0"/></net>

<net id="213"><net_src comp="16" pin="0"/><net_sink comp="208" pin=0"/></net>

<net id="214"><net_src comp="64" pin="0"/><net_sink comp="208" pin=1"/></net>

<net id="215"><net_src comp="160" pin="2"/><net_sink comp="173" pin=1"/></net>

<net id="216"><net_src comp="208" pin="3"/><net_sink comp="173" pin=0"/></net>

<net id="220"><net_src comp="54" pin="0"/><net_sink comp="217" pin=0"/></net>

<net id="227"><net_src comp="217" pin="1"/><net_sink comp="221" pin=0"/></net>

<net id="231"><net_src comp="68" pin="0"/><net_sink comp="228" pin=0"/></net>

<net id="238"><net_src comp="228" pin="1"/><net_sink comp="232" pin=2"/></net>

<net id="242"><net_src comp="78" pin="0"/><net_sink comp="239" pin=0"/></net>

<net id="249"><net_src comp="239" pin="1"/><net_sink comp="243" pin=2"/></net>

<net id="250"><net_src comp="243" pin="4"/><net_sink comp="239" pin=0"/></net>

<net id="254"><net_src comp="54" pin="0"/><net_sink comp="251" pin=0"/></net>

<net id="261"><net_src comp="251" pin="1"/><net_sink comp="255" pin=2"/></net>

<net id="265"><net_src comp="68" pin="0"/><net_sink comp="262" pin=0"/></net>

<net id="272"><net_src comp="262" pin="1"/><net_sink comp="266" pin=0"/></net>

<net id="276"><net_src comp="86" pin="0"/><net_sink comp="273" pin=0"/></net>

<net id="283"><net_src comp="273" pin="1"/><net_sink comp="277" pin=0"/></net>

<net id="284"><net_src comp="277" pin="4"/><net_sink comp="273" pin=0"/></net>

<net id="288"><net_src comp="68" pin="0"/><net_sink comp="285" pin=0"/></net>

<net id="295"><net_src comp="285" pin="1"/><net_sink comp="289" pin=2"/></net>

<net id="299"><net_src comp="14" pin="0"/><net_sink comp="296" pin=0"/></net>

<net id="300"><net_src comp="296" pin="1"/><net_sink comp="120" pin=2"/></net>

<net id="304"><net_src comp="296" pin="1"/><net_sink comp="301" pin=0"/></net>

<net id="305"><net_src comp="301" pin="1"/><net_sink comp="120" pin=2"/></net>

<net id="310"><net_src comp="30" pin="0"/><net_sink comp="306" pin=0"/></net>

<net id="311"><net_src comp="14" pin="0"/><net_sink comp="306" pin=1"/></net>

<net id="316"><net_src comp="221" pin="4"/><net_sink comp="312" pin=0"/></net>

<net id="317"><net_src comp="56" pin="0"/><net_sink comp="312" pin=1"/></net>

<net id="322"><net_src comp="221" pin="4"/><net_sink comp="318" pin=0"/></net>

<net id="323"><net_src comp="62" pin="0"/><net_sink comp="318" pin=1"/></net>

<net id="327"><net_src comp="221" pin="4"/><net_sink comp="324" pin=0"/></net>

<net id="328"><net_src comp="324" pin="1"/><net_sink comp="166" pin=2"/></net>

<net id="333"><net_src comp="232" pin="4"/><net_sink comp="329" pin=0"/></net>

<net id="334"><net_src comp="70" pin="0"/><net_sink comp="329" pin=1"/></net>

<net id="339"><net_src comp="232" pin="4"/><net_sink comp="335" pin=0"/></net>

<net id="340"><net_src comp="74" pin="0"/><net_sink comp="335" pin=1"/></net>

<net id="344"><net_src comp="232" pin="4"/><net_sink comp="341" pin=0"/></net>

<net id="345"><net_src comp="341" pin="1"/><net_sink comp="179" pin=2"/></net>

<net id="350"><net_src comp="255" pin="4"/><net_sink comp="346" pin=0"/></net>

<net id="351"><net_src comp="56" pin="0"/><net_sink comp="346" pin=1"/></net>

<net id="356"><net_src comp="255" pin="4"/><net_sink comp="352" pin=0"/></net>

<net id="357"><net_src comp="62" pin="0"/><net_sink comp="352" pin=1"/></net>

<net id="361"><net_src comp="255" pin="4"/><net_sink comp="358" pin=0"/></net>

<net id="367"><net_src comp="80" pin="0"/><net_sink comp="362" pin=0"/></net>

<net id="368"><net_src comp="358" pin="1"/><net_sink comp="362" pin=1"/></net>

<net id="369"><net_src comp="82" pin="0"/><net_sink comp="362" pin=2"/></net>

<net id="373"><net_src comp="243" pin="4"/><net_sink comp="370" pin=0"/></net>

<net id="374"><net_src comp="370" pin="1"/><net_sink comp="144" pin=2"/></net>

<net id="378"><net_src comp="266" pin="4"/><net_sink comp="375" pin=0"/></net>

<net id="383"><net_src comp="266" pin="4"/><net_sink comp="379" pin=0"/></net>

<net id="384"><net_src comp="70" pin="0"/><net_sink comp="379" pin=1"/></net>

<net id="389"><net_src comp="266" pin="4"/><net_sink comp="385" pin=0"/></net>

<net id="390"><net_src comp="74" pin="0"/><net_sink comp="385" pin=1"/></net>

<net id="394"><net_src comp="266" pin="4"/><net_sink comp="391" pin=0"/></net>

<net id="395"><net_src comp="391" pin="1"/><net_sink comp="192" pin=2"/></net>

<net id="400"><net_src comp="375" pin="1"/><net_sink comp="396" pin=0"/></net>

<net id="404"><net_src comp="396" pin="2"/><net_sink comp="401" pin=0"/></net>

<net id="405"><net_src comp="401" pin="1"/><net_sink comp="200" pin=2"/></net>

<net id="410"><net_src comp="277" pin="4"/><net_sink comp="406" pin=0"/></net>

<net id="411"><net_src comp="239" pin="1"/><net_sink comp="406" pin=1"/></net>

<net id="416"><net_src comp="186" pin="2"/><net_sink comp="412" pin=0"/></net>

<net id="417"><net_src comp="173" pin="2"/><net_sink comp="412" pin=1"/></net>

<net id="422"><net_src comp="412" pin="2"/><net_sink comp="418" pin=0"/></net>

<net id="423"><net_src comp="273" pin="1"/><net_sink comp="418" pin=1"/></net>

<net id="430"><net_src comp="88" pin="0"/><net_sink comp="424" pin=0"/></net>

<net id="431"><net_src comp="296" pin="1"/><net_sink comp="424" pin=1"/></net>

<net id="432"><net_src comp="90" pin="0"/><net_sink comp="424" pin=2"/></net>

<net id="433"><net_src comp="92" pin="0"/><net_sink comp="424" pin=3"/></net>

<net id="438"><net_src comp="424" pin="4"/><net_sink comp="434" pin=0"/></net>

<net id="439"><net_src comp="94" pin="0"/><net_sink comp="434" pin=1"/></net>

<net id="443"><net_src comp="289" pin="4"/><net_sink comp="440" pin=0"/></net>

<net id="448"><net_src comp="289" pin="4"/><net_sink comp="444" pin=0"/></net>

<net id="449"><net_src comp="70" pin="0"/><net_sink comp="444" pin=1"/></net>

<net id="454"><net_src comp="289" pin="4"/><net_sink comp="450" pin=0"/></net>

<net id="455"><net_src comp="74" pin="0"/><net_sink comp="450" pin=1"/></net>

<net id="460"><net_src comp="296" pin="1"/><net_sink comp="456" pin=0"/></net>

<net id="461"><net_src comp="96" pin="0"/><net_sink comp="456" pin=1"/></net>

<net id="466"><net_src comp="456" pin="2"/><net_sink comp="462" pin=0"/></net>

<net id="467"><net_src comp="440" pin="1"/><net_sink comp="462" pin=1"/></net>

<net id="471"><net_src comp="462" pin="2"/><net_sink comp="468" pin=0"/></net>

<net id="472"><net_src comp="468" pin="1"/><net_sink comp="208" pin=2"/></net>

<net id="477"><net_src comp="296" pin="1"/><net_sink comp="473" pin=0"/></net>

<net id="478"><net_src comp="38" pin="0"/><net_sink comp="473" pin=1"/></net>

<net id="479"><net_src comp="473" pin="2"/><net_sink comp="120" pin=2"/></net>

<net id="484"><net_src comp="473" pin="2"/><net_sink comp="480" pin=0"/></net>

<net id="485"><net_src comp="14" pin="0"/><net_sink comp="480" pin=1"/></net>

<net id="489"><net_src comp="98" pin="2"/><net_sink comp="486" pin=0"/></net>

<net id="496"><net_src comp="318" pin="2"/><net_sink comp="493" pin=0"/></net>

<net id="497"><net_src comp="493" pin="1"/><net_sink comp="221" pin=2"/></net>

<net id="507"><net_src comp="335" pin="2"/><net_sink comp="504" pin=0"/></net>

<net id="508"><net_src comp="504" pin="1"/><net_sink comp="232" pin=0"/></net>

<net id="515"><net_src comp="352" pin="2"/><net_sink comp="512" pin=0"/></net>

<net id="516"><net_src comp="512" pin="1"/><net_sink comp="255" pin=0"/></net>

<net id="520"><net_src comp="362" pin="3"/><net_sink comp="517" pin=0"/></net>

<net id="521"><net_src comp="517" pin="1"/><net_sink comp="396" pin=1"/></net>

<net id="525"><net_src comp="370" pin="1"/><net_sink comp="522" pin=0"/></net>

<net id="526"><net_src comp="522" pin="1"/><net_sink comp="144" pin=2"/></net>

<net id="533"><net_src comp="385" pin="2"/><net_sink comp="530" pin=0"/></net>

<net id="534"><net_src comp="530" pin="1"/><net_sink comp="266" pin=2"/></net>

<net id="538"><net_src comp="192" pin="3"/><net_sink comp="535" pin=0"/></net>

<net id="539"><net_src comp="535" pin="1"/><net_sink comp="186" pin=0"/></net>

<net id="543"><net_src comp="200" pin="3"/><net_sink comp="540" pin=0"/></net>

<net id="544"><net_src comp="540" pin="1"/><net_sink comp="173" pin=0"/></net>

<net id="548"><net_src comp="406" pin="2"/><net_sink comp="545" pin=0"/></net>

<net id="549"><net_src comp="545" pin="1"/><net_sink comp="243" pin=0"/></net>

<net id="553"><net_src comp="418" pin="2"/><net_sink comp="550" pin=0"/></net>

<net id="554"><net_src comp="550" pin="1"/><net_sink comp="277" pin=2"/></net>

<net id="561"><net_src comp="434" pin="2"/><net_sink comp="558" pin=0"/></net>

<net id="568"><net_src comp="450" pin="2"/><net_sink comp="565" pin=0"/></net>

<net id="569"><net_src comp="565" pin="1"/><net_sink comp="289" pin=0"/></net>

<net id="573"><net_src comp="473" pin="2"/><net_sink comp="570" pin=0"/></net>

<net id="574"><net_src comp="570" pin="1"/><net_sink comp="120" pin=2"/></net>

</net_list>

</model> 
---------------- Datapath Model END ------------------

* FSMD analyzer results:
  - Output states:
	Port: matched_out_V | {10 }
	Port: matched_finished | {3 11 }
	Port: error_out | {3 14 15 }
	Port: contacts_size_out | {3 14 }
	Port: contacts_size | {2 13 }
	Port: contacts | {4 13 }
	Port: current_database_ite | {6 }
 - Input state : 
	Port: contact_discovery : operation | {1 }
	Port: contact_discovery : contacts_in_V | {12 13 15 }
	Port: contact_discovery : database_in_V | {5 6 }
	Port: contact_discovery : contacts_size | {2 12 13 }
	Port: contact_discovery : contacts | {8 9 }
	Port: contact_discovery : current_database_ite | {8 9 }
  - Chain level:
	State 1
	State 2
		StgValue_46 : 1
		StgValue_50 : 1
		StgValue_52 : 1
	State 3
	State 4
		exitcond : 1
		i : 1
		StgValue_74 : 2
		tmp_3 : 1
		contacts_addr : 2
		StgValue_77 : 3
	State 5
	State 6
		exitcond8 : 1
		i_2 : 1
		StgValue_88 : 2
		tmp_7 : 1
		current_database_ite : 2
		StgValue_92 : 3
	State 7
		exitcond7 : 1
		i_5 : 1
		StgValue_100 : 2
		tmp_11 : 1
		tmp_i : 2
		cast : 1
		StgValue_105 : 2
	State 8
		i_i_cast7 : 1
		exitcond_i : 1
		i_6 : 1
		StgValue_112 : 2
		tmp_i_7 : 1
		current_database_ite_1 : 2
		current_database_ite_2 : 3
		tmp_12_i : 2
		tmp_13_i : 3
		contacts_addr_2 : 4
		contacts_load : 5
		found : 1
	State 9
		tmp_14_i : 1
		found_1 : 2
	State 10
	State 11
	State 12
		tmp_2 : 1
		icmp : 2
		StgValue_137 : 3
	State 13
		i1_cast : 1
		exitcond9 : 1
		i_4 : 1
		StgValue_146 : 2
		tmp_6 : 1
		tmp_8 : 1
		tmp_s : 2
		contacts_addr_1 : 3
		StgValue_153 : 4
		tmp_9 : 1
		StgValue_157 : 2
		StgValue_158 : 2
	State 14
	State 15


============================================================
+ Verbose Summary: Datapath Resource usage 
============================================================

* Functional unit list:
|----------|------------------------|---------|---------|
| Operation|     Functional Unit    |    FF   |   LUT   |
|----------|------------------------|---------|---------|
|          |        i_fu_318        |    0    |    15   |
|          |       i_2_fu_335       |    0    |    15   |
|          |       i_5_fu_352       |    0    |    15   |
|    add   |       i_6_fu_385       |    0    |    15   |
|          |     tmp_12_i_fu_396    |    0    |    20   |
|          |       i_4_fu_450       |    0    |    15   |
|          |      tmp_8_fu_462      |    0    |    39   |
|          |      tmp_9_fu_473      |    0    |    39   |
|----------|------------------------|---------|---------|
|          |     exitcond_fu_312    |    0    |    4    |
|          |    exitcond8_fu_329    |    0    |    4    |
|          |    exitcond7_fu_346    |    0    |    4    |
|   icmp   |    exitcond_i_fu_379   |    0    |    4    |
|          |     tmp_14_i_fu_412    |    0    |    4    |
|          |       icmp_fu_434      |    0    |    13   |
|          |    exitcond9_fu_444    |    0    |    4    |
|----------|------------------------|---------|---------|
|    or    |      found_fu_406      |    0    |    2    |
|----------|------------------------|---------|---------|
|    and   |     found_1_fu_418     |    0    |    2    |
|----------|------------------------|---------|---------|
|          |     grp_read_fu_98     |    0    |    0    |
|   read   |    tmp_4_read_fu_138   |    0    |    0    |
|          |     grp_read_fu_160    |    0    |    0    |
|----------|------------------------|---------|---------|
|          |    grp_write_fu_104    |    0    |    0    |
|   write  |    grp_write_fu_112    |    0    |    0    |
|          |    grp_write_fu_120    |    0    |    0    |
|          |    grp_write_fu_144    |    0    |    0    |
|----------|------------------------|---------|---------|
| nbreadreq| tmp_1_nbreadreq_fu_129 |    0    |    0    |
|          |  tmp_nbreadreq_fu_151  |    0    |    0    |
|----------|------------------------|---------|---------|
|          |      tmp_3_fu_324      |    0    |    0    |
|          |      tmp_7_fu_341      |    0    |    0    |
|          |       cast_fu_370      |    0    |    0    |
|   zext   |    i_i_cast7_fu_375    |    0    |    0    |
|          |     tmp_i_7_fu_391     |    0    |    0    |
|          |     tmp_13_i_fu_401    |    0    |    0    |
|          |     i1_cast_fu_440     |    0    |    0    |
|----------|------------------------|---------|---------|
|   trunc  |      tmp_11_fu_358     |    0    |    0    |
|----------|------------------------|---------|---------|
|bitconcatenate|      tmp_i_fu_362      |    0    |    0    |
|----------|------------------------|---------|---------|
|partselect|      tmp_2_fu_424      |    0    |    0    |
|----------|------------------------|---------|---------|
|    shl   |      tmp_6_fu_456      |    0    |    0    |
|----------|------------------------|---------|---------|
|   sext   |      tmp_s_fu_468      |    0    |    0    |
|----------|------------------------|---------|---------|
|   Total  |                        |    0    |   214   |
|----------|------------------------|---------|---------|

Memories:
+--------------------+--------+--------+--------+
|                    |  BRAM  |   FF   |   LUT  |
+--------------------+--------+--------+--------+
|      contacts      |    4   |    0   |    0   |
|current_database_ite|    0   |   16   |    8   |
+--------------------+--------+--------+--------+
|        Total       |    4   |   16   |    8   |
+--------------------+--------+--------+--------+

* Register list:
+------------------------------+--------+
|                              |   FF   |
+------------------------------+--------+
|         cast_reg_522         |    8   |
|         comp_reg_273         |    1   |
| contact_index_assign_reg_251 |    8   |
|    contacts_addr_2_reg_540   |   13   |
|current_database_ite_1_reg_535|    6   |
|        found_1_reg_550       |    1   |
|         found_reg_545        |    1   |
|          i1_reg_285          |    7   |
|          i_1_reg_228         |    7   |
|          i_2_reg_504         |    7   |
|          i_3_reg_217         |    8   |
|          i_4_reg_565         |    7   |
|          i_5_reg_512         |    8   |
|          i_6_reg_530         |    7   |
|          i_i_reg_262         |    7   |
|           i_reg_493          |    8   |
|         icmp_reg_558         |    1   |
|    operation_read_reg_486    |   32   |
|            reg_301           |   32   |
|        tmp_10_reg_239        |    1   |
|         tmp_9_reg_570        |   32   |
|         tmp_i_reg_517        |   13   |
+------------------------------+--------+
|             Total            |   215  |
+------------------------------+--------+

* Multiplexer (MUX) list: 
|-------------------|------|------|------|--------||---------||---------|
|        Comp       |  Pin | Size |  BW  | S x BW ||  Delay  ||   LUT   |
|-------------------|------|------|------|--------||---------||---------|
|  grp_write_fu_104 |  p2  |   2  |   1  |    2   |
|  grp_write_fu_112 |  p2  |   3  |   3  |    9   |
|  grp_write_fu_120 |  p2  |   5  |  32  |   160  ||    27   |
|  grp_write_fu_144 |  p2  |   2  |   1  |    2   ||    9    |
| grp_access_fu_173 |  p0  |   4  |  13  |   52   ||    21   |
| grp_access_fu_173 |  p1  |   2  |   8  |   16   ||    9    |
| grp_access_fu_186 |  p0  |   3  |   6  |   18   ||    15   |
|   tmp_10_reg_239  |  p0  |   2  |   1  |    2   ||    9    |
|    comp_reg_273   |  p0  |   2  |   1  |    2   ||    9    |
|-------------------|------|------|------|--------||---------||---------|
|       Total       |      |      |      |   263  || 9.80325 ||    99   |
|-------------------|------|------|------|--------||---------||---------|



* Summary:
+-----------+--------+--------+--------+--------+
|           |  BRAM  |  Delay |   FF   |   LUT  |
+-----------+--------+--------+--------+--------+
|  Function |    -   |    -   |    0   |   214  |
|   Memory  |    4   |    -   |   16   |    8   |
|Multiplexer|    -   |    9   |    -   |   99   |
|  Register |    -   |    -   |   215  |    -   |
+-----------+--------+--------+--------+--------+
|   Total   |    4   |    9   |   231  |   321  |
+-----------+--------+--------+--------+--------+
