

================================================================
== Vivado HLS Report for 'contact_discovery'
================================================================
* Date:           Thu Mar 29 20:59:26 2018

* Version:        2017.1 (Build 1846317 on Fri Apr 14 19:19:38 MDT 2017)
* Project:        contact_discovery_hls_2017.1
* Solution:       solution1
* Product family: zynquplus
* Target device:  xczu9eg-ffvb1156-1-i


================================================================
== Performance Estimates
================================================================
+ Timing (ns): 
    * Summary: 
    +--------+-------+----------+------------+
    |  Clock | Target| Estimated| Uncertainty|
    +--------+-------+----------+------------+
    |ap_clk  |  10.00|      2.93|        1.25|
    +--------+-------+----------+------------+

+ Latency (clock cycles): 
    * Summary: 
    +-----+-----+-----+-----+---------+
    |  Latency  |  Interval | Pipeline|
    | min | max | min | max |   Type  |
    +-----+-----+-----+-----+---------+
    |    ?|    ?|    ?|    ?|   none  |
    +-----+-----+-----+-----+---------+

    + Detail: 
        * Instance: 
        N/A

        * Loop: 
        +-----------------+-------+-------+----------+-----------+-----------+------+----------+
        |                 |    Latency    | Iteration|  Initiation Interval  | Trip |          |
        |    Loop Name    |  min  |  max  |  Latency |  achieved |   target  | Count| Pipelined|
        +-----------------+-------+-------+----------+-----------+-----------+------+----------+
        |- Loop 1         |      ?|      ?|  3 ~ 67  |          -|          -|     ?|    no    |
        | + Loop 1.1      |     64|     64|         1|          -|          -|    64|    no    |
        |- Loop 2         |      ?|      ?|     16708|          -|          -|     ?|    no    |
        | + Loop 2.1      |     64|     64|         1|          -|          -|    64|    no    |
        | + Loop 2.2      |  16640|  16640|       130|          -|          -|   128|    no    |
        |  ++ Loop 2.2.1  |    128|    128|         2|          -|          -|    64|    no    |
        |- Loop 3         |    128|    128|         1|          -|          -|   128|    no    |
        +-----------------+-------+-------+----------+-----------+-----------+------+----------+

============================================================
+ Verbose Summary: Synthesis Manager
============================================================
InlineROM: 1
ExposeGlobal: 0
============================================================
+ Verbose Summary: CDFG Model
============================================================
IsTopModel: 1
ResetActiveHigh: 1
IsCombinational: 0
IsDatapathOnly: 0
HasWiredReturn: 1
HasMFsm: 0
HasVarLatency: 1
IsPipeline: 0
IsRtlPipelined: 0
IsInstanceOverlapped: 0
IsDontTouch: 0
HasImplIP: 0
IsGatedGlobalClock: 0


============================================================
+ Verbose Summary: Schedule
============================================================
* Number of FSM states: 15
* Pipeline: 0
* Dataflow Pipeline: 0

* FSM state transitions: 
1 --> 
	2  / true
2 --> 
	3  / true
3 --> 
	4  / (operation_read == 2)
	5  / (operation_read == 1)
	12  / (operation_read == 0)
	11  / (operation_read != 0 & operation_read != 1 & operation_read != 2)
4 --> 
	4  / (!exitcond)
	11  / (exitcond)
5 --> 
	11  / (!tmp_1)
	6  / (tmp_1)
6 --> 
	6  / (!exitcond8)
	7  / (exitcond8)
7 --> 
	10  / (exitcond7)
	8  / (!exitcond7)
8 --> 
	9  / (!exitcond_i)
	7  / (exitcond_i)
9 --> 
	8  / true
10 --> 
	5  / true
11 --> 
12 --> 
	15  / (tmp & icmp)
	13  / (tmp & !icmp)
	11  / (!tmp)
13 --> 
	14  / (exitcond9)
	13  / (!exitcond9)
14 --> 
	12  / true
15 --> 
	14  / true
* FSM state operations: 

 <State 1>: 0.00ns
ST_1: operation_read (19)  [2/2] 0.00ns
:8  %operation_read = call i32 @_ssdm_op_Read.ap_vld.i32(i32 %operation)


 <State 2>: 0.76ns
ST_2: StgValue_17 (11)  [1/1] 0.00ns
:0  call void (...)* @_ssdm_op_SpecBitsMap(i32 %operation), !map !28

ST_2: StgValue_18 (12)  [1/1] 0.00ns
:1  call void (...)* @_ssdm_op_SpecBitsMap(i8* %contacts_in_V), !map !34

ST_2: StgValue_19 (13)  [1/1] 0.00ns
:2  call void (...)* @_ssdm_op_SpecBitsMap(i8* %database_in_V), !map !40

ST_2: StgValue_20 (14)  [1/1] 0.00ns
:3  call void (...)* @_ssdm_op_SpecBitsMap(i8* %matched_out_V), !map !44

ST_2: StgValue_21 (15)  [1/1] 0.00ns
:4  call void (...)* @_ssdm_op_SpecBitsMap(i32* %matched_finished), !map !48

ST_2: StgValue_22 (16)  [1/1] 0.00ns
:5  call void (...)* @_ssdm_op_SpecBitsMap(i32* %error_out), !map !52

ST_2: StgValue_23 (17)  [1/1] 0.00ns
:6  call void (...)* @_ssdm_op_SpecBitsMap(i32* %contacts_size_out), !map !56

ST_2: StgValue_24 (18)  [1/1] 0.00ns
:7  call void (...)* @_ssdm_op_SpecTopModule([18 x i8]* @contact_discovery_st) nounwind

ST_2: operation_read (19)  [1/2] 0.00ns
:8  %operation_read = call i32 @_ssdm_op_Read.ap_vld.i32(i32 %operation)

ST_2: StgValue_26 (20)  [1/1] 0.00ns  loc: contact_discovery/src/contact_discovery.cpp:38
:9  call void (...)* @_ssdm_op_SpecInterface(i32 0, [10 x i8]* @p_str, i32 0, i32 0, [1 x i8]* @p_str1, i32 0, i32 0, [1 x i8]* @p_str1, [1 x i8]* @p_str1, [1 x i8]* @p_str1, i32 0, i32 0, i32 0, i32 0, [1 x i8]* @p_str1, [1 x i8]* @p_str1) nounwind

ST_2: StgValue_27 (21)  [1/1] 0.00ns  loc: contact_discovery/src/contact_discovery.cpp:39
:10  call void (...)* @_ssdm_op_SpecInterface(i8* %matched_out_V, [5 x i8]* @p_str2, i32 1, i32 1, [5 x i8]* @p_str3, i32 0, i32 0, [1 x i8]* @p_str1, [1 x i8]* @p_str1, [1 x i8]* @p_str1, i32 0, i32 0, i32 0, i32 0, [1 x i8]* @p_str1, [1 x i8]* @p_str1)

ST_2: StgValue_28 (22)  [1/1] 0.00ns  loc: contact_discovery/src/contact_discovery.cpp:40
:11  call void (...)* @_ssdm_op_SpecInterface(i8* %database_in_V, [5 x i8]* @p_str2, i32 1, i32 1, [5 x i8]* @p_str3, i32 0, i32 0, [1 x i8]* @p_str1, [1 x i8]* @p_str1, [1 x i8]* @p_str1, i32 0, i32 0, i32 0, i32 0, [1 x i8]* @p_str1, [1 x i8]* @p_str1) nounwind

ST_2: StgValue_29 (23)  [1/1] 0.00ns  loc: contact_discovery/src/contact_discovery.cpp:41
:12  call void (...)* @_ssdm_op_SpecInterface(i8* %contacts_in_V, [5 x i8]* @p_str2, i32 1, i32 1, [5 x i8]* @p_str3, i32 0, i32 0, [1 x i8]* @p_str1, [1 x i8]* @p_str1, [1 x i8]* @p_str1, i32 0, i32 0, i32 0, i32 0, [1 x i8]* @p_str1, [1 x i8]* @p_str1) nounwind

ST_2: StgValue_30 (24)  [1/1] 0.00ns  loc: contact_discovery/src/contact_discovery.cpp:42
:13  call void (...)* @_ssdm_op_SpecInterface(i32 %operation, [7 x i8]* @p_str4, i32 1, i32 1, [1 x i8]* @p_str1, i32 0, i32 0, [1 x i8]* @p_str1, [1 x i8]* @p_str1, [1 x i8]* @p_str1, i32 0, i32 0, i32 0, i32 0, [1 x i8]* @p_str1, [1 x i8]* @p_str1) nounwind

ST_2: StgValue_31 (25)  [1/1] 0.00ns  loc: contact_discovery/src/contact_discovery.cpp:43
:14  call void (...)* @_ssdm_op_SpecInterface(i32* %matched_finished, [8 x i8]* @p_str5, i32 1, i32 1, [1 x i8]* @p_str1, i32 0, i32 0, [1 x i8]* @p_str1, [1 x i8]* @p_str1, [1 x i8]* @p_str1, i32 0, i32 0, i32 0, i32 0, [1 x i8]* @p_str1, [1 x i8]* @p_str1) nounwind

ST_2: StgValue_32 (26)  [1/1] 0.00ns  loc: contact_discovery/src/contact_discovery.cpp:44
:15  call void (...)* @_ssdm_op_SpecInterface(i32* %contacts_size_out, [8 x i8]* @p_str5, i32 1, i32 1, [1 x i8]* @p_str1, i32 0, i32 0, [1 x i8]* @p_str1, [1 x i8]* @p_str1, [1 x i8]* @p_str1, i32 0, i32 0, i32 0, i32 0, [1 x i8]* @p_str1, [1 x i8]* @p_str1) nounwind

ST_2: StgValue_33 (27)  [1/1] 0.00ns  loc: contact_discovery/src/contact_discovery.cpp:45
:16  call void (...)* @_ssdm_op_SpecInterface(i32* %contacts_size_out, [10 x i8]* @p_str, i32 0, i32 0, [1 x i8]* @p_str1, i32 0, i32 0, [1 x i8]* @p_str1, [1 x i8]* @p_str1, [1 x i8]* @p_str1, i32 0, i32 0, i32 0, i32 0, [1 x i8]* @p_str1, [1 x i8]* @p_str1) nounwind

ST_2: StgValue_34 (28)  [1/1] 0.00ns  loc: contact_discovery/src/contact_discovery.cpp:46
:17  call void (...)* @_ssdm_op_SpecInterface(i32* %error_out, [8 x i8]* @p_str5, i32 1, i32 1, [1 x i8]* @p_str1, i32 0, i32 0, [1 x i8]* @p_str1, [1 x i8]* @p_str1, [1 x i8]* @p_str1, i32 0, i32 0, i32 0, i32 0, [1 x i8]* @p_str1, [1 x i8]* @p_str1) nounwind

ST_2: StgValue_35 (29)  [1/1] 0.00ns  loc: contact_discovery/src/contact_discovery.cpp:47
:18  call void (...)* @_ssdm_op_SpecInterface(i32* %matched_finished, [10 x i8]* @p_str, i32 0, i32 0, [1 x i8]* @p_str1, i32 0, i32 0, [1 x i8]* @p_str1, [1 x i8]* @p_str1, [1 x i8]* @p_str1, i32 0, i32 0, i32 0, i32 0, [1 x i8]* @p_str1, [1 x i8]* @p_str1) nounwind

ST_2: StgValue_36 (30)  [1/1] 0.00ns  loc: contact_discovery/src/contact_discovery.cpp:48
:19  call void (...)* @_ssdm_op_SpecInterface(i32* %error_out, [10 x i8]* @p_str, i32 0, i32 0, [1 x i8]* @p_str1, i32 0, i32 0, [1 x i8]* @p_str1, [1 x i8]* @p_str1, [1 x i8]* @p_str1, i32 0, i32 0, i32 0, i32 0, [1 x i8]* @p_str1, [1 x i8]* @p_str1) nounwind

ST_2: StgValue_37 (31)  [1/1] 0.00ns  loc: contact_discovery/src/contact_discovery.cpp:49
:20  call void (...)* @_ssdm_op_SpecInterface(i32 %operation, [10 x i8]* @p_str, i32 0, i32 0, [1 x i8]* @p_str1, i32 0, i32 0, [1 x i8]* @p_str1, [1 x i8]* @p_str1, [1 x i8]* @p_str1, i32 0, i32 0, i32 0, i32 0, [1 x i8]* @p_str1, [1 x i8]* @p_str1) nounwind

ST_2: StgValue_38 (32)  [1/1] 0.00ns  loc: contact_discovery/src/contact_discovery.cpp:50
:21  call void (...)* @_ssdm_op_SpecInterface(i32 0, [11 x i8]* @p_str6, i32 0, i32 0, [1 x i8]* @p_str1, i32 0, i32 0, [1 x i8]* @p_str1, [1 x i8]* @p_str1, [1 x i8]* @p_str1, i32 0, i32 0, i32 0, i32 0, [1 x i8]* @p_str1, [1 x i8]* @p_str1) nounwind

ST_2: StgValue_39 (33)  [1/1] 0.52ns  loc: contact_discovery/src/contact_discovery.cpp:56
:22  switch i32 %operation_read, label %19 [
    i32 0, label %1
    i32 1, label %8
    i32 2, label %16
  ]

ST_2: StgValue_40 (35)  [2/2] 0.00ns  loc: contact_discovery/src/contact_discovery.cpp:96
:0  call void @_ssdm_op_Write.ap_none.i32P(i32* %matched_finished, i32 0)

ST_2: StgValue_41 (36)  [2/2] 0.00ns  loc: contact_discovery/src/contact_discovery.cpp:97
:1  call void @_ssdm_op_Write.ap_none.i32P(i32* %error_out, i32 0)

ST_2: StgValue_42 (37)  [1/1] 0.76ns  loc: contact_discovery/src/contact_discovery.cpp:99
:2  store i32 0, i32* @contacts_size, align 4

ST_2: StgValue_43 (38)  [2/2] 0.00ns  loc: contact_discovery/src/contact_discovery.cpp:101
:3  call void @_ssdm_op_Write.ap_none.i32P(i32* %contacts_size_out, i32 0)

ST_2: StgValue_44 (54)  [2/2] 0.00ns  loc: contact_discovery/src/contact_discovery.cpp:79
:0  call void @_ssdm_op_Write.ap_none.i32P(i32* %error_out, i32 0)

ST_2: contacts_size_load_2 (55)  [1/1] 0.00ns  loc: contact_discovery/src/contact_discovery.cpp:80
:1  %contacts_size_load_2 = load i32* @contacts_size, align 4

ST_2: StgValue_46 (56)  [2/2] 0.00ns  loc: contact_discovery/src/contact_discovery.cpp:80
:2  call void @_ssdm_op_Write.ap_none.i32P(i32* %contacts_size_out, i32 %contacts_size_load_2)

ST_2: StgValue_47 (118)  [2/2] 0.00ns  loc: contact_discovery/src/contact_discovery.cpp:59
:0  call void @_ssdm_op_Write.ap_none.i32P(i32* %matched_finished, i32 0)

ST_2: StgValue_48 (119)  [2/2] 0.00ns  loc: contact_discovery/src/contact_discovery.cpp:60
:1  call void @_ssdm_op_Write.ap_none.i32P(i32* %error_out, i32 0)

ST_2: contacts_size_load_1 (120)  [1/1] 0.00ns  loc: contact_discovery/src/contact_discovery.cpp:61
:2  %contacts_size_load_1 = load i32* @contacts_size, align 4

ST_2: StgValue_50 (121)  [2/2] 0.00ns  loc: contact_discovery/src/contact_discovery.cpp:61
:3  call void @_ssdm_op_Write.ap_none.i32P(i32* %contacts_size_out, i32 %contacts_size_load_1)

ST_2: contacts_size_load (165)  [1/1] 0.00ns  loc: contact_discovery/src/contact_discovery.cpp:108
:0  %contacts_size_load = load i32* @contacts_size, align 4

ST_2: StgValue_52 (166)  [2/2] 0.00ns  loc: contact_discovery/src/contact_discovery.cpp:108
:1  call void @_ssdm_op_Write.ap_none.i32P(i32* %contacts_size_out, i32 %contacts_size_load)

ST_2: StgValue_53 (167)  [2/2] 0.00ns  loc: contact_discovery/src/contact_discovery.cpp:109
:2  call void @_ssdm_op_Write.ap_none.i32P(i32* %matched_finished, i32 0)

ST_2: StgValue_54 (168)  [2/2] 0.00ns  loc: contact_discovery/src/contact_discovery.cpp:110
:3  call void @_ssdm_op_Write.ap_none.i32P(i32* %error_out, i32 3)


 <State 3>: 0.76ns
ST_3: StgValue_55 (35)  [1/2] 0.00ns  loc: contact_discovery/src/contact_discovery.cpp:96
:0  call void @_ssdm_op_Write.ap_none.i32P(i32* %matched_finished, i32 0)

ST_3: StgValue_56 (36)  [1/2] 0.00ns  loc: contact_discovery/src/contact_discovery.cpp:97
:1  call void @_ssdm_op_Write.ap_none.i32P(i32* %error_out, i32 0)

ST_3: StgValue_57 (38)  [1/2] 0.00ns  loc: contact_discovery/src/contact_discovery.cpp:101
:3  call void @_ssdm_op_Write.ap_none.i32P(i32* %contacts_size_out, i32 0)

ST_3: StgValue_58 (39)  [1/1] 0.76ns  loc: contact_discovery/src/contact_discovery.cpp:102
:4  br label %17

ST_3: StgValue_59 (54)  [1/2] 0.00ns  loc: contact_discovery/src/contact_discovery.cpp:79
:0  call void @_ssdm_op_Write.ap_none.i32P(i32* %error_out, i32 0)

ST_3: StgValue_60 (56)  [1/2] 0.00ns  loc: contact_discovery/src/contact_discovery.cpp:80
:2  call void @_ssdm_op_Write.ap_none.i32P(i32* %contacts_size_out, i32 %contacts_size_load_2)

ST_3: StgValue_61 (57)  [1/1] 0.00ns  loc: contact_discovery/src/contact_discovery.cpp:81
:3  br label %9

ST_3: StgValue_62 (118)  [1/2] 0.00ns  loc: contact_discovery/src/contact_discovery.cpp:59
:0  call void @_ssdm_op_Write.ap_none.i32P(i32* %matched_finished, i32 0)

ST_3: StgValue_63 (119)  [1/2] 0.00ns  loc: contact_discovery/src/contact_discovery.cpp:60
:1  call void @_ssdm_op_Write.ap_none.i32P(i32* %error_out, i32 0)

ST_3: StgValue_64 (121)  [1/2] 0.00ns  loc: contact_discovery/src/contact_discovery.cpp:61
:3  call void @_ssdm_op_Write.ap_none.i32P(i32* %contacts_size_out, i32 %contacts_size_load_1)

ST_3: StgValue_65 (122)  [1/1] 0.00ns  loc: contact_discovery/src/contact_discovery.cpp:62
:4  br label %2

ST_3: StgValue_66 (166)  [1/2] 0.00ns  loc: contact_discovery/src/contact_discovery.cpp:108
:1  call void @_ssdm_op_Write.ap_none.i32P(i32* %contacts_size_out, i32 %contacts_size_load)

ST_3: StgValue_67 (167)  [1/2] 0.00ns  loc: contact_discovery/src/contact_discovery.cpp:109
:2  call void @_ssdm_op_Write.ap_none.i32P(i32* %matched_finished, i32 0)

ST_3: StgValue_68 (168)  [1/2] 0.00ns  loc: contact_discovery/src/contact_discovery.cpp:110
:3  call void @_ssdm_op_Write.ap_none.i32P(i32* %error_out, i32 3)

ST_3: StgValue_69 (169)  [1/1] 0.00ns  loc: contact_discovery/src/contact_discovery.cpp:111
:4  br label %.loopexit


 <State 4>: 1.35ns
ST_4: i_3 (41)  [1/1] 0.00ns
:0  %i_3 = phi i8 [ 0, %16 ], [ %i, %18 ]

ST_4: exitcond (42)  [1/1] 0.66ns  loc: contact_discovery/src/contact_discovery.cpp:102
:1  %exitcond = icmp eq i8 %i_3, -128

ST_4: empty_8 (43)  [1/1] 0.00ns
:2  %empty_8 = call i32 (...)* @_ssdm_op_SpecLoopTripCount(i64 128, i64 128, i64 128)

ST_4: i (44)  [1/1] 1.28ns  loc: contact_discovery/src/contact_discovery.cpp:102
:3  %i = add i8 %i_3, 1

ST_4: StgValue_74 (45)  [1/1] 0.00ns  loc: contact_discovery/src/contact_discovery.cpp:102
:4  br i1 %exitcond, label %.loopexit.loopexit, label %18

ST_4: tmp_3 (47)  [1/1] 0.00ns  loc: contact_discovery/src/contact_discovery.cpp:103
:0  %tmp_3 = zext i8 %i_3 to i64

ST_4: contacts_addr (48)  [1/1] 0.00ns  loc: contact_discovery/src/contact_discovery.cpp:103
:1  %contacts_addr = getelementptr inbounds [8192 x i8]* @contacts, i64 0, i64 %tmp_3

ST_4: StgValue_77 (49)  [1/1] 1.35ns  loc: contact_discovery/src/contact_discovery.cpp:103
:2  store i8 0, i8* %contacts_addr, align 1

ST_4: StgValue_78 (50)  [1/1] 0.00ns  loc: contact_discovery/src/contact_discovery.cpp:102
:3  br label %17

ST_4: StgValue_79 (52)  [1/1] 0.00ns
.loopexit.loopexit:0  br label %.loopexit


 <State 5>: 0.76ns
ST_5: tmp_1 (59)  [1/1] 0.00ns  loc: contact_discovery/src/contact_discovery.cpp:81
:0  %tmp_1 = call i1 @_ssdm_op_NbReadReq.axis.i8P(i8* %database_in_V, i32 1)

ST_5: StgValue_81 (60)  [1/1] 0.00ns  loc: contact_discovery/src/contact_discovery.cpp:81
:1  br i1 %tmp_1, label %.preheader10.preheader, label %15

ST_5: StgValue_82 (62)  [1/1] 0.76ns  loc: contact_discovery/src/contact_discovery.cpp:83
.preheader10.preheader:0  br label %.preheader10

ST_5: StgValue_83 (115)  [2/2] 0.00ns  loc: contact_discovery/src/contact_discovery.cpp:92
:0  call void @_ssdm_op_Write.ap_none.i32P(i32* %matched_finished, i32 1)


 <State 6>: 1.27ns
ST_6: i_1 (64)  [1/1] 0.00ns
.preheader10:0  %i_1 = phi i7 [ %i_2, %10 ], [ 0, %.preheader10.preheader ]

ST_6: exitcond8 (65)  [1/1] 0.66ns  loc: contact_discovery/src/contact_discovery.cpp:83
.preheader10:1  %exitcond8 = icmp eq i7 %i_1, -64

ST_6: empty_4 (66)  [1/1] 0.00ns
.preheader10:2  %empty_4 = call i32 (...)* @_ssdm_op_SpecLoopTripCount(i64 64, i64 64, i64 64)

ST_6: i_2 (67)  [1/1] 1.27ns  loc: contact_discovery/src/contact_discovery.cpp:83
.preheader10:3  %i_2 = add i7 %i_1, 1

ST_6: StgValue_88 (68)  [1/1] 0.00ns  loc: contact_discovery/src/contact_discovery.cpp:83
.preheader10:4  br i1 %exitcond8, label %.preheader.preheader, label %10

ST_6: tmp_4 (70)  [1/1] 0.00ns  loc: contact_discovery/src/contact_discovery.cpp:84
:0  %tmp_4 = call i8 @_ssdm_op_Read.axis.volatile.i8P(i8* %database_in_V)

ST_6: tmp_7 (71)  [1/1] 0.00ns  loc: contact_discovery/src/contact_discovery.cpp:84
:1  %tmp_7 = zext i7 %i_1 to i64

ST_6: current_database_ite (72)  [1/1] 0.00ns  loc: contact_discovery/src/contact_discovery.cpp:84
:2  %current_database_ite = getelementptr inbounds [64 x i8]* @current_database_ite, i64 0, i64 %tmp_7

ST_6: StgValue_92 (73)  [1/1] 0.79ns  loc: contact_discovery/src/contact_discovery.cpp:84
:3  store i8 %tmp_4, i8* %current_database_ite, align 1

ST_6: StgValue_93 (74)  [1/1] 0.00ns  loc: contact_discovery/src/contact_discovery.cpp:83
:4  br label %.preheader10

ST_6: StgValue_94 (76)  [1/1] 0.76ns  loc: contact_discovery/src/contact_discovery.cpp:86
.preheader.preheader:0  br label %.preheader


 <State 7>: 1.28ns
ST_7: tmp_10 (78)  [1/1] 0.00ns
.preheader:0  %tmp_10 = phi i1 [ %found, %compare.exit ], [ false, %.preheader.preheader ]

ST_7: contact_index_assign (79)  [1/1] 0.00ns
.preheader:1  %contact_index_assign = phi i8 [ %i_5, %compare.exit ], [ 0, %.preheader.preheader ]

ST_7: exitcond7 (80)  [1/1] 0.66ns  loc: contact_discovery/src/contact_discovery.cpp:86
.preheader:2  %exitcond7 = icmp eq i8 %contact_index_assign, -128

ST_7: empty_5 (81)  [1/1] 0.00ns
.preheader:3  %empty_5 = call i32 (...)* @_ssdm_op_SpecLoopTripCount(i64 128, i64 128, i64 128)

ST_7: i_5 (82)  [1/1] 1.28ns  loc: contact_discovery/src/contact_discovery.cpp:86
.preheader:4  %i_5 = add i8 %contact_index_assign, 1

ST_7: StgValue_100 (83)  [1/1] 0.00ns  loc: contact_discovery/src/contact_discovery.cpp:86
.preheader:5  br i1 %exitcond7, label %14, label %11

ST_7: tmp_11 (85)  [1/1] 0.00ns  loc: contact_discovery/src/contact_discovery.cpp:86
:0  %tmp_11 = trunc i8 %contact_index_assign to i7

ST_7: tmp_i (86)  [1/1] 0.00ns  loc: contact_discovery/src/contact_discovery.cpp:24->contact_discovery/src/contact_discovery.cpp:87
:1  %tmp_i = call i13 @_ssdm_op_BitConcatenate.i13.i7.i6(i7 %tmp_11, i6 0)

ST_7: StgValue_103 (87)  [1/1] 0.76ns  loc: contact_discovery/src/contact_discovery.cpp:23->contact_discovery/src/contact_discovery.cpp:87
:2  br label %12

ST_7: cast (111)  [1/1] 0.00ns  loc: contact_discovery/src/contact_discovery.cpp:88
:0  %cast = zext i1 %tmp_10 to i8

ST_7: StgValue_105 (112)  [2/2] 0.00ns  loc: contact_discovery/src/contact_discovery.cpp:90
:1  call void @_ssdm_op_Write.axis.volatile.i8P(i8* %matched_out_V, i8 %cast)


 <State 8>: 2.70ns
ST_8: i_i (89)  [1/1] 0.00ns
:0  %i_i = phi i7 [ 0, %11 ], [ %i_6, %13 ]

ST_8: comp (90)  [1/1] 0.00ns
:1  %comp = phi i1 [ true, %11 ], [ %found_1, %13 ]

ST_8: i_i_cast7 (91)  [1/1] 0.00ns  loc: contact_discovery/src/contact_discovery.cpp:23->contact_discovery/src/contact_discovery.cpp:87
:2  %i_i_cast7 = zext i7 %i_i to i13

ST_8: exitcond_i (92)  [1/1] 0.66ns  loc: contact_discovery/src/contact_discovery.cpp:23->contact_discovery/src/contact_discovery.cpp:87
:3  %exitcond_i = icmp eq i7 %i_i, -64

ST_8: empty_6 (93)  [1/1] 0.00ns
:4  %empty_6 = call i32 (...)* @_ssdm_op_SpecLoopTripCount(i64 64, i64 64, i64 64) nounwind

ST_8: i_6 (94)  [1/1] 1.27ns  loc: contact_discovery/src/contact_discovery.cpp:23->contact_discovery/src/contact_discovery.cpp:87
:5  %i_6 = add i7 %i_i, 1

ST_8: StgValue_112 (95)  [1/1] 0.00ns  loc: contact_discovery/src/contact_discovery.cpp:23->contact_discovery/src/contact_discovery.cpp:87
:6  br i1 %exitcond_i, label %compare.exit, label %13

ST_8: tmp_i_7 (97)  [1/1] 0.00ns  loc: contact_discovery/src/contact_discovery.cpp:24->contact_discovery/src/contact_discovery.cpp:87
:0  %tmp_i_7 = zext i7 %i_i to i64

ST_8: current_database_ite_1 (98)  [1/1] 0.00ns  loc: contact_discovery/src/contact_discovery.cpp:24->contact_discovery/src/contact_discovery.cpp:87
:1  %current_database_ite_1 = getelementptr inbounds [64 x i8]* @current_database_ite, i64 0, i64 %tmp_i_7

ST_8: current_database_ite_2 (99)  [2/2] 0.79ns  loc: contact_discovery/src/contact_discovery.cpp:24->contact_discovery/src/contact_discovery.cpp:87
:2  %current_database_ite_2 = load i8* %current_database_ite_1, align 1

ST_8: tmp_12_i (100)  [1/1] 1.35ns  loc: contact_discovery/src/contact_discovery.cpp:24->contact_discovery/src/contact_discovery.cpp:87
:3  %tmp_12_i = add i13 %i_i_cast7, %tmp_i

ST_8: tmp_13_i (101)  [1/1] 0.00ns  loc: contact_discovery/src/contact_discovery.cpp:24->contact_discovery/src/contact_discovery.cpp:87
:4  %tmp_13_i = zext i13 %tmp_12_i to i64

ST_8: contacts_addr_2 (102)  [1/1] 0.00ns  loc: contact_discovery/src/contact_discovery.cpp:24->contact_discovery/src/contact_discovery.cpp:87
:5  %contacts_addr_2 = getelementptr inbounds [8192 x i8]* @contacts, i64 0, i64 %tmp_13_i

ST_8: contacts_load (103)  [2/2] 1.35ns  loc: contact_discovery/src/contact_discovery.cpp:24->contact_discovery/src/contact_discovery.cpp:87
:6  %contacts_load = load i8* %contacts_addr_2, align 1

ST_8: found (108)  [1/1] 0.06ns  loc: contact_discovery/src/contact_discovery.cpp:88
compare.exit:0  %found = or i1 %comp, %tmp_10

ST_8: StgValue_121 (109)  [1/1] 0.00ns  loc: contact_discovery/src/contact_discovery.cpp:86
compare.exit:1  br label %.preheader


 <State 9>: 2.08ns
ST_9: current_database_ite_2 (99)  [1/2] 0.79ns  loc: contact_discovery/src/contact_discovery.cpp:24->contact_discovery/src/contact_discovery.cpp:87
:2  %current_database_ite_2 = load i8* %current_database_ite_1, align 1

ST_9: contacts_load (103)  [1/2] 1.35ns  loc: contact_discovery/src/contact_discovery.cpp:24->contact_discovery/src/contact_discovery.cpp:87
:6  %contacts_load = load i8* %contacts_addr_2, align 1

ST_9: tmp_14_i (104)  [1/1] 0.66ns  loc: contact_discovery/src/contact_discovery.cpp:24->contact_discovery/src/contact_discovery.cpp:87
:7  %tmp_14_i = icmp eq i8 %current_database_ite_2, %contacts_load

ST_9: found_1 (105)  [1/1] 0.06ns  loc: contact_discovery/src/contact_discovery.cpp:24->contact_discovery/src/contact_discovery.cpp:87
:8  %found_1 = and i1 %tmp_14_i, %comp

ST_9: StgValue_126 (106)  [1/1] 0.00ns  loc: contact_discovery/src/contact_discovery.cpp:23->contact_discovery/src/contact_discovery.cpp:87
:9  br label %12


 <State 10>: 0.00ns
ST_10: StgValue_127 (112)  [1/2] 0.00ns  loc: contact_discovery/src/contact_discovery.cpp:90
:1  call void @_ssdm_op_Write.axis.volatile.i8P(i8* %matched_out_V, i8 %cast)

ST_10: StgValue_128 (113)  [1/1] 0.00ns  loc: contact_discovery/src/contact_discovery.cpp:91
:2  br label %9


 <State 11>: 0.00ns
ST_11: StgValue_129 (115)  [1/2] 0.00ns  loc: contact_discovery/src/contact_discovery.cpp:92
:0  call void @_ssdm_op_Write.ap_none.i32P(i32* %matched_finished, i32 1)

ST_11: StgValue_130 (116)  [1/1] 0.00ns  loc: contact_discovery/src/contact_discovery.cpp:93
:1  br label %.loopexit

ST_11: StgValue_131 (171)  [1/1] 0.00ns  loc: contact_discovery/src/contact_discovery.cpp:113
.loopexit:0  ret void


 <State 12>: 0.76ns
ST_12: tmp (124)  [1/1] 0.00ns  loc: contact_discovery/src/contact_discovery.cpp:62
:0  %tmp = call i1 @_ssdm_op_NbReadReq.axis.i8P(i8* %contacts_in_V, i32 1)

ST_12: StgValue_133 (125)  [1/1] 0.00ns  loc: contact_discovery/src/contact_discovery.cpp:62
:1  br i1 %tmp, label %3, label %.loopexit.loopexit5

ST_12: contacts_size_load_3 (127)  [1/1] 0.00ns  loc: contact_discovery/src/contact_discovery.cpp:63
:0  %contacts_size_load_3 = load i32* @contacts_size, align 4

ST_12: tmp_2 (128)  [1/1] 0.00ns  loc: contact_discovery/src/contact_discovery.cpp:63
:1  %tmp_2 = call i25 @_ssdm_op_PartSelect.i25.i32.i32.i32(i32 %contacts_size_load_3, i32 7, i32 31)

ST_12: icmp (129)  [1/1] 0.76ns  loc: contact_discovery/src/contact_discovery.cpp:63
:2  %icmp = icmp sgt i25 %tmp_2, 0

ST_12: StgValue_137 (130)  [1/1] 0.00ns  loc: contact_discovery/src/contact_discovery.cpp:63
:3  br i1 %icmp, label %4, label %.preheader11.preheader

ST_12: StgValue_138 (132)  [1/1] 0.76ns  loc: contact_discovery/src/contact_discovery.cpp:67
.preheader11.preheader:0  br label %.preheader11

ST_12: StgValue_139 (157)  [2/2] 0.00ns  loc: contact_discovery/src/contact_discovery.cpp:64
:0  call void @_ssdm_op_Write.ap_none.i32P(i32* %error_out, i32 1)

ST_12: StgValue_140 (163)  [1/1] 0.00ns
.loopexit.loopexit5:0  br label %.loopexit


 <State 13>: 2.93ns
ST_13: i1 (134)  [1/1] 0.00ns
.preheader11:0  %i1 = phi i7 [ %i_4, %5 ], [ 0, %.preheader11.preheader ]

ST_13: i1_cast (135)  [1/1] 0.00ns  loc: contact_discovery/src/contact_discovery.cpp:67
.preheader11:1  %i1_cast = zext i7 %i1 to i32

ST_13: exitcond9 (136)  [1/1] 0.66ns  loc: contact_discovery/src/contact_discovery.cpp:67
.preheader11:2  %exitcond9 = icmp eq i7 %i1, -64

ST_13: empty (137)  [1/1] 0.00ns
.preheader11:3  %empty = call i32 (...)* @_ssdm_op_SpecLoopTripCount(i64 64, i64 64, i64 64)

ST_13: i_4 (138)  [1/1] 1.27ns  loc: contact_discovery/src/contact_discovery.cpp:67
.preheader11:4  %i_4 = add i7 %i1, 1

ST_13: StgValue_146 (139)  [1/1] 0.00ns  loc: contact_discovery/src/contact_discovery.cpp:67
.preheader11:5  br i1 %exitcond9, label %6, label %5

ST_13: tmp_5 (141)  [1/1] 0.00ns  loc: contact_discovery/src/contact_discovery.cpp:68
:0  %tmp_5 = call i8 @_ssdm_op_Read.axis.volatile.i8P(i8* %contacts_in_V)

ST_13: contacts_size_load_5 (142)  [1/1] 0.00ns  loc: contact_discovery/src/contact_discovery.cpp:68
:1  %contacts_size_load_5 = load i32* @contacts_size, align 4

ST_13: tmp_6 (143)  [1/1] 0.00ns  loc: contact_discovery/src/contact_discovery.cpp:68 (grouped into LUT with out node tmp_8)
:2  %tmp_6 = shl i32 %contacts_size_load_5, 6

ST_13: tmp_8 (144)  [1/1] 1.58ns  loc: contact_discovery/src/contact_discovery.cpp:68 (out node of the LUT)
:3  %tmp_8 = add nsw i32 %tmp_6, %i1_cast

ST_13: tmp_s (145)  [1/1] 0.00ns  loc: contact_discovery/src/contact_discovery.cpp:68
:4  %tmp_s = sext i32 %tmp_8 to i64

ST_13: contacts_addr_1 (146)  [1/1] 0.00ns  loc: contact_discovery/src/contact_discovery.cpp:68
:5  %contacts_addr_1 = getelementptr inbounds [8192 x i8]* @contacts, i64 0, i64 %tmp_s

ST_13: StgValue_153 (147)  [1/1] 1.35ns  loc: contact_discovery/src/contact_discovery.cpp:68
:6  store i8 %tmp_5, i8* %contacts_addr_1, align 1

ST_13: StgValue_154 (148)  [1/1] 0.00ns  loc: contact_discovery/src/contact_discovery.cpp:67
:7  br label %.preheader11

ST_13: contacts_size_load_4 (150)  [1/1] 0.00ns  loc: contact_discovery/src/contact_discovery.cpp:70
:0  %contacts_size_load_4 = load i32* @contacts_size, align 4

ST_13: tmp_9 (151)  [1/1] 1.58ns  loc: contact_discovery/src/contact_discovery.cpp:70
:1  %tmp_9 = add nsw i32 %contacts_size_load_4, 1

ST_13: StgValue_157 (152)  [1/1] 0.76ns  loc: contact_discovery/src/contact_discovery.cpp:70
:2  store i32 %tmp_9, i32* @contacts_size, align 4

ST_13: StgValue_158 (153)  [2/2] 0.00ns  loc: contact_discovery/src/contact_discovery.cpp:71
:3  call void @_ssdm_op_Write.ap_none.i32P(i32* %contacts_size_out, i32 %tmp_9)

ST_13: StgValue_159 (154)  [2/2] 0.00ns  loc: contact_discovery/src/contact_discovery.cpp:72
:4  call void @_ssdm_op_Write.ap_none.i32P(i32* %error_out, i32 0)


 <State 14>: 0.00ns
ST_14: StgValue_160 (153)  [1/2] 0.00ns  loc: contact_discovery/src/contact_discovery.cpp:71
:3  call void @_ssdm_op_Write.ap_none.i32P(i32* %contacts_size_out, i32 %tmp_9)

ST_14: StgValue_161 (154)  [1/2] 0.00ns  loc: contact_discovery/src/contact_discovery.cpp:72
:4  call void @_ssdm_op_Write.ap_none.i32P(i32* %error_out, i32 0)

ST_14: StgValue_162 (155)  [1/1] 0.00ns
:5  br label %7

ST_14: StgValue_163 (161)  [1/1] 0.00ns  loc: contact_discovery/src/contact_discovery.cpp:74
:0  br label %2


 <State 15>: 0.00ns
ST_15: StgValue_164 (157)  [1/2] 0.00ns  loc: contact_discovery/src/contact_discovery.cpp:64
:0  call void @_ssdm_op_Write.ap_none.i32P(i32* %error_out, i32 1)

ST_15: tmp_4_0 (158)  [1/1] 0.00ns  loc: contact_discovery/src/contact_discovery.cpp:65
:1  %tmp_4_0 = call i8 @_ssdm_op_Read.axis.volatile.i8P(i8* %contacts_in_V)

ST_15: StgValue_166 (159)  [1/1] 0.00ns  loc: contact_discovery/src/contact_discovery.cpp:66
:2  br label %7



============================================================
+ Verbose Summary: Timing violations
============================================================
Target clock period: 10ns, clock uncertainty: 1.25ns.

 <State 1>: 0ns
The critical path consists of the following:

 <State 2>: 0.755ns
The critical path consists of the following:
	'store' operation (contact_discovery/src/contact_discovery.cpp:99) of constant 0 on static variable 'contacts_size' [37]  (0.755 ns)

 <State 3>: 0.755ns
The critical path consists of the following:
	multiplexor before 'phi' operation ('i') with incoming values : ('i', contact_discovery/src/contact_discovery.cpp:102) [41]  (0.755 ns)

 <State 4>: 1.35ns
The critical path consists of the following:
	'phi' operation ('i') with incoming values : ('i', contact_discovery/src/contact_discovery.cpp:102) [41]  (0 ns)
	'getelementptr' operation ('contacts_addr', contact_discovery/src/contact_discovery.cpp:103) [48]  (0 ns)
	'store' operation (contact_discovery/src/contact_discovery.cpp:103) of constant 0 on array 'contacts' [49]  (1.35 ns)

 <State 5>: 0.755ns
The critical path consists of the following:
	multiplexor before 'phi' operation ('i') with incoming values : ('i', contact_discovery/src/contact_discovery.cpp:83) [64]  (0.755 ns)

 <State 6>: 1.27ns
The critical path consists of the following:
	'phi' operation ('i') with incoming values : ('i', contact_discovery/src/contact_discovery.cpp:83) [64]  (0 ns)
	'add' operation ('i', contact_discovery/src/contact_discovery.cpp:83) [67]  (1.27 ns)

 <State 7>: 1.28ns
The critical path consists of the following:
	'phi' operation ('i') with incoming values : ('i', contact_discovery/src/contact_discovery.cpp:86) [79]  (0 ns)
	'add' operation ('i', contact_discovery/src/contact_discovery.cpp:86) [82]  (1.28 ns)

 <State 8>: 2.7ns
The critical path consists of the following:
	'phi' operation ('i') with incoming values : ('i', contact_discovery/src/contact_discovery.cpp:23->contact_discovery/src/contact_discovery.cpp:87) [89]  (0 ns)
	'add' operation ('tmp_12_i', contact_discovery/src/contact_discovery.cpp:24->contact_discovery/src/contact_discovery.cpp:87) [100]  (1.35 ns)
	'getelementptr' operation ('contacts_addr_2', contact_discovery/src/contact_discovery.cpp:24->contact_discovery/src/contact_discovery.cpp:87) [102]  (0 ns)
	'load' operation ('contacts_load', contact_discovery/src/contact_discovery.cpp:24->contact_discovery/src/contact_discovery.cpp:87) on array 'contacts' [103]  (1.35 ns)

 <State 9>: 2.08ns
The critical path consists of the following:
	'load' operation ('contacts_load', contact_discovery/src/contact_discovery.cpp:24->contact_discovery/src/contact_discovery.cpp:87) on array 'contacts' [103]  (1.35 ns)
	'icmp' operation ('tmp_14_i', contact_discovery/src/contact_discovery.cpp:24->contact_discovery/src/contact_discovery.cpp:87) [104]  (0.659 ns)
	'and' operation ('found', contact_discovery/src/contact_discovery.cpp:24->contact_discovery/src/contact_discovery.cpp:87) [105]  (0.064 ns)

 <State 10>: 0ns
The critical path consists of the following:

 <State 11>: 0ns
The critical path consists of the following:

 <State 12>: 0.76ns
The critical path consists of the following:
	'load' operation ('contacts_size_load_3', contact_discovery/src/contact_discovery.cpp:63) on static variable 'contacts_size' [127]  (0 ns)
	'icmp' operation ('icmp', contact_discovery/src/contact_discovery.cpp:63) [129]  (0.76 ns)

 <State 13>: 2.93ns
The critical path consists of the following:
	'phi' operation ('i') with incoming values : ('i', contact_discovery/src/contact_discovery.cpp:67) [134]  (0 ns)
	'add' operation ('tmp_8', contact_discovery/src/contact_discovery.cpp:68) [144]  (1.58 ns)
	'getelementptr' operation ('contacts_addr_1', contact_discovery/src/contact_discovery.cpp:68) [146]  (0 ns)
	'store' operation (contact_discovery/src/contact_discovery.cpp:68) of variable 'tmp', contact_discovery/src/contact_discovery.cpp:68 on array 'contacts' [147]  (1.35 ns)

 <State 14>: 0ns
The critical path consists of the following:

 <State 15>: 0ns
The critical path consists of the following:


============================================================
+ Verbose Summary: Binding
============================================================
N/A
* FSMD analyzer results:
  - Output states:
 - Input state : 
  - Chain level:
	State 1
	State 2
	State 3
	State 4
	State 5
	State 6
	State 7
	State 8
	State 9
	State 10
	State 11
	State 12
	State 13
	State 14
	State 15


============================================================
+ Verbose Summary: Datapath Resource usage 
============================================================
N/A
