
*** Running vivado
    with args -log design_1_xbar_0.vds -m64 -product Vivado -mode batch -messageDb vivado.pb -notrace -source design_1_xbar_0.tcl

awk: symbol lookup error: awk: undefined symbol: mpfr_z_sub

****** Vivado v2016.4 (64-bit)
  **** SW Build 1733598 on Wed Dec 14 22:35:42 MST 2016
  **** IP Build 1731160 on Wed Dec 14 23:47:21 MST 2016
    ** Copyright 1986-2016 Xilinx, Inc. All Rights Reserved.

source design_1_xbar_0.tcl -notrace
awk: symbol lookup error: awk: undefined symbol: mpfr_z_sub
Starting RTL Elaboration : Time (s): cpu = 00:00:19 ; elapsed = 00:00:21 . Memory (MB): peak = 1478.445 ; gain = 547.973 ; free physical = 3014 ; free virtual = 14201
INFO: [Synth 8-638] synthesizing module 'design_1_xbar_0' [/home/michael/xilinx_workspace/zcu_hdmi/zcu_hdmi.srcs/sources_1/bd/design_1/ip/design_1_xbar_0/synth/design_1_xbar_0.v:59]
INFO: [Synth 8-638] synthesizing module 'axi_crossbar_v2_1_12_axi_crossbar' [/home/michael/xilinx_workspace/zcu_hdmi/zcu_hdmi.srcs/sources_1/bd/design_1/ipshared/896d/hdl/axi_crossbar_v2_1_vl_rfs.v:4882]
INFO: [Synth 8-638] synthesizing module 'axi_crossbar_v2_1_12_crossbar_sasd' [/home/michael/xilinx_workspace/zcu_hdmi/zcu_hdmi.srcs/sources_1/bd/design_1/ipshared/896d/hdl/axi_crossbar_v2_1_vl_rfs.v:1240]
INFO: [Synth 8-638] synthesizing module 'axi_crossbar_v2_1_12_addr_decoder' [/home/michael/xilinx_workspace/zcu_hdmi/zcu_hdmi.srcs/sources_1/bd/design_1/ipshared/896d/hdl/axi_crossbar_v2_1_vl_rfs.v:794]
INFO: [Synth 8-638] synthesizing module 'generic_baseblocks_v2_1_0_comparator_static' [/home/michael/xilinx_workspace/zcu_hdmi/zcu_hdmi.srcs/sources_1/bd/design_1/ipshared/7ee0/hdl/generic_baseblocks_v2_1_vl_rfs.v:2133]
INFO: [Synth 8-638] synthesizing module 'generic_baseblocks_v2_1_0_carry_and' [/home/michael/xilinx_workspace/zcu_hdmi/zcu_hdmi.srcs/sources_1/bd/design_1/ipshared/7ee0/hdl/generic_baseblocks_v2_1_vl_rfs.v:62]
INFO: [Synth 8-256] done synthesizing module 'generic_baseblocks_v2_1_0_carry_and' (1#1) [/home/michael/xilinx_workspace/zcu_hdmi/zcu_hdmi.srcs/sources_1/bd/design_1/ipshared/7ee0/hdl/generic_baseblocks_v2_1_vl_rfs.v:62]
INFO: [Synth 8-256] done synthesizing module 'generic_baseblocks_v2_1_0_comparator_static' (2#1) [/home/michael/xilinx_workspace/zcu_hdmi/zcu_hdmi.srcs/sources_1/bd/design_1/ipshared/7ee0/hdl/generic_baseblocks_v2_1_vl_rfs.v:2133]
INFO: [Synth 8-638] synthesizing module 'generic_baseblocks_v2_1_0_comparator_static__parameterized0' [/home/michael/xilinx_workspace/zcu_hdmi/zcu_hdmi.srcs/sources_1/bd/design_1/ipshared/7ee0/hdl/generic_baseblocks_v2_1_vl_rfs.v:2133]
INFO: [Synth 8-256] done synthesizing module 'generic_baseblocks_v2_1_0_comparator_static__parameterized0' (2#1) [/home/michael/xilinx_workspace/zcu_hdmi/zcu_hdmi.srcs/sources_1/bd/design_1/ipshared/7ee0/hdl/generic_baseblocks_v2_1_vl_rfs.v:2133]
INFO: [Synth 8-638] synthesizing module 'generic_baseblocks_v2_1_0_comparator_static__parameterized1' [/home/michael/xilinx_workspace/zcu_hdmi/zcu_hdmi.srcs/sources_1/bd/design_1/ipshared/7ee0/hdl/generic_baseblocks_v2_1_vl_rfs.v:2133]
INFO: [Synth 8-256] done synthesizing module 'generic_baseblocks_v2_1_0_comparator_static__parameterized1' (2#1) [/home/michael/xilinx_workspace/zcu_hdmi/zcu_hdmi.srcs/sources_1/bd/design_1/ipshared/7ee0/hdl/generic_baseblocks_v2_1_vl_rfs.v:2133]
INFO: [Synth 8-256] done synthesizing module 'axi_crossbar_v2_1_12_addr_decoder' (3#1) [/home/michael/xilinx_workspace/zcu_hdmi/zcu_hdmi.srcs/sources_1/bd/design_1/ipshared/896d/hdl/axi_crossbar_v2_1_vl_rfs.v:794]
INFO: [Synth 8-638] synthesizing module 'generic_baseblocks_v2_1_0_mux_enc' [/home/michael/xilinx_workspace/zcu_hdmi/zcu_hdmi.srcs/sources_1/bd/design_1/ipshared/7ee0/hdl/generic_baseblocks_v2_1_vl_rfs.v:2452]
INFO: [Synth 8-256] done synthesizing module 'generic_baseblocks_v2_1_0_mux_enc' (4#1) [/home/michael/xilinx_workspace/zcu_hdmi/zcu_hdmi.srcs/sources_1/bd/design_1/ipshared/7ee0/hdl/generic_baseblocks_v2_1_vl_rfs.v:2452]
INFO: [Synth 8-638] synthesizing module 'generic_baseblocks_v2_1_0_mux_enc__parameterized0' [/home/michael/xilinx_workspace/zcu_hdmi/zcu_hdmi.srcs/sources_1/bd/design_1/ipshared/7ee0/hdl/generic_baseblocks_v2_1_vl_rfs.v:2452]
INFO: [Synth 8-256] done synthesizing module 'generic_baseblocks_v2_1_0_mux_enc__parameterized0' (4#1) [/home/michael/xilinx_workspace/zcu_hdmi/zcu_hdmi.srcs/sources_1/bd/design_1/ipshared/7ee0/hdl/generic_baseblocks_v2_1_vl_rfs.v:2452]
INFO: [Synth 8-638] synthesizing module 'axi_crossbar_v2_1_12_decerr_slave' [/home/michael/xilinx_workspace/zcu_hdmi/zcu_hdmi.srcs/sources_1/bd/design_1/ipshared/896d/hdl/axi_crossbar_v2_1_vl_rfs.v:3500]
INFO: [Synth 8-256] done synthesizing module 'axi_crossbar_v2_1_12_decerr_slave' (5#1) [/home/michael/xilinx_workspace/zcu_hdmi/zcu_hdmi.srcs/sources_1/bd/design_1/ipshared/896d/hdl/axi_crossbar_v2_1_vl_rfs.v:3500]
INFO: [Synth 8-638] synthesizing module 'axi_crossbar_v2_1_12_addr_arbiter_sasd' [/home/michael/xilinx_workspace/zcu_hdmi/zcu_hdmi.srcs/sources_1/bd/design_1/ipshared/896d/hdl/axi_crossbar_v2_1_vl_rfs.v:65]
INFO: [Synth 8-638] synthesizing module 'generic_baseblocks_v2_1_0_mux_enc__parameterized1' [/home/michael/xilinx_workspace/zcu_hdmi/zcu_hdmi.srcs/sources_1/bd/design_1/ipshared/7ee0/hdl/generic_baseblocks_v2_1_vl_rfs.v:2452]
INFO: [Synth 8-256] done synthesizing module 'generic_baseblocks_v2_1_0_mux_enc__parameterized1' (5#1) [/home/michael/xilinx_workspace/zcu_hdmi/zcu_hdmi.srcs/sources_1/bd/design_1/ipshared/7ee0/hdl/generic_baseblocks_v2_1_vl_rfs.v:2452]
INFO: [Synth 8-256] done synthesizing module 'axi_crossbar_v2_1_12_addr_arbiter_sasd' (6#1) [/home/michael/xilinx_workspace/zcu_hdmi/zcu_hdmi.srcs/sources_1/bd/design_1/ipshared/896d/hdl/axi_crossbar_v2_1_vl_rfs.v:65]
INFO: [Synth 8-638] synthesizing module 'axi_crossbar_v2_1_12_splitter' [/home/michael/xilinx_workspace/zcu_hdmi/zcu_hdmi.srcs/sources_1/bd/design_1/ipshared/896d/hdl/axi_crossbar_v2_1_vl_rfs.v:4459]
INFO: [Synth 8-256] done synthesizing module 'axi_crossbar_v2_1_12_splitter' (7#1) [/home/michael/xilinx_workspace/zcu_hdmi/zcu_hdmi.srcs/sources_1/bd/design_1/ipshared/896d/hdl/axi_crossbar_v2_1_vl_rfs.v:4459]
INFO: [Synth 8-638] synthesizing module 'axi_crossbar_v2_1_12_splitter__parameterized0' [/home/michael/xilinx_workspace/zcu_hdmi/zcu_hdmi.srcs/sources_1/bd/design_1/ipshared/896d/hdl/axi_crossbar_v2_1_vl_rfs.v:4459]
INFO: [Synth 8-256] done synthesizing module 'axi_crossbar_v2_1_12_splitter__parameterized0' (7#1) [/home/michael/xilinx_workspace/zcu_hdmi/zcu_hdmi.srcs/sources_1/bd/design_1/ipshared/896d/hdl/axi_crossbar_v2_1_vl_rfs.v:4459]
INFO: [Synth 8-638] synthesizing module 'generic_baseblocks_v2_1_0_mux_enc__parameterized2' [/home/michael/xilinx_workspace/zcu_hdmi/zcu_hdmi.srcs/sources_1/bd/design_1/ipshared/7ee0/hdl/generic_baseblocks_v2_1_vl_rfs.v:2452]
INFO: [Synth 8-256] done synthesizing module 'generic_baseblocks_v2_1_0_mux_enc__parameterized2' (7#1) [/home/michael/xilinx_workspace/zcu_hdmi/zcu_hdmi.srcs/sources_1/bd/design_1/ipshared/7ee0/hdl/generic_baseblocks_v2_1_vl_rfs.v:2452]
INFO: [Synth 8-638] synthesizing module 'generic_baseblocks_v2_1_0_mux_enc__parameterized3' [/home/michael/xilinx_workspace/zcu_hdmi/zcu_hdmi.srcs/sources_1/bd/design_1/ipshared/7ee0/hdl/generic_baseblocks_v2_1_vl_rfs.v:2452]
INFO: [Synth 8-256] done synthesizing module 'generic_baseblocks_v2_1_0_mux_enc__parameterized3' (7#1) [/home/michael/xilinx_workspace/zcu_hdmi/zcu_hdmi.srcs/sources_1/bd/design_1/ipshared/7ee0/hdl/generic_baseblocks_v2_1_vl_rfs.v:2452]
INFO: [Synth 8-638] synthesizing module 'generic_baseblocks_v2_1_0_mux_enc__parameterized4' [/home/michael/xilinx_workspace/zcu_hdmi/zcu_hdmi.srcs/sources_1/bd/design_1/ipshared/7ee0/hdl/generic_baseblocks_v2_1_vl_rfs.v:2452]
INFO: [Synth 8-256] done synthesizing module 'generic_baseblocks_v2_1_0_mux_enc__parameterized4' (7#1) [/home/michael/xilinx_workspace/zcu_hdmi/zcu_hdmi.srcs/sources_1/bd/design_1/ipshared/7ee0/hdl/generic_baseblocks_v2_1_vl_rfs.v:2452]
INFO: [Synth 8-638] synthesizing module 'generic_baseblocks_v2_1_0_mux_enc__parameterized5' [/home/michael/xilinx_workspace/zcu_hdmi/zcu_hdmi.srcs/sources_1/bd/design_1/ipshared/7ee0/hdl/generic_baseblocks_v2_1_vl_rfs.v:2452]
INFO: [Synth 8-256] done synthesizing module 'generic_baseblocks_v2_1_0_mux_enc__parameterized5' (7#1) [/home/michael/xilinx_workspace/zcu_hdmi/zcu_hdmi.srcs/sources_1/bd/design_1/ipshared/7ee0/hdl/generic_baseblocks_v2_1_vl_rfs.v:2452]
INFO: [Synth 8-638] synthesizing module 'generic_baseblocks_v2_1_0_mux_enc__parameterized6' [/home/michael/xilinx_workspace/zcu_hdmi/zcu_hdmi.srcs/sources_1/bd/design_1/ipshared/7ee0/hdl/generic_baseblocks_v2_1_vl_rfs.v:2452]
INFO: [Synth 8-256] done synthesizing module 'generic_baseblocks_v2_1_0_mux_enc__parameterized6' (7#1) [/home/michael/xilinx_workspace/zcu_hdmi/zcu_hdmi.srcs/sources_1/bd/design_1/ipshared/7ee0/hdl/generic_baseblocks_v2_1_vl_rfs.v:2452]
INFO: [Synth 8-638] synthesizing module 'axi_register_slice_v2_1_11_axic_register_slice' [/home/michael/xilinx_workspace/zcu_hdmi/zcu_hdmi.srcs/sources_1/bd/design_1/ipshared/0b6b/hdl/axi_register_slice_v2_1_vl_rfs.v:85]
INFO: [Synth 8-256] done synthesizing module 'axi_register_slice_v2_1_11_axic_register_slice' (8#1) [/home/michael/xilinx_workspace/zcu_hdmi/zcu_hdmi.srcs/sources_1/bd/design_1/ipshared/0b6b/hdl/axi_register_slice_v2_1_vl_rfs.v:85]
INFO: [Synth 8-638] synthesizing module 'generic_baseblocks_v2_1_0_mux_enc__parameterized7' [/home/michael/xilinx_workspace/zcu_hdmi/zcu_hdmi.srcs/sources_1/bd/design_1/ipshared/7ee0/hdl/generic_baseblocks_v2_1_vl_rfs.v:2452]
INFO: [Synth 8-256] done synthesizing module 'generic_baseblocks_v2_1_0_mux_enc__parameterized7' (8#1) [/home/michael/xilinx_workspace/zcu_hdmi/zcu_hdmi.srcs/sources_1/bd/design_1/ipshared/7ee0/hdl/generic_baseblocks_v2_1_vl_rfs.v:2452]
INFO: [Synth 8-638] synthesizing module 'generic_baseblocks_v2_1_0_mux_enc__parameterized8' [/home/michael/xilinx_workspace/zcu_hdmi/zcu_hdmi.srcs/sources_1/bd/design_1/ipshared/7ee0/hdl/generic_baseblocks_v2_1_vl_rfs.v:2452]
INFO: [Synth 8-256] done synthesizing module 'generic_baseblocks_v2_1_0_mux_enc__parameterized8' (8#1) [/home/michael/xilinx_workspace/zcu_hdmi/zcu_hdmi.srcs/sources_1/bd/design_1/ipshared/7ee0/hdl/generic_baseblocks_v2_1_vl_rfs.v:2452]
INFO: [Synth 8-256] done synthesizing module 'axi_crossbar_v2_1_12_crossbar_sasd' (9#1) [/home/michael/xilinx_workspace/zcu_hdmi/zcu_hdmi.srcs/sources_1/bd/design_1/ipshared/896d/hdl/axi_crossbar_v2_1_vl_rfs.v:1240]
INFO: [Synth 8-256] done synthesizing module 'axi_crossbar_v2_1_12_axi_crossbar' (10#1) [/home/michael/xilinx_workspace/zcu_hdmi/zcu_hdmi.srcs/sources_1/bd/design_1/ipshared/896d/hdl/axi_crossbar_v2_1_vl_rfs.v:4882]
INFO: [Synth 8-256] done synthesizing module 'design_1_xbar_0' (11#1) [/home/michael/xilinx_workspace/zcu_hdmi/zcu_hdmi.srcs/sources_1/bd/design_1/ip/design_1_xbar_0/synth/design_1_xbar_0.v:59]
Finished RTL Elaboration : Time (s): cpu = 00:00:25 ; elapsed = 00:00:27 . Memory (MB): peak = 1598.914 ; gain = 668.441 ; free physical = 2662 ; free virtual = 13841
Finished RTL Optimization Phase 1 : Time (s): cpu = 00:00:25 ; elapsed = 00:00:27 . Memory (MB): peak = 1598.914 ; gain = 668.441 ; free physical = 2658 ; free virtual = 13837
INFO: [Device 21-403] Loading part xczu9eg-ffvb1156-2-i-es2
Constraint Validation Runtime : Time (s): cpu = 00:00:00.10 ; elapsed = 00:00:00.10 . Memory (MB): peak = 2211.617 ; gain = 0.000 ; free physical = 1871 ; free virtual = 13077
Finished Constraint Validation : Time (s): cpu = 00:00:42 ; elapsed = 00:00:45 . Memory (MB): peak = 2211.617 ; gain = 1281.145 ; free physical = 1619 ; free virtual = 12854
Finished Loading Part and Timing Information : Time (s): cpu = 00:00:42 ; elapsed = 00:00:45 . Memory (MB): peak = 2211.617 ; gain = 1281.145 ; free physical = 1805 ; free virtual = 13039
Finished applying 'set_property' XDC Constraints : Time (s): cpu = 00:00:43 ; elapsed = 00:00:45 . Memory (MB): peak = 2211.617 ; gain = 1281.145 ; free physical = 2080 ; free virtual = 13314
Finished RTL Optimization Phase 2 : Time (s): cpu = 00:00:43 ; elapsed = 00:00:45 . Memory (MB): peak = 2211.617 ; gain = 1281.145 ; free physical = 3805 ; free virtual = 15039
Finished Cross Boundary and Area Optimization : Time (s): cpu = 00:00:44 ; elapsed = 00:00:47 . Memory (MB): peak = 2211.617 ; gain = 1281.145 ; free physical = 3795 ; free virtual = 15012
Finished Applying XDC Timing Constraints : Time (s): cpu = 00:01:03 ; elapsed = 00:01:06 . Memory (MB): peak = 2812.211 ; gain = 1881.738 ; free physical = 1948 ; free virtual = 13166
Finished Timing Optimization : Time (s): cpu = 00:01:03 ; elapsed = 00:01:06 . Memory (MB): peak = 2839.414 ; gain = 1908.941 ; free physical = 1778 ; free virtual = 12992
Finished Technology Mapping : Time (s): cpu = 00:01:04 ; elapsed = 00:01:06 . Memory (MB): peak = 2847.422 ; gain = 1916.949 ; free physical = 1721 ; free virtual = 12935
Finished IO Insertion : Time (s): cpu = 00:01:04 ; elapsed = 00:01:07 . Memory (MB): peak = 2847.422 ; gain = 1916.949 ; free physical = 1598 ; free virtual = 12813
Finished Renaming Generated Instances : Time (s): cpu = 00:01:04 ; elapsed = 00:01:07 . Memory (MB): peak = 2847.422 ; gain = 1916.949 ; free physical = 1598 ; free virtual = 12813
Finished Rebuilding User Hierarchy : Time (s): cpu = 00:01:04 ; elapsed = 00:01:07 . Memory (MB): peak = 2847.422 ; gain = 1916.949 ; free physical = 1596 ; free virtual = 12812
Finished Renaming Generated Ports : Time (s): cpu = 00:01:04 ; elapsed = 00:01:07 . Memory (MB): peak = 2847.422 ; gain = 1916.949 ; free physical = 1596 ; free virtual = 12811
Finished Handling Custom Attributes : Time (s): cpu = 00:01:04 ; elapsed = 00:01:07 . Memory (MB): peak = 2847.422 ; gain = 1916.949 ; free physical = 1594 ; free virtual = 12810
Finished Renaming Generated Nets : Time (s): cpu = 00:01:04 ; elapsed = 00:01:07 . Memory (MB): peak = 2847.422 ; gain = 1916.949 ; free physical = 1594 ; free virtual = 12810

Report Cell Usage: 
+------+-----+------+
|      |Cell |Count |
+------+-----+------+
|1     |LUT1 |     2|
|2     |LUT2 |    24|
|3     |LUT3 |    79|
|4     |LUT4 |    67|
|5     |LUT5 |    43|
|6     |LUT6 |    72|
|7     |FDRE |   146|
|8     |FDSE |     1|
+------+-----+------+
Finished Writing Synthesis Report : Time (s): cpu = 00:01:04 ; elapsed = 00:01:07 . Memory (MB): peak = 2847.422 ; gain = 1916.949 ; free physical = 1594 ; free virtual = 12810
synth_design: Time (s): cpu = 00:00:54 ; elapsed = 00:00:56 . Memory (MB): peak = 2895.438 ; gain = 1556.500 ; free physical = 1494 ; free virtual = 12720
