Copyright 1986-2017 Xilinx, Inc. All Rights Reserved.
-----------------------------------------------------------------------------------------
| Tool Version      : Vivado v.2017.1 (lin64) Build 1846317 Fri Apr 14 18:54:47 MDT 2017
| Date              : Mon May  7 15:31:48 2018
| Host              : aimee-VirtualBox running 64-bit Ubuntu 16.04.4 LTS
| Command           : report_timing -file ./report/contact_discovery_timing_synth.rpt
| Design            : contact_discovery
| Device            : xczu9eg-ffvb1156
| Speed File        : -1  PRODUCTION 1.10 04-04-2017
| Temperature Grade : I
-----------------------------------------------------------------------------------------

Timing Report

Slack (MET) :             6.094ns  (required time - arrival time)
  Source:                 ap_reg_grp_match_db_contact_fu_202_ap_start_reg/C
                            (rising edge-triggered cell FDRE clocked by ap_clk  {rise@0.000ns fall@5.000ns period=10.000ns})
  Destination:            results_out_V_1_payload_A_reg[0]/D
                            (rising edge-triggered cell FDRE clocked by ap_clk  {rise@0.000ns fall@5.000ns period=10.000ns})
  Path Group:             ap_clk
  Path Type:              Setup (Max at Slow Process Corner)
  Requirement:            10.000ns  (ap_clk rise@10.000ns - ap_clk rise@0.000ns)
  Data Path Delay:        3.898ns  (logic 1.085ns (27.835%)  route 2.813ns (72.165%))
  Logic Levels:           14  (CARRY8=4 LUT3=2 LUT4=2 LUT5=3 LUT6=3)
  Clock Uncertainty:      0.035ns  ((TSJ^2 + TIJ^2)^1/2 + DJ) / 2 + PE
    Total System Jitter     (TSJ):    0.071ns
    Total Input Jitter      (TIJ):    0.000ns
    Discrete Jitter          (DJ):    0.000ns
    Phase Error              (PE):    0.000ns

    Location             Delay type                Incr(ns)  Path(ns)    Netlist Resource(s)
  -------------------------------------------------------------------    -------------------
                         (clock ap_clk rise edge)     0.000     0.000 r  
                                                      0.000     0.000 r  ap_clk (IN)
                         net (fo=7909, unset)         0.000     0.000    ap_clk
                         FDRE                                         r  ap_reg_grp_match_db_contact_fu_202_ap_start_reg/C
  -------------------------------------------------------------------    -------------------
                         FDRE (Prop_FDRE_C_Q)         0.096     0.096 f  ap_reg_grp_match_db_contact_fu_202_ap_start_reg/Q
                         net (fo=43, unplaced)        0.223     0.319    grp_match_db_contact_fu_202/ap_reg_grp_match_db_contact_fu_202_ap_start
                         LUT3 (Prop_LUT3_I0_O)        0.138     0.457 f  grp_match_db_contact_fu_202/ap_enable_reg_pp0_iter0_reg_i_1/O
                         net (fo=24, unplaced)        0.305     0.762    grp_match_db_contact_fu_202/ap_enable_reg_pp0_iter0
                         LUT5 (Prop_LUT5_I3_O)        0.039     0.801 f  grp_match_db_contact_fu_202/tmp_1_76_reg_1378[0]_i_366/O
                         net (fo=1, unplaced)         0.203     1.004    grp_match_db_contact_fu_202/tmp_1_76_reg_1378[0]_i_366_n_0
                         LUT4 (Prop_LUT4_I0_O)        0.115     1.119 f  grp_match_db_contact_fu_202/tmp_1_76_reg_1378[0]_i_226/O
                         net (fo=5, unplaced)         0.270     1.389    grp_match_db_contact_fu_202/tmp_1_76_reg_1378[0]_i_226_n_0
                         LUT6 (Prop_LUT6_I5_O)        0.039     1.428 r  grp_match_db_contact_fu_202/tmp_1_76_reg_1378[0]_i_80/O
                         net (fo=81, unplaced)        0.333     1.761    grp_match_db_contact_fu_202/tmp_1_76_reg_1378[0]_i_80_n_0
                         LUT3 (Prop_LUT3_I1_O)        0.085     1.846 r  grp_match_db_contact_fu_202/tmp_1_76_reg_1378[0]_i_493/O
                         net (fo=2, unplaced)         0.252     2.098    grp_match_db_contact_fu_202/tmp_1_76_reg_1378[0]_i_493_n_0
                         LUT6 (Prop_LUT6_I5_O)        0.039     2.137 r  grp_match_db_contact_fu_202/tmp_1_75_reg_1373[0]_i_125/O
                         net (fo=1, unplaced)         0.018     2.155    grp_match_db_contact_fu_202/tmp_1_75_reg_1373[0]_i_125_n_0
                         CARRY8 (Prop_CARRY8_S[0]_CO[7])
                                                      0.245     2.400 r  grp_match_db_contact_fu_202/tmp_1_75_reg_1373_reg[0]_i_82/CO[7]
                         net (fo=1, unplaced)         0.007     2.407    grp_match_db_contact_fu_202/tmp_1_75_reg_1373_reg[0]_i_82_n_0
                         CARRY8 (Prop_CARRY8_CI_CO[7])
                                                      0.030     2.437 r  grp_match_db_contact_fu_202/tmp_1_75_reg_1373_reg[0]_i_46/CO[7]
                         net (fo=1, unplaced)         0.007     2.444    grp_match_db_contact_fu_202/tmp_1_75_reg_1373_reg[0]_i_46_n_0
                         CARRY8 (Prop_CARRY8_CI_CO[7])
                                                      0.030     2.474 r  grp_match_db_contact_fu_202/tmp_1_75_reg_1373_reg[0]_i_15/CO[7]
                         net (fo=1, unplaced)         0.007     2.481    grp_match_db_contact_fu_202/tmp_1_75_reg_1373_reg[0]_i_15_n_0
                         CARRY8 (Prop_CARRY8_CI_CO[2])
                                                      0.073     2.554 r  grp_match_db_contact_fu_202/tmp_1_75_reg_1373_reg[0]_i_3/CO[2]
                         net (fo=1, unplaced)         0.253     2.807    grp_match_db_contact_fu_202/tmp_1_75_reg_1373_reg[0]_i_3_n_5
                         LUT4 (Prop_LUT4_I1_O)        0.039     2.846 r  grp_match_db_contact_fu_202/tmp_1_75_reg_1373[0]_i_1/O
                         net (fo=33, unplaced)        0.313     3.159    grp_match_db_contact_fu_202/grp_fu_403_p2
                         LUT5 (Prop_LUT5_I4_O)        0.039     3.198 r  grp_match_db_contact_fu_202/tmp74_reg_1368[0]_i_2/O
                         net (fo=32, unplaced)        0.312     3.510    grp_match_db_contact_fu_202/tmp74_reg_1368[0]_i_2_n_0
                         LUT6 (Prop_LUT6_I0_O)        0.039     3.549 r  grp_match_db_contact_fu_202/results_out_V_1_payload_A[0]_i_2/O
                         net (fo=2, unplaced)         0.252     3.801    grp_match_db_contact_fu_202/tmp_2_fu_278_p1
                         LUT5 (Prop_LUT5_I0_O)        0.039     3.840 r  grp_match_db_contact_fu_202/results_out_V_1_payload_A[0]_i_1/O
                         net (fo=1, unplaced)         0.058     3.898    grp_match_db_contact_fu_202_n_25
                         FDRE                                         r  results_out_V_1_payload_A_reg[0]/D
  -------------------------------------------------------------------    -------------------

                         (clock ap_clk rise edge)    10.000    10.000 r  
                                                      0.000    10.000 r  ap_clk (IN)
                         net (fo=7909, unset)         0.000    10.000    ap_clk
                         FDRE                                         r  results_out_V_1_payload_A_reg[0]/C
                         clock pessimism              0.000    10.000    
                         clock uncertainty           -0.035     9.965    
                         FDRE (Setup_FDRE_C_D)        0.027     9.992    results_out_V_1_payload_A_reg[0]
  -------------------------------------------------------------------
                         required time                          9.992    
                         arrival time                          -3.898    
  -------------------------------------------------------------------
                         slack                                  6.094    




