

================================================================
== Vivado HLS Report for 'fe_mul_1'
================================================================
* Date:           Mon Sep 25 21:40:44 2017

* Version:        2017.2 (Build 1909853 on Thu Jun 15 18:55:24 MDT 2017)
* Project:        ed25519
* Solution:       solution1
* Product family: zynquplus
* Target device:  xczu9eg-ffvb1156-2-i


================================================================
== Performance Estimates
================================================================
+ Timing (ns): 
    * Summary: 
    +--------+-------+----------+------------+
    |  Clock | Target| Estimated| Uncertainty|
    +--------+-------+----------+------------+
    |ap_clk  |  10.00|      3.90|        1.25|
    +--------+-------+----------+------------+

+ Latency (clock cycles): 
    * Summary: 
    +-----+-----+-----+-----+---------+
    |  Latency  |  Interval | Pipeline|
    | min | max | min | max |   Type  |
    +-----+-----+-----+-----+---------+
    |  198|  198|  198|  198|   none  |
    +-----+-----+-----+-----+---------+

    + Detail: 
        * Instance: 
        N/A

        * Loop: 
        N/A



================================================================
== Utilization Estimates
================================================================
* Summary: 
+-----------------+---------+-------+--------+--------+-----+
|       Name      | BRAM_18K| DSP48E|   FF   |   LUT  | URAM|
+-----------------+---------+-------+--------+--------+-----+
|DSP              |        -|      -|       -|       -|    -|
|Expression       |        -|      5|     394|     253|    -|
|FIFO             |        -|      -|       -|       -|    -|
|Instance         |        -|      -|       -|       -|    -|
|Memory           |        -|      -|       -|       -|    -|
|Multiplexer      |        -|      -|       -|    2439|    -|
|Register         |        -|      -|    7498|       -|    -|
+-----------------+---------+-------+--------+--------+-----+
|Total            |        0|      5|    7892|    2692|    0|
+-----------------+---------+-------+--------+--------+-----+
|Available        |     1824|   2520|  548160|  274080|    0|
+-----------------+---------+-------+--------+--------+-----+
|Utilization (%)  |        0|   ~0  |       1|   ~0   |    0|
+-----------------+---------+-------+--------+--------+-----+

+ Detail: 
    * Instance: 
    N/A

    * DSP48: 
    N/A

    * Memory: 
    N/A

    * FIFO: 
    N/A

    * Expression: 
    +----------------+----------+-------+-----+-----+------------+------------+
    |  Variable Name | Operation| DSP48E|  FF | LUT | Bitwidth P0| Bitwidth P1|
    +----------------+----------+-------+-----+-----+------------+------------+
    |grp_fu_1283_p2  |     *    |      5|    0|  113|          32|          39|
    |grp_fu_232_p2   |     +    |      0|  197|   70|          64|          64|
    |grp_fu_919_p2   |     -    |      0|  197|   70|          64|          64|
    +----------------+----------+-------+-----+-----+------------+------------+
    |Total           |          |      5|  394|  253|         160|         167|
    +----------------+----------+-------+-----+-----+------------+------------+

    * Multiplexer: 
    +----------------+------+-----------+-----+-----------+
    |      Name      |  LUT | Input Size| Bits| Total Bits|
    +----------------+------+-----------+-----+-----------+
    |ap_NS_fsm       |  1082|        200|    1|        200|
    |grp_fu_1283_p0  |   156|         33|   32|       1056|
    |grp_fu_1283_p1  |   222|         47|   39|       1833|
    |grp_fu_232_p0   |   291|         65|   64|       4160|
    |grp_fu_232_p1   |   357|         71|   64|       4544|
    |grp_fu_919_p0   |    60|         11|   64|        704|
    |grp_fu_919_p1   |    65|         13|   64|        832|
    |reg_271         |     9|          2|   64|        128|
    |reg_279         |     9|          2|   64|        128|
    |reg_305         |     9|          2|   64|        128|
    |reg_313         |     9|          2|   64|        128|
    |reg_323         |     9|          2|   64|        128|
    |reg_329         |     9|          2|   64|        128|
    |reg_335         |     9|          2|   64|        128|
    |reg_339         |     9|          2|   64|        128|
    |reg_345         |     9|          2|   64|        128|
    |reg_349         |    13|          3|   64|        192|
    |reg_357         |     9|          2|   64|        128|
    |reg_365         |     9|          2|   64|        128|
    |reg_369         |     9|          2|   64|        128|
    |reg_373         |    13|          3|   64|        192|
    |reg_381         |     9|          2|   64|        128|
    |reg_430         |     9|          2|   64|        128|
    |reg_435         |     9|          2|   64|        128|
    |reg_458         |     9|          2|   64|        128|
    |reg_461         |     9|          2|   64|        128|
    |reg_740         |     9|          2|   64|        128|
    |reg_758         |     9|          2|   64|        128|
    |reg_763         |     9|          2|   64|        128|
    +----------------+------+-----------+-----+-----------+
    |Total           |  2439|        486| 1736|      16273|
    +----------------+------+-----------+-----+-----------+

    * Register: 
    +--------------------------+-----+----+-----+-----------+
    |           Name           |  FF | LUT| Bits| Const Bits|
    +--------------------------+-----+----+-----+-----------+
    |ap_CS_fsm                 |  199|   0|  199|          0|
    |f0g3_reg_543              |   64|   0|   64|          0|
    |f2g3_reg_2172             |   64|   0|   64|          0|
    |f3g3_2_reg_2462           |   64|   0|   64|          0|
    |f4g3_reg_2579             |   64|   0|   64|          0|
    |f4g4_reg_2613             |   64|   0|   64|          0|
    |f5g3_2_reg_2658           |   64|   0|   64|          0|
    |f5g4_reg_2790             |   64|   0|   64|          0|
    |f6g3_reg_2901             |   64|   0|   64|          0|
    |f7g4_19_reg_3250          |   64|   0|   64|          0|
    |f8g1_reg_3619             |   64|   0|   64|          0|
    |f8g3_19_reg_2320          |   64|   0|   64|          0|
    |f8g9_19_reg_3616          |   64|   0|   64|          0|
    |f9g3_38_reg_3132          |   64|   0|   64|          0|
    |f9g4_19_reg_3582          |   64|   0|   64|          0|
    |f9g8_19_reg_3711          |   64|   0|   64|          0|
    |f_2_write_assign_reg_625  |   32|   0|   32|          0|
    |f_3_write_assign_reg_898  |   32|   0|   32|          0|
    |f_4_write_assign_reg_916  |   32|   0|   32|          0|
    |f_6_write_assign_reg_861  |   32|   0|   32|          0|
    |f_7_write_assign_reg_735  |   32|   0|   32|          0|
    |f_8_write_assign_reg_628  |   32|   0|   32|          0|
    |f_9_write_assign_reg_866  |   32|   0|   32|          0|
    |g1_19_reg_508             |   32|   0|   32|          0|
    |g2_19_reg_611             |   32|   0|   32|          0|
    |g3_19_reg_546             |   32|   0|   32|          0|
    |g4_19_reg_503             |   32|   0|   32|          0|
    |g5_19_reg_403             |   32|   0|   32|          0|
    |g6_19_reg_928             |   32|   0|   32|          0|
    |g7_19_reg_614             |   32|   0|   32|          0|
    |g8_19_reg_895             |   32|   0|   32|          0|
    |g9_19_reg_933             |   32|   0|   32|          0|
    |reg_2202                  |   64|   0|   64|          0|
    |reg_239                   |   64|   0|   64|          0|
    |reg_243                   |   64|   0|   64|          0|
    |reg_247                   |   64|   0|   64|          0|
    |reg_253                   |   64|   0|   64|          0|
    |reg_259                   |   64|   0|   64|          0|
    |reg_2616                  |   64|   0|   64|          0|
    |reg_265                   |   64|   0|   64|          0|
    |reg_271                   |   64|   0|   64|          0|
    |reg_275                   |   64|   0|   64|          0|
    |reg_279                   |   64|   0|   64|          0|
    |reg_283                   |   64|   0|   64|          0|
    |reg_2861                  |   64|   0|   64|          0|
    |reg_295                   |   64|   0|   64|          0|
    |reg_301                   |   64|   0|   64|          0|
    |reg_305                   |   64|   0|   64|          0|
    |reg_3129                  |   64|   0|   64|          0|
    |reg_313                   |   64|   0|   64|          0|
    |reg_323                   |   64|   0|   64|          0|
    |reg_329                   |   64|   0|   64|          0|
    |reg_335                   |   64|   0|   64|          0|
    |reg_339                   |   64|   0|   64|          0|
    |reg_345                   |   64|   0|   64|          0|
    |reg_349                   |   64|   0|   64|          0|
    |reg_357                   |   64|   0|   64|          0|
    |reg_365                   |   64|   0|   64|          0|
    |reg_369                   |   64|   0|   64|          0|
    |reg_373                   |   64|   0|   64|          0|
    |reg_381                   |   64|   0|   64|          0|
    |reg_4236                  |   38|   0|   38|          0|
    |reg_4240                  |   39|   0|   39|          0|
    |reg_430                   |   64|   0|   64|          0|
    |reg_435                   |   64|   0|   64|          0|
    |reg_458                   |   64|   0|   64|          0|
    |reg_461                   |   64|   0|   64|          0|
    |reg_740                   |   64|   0|   64|          0|
    |reg_758                   |   64|   0|   64|          0|
    |reg_763                   |   64|   0|   64|          0|
    |tmp_1058_reg_5175         |   32|   0|   32|          0|
    |tmp_1092_reg_291          |   32|   0|   32|          0|
    |tmp_1568_reg_4840         |   64|   0|   64|          0|
    |tmp_1569_reg_4845         |   64|   0|   64|          0|
    |tmp_1570_reg_4850         |   64|   0|   64|          0|
    |tmp_1571_reg_4855         |   64|   0|   64|          0|
    |tmp_1572_reg_4860         |   64|   0|   64|          0|
    |tmp_1573_reg_4865         |   64|   0|   64|          0|
    |tmp_1574_reg_4870         |   64|   0|   64|          0|
    |tmp_1575_reg_4875         |   64|   0|   64|          0|
    |tmp_1577_reg_4885         |   64|   0|   64|          0|
    |tmp_1578_reg_4890         |   63|   0|   64|          1|
    |tmp_1579_reg_4900         |   64|   0|   64|          0|
    |tmp_1580_reg_4905         |   64|   0|   64|          0|
    |tmp_1581_reg_4920         |   64|   0|   64|          0|
    |tmp_1582_reg_4930         |   64|   0|   64|          0|
    |tmp_1583_reg_4935         |   63|   0|   64|          1|
    |tmp_1584_reg_4950         |   64|   0|   64|          0|
    |tmp_1585_reg_4960         |   64|   0|   64|          0|
    |tmp_1586_reg_4965         |   64|   0|   64|          0|
    |tmp_1587_reg_4985         |   64|   0|   64|          0|
    |tmp_1588_reg_4990         |   63|   0|   64|          1|
    |tmp_1589_reg_5000         |   64|   0|   64|          0|
    |tmp_1590_reg_5010         |   64|   0|   64|          0|
    |tmp_1591_reg_5020         |   64|   0|   64|          0|
    |tmp_1592_reg_5035         |   64|   0|   64|          0|
    |tmp_1593_reg_5040         |   63|   0|   64|          1|
    |tmp_1594_reg_5050         |   64|   0|   64|          0|
    |tmp_1595_reg_5065         |   64|   0|   64|          0|
    |tmp_1596_reg_5070         |   64|   0|   64|          0|
    |tmp_1597_reg_5095         |   64|   0|   64|          0|
    |tmp_1598_reg_5100         |   63|   0|   64|          1|
    |tmp_1631_reg_4955         |   32|   0|   32|          0|
    |tmp_1632_reg_5025         |   32|   0|   32|          0|
    |tmp_1633_reg_5115         |   32|   0|   32|          0|
    |tmp_1634_reg_5120         |   32|   0|   32|          0|
    |tmp_1635_reg_5060         |   32|   0|   32|          0|
    |tmp_1636_reg_5135         |   32|   0|   32|          0|
    |tmp_1637_reg_4995         |   32|   0|   32|          0|
    |tmp_1638_reg_5140         |   32|   0|   32|          0|
    |tmp_1639_reg_4975         |   32|   0|   32|          0|
    |tmp_1640_reg_5055         |   32|   0|   32|          0|
    |tmp_1641_reg_4910         |   32|   0|   32|          0|
    |tmp_1642_reg_5145         |   32|   0|   32|          0|
    |tmp_1643_reg_5085         |   32|   0|   32|          0|
    |tmp_1644_reg_5150         |   32|   0|   32|          0|
    |tmp_1645_reg_5015         |   32|   0|   32|          0|
    |tmp_1646_reg_5155         |   32|   0|   32|          0|
    |tmp_1647_reg_5005         |   32|   0|   32|          0|
    |tmp_1648_reg_5080         |   32|   0|   32|          0|
    |tmp_1649_reg_4940         |   32|   0|   32|          0|
    |tmp_1650_reg_5160         |   32|   0|   32|          0|
    |tmp_1651_reg_5165         |   32|   0|   32|          0|
    |tmp_1652_reg_4915         |   32|   0|   32|          0|
    |tmp_1653_reg_5045         |   32|   0|   32|          0|
    |tmp_1654_reg_5170         |   32|   0|   32|          0|
    |tmp_1655_reg_5125         |   32|   0|   32|          0|
    |tmp_1656_reg_5130         |   58|   0|   58|          0|
    |tmp_1657_reg_5185         |   32|   0|   32|          0|
    |tmp_1658_reg_4945         |   32|   0|   32|          0|
    |tmp_1659_reg_5075         |   32|   0|   32|          0|
    |tmp_1660_reg_5190         |   32|   0|   32|          0|
    |tmp_1661_reg_4895         |   32|   0|   32|          0|
    |tmp_1662_reg_4970         |   32|   0|   32|          0|
    |tmp_1663_reg_5200         |   32|   0|   32|          0|
    |tmp_1664_reg_5205         |   32|   0|   32|          0|
    |tmp_1665_reg_5105         |   32|   0|   32|          0|
    |tmp_1666_reg_5210         |   32|   0|   32|          0|
    |tmp_1667_reg_5110         |   58|   0|   58|          0|
    |tmp_693_reg_5180          |   39|   0|   39|          0|
    |tmp_695_reg_5195          |   32|   0|   32|          0|
    |tmp_701_reg_5215          |   32|   0|   32|          0|
    |tmp_reg_4830              |   64|   0|   64|          0|
    |tmp_s_reg_4835            |   64|   0|   64|          0|
    +--------------------------+-----+----+-----+-----------+
    |Total                     | 7498|   0| 7503|          5|
    +--------------------------+-----+----+-----+-----------+



================================================================
== Interface
================================================================
* Summary: 
+-------------+-----+-----+------------+--------------+--------------+
|  RTL Ports  | Dir | Bits|  Protocol  | Source Object|    C Type    |
+-------------+-----+-----+------------+--------------+--------------+
|ap_clk       |  in |    1| ap_ctrl_hs |   fe_mul.1   | return value |
|ap_rst       |  in |    1| ap_ctrl_hs |   fe_mul.1   | return value |
|ap_start     |  in |    1| ap_ctrl_hs |   fe_mul.1   | return value |
|ap_done      | out |    1| ap_ctrl_hs |   fe_mul.1   | return value |
|ap_idle      | out |    1| ap_ctrl_hs |   fe_mul.1   | return value |
|ap_ready     | out |    1| ap_ctrl_hs |   fe_mul.1   | return value |
|ap_return_0  | out |   32| ap_ctrl_hs |   fe_mul.1   | return value |
|ap_return_1  | out |   32| ap_ctrl_hs |   fe_mul.1   | return value |
|ap_return_2  | out |   32| ap_ctrl_hs |   fe_mul.1   | return value |
|ap_return_3  | out |   32| ap_ctrl_hs |   fe_mul.1   | return value |
|ap_return_4  | out |   32| ap_ctrl_hs |   fe_mul.1   | return value |
|ap_return_5  | out |   32| ap_ctrl_hs |   fe_mul.1   | return value |
|ap_return_6  | out |   32| ap_ctrl_hs |   fe_mul.1   | return value |
|ap_return_7  | out |   32| ap_ctrl_hs |   fe_mul.1   | return value |
|ap_return_8  | out |   32| ap_ctrl_hs |   fe_mul.1   | return value |
|ap_return_9  | out |   32| ap_ctrl_hs |   fe_mul.1   | return value |
|f_0_read     |  in |   32|   ap_none  |   f_0_read   |    scalar    |
|f_1_read     |  in |   32|   ap_none  |   f_1_read   |    scalar    |
|f_2_read     |  in |   32|   ap_none  |   f_2_read   |    scalar    |
|f_3_read     |  in |   32|   ap_none  |   f_3_read   |    scalar    |
|f_4_read     |  in |   32|   ap_none  |   f_4_read   |    scalar    |
|f_5_read     |  in |   32|   ap_none  |   f_5_read   |    scalar    |
|f_6_read     |  in |   32|   ap_none  |   f_6_read   |    scalar    |
|f_7_read     |  in |   32|   ap_none  |   f_7_read   |    scalar    |
|f_8_read     |  in |   32|   ap_none  |   f_8_read   |    scalar    |
|f_9_read     |  in |   32|   ap_none  |   f_9_read   |    scalar    |
|g_0_read     |  in |   32|   ap_none  |   g_0_read   |    scalar    |
|g_1_read     |  in |   32|   ap_none  |   g_1_read   |    scalar    |
|g_2_read     |  in |   32|   ap_none  |   g_2_read   |    scalar    |
|g_3_read     |  in |   32|   ap_none  |   g_3_read   |    scalar    |
|g_4_read     |  in |   32|   ap_none  |   g_4_read   |    scalar    |
|g_5_read     |  in |   32|   ap_none  |   g_5_read   |    scalar    |
|g_6_read     |  in |   32|   ap_none  |   g_6_read   |    scalar    |
|g_7_read     |  in |   32|   ap_none  |   g_7_read   |    scalar    |
|g_8_read     |  in |   32|   ap_none  |   g_8_read   |    scalar    |
|g_9_read     |  in |   32|   ap_none  |   g_9_read   |    scalar    |
+-------------+-----+-----+------------+--------------+--------------+

