

================================================================
== Vivado HLS Report for 'fe_tobytes_1'
================================================================
* Date:           Mon Sep 25 21:40:49 2017

* Version:        2017.2 (Build 1909853 on Thu Jun 15 18:55:24 MDT 2017)
* Project:        ed25519
* Solution:       solution1
* Product family: zynquplus
* Target device:  xczu9eg-ffvb1156-2-i


================================================================
== Performance Estimates
================================================================
+ Timing (ns): 
    * Summary: 
    +--------+-------+----------+------------+
    |  Clock | Target| Estimated| Uncertainty|
    +--------+-------+----------+------------+
    |ap_clk  |  10.00|      3.53|        1.25|
    +--------+-------+----------+------------+

+ Latency (clock cycles): 
    * Summary: 
    +-----+-----+-----+-----+---------+
    |  Latency  |  Interval | Pipeline|
    | min | max | min | max |   Type  |
    +-----+-----+-----+-----+---------+
    |   57|   57|   57|   57|   none  |
    +-----+-----+-----+-----+---------+

    + Detail: 
        * Instance: 
        N/A

        * Loop: 
        N/A



================================================================
== Utilization Estimates
================================================================
* Summary: 
+-----------------+---------+-------+--------+--------+-----+
|       Name      | BRAM_18K| DSP48E|   FF   |   LUT  | URAM|
+-----------------+---------+-------+--------+--------+-----+
|DSP              |        -|      -|       -|       -|    -|
|Expression       |        -|      4|     101|      86|    -|
|FIFO             |        -|      -|       -|       -|    -|
|Instance         |        -|      -|       -|       -|    -|
|Memory           |        -|      -|       -|       -|    -|
|Multiplexer      |        -|      -|       -|    1062|    -|
|Register         |        -|      -|     778|       -|    -|
+-----------------+---------+-------+--------+--------+-----+
|Total            |        0|      4|     879|    1148|    0|
+-----------------+---------+-------+--------+--------+-----+
|Available        |     1824|   2520|  548160|  274080|    0|
+-----------------+---------+-------+--------+--------+-----+
|Utilization (%)  |        0|   ~0  |   ~0   |   ~0   |    0|
+-----------------+---------+-------+--------+--------+-----+

+ Detail: 
    * Instance: 
    N/A

    * DSP48: 
    N/A

    * Memory: 
    N/A

    * FIFO: 
    N/A

    * Expression: 
    +---------------+----------+-------+-----+----+------------+------------+
    | Variable Name | Operation| DSP48E|  FF | LUT| Bitwidth P0| Bitwidth P1|
    +---------------+----------+-------+-----+----+------------+------------+
    |grp_fu_797_p2  |     *    |      4|    0|  48|           6|          32|
    |grp_fu_594_p2  |     +    |      0|  101|  38|          32|          32|
    +---------------+----------+-------+-----+----+------------+------------+
    |Total          |          |      4|  101|  86|          38|          64|
    +---------------+----------+-------+-----+----+------------+------------+

    * Multiplexer: 
    +---------------+-----+-----------+-----+-----------+
    |      Name     | LUT | Input Size| Bits| Total Bits|
    +---------------+-----+-----------+-----+-----------+
    |ap_NS_fsm      |  258|         59|    1|         59|
    |grp_fu_594_p0  |  231|         50|   32|       1600|
    |grp_fu_594_p1  |  258|         59|   32|       1888|
    |grp_fu_797_p0  |   13|          3|    6|         18|
    |grp_fu_797_p1  |   13|          3|   32|         96|
    |s_address0     |  156|         33|    6|        198|
    |s_d0           |  133|         26|    8|        208|
    +---------------+-----+-----------+-----+-----------+
    |Total          | 1062|        233|  117|       4067|
    +---------------+-----+-----------+-----+-----------+

    * Register: 
    +-----------------------+----+----+-----+-----------+
    |          Name         | FF | LUT| Bits| Const Bits|
    +-----------------------+----+----+-----+-----------+
    |ap_CS_fsm              |  58|   0|   58|          0|
    |reg_962                |   7|   0|    7|          0|
    |reg_967                |   6|   0|    6|          0|
    |reg_972                |   6|   0|    6|          0|
    |reg_976                |   6|   0|    6|          0|
    |tmp_1349_reg_613       |  13|   0|   13|          0|
    |tmp_1384_reg_1933      |   8|   0|    8|          0|
    |tmp_1385_reg_1723      |   8|   0|    8|          0|
    |tmp_1386_reg_1728      |  16|   0|   16|          0|
    |tmp_1387_reg_1733      |  24|   0|   24|          0|
    |tmp_1388_reg_1743      |  14|   0|   14|          0|
    |tmp_1389_reg_1748      |  22|   0|   22|          0|
    |tmp_1390_reg_1753      |  30|   0|   30|          0|
    |tmp_1391_reg_1768      |  13|   0|   13|          0|
    |tmp_1392_reg_1773      |  21|   0|   21|          0|
    |tmp_1393_reg_1778      |  29|   0|   29|          0|
    |tmp_1394_reg_1793      |  11|   0|   11|          0|
    |tmp_1395_reg_1798      |  19|   0|   19|          0|
    |tmp_1396_reg_1803      |  27|   0|   27|          0|
    |tmp_1397_reg_1818      |  10|   0|   10|          0|
    |tmp_1398_reg_1823      |  18|   0|   18|          0|
    |tmp_1399_reg_1828      |  26|   0|   26|          0|
    |tmp_1400_reg_1843      |   8|   0|    8|          0|
    |tmp_1401_reg_1848      |  16|   0|   16|          0|
    |tmp_1402_reg_1853      |  24|   0|   24|          0|
    |tmp_1403_reg_1863      |  15|   0|   15|          0|
    |tmp_1404_reg_1868      |  23|   0|   23|          0|
    |tmp_1405_reg_1873      |  31|   0|   31|          0|
    |tmp_1406_reg_1888      |  13|   0|   13|          0|
    |tmp_1407_reg_1893      |  21|   0|   21|          0|
    |tmp_1408_reg_1898      |  29|   0|   29|          0|
    |tmp_1409_reg_1913      |  12|   0|   12|          0|
    |tmp_1410_reg_1918      |  20|   0|   20|          0|
    |tmp_1411_reg_1923      |  28|   0|   28|          0|
    |tmp_1412_reg_1698      |  26|   0|   26|          0|
    |tmp_1413_reg_1703      |  10|   0|   10|          0|
    |tmp_1414_reg_1708      |  18|   0|   18|          0|
    |tmp_1415_reg_1758      |   6|   0|    6|          0|
    |tmp_1416_reg_1783      |   5|   0|    5|          0|
    |tmp_1417_reg_1808      |   3|   0|    3|          0|
    |tmp_1418_reg_1833      |   2|   0|    2|          0|
    |tmp_1419_reg_1973      |   1|   0|    1|          0|
    |tmp_1420_reg_1878      |   7|   0|    7|          0|
    |tmp_1421_reg_1903      |   5|   0|    5|          0|
    |tmp_1422_reg_1928      |   4|   0|    4|          0|
    |tmp_1423_reg_1713      |   2|   0|    2|          0|
    |tmp_502_reg_1988       |   7|   0|    7|          0|
    |tmp_505_cast_reg_1938  |   2|   0|    2|          0|
    |tmp_511_cast_reg_1948  |   3|   0|    3|          0|
    |tmp_512_reg_1943       |   5|   0|    5|          0|
    |tmp_518_cast_reg_1958  |   5|   0|    5|          0|
    |tmp_519_reg_1953       |   3|   0|    3|          0|
    |tmp_525_cast_reg_1968  |   6|   0|    6|          0|
    |tmp_526_reg_1963       |   2|   0|    2|          0|
    |tmp_538_cast_reg_1983  |   3|   0|    3|          0|
    |tmp_539_reg_1978       |   5|   0|    5|          0|
    |tmp_545_cast_reg_2001  |   4|   0|    4|          0|
    |tmp_546_reg_1996       |   4|   0|    4|          0|
    |tmp_552_cast_reg_2011  |   6|   0|    6|          0|
    |tmp_553_reg_2006       |   2|   0|    2|          0|
    +-----------------------+----+----+-----+-----------+
    |Total                  | 778|   0|  778|          0|
    +-----------------------+----+----+-----+-----------+



================================================================
== Interface
================================================================
* Summary: 
+------------+-----+-----+------------+--------------+--------------+
|  RTL Ports | Dir | Bits|  Protocol  | Source Object|    C Type    |
+------------+-----+-----+------------+--------------+--------------+
|ap_clk      |  in |    1| ap_ctrl_hs | fe_tobytes.1 | return value |
|ap_rst      |  in |    1| ap_ctrl_hs | fe_tobytes.1 | return value |
|ap_start    |  in |    1| ap_ctrl_hs | fe_tobytes.1 | return value |
|ap_done     | out |    1| ap_ctrl_hs | fe_tobytes.1 | return value |
|ap_idle     | out |    1| ap_ctrl_hs | fe_tobytes.1 | return value |
|ap_ready    | out |    1| ap_ctrl_hs | fe_tobytes.1 | return value |
|s_address0  | out |    6|  ap_memory |       s      |     array    |
|s_ce0       | out |    1|  ap_memory |       s      |     array    |
|s_we0       | out |    1|  ap_memory |       s      |     array    |
|s_d0        | out |    8|  ap_memory |       s      |     array    |
|p_read      |  in |   32|   ap_none  |    p_read    |    scalar    |
|p_read1     |  in |   32|   ap_none  |    p_read1   |    scalar    |
|p_read2     |  in |   32|   ap_none  |    p_read2   |    scalar    |
|p_read3     |  in |   32|   ap_none  |    p_read3   |    scalar    |
|p_read4     |  in |   32|   ap_none  |    p_read4   |    scalar    |
|p_read5     |  in |   32|   ap_none  |    p_read5   |    scalar    |
|p_read6     |  in |   32|   ap_none  |    p_read6   |    scalar    |
|p_read7     |  in |   32|   ap_none  |    p_read7   |    scalar    |
|p_read8     |  in |   32|   ap_none  |    p_read8   |    scalar    |
|p_read9     |  in |   32|   ap_none  |    p_read9   |    scalar    |
+------------+-----+-----+------------+--------------+--------------+

