

================================================================
== Vivado HLS Report for 'ge_scalarmult_base'
================================================================
* Date:           Mon Sep 25 21:40:47 2017

* Version:        2017.2 (Build 1909853 on Thu Jun 15 18:55:24 MDT 2017)
* Project:        ed25519
* Solution:       solution1
* Product family: zynquplus
* Target device:  xczu9eg-ffvb1156-2-i


================================================================
== Performance Estimates
================================================================
+ Timing (ns): 
    * Summary: 
    +--------+-------+----------+------------+
    |  Clock | Target| Estimated| Uncertainty|
    +--------+-------+----------+------------+
    |ap_clk  |  10.00|      4.78|        1.25|
    +--------+-------+----------+------------+

+ Latency (clock cycles): 
    * Summary: 
    +--------+--------+--------+--------+---------+
    |     Latency     |     Interval    | Pipeline|
    |   min  |   max  |   min  |   max  |   Type  |
    +--------+--------+--------+--------+---------+
    |  101570|  101570|  101570|  101570|   none  |
    +--------+--------+--------+--------+---------+

    + Detail: 
        * Instance: 
        +---------------------------+---------------+-----+-----+-----+-----+---------+
        |                           |               |  Latency  |  Interval | Pipeline|
        |          Instance         |     Module    | min | max | min | max |   Type  |
        +---------------------------+---------------+-----+-----+-----+-----+---------+
        |grp_ge_p1p1_to_p3_fu_1747  |ge_p1p1_to_p3  |  804|  804|  804|  804|   none  |
        |grp_ge_p2_dbl_fu_1748      |ge_p2_dbl      |  414|  414|  414|  414|   none  |
        |grp_ge_p1p1_to_p2_fu_1749  |ge_p1p1_to_p2  |  606|  606|  606|  606|   none  |
        |grp_fe_copy_fu_3204        |fe_copy        |    0|    0|    0|    0|   none  |
        |grp_ge_madd_fu_3248        |ge_madd        |  418|  418|  418|  418|   none  |
        |grp_select_r_fu_3402       |select_r       |  289|  289|  289|  289|   none  |
        +---------------------------+---------------+-----+-----+-----+-----+---------+

        * Loop: 
        +----------+-------+-------+----------+-----------+-----------+------+----------+
        |          |    Latency    | Iteration|  Initiation Interval  | Trip |          |
        | Loop Name|  min  |  max  |  Latency |  achieved |   target  | Count| Pipelined|
        +----------+-------+-------+----------+-----------+-----------+------+----------+
        |- Loop 1  |     64|     64|         2|          -|          -|    32|    no    |
        |- Loop 2  |    189|    189|         3|          -|          -|    63|    no    |
        |- Loop 3  |  48512|  48512|      1516|          -|          -|    32|    no    |
        |- Loop 4  |  48512|  48512|      1516|          -|          -|    32|    no    |
        +----------+-------+-------+----------+-----------+-----------+------+----------+



================================================================
== Utilization Estimates
================================================================
* Summary: 
+-----------------+---------+-------+--------+--------+-----+
|       Name      | BRAM_18K| DSP48E|   FF   |   LUT  | URAM|
+-----------------+---------+-------+--------+--------+-----+
|DSP              |        -|      -|       -|       -|    -|
|Expression       |        -|      -|      58|      37|    -|
|FIFO             |        -|      -|       -|       -|    -|
|Instance         |       21|     35|   73616|   27869|    -|
|Memory           |        1|      -|       0|       0|    -|
|Multiplexer      |        -|      -|       -|    2601|    -|
|Register         |        -|      -|    9055|       -|    -|
+-----------------+---------+-------+--------+--------+-----+
|Total            |       22|     35|   82729|   30507|    0|
+-----------------+---------+-------+--------+--------+-----+
|Available        |     1824|   2520|  548160|  274080|    0|
+-----------------+---------+-------+--------+--------+-----+
|Utilization (%)  |        1|      1|      15|      11|    0|
+-----------------+---------+-------+--------+--------+-----+

+ Detail: 
    * Instance: 
    +---------------------------+---------------+---------+-------+-------+------+
    |          Instance         |     Module    | BRAM_18K| DSP48E|   FF  |  LUT |
    +---------------------------+---------------+---------+-------+-------+------+
    |grp_fe_copy_fu_3204        |fe_copy        |        0|      0|      0|     0|
    |grp_ge_madd_fu_3248        |ge_madd        |        0|     15|  29387|  9599|
    |grp_ge_p1p1_to_p2_fu_1749  |ge_p1p1_to_p2  |        0|      5|  10265|  3287|
    |grp_ge_p1p1_to_p3_fu_1747  |ge_p1p1_to_p3  |        0|      5|  10906|  3425|
    |grp_ge_p2_dbl_fu_1748      |ge_p2_dbl      |        0|     10|  16772|  5743|
    |grp_select_r_fu_3402       |select_r       |       21|      0|   6286|  5815|
    +---------------------------+---------------+---------+-------+-------+------+
    |Total                      |               |       21|     35|  73616| 27869|
    +---------------------------+---------------+---------+-------+-------+------+

    * DSP48: 
    N/A

    * Memory: 
    +-------+----------------------+---------+---+----+------+-----+------+-------------+
    | Memory|        Module        | BRAM_18K| FF| LUT| Words| Bits| Banks| W*Bits*Banks|
    +-------+----------------------+---------+---+----+------+-----+------+-------------+
    |e_U    |ge_scalarmult_basncg  |        1|  0|   0|    64|    8|     1|          512|
    +-------+----------------------+---------+---+----+------+-----+------+-------------+
    |Total  |                      |        1|  0|   0|    64|    8|     1|          512|
    +-------+----------------------+---------+---+----+------+-----+------+-------------+

    * FIFO: 
    N/A

    * Expression: 
    +---------------------+----------+-------+----+----+------------+------------+
    |    Variable Name    | Operation| DSP48E| FF | LUT| Bitwidth P0| Bitwidth P1|
    +---------------------+----------+-------+----+----+------------+------------+
    |grp_fu_1098_p2       |     +    |      0|  29|  14|           8|           8|
    |tmp_1336_fu_1732_p2  |     -    |      0|  29|  14|           8|           8|
    |grp_fu_3190_p2       |   icmp   |      0|   0|   3|           6|           6|
    |tmp_1330_fu_5386_p2  |    or    |      0|   0|   6|           6|           1|
    +---------------------+----------+-------+----+----+------------+------------+
    |Total                |          |      0|  58|  37|          28|          23|
    +---------------------+----------+-------+----+----+------------+------------+

    * Multiplexer: 
    +------------------------------------+-----+-----------+-----+-----------+
    |                Name                | LUT | Input Size| Bits| Total Bits|
    +------------------------------------+-----+-----------+-----+-----------+
    |ap_NS_fsm                           |  141|         28|    1|         28|
    |ap_return_0                         |    9|          2|   32|         64|
    |ap_return_1                         |    9|          2|   32|         64|
    |ap_return_10                        |    9|          2|   32|         64|
    |ap_return_11                        |    9|          2|   32|         64|
    |ap_return_12                        |    9|          2|   32|         64|
    |ap_return_13                        |    9|          2|   32|         64|
    |ap_return_14                        |    9|          2|   32|         64|
    |ap_return_15                        |    9|          2|   32|         64|
    |ap_return_16                        |    9|          2|   32|         64|
    |ap_return_17                        |    9|          2|   32|         64|
    |ap_return_18                        |    9|          2|   32|         64|
    |ap_return_19                        |    9|          2|   32|         64|
    |ap_return_2                         |    9|          2|   32|         64|
    |ap_return_20                        |    9|          2|   32|         64|
    |ap_return_21                        |    9|          2|   32|         64|
    |ap_return_22                        |    9|          2|   32|         64|
    |ap_return_23                        |    9|          2|   32|         64|
    |ap_return_24                        |    9|          2|   32|         64|
    |ap_return_25                        |    9|          2|   32|         64|
    |ap_return_26                        |    9|          2|   32|         64|
    |ap_return_27                        |    9|          2|   32|         64|
    |ap_return_28                        |    9|          2|   32|         64|
    |ap_return_29                        |    9|          2|   32|         64|
    |ap_return_3                         |    9|          2|   32|         64|
    |ap_return_4                         |    9|          2|   32|         64|
    |ap_return_5                         |    9|          2|   32|         64|
    |ap_return_6                         |    9|          2|   32|         64|
    |ap_return_7                         |    9|          2|   32|         64|
    |ap_return_8                         |    9|          2|   32|         64|
    |ap_return_9                         |    9|          2|   32|         64|
    |carry_reg_174                       |    9|          2|    4|          8|
    |e_address0                          |   25|          5|    6|         30|
    |e_address1                          |   25|          5|    6|         30|
    |e_d1                                |   17|          4|    8|         32|
    |grp_fe_copy_fu_3204_f_0_read        |   17|          4|   32|        128|
    |grp_fe_copy_fu_3204_f_1_read        |   17|          4|   32|        128|
    |grp_fe_copy_fu_3204_f_2_read        |   17|          4|   32|        128|
    |grp_fe_copy_fu_3204_f_3_read        |   17|          4|   32|        128|
    |grp_fe_copy_fu_3204_f_4_read        |   17|          4|   32|        128|
    |grp_fe_copy_fu_3204_f_5_read        |   17|          4|   32|        128|
    |grp_fe_copy_fu_3204_f_6_read        |   17|          4|   32|        128|
    |grp_fe_copy_fu_3204_f_7_read        |   17|          4|   32|        128|
    |grp_fe_copy_fu_3204_f_8_read        |   17|          4|   32|        128|
    |grp_fe_copy_fu_3204_f_9_read        |   17|          4|   32|        128|
    |grp_fu_1098_p0                      |   33|          7|    8|         56|
    |grp_fu_1098_p1                      |   25|          5|    8|         40|
    |grp_fu_3190_p0                      |   13|          3|    6|         18|
    |grp_fu_3190_p1                      |   13|          3|    6|         18|
    |grp_ge_madd_fu_3248_p_read1040      |   13|          3|   32|         96|
    |grp_ge_madd_fu_3248_p_read1141      |   13|          3|   32|         96|
    |grp_ge_madd_fu_3248_p_read1242      |   13|          3|   32|         96|
    |grp_ge_madd_fu_3248_p_read1343      |   13|          3|   32|         96|
    |grp_ge_madd_fu_3248_p_read141       |   13|          3|   32|         96|
    |grp_ge_madd_fu_3248_p_read1444      |   13|          3|   32|         96|
    |grp_ge_madd_fu_3248_p_read1545      |   13|          3|   32|         96|
    |grp_ge_madd_fu_3248_p_read1646      |   13|          3|   32|         96|
    |grp_ge_madd_fu_3248_p_read1747      |   13|          3|   32|         96|
    |grp_ge_madd_fu_3248_p_read1848      |   13|          3|   32|         96|
    |grp_ge_madd_fu_3248_p_read1949      |   13|          3|   32|         96|
    |grp_ge_madd_fu_3248_p_read2050      |   13|          3|   32|         96|
    |grp_ge_madd_fu_3248_p_read2151      |   13|          3|   32|         96|
    |grp_ge_madd_fu_3248_p_read2252      |   13|          3|   32|         96|
    |grp_ge_madd_fu_3248_p_read2353      |   13|          3|   32|         96|
    |grp_ge_madd_fu_3248_p_read242       |   13|          3|   32|         96|
    |grp_ge_madd_fu_3248_p_read2454      |   13|          3|   32|         96|
    |grp_ge_madd_fu_3248_p_read2555      |   13|          3|   32|         96|
    |grp_ge_madd_fu_3248_p_read2656      |   13|          3|   32|         96|
    |grp_ge_madd_fu_3248_p_read2757      |   13|          3|   32|         96|
    |grp_ge_madd_fu_3248_p_read2858      |   13|          3|   32|         96|
    |grp_ge_madd_fu_3248_p_read2959      |   13|          3|   32|         96|
    |grp_ge_madd_fu_3248_p_read3050      |   13|          3|   32|         96|
    |grp_ge_madd_fu_3248_p_read3151      |   13|          3|   32|         96|
    |grp_ge_madd_fu_3248_p_read3252      |   13|          3|   32|         96|
    |grp_ge_madd_fu_3248_p_read3353      |   13|          3|   32|         96|
    |grp_ge_madd_fu_3248_p_read343       |   13|          3|   32|         96|
    |grp_ge_madd_fu_3248_p_read3454      |   13|          3|   32|         96|
    |grp_ge_madd_fu_3248_p_read3555      |   13|          3|   32|         96|
    |grp_ge_madd_fu_3248_p_read3656      |   13|          3|   32|         96|
    |grp_ge_madd_fu_3248_p_read3757      |   13|          3|   32|         96|
    |grp_ge_madd_fu_3248_p_read3858      |   13|          3|   32|         96|
    |grp_ge_madd_fu_3248_p_read3959      |   13|          3|   32|         96|
    |grp_ge_madd_fu_3248_p_read40        |   13|          3|   32|         96|
    |grp_ge_madd_fu_3248_p_read444       |   13|          3|   32|         96|
    |grp_ge_madd_fu_3248_p_read545       |   13|          3|   32|         96|
    |grp_ge_madd_fu_3248_p_read646       |   13|          3|   32|         96|
    |grp_ge_madd_fu_3248_p_read747       |   13|          3|   32|         96|
    |grp_ge_madd_fu_3248_p_read848       |   13|          3|   32|         96|
    |grp_ge_madd_fu_3248_p_read949       |   13|          3|   32|         96|
    |grp_ge_p1p1_to_p3_fu_1747_p_read    |   13|          3|   32|         96|
    |grp_ge_p1p1_to_p3_fu_1747_p_read1   |   13|          3|   32|         96|
    |grp_ge_p1p1_to_p3_fu_1747_p_read10  |   13|          3|   32|         96|
    |grp_ge_p1p1_to_p3_fu_1747_p_read11  |   13|          3|   32|         96|
    |grp_ge_p1p1_to_p3_fu_1747_p_read12  |   13|          3|   32|         96|
    |grp_ge_p1p1_to_p3_fu_1747_p_read13  |   13|          3|   32|         96|
    |grp_ge_p1p1_to_p3_fu_1747_p_read14  |   13|          3|   32|         96|
    |grp_ge_p1p1_to_p3_fu_1747_p_read15  |   13|          3|   32|         96|
    |grp_ge_p1p1_to_p3_fu_1747_p_read16  |   13|          3|   32|         96|
    |grp_ge_p1p1_to_p3_fu_1747_p_read17  |   13|          3|   32|         96|
    |grp_ge_p1p1_to_p3_fu_1747_p_read18  |   13|          3|   32|         96|
    |grp_ge_p1p1_to_p3_fu_1747_p_read19  |   13|          3|   32|         96|
    |grp_ge_p1p1_to_p3_fu_1747_p_read2   |   13|          3|   32|         96|
    |grp_ge_p1p1_to_p3_fu_1747_p_read20  |   13|          3|   32|         96|
    |grp_ge_p1p1_to_p3_fu_1747_p_read21  |   13|          3|   32|         96|
    |grp_ge_p1p1_to_p3_fu_1747_p_read22  |   13|          3|   32|         96|
    |grp_ge_p1p1_to_p3_fu_1747_p_read23  |   13|          3|   32|         96|
    |grp_ge_p1p1_to_p3_fu_1747_p_read24  |   13|          3|   32|         96|
    |grp_ge_p1p1_to_p3_fu_1747_p_read25  |   13|          3|   32|         96|
    |grp_ge_p1p1_to_p3_fu_1747_p_read26  |   13|          3|   32|         96|
    |grp_ge_p1p1_to_p3_fu_1747_p_read27  |   13|          3|   32|         96|
    |grp_ge_p1p1_to_p3_fu_1747_p_read28  |   13|          3|   32|         96|
    |grp_ge_p1p1_to_p3_fu_1747_p_read29  |   13|          3|   32|         96|
    |grp_ge_p1p1_to_p3_fu_1747_p_read3   |   13|          3|   32|         96|
    |grp_ge_p1p1_to_p3_fu_1747_p_read30  |   13|          3|   32|         96|
    |grp_ge_p1p1_to_p3_fu_1747_p_read31  |   13|          3|   32|         96|
    |grp_ge_p1p1_to_p3_fu_1747_p_read32  |   13|          3|   32|         96|
    |grp_ge_p1p1_to_p3_fu_1747_p_read33  |   13|          3|   32|         96|
    |grp_ge_p1p1_to_p3_fu_1747_p_read34  |   13|          3|   32|         96|
    |grp_ge_p1p1_to_p3_fu_1747_p_read35  |   13|          3|   32|         96|
    |grp_ge_p1p1_to_p3_fu_1747_p_read36  |   13|          3|   32|         96|
    |grp_ge_p1p1_to_p3_fu_1747_p_read37  |   13|          3|   32|         96|
    |grp_ge_p1p1_to_p3_fu_1747_p_read38  |   13|          3|   32|         96|
    |grp_ge_p1p1_to_p3_fu_1747_p_read39  |   13|          3|   32|         96|
    |grp_ge_p1p1_to_p3_fu_1747_p_read4   |   13|          3|   32|         96|
    |grp_ge_p1p1_to_p3_fu_1747_p_read5   |   13|          3|   32|         96|
    |grp_ge_p1p1_to_p3_fu_1747_p_read6   |   13|          3|   32|         96|
    |grp_ge_p1p1_to_p3_fu_1747_p_read7   |   13|          3|   32|         96|
    |grp_ge_p1p1_to_p3_fu_1747_p_read8   |   13|          3|   32|         96|
    |grp_ge_p1p1_to_p3_fu_1747_p_read9   |   13|          3|   32|         96|
    |grp_ge_p2_dbl_fu_1748_p_read1051    |   13|          3|   32|         96|
    |grp_ge_p2_dbl_fu_1748_p_read1152    |   13|          3|   32|         96|
    |grp_ge_p2_dbl_fu_1748_p_read1253    |   13|          3|   32|         96|
    |grp_ge_p2_dbl_fu_1748_p_read1354    |   13|          3|   32|         96|
    |grp_ge_p2_dbl_fu_1748_p_read142     |   13|          3|   32|         96|
    |grp_ge_p2_dbl_fu_1748_p_read1455    |   13|          3|   32|         96|
    |grp_ge_p2_dbl_fu_1748_p_read1556    |   13|          3|   32|         96|
    |grp_ge_p2_dbl_fu_1748_p_read1657    |   13|          3|   32|         96|
    |grp_ge_p2_dbl_fu_1748_p_read1758    |   13|          3|   32|         96|
    |grp_ge_p2_dbl_fu_1748_p_read1859    |   13|          3|   32|         96|
    |grp_ge_p2_dbl_fu_1748_p_read1960    |   13|          3|   32|         96|
    |grp_ge_p2_dbl_fu_1748_p_read2040    |   13|          3|   32|         96|
    |grp_ge_p2_dbl_fu_1748_p_read2141    |   13|          3|   32|         96|
    |grp_ge_p2_dbl_fu_1748_p_read2242    |   13|          3|   32|         96|
    |grp_ge_p2_dbl_fu_1748_p_read2343    |   13|          3|   32|         96|
    |grp_ge_p2_dbl_fu_1748_p_read243     |   13|          3|   32|         96|
    |grp_ge_p2_dbl_fu_1748_p_read2444    |   13|          3|   32|         96|
    |grp_ge_p2_dbl_fu_1748_p_read2545    |   13|          3|   32|         96|
    |grp_ge_p2_dbl_fu_1748_p_read2646    |   13|          3|   32|         96|
    |grp_ge_p2_dbl_fu_1748_p_read2747    |   13|          3|   32|         96|
    |grp_ge_p2_dbl_fu_1748_p_read2848    |   13|          3|   32|         96|
    |grp_ge_p2_dbl_fu_1748_p_read2949    |   13|          3|   32|         96|
    |grp_ge_p2_dbl_fu_1748_p_read344     |   13|          3|   32|         96|
    |grp_ge_p2_dbl_fu_1748_p_read41      |   13|          3|   32|         96|
    |grp_ge_p2_dbl_fu_1748_p_read445     |   13|          3|   32|         96|
    |grp_ge_p2_dbl_fu_1748_p_read546     |   13|          3|   32|         96|
    |grp_ge_p2_dbl_fu_1748_p_read647     |   13|          3|   32|         96|
    |grp_ge_p2_dbl_fu_1748_p_read748     |   13|          3|   32|         96|
    |grp_ge_p2_dbl_fu_1748_p_read849     |   13|          3|   32|         96|
    |grp_ge_p2_dbl_fu_1748_p_read950     |   13|          3|   32|         96|
    |grp_select_r_fu_3402_pos_r          |   13|          3|    5|         15|
    |h_T_1_reg_568                       |    9|          2|   32|         64|
    |h_T_2_reg_580                       |    9|          2|   32|         64|
    |h_T_3_reg_592                       |    9|          2|   32|         64|
    |h_T_5_reg_616                       |    9|          2|   32|         64|
    |h_T_6_reg_628                       |    9|          2|   32|         64|
    |h_T_7_reg_640                       |    9|          2|   32|         64|
    |h_T_8_reg_652                       |    9|          2|   32|         64|
    |h_T_9_reg_664                       |    9|          2|   32|         64|
    |h_T_reg_556                         |    9|          2|   32|         64|
    |h_X_1_reg_208                       |    9|          2|   32|         64|
    |h_X_2_reg_220                       |    9|          2|   32|         64|
    |h_X_3_reg_232                       |    9|          2|   32|         64|
    |h_X_4_reg_244                       |    9|          2|   32|         64|
    |h_X_5_reg_256                       |    9|          2|   32|         64|
    |h_X_6_reg_268                       |    9|          2|   32|         64|
    |h_X_7_reg_280                       |    9|          2|   32|         64|
    |h_X_8_reg_292                       |    9|          2|   32|         64|
    |h_X_9_reg_304                       |    9|          2|   32|         64|
    |h_X_reg_196                         |    9|          2|   32|         64|
    |h_Y_1_reg_328                       |    9|          2|   32|         64|
    |h_Y_2_reg_340                       |    9|          2|   32|         64|
    |h_Y_3_reg_352                       |    9|          2|   32|         64|
    |h_Y_4_reg_364                       |    9|          2|   32|         64|
    |h_Y_5_reg_376                       |    9|          2|   32|         64|
    |h_Y_6_reg_388                       |    9|          2|   32|         64|
    |h_Y_7_reg_400                       |    9|          2|   32|         64|
    |h_Y_8_reg_412                       |    9|          2|   32|         64|
    |h_Y_9_reg_424                       |    9|          2|   32|         64|
    |h_Y_reg_316                         |    9|          2|   32|         64|
    |h_Z_1_reg_448                       |    9|          2|   32|         64|
    |h_Z_2_reg_460                       |    9|          2|   32|         64|
    |h_Z_3_reg_472                       |    9|          2|   32|         64|
    |h_Z_4_reg_484                       |    9|          2|   32|         64|
    |h_Z_5_reg_496                       |    9|          2|   32|         64|
    |h_Z_6_reg_508                       |    9|          2|   32|         64|
    |h_Z_7_reg_520                       |    9|          2|   32|         64|
    |h_Z_9_reg_544                       |    9|          2|   32|         64|
    |h_Z_reg_436                         |    9|          2|   32|         64|
    |i_1_reg_185                         |    9|          2|    6|         12|
    |i_2_reg_676                         |    9|          2|    7|         14|
    |i_3_reg_1087                        |    9|          2|    7|         14|
    |reg_162                             |   13|          3|    7|         21|
    |reg_4366                            |    9|          2|    8|         16|
    |reg_532                             |   13|          3|   32|         96|
    |reg_604                             |   13|          3|   32|         96|
    +------------------------------------+-----+-----------+-----+-----------+
    |Total                               | 2601|        588| 6173|      16736|
    +------------------------------------+-----+-----------+-----+-----------+

    * Register: 
    +-------------------------------------------+----+----+-----+-----------+
    |                    Name                   | FF | LUT| Bits| Const Bits|
    +-------------------------------------------+----+----+-----+-----------+
    |ap_CS_fsm                                  |  27|   0|   27|          0|
    |ap_reg_grp_ge_madd_fu_3248_ap_start        |   1|   0|    1|          0|
    |ap_reg_grp_ge_p1p1_to_p2_fu_1749_ap_start  |   1|   0|    1|          0|
    |ap_reg_grp_ge_p1p1_to_p3_fu_1747_ap_start  |   1|   0|    1|          0|
    |ap_reg_grp_ge_p2_dbl_fu_1748_ap_start      |   1|   0|    1|          0|
    |ap_reg_grp_select_r_fu_3402_ap_start       |   1|   0|    1|          0|
    |ap_return_0_preg                           |  32|   0|   32|          0|
    |ap_return_10_preg                          |  32|   0|   32|          0|
    |ap_return_11_preg                          |  32|   0|   32|          0|
    |ap_return_12_preg                          |  32|   0|   32|          0|
    |ap_return_13_preg                          |  32|   0|   32|          0|
    |ap_return_14_preg                          |  32|   0|   32|          0|
    |ap_return_15_preg                          |  32|   0|   32|          0|
    |ap_return_16_preg                          |  32|   0|   32|          0|
    |ap_return_17_preg                          |  32|   0|   32|          0|
    |ap_return_18_preg                          |  32|   0|   32|          0|
    |ap_return_19_preg                          |  32|   0|   32|          0|
    |ap_return_1_preg                           |  32|   0|   32|          0|
    |ap_return_20_preg                          |  32|   0|   32|          0|
    |ap_return_21_preg                          |  32|   0|   32|          0|
    |ap_return_22_preg                          |  32|   0|   32|          0|
    |ap_return_23_preg                          |  32|   0|   32|          0|
    |ap_return_24_preg                          |  32|   0|   32|          0|
    |ap_return_25_preg                          |  32|   0|   32|          0|
    |ap_return_26_preg                          |  32|   0|   32|          0|
    |ap_return_27_preg                          |  32|   0|   32|          0|
    |ap_return_28_preg                          |  32|   0|   32|          0|
    |ap_return_29_preg                          |  32|   0|   32|          0|
    |ap_return_2_preg                           |  32|   0|   32|          0|
    |ap_return_3_preg                           |  32|   0|   32|          0|
    |ap_return_4_preg                           |  32|   0|   32|          0|
    |ap_return_5_preg                           |  32|   0|   32|          0|
    |ap_return_6_preg                           |  32|   0|   32|          0|
    |ap_return_7_preg                           |  32|   0|   32|          0|
    |ap_return_8_preg                           |  32|   0|   32|          0|
    |ap_return_9_preg                           |  32|   0|   32|          0|
    |carry_cast_reg_5659                        |   8|   0|    8|          0|
    |carry_reg_174                              |   4|   0|    4|          0|
    |e_addr_3_reg_5667                          |   6|   0|    6|          0|
    |h_T_0_1_reg_987                            |  32|   0|   32|          0|
    |h_T_1_1_reg_997                            |  32|   0|   32|          0|
    |h_T_1_reg_568                              |  32|   0|   32|          0|
    |h_T_2_1_reg_1007                           |  32|   0|   32|          0|
    |h_T_2_reg_580                              |  32|   0|   32|          0|
    |h_T_3_1_reg_1017                           |  32|   0|   32|          0|
    |h_T_3_reg_592                              |  32|   0|   32|          0|
    |h_T_4_1_reg_1027                           |  32|   0|   32|          0|
    |h_T_5_1_reg_1037                           |  32|   0|   32|          0|
    |h_T_5_reg_616                              |  32|   0|   32|          0|
    |h_T_6_1_reg_1047                           |  32|   0|   32|          0|
    |h_T_6_reg_628                              |  32|   0|   32|          0|
    |h_T_7_1_reg_1057                           |  32|   0|   32|          0|
    |h_T_7_reg_640                              |  32|   0|   32|          0|
    |h_T_8_1_reg_1067                           |  32|   0|   32|          0|
    |h_T_8_reg_652                              |  32|   0|   32|          0|
    |h_T_9_1_reg_1077                           |  32|   0|   32|          0|
    |h_T_9_reg_664                              |  32|   0|   32|          0|
    |h_T_reg_556                                |  32|   0|   32|          0|
    |h_X_0_1_reg_687                            |  32|   0|   32|          0|
    |h_X_1_1_reg_697                            |  32|   0|   32|          0|
    |h_X_1_reg_208                              |  32|   0|   32|          0|
    |h_X_2_1_reg_707                            |  32|   0|   32|          0|
    |h_X_2_reg_220                              |  32|   0|   32|          0|
    |h_X_3_1_reg_717                            |  32|   0|   32|          0|
    |h_X_3_reg_232                              |  32|   0|   32|          0|
    |h_X_4_1_reg_727                            |  32|   0|   32|          0|
    |h_X_4_reg_244                              |  32|   0|   32|          0|
    |h_X_5_1_reg_737                            |  32|   0|   32|          0|
    |h_X_5_reg_256                              |  32|   0|   32|          0|
    |h_X_6_1_reg_747                            |  32|   0|   32|          0|
    |h_X_6_reg_268                              |  32|   0|   32|          0|
    |h_X_7_1_reg_757                            |  32|   0|   32|          0|
    |h_X_7_reg_280                              |  32|   0|   32|          0|
    |h_X_8_1_reg_767                            |  32|   0|   32|          0|
    |h_X_8_reg_292                              |  32|   0|   32|          0|
    |h_X_9_1_reg_777                            |  32|   0|   32|          0|
    |h_X_9_reg_304                              |  32|   0|   32|          0|
    |h_X_reg_196                                |  32|   0|   32|          0|
    |h_Y_0_1_reg_787                            |  32|   0|   32|          0|
    |h_Y_1_1_reg_797                            |  32|   0|   32|          0|
    |h_Y_1_reg_328                              |  32|   0|   32|          0|
    |h_Y_2_1_reg_807                            |  32|   0|   32|          0|
    |h_Y_2_reg_340                              |  32|   0|   32|          0|
    |h_Y_3_1_reg_817                            |  32|   0|   32|          0|
    |h_Y_3_reg_352                              |  32|   0|   32|          0|
    |h_Y_4_1_reg_827                            |  32|   0|   32|          0|
    |h_Y_4_reg_364                              |  32|   0|   32|          0|
    |h_Y_5_1_reg_837                            |  32|   0|   32|          0|
    |h_Y_5_reg_376                              |  32|   0|   32|          0|
    |h_Y_6_1_reg_847                            |  32|   0|   32|          0|
    |h_Y_6_reg_388                              |  32|   0|   32|          0|
    |h_Y_7_1_reg_857                            |  32|   0|   32|          0|
    |h_Y_7_reg_400                              |  32|   0|   32|          0|
    |h_Y_8_1_reg_867                            |  32|   0|   32|          0|
    |h_Y_8_reg_412                              |  32|   0|   32|          0|
    |h_Y_9_1_reg_877                            |  32|   0|   32|          0|
    |h_Y_9_reg_424                              |  32|   0|   32|          0|
    |h_Y_reg_316                                |  32|   0|   32|          0|
    |h_Z_0_1_reg_887                            |  32|   0|   32|          0|
    |h_Z_1_1_reg_897                            |  32|   0|   32|          0|
    |h_Z_1_reg_448                              |  32|   0|   32|          0|
    |h_Z_2_1_reg_907                            |  32|   0|   32|          0|
    |h_Z_2_reg_460                              |  32|   0|   32|          0|
    |h_Z_3_1_reg_917                            |  32|   0|   32|          0|
    |h_Z_3_reg_472                              |  32|   0|   32|          0|
    |h_Z_4_1_reg_927                            |  32|   0|   32|          0|
    |h_Z_4_reg_484                              |  32|   0|   32|          0|
    |h_Z_5_1_reg_937                            |  32|   0|   32|          0|
    |h_Z_5_reg_496                              |  32|   0|   32|          0|
    |h_Z_6_1_reg_947                            |  32|   0|   32|          0|
    |h_Z_6_reg_508                              |  32|   0|   32|          0|
    |h_Z_7_1_reg_957                            |  32|   0|   32|          0|
    |h_Z_7_reg_520                              |  32|   0|   32|          0|
    |h_Z_8_1_reg_967                            |  32|   0|   32|          0|
    |h_Z_9_1_reg_977                            |  32|   0|   32|          0|
    |h_Z_9_reg_544                              |  32|   0|   32|          0|
    |h_Z_reg_436                                |  32|   0|   32|          0|
    |i_1_reg_185                                |   6|   0|    6|          0|
    |i_2_reg_676                                |   7|   0|    7|          0|
    |i_3_reg_1087                               |   7|   0|    7|          0|
    |p_lshr_f8_cast_reg_5850                    |   5|   0|    5|          0|
    |p_lshr_f_cast_reg_5687                     |   5|   0|    5|          0|
    |q_X_0_reg_5697                             |  32|   0|   32|          0|
    |q_X_1_reg_5702                             |  32|   0|   32|          0|
    |q_X_2_reg_5707                             |  32|   0|   32|          0|
    |q_X_3_reg_5712                             |  32|   0|   32|          0|
    |q_X_4_reg_5717                             |  32|   0|   32|          0|
    |q_X_5_reg_5722                             |  32|   0|   32|          0|
    |q_X_6_reg_5727                             |  32|   0|   32|          0|
    |q_X_7_reg_5732                             |  32|   0|   32|          0|
    |q_X_8_reg_5737                             |  32|   0|   32|          0|
    |q_X_9_reg_5742                             |  32|   0|   32|          0|
    |q_Y_0_reg_5747                             |  32|   0|   32|          0|
    |q_Y_1_reg_5752                             |  32|   0|   32|          0|
    |q_Y_2_reg_5757                             |  32|   0|   32|          0|
    |q_Y_3_reg_5762                             |  32|   0|   32|          0|
    |q_Y_4_reg_5767                             |  32|   0|   32|          0|
    |q_Y_5_reg_5772                             |  32|   0|   32|          0|
    |q_Y_6_reg_5777                             |  32|   0|   32|          0|
    |q_Y_7_reg_5782                             |  32|   0|   32|          0|
    |q_Y_8_reg_5787                             |  32|   0|   32|          0|
    |q_Y_9_reg_5792                             |  32|   0|   32|          0|
    |q_Z_0_reg_5797                             |  32|   0|   32|          0|
    |q_Z_1_reg_5802                             |  32|   0|   32|          0|
    |q_Z_2_reg_5807                             |  32|   0|   32|          0|
    |q_Z_3_reg_5812                             |  32|   0|   32|          0|
    |q_Z_4_reg_5817                             |  32|   0|   32|          0|
    |q_Z_5_reg_5822                             |  32|   0|   32|          0|
    |q_Z_6_reg_5827                             |  32|   0|   32|          0|
    |q_Z_7_reg_5832                             |  32|   0|   32|          0|
    |q_Z_8_reg_5837                             |  32|   0|   32|          0|
    |q_Z_9_reg_5842                             |  32|   0|   32|          0|
    |reg_162                                    |   7|   0|    7|          0|
    |reg_4366                                   |   8|   0|    8|          0|
    |reg_4372                                   |  32|   0|   32|          0|
    |reg_4377                                   |  32|   0|   32|          0|
    |reg_4382                                   |  32|   0|   32|          0|
    |reg_4387                                   |  32|   0|   32|          0|
    |reg_4392                                   |  32|   0|   32|          0|
    |reg_4397                                   |  32|   0|   32|          0|
    |reg_4402                                   |  32|   0|   32|          0|
    |reg_4407                                   |  32|   0|   32|          0|
    |reg_4412                                   |  32|   0|   32|          0|
    |reg_4417                                   |  32|   0|   32|          0|
    |reg_4422                                   |  32|   0|   32|          0|
    |reg_4427                                   |  32|   0|   32|          0|
    |reg_4432                                   |  32|   0|   32|          0|
    |reg_4437                                   |  32|   0|   32|          0|
    |reg_4442                                   |  32|   0|   32|          0|
    |reg_4447                                   |  32|   0|   32|          0|
    |reg_4452                                   |  32|   0|   32|          0|
    |reg_4457                                   |  32|   0|   32|          0|
    |reg_4462                                   |  32|   0|   32|          0|
    |reg_4467                                   |  32|   0|   32|          0|
    |reg_4472                                   |  32|   0|   32|          0|
    |reg_4477                                   |  32|   0|   32|          0|
    |reg_4482                                   |  32|   0|   32|          0|
    |reg_4487                                   |  32|   0|   32|          0|
    |reg_4492                                   |  32|   0|   32|          0|
    |reg_4497                                   |  32|   0|   32|          0|
    |reg_4502                                   |  32|   0|   32|          0|
    |reg_4507                                   |  32|   0|   32|          0|
    |reg_4512                                   |  32|   0|   32|          0|
    |reg_4517                                   |  32|   0|   32|          0|
    |reg_4522                                   |  32|   0|   32|          0|
    |reg_4527                                   |  32|   0|   32|          0|
    |reg_4532                                   |  32|   0|   32|          0|
    |reg_4537                                   |  32|   0|   32|          0|
    |reg_4542                                   |  32|   0|   32|          0|
    |reg_4547                                   |  32|   0|   32|          0|
    |reg_4552                                   |  32|   0|   32|          0|
    |reg_4557                                   |  32|   0|   32|          0|
    |reg_4562                                   |  32|   0|   32|          0|
    |reg_4567                                   |  32|   0|   32|          0|
    |reg_4572                                   |  32|   0|   32|          0|
    |reg_4577                                   |  32|   0|   32|          0|
    |reg_4582                                   |  32|   0|   32|          0|
    |reg_4587                                   |  32|   0|   32|          0|
    |reg_4592                                   |  32|   0|   32|          0|
    |reg_4597                                   |  32|   0|   32|          0|
    |reg_4602                                   |  32|   0|   32|          0|
    |reg_4607                                   |  32|   0|   32|          0|
    |reg_4612                                   |  32|   0|   32|          0|
    |reg_4617                                   |  32|   0|   32|          0|
    |reg_4622                                   |  32|   0|   32|          0|
    |reg_4627                                   |  32|   0|   32|          0|
    |reg_4632                                   |  32|   0|   32|          0|
    |reg_4637                                   |  32|   0|   32|          0|
    |reg_4642                                   |  32|   0|   32|          0|
    |reg_4647                                   |  32|   0|   32|          0|
    |reg_4652                                   |  32|   0|   32|          0|
    |reg_4657                                   |  32|   0|   32|          0|
    |reg_4662                                   |  32|   0|   32|          0|
    |reg_4667                                   |  32|   0|   32|          0|
    |reg_4672                                   |  32|   0|   32|          0|
    |reg_4677                                   |  32|   0|   32|          0|
    |reg_4682                                   |  32|   0|   32|          0|
    |reg_4687                                   |  32|   0|   32|          0|
    |reg_4692                                   |  32|   0|   32|          0|
    |reg_4697                                   |  32|   0|   32|          0|
    |reg_4702                                   |  32|   0|   32|          0|
    |reg_4707                                   |  32|   0|   32|          0|
    |reg_4712                                   |  32|   0|   32|          0|
    |reg_4717                                   |  32|   0|   32|          0|
    |reg_4962                                   |  32|   0|   32|          0|
    |reg_4968                                   |  32|   0|   32|          0|
    |reg_4974                                   |  32|   0|   32|          0|
    |reg_4980                                   |  32|   0|   32|          0|
    |reg_4986                                   |  32|   0|   32|          0|
    |reg_4992                                   |  32|   0|   32|          0|
    |reg_4998                                   |  32|   0|   32|          0|
    |reg_5004                                   |  32|   0|   32|          0|
    |reg_5010                                   |  32|   0|   32|          0|
    |reg_5016                                   |  32|   0|   32|          0|
    |reg_5022                                   |  32|   0|   32|          0|
    |reg_5028                                   |  32|   0|   32|          0|
    |reg_5034                                   |  32|   0|   32|          0|
    |reg_5040                                   |  32|   0|   32|          0|
    |reg_5046                                   |  32|   0|   32|          0|
    |reg_5052                                   |  32|   0|   32|          0|
    |reg_5058                                   |  32|   0|   32|          0|
    |reg_5064                                   |  32|   0|   32|          0|
    |reg_5070                                   |  32|   0|   32|          0|
    |reg_5076                                   |  32|   0|   32|          0|
    |reg_5082                                   |  32|   0|   32|          0|
    |reg_5088                                   |  32|   0|   32|          0|
    |reg_5094                                   |  32|   0|   32|          0|
    |reg_5100                                   |  32|   0|   32|          0|
    |reg_5106                                   |  32|   0|   32|          0|
    |reg_5112                                   |  32|   0|   32|          0|
    |reg_5118                                   |  32|   0|   32|          0|
    |reg_5124                                   |  32|   0|   32|          0|
    |reg_5130                                   |  32|   0|   32|          0|
    |reg_5136                                   |  32|   0|   32|          0|
    |reg_5142                                   |  32|   0|   32|          0|
    |reg_5148                                   |  32|   0|   32|          0|
    |reg_5154                                   |  32|   0|   32|          0|
    |reg_5160                                   |  32|   0|   32|          0|
    |reg_5166                                   |  32|   0|   32|          0|
    |reg_5172                                   |  32|   0|   32|          0|
    |reg_5178                                   |  32|   0|   32|          0|
    |reg_5184                                   |  32|   0|   32|          0|
    |reg_5190                                   |  32|   0|   32|          0|
    |reg_5196                                   |  32|   0|   32|          0|
    |reg_5202                                   |  32|   0|   32|          0|
    |reg_5207                                   |  32|   0|   32|          0|
    |reg_5212                                   |  32|   0|   32|          0|
    |reg_5217                                   |  32|   0|   32|          0|
    |reg_5222                                   |  32|   0|   32|          0|
    |reg_5227                                   |  32|   0|   32|          0|
    |reg_5232                                   |  32|   0|   32|          0|
    |reg_5237                                   |  32|   0|   32|          0|
    |reg_5242                                   |  32|   0|   32|          0|
    |reg_5247                                   |  32|   0|   32|          0|
    |reg_5252                                   |  32|   0|   32|          0|
    |reg_5257                                   |  32|   0|   32|          0|
    |reg_5262                                   |  32|   0|   32|          0|
    |reg_5267                                   |  32|   0|   32|          0|
    |reg_5272                                   |  32|   0|   32|          0|
    |reg_5277                                   |  32|   0|   32|          0|
    |reg_5282                                   |  32|   0|   32|          0|
    |reg_5287                                   |  32|   0|   32|          0|
    |reg_5292                                   |  32|   0|   32|          0|
    |reg_5297                                   |  32|   0|   32|          0|
    |reg_5302                                   |  32|   0|   32|          0|
    |reg_5307                                   |  32|   0|   32|          0|
    |reg_5312                                   |  32|   0|   32|          0|
    |reg_5317                                   |  32|   0|   32|          0|
    |reg_532                                    |  32|   0|   32|          0|
    |reg_5322                                   |  32|   0|   32|          0|
    |reg_5327                                   |  32|   0|   32|          0|
    |reg_5332                                   |  32|   0|   32|          0|
    |reg_5337                                   |  32|   0|   32|          0|
    |reg_5342                                   |  32|   0|   32|          0|
    |reg_5347                                   |  32|   0|   32|          0|
    |reg_604                                    |  32|   0|   32|          0|
    +-------------------------------------------+----+----+-----+-----------+
    |Total                                      |9055|   0| 9055|          0|
    +-------------------------------------------+----+----+-----+-----------+



================================================================
== Interface
================================================================
* Summary: 
+--------------+-----+-----+------------+--------------------+--------------+
|   RTL Ports  | Dir | Bits|  Protocol  |    Source Object   |    C Type    |
+--------------+-----+-----+------------+--------------------+--------------+
|ap_clk        |  in |    1| ap_ctrl_hs | ge_scalarmult_base | return value |
|ap_rst        |  in |    1| ap_ctrl_hs | ge_scalarmult_base | return value |
|ap_start      |  in |    1| ap_ctrl_hs | ge_scalarmult_base | return value |
|ap_done       | out |    1| ap_ctrl_hs | ge_scalarmult_base | return value |
|ap_idle       | out |    1| ap_ctrl_hs | ge_scalarmult_base | return value |
|ap_ready      | out |    1| ap_ctrl_hs | ge_scalarmult_base | return value |
|ap_return_0   | out |   32| ap_ctrl_hs | ge_scalarmult_base | return value |
|ap_return_1   | out |   32| ap_ctrl_hs | ge_scalarmult_base | return value |
|ap_return_2   | out |   32| ap_ctrl_hs | ge_scalarmult_base | return value |
|ap_return_3   | out |   32| ap_ctrl_hs | ge_scalarmult_base | return value |
|ap_return_4   | out |   32| ap_ctrl_hs | ge_scalarmult_base | return value |
|ap_return_5   | out |   32| ap_ctrl_hs | ge_scalarmult_base | return value |
|ap_return_6   | out |   32| ap_ctrl_hs | ge_scalarmult_base | return value |
|ap_return_7   | out |   32| ap_ctrl_hs | ge_scalarmult_base | return value |
|ap_return_8   | out |   32| ap_ctrl_hs | ge_scalarmult_base | return value |
|ap_return_9   | out |   32| ap_ctrl_hs | ge_scalarmult_base | return value |
|ap_return_10  | out |   32| ap_ctrl_hs | ge_scalarmult_base | return value |
|ap_return_11  | out |   32| ap_ctrl_hs | ge_scalarmult_base | return value |
|ap_return_12  | out |   32| ap_ctrl_hs | ge_scalarmult_base | return value |
|ap_return_13  | out |   32| ap_ctrl_hs | ge_scalarmult_base | return value |
|ap_return_14  | out |   32| ap_ctrl_hs | ge_scalarmult_base | return value |
|ap_return_15  | out |   32| ap_ctrl_hs | ge_scalarmult_base | return value |
|ap_return_16  | out |   32| ap_ctrl_hs | ge_scalarmult_base | return value |
|ap_return_17  | out |   32| ap_ctrl_hs | ge_scalarmult_base | return value |
|ap_return_18  | out |   32| ap_ctrl_hs | ge_scalarmult_base | return value |
|ap_return_19  | out |   32| ap_ctrl_hs | ge_scalarmult_base | return value |
|ap_return_20  | out |   32| ap_ctrl_hs | ge_scalarmult_base | return value |
|ap_return_21  | out |   32| ap_ctrl_hs | ge_scalarmult_base | return value |
|ap_return_22  | out |   32| ap_ctrl_hs | ge_scalarmult_base | return value |
|ap_return_23  | out |   32| ap_ctrl_hs | ge_scalarmult_base | return value |
|ap_return_24  | out |   32| ap_ctrl_hs | ge_scalarmult_base | return value |
|ap_return_25  | out |   32| ap_ctrl_hs | ge_scalarmult_base | return value |
|ap_return_26  | out |   32| ap_ctrl_hs | ge_scalarmult_base | return value |
|ap_return_27  | out |   32| ap_ctrl_hs | ge_scalarmult_base | return value |
|ap_return_28  | out |   32| ap_ctrl_hs | ge_scalarmult_base | return value |
|ap_return_29  | out |   32| ap_ctrl_hs | ge_scalarmult_base | return value |
|a_address0    | out |    6|  ap_memory |          a         |     array    |
|a_ce0         | out |    1|  ap_memory |          a         |     array    |
|a_q0          |  in |    8|  ap_memory |          a         |     array    |
+--------------+-----+-----+------------+--------------------+--------------+

