

================================================================
== Vivado HLS Report for 'sc_muladd'
================================================================
* Date:           Thu Sep 28 12:41:22 2017

* Version:        2017.2 (Build 1909853 on Thu Jun 15 18:55:24 MDT 2017)
* Project:        ed25519
* Solution:       solution1
* Product family: zynquplus
* Target device:  xczu9eg-ffvb1156-2-i


================================================================
== Performance Estimates
================================================================
+ Timing (ns): 
    * Summary: 
    +--------+-------+----------+------------+
    |  Clock | Target| Estimated| Uncertainty|
    +--------+-------+----------+------------+
    |ap_clk  |  10.00|      6.43|        1.25|
    +--------+-------+----------+------------+

+ Latency (clock cycles): 
    * Summary: 
    +-----+-----+-----+-----+---------+
    |  Latency  |  Interval | Pipeline|
    | min | max | min | max |   Type  |
    +-----+-----+-----+-----+---------+
    |  488|  488|  488|  488|   none  |
    +-----+-----+-----+-----+---------+

    + Detail: 
        * Instance: 
        +---------------------+--------+-----+-----+-----+-----+---------+
        |                     |        |  Latency  |  Interval | Pipeline|
        |       Instance      | Module | min | max | min | max |   Type  |
        +---------------------+--------+-----+-----+-----+-----+---------+
        |grp_load_4_fu_30193  |load_4  |    4|    4|    4|    4|   none  |
        |grp_load_4_fu_30201  |load_4  |    4|    4|    4|    4|   none  |
        |grp_load_3_fu_30220  |load_3  |    3|    3|    3|    3|   none  |
        |grp_load_3_fu_30228  |load_3  |    3|    3|    3|    3|   none  |
        +---------------------+--------+-----+-----+-----+-----+---------+

        * Loop: 
        N/A



================================================================
== Utilization Estimates
================================================================
* Summary: 
+-----------------+---------+-------+--------+--------+-----+
|       Name      | BRAM_18K| DSP48E|   FF   |   LUT  | URAM|
+-----------------+---------+-------+--------+--------+-----+
|DSP              |        -|      -|       -|       -|    -|
|Expression       |        -|     32|    8914|    3543|    -|
|FIFO             |        -|      -|       -|       -|    -|
|Instance         |        -|      -|     464|     356|    -|
|Memory           |        -|      -|       -|       -|    -|
|Multiplexer      |        -|      -|       -|    6941|    -|
|Register         |        -|      -|   13336|       -|    -|
+-----------------+---------+-------+--------+--------+-----+
|Total            |        0|     32|   22714|   10840|    0|
+-----------------+---------+-------+--------+--------+-----+
|Available        |     1824|   2520|  548160|  274080|    0|
+-----------------+---------+-------+--------+--------+-----+
|Utilization (%)  |        0|      1|       4|       3|    0|
+-----------------+---------+-------+--------+--------+-----+

+ Detail: 
    * Instance: 
    +---------------------+--------+---------+-------+-----+-----+
    |       Instance      | Module | BRAM_18K| DSP48E|  FF | LUT |
    +---------------------+--------+---------+-------+-----+-----+
    |grp_load_3_fu_30220  |load_3  |        0|      0|   96|   75|
    |grp_load_3_fu_30228  |load_3  |        0|      0|   96|   75|
    |grp_load_4_fu_30193  |load_4  |        0|      0|  136|  103|
    |grp_load_4_fu_30201  |load_4  |        0|      0|  136|  103|
    +---------------------+--------+---------+-------+-----+-----+
    |Total                |        |        0|      0|  464|  356|
    +---------------------+--------+---------+-------+-----+-----+

    * DSP48: 
    N/A

    * Memory: 
    N/A

    * FIFO: 
    N/A

    * Expression: 
    +----------------------------------+----------+-------+-----+-----+------------+------------+
    |           Variable Name          | Operation| DSP48E|  FF | LUT | Bitwidth P0| Bitwidth P1|
    +----------------------------------+----------+-------+-----+-----+------------+------------+
    |grp_fu_17461_p2                   |     *    |     16|    0|  177|          22|          64|
    |grp_fu_3907_p2                    |     *    |     16|    0|  177|          26|          64|
    |grp_fu_744_p2                     |     +    |      0|  197|   70|          64|          64|
    |s0_6_fu_30694_p2                  |     -    |      0|  134|   49|          43|          43|
    |s0_8_fu_33068_p2                  |     -    |      0|  197|   70|          64|          64|
    |s10_7_fu_32875_p2                 |     -    |      0|  197|   70|          64|          64|
    |s10_8_fu_33588_p2                 |     -    |      0|  197|   70|          64|          64|
    |s10_9_fu_32643_p2                 |     -    |      0|  197|   70|          64|          64|
    |s11_10_fu_33236_p2                |     -    |      0|  197|   70|          64|          64|
    |s11_6_fu_32715_p2                 |     -    |      0|  197|   70|          64|          64|
    |s11_8_fu_32822_p2                 |     -    |      0|  197|   70|          64|          64|
    |s12_1_fu_32501_p2                 |     -    |      0|  197|   70|          64|          64|
    |s12_5_fu_32739_p2                 |     -    |      0|  197|   70|          64|          64|
    |s13_4_fu_32841_p2                 |     -    |      0|  197|   70|          64|          64|
    |s13_6_fu_32541_p2                 |     -    |      0|  197|   70|          64|          64|
    |s14_4_fu_32475_p2                 |     -    |      0|  197|   70|          64|          64|
    |s14_6_fu_32784_p2                 |     -    |      0|  197|   70|          64|          64|
    |s15_4_fu_32765_p2                 |     -    |      0|  197|   70|          64|          64|
    |s15_6_fu_32855_p2                 |     -    |      0|  197|   70|          64|          64|
    |s16_4_fu_32449_p2                 |     -    |      0|  197|   70|          64|          64|
    |s16_6_fu_32803_p2                 |     -    |      0|  197|   70|          64|          64|
    |s17_2_fu_32366_p2                 |     -    |      0|  197|   70|          64|          64|
    |s18_1_fu_32221_p2                 |     -    |      0|  197|   70|          64|          64|
    |s19_1_fu_32388_p2                 |     -    |      0|  197|   70|          64|          64|
    |s1_4_fu_33137_p2                  |     -    |      0|  197|   70|          64|          64|
    |s1_8_fu_32935_p2                  |     -    |      0|  137|   50|          44|          44|
    |s20_1_fu_32263_p2                 |     -    |      0|  197|   70|          64|          64|
    |s21_1_fu_32421_p2                 |     -    |      0|  197|   70|          64|          64|
    |s22_1_fu_32339_p2                 |     -    |      0|  197|   70|          64|          64|
    |s2_11_fu_30823_p2                 |     -    |      0|  140|   51|          45|          45|
    |s2_5_fu_33161_p2                  |     -    |      0|  197|   70|          64|          64|
    |s3_6_fu_33206_p2                  |     -    |      0|  197|   70|          64|          64|
    |s3_8_fu_32985_p2                  |     -    |      0|  140|   51|          45|          45|
    |s4_7_fu_33247_p2                  |     -    |      0|  197|   70|          64|          64|
    |s4_8_fu_30971_p2                  |     -    |      0|  143|   52|          46|          46|
    |s5_11_fu_32600_p2                 |     -    |      0|  143|   52|          46|          46|
    |s5_8_fu_33296_p2                  |     -    |      0|  197|   70|          64|          64|
    |s6_1_fu_32573_p2                  |     -    |      0|  197|   70|          64|          64|
    |s6_3_fu_32908_p2                  |     -    |      0|  197|   70|          64|          64|
    |s6_7_fu_33340_p2                  |     -    |      0|  197|   70|          64|          64|
    |s7_10_fu_33399_p2                 |     -    |      0|  197|   70|          64|          64|
    |s7_2_fu_32660_p2                  |     -    |      0|  197|   70|          64|          64|
    |s7_4_fu_32958_p2                  |     -    |      0|  197|   70|          64|          64|
    |s8_3_fu_32622_p2                  |     -    |      0|  197|   70|          64|          64|
    |s8_5_fu_32894_p2                  |     -    |      0|  197|   70|          64|          64|
    |s8_8_fu_33452_p2                  |     -    |      0|  197|   70|          64|          64|
    |s9_10_fu_33527_p2                 |     -    |      0|  197|   70|          64|          64|
    |s9_4_fu_32687_p2                  |     -    |      0|  197|   70|          64|          64|
    |s9_7_fu_33003_p2                  |     -    |      0|  197|   70|          64|          64|
    |ap_block_state12_on_subcall_done  |    or    |      0|    0|    2|           1|           1|
    |ap_block_state14_on_subcall_done  |    or    |      0|    0|    2|           1|           1|
    |ap_block_state28_on_subcall_done  |    or    |      0|    0|    2|           1|           1|
    |ap_block_state30_on_subcall_done  |    or    |      0|    0|    2|           1|           1|
    |tmp318_fu_34255_p2                |    xor   |      0|    0|    2|           1|           1|
    |tmp_404_fu_33842_p2               |    xor   |      0|    0|    2|           1|           1|
    |tmp_453_fu_34261_p2               |    xor   |      0|    0|    2|           1|           1|
    +----------------------------------+----------+-------+-----+-----+------------+------------+
    |Total                             |          |     32| 8914| 3543|        2948|        3028|
    +----------------------------------+----------+-------+-----+-----+------------+------------+

    * Multiplexer: 
    +-------------------------------+------+-----------+-----+-----------+
    |              Name             |  LUT | Input Size| Bits| Total Bits|
    +-------------------------------+------+-----------+-----+-----------+
    |a_address0                     |    13|          3|    6|         18|
    |a_ce0                          |    13|          3|    1|          3|
    |ap_NS_fsm                      |  2283|        430|    1|        430|
    |b_address0                     |    13|          3|    6|         18|
    |b_ce0                          |    13|          3|    1|          3|
    |c_address0                     |    13|          3|    6|         18|
    |c_ce0                          |    13|          3|    1|          3|
    |grp_fu_17461_p0                |    60|         11|   22|        242|
    |grp_fu_17461_p1                |    89|         18|   64|       1152|
    |grp_fu_3907_p0                 |   228|         49|   26|       1274|
    |grp_fu_3907_p1                 |   249|         56|   64|       3584|
    |grp_fu_744_p0                  |  1688|        311|   64|      19904|
    |grp_fu_744_p1                  |  1643|        302|   64|      19328|
    |grp_load_3_fu_30220_in_offset  |    33|          7|    7|         49|
    |grp_load_3_fu_30220_in_r_q0    |    13|          3|    8|         24|
    |grp_load_3_fu_30228_in_offset  |    33|          7|    7|         49|
    |grp_load_4_fu_30193_in_offset  |    33|          7|    7|         49|
    |grp_load_4_fu_30193_in_r_q0    |    13|          3|    8|         24|
    |grp_load_4_fu_30201_in_offset  |    33|          7|    7|         49|
    |reg_1054                       |     9|          2|   64|        128|
    |reg_1086                       |    13|          3|   64|        192|
    |reg_1098                       |     9|          2|   64|        128|
    |reg_1117                       |    13|          3|   64|        192|
    |reg_1122                       |    13|          3|   64|        192|
    |reg_1145                       |     9|          2|   64|        128|
    |reg_1152                       |     9|          2|   64|        128|
    |reg_1208                       |    13|          3|   64|        192|
    |reg_1227                       |     9|          2|   64|        128|
    |reg_1313                       |     9|          2|   64|        128|
    |reg_1402                       |     9|          2|   64|        128|
    |reg_1958                       |    13|          3|   64|        192|
    |reg_2276                       |    13|          3|   64|        192|
    |reg_868                        |     9|          2|   48|         96|
    |reg_960                        |    13|          3|   64|        192|
    |reg_998                        |    13|          3|   64|        192|
    |s_address0                     |   156|         33|    6|        198|
    |s_d0                           |   133|         26|    8|        208|
    +-------------------------------+------+-----------+-----+-----------+
    |Total                          |  6941|       1328| 1392|      49155|
    +-------------------------------+------+-----------+-----+-----------+

    * Register: 
    +-------------------------------------+-----+----+-----+-----------+
    |                 Name                |  FF | LUT| Bits| Const Bits|
    +-------------------------------------+-----+----+-----+-----------+
    |a0_cast_reg_34419                    |   21|   0|   42|         21|
    |a0_reg_34414                         |   21|   0|   21|          0|
    |a10_cast_reg_34720                   |   21|   0|   42|         21|
    |a10_reg_34715                        |   21|   0|   21|          0|
    |a11_cast_reg_34741                   |   25|   0|   46|         21|
    |a1_cast_reg_34451                    |   21|   0|   42|         21|
    |a1_reg_34446                         |   21|   0|   21|          0|
    |a2_cast_reg_34477                    |   21|   0|   42|         21|
    |a2_reg_34472                         |   21|   0|   21|          0|
    |a3_cast_reg_34514                    |   21|   0|   42|         21|
    |a3_reg_34509                         |   21|   0|   21|          0|
    |a4_cast_reg_34556                    |   21|   0|   42|         21|
    |a4_reg_34551                         |   21|   0|   21|          0|
    |a5_cast_reg_34598                    |   21|   0|   42|         21|
    |a5_reg_34593                         |   21|   0|   21|          0|
    |a6_cast_reg_34619                    |   21|   0|   42|         21|
    |a6_reg_34614                         |   21|   0|   21|          0|
    |a7_cast_reg_34646                    |   21|   0|   42|         21|
    |a7_reg_34641                         |   21|   0|   21|          0|
    |a8_cast_reg_34678                    |   21|   0|   42|         21|
    |a8_reg_34673                         |   21|   0|   21|          0|
    |a9_cast_reg_34699                    |   21|   0|   42|         21|
    |a9_reg_34694                         |   21|   0|   21|          0|
    |ap_CS_fsm                            |  429|   0|  429|          0|
    |ap_reg_grp_load_3_fu_30220_ap_start  |    1|   0|    1|          0|
    |ap_reg_grp_load_3_fu_30228_ap_start  |    1|   0|    1|          0|
    |ap_reg_grp_load_4_fu_30193_ap_start  |    1|   0|    1|          0|
    |ap_reg_grp_load_4_fu_30201_ap_start  |    1|   0|    1|          0|
    |b0_cast_reg_34424                    |   21|   0|   42|         21|
    |b0_reg_34403                         |   21|   0|   21|          0|
    |b10_cast_reg_34710                   |   21|   0|   42|         21|
    |b10_reg_34624                        |   21|   0|   21|          0|
    |b11_cast_reg_34731                   |   25|   0|   46|         21|
    |b1_cast_reg_34435                    |   21|   0|   42|         21|
    |b1_reg_34429                         |   21|   0|   21|          0|
    |b2_cast_reg_34467                    |   21|   0|   42|         21|
    |b2_reg_34456                         |   21|   0|   21|          0|
    |b3_cast_reg_34504                    |   21|   0|   42|         21|
    |b3_reg_34482                         |   21|   0|   21|          0|
    |b4_cast_reg_34546                    |   21|   0|   42|         21|
    |b4_reg_34493                         |   21|   0|   21|          0|
    |b5_cast_reg_34588                    |   21|   0|   42|         21|
    |b5_reg_34519                         |   21|   0|   21|          0|
    |b6_cast_reg_34609                    |   21|   0|   42|         21|
    |b6_reg_34535                         |   21|   0|   21|          0|
    |b7_cast_reg_34636                    |   21|   0|   42|         21|
    |b7_reg_34561                         |   21|   0|   21|          0|
    |b8_cast_reg_34668                    |   21|   0|   42|         21|
    |b8_reg_34572                         |   21|   0|   21|          0|
    |b9_cast_reg_34689                    |   21|   0|   42|         21|
    |b9_reg_34603                         |   21|   0|   21|          0|
    |c0_reg_34409                         |   21|   0|   21|          0|
    |c3_reg_34488                         |   21|   0|   21|          0|
    |c4_reg_34499                         |   21|   0|   21|          0|
    |c5_reg_34525                         |   21|   0|   21|          0|
    |c6_reg_34541                         |   21|   0|   21|          0|
    |c7_reg_34567                         |   21|   0|   21|          0|
    |c8_reg_34578                         |   21|   0|   21|          0|
    |carry0_reg_34440                     |   21|   0|   21|          0|
    |carry11_8_cast_reg_35012             |   63|   0|   63|          0|
    |carry11_9_cast_reg_35323             |   63|   0|   63|          0|
    |carry22_cast_reg_34782               |   29|   0|   63|         34|
    |carry22_reg_34793                    |   29|   0|   64|         35|
    |carry5_5_cast1_reg_35553             |   26|   0|   26|          0|
    |carry6_7_cast1_reg_35578             |   21|   0|   21|          0|
    |reg_1008                             |   64|   0|   64|          0|
    |reg_1018                             |   64|   0|   64|          0|
    |reg_1054                             |   64|   0|   64|          0|
    |reg_1086                             |   64|   0|   64|          0|
    |reg_1098                             |   64|   0|   64|          0|
    |reg_1117                             |   64|   0|   64|          0|
    |reg_1122                             |   64|   0|   64|          0|
    |reg_1130                             |   64|   0|   64|          0|
    |reg_1145                             |   64|   0|   64|          0|
    |reg_1152                             |   64|   0|   64|          0|
    |reg_1177                             |   64|   0|   64|          0|
    |reg_1186                             |   64|   0|   64|          0|
    |reg_1205                             |   64|   0|   64|          0|
    |reg_1208                             |   64|   0|   64|          0|
    |reg_1227                             |   64|   0|   64|          0|
    |reg_1236                             |   64|   0|   64|          0|
    |reg_1239                             |   64|   0|   64|          0|
    |reg_1259                             |   42|   0|   42|          0|
    |reg_1299                             |   42|   0|   42|          0|
    |reg_1313                             |   64|   0|   64|          0|
    |reg_1402                             |   64|   0|   64|          0|
    |reg_1872                             |   21|   0|   21|          0|
    |reg_1878                             |   44|   0|   44|          0|
    |reg_1958                             |   64|   0|   64|          0|
    |reg_1961                             |   64|   0|   64|          0|
    |reg_2033                             |   42|   0|   42|          0|
    |reg_2248                             |    8|   0|    8|          0|
    |reg_2276                             |   64|   0|   64|          0|
    |reg_2421                             |   42|   0|   42|          0|
    |reg_2530                             |   42|   0|   42|          0|
    |reg_2560                             |   42|   0|   42|          0|
    |reg_2593                             |   42|   0|   42|          0|
    |reg_2596                             |   42|   0|   42|          0|
    |reg_2599                             |   42|   0|   42|          0|
    |reg_2602                             |   42|   0|   42|          0|
    |reg_2703                             |   42|   0|   42|          0|
    |reg_2745                             |   42|   0|   42|          0|
    |reg_2748                             |   42|   0|   42|          0|
    |reg_2751                             |   42|   0|   42|          0|
    |reg_2790                             |   42|   0|   42|          0|
    |reg_2799                             |   42|   0|   42|          0|
    |reg_2892                             |   42|   0|   42|          0|
    |reg_2895                             |   42|   0|   42|          0|
    |reg_3002                             |   46|   0|   46|          0|
    |reg_30563                            |   21|   0|   21|          0|
    |reg_30567                            |   21|   0|   21|          0|
    |reg_30571                            |   22|   0|   22|          0|
    |reg_30575                            |   23|   0|   23|          0|
    |reg_30579                            |   24|   0|   24|          0|
    |reg_30583                            |   27|   0|   27|          0|
    |reg_30587                            |   27|   0|   27|          0|
    |reg_30591                            |   43|   0|   43|          0|
    |reg_30596                            |   43|   0|   43|          0|
    |reg_30601                            |   43|   0|   43|          0|
    |reg_30605                            |   43|   0|   43|          0|
    |reg_30609                            |   43|   0|   43|          0|
    |reg_30613                            |   43|   0|   43|          0|
    |reg_30617                            |   21|   0|   21|          0|
    |reg_30622                            |   42|   0|   42|          0|
    |reg_3125                             |   42|   0|   42|          0|
    |reg_3239                             |   42|   0|   42|          0|
    |reg_3250                             |   42|   0|   42|          0|
    |reg_3253                             |   42|   0|   42|          0|
    |reg_3317                             |   42|   0|   42|          0|
    |reg_3332                             |   42|   0|   42|          0|
    |reg_3335                             |   42|   0|   42|          0|
    |reg_3341                             |   42|   0|   42|          0|
    |reg_3548                             |   42|   0|   42|          0|
    |reg_751                              |   43|   0|   43|          0|
    |reg_759                              |   48|   0|   48|          0|
    |reg_766                              |   44|   0|   44|          0|
    |reg_775                              |   45|   0|   45|          0|
    |reg_781                              |   45|   0|   45|          0|
    |reg_790                              |   46|   0|   46|          0|
    |reg_795                              |   46|   0|   46|          0|
    |reg_800                              |   46|   0|   46|          0|
    |reg_806                              |   45|   0|   45|          0|
    |reg_815                              |   48|   0|   48|          0|
    |reg_827                              |   44|   0|   44|          0|
    |reg_833                              |   44|   0|   44|          0|
    |reg_837                              |   44|   0|   44|          0|
    |reg_841                              |   43|   0|   43|          0|
    |reg_845                              |   43|   0|   43|          0|
    |reg_849                              |   43|   0|   43|          0|
    |reg_855                              |   48|   0|   48|          0|
    |reg_862                              |   48|   0|   48|          0|
    |reg_868                              |   48|   0|   48|          0|
    |reg_872                              |   48|   0|   48|          0|
    |reg_876                              |   48|   0|   48|          0|
    |reg_894                              |   48|   0|   48|          0|
    |reg_907                              |   47|   0|   47|          0|
    |reg_918                              |   48|   0|   48|          0|
    |reg_947                              |   64|   0|   64|          0|
    |reg_952                              |   64|   0|   64|          0|
    |reg_957                              |   64|   0|   64|          0|
    |reg_960                              |   64|   0|   64|          0|
    |reg_965                              |   64|   0|   64|          0|
    |reg_974                              |   64|   0|   64|          0|
    |reg_985                              |   64|   0|   64|          0|
    |reg_988                              |   64|   0|   64|          0|
    |reg_998                              |   64|   0|   64|          0|
    |s0_6_reg_34462                       |   43|   0|   43|          0|
    |s10_7_reg_34919                      |   64|   0|   64|          0|
    |s10_9_reg_34861                      |   64|   0|   64|          0|
    |s11_10_reg_35082                     |   64|   0|   64|          0|
    |s11_6_reg_34877                      |   64|   0|   64|          0|
    |s11_8_reg_34902                      |   64|   0|   64|          0|
    |s12_1_reg_34836                      |   64|   0|   64|          0|
    |s12_5_reg_34882                      |   64|   0|   64|          0|
    |s13_4_reg_34907                      |   64|   0|   64|          0|
    |s13_6_reg_34841                      |   64|   0|   64|          0|
    |s14_4_reg_34831                      |   64|   0|   64|          0|
    |s14_6_reg_34892                      |   64|   0|   64|          0|
    |s15_4_reg_34887                      |   64|   0|   64|          0|
    |s15_6_reg_34913                      |   64|   0|   64|          0|
    |s16_4_reg_34826                      |   64|   0|   64|          0|
    |s16_6_reg_34897                      |   64|   0|   64|          0|
    |s17_2_reg_34809                      |   64|   0|   64|          0|
    |s18_1_reg_34764                      |   64|   0|   64|          0|
    |s19_1_reg_34814                      |   64|   0|   64|          0|
    |s1_10_reg_1867                       |   21|   0|   21|          0|
    |s1_8_reg_34934                       |   44|   0|   44|          0|
    |s20_1_reg_34769                      |   64|   0|   64|          0|
    |s21_1_reg_34820                      |   64|   0|   64|          0|
    |s21_reg_932                          |   48|   0|   48|          0|
    |s22_1_reg_34804                      |   64|   0|   64|          0|
    |s2_11_reg_34530                      |   45|   0|   45|          0|
    |s2_5_reg_35062                       |   64|   0|   64|          0|
    |s3_1_reg_1272                        |   21|   0|   21|          0|
    |s3_8_reg_34944                       |   45|   0|   45|          0|
    |s4_1_reg_1985                        |   21|   0|   21|          0|
    |s4_7_reg_35088                       |   64|   0|   64|          0|
    |s4_8_reg_34583                       |   46|   0|   46|          0|
    |s4_9_reg_1701                        |   61|   0|   61|          0|
    |s5_11_reg_34851                      |   46|   0|   46|          0|
    |s5_4_reg_2088                        |   21|   0|   21|          0|
    |s6_1_reg_34846                       |   64|   0|   64|          0|
    |s6_3_reg_34929                       |   64|   0|   64|          0|
    |s7_2_reg_34867                       |   64|   0|   64|          0|
    |s7_4_reg_34939                       |   64|   0|   64|          0|
    |s8_3_reg_34856                       |   64|   0|   64|          0|
    |s8_5_reg_34924                       |   64|   0|   64|          0|
    |s9_1_reg_1875                        |   21|   0|   21|          0|
    |s9_4_reg_34872                       |   64|   0|   64|          0|
    |s9_7_reg_34949                       |   64|   0|   64|          0|
    |tmp220_reg_923                       |   47|   0|   47|          0|
    |tmp223_reg_937                       |   47|   0|   47|          0|
    |tmp307_reg_2141                      |   44|   0|   44|          0|
    |tmp311_reg_1112                      |    2|   0|    2|          0|
    |tmp315_reg_1460                      |    3|   0|    3|          0|
    |tmp316_reg_3329                      |    6|   0|    6|          0|
    |tmp_1000_reg_3063                    |   46|   0|   46|          0|
    |tmp_1002_reg_2898                    |   42|   0|   42|          0|
    |tmp_1005_reg_8588                    |   42|   0|   42|          0|
    |tmp_1007_reg_1932                    |   42|   0|   42|          0|
    |tmp_1009_reg_3010                    |   46|   0|   46|          0|
    |tmp_1010_reg_3322                    |   42|   0|   42|          0|
    |tmp_1015_reg_2169                    |   42|   0|   42|          0|
    |tmp_1016_reg_10068                   |   46|   0|   46|          0|
    |tmp_1020_reg_3247                    |   42|   0|   42|          0|
    |tmp_1024_reg_3060                    |   46|   0|   46|          0|
    |tmp_1025_reg_10834                   |   42|   0|   42|          0|
    |tmp_1029_reg_12301                   |   46|   0|   46|          0|
    |tmp_1030_reg_16223                   |   46|   0|   46|          0|
    |tmp_1032_reg_12598                   |   42|   0|   42|          0|
    |tmp_1038_reg_16137                   |   46|   0|   46|          0|
    |tmp_1040_reg_3904                    |   42|   0|   42|          0|
    |tmp_1042_reg_3119                    |   46|   0|   46|          0|
    |tmp_1043_reg_3007                    |   46|   0|   46|          0|
    |tmp_1053_reg_34630                   |   24|   0|   24|          0|
    |tmp_1056_reg_34683                   |   25|   0|   25|          0|
    |tmp_1059_reg_34725                   |   25|   0|   25|          0|
    |tmp_1060_reg_34736                   |   25|   0|   25|          0|
    |tmp_1072_reg_34651                   |   25|   0|   25|          0|
    |tmp_1081_reg_34657                   |   25|   0|   25|          0|
    |tmp_1084_reg_34746                   |   27|   0|   27|          0|
    |tmp_1086_reg_34662                   |   24|   0|   24|          0|
    |tmp_1089_reg_34704                   |   25|   0|   25|          0|
    |tmp_1091_reg_34752                   |   27|   0|   27|          0|
    |tmp_1093_reg_34758                   |   27|   0|   27|          0|
    |tmp_1108_reg_34774                   |   29|   0|   29|          0|
    |tmp_1115_reg_34787                   |   27|   0|   27|          0|
    |tmp_1117_reg_34798                   |   27|   0|   27|          0|
    |tmp_1125_reg_2363                    |   63|   0|   63|          0|
    |tmp_1244_reg_35017                   |   21|   0|   21|          0|
    |tmp_1245_reg_35022                   |   21|   0|   21|          0|
    |tmp_1246_reg_35027                   |   24|   0|   24|          0|
    |tmp_1247_reg_35032                   |   24|   0|   24|          0|
    |tmp_1248_reg_35037                   |   16|   0|   16|          0|
    |tmp_1249_reg_35042                   |   16|   0|   16|          0|
    |tmp_1250_reg_35047                   |    8|   0|    8|          0|
    |tmp_1251_reg_35052                   |    8|   0|    8|          0|
    |tmp_1257_reg_35057                   |   21|   0|   21|          0|
    |tmp_1259_reg_35072                   |   21|   0|   21|          0|
    |tmp_1260_reg_35067                   |   21|   0|   21|          0|
    |tmp_1261_reg_35077                   |   21|   0|   21|          0|
    |tmp_1263_reg_35103                   |   21|   0|   21|          0|
    |tmp_1264_reg_35093                   |   21|   0|   21|          0|
    |tmp_1265_reg_35108                   |   21|   0|   21|          0|
    |tmp_1266_reg_35138                   |    2|   0|    2|          0|
    |tmp_1268_reg_35118                   |   21|   0|   21|          0|
    |tmp_1269_reg_35143                   |   21|   0|   21|          0|
    |tmp_1270_reg_35123                   |   26|   0|   26|          0|
    |tmp_1271_reg_35148                   |   26|   0|   26|          0|
    |tmp_1272_reg_35128                   |   18|   0|   18|          0|
    |tmp_1273_reg_35153                   |   18|   0|   18|          0|
    |tmp_1274_reg_35133                   |   10|   0|   10|          0|
    |tmp_1275_reg_35158                   |   10|   0|   10|          0|
    |tmp_1276_reg_35173                   |   21|   0|   21|          0|
    |tmp_1277_reg_35178                   |   13|   0|   13|          0|
    |tmp_1278_reg_35208                   |    8|   0|    8|          0|
    |tmp_1280_reg_35193                   |   21|   0|   21|          0|
    |tmp_1281_reg_35213                   |   21|   0|   21|          0|
    |tmp_1282_reg_35198                   |   24|   0|   24|          0|
    |tmp_1283_reg_35218                   |   24|   0|   24|          0|
    |tmp_1284_reg_35203                   |   16|   0|   16|          0|
    |tmp_1292_reg_35223                   |   16|   0|   16|          0|
    |tmp_1295_reg_35248                   |   21|   0|   21|          0|
    |tmp_1297_reg_35253                   |   27|   0|   27|          0|
    |tmp_1303_reg_35258                   |   19|   0|   19|          0|
    |tmp_1305_reg_35263                   |   11|   0|   11|          0|
    |tmp_1329_reg_35293                   |    6|   0|    6|          0|
    |tmp_1330_reg_35278                   |   21|   0|   21|          0|
    |tmp_1331_reg_35298                   |   21|   0|   21|          0|
    |tmp_1332_reg_35283                   |   22|   0|   22|          0|
    |tmp_1333_reg_35303                   |   22|   0|   22|          0|
    |tmp_1334_reg_35288                   |   14|   0|   14|          0|
    |tmp_1335_reg_35308                   |   14|   0|   14|          0|
    |tmp_1336_reg_35098                   |   21|   0|   21|          0|
    |tmp_1339_reg_35363                   |   11|   0|   11|          0|
    |tmp_1340_reg_35368                   |   19|   0|   19|          0|
    |tmp_1341_reg_35373                   |   27|   0|   27|          0|
    |tmp_1342_reg_35343                   |    8|   0|    8|          0|
    |tmp_1343_reg_35348                   |   16|   0|   16|          0|
    |tmp_1344_reg_35353                   |   24|   0|   24|          0|
    |tmp_1345_reg_35413                   |   14|   0|   14|          0|
    |tmp_1346_reg_35418                   |   22|   0|   22|          0|
    |tmp_1347_reg_35453                   |    9|   0|    9|          0|
    |tmp_1348_reg_35458                   |   17|   0|   17|          0|
    |tmp_1349_reg_35463                   |   25|   0|   25|          0|
    |tmp_1350_reg_35493                   |   12|   0|   12|          0|
    |tmp_1351_reg_35498                   |   20|   0|   20|          0|
    |tmp_1352_reg_35503                   |   28|   0|   28|          0|
    |tmp_1353_reg_35538                   |   15|   0|   15|          0|
    |tmp_1354_reg_35543                   |   23|   0|   23|          0|
    |tmp_1357_reg_35593                   |    3|   0|    3|          0|
    |tmp_1358_reg_35188                   |    5|   0|    5|          0|
    |tmp_1359_reg_35606                   |    3|   0|    3|          0|
    |tmp_1360_reg_35615                   |    3|   0|    3|          0|
    |tmp_1361_reg_35268                   |    3|   0|    3|          0|
    |tmp_1362_reg_35628                   |    3|   0|    3|          0|
    |tmp_1363_reg_35313                   |    9|   0|    9|          0|
    |tmp_1364_reg_35318                   |   17|   0|   17|          0|
    |tmp_1365_reg_35378                   |    3|   0|    3|          0|
    |tmp_1366_reg_35423                   |    6|   0|    6|          0|
    |tmp_1367_reg_35443                   |    1|   0|    1|          0|
    |tmp_1369_reg_35508                   |    4|   0|    4|          0|
    |tmp_1370_reg_35533                   |    1|   0|    1|          0|
    |tmp_1371_reg_35548                   |    7|   0|    7|          0|
    |tmp_310_reg_34954                    |   43|   0|   43|          0|
    |tmp_312_reg_34961                    |   43|   0|   43|          0|
    |tmp_314_reg_34968                    |   43|   0|   43|          0|
    |tmp_316_reg_34980                    |   43|   0|   43|          0|
    |tmp_318_reg_34992                    |   43|   0|   43|          0|
    |tmp_320_reg_35004                    |   43|   0|   43|          0|
    |tmp_333_reg_34975                    |    2|   0|    2|          0|
    |tmp_340_reg_34987                    |    8|   0|    8|          0|
    |tmp_341_reg_35183                    |    8|   0|    8|          0|
    |tmp_347_reg_34999                    |    6|   0|    6|          0|
    |tmp_370_reg_35113                    |    2|   0|    2|          0|
    |tmp_373_reg_35168                    |    5|   0|    5|          0|
    |tmp_381_reg_35243                    |    3|   0|    3|          0|
    |tmp_386_reg_35273                    |    6|   0|    6|          0|
    |tmp_387_cast_reg_35408               |    5|   0|    5|          0|
    |tmp_388_reg_35358                    |    3|   0|    3|          0|
    |tmp_394_cast_reg_35403               |    2|   0|    2|          0|
    |tmp_395_reg_35398                    |    6|   0|    6|          0|
    |tmp_398_reg_35163                    |   13|   0|   13|          0|
    |tmp_401_cast_reg_35448               |    7|   0|    7|          0|
    |tmp_408_cast_reg_35488               |    4|   0|    4|          0|
    |tmp_409_reg_35483                    |    4|   0|    4|          0|
    |tmp_414_reg_35228                    |   27|   0|   27|          0|
    |tmp_416_reg_35528                    |    7|   0|    7|          0|
    |tmp_419_reg_35233                    |   19|   0|   19|          0|
    |tmp_421_reg_35238                    |   11|   0|   11|          0|
    |tmp_422_cast_reg_35573               |    6|   0|    6|          0|
    |tmp_424_reg_35568                    |    2|   0|    2|          0|
    |tmp_429_cast_reg_35601               |    3|   0|    3|          0|
    |tmp_431_reg_35588                    |    5|   0|    5|          0|
    |tmp_436_cast_reg_35623               |    5|   0|    5|          0|
    |tmp_437_reg_35328                    |   11|   0|   11|          0|
    |tmp_441_reg_35333                    |   19|   0|   19|          0|
    |tmp_443_cast_reg_35640               |    2|   0|    2|          0|
    |tmp_443_reg_35338                    |   27|   0|   27|          0|
    |tmp_448_reg_1883                     |   16|   0|   16|          0|
    |tmp_450_reg_1284                     |   24|   0|   24|          0|
    |tmp_453_reg_35635                    |    1|   0|    1|          0|
    |tmp_455_reg_35383                    |   41|   0|   41|          0|
    |tmp_457_reg_35388                    |   14|   0|   14|          0|
    |tmp_459_reg_35393                    |   22|   0|   22|          0|
    |tmp_463_reg_35428                    |    9|   0|    9|          0|
    |tmp_465_reg_35433                    |   17|   0|   17|          0|
    |tmp_467_reg_35438                    |   25|   0|   25|          0|
    |tmp_471_reg_35468                    |   12|   0|   12|          0|
    |tmp_473_reg_35473                    |   20|   0|   20|          0|
    |tmp_475_reg_35478                    |   28|   0|   28|          0|
    |tmp_477_reg_35513                    |   40|   0|   40|          0|
    |tmp_479_reg_35518                    |   15|   0|   15|          0|
    |tmp_481_reg_35523                    |   23|   0|   23|          0|
    |tmp_486_reg_2708                     |   10|   0|   10|          0|
    |tmp_487_reg_35558                    |   10|   0|   10|          0|
    |tmp_489_reg_35563                    |   18|   0|   18|          0|
    |tmp_493_reg_35583                    |   13|   0|   13|          0|
    |tmp_930_reg_1602                     |   42|   0|   42|          0|
    |tmp_949_reg_3479                     |   42|   0|   42|          0|
    |tmp_950_reg_2850                     |   42|   0|   42|          0|
    |tmp_954_reg_3916                     |   42|   0|   42|          0|
    |tmp_957_reg_2793                     |   42|   0|   42|          0|
    |tmp_961_reg_2847                     |   42|   0|   42|          0|
    |tmp_964_reg_7407                     |   42|   0|   42|          0|
    |tmp_965_reg_2796                     |   42|   0|   42|          0|
    |tmp_966_reg_3244                     |   42|   0|   42|          0|
    |tmp_969_reg_2841                     |   42|   0|   42|          0|
    |tmp_971_reg_3122                     |   42|   0|   42|          0|
    |tmp_974_reg_3234                     |   42|   0|   42|          0|
    |tmp_976_reg_2844                     |   42|   0|   42|          0|
    |tmp_977_reg_2059                     |   42|   0|   42|          0|
    |tmp_978_reg_15810                    |   46|   0|   46|          0|
    |tmp_986_reg_1864                     |   42|   0|   42|          0|
    |tmp_990_reg_8112                     |   46|   0|   46|          0|
    |tmp_993_reg_2901                     |   42|   0|   42|          0|
    |tmp_996_reg_3338                     |   42|   0|   42|          0|
    |tmp_999_reg_3066                     |   46|   0|   46|          0|
    +-------------------------------------+-----+----+-----+-----------+
    |Total                                |13336|   0|13909|        573|
    +-------------------------------------+-----+----+-----+-----------+



================================================================
== Interface
================================================================
* Summary: 
+------------+-----+-----+------------+--------------+--------------+
|  RTL Ports | Dir | Bits|  Protocol  | Source Object|    C Type    |
+------------+-----+-----+------------+--------------+--------------+
|ap_clk      |  in |    1| ap_ctrl_hs |   sc_muladd  | return value |
|ap_rst      |  in |    1| ap_ctrl_hs |   sc_muladd  | return value |
|ap_start    |  in |    1| ap_ctrl_hs |   sc_muladd  | return value |
|ap_done     | out |    1| ap_ctrl_hs |   sc_muladd  | return value |
|ap_idle     | out |    1| ap_ctrl_hs |   sc_muladd  | return value |
|ap_ready    | out |    1| ap_ctrl_hs |   sc_muladd  | return value |
|s_address0  | out |    6|  ap_memory |       s      |     array    |
|s_ce0       | out |    1|  ap_memory |       s      |     array    |
|s_we0       | out |    1|  ap_memory |       s      |     array    |
|s_d0        | out |    8|  ap_memory |       s      |     array    |
|a_address0  | out |    6|  ap_memory |       a      |     array    |
|a_ce0       | out |    1|  ap_memory |       a      |     array    |
|a_q0        |  in |    8|  ap_memory |       a      |     array    |
|b_address0  | out |    6|  ap_memory |       b      |     array    |
|b_ce0       | out |    1|  ap_memory |       b      |     array    |
|b_q0        |  in |    8|  ap_memory |       b      |     array    |
|c_address0  | out |    6|  ap_memory |       c      |     array    |
|c_ce0       | out |    1|  ap_memory |       c      |     array    |
|c_q0        |  in |    8|  ap_memory |       c      |     array    |
+------------+-----+-----+------------+--------------+--------------+

