

================================================================
== Vivado HLS Report for 'sc_reduce'
================================================================
* Date:           Thu Sep 28 12:41:11 2017

* Version:        2017.2 (Build 1909853 on Thu Jun 15 18:55:24 MDT 2017)
* Project:        ed25519
* Solution:       solution1
* Product family: zynquplus
* Target device:  xczu9eg-ffvb1156-2-i


================================================================
== Performance Estimates
================================================================
+ Timing (ns): 
    * Summary: 
    +--------+-------+----------+------------+
    |  Clock | Target| Estimated| Uncertainty|
    +--------+-------+----------+------------+
    |ap_clk  |  10.00|      4.75|        1.25|
    +--------+-------+----------+------------+

+ Latency (clock cycles): 
    * Summary: 
    +-----+-----+-----+-----+---------+
    |  Latency  |  Interval | Pipeline|
    | min | max | min | max |   Type  |
    +-----+-----+-----+-----+---------+
    |  355|  355|  355|  355|   none  |
    +-----+-----+-----+-----+---------+

    + Detail: 
        * Instance: 
        +--------------------+--------+-----+-----+-----+-----+---------+
        |                    |        |  Latency  |  Interval | Pipeline|
        |      Instance      | Module | min | max | min | max |   Type  |
        +--------------------+--------+-----+-----+-----+-----+---------+
        |grp_load_4_fu_9592  |load_4  |    4|    4|    4|    4|   none  |
        |grp_load_3_fu_9612  |load_3  |    3|    3|    3|    3|   none  |
        +--------------------+--------+-----+-----+-----+-----+---------+

        * Loop: 
        N/A



================================================================
== Utilization Estimates
================================================================
* Summary: 
+-----------------+---------+-------+--------+--------+-----+
|       Name      | BRAM_18K| DSP48E|   FF   |   LUT  | URAM|
+-----------------+---------+-------+--------+--------+-----+
|DSP              |        -|      -|       -|       -|    -|
|Expression       |        -|     20|    4416|    1760|    -|
|FIFO             |        -|      -|       -|       -|    -|
|Instance         |        -|      -|     232|     178|    -|
|Memory           |        -|      -|       -|       -|    -|
|Multiplexer      |        -|      -|       -|    4425|    -|
|Register         |        -|      -|    7111|       -|    -|
+-----------------+---------+-------+--------+--------+-----+
|Total            |        0|     20|   11759|    6363|    0|
+-----------------+---------+-------+--------+--------+-----+
|Available        |     1824|   2520|  548160|  274080|    0|
+-----------------+---------+-------+--------+--------+-----+
|Utilization (%)  |        0|   ~0  |       2|       2|    0|
+-----------------+---------+-------+--------+--------+-----+

+ Detail: 
    * Instance: 
    +--------------------+--------+---------+-------+-----+-----+
    |      Instance      | Module | BRAM_18K| DSP48E|  FF | LUT |
    +--------------------+--------+---------+-------+-----+-----+
    |grp_load_3_fu_9612  |load_3  |        0|      0|   96|   75|
    |grp_load_4_fu_9592  |load_4  |        0|      0|  136|  103|
    +--------------------+--------+---------+-------+-----+-----+
    |Total               |        |        0|      0|  232|  178|
    +--------------------+--------+---------+-------+-----+-----+

    * DSP48: 
    N/A

    * Memory: 
    N/A

    * FIFO: 
    N/A

    * Expression: 
    +---------------------+----------+-------+-----+----+------------+------------+
    |    Variable Name    | Operation| DSP48E|  FF | LUT| Bitwidth P0| Bitwidth P1|
    +---------------------+----------+-------+-----+----+------------+------------+
    |grp_fu_2541_p2       |     *    |     10|    0|  89|          22|          52|
    |grp_fu_5717_p2       |     *    |     10|    0|  89|          22|          52|
    |grp_fu_774_p2        |     +    |      0|  197|  70|          64|          64|
    |s0_2_fu_10736_p2     |     -    |      0|  197|  70|          64|          64|
    |s10_2_fu_10255_p2    |     -    |      0|  137|  50|          44|          44|
    |s10_4_fu_11264_p2    |     -    |      0|  197|  70|          64|          64|
    |s11_2_fu_10498_p2    |     -    |      0|  197|  70|          64|          64|
    |s11_4_fu_10906_p2    |     -    |      0|  197|  70|          64|          64|
    |s12_1_fu_10374_p2    |     -    |      0|  197|  70|          64|          64|
    |s13_2_fu_10530_p2    |     -    |      0|  197|  70|          64|          64|
    |s14_1_fu_10425_p2    |     -    |      0|  197|  70|          64|          64|
    |s15_2_fu_10565_p2    |     -    |      0|  197|  70|          64|          64|
    |s16_1_fu_10466_p2    |     -    |      0|  197|  70|          64|          64|
    |s1_3_fu_10807_p2     |     -    |      0|  197|  70|          64|          64|
    |s2_3_fu_10830_p2     |     -    |      0|  197|  70|          64|          64|
    |s3_3_fu_10875_p2     |     -    |      0|  197|  70|          64|          64|
    |s4_3_fu_10917_p2     |     -    |      0|  197|  70|          64|          64|
    |s5_3_fu_10966_p2     |     -    |      0|  197|  70|          64|          64|
    |s6_2_fu_9994_p2      |     -    |      0|  131|  48|          42|          42|
    |s6_4_fu_11009_p2     |     -    |      0|  197|  70|          64|          64|
    |s7_2_fu_10644_p2     |     -    |      0|  134|  49|          43|          43|
    |s7_4_fu_11068_p2     |     -    |      0|  197|  70|          64|          64|
    |s8_2_fu_10091_p2     |     -    |      0|  134|  49|          43|          43|
    |s8_4_fu_11120_p2     |     -    |      0|  197|  70|          64|          64|
    |s9_2_fu_10592_p2     |     -    |      0|  137|  50|          44|          44|
    |s9_4_fu_11195_p2     |     -    |      0|  197|  70|          64|          64|
    |tmp119_fu_11931_p2   |    xor   |      0|    0|   2|           1|           1|
    |tmp_153_fu_11518_p2  |    xor   |      0|    0|   2|           1|           1|
    |tmp_202_fu_11937_p2  |    xor   |      0|    0|   2|           1|           1|
    +---------------------+----------+-------+-----+----+------------+------------+
    |Total                |          |     20| 4416|1760|        1479|        1539|
    +---------------------+----------+-------+-----+----+------------+------------+

    * Multiplexer: 
    +------------------------------+------+-----------+-----+-----------+
    |             Name             |  LUT | Input Size| Bits| Total Bits|
    +------------------------------+------+-----------+-----+-----------+
    |ap_NS_fsm                     |  1493|        272|    1|        272|
    |grp_fu_2541_p0                |   121|         23|   22|        506|
    |grp_fu_2541_p1                |   231|         50|   52|       2600|
    |grp_fu_5717_p0                |    65|         12|   22|        264|
    |grp_fu_5717_p1                |    60|         11|   52|        572|
    |grp_fu_774_p0                 |   962|        176|   64|      11264|
    |grp_fu_774_p1                 |   882|        160|   64|      10240|
    |grp_load_3_fu_9612_in_offset  |    65|         12|    7|         84|
    |grp_load_4_fu_9592_in_offset  |    65|         14|    7|         98|
    |reg_1083                      |     9|          2|   64|        128|
    |reg_1198                      |     9|          2|   63|        126|
    |reg_1511                      |    13|          3|   63|        189|
    |reg_1585                      |     9|          2|   64|        128|
    |reg_803                       |     9|          2|   64|        128|
    |reg_822                       |    13|          3|   64|        192|
    |reg_831                       |     9|          2|   64|        128|
    |reg_856                       |     9|          2|   64|        128|
    |reg_867                       |     9|          2|   64|        128|
    |reg_873                       |     9|          2|   64|        128|
    |reg_885                       |    13|          3|   63|        189|
    |reg_925                       |     9|          2|   64|        128|
    |reg_938                       |    13|          3|   64|        192|
    |reg_944                       |     9|          2|   64|        128|
    |reg_956                       |     9|          2|   64|        128|
    |reg_972                       |     9|          2|   64|        128|
    |reg_996                       |     9|          2|   63|        126|
    |s_address0                    |   162|         35|    6|        210|
    |s_ce0                         |    17|          4|    1|          4|
    |s_d0                          |   133|         26|    8|        208|
    +------------------------------+------+-----------+-----+-----------+
    |Total                         |  4425|        833| 1390|      28744|
    +------------------------------+------+-----------+-----+-----------+

    * Register: 
    +------------------------------------+-----+----+-----+-----------+
    |                Name                |  FF | LUT| Bits| Const Bits|
    +------------------------------------+-----+----+-----+-----------+
    |ap_CS_fsm                           |  271|   0|  271|          0|
    |ap_reg_grp_load_3_fu_9612_ap_start  |    1|   0|    1|          0|
    |ap_reg_grp_load_4_fu_9592_ap_start  |    1|   0|    1|          0|
    |carry11_3_cast_reg_12431            |   63|   0|   63|          0|
    |carry11_4_cast_reg_12742            |   63|   0|   63|          0|
    |carry5_2_cast1_reg_12972            |   26|   0|   26|          0|
    |carry6_3_cast1_reg_12997            |   21|   0|   21|          0|
    |carry7_reg_12209                    |   21|   0|   21|          0|
    |reg_1083                            |   64|   0|   64|          0|
    |reg_1198                            |   63|   0|   63|          0|
    |reg_1511                            |   63|   0|   63|          0|
    |reg_1585                            |   64|   0|   64|          0|
    |reg_781                             |   64|   0|   64|          0|
    |reg_789                             |   42|   0|   42|          0|
    |reg_795                             |   43|   0|   43|          0|
    |reg_803                             |   64|   0|   64|          0|
    |reg_811                             |   42|   0|   42|          0|
    |reg_822                             |   64|   0|   64|          0|
    |reg_827                             |   64|   0|   64|          0|
    |reg_831                             |   64|   0|   64|          0|
    |reg_856                             |   64|   0|   64|          0|
    |reg_867                             |   64|   0|   64|          0|
    |reg_873                             |   64|   0|   64|          0|
    |reg_879                             |   64|   0|   64|          0|
    |reg_885                             |   63|   0|   63|          0|
    |reg_893                             |   64|   0|   64|          0|
    |reg_907                             |   64|   0|   64|          0|
    |reg_914                             |   64|   0|   64|          0|
    |reg_925                             |   64|   0|   64|          0|
    |reg_938                             |   64|   0|   64|          0|
    |reg_944                             |   64|   0|   64|          0|
    |reg_956                             |   64|   0|   64|          0|
    |reg_972                             |   64|   0|   64|          0|
    |reg_9896                            |   21|   0|   21|          0|
    |reg_9900                            |   22|   0|   22|          0|
    |reg_9904                            |   29|   0|   29|          0|
    |reg_9908                            |   42|   0|   42|          0|
    |reg_9912                            |   43|   0|   43|          0|
    |reg_9917                            |   43|   0|   43|          0|
    |reg_9922                            |   21|   0|   21|          0|
    |reg_996                             |   63|   0|   63|          0|
    |s0_reg_12079                        |   21|   0|   21|          0|
    |s10_2_reg_12288                     |   44|   0|   44|          0|
    |s10_5_reg_985                       |   64|   0|   64|          0|
    |s10_reg_12124                       |   21|   0|   21|          0|
    |s11_2_reg_12324                     |   64|   0|   64|          0|
    |s11_4_reg_12501                     |   64|   0|   64|          0|
    |s11_reg_12129                       |   21|   0|   21|          0|
    |s12_1_reg_12304                     |   64|   0|   64|          0|
    |s13_2_reg_12329                     |   64|   0|   64|          0|
    |s13_reg_12139                       |   21|   0|   21|          0|
    |s14_1_reg_12309                     |   64|   0|   64|          0|
    |s15_2_reg_12341                     |   64|   0|   64|          0|
    |s15_reg_12149                       |   21|   0|   21|          0|
    |s16_1_reg_12319                     |   64|   0|   64|          0|
    |s17_1_cast_reg_12314                |   63|   0|   63|          0|
    |s17_reg_12159                       |   21|   0|   21|          0|
    |s18_cast2_reg_12176                 |   21|   0|   42|         21|
    |s18_cast_reg_12171                  |   21|   0|   41|         20|
    |s18_reg_12164                       |   21|   0|   21|          0|
    |s19_cast2_reg_12204                 |   21|   0|   42|         21|
    |s19_cast_reg_12199                  |   21|   0|   41|         20|
    |s19_reg_12192                       |   21|   0|   21|          0|
    |s1_reg_12084                        |   21|   0|   21|          0|
    |s20_cast2_reg_12233                 |   21|   0|   42|         21|
    |s20_cast_reg_12222                  |   21|   0|   41|         20|
    |s20_reg_12215                       |   21|   0|   21|          0|
    |s21_cast2_reg_12255                 |   21|   0|   42|         21|
    |s21_cast_reg_12250                  |   21|   0|   41|         20|
    |s21_reg_12243                       |   21|   0|   21|          0|
    |s22_cast2_reg_12265                 |   21|   0|   42|         21|
    |s22_cast_reg_12260                  |   21|   0|   41|         20|
    |s23_cast2_reg_12293                 |   29|   0|   50|         21|
    |s23_cast_reg_12277                  |   29|   0|   49|         20|
    |s2_3_reg_12481                      |   64|   0|   64|          0|
    |s2_reg_12089                        |   21|   0|   21|          0|
    |s3_5_reg_991                        |   21|   0|   21|          0|
    |s3_reg_12094                        |   21|   0|   21|          0|
    |s4_3_reg_12507                      |   64|   0|   64|          0|
    |s4_reg_12099                        |   21|   0|   21|          0|
    |s5_reg_12104                        |   21|   0|   21|          0|
    |s6_2_reg_12187                      |   42|   0|   42|          0|
    |s6_6_reg_1098                       |   21|   0|   21|          0|
    |s7_2_reg_12352                      |   43|   0|   43|          0|
    |s7_reg_12109                        |   21|   0|   21|          0|
    |s8_2_reg_12238                      |   43|   0|   43|          0|
    |s8_6_reg_1065                       |   21|   0|   21|          0|
    |s8_reg_12114                        |   21|   0|   21|          0|
    |s9_2_reg_12347                      |   44|   0|   44|          0|
    |s9_6_reg_1080                       |   21|   0|   21|          0|
    |s9_reg_12119                        |   21|   0|   21|          0|
    |tmp111_reg_1626                     |    2|   0|    2|          0|
    |tmp112_reg_1027                     |    2|   0|    2|          0|
    |tmp113_reg_1582                     |    5|   0|    5|          0|
    |tmp114_reg_1017                     |    8|   0|    8|          0|
    |tmp116_reg_1433                     |    3|   0|    3|          0|
    |tmp117_reg_1389                     |    6|   0|    6|          0|
    |tmp118_reg_1436                     |    6|   0|    6|          0|
    |tmp46_reg_839                       |   42|   0|   42|          0|
    |tmp_1000_reg_12842                  |    6|   0|    6|          0|
    |tmp_1001_reg_12862                  |    1|   0|    1|          0|
    |tmp_1003_reg_12927                  |    4|   0|    4|          0|
    |tmp_1004_reg_12952                  |    1|   0|    1|          0|
    |tmp_1005_reg_12967                  |    7|   0|    7|          0|
    |tmp_105_reg_12282                   |   22|   0|   22|          0|
    |tmp_119_reg_12532                   |    2|   0|    2|          0|
    |tmp_122_reg_12587                   |    5|   0|    5|          0|
    |tmp_130_reg_12662                   |    3|   0|    3|          0|
    |tmp_135_reg_12692                   |    6|   0|    6|          0|
    |tmp_136_cast_reg_12827              |    5|   0|    5|          0|
    |tmp_137_reg_12777                   |    3|   0|    3|          0|
    |tmp_143_cast_reg_12822              |    2|   0|    2|          0|
    |tmp_144_reg_12817                   |    6|   0|    6|          0|
    |tmp_150_cast_reg_12867              |    7|   0|    7|          0|
    |tmp_150_reg_12582                   |   13|   0|   13|          0|
    |tmp_157_cast_reg_12907              |    4|   0|    4|          0|
    |tmp_158_reg_12902                   |    4|   0|    4|          0|
    |tmp_165_reg_12947                   |    7|   0|    7|          0|
    |tmp_169_reg_12647                   |   27|   0|   27|          0|
    |tmp_171_cast_reg_12992              |    6|   0|    6|          0|
    |tmp_171_reg_12652                   |   19|   0|   19|          0|
    |tmp_173_reg_12987                   |    2|   0|    2|          0|
    |tmp_175_reg_12657                   |   11|   0|   11|          0|
    |tmp_178_cast_reg_13020              |    3|   0|    3|          0|
    |tmp_180_reg_13007                   |    5|   0|    5|          0|
    |tmp_185_cast_reg_13042              |    5|   0|    5|          0|
    |tmp_191_reg_12747                   |   11|   0|   11|          0|
    |tmp_192_cast_reg_13059              |    2|   0|    2|          0|
    |tmp_193_reg_12752                   |   19|   0|   19|          0|
    |tmp_197_reg_12757                   |   27|   0|   27|          0|
    |tmp_202_reg_13054                   |    1|   0|    1|          0|
    |tmp_207_reg_12802                   |   41|   0|   41|          0|
    |tmp_209_reg_12807                   |   14|   0|   14|          0|
    |tmp_211_reg_12812                   |   22|   0|   22|          0|
    |tmp_215_reg_12847                   |    9|   0|    9|          0|
    |tmp_217_reg_12852                   |   17|   0|   17|          0|
    |tmp_219_reg_12857                   |   25|   0|   25|          0|
    |tmp_223_reg_12887                   |   12|   0|   12|          0|
    |tmp_225_reg_12892                   |   20|   0|   20|          0|
    |tmp_227_reg_12897                   |   28|   0|   28|          0|
    |tmp_229_reg_12932                   |   40|   0|   40|          0|
    |tmp_231_reg_12937                   |   15|   0|   15|          0|
    |tmp_233_reg_12942                   |   23|   0|   23|          0|
    |tmp_239_reg_12977                   |   10|   0|   10|          0|
    |tmp_241_reg_12982                   |   18|   0|   18|          0|
    |tmp_245_reg_13002                   |   13|   0|   13|          0|
    |tmp_248_reg_1544                    |   16|   0|   16|          0|
    |tmp_252_reg_1144                    |   11|   0|   11|          0|
    |tmp_254_reg_1873                    |   19|   0|   19|          0|
    |tmp_49_reg_12363                    |   43|   0|   43|          0|
    |tmp_51_reg_12369                    |   43|   0|   43|          0|
    |tmp_53_reg_12375                    |   43|   0|   43|          0|
    |tmp_55_reg_12357                    |   43|   0|   43|          0|
    |tmp_59_reg_12381                    |   43|   0|   43|          0|
    |tmp_61_reg_12388                    |   43|   0|   43|          0|
    |tmp_63_reg_12395                    |   43|   0|   43|          0|
    |tmp_65_reg_12407                    |   43|   0|   43|          0|
    |tmp_67_reg_12419                    |   43|   0|   43|          0|
    |tmp_735_reg_3164                    |   49|   0|   49|          0|
    |tmp_737_reg_2538                    |   47|   0|   47|          0|
    |tmp_740_reg_1821                    |   40|   0|   40|          0|
    |tmp_744_reg_3161                    |   42|   0|   42|          0|
    |tmp_747_reg_1764                    |   41|   0|   41|          0|
    |tmp_749_reg_1980                    |   39|   0|   39|          0|
    |tmp_752_reg_1815                    |   40|   0|   40|          0|
    |tmp_753_reg_2359                    |   41|   0|   41|          0|
    |tmp_755_reg_1970                    |   39|   0|   39|          0|
    |tmp_756_reg_2057                    |   42|   0|   42|          0|
    |tmp_759_reg_1670                    |   41|   0|   41|          0|
    |tmp_762_reg_1868                    |   42|   0|   42|          0|
    |tmp_764_reg_1759                    |   40|   0|   40|          0|
    |tmp_765_reg_1439                    |   41|   0|   41|          0|
    |tmp_767_reg_1588                    |   39|   0|   39|          0|
    |tmp_770_reg_12181                   |   20|   0|   20|          0|
    |tmp_773_reg_12227                   |   21|   0|   21|          0|
    |tmp_794_reg_1769                    |   62|   0|   62|          0|
    |tmp_796_reg_1162                    |   63|   0|   63|          0|
    |tmp_82_reg_12402                    |    2|   0|    2|          0|
    |tmp_89_reg_12414                    |    8|   0|    8|          0|
    |tmp_907_reg_12134                   |   21|   0|   21|          0|
    |tmp_908_reg_12144                   |   21|   0|   21|          0|
    |tmp_909_reg_12154                   |   21|   0|   21|          0|
    |tmp_90_reg_12602                    |    8|   0|    8|          0|
    |tmp_910_reg_12270                   |   29|   0|   29|          0|
    |tmp_911_reg_12298                   |   28|   0|   28|          0|
    |tmp_921_reg_12335                   |   27|   0|   27|          0|
    |tmp_925_reg_12436                   |   21|   0|   21|          0|
    |tmp_926_reg_12441                   |   21|   0|   21|          0|
    |tmp_927_reg_12446                   |   24|   0|   24|          0|
    |tmp_928_reg_12451                   |   24|   0|   24|          0|
    |tmp_929_reg_12456                   |   16|   0|   16|          0|
    |tmp_930_reg_12461                   |   16|   0|   16|          0|
    |tmp_931_reg_12466                   |    8|   0|    8|          0|
    |tmp_932_reg_12471                   |    8|   0|    8|          0|
    |tmp_933_reg_12476                   |   21|   0|   21|          0|
    |tmp_934_reg_12491                   |   21|   0|   21|          0|
    |tmp_935_reg_12486                   |   21|   0|   21|          0|
    |tmp_936_reg_12496                   |   21|   0|   21|          0|
    |tmp_937_reg_12522                   |   21|   0|   21|          0|
    |tmp_938_reg_12512                   |   21|   0|   21|          0|
    |tmp_939_reg_12527                   |   21|   0|   21|          0|
    |tmp_940_reg_12557                   |    2|   0|    2|          0|
    |tmp_941_reg_12537                   |   21|   0|   21|          0|
    |tmp_942_reg_12562                   |   21|   0|   21|          0|
    |tmp_943_reg_12542                   |   26|   0|   26|          0|
    |tmp_944_reg_12567                   |   26|   0|   26|          0|
    |tmp_945_reg_12547                   |   18|   0|   18|          0|
    |tmp_946_reg_12572                   |   18|   0|   18|          0|
    |tmp_947_reg_12552                   |   10|   0|   10|          0|
    |tmp_948_reg_12577                   |   10|   0|   10|          0|
    |tmp_949_reg_12592                   |   21|   0|   21|          0|
    |tmp_950_reg_12597                   |   13|   0|   13|          0|
    |tmp_951_reg_12627                   |    8|   0|    8|          0|
    |tmp_952_reg_12612                   |   21|   0|   21|          0|
    |tmp_953_reg_12632                   |   21|   0|   21|          0|
    |tmp_954_reg_12617                   |   24|   0|   24|          0|
    |tmp_955_reg_12637                   |   24|   0|   24|          0|
    |tmp_956_reg_12622                   |   16|   0|   16|          0|
    |tmp_957_reg_12642                   |   16|   0|   16|          0|
    |tmp_958_reg_12667                   |   21|   0|   21|          0|
    |tmp_959_reg_12672                   |   27|   0|   27|          0|
    |tmp_960_reg_12677                   |   19|   0|   19|          0|
    |tmp_961_reg_12682                   |   11|   0|   11|          0|
    |tmp_963_reg_12712                   |    6|   0|    6|          0|
    |tmp_964_reg_12697                   |   21|   0|   21|          0|
    |tmp_965_reg_12717                   |   21|   0|   21|          0|
    |tmp_966_reg_12702                   |   22|   0|   22|          0|
    |tmp_967_reg_12722                   |   22|   0|   22|          0|
    |tmp_968_reg_12707                   |   14|   0|   14|          0|
    |tmp_969_reg_12727                   |   14|   0|   14|          0|
    |tmp_96_reg_12426                    |    6|   0|    6|          0|
    |tmp_970_reg_12517                   |   21|   0|   21|          0|
    |tmp_973_reg_12782                   |   11|   0|   11|          0|
    |tmp_974_reg_12787                   |   19|   0|   19|          0|
    |tmp_975_reg_12792                   |   27|   0|   27|          0|
    |tmp_976_reg_12762                   |    8|   0|    8|          0|
    |tmp_977_reg_12767                   |   16|   0|   16|          0|
    |tmp_978_reg_12772                   |   24|   0|   24|          0|
    |tmp_979_reg_12832                   |   14|   0|   14|          0|
    |tmp_980_reg_12837                   |   22|   0|   22|          0|
    |tmp_981_reg_12872                   |    9|   0|    9|          0|
    |tmp_982_reg_12877                   |   17|   0|   17|          0|
    |tmp_983_reg_12882                   |   25|   0|   25|          0|
    |tmp_984_reg_12912                   |   12|   0|   12|          0|
    |tmp_985_reg_12917                   |   20|   0|   20|          0|
    |tmp_986_reg_12922                   |   28|   0|   28|          0|
    |tmp_987_reg_12957                   |   15|   0|   15|          0|
    |tmp_988_reg_12962                   |   23|   0|   23|          0|
    |tmp_991_reg_13012                   |    3|   0|    3|          0|
    |tmp_992_reg_12607                   |    5|   0|    5|          0|
    |tmp_993_reg_13025                   |    3|   0|    3|          0|
    |tmp_994_reg_13034                   |    3|   0|    3|          0|
    |tmp_995_reg_12687                   |    3|   0|    3|          0|
    |tmp_996_reg_13047                   |    3|   0|    3|          0|
    |tmp_997_reg_12732                   |    9|   0|    9|          0|
    |tmp_998_reg_12737                   |   17|   0|   17|          0|
    |tmp_999_reg_12797                   |    3|   0|    3|          0|
    +------------------------------------+-----+----+-----+-----------+
    |Total                               | 7111|   0| 7357|        246|
    +------------------------------------+-----+----+-----+-----------+



================================================================
== Interface
================================================================
* Summary: 
+------------+-----+-----+------------+--------------+--------------+
|  RTL Ports | Dir | Bits|  Protocol  | Source Object|    C Type    |
+------------+-----+-----+------------+--------------+--------------+
|ap_clk      |  in |    1| ap_ctrl_hs |   sc_reduce  | return value |
|ap_rst      |  in |    1| ap_ctrl_hs |   sc_reduce  | return value |
|ap_start    |  in |    1| ap_ctrl_hs |   sc_reduce  | return value |
|ap_done     | out |    1| ap_ctrl_hs |   sc_reduce  | return value |
|ap_idle     | out |    1| ap_ctrl_hs |   sc_reduce  | return value |
|ap_ready    | out |    1| ap_ctrl_hs |   sc_reduce  | return value |
|s_address0  | out |    6|  ap_memory |       s      |     array    |
|s_ce0       | out |    1|  ap_memory |       s      |     array    |
|s_we0       | out |    1|  ap_memory |       s      |     array    |
|s_d0        | out |    8|  ap_memory |       s      |     array    |
|s_q0        |  in |    8|  ap_memory |       s      |     array    |
+------------+-----+-----+------------+--------------+--------------+

