

================================================================
== Vivado HLS Report for 'sha512_update_32_2'
================================================================
* Date:           Thu Sep 28 12:41:09 2017

* Version:        2017.2 (Build 1909853 on Thu Jun 15 18:55:24 MDT 2017)
* Project:        ed25519
* Solution:       solution1
* Product family: zynquplus
* Target device:  xczu9eg-ffvb1156-2-i


================================================================
== Performance Estimates
================================================================
+ Timing (ns): 
    * Summary: 
    +--------+-------+----------+------------+
    |  Clock | Target| Estimated| Uncertainty|
    +--------+-------+----------+------------+
    |ap_clk  |  10.00|      2.17|        1.25|
    +--------+-------+----------+------------+

+ Latency (clock cycles): 
    * Summary: 
    +-----+-----+-----+-----+---------+
    |  Latency  |  Interval | Pipeline|
    | min | max | min | max |   Type  |
    +-----+-----+-----+-----+---------+
    |    ?|    ?|    ?|    ?|   none  |
    +-----+-----+-----+-----+---------+

    + Detail: 
        * Instance: 
        +--------------------------------+---------------------+------+------+------+------+---------+
        |                                |                     |   Latency   |   Interval  | Pipeline|
        |            Instance            |        Module       |  min |  max |  min |  max |   Type  |
        +--------------------------------+---------------------+------+------+------+------+---------+
        |grp_sha512_compress_32_fu_374   |sha512_compress_32   |  1279|  1279|  1279|  1279|   none  |
        |grp_sha512_compress_128_fu_386  |sha512_compress_128  |  1199|  1199|  1199|  1199|   none  |
        +--------------------------------+---------------------+------+------+------+------+---------+

        * Loop: 
        +-------------+-----+-----+----------+-----------+-----------+------+----------+
        |             |  Latency  | Iteration|  Initiation Interval  | Trip |          |
        |  Loop Name  | min | max |  Latency |  achieved |   target  | Count| Pipelined|
        +-------------+-----+-----+----------+-----------+-----------+------+----------+
        |- Loop 1     |    ?|    ?|         ?|          -|          -|     ?|    no    |
        | + Loop 1.1  |    ?|    ?|         4|          -|          -|     ?|    no    |
        | + Loop 1.2  |  256|  256|         2|          -|          -|   128|    no    |
        | + Loop 1.3  |  256|  256|         2|          -|          -|   128|    no    |
        +-------------+-----+-----+----------+-----------+-----------+------+----------+



================================================================
== Utilization Estimates
================================================================
* Summary: 
+-----------------+---------+-------+--------+--------+-----+
|       Name      | BRAM_18K| DSP48E|   FF   |   LUT  | URAM|
+-----------------+---------+-------+--------+--------+-----+
|DSP              |        -|      -|       -|       -|    -|
|Expression       |        -|      -|     394|     331|    -|
|FIFO             |        -|      -|       -|       -|    -|
|Instance         |       20|      -|    3001|   14494|    -|
|Memory           |        1|      -|       0|       0|    -|
|Multiplexer      |        -|      -|       -|     549|    -|
|Register         |        -|      -|     665|       -|    -|
+-----------------+---------+-------+--------+--------+-----+
|Total            |       21|      0|    4060|   15374|    0|
+-----------------+---------+-------+--------+--------+-----+
|Available        |     1824|   2520|  548160|  274080|    0|
+-----------------+---------+-------+--------+--------+-----+
|Utilization (%)  |        1|      0|   ~0   |       5|    0|
+-----------------+---------+-------+--------+--------+-----+

+ Detail: 
    * Instance: 
    +--------------------------------+---------------------+---------+-------+------+------+
    |            Instance            |        Module       | BRAM_18K| DSP48E|  FF  |  LUT |
    +--------------------------------+---------------------+---------+-------+------+------+
    |grp_sha512_compress_128_fu_386  |sha512_compress_128  |       10|      0|  1450|  7210|
    |grp_sha512_compress_32_fu_374   |sha512_compress_32   |       10|      0|  1551|  7284|
    +--------------------------------+---------------------+---------+-------+------+------+
    |Total                           |                     |       20|      0|  3001| 14494|
    +--------------------------------+---------------------+---------+-------+------+------+

    * DSP48: 
    N/A

    * Memory: 
    +------------+----------------------+---------+---+----+------+-----+------+-------------+
    |   Memory   |        Module        | BRAM_18K| FF| LUT| Words| Bits| Banks| W*Bits*Banks|
    +------------+----------------------+---------+---+----+------+-----+------+-------------+
    |temp_buf_U  |sha512_update_32_hbi  |        1|  0|   0|   128|    8|     1|         1024|
    +------------+----------------------+---------+---+----+------+-----+------+-------------+
    |Total       |                      |        1|  0|   0|   128|    8|     1|         1024|
    +------------+----------------------+---------+---+----+------+-----+------+-------------+

    * FIFO: 
    N/A

    * Expression: 
    +-------------------+----------+-------+-----+----+------------+------------+
    |   Variable Name   | Operation| DSP48E|  FF | LUT| Bitwidth P0| Bitwidth P1|
    +-------------------+----------+-------+-----+----+------------+------------+
    |grp_fu_230_p2      |     +    |      0|  197|  70|          64|          64|
    |grp_fu_326_p2      |     -    |      0|  197|  70|          64|          64|
    |or_cond_fu_414_p2  |    and   |      0|    0|   2|           1|           1|
    |grp_fu_352_p2      |   icmp   |      0|    0|  32|          64|          64|
    |icmp_fu_358_p2     |   icmp   |      0|    0|  29|          57|           1|
    |tmp_7_fu_363_p2    |   icmp   |      0|    0|  32|          64|          64|
    |tmp_fu_346_p2      |   icmp   |      0|    0|  32|          64|           8|
    |n_fu_419_p3        |  select  |      0|    0|  64|           1|          64|
    +-------------------+----------+-------+-----+----+------------+------------+
    |Total              |          |      0|  394| 331|         379|         330|
    +-------------------+----------+-------+-----+----+------------+------------+

    * Multiplexer: 
    +----------------------+-----+-----------+-----+-----------+
    |         Name         | LUT | Input Size| Bits| Total Bits|
    +----------------------+-----+-----------+-----+-----------+
    |ap_NS_fsm             |  109|         20|    1|         20|
    |grp_fu_230_p0         |   65|         12|   64|        768|
    |grp_fu_230_p1         |   60|         11|   64|        704|
    |grp_fu_326_p0         |   13|          3|   64|        192|
    |grp_fu_326_p1         |   13|          3|   64|        192|
    |grp_fu_352_p0         |   33|          7|   64|        448|
    |grp_fu_352_p1         |   25|          5|   64|        320|
    |i_reg_186             |    9|          2|   64|        128|
    |in_r_address0         |   13|          3|    6|         18|
    |in_r_ce0              |   13|          3|    1|          3|
    |inlen_fu_82           |   13|          3|   64|        192|
    |md_buf_address0       |   17|          4|    7|         28|
    |md_buf_d0             |   13|          3|    8|         24|
    |md_curlen_o           |   13|          3|   64|        192|
    |md_length_o           |    9|          2|   64|        128|
    |md_state_address0     |   13|          3|    3|          9|
    |md_state_ce0          |   13|          3|    1|          3|
    |md_state_d0           |   13|          3|   64|        192|
    |md_state_we0          |   13|          3|    1|          3|
    |p_01_idx_reg_174      |    9|          2|   64|        128|
    |reg_219               |   13|          3|   64|        192|
    |temp_buf_address0     |   17|          4|    7|         28|
    |temp_buf_ce0          |   13|          3|    1|          3|
    |temp_buf_ce1          |    9|          2|    1|          2|
    |temp_index_1_reg_208  |    9|          2|    8|         16|
    |temp_index_reg_197    |    9|          2|    8|         16|
    +----------------------+-----+-----------+-----+-----------+
    |Total                 |  549|        114|  885|       3949|
    +----------------------+-----+-----------+-----+-----------+

    * Register: 
    +------------------------------------------------+----+----+-----+-----------+
    |                      Name                      | FF | LUT| Bits| Const Bits|
    +------------------------------------------------+----+----+-----+-----------+
    |ap_CS_fsm                                       |  19|   0|   19|          0|
    |ap_reg_grp_sha512_compress_128_fu_386_ap_start  |   1|   0|    1|          0|
    |ap_reg_grp_sha512_compress_32_fu_374_ap_start   |   1|   0|    1|          0|
    |i_1_reg_250                                     |  64|   0|   64|          0|
    |i_reg_186                                       |  64|   0|   64|          0|
    |inlen_2_reg_304                                 |  64|   0|   64|          0|
    |inlen_fu_82                                     |  64|   0|   64|          0|
    |inlen_load_reg_486                              |  64|   0|   64|          0|
    |md_curlen_read_1_reg_498                        |  64|   0|   64|          0|
    |n_reg_511                                       |  64|   0|   64|          0|
    |p_01_idx_reg_174                                |  64|   0|   64|          0|
    |reg_219                                         |  64|   0|   64|          0|
    |temp_index_1_reg_208                            |   8|   0|    8|          0|
    |temp_index_2_reg_262                            |   8|   0|    8|          0|
    |temp_index_3_reg_265                            |   8|   0|    8|          0|
    |temp_index_reg_197                              |   8|   0|    8|          0|
    |tmp_11_reg_557                                  |   8|   0|   64|         56|
    |tmp_12_reg_519                                  |   9|   0|    9|          0|
    |tmp_13_reg_524                                  |   8|   0|    8|          0|
    |tmp_2_reg_503                                   |   1|   0|    1|          0|
    |tmp_9_reg_544                                   |   8|   0|   64|         56|
    |tmp_reg_474                                     |   1|   0|    1|          0|
    |tmp_s_reg_537                                   |   1|   0|    1|          0|
    +------------------------------------------------+----+----+-----+-----------+
    |Total                                           | 665|   0|  777|        112|
    +------------------------------------------------+----+----+-----+-----------+



================================================================
== Interface
================================================================
* Summary: 
+--------------------+-----+-----+------------+--------------------+--------------+
|      RTL Ports     | Dir | Bits|  Protocol  |    Source Object   |    C Type    |
+--------------------+-----+-----+------------+--------------------+--------------+
|ap_clk              |  in |    1| ap_ctrl_hs | sha512_update_32.2 | return value |
|ap_rst              |  in |    1| ap_ctrl_hs | sha512_update_32.2 | return value |
|ap_start            |  in |    1| ap_ctrl_hs | sha512_update_32.2 | return value |
|ap_done             | out |    1| ap_ctrl_hs | sha512_update_32.2 | return value |
|ap_idle             | out |    1| ap_ctrl_hs | sha512_update_32.2 | return value |
|ap_ready            | out |    1| ap_ctrl_hs | sha512_update_32.2 | return value |
|md_length_i         |  in |   64|   ap_ovld  |      md_length     |    pointer   |
|md_length_o         | out |   64|   ap_ovld  |      md_length     |    pointer   |
|md_length_o_ap_vld  | out |    1|   ap_ovld  |      md_length     |    pointer   |
|md_state_address0   | out |    3|  ap_memory |      md_state      |     array    |
|md_state_ce0        | out |    1|  ap_memory |      md_state      |     array    |
|md_state_we0        | out |    1|  ap_memory |      md_state      |     array    |
|md_state_d0         | out |   64|  ap_memory |      md_state      |     array    |
|md_state_q0         |  in |   64|  ap_memory |      md_state      |     array    |
|md_curlen_i         |  in |   64|   ap_ovld  |      md_curlen     |    pointer   |
|md_curlen_o         | out |   64|   ap_ovld  |      md_curlen     |    pointer   |
|md_curlen_o_ap_vld  | out |    1|   ap_ovld  |      md_curlen     |    pointer   |
|md_buf_address0     | out |    7|  ap_memory |       md_buf       |     array    |
|md_buf_ce0          | out |    1|  ap_memory |       md_buf       |     array    |
|md_buf_we0          | out |    1|  ap_memory |       md_buf       |     array    |
|md_buf_d0           | out |    8|  ap_memory |       md_buf       |     array    |
|md_buf_q0           |  in |    8|  ap_memory |       md_buf       |     array    |
|in_r_address0       | out |    6|  ap_memory |        in_r        |     array    |
|in_r_ce0            | out |    1|  ap_memory |        in_r        |     array    |
|in_r_q0             |  in |    8|  ap_memory |        in_r        |     array    |
+--------------------+-----+-----+------------+--------------------+--------------+

