

================================================================
== Vivado HLS Report for 'sha512_compress_32'
================================================================
* Date:           Mon Sep 25 21:40:40 2017

* Version:        2017.2 (Build 1909853 on Thu Jun 15 18:55:24 MDT 2017)
* Project:        ed25519
* Solution:       solution1
* Product family: zynquplus
* Target device:  xczu9eg-ffvb1156-2-i


================================================================
== Performance Estimates
================================================================
+ Timing (ns): 
    * Summary: 
    +--------+-------+----------+------------+
    |  Clock | Target| Estimated| Uncertainty|
    +--------+-------+----------+------------+
    |ap_clk  |  10.00|      2.17|        1.25|
    +--------+-------+----------+------------+

+ Latency (clock cycles): 
    * Summary: 
    +------+------+------+------+---------+
    |   Latency   |   Interval  | Pipeline|
    |  min |  max |  min |  max |   Type  |
    +------+------+------+------+---------+
    |  1279|  1279|  1279|  1279|   none  |
    +------+------+------+------+---------+

    + Detail: 
        * Instance: 
        N/A

        * Loop: 
        +----------+-----+-----+----------+-----------+-----------+------+----------+
        |          |  Latency  | Iteration|  Initiation Interval  | Trip |          |
        | Loop Name| min | max |  Latency |  achieved |   target  | Count| Pipelined|
        +----------+-----+-----+----------+-----------+-----------+------+----------+
        |- Loop 1  |   16|   16|         2|          -|          -|     8|    no    |
        |- Loop 2  |  160|  160|        10|          -|          -|    16|    no    |
        |- Loop 3  |  512|  512|         8|          -|          -|    64|    no    |
        |- Loop 4  |  570|  570|        57|          -|          -|    10|    no    |
        |- Loop 5  |   16|   16|         2|          -|          -|     8|    no    |
        +----------+-----+-----+----------+-----------+-----------+------+----------+



================================================================
== Utilization Estimates
================================================================
* Summary: 
+-----------------+---------+-------+--------+--------+-----+
|       Name      | BRAM_18K| DSP48E|   FF   |   LUT  | URAM|
+-----------------+---------+-------+--------+--------+-----+
|DSP              |        -|      -|       -|       -|    -|
|Expression       |        -|      -|     197|    6064|    -|
|FIFO             |        -|      -|       -|       -|    -|
|Instance         |        -|      -|       -|       -|    -|
|Memory           |       10|      -|       0|       0|    -|
|Multiplexer      |        -|      -|       -|    1220|    -|
|Register         |        -|      -|    1266|       -|    -|
+-----------------+---------+-------+--------+--------+-----+
|Total            |       10|      0|    1463|    7284|    0|
+-----------------+---------+-------+--------+--------+-----+
|Available        |     1824|   2520|  548160|  274080|    0|
+-----------------+---------+-------+--------+--------+-----+
|Utilization (%)  |    ~0   |      0|   ~0   |       2|    0|
+-----------------+---------+-------+--------+--------+-----+

+ Detail: 
    * Instance: 
    N/A

    * DSP48: 
    N/A

    * Memory: 
    +-------+----------------------+---------+---+----+------+-----+------+-------------+
    | Memory|        Module        | BRAM_18K| FF| LUT| Words| Bits| Banks| W*Bits*Banks|
    +-------+----------------------+---------+---+----+------+-----+------+-------------+
    |K_U    |sha512_compress_1bkb  |        2|  0|   0|    80|   64|     1|         5120|
    |S_U    |sha512_compress_1cud  |        4|  0|   0|     8|   64|     1|          512|
    |W_U    |sha512_compress_1dEe  |        4|  0|   0|    80|   64|     1|         5120|
    +-------+----------------------+---------+---+----+------+-----+------+-------------+
    |Total  |                      |       10|  0|   0|   168|  192|     3|        10752|
    +-------+----------------------+---------+---+----+------+-----+------+-------------+

    * FIFO: 
    N/A

    * Expression: 
    +--------------------+----------+-------+-----+----+------------+------------+
    |    Variable Name   | Operation| DSP48E|  FF | LUT| Bitwidth P0| Bitwidth P1|
    +--------------------+----------+-------+-----+----+------------+------------+
    |grp_fu_586_p2       |     +    |      0|  197|  70|          64|          64|
    |tmp_134_fu_1216_p2  |    and   |      0|    0|  64|          64|          64|
    |tmp_152_fu_1305_p2  |    and   |      0|    0|  64|          64|          64|
    |tmp_153_fu_1311_p2  |    and   |      0|    0|  64|          64|          64|
    |tmp_169_fu_1416_p2  |    and   |      0|    0|  64|          64|          64|
    |tmp_188_fu_1512_p2  |    and   |      0|    0|  64|          64|          64|
    |tmp_189_fu_1517_p2  |    and   |      0|    0|  64|          64|          64|
    |tmp_205_fu_1624_p2  |    and   |      0|    0|  64|          64|          64|
    |tmp_224_fu_1721_p2  |    and   |      0|    0|  64|          64|          64|
    |tmp_225_fu_1726_p2  |    and   |      0|    0|  64|          64|          64|
    |tmp_241_fu_1835_p2  |    and   |      0|    0|  64|          64|          64|
    |tmp_260_fu_1933_p2  |    and   |      0|    0|  64|          64|          64|
    |tmp_261_fu_1939_p2  |    and   |      0|    0|  64|          64|          64|
    |tmp_277_fu_2049_p2  |    and   |      0|    0|  64|          64|          64|
    |tmp_292_fu_2147_p2  |    and   |      0|    0|  64|          64|          64|
    |tmp_293_fu_2153_p2  |    and   |      0|    0|  64|          64|          64|
    |tmp_305_fu_2263_p2  |    and   |      0|    0|  64|          64|          64|
    |tmp_317_fu_2361_p2  |    and   |      0|    0|  64|          64|          64|
    |tmp_318_fu_2367_p2  |    and   |      0|    0|  64|          64|          64|
    |tmp_330_fu_2477_p2  |    and   |      0|    0|  64|          64|          64|
    |tmp_345_fu_2575_p2  |    and   |      0|    0|  64|          64|          64|
    |tmp_347_fu_2581_p2  |    and   |      0|    0|  64|          64|          64|
    |tmp_362_fu_2691_p2  |    and   |      0|    0|  64|          64|          64|
    |tmp_377_fu_2789_p2  |    and   |      0|    0|  64|          64|          64|
    |tmp_378_fu_2795_p2  |    and   |      0|    0|  64|          64|          64|
    |grp_fu_788_p2       |   icmp   |      0|    0|   4|           7|           7|
    |tmp_121_fu_798_p2   |   icmp   |      0|    0|   4|           7|           7|
    |p_sum1_fu_835_p2    |    or    |      0|    0|   7|           7|           1|
    |p_sum2_fu_845_p2    |    or    |      0|    0|   7|           7|           2|
    |p_sum3_fu_855_p2    |    or    |      0|    0|   7|           7|           2|
    |p_sum4_fu_875_p2    |    or    |      0|    0|   7|           7|           3|
    |p_sum5_fu_895_p2    |    or    |      0|    0|   7|           7|           3|
    |p_sum6_fu_915_p2    |    or    |      0|    0|   7|           7|           3|
    |p_sum7_fu_930_p2    |    or    |      0|    0|   7|           7|           3|
    |tmp_151_fu_1301_p2  |    or    |      0|    0|  64|          64|          64|
    |tmp_154_fu_1315_p2  |    or    |      0|    0|  64|          64|          64|
    |tmp_171_fu_1322_p2  |    or    |      0|    0|   7|           7|           1|
    |tmp_187_fu_1507_p2  |    or    |      0|    0|  64|          64|          64|
    |tmp_190_fu_1522_p2  |    or    |      0|    0|  64|          64|          64|
    |tmp_207_fu_1529_p2  |    or    |      0|    0|   7|           7|           2|
    |tmp_223_fu_1715_p2  |    or    |      0|    0|  64|          64|          64|
    |tmp_226_fu_1732_p2  |    or    |      0|    0|  64|          64|          64|
    |tmp_243_fu_1739_p2  |    or    |      0|    0|   7|           7|           2|
    |tmp_259_fu_1927_p2  |    or    |      0|    0|  64|          64|          64|
    |tmp_262_fu_1945_p2  |    or    |      0|    0|  64|          64|          64|
    |tmp_279_fu_1952_p2  |    or    |      0|    0|   7|           7|           3|
    |tmp_291_fu_2141_p2  |    or    |      0|    0|  64|          64|          64|
    |tmp_294_fu_2159_p2  |    or    |      0|    0|  64|          64|          64|
    |tmp_307_fu_2166_p2  |    or    |      0|    0|   7|           7|           3|
    |tmp_316_fu_2355_p2  |    or    |      0|    0|  64|          64|          64|
    |tmp_319_fu_2373_p2  |    or    |      0|    0|  64|          64|          64|
    |tmp_332_fu_2380_p2  |    or    |      0|    0|   7|           7|           3|
    |tmp_343_fu_2569_p2  |    or    |      0|    0|  64|          64|          64|
    |tmp_348_fu_2587_p2  |    or    |      0|    0|  64|          64|          64|
    |tmp_364_fu_2594_p2  |    or    |      0|    0|   7|           7|           3|
    |tmp_375_fu_2783_p2  |    or    |      0|    0|  64|          64|          64|
    |tmp_379_fu_2801_p2  |    or    |      0|    0|  64|          64|          64|
    |tmp10_fu_1197_p2    |    xor   |      0|    0|  64|          64|          64|
    |tmp16_fu_1288_p2    |    xor   |      0|    0|  64|          64|          64|
    |tmp18_fu_1399_p2    |    xor   |      0|    0|  64|          64|          64|
    |tmp24_fu_1494_p2    |    xor   |      0|    0|  64|          64|          64|
    |tmp26_fu_1606_p2    |    xor   |      0|    0|  64|          64|          64|
    |tmp32_fu_1702_p2    |    xor   |      0|    0|  64|          64|          64|
    |tmp34_fu_1816_p2    |    xor   |      0|    0|  64|          64|          64|
    |tmp40_fu_1914_p2    |    xor   |      0|    0|  64|          64|          64|
    |tmp42_fu_2030_p2    |    xor   |      0|    0|  64|          64|          64|
    |tmp48_fu_2128_p2    |    xor   |      0|    0|  64|          64|          64|
    |tmp50_fu_2244_p2    |    xor   |      0|    0|  64|          64|          64|
    |tmp56_fu_2342_p2    |    xor   |      0|    0|  64|          64|          64|
    |tmp58_fu_2458_p2    |    xor   |      0|    0|  64|          64|          64|
    |tmp64_fu_2556_p2    |    xor   |      0|    0|  64|          64|          64|
    |tmp66_fu_2672_p2    |    xor   |      0|    0|  64|          64|          64|
    |tmp6_fu_1043_p2     |    xor   |      0|    0|  64|          64|          64|
    |tmp70_fu_2770_p2    |    xor   |      0|    0|  64|          64|          64|
    |tmp7_fu_1114_p2     |    xor   |      0|    0|  64|          64|          64|
    |tmp_101_fu_1049_p2  |    xor   |      0|    0|  64|          64|          64|
    |tmp_114_fu_1120_p2  |    xor   |      0|    0|  64|          64|          64|
    |tmp_132_fu_1203_p2  |    xor   |      0|    0|  64|          64|          64|
    |tmp_133_fu_1210_p2  |    xor   |      0|    0|  64|          64|          64|
    |tmp_135_fu_1221_p2  |    xor   |      0|    0|  64|          64|          64|
    |tmp_150_fu_1294_p2  |    xor   |      0|    0|  64|          64|          64|
    |tmp_167_fu_1405_p2  |    xor   |      0|    0|  64|          64|          64|
    |tmp_168_fu_1412_p2  |    xor   |      0|    0|  64|          64|          64|
    |tmp_170_fu_1422_p2  |    xor   |      0|    0|  64|          64|          64|
    |tmp_186_fu_1500_p2  |    xor   |      0|    0|  64|          64|          64|
    |tmp_203_fu_1612_p2  |    xor   |      0|    0|  64|          64|          64|
    |tmp_204_fu_1619_p2  |    xor   |      0|    0|  64|          64|          64|
    |tmp_206_fu_1630_p2  |    xor   |      0|    0|  64|          64|          64|
    |tmp_222_fu_1708_p2  |    xor   |      0|    0|  64|          64|          64|
    |tmp_239_fu_1822_p2  |    xor   |      0|    0|  64|          64|          64|
    |tmp_240_fu_1829_p2  |    xor   |      0|    0|  64|          64|          64|
    |tmp_242_fu_1841_p2  |    xor   |      0|    0|  64|          64|          64|
    |tmp_258_fu_1920_p2  |    xor   |      0|    0|  64|          64|          64|
    |tmp_275_fu_2036_p2  |    xor   |      0|    0|  64|          64|          64|
    |tmp_276_fu_2043_p2  |    xor   |      0|    0|  64|          64|          64|
    |tmp_278_fu_2055_p2  |    xor   |      0|    0|  64|          64|          64|
    |tmp_290_fu_2134_p2  |    xor   |      0|    0|  64|          64|          64|
    |tmp_303_fu_2250_p2  |    xor   |      0|    0|  64|          64|          64|
    |tmp_304_fu_2257_p2  |    xor   |      0|    0|  64|          64|          64|
    |tmp_306_fu_2269_p2  |    xor   |      0|    0|  64|          64|          64|
    |tmp_315_fu_2348_p2  |    xor   |      0|    0|  64|          64|          64|
    |tmp_328_fu_2464_p2  |    xor   |      0|    0|  64|          64|          64|
    |tmp_329_fu_2471_p2  |    xor   |      0|    0|  64|          64|          64|
    |tmp_331_fu_2483_p2  |    xor   |      0|    0|  64|          64|          64|
    |tmp_342_fu_2562_p2  |    xor   |      0|    0|  64|          64|          64|
    |tmp_359_fu_2678_p2  |    xor   |      0|    0|  64|          64|          64|
    |tmp_361_fu_2685_p2  |    xor   |      0|    0|  64|          64|          64|
    |tmp_363_fu_2697_p2  |    xor   |      0|    0|  64|          64|          64|
    |tmp_374_fu_2776_p2  |    xor   |      0|    0|  64|          64|          64|
    +--------------------+----------+-------+-----+----+------------+------------+
    |Total               |          |      0|  197|6064|        6064|        6000|
    +--------------------+----------+-------+-----+----+------------+------------+

    * Multiplexer: 
    +-------------------+-----+-----------+-----+-----------+
    |        Name       | LUT | Input Size| Bits| Total Bits|
    +-------------------+-----+-----------+-----+-----------+
    |K_address0         |   49|          9|    7|         63|
    |S_address0         |   33|          8|    3|         24|
    |S_address1         |   33|          8|    3|         24|
    |S_d0               |   13|          3|   64|        192|
    |W_address0         |   33|          8|    7|         56|
    |W_address1         |   33|          8|    7|         56|
    |ap_NS_fsm          |  433|         81|    1|         81|
    |buf_r_address0     |   25|          5|    6|         30|
    |buf_r_address1     |   25|          5|    6|         30|
    |grp_fu_586_p0      |  197|         43|   64|       2752|
    |grp_fu_586_p1      |  222|         47|   64|       3008|
    |grp_fu_788_p0      |   25|          5|    7|         35|
    |grp_fu_788_p1      |   17|          4|    7|         28|
    |md_state_address0  |   17|          4|    3|         12|
    |reg_528            |   13|          3|   64|        192|
    |reg_539            |   13|          3|   64|        192|
    |reg_551            |   13|          3|   64|        192|
    |reg_563            |   13|          3|    7|         21|
    |reg_575            |   13|          3|   64|        192|
    +-------------------+-----+-----------+-----+-----------+
    |Total              | 1220|        253|  512|       7180|
    +-------------------+-----+-----------+-----+-----------+

    * Register: 
    +--------------------------+----+----+-----+-----------+
    |           Name           | FF | LUT| Bits| Const Bits|
    +--------------------------+----+----+-----+-----------+
    |S_load_1_reg_3001         |  64|   0|   64|          0|
    |S_load_2_reg_3016         |  64|   0|   64|          0|
    |S_load_3_reg_3021         |  64|   0|   64|          0|
    |S_load_4_reg_3041         |  64|   0|   64|          0|
    |S_load_5_reg_3033         |  64|   0|   64|          0|
    |S_load_6_reg_3057         |  64|   0|   64|          0|
    |ap_CS_fsm                 |  80|   0|   80|          0|
    |buf_load_1_reg_2866       |   8|   0|    8|          0|
    |buf_load_2_reg_2881       |   8|   0|    8|          0|
    |buf_load_3_reg_2886       |   8|   0|    8|          0|
    |buf_load_4_reg_2901       |   8|   0|    8|          0|
    |buf_load_5_reg_2906       |   8|   0|    8|          0|
    |buf_load_reg_2861         |   8|   0|    8|          0|
    |md_state_addr_2_reg_3150  |   3|   0|    3|          0|
    |reg_528                   |  64|   0|   64|          0|
    |reg_539                   |  64|   0|   64|          0|
    |reg_551                   |  64|   0|   64|          0|
    |reg_563                   |   7|   0|    7|          0|
    |reg_575                   |  64|   0|   64|          0|
    |reg_624                   |  64|   0|   64|          0|
    |reg_628                   |  64|   0|   64|          0|
    |reg_667                   |  64|   0|   64|          0|
    |reg_724                   |  64|   0|   64|          0|
    |reg_728                   |  64|   0|   64|          0|
    |reg_738                   |  64|   0|   64|          0|
    |reg_805                   |  64|   0|   64|          0|
    |tmp_136_reg_2991          |   7|   0|   64|         57|
    |tmp_172_reg_3062          |   6|   0|   64|         58|
    |tmp_208_reg_3077          |   6|   0|   64|         58|
    |tmp_244_reg_3092          |   5|   0|   64|         59|
    |tmp_338_reg_2832          |   8|   0|    8|          0|
    |tmp_reg_2822              |   4|   0|   64|         60|
    |tmp_s_reg_2840            |   4|   0|    7|          3|
    +--------------------------+----+----+-----+-----------+
    |Total                     |1266|   0| 1561|        295|
    +--------------------------+----+----+-----+-----------+



================================================================
== Interface
================================================================
* Summary: 
+-------------------+-----+-----+------------+--------------------+--------------+
|     RTL Ports     | Dir | Bits|  Protocol  |    Source Object   |    C Type    |
+-------------------+-----+-----+------------+--------------------+--------------+
|ap_clk             |  in |    1| ap_ctrl_hs | sha512_compress_32 | return value |
|ap_rst             |  in |    1| ap_ctrl_hs | sha512_compress_32 | return value |
|ap_start           |  in |    1| ap_ctrl_hs | sha512_compress_32 | return value |
|ap_done            | out |    1| ap_ctrl_hs | sha512_compress_32 | return value |
|ap_idle            | out |    1| ap_ctrl_hs | sha512_compress_32 | return value |
|ap_ready           | out |    1| ap_ctrl_hs | sha512_compress_32 | return value |
|md_state_address0  | out |    3|  ap_memory |      md_state      |     array    |
|md_state_ce0       | out |    1|  ap_memory |      md_state      |     array    |
|md_state_we0       | out |    1|  ap_memory |      md_state      |     array    |
|md_state_d0        | out |   64|  ap_memory |      md_state      |     array    |
|md_state_q0        |  in |   64|  ap_memory |      md_state      |     array    |
|buf_r_address0     | out |    6|  ap_memory |        buf_r       |     array    |
|buf_r_ce0          | out |    1|  ap_memory |        buf_r       |     array    |
|buf_r_q0           |  in |    8|  ap_memory |        buf_r       |     array    |
|buf_r_address1     | out |    6|  ap_memory |        buf_r       |     array    |
|buf_r_ce1          | out |    1|  ap_memory |        buf_r       |     array    |
|buf_r_q1           |  in |    8|  ap_memory |        buf_r       |     array    |
|sum                |  in |   64|   ap_none  |         sum        |    scalar    |
+-------------------+-----+-----+------------+--------------------+--------------+

