

================================================================
== Vivado HLS Report for 'sha512_final'
================================================================
* Date:           Thu Sep 28 12:41:10 2017

* Version:        2017.2 (Build 1909853 on Thu Jun 15 18:55:24 MDT 2017)
* Project:        ed25519
* Solution:       solution1
* Product family: zynquplus
* Target device:  xczu9eg-ffvb1156-2-i


================================================================
== Performance Estimates
================================================================
+ Timing (ns): 
    * Summary: 
    +--------+-------+----------+------------+
    |  Clock | Target| Estimated| Uncertainty|
    +--------+-------+----------+------------+
    |ap_clk  |  10.00|      2.17|        1.25|
    +--------+-------+----------+------------+

+ Latency (clock cycles): 
    * Summary: 
    +-----+-----+-----+-----+---------+
    |  Latency  |  Interval | Pipeline|
    | min | max | min | max |   Type  |
    +-----+-----+-----+-----+---------+
    |    ?|    ?|    ?|    ?|   none  |
    +-----+-----+-----+-----+---------+

    + Detail: 
        * Instance: 
        +--------------------------------+---------------------+------+------+------+------+---------+
        |                                |                     |   Latency   |   Interval  | Pipeline|
        |            Instance            |        Module       |  min |  max |  min |  max |   Type  |
        +--------------------------------+---------------------+------+------+------+------+---------+
        |grp_sha512_compress_128_fu_468  |sha512_compress_128  |  1199|  1199|  1199|  1199|   none  |
        +--------------------------------+---------------------+------+------+------+------+---------+

        * Loop: 
        +----------+-----+-----+----------+-----------+-----------+------+----------+
        |          |  Latency  | Iteration|  Initiation Interval  | Trip |          |
        | Loop Name| min | max |  Latency |  achieved |   target  | Count| Pipelined|
        +----------+-----+-----+----------+-----------+-----------+------+----------+
        |- Loop 1  |    ?|    ?|         1|          -|          -|     ?|    no    |
        |- Loop 2  |  256|  256|         2|          -|          -|   128|    no    |
        |- Loop 3  |  256|  256|         2|          -|          -|   128|    no    |
        |- Loop 4  |    ?|    ?|         1|          -|          -|     ?|    no    |
        |- Loop 5  |  256|  256|         2|          -|          -|   128|    no    |
        |- Loop 6  |  256|  256|         2|          -|          -|   128|    no    |
        |- Loop 7  |   72|   72|         9|          -|          -|     8|    no    |
        +----------+-----+-----+----------+-----------+-----------+------+----------+



================================================================
== Utilization Estimates
================================================================
* Summary: 
+-----------------+---------+-------+--------+--------+-----+
|       Name      | BRAM_18K| DSP48E|   FF   |   LUT  | URAM|
+-----------------+---------+-------+--------+--------+-----+
|DSP              |        -|      -|       -|       -|    -|
|Expression       |        -|      -|     585|     335|    -|
|FIFO             |        -|      -|       -|       -|    -|
|Instance         |       10|      -|    1450|    7210|    -|
|Memory           |        1|      -|       0|       0|    -|
|Multiplexer      |        -|      -|       -|     571|    -|
|Register         |        -|      -|     243|       -|    -|
+-----------------+---------+-------+--------+--------+-----+
|Total            |       11|      0|    2278|    8116|    0|
+-----------------+---------+-------+--------+--------+-----+
|Available        |     1824|   2520|  548160|  274080|    0|
+-----------------+---------+-------+--------+--------+-----+
|Utilization (%)  |    ~0   |      0|   ~0   |       2|    0|
+-----------------+---------+-------+--------+--------+-----+

+ Detail: 
    * Instance: 
    +--------------------------------+---------------------+---------+-------+------+------+
    |            Instance            |        Module       | BRAM_18K| DSP48E|  FF  |  LUT |
    +--------------------------------+---------------------+---------+-------+------+------+
    |grp_sha512_compress_128_fu_468  |sha512_compress_128  |       10|      0|  1450|  7210|
    +--------------------------------+---------------------+---------+-------+------+------+
    |Total                           |                     |       10|      0|  1450|  7210|
    +--------------------------------+---------------------+---------+-------+------+------+

    * DSP48: 
    N/A

    * Memory: 
    +------------+----------------------+---------+---+----+------+-----+------+-------------+
    |   Memory   |        Module        | BRAM_18K| FF| LUT| Words| Bits| Banks| W*Bits*Banks|
    +------------+----------------------+---------+---+----+------+-----+------+-------------+
    |temp_buf_U  |sha512_update_32_hbi  |        1|  0|   0|   128|    8|     1|         1024|
    +------------+----------------------+---------+---+----+------+-----+------+-------------+
    |Total       |                      |        1|  0|   0|   128|    8|     1|         1024|
    +------------+----------------------+---------+---+----+------+-----+------+-------------+

    * FIFO: 
    N/A

    * Expression: 
    +------------------------+----------+-------+-----+----+------------+------------+
    |      Variable Name     | Operation| DSP48E|  FF | LUT| Bitwidth P0| Bitwidth P1|
    +------------------------+----------+-------+-----+----+------------+------------+
    |i_3_fu_727_p2           |     +    |      0|   17|  10|           4|           1|
    |temp_index_6_fu_562_p2  |     +    |      0|   29|  14|           8|           1|
    |temp_index_7_fu_579_p2  |     +    |      0|   29|  14|           8|           1|
    |temp_index_8_fu_693_p2  |     +    |      0|   29|  14|           8|           1|
    |temp_index_9_fu_710_p2  |     +    |      0|   29|  14|           8|           1|
    |tmp_22_fu_509_p2        |     +    |      0|  197|  70|          64|          64|
    |tmp_23_fu_516_p2        |     +    |      0|  197|  70|           1|          64|
    |tmp_25_fu_545_p2        |     +    |      0|   29|  14|           8|           1|
    |tmp_29_fu_600_p2        |     +    |      0|   29|  14|           8|           1|
    |exitcond1_fu_556_p2     |   icmp   |      0|    0|   5|           8|           9|
    |exitcond2_fu_573_p2     |   icmp   |      0|    0|   5|           8|           9|
    |exitcond8_fu_704_p2     |   icmp   |      0|    0|   5|           8|           9|
    |exitcond9_fu_687_p2     |   icmp   |      0|    0|   5|           8|           9|
    |exitcond_fu_721_p2      |   icmp   |      0|    0|   2|           4|           5|
    |icmp_fu_487_p2          |   icmp   |      0|    0|  29|          57|           1|
    |tmp_24_fu_527_p2        |   icmp   |      0|    0|   4|           8|           7|
    |tmp_28_fu_594_p2        |   icmp   |      0|    0|   4|           8|           7|
    |p_sum1_fu_829_p2        |    or    |      0|    0|   6|           6|           1|
    |p_sum2_fu_839_p2        |    or    |      0|    0|   6|           6|           2|
    |p_sum3_fu_849_p2        |    or    |      0|    0|   6|           6|           2|
    |p_sum4_fu_859_p2        |    or    |      0|    0|   6|           6|           3|
    |p_sum5_fu_869_p2        |    or    |      0|    0|   6|           6|           3|
    |p_sum6_fu_879_p2        |    or    |      0|    0|   6|           6|           3|
    |p_sum7_fu_889_p2        |    or    |      0|    0|   6|           6|           3|
    +------------------------+----------+-------+-----+----+------------+------------+
    |Total                   |          |      0|  585| 335|         268|         208|
    +------------------------+----------+-------+-----+----+------------+------------+

    * Multiplexer: 
    +----------------------+-----+-----------+-----+-----------+
    |         Name         | LUT | Input Size| Bits| Total Bits|
    +----------------------+-----+-----------+-----+-----------+
    |ap_NS_fsm             |  137|         27|    1|         27|
    |i_reg_457             |    9|          2|    4|          8|
    |md_buf_address0       |   55|         10|    7|         70|
    |md_buf_address1       |   33|          7|    7|         49|
    |md_buf_d0             |   33|          8|    8|         64|
    |md_buf_d1             |   33|          6|    8|         48|
    |md_curlen_o           |   25|          5|   64|        320|
    |md_length_o           |    9|          2|   64|        128|
    |md_state_address0     |   13|          3|    3|          9|
    |md_state_ce0          |   13|          3|    1|          3|
    |md_state_we0          |    9|          2|    1|          2|
    |out_r_address0        |   49|          9|    6|         54|
    |out_r_d0              |   49|          9|    8|         72|
    |temp_buf_address0     |   33|          6|    7|         42|
    |temp_buf_ce0          |   13|          3|    1|          3|
    |temp_buf_ce1          |    9|          2|    1|          2|
    |temp_buf_d0           |   13|          3|    8|         24|
    |temp_index_1_reg_424  |    9|          2|    8|         16|
    |temp_index_2_reg_435  |    9|          2|    8|         16|
    |temp_index_3_reg_446  |    9|          2|    8|         16|
    |temp_index_reg_413    |    9|          2|    8|         16|
    +----------------------+-----+-----------+-----+-----------+
    |Total                 |  571|        115|  231|        989|
    +----------------------+-----+-----------+-----+-----------+

    * Register: 
    +------------------------------------------------+----+----+-----+-----------+
    |                      Name                      | FF | LUT| Bits| Const Bits|
    +------------------------------------------------+----+----+-----+-----------+
    |ap_CS_fsm                                       |  26|   0|   26|          0|
    |ap_reg_grp_sha512_compress_128_fu_468_ap_start  |   1|   0|    1|          0|
    |i_3_reg_1018                                    |   4|   0|    4|          0|
    |i_reg_457                                       |   4|   0|    4|          0|
    |icmp_reg_899                                    |   1|   0|    1|          0|
    |temp_index_1_reg_424                            |   8|   0|    8|          0|
    |temp_index_2_reg_435                            |   8|   0|    8|          0|
    |temp_index_3_reg_446                            |   8|   0|    8|          0|
    |temp_index_6_reg_913                            |   8|   0|    8|          0|
    |temp_index_7_reg_931                            |   8|   0|    8|          0|
    |temp_index_8_reg_982                            |   8|   0|    8|          0|
    |temp_index_9_reg_1000                           |   8|   0|    8|          0|
    |temp_index_reg_413                              |   8|   0|    8|          0|
    |tmp_24_reg_903                                  |   1|   0|    1|          0|
    |tmp_26_reg_918                                  |   8|   0|   64|         56|
    |tmp_27_reg_936                                  |   8|   0|   64|         56|
    |tmp_32_reg_949                                  |   8|   0|    8|          0|
    |tmp_33_reg_954                                  |   8|   0|    8|          0|
    |tmp_34_reg_959                                  |   8|   0|    8|          0|
    |tmp_35_reg_964                                  |   8|   0|    8|          0|
    |tmp_36_reg_969                                  |   8|   0|    8|          0|
    |tmp_37_reg_987                                  |   8|   0|   64|         56|
    |tmp_38_reg_1005                                 |   8|   0|   64|         56|
    |tmp_42_reg_1033                                 |   3|   0|    6|          3|
    |tmp_44_reg_1044                                 |   8|   0|    8|          0|
    |tmp_45_reg_1049                                 |   8|   0|    8|          0|
    |tmp_46_reg_1054                                 |   8|   0|    8|          0|
    |tmp_47_reg_1059                                 |   8|   0|    8|          0|
    |tmp_48_reg_1064                                 |   8|   0|    8|          0|
    |tmp_49_reg_1069                                 |   8|   0|    8|          0|
    |tmp_56_reg_974                                  |   8|   0|    8|          0|
    |tmp_57_reg_1028                                 |   3|   0|    3|          0|
    |tmp_58_reg_1074                                 |   8|   0|    8|          0|
    +------------------------------------------------+----+----+-----+-----------+
    |Total                                           | 243|   0|  470|        227|
    +------------------------------------------------+----+----+-----+-----------+



================================================================
== Interface
================================================================
* Summary: 
+--------------------+-----+-----+------------+--------------+--------------+
|      RTL Ports     | Dir | Bits|  Protocol  | Source Object|    C Type    |
+--------------------+-----+-----+------------+--------------+--------------+
|ap_clk              |  in |    1| ap_ctrl_hs | sha512_final | return value |
|ap_rst              |  in |    1| ap_ctrl_hs | sha512_final | return value |
|ap_start            |  in |    1| ap_ctrl_hs | sha512_final | return value |
|ap_done             | out |    1| ap_ctrl_hs | sha512_final | return value |
|ap_idle             | out |    1| ap_ctrl_hs | sha512_final | return value |
|ap_ready            | out |    1| ap_ctrl_hs | sha512_final | return value |
|md_length_i         |  in |   64|   ap_ovld  |   md_length  |    pointer   |
|md_length_o         | out |   64|   ap_ovld  |   md_length  |    pointer   |
|md_length_o_ap_vld  | out |    1|   ap_ovld  |   md_length  |    pointer   |
|md_state_address0   | out |    3|  ap_memory |   md_state   |     array    |
|md_state_ce0        | out |    1|  ap_memory |   md_state   |     array    |
|md_state_we0        | out |    1|  ap_memory |   md_state   |     array    |
|md_state_d0         | out |   64|  ap_memory |   md_state   |     array    |
|md_state_q0         |  in |   64|  ap_memory |   md_state   |     array    |
|md_curlen_i         |  in |   64|   ap_ovld  |   md_curlen  |    pointer   |
|md_curlen_o         | out |   64|   ap_ovld  |   md_curlen  |    pointer   |
|md_curlen_o_ap_vld  | out |    1|   ap_ovld  |   md_curlen  |    pointer   |
|md_buf_address0     | out |    7|  ap_memory |    md_buf    |     array    |
|md_buf_ce0          | out |    1|  ap_memory |    md_buf    |     array    |
|md_buf_we0          | out |    1|  ap_memory |    md_buf    |     array    |
|md_buf_d0           | out |    8|  ap_memory |    md_buf    |     array    |
|md_buf_q0           |  in |    8|  ap_memory |    md_buf    |     array    |
|md_buf_address1     | out |    7|  ap_memory |    md_buf    |     array    |
|md_buf_ce1          | out |    1|  ap_memory |    md_buf    |     array    |
|md_buf_we1          | out |    1|  ap_memory |    md_buf    |     array    |
|md_buf_d1           | out |    8|  ap_memory |    md_buf    |     array    |
|md_buf_q1           |  in |    8|  ap_memory |    md_buf    |     array    |
|out_r_address0      | out |    6|  ap_memory |     out_r    |     array    |
|out_r_ce0           | out |    1|  ap_memory |     out_r    |     array    |
|out_r_we0           | out |    1|  ap_memory |     out_r    |     array    |
|out_r_d0            | out |    8|  ap_memory |     out_r    |     array    |
+--------------------+-----+-----+------------+--------------+--------------+

