

================================================================
== Vivado HLS Report for 'sha512_compress_128_1'
================================================================
* Date:           Fri Jun  2 12:27:39 2017

* Version:        2017.1 (Build 1846317 on Fri Apr 14 19:19:38 MDT 2017)
* Project:        ed25519
* Solution:       solution1
* Product family: zynquplus
* Target device:  xczu9eg-ffvb1156-2-i


================================================================
== Performance Estimates
================================================================
+ Timing (ns): 
    * Summary: 
    +--------+-------+----------+------------+
    |  Clock | Target| Estimated| Uncertainty|
    +--------+-------+----------+------------+
    |ap_clk  |  10.00|      2.77|        1.25|
    +--------+-------+----------+------------+

+ Latency (clock cycles): 
    * Summary: 
    +------+------+------+------+---------+
    |   Latency   |   Interval  | Pipeline|
    |  min |  max |  min |  max |   Type  |
    +------+------+------+------+---------+
    |  1279|  1279|  1279|  1279|   none  |
    +------+------+------+------+---------+

    + Detail: 
        * Instance: 
        N/A

        * Loop: 
        +----------+-----+-----+----------+-----------+-----------+------+----------+
        |          |  Latency  | Iteration|  Initiation Interval  | Trip |          |
        | Loop Name| min | max |  Latency |  achieved |   target  | Count| Pipelined|
        +----------+-----+-----+----------+-----------+-----------+------+----------+
        |- Loop 1  |   16|   16|         2|          -|          -|     8|    no    |
        |- Loop 2  |  160|  160|        10|          -|          -|    16|    no    |
        |- Loop 3  |  512|  512|         8|          -|          -|    64|    no    |
        |- Loop 4  |  570|  570|        57|          -|          -|    10|    no    |
        |- Loop 5  |   16|   16|         2|          -|          -|     8|    no    |
        +----------+-----+-----+----------+-----------+-----------+------+----------+



================================================================
== Utilization Estimates
================================================================
* Summary: 
+-----------------+---------+-------+--------+--------+-----+
|       Name      | BRAM_18K| DSP48E|   FF   |   LUT  | URAM|
+-----------------+---------+-------+--------+--------+-----+
|DSP              |        -|      -|       -|       -|    -|
|Expression       |        -|      -|       0|    6065|    -|
|FIFO             |        -|      -|       -|       -|    -|
|Instance         |        -|      -|       -|       -|    -|
|Memory           |       10|      -|       0|       0|    -|
|Multiplexer      |        -|      -|       -|    1154|    -|
|Register         |        -|      -|    1355|       -|    -|
+-----------------+---------+-------+--------+--------+-----+
|Total            |       10|      0|    1355|    7219|    0|
+-----------------+---------+-------+--------+--------+-----+
|Available        |     1824|   2520|  548160|  274080|    0|
+-----------------+---------+-------+--------+--------+-----+
|Utilization (%)  |    ~0   |      0|   ~0   |       2|    0|
+-----------------+---------+-------+--------+--------+-----+

+ Detail: 
    * Instance: 
    N/A

    * DSP48: 
    N/A

    * Memory: 
    +-------+----------------------+---------+---+----+------+-----+------+-------------+
    | Memory|        Module        | BRAM_18K| FF| LUT| Words| Bits| Banks| W*Bits*Banks|
    +-------+----------------------+---------+---+----+------+-----+------+-------------+
    |K_U    |sha512_compress_1bkb  |        2|  0|   0|    80|   64|     1|         5120|
    |S_U    |sha512_compress_1cud  |        4|  0|   0|     8|   64|     1|          512|
    |W_U    |sha512_compress_1dEe  |        4|  0|   0|    80|   64|     1|         5120|
    +-------+----------------------+---------+---+----+------+-----+------+-------------+
    |Total  |                      |       10|  0|   0|   168|  192|     3|        10752|
    +-------+----------------------+---------+---+----+------+-----+------+-------------+

    * FIFO: 
    N/A

    * Expression: 
    +--------------------+----------+-------+---+----+------------+------------+
    |    Variable Name   | Operation| DSP48E| FF| LUT| Bitwidth P0| Bitwidth P1|
    +--------------------+----------+-------+---+----+------------+------------+
    |grp_fu_583_p2       |     +    |      0|  0|  71|          64|          64|
    |tmp_419_fu_1396_p2  |    and   |      0|  0|  64|          64|          64|
    |tmp_430_fu_1485_p2  |    and   |      0|  0|  64|          64|          64|
    |tmp_431_fu_1491_p2  |    and   |      0|  0|  64|          64|          64|
    |tmp_443_fu_1596_p2  |    and   |      0|  0|  64|          64|          64|
    |tmp_457_fu_1692_p2  |    and   |      0|  0|  64|          64|          64|
    |tmp_458_fu_1697_p2  |    and   |      0|  0|  64|          64|          64|
    |tmp_473_fu_1804_p2  |    and   |      0|  0|  64|          64|          64|
    |tmp_488_fu_1901_p2  |    and   |      0|  0|  64|          64|          64|
    |tmp_489_fu_1906_p2  |    and   |      0|  0|  64|          64|          64|
    |tmp_504_fu_2015_p2  |    and   |      0|  0|  64|          64|          64|
    |tmp_519_fu_2113_p2  |    and   |      0|  0|  64|          64|          64|
    |tmp_520_fu_2119_p2  |    and   |      0|  0|  64|          64|          64|
    |tmp_535_fu_2229_p2  |    and   |      0|  0|  64|          64|          64|
    |tmp_550_fu_2327_p2  |    and   |      0|  0|  64|          64|          64|
    |tmp_551_fu_2333_p2  |    and   |      0|  0|  64|          64|          64|
    |tmp_566_fu_2443_p2  |    and   |      0|  0|  64|          64|          64|
    |tmp_581_fu_2541_p2  |    and   |      0|  0|  64|          64|          64|
    |tmp_582_fu_2547_p2  |    and   |      0|  0|  64|          64|          64|
    |tmp_597_fu_2657_p2  |    and   |      0|  0|  64|          64|          64|
    |tmp_612_fu_2755_p2  |    and   |      0|  0|  64|          64|          64|
    |tmp_613_fu_2761_p2  |    and   |      0|  0|  64|          64|          64|
    |tmp_628_fu_2871_p2  |    and   |      0|  0|  64|          64|          64|
    |tmp_643_fu_2969_p2  |    and   |      0|  0|  64|          64|          64|
    |tmp_644_fu_2975_p2  |    and   |      0|  0|  64|          64|          64|
    |grp_fu_969_p2       |   icmp   |      0|  0|   4|           7|           7|
    |tmp_410_fu_979_p2   |   icmp   |      0|  0|   4|           7|           7|
    |p_sum1_fu_1021_p2   |    or    |      0|  0|   7|           7|           1|
    |p_sum2_fu_1036_p2   |    or    |      0|  0|   7|           7|           2|
    |p_sum3_fu_1051_p2   |    or    |      0|  0|   7|           7|           2|
    |p_sum4_fu_1066_p2   |    or    |      0|  0|   7|           7|           3|
    |p_sum5_fu_1081_p2   |    or    |      0|  0|   7|           7|           3|
    |p_sum6_fu_1096_p2   |    or    |      0|  0|   7|           7|           3|
    |p_sum7_fu_1111_p2   |    or    |      0|  0|   7|           7|           3|
    |tmp_429_fu_1481_p2  |    or    |      0|  0|  64|          64|          64|
    |tmp_432_fu_1495_p2  |    or    |      0|  0|  64|          64|          64|
    |tmp_445_fu_1502_p2  |    or    |      0|  0|   7|           7|           1|
    |tmp_456_fu_1687_p2  |    or    |      0|  0|  64|          64|          64|
    |tmp_459_fu_1702_p2  |    or    |      0|  0|  64|          64|          64|
    |tmp_475_fu_1709_p2  |    or    |      0|  0|   7|           7|           2|
    |tmp_486_fu_1895_p2  |    or    |      0|  0|  64|          64|          64|
    |tmp_490_fu_1912_p2  |    or    |      0|  0|  64|          64|          64|
    |tmp_506_fu_1919_p2  |    or    |      0|  0|   7|           7|           2|
    |tmp_517_fu_2107_p2  |    or    |      0|  0|  64|          64|          64|
    |tmp_521_fu_2125_p2  |    or    |      0|  0|  64|          64|          64|
    |tmp_537_fu_2132_p2  |    or    |      0|  0|   7|           7|           3|
    |tmp_548_fu_2321_p2  |    or    |      0|  0|  64|          64|          64|
    |tmp_552_fu_2339_p2  |    or    |      0|  0|  64|          64|          64|
    |tmp_568_fu_2346_p2  |    or    |      0|  0|   7|           7|           3|
    |tmp_579_fu_2535_p2  |    or    |      0|  0|  64|          64|          64|
    |tmp_583_fu_2553_p2  |    or    |      0|  0|  64|          64|          64|
    |tmp_599_fu_2560_p2  |    or    |      0|  0|   7|           7|           3|
    |tmp_610_fu_2749_p2  |    or    |      0|  0|  64|          64|          64|
    |tmp_614_fu_2767_p2  |    or    |      0|  0|  64|          64|          64|
    |tmp_630_fu_2774_p2  |    or    |      0|  0|   7|           7|           3|
    |tmp_641_fu_2963_p2  |    or    |      0|  0|  64|          64|          64|
    |tmp_645_fu_2981_p2  |    or    |      0|  0|  64|          64|          64|
    |tmp10_fu_1377_p2    |    xor   |      0|  0|  64|          64|          64|
    |tmp16_fu_1468_p2    |    xor   |      0|  0|  64|          64|          64|
    |tmp18_fu_1579_p2    |    xor   |      0|  0|  64|          64|          64|
    |tmp24_fu_1674_p2    |    xor   |      0|  0|  64|          64|          64|
    |tmp26_fu_1786_p2    |    xor   |      0|  0|  64|          64|          64|
    |tmp32_fu_1882_p2    |    xor   |      0|  0|  64|          64|          64|
    |tmp34_fu_1996_p2    |    xor   |      0|  0|  64|          64|          64|
    |tmp40_fu_2094_p2    |    xor   |      0|  0|  64|          64|          64|
    |tmp42_fu_2210_p2    |    xor   |      0|  0|  64|          64|          64|
    |tmp48_fu_2308_p2    |    xor   |      0|  0|  64|          64|          64|
    |tmp50_fu_2424_p2    |    xor   |      0|  0|  64|          64|          64|
    |tmp56_fu_2522_p2    |    xor   |      0|  0|  64|          64|          64|
    |tmp58_fu_2638_p2    |    xor   |      0|  0|  64|          64|          64|
    |tmp64_fu_2736_p2    |    xor   |      0|  0|  64|          64|          64|
    |tmp66_fu_2852_p2    |    xor   |      0|  0|  64|          64|          64|
    |tmp6_fu_1223_p2     |    xor   |      0|  0|  64|          64|          64|
    |tmp72_fu_2950_p2    |    xor   |      0|  0|  64|          64|          64|
    |tmp7_fu_1294_p2     |    xor   |      0|  0|  64|          64|          64|
    |tmp_394_fu_1229_p2  |    xor   |      0|  0|  64|          64|          64|
    |tmp_405_fu_1300_p2  |    xor   |      0|  0|  64|          64|          64|
    |tmp_417_fu_1383_p2  |    xor   |      0|  0|  64|          64|          64|
    |tmp_418_fu_1390_p2  |    xor   |      0|  0|  64|          64|          64|
    |tmp_420_fu_1401_p2  |    xor   |      0|  0|  64|          64|          64|
    |tmp_428_fu_1474_p2  |    xor   |      0|  0|  64|          64|          64|
    |tmp_441_fu_1585_p2  |    xor   |      0|  0|  64|          64|          64|
    |tmp_442_fu_1592_p2  |    xor   |      0|  0|  64|          64|          64|
    |tmp_444_fu_1602_p2  |    xor   |      0|  0|  64|          64|          64|
    |tmp_455_fu_1680_p2  |    xor   |      0|  0|  64|          64|          64|
    |tmp_470_fu_1792_p2  |    xor   |      0|  0|  64|          64|          64|
    |tmp_471_fu_1799_p2  |    xor   |      0|  0|  64|          64|          64|
    |tmp_474_fu_1810_p2  |    xor   |      0|  0|  64|          64|          64|
    |tmp_485_fu_1888_p2  |    xor   |      0|  0|  64|          64|          64|
    |tmp_501_fu_2002_p2  |    xor   |      0|  0|  64|          64|          64|
    |tmp_502_fu_2009_p2  |    xor   |      0|  0|  64|          64|          64|
    |tmp_505_fu_2021_p2  |    xor   |      0|  0|  64|          64|          64|
    |tmp_516_fu_2100_p2  |    xor   |      0|  0|  64|          64|          64|
    |tmp_532_fu_2216_p2  |    xor   |      0|  0|  64|          64|          64|
    |tmp_533_fu_2223_p2  |    xor   |      0|  0|  64|          64|          64|
    |tmp_536_fu_2235_p2  |    xor   |      0|  0|  64|          64|          64|
    |tmp_547_fu_2314_p2  |    xor   |      0|  0|  64|          64|          64|
    |tmp_563_fu_2430_p2  |    xor   |      0|  0|  64|          64|          64|
    |tmp_564_fu_2437_p2  |    xor   |      0|  0|  64|          64|          64|
    |tmp_567_fu_2449_p2  |    xor   |      0|  0|  64|          64|          64|
    |tmp_578_fu_2528_p2  |    xor   |      0|  0|  64|          64|          64|
    |tmp_594_fu_2644_p2  |    xor   |      0|  0|  64|          64|          64|
    |tmp_595_fu_2651_p2  |    xor   |      0|  0|  64|          64|          64|
    |tmp_598_fu_2663_p2  |    xor   |      0|  0|  64|          64|          64|
    |tmp_609_fu_2742_p2  |    xor   |      0|  0|  64|          64|          64|
    |tmp_625_fu_2858_p2  |    xor   |      0|  0|  64|          64|          64|
    |tmp_626_fu_2865_p2  |    xor   |      0|  0|  64|          64|          64|
    |tmp_629_fu_2877_p2  |    xor   |      0|  0|  64|          64|          64|
    |tmp_640_fu_2956_p2  |    xor   |      0|  0|  64|          64|          64|
    +--------------------+----------+-------+---+----+------------+------------+
    |Total               |          |      0|  0|6065|        6064|        6000|
    +--------------------+----------+-------+---+----+------------+------------+

    * Multiplexer: 
    +-------------------+-----+-----------+-----+-----------+
    |        Name       | LUT | Input Size| Bits| Total Bits|
    +-------------------+-----+-----------+-----+-----------+
    |K_address0         |   44|          9|    7|         63|
    |S_address0         |   41|          8|    3|         24|
    |S_address1         |   41|          8|    3|         24|
    |S_d0               |   15|          3|   64|        192|
    |W_address0         |   41|          8|    7|         56|
    |W_address1         |   41|          8|    7|         56|
    |ap_NS_fsm          |  357|         81|    1|         81|
    |buf_r_address0     |   44|          9|    7|         63|
    |grp_fu_583_p0      |  201|         46|   64|       2944|
    |grp_fu_583_p1      |  197|         45|   64|       2880|
    |grp_fu_969_p0      |   27|          5|    7|         35|
    |grp_fu_969_p1      |   21|          4|    7|         28|
    |i_1_reg_536        |    9|          2|    5|         10|
    |i_4_reg_572        |    9|          2|    4|          8|
    |md_state_address0  |   21|          4|    3|         12|
    |reg_525            |   15|          3|    7|         21|
    |reg_548            |   15|          3|   64|        192|
    |reg_560            |   15|          3|    7|         21|
    +-------------------+-----+-----------+-----+-----------+
    |Total              | 1154|        251|  331|       6710|
    +-------------------+-----+-----------+-----+-----------+

    * Register: 
    +--------------------------+----+----+-----+-----------+
    |           Name           | FF | LUT| Bits| Const Bits|
    +--------------------------+----+----+-----+-----------+
    |S_load_10_reg_3201        |  64|   0|   64|          0|
    |S_load_11_reg_3206        |  64|   0|   64|          0|
    |S_load_12_reg_3226        |  64|   0|   64|          0|
    |S_load_13_reg_3218        |  64|   0|   64|          0|
    |S_load_14_reg_3242        |  64|   0|   64|          0|
    |S_load_9_reg_3186         |  64|   0|   64|          0|
    |ap_CS_fsm                 |  80|   0|   80|          0|
    |buf_load_10_reg_3066      |   8|   0|    8|          0|
    |buf_load_11_reg_3076      |   8|   0|    8|          0|
    |buf_load_12_reg_3086      |   8|   0|    8|          0|
    |buf_load_13_reg_3096      |   8|   0|    8|          0|
    |buf_load_8_reg_3046       |   8|   0|    8|          0|
    |buf_load_9_reg_3056       |   8|   0|    8|          0|
    |buf_load_reg_3036         |   8|   0|    8|          0|
    |i_1_reg_536               |   5|   0|    5|          0|
    |i_4_reg_572               |   4|   0|    4|          0|
    |md_state_addr_3_reg_3335  |   3|   0|    3|          0|
    |reg_525                   |   7|   0|    7|          0|
    |reg_548                   |  64|   0|   64|          0|
    |reg_560                   |   7|   0|    7|          0|
    |reg_614                   |  64|   0|   64|          0|
    |reg_617                   |  64|   0|   64|          0|
    |reg_620                   |  64|   0|   64|          0|
    |reg_623                   |  64|   0|   64|          0|
    |reg_626                   |  64|   0|   64|          0|
    |reg_629                   |  64|   0|   64|          0|
    |reg_632                   |  64|   0|   64|          0|
    |reg_635                   |  64|   0|   64|          0|
    |reg_736                   |  64|   0|   64|          0|
    |reg_986                   |  64|   0|   64|          0|
    |tmp73_reg_929             |  64|   0|   64|          0|
    |tmp_421_reg_3176          |   7|   0|   64|         57|
    |tmp_446_reg_3247          |   6|   0|   64|         58|
    |tmp_450_reg_3012          |   9|   0|    9|          0|
    |tmp_476_reg_3262          |   6|   0|   64|         58|
    |tmp_507_reg_3277          |   5|   0|   64|         59|
    |tmp_reg_3002              |   4|   0|   64|         60|
    |tmp_s_reg_3020            |   4|   0|    7|          3|
    +--------------------------+----+----+-----+-----------+
    |Total                     |1355|   0| 1650|        295|
    +--------------------------+----+----+-----+-----------+



================================================================
== Interface
================================================================
* Summary: 
+-------------------+-----+-----+------------+-----------------------+--------------+
|     RTL Ports     | Dir | Bits|  Protocol  |     Source Object     |    C Type    |
+-------------------+-----+-----+------------+-----------------------+--------------+
|ap_clk             |  in |    1| ap_ctrl_hs | sha512_compress_128.1 | return value |
|ap_rst             |  in |    1| ap_ctrl_hs | sha512_compress_128.1 | return value |
|ap_start           |  in |    1| ap_ctrl_hs | sha512_compress_128.1 | return value |
|ap_done            | out |    1| ap_ctrl_hs | sha512_compress_128.1 | return value |
|ap_idle            | out |    1| ap_ctrl_hs | sha512_compress_128.1 | return value |
|ap_ready           | out |    1| ap_ctrl_hs | sha512_compress_128.1 | return value |
|md_state_address0  | out |    3|  ap_memory |        md_state       |     array    |
|md_state_ce0       | out |    1|  ap_memory |        md_state       |     array    |
|md_state_we0       | out |    1|  ap_memory |        md_state       |     array    |
|md_state_d0        | out |   64|  ap_memory |        md_state       |     array    |
|md_state_q0        |  in |   64|  ap_memory |        md_state       |     array    |
|buf_r_address0     | out |    7|  ap_memory |         buf_r         |     array    |
|buf_r_ce0          | out |    1|  ap_memory |         buf_r         |     array    |
|buf_r_q0           |  in |    8|  ap_memory |         buf_r         |     array    |
|p_01_idx           |  in |   64|   ap_none  |        p_01_idx       |    scalar    |
+-------------------+-----+-----+------------+-----------------------+--------------+

