Copyright 1986-2016 Xilinx, Inc. All Rights Reserved.
----------------------------------------------------------------------------------------------------------------------------------------------------------------------
| Tool Version     : Vivado v.2016.4 (lin64) Build 1733598 Wed Dec 14 22:35:42 MST 2016
| Date             : Tue Mar 14 21:38:02 2017
| Host             : SchoolComputer running 64-bit Ubuntu 16.10
| Command          : report_power -file design_1_wrapper_power_routed.rpt -pb design_1_wrapper_power_summary_routed.pb -rpx design_1_wrapper_power_routed.rpx
| Design           : design_1_wrapper
| Device           : xczu9eg-ffvb1156-2-i-es2
| Design State     : routed
| Grade            : industrial
| Process          : typical
| Characterization : Preliminary
----------------------------------------------------------------------------------------------------------------------------------------------------------------------

Power Report

Table of Contents
-----------------
1. Summary
1.1 On-Chip Components
1.2 Power Supply Summary
1.3 Confidence Level
2. Settings
2.1 Environment
2.2 Clock Constraints
3. Detailed Reports
3.1 By Hierarchy

1. Summary
----------

+--------------------------+--------+
| Total On-Chip Power (W)  | 3.504  |
| Dynamic (W)              | 2.754  |
| Device Static (W)        | 0.749  |
| Effective TJA (C/W)      | 1.0    |
| Max Ambient (C)          | 96.6   |
| Junction Temperature (C) | 28.4   |
| Confidence Level         | Medium |
| Setting File             | ---    |
| Simulation Activity File | ---    |
| Design Nets Matched      | NA     |
+--------------------------+--------+


1.1 On-Chip Components
----------------------

+--------------------------+-----------+----------+-----------+-----------------+
| On-Chip                  | Power (W) | Used     | Available | Utilization (%) |
+--------------------------+-----------+----------+-----------+-----------------+
| Clocks                   |     0.023 |        3 |       --- |             --- |
| CLB Logic                |     0.006 |    13799 |       --- |             --- |
|   LUT as Logic           |     0.005 |     6132 |    274080 |            2.24 |
|   LUT as Distributed RAM |    <0.001 |      112 |    144000 |            0.08 |
|   LUT as Shift Register  |    <0.001 |       91 |    144000 |            0.06 |
|   Register               |    <0.001 |     5527 |    548160 |            1.01 |
|   CARRY8                 |    <0.001 |       22 |     34260 |            0.06 |
|   Others                 |     0.000 |      291 |       --- |             --- |
|   F7/F8 Muxes            |     0.000 |       80 |    274080 |            0.03 |
| Signals                  |     0.009 |    13649 |       --- |             --- |
| Block RAM                |     0.027 |       58 |       912 |            6.36 |
| PS8                      |     2.688 |        1 |       --- |             --- |
| Static Power             |     0.749 |          |           |                 |
|   PS Static              |     0.135 |          |           |                 |
|   PL Static              |     0.615 |          |           |                 |
| Total                    |     3.504 |          |           |                 |
+--------------------------+-----------+----------+-----------+-----------------+


1.2 Power Supply Summary
------------------------

+-----------------+-------------+-----------+-------------+------------+
| Source          | Voltage (V) | Total (A) | Dynamic (A) | Static (A) |
+-----------------+-------------+-----------+-------------+------------+
| Vccint          |       0.850 |     0.279 |       0.077 |      0.203 |
| Vccint_io       |       0.850 |     0.034 |       0.000 |      0.034 |
| Vccint_xiphy    |       0.850 |     0.002 |       0.000 |      0.002 |
| Vccbram         |       0.850 |     0.004 |       0.001 |      0.003 |
| Vccaux          |       1.800 |     0.193 |       0.000 |      0.193 |
| Vccaux_io       |       1.800 |     0.033 |       0.000 |      0.033 |
| Vcco33          |       3.300 |     0.000 |       0.000 |      0.000 |
| Vcco25          |       2.500 |     0.000 |       0.000 |      0.000 |
| Vcco18          |       1.800 |     0.000 |       0.000 |      0.000 |
| Vcco15          |       1.500 |     0.000 |       0.000 |      0.000 |
| Vcco135         |       1.350 |     0.000 |       0.000 |      0.000 |
| Vcco12          |       1.200 |     0.000 |       0.000 |      0.000 |
| Vcco10          |       1.000 |     0.000 |       0.000 |      0.000 |
| MGTAVcc         |       0.900 |     0.000 |       0.000 |      0.000 |
| MGTAVtt         |       1.200 |     0.000 |       0.000 |      0.000 |
| MGTVccaux       |       1.800 |     0.000 |       0.000 |      0.000 |
| MGTYAVcc        |       0.900 |     0.000 |       0.000 |      0.000 |
| MGTYAVtt        |       1.200 |     0.000 |       0.000 |      0.000 |
| MGTYVccaux      |       1.800 |     0.000 |       0.000 |      0.000 |
| Vccadc          |       1.800 |     0.002 |       0.000 |      0.002 |
| VCC_PSINTFP     |       0.850 |     1.369 |       1.334 |      0.035 |
| VCC_PSINTLP     |       0.850 |     0.296 |       0.289 |      0.007 |
| VPS_MGTRAVCC    |       0.850 |     0.152 |       0.138 |      0.014 |
| VCC_PSINTFP_DDR |       0.850 |     0.367 |       0.363 |      0.004 |
| VCC_PSPLL       |       1.200 |     0.078 |       0.073 |      0.004 |
| VPS_MGTRAVTT    |       1.800 |     0.037 |       0.033 |      0.004 |
| VCCO_PSDDR_504  |       1.200 |     0.584 |       0.548 |      0.036 |
| VCC_PSAUX       |       1.800 |     0.005 |       0.002 |      0.003 |
| VCC_PSBATT      |       1.200 |     0.000 |       0.000 |      0.000 |
| VCC_PSDDR_PLL   |       1.800 |     0.016 |       0.011 |      0.005 |
| VCCO_PSIO0_500  |       1.800 |     0.012 |       0.010 |      0.002 |
| VCCO_PSIO1_501  |       1.800 |     0.010 |       0.008 |      0.002 |
| VCCO_PSIO2_502  |       1.800 |     0.014 |       0.012 |      0.002 |
| VCCO_PSIO3_503  |       3.300 |     0.000 |       0.000 |      0.000 |
| VCC_PSADC       |       1.800 |     0.002 |       0.000 |      0.002 |
+-----------------+-------------+-----------+-------------+------------+


1.3 Confidence Level
--------------------

+-----------------------------+------------+------------------------------------------------+------------------------------------------------------------------------------------------------------------+
| User Input Data             | Confidence | Details                                        | Action                                                                                                     |
+-----------------------------+------------+------------------------------------------------+------------------------------------------------------------------------------------------------------------+
| Design implementation state | High       | Design is routed                               |                                                                                                            |
| Clock nodes activity        | High       | User specified more than 95% of clocks         |                                                                                                            |
| I/O nodes activity          | High       | User specified more than 95% of inputs         |                                                                                                            |
| Internal nodes activity     | Medium     | User specified less than 25% of internal nodes | Provide missing internal nodes activity with simulation results or by editing the "By Resource Type" views |
| Device models               | Medium     | Device models are not Production               | Device models may change and in turn slightly affect accuracy                                              |
|                             |            |                                                |                                                                                                            |
| Overall confidence level    | Medium     |                                                |                                                                                                            |
+-----------------------------+------------+------------------------------------------------+------------------------------------------------------------------------------------------------------------+


2. Settings
-----------

2.1 Environment
---------------

+-----------------------+--------------------------+
| Ambient Temp (C)      | 25.0                     |
| ThetaJA (C/W)         | 1.0                      |
| Airflow (LFM)         | 250                      |
| Heat Sink             | medium (Medium Profile)  |
| ThetaSA (C/W)         | 1.5                      |
| Board Selection       | medium (10"x10")         |
| # of Board Layers     | 12to15 (12 to 15 Layers) |
| Board Temperature (C) | 25.0                     |
+-----------------------+--------------------------+


2.2 Clock Constraints
---------------------

+----------+--------------------------------------------------------+-----------------+
| Clock    | Domain                                                 | Constraint (ns) |
+----------+--------------------------------------------------------+-----------------+
| clk_pl_0 | design_1_i/zynq_ultra_ps_e_0/inst/pl_clk_unbuffered[0] |            10.0 |
+----------+--------------------------------------------------------+-----------------+


3. Detailed Reports
-------------------

3.1 By Hierarchy
----------------

+----------------------------------------------------------------------------------------+-----------+
| Name                                                                                   | Power (W) |
+----------------------------------------------------------------------------------------+-----------+
| design_1_wrapper                                                                       |     2.754 |
|   design_1_i                                                                           |     2.754 |
|     aes_basic_0                                                                        |     0.024 |
|       inst                                                                             |     0.024 |
|         aes_basic_AXILiteS_s_axi_U                                                     |     0.002 |
|         grp_aes_fu_93                                                                  |     0.021 |
|           sboxes_0_U                                                                   |    <0.001 |
|             aes_sboxes_0_rom_U                                                         |    <0.001 |
|           sboxes_10_U                                                                  |    <0.001 |
|             aes_sboxes_0_rom_U                                                         |    <0.001 |
|           sboxes_11_U                                                                  |    <0.001 |
|             aes_sboxes_0_rom_U                                                         |    <0.001 |
|           sboxes_12_U                                                                  |    <0.001 |
|             aes_sboxes_0_rom_U                                                         |    <0.001 |
|           sboxes_13_U                                                                  |    <0.001 |
|             aes_sboxes_0_rom_U                                                         |    <0.001 |
|           sboxes_14_U                                                                  |    <0.001 |
|             aes_sboxes_0_rom_U                                                         |    <0.001 |
|           sboxes_15_U                                                                  |    <0.001 |
|             aes_sboxes_0_rom_U                                                         |    <0.001 |
|           sboxes_16_U                                                                  |    <0.001 |
|             aes_sboxes_0_rom_U                                                         |    <0.001 |
|           sboxes_17_U                                                                  |    <0.001 |
|             aes_sboxes_0_rom_U                                                         |    <0.001 |
|           sboxes_18_U                                                                  |    <0.001 |
|             aes_sboxes_0_rom_U                                                         |    <0.001 |
|           sboxes_19_U                                                                  |    <0.001 |
|             aes_sboxes_0_rom_U                                                         |    <0.001 |
|           sboxes_1_U                                                                   |    <0.001 |
|             aes_sboxes_0_rom_U                                                         |    <0.001 |
|           sboxes_2_U                                                                   |    <0.001 |
|             aes_sboxes_0_rom_U                                                         |    <0.001 |
|           sboxes_3_U                                                                   |    <0.001 |
|             aes_sboxes_0_rom_U                                                         |    <0.001 |
|           sboxes_4_U                                                                   |    <0.001 |
|             aes_sboxes_0_rom_U                                                         |    <0.001 |
|           sboxes_5_U                                                                   |    <0.001 |
|             aes_sboxes_0_rom_U                                                         |    <0.001 |
|           sboxes_6_U                                                                   |    <0.001 |
|             aes_sboxes_0_rom_U                                                         |    <0.001 |
|           sboxes_7_U                                                                   |    <0.001 |
|             aes_sboxes_0_rom_U                                                         |    <0.001 |
|           sboxes_8_U                                                                   |    <0.001 |
|             aes_sboxes_0_rom_U                                                         |    <0.001 |
|           sboxes_9_U                                                                   |    <0.001 |
|             aes_sboxes_0_rom_U                                                         |    <0.001 |
|     axi_gpio_0                                                                         |    <0.001 |
|       U0                                                                               |    <0.001 |
|         AXI_LITE_IPIF_I                                                                |    <0.001 |
|           I_SLAVE_ATTACHMENT                                                           |    <0.001 |
|             I_DECODER                                                                  |    <0.001 |
|         gpio_core_1                                                                    |    <0.001 |
|           Not_Dual.INPUT_DOUBLE_REGS3                                                  |    <0.001 |
|     ps8_0_axi_periph                                                                   |     0.023 |
|       s00_couplers                                                                     |     0.010 |
|         auto_ds                                                                        |     0.006 |
|           inst                                                                         |     0.006 |
|             gen_downsizer.gen_simple_downsizer.axi_downsizer_inst                      |     0.006 |
|               USE_READ.read_addr_inst                                                  |     0.002 |
|                 cmd_queue                                                              |     0.001 |
|                   inst                                                                 |     0.001 |
|                     fifo_gen_inst                                                      |    <0.001 |
|                       inst_fifo_gen                                                    |    <0.001 |
|                         gconvfifo.rf                                                   |    <0.001 |
|                           grf.rf                                                       |    <0.001 |
|                             gntv_or_sync_fifo.gl0.rd                                   |    <0.001 |
|                               gr1.gr1_int.rfwft                                        |    <0.001 |
|                               grss.rsts                                                |    <0.001 |
|                               rpntr                                                    |    <0.001 |
|                             gntv_or_sync_fifo.gl0.wr                                   |    <0.001 |
|                               gwss.wsts                                                |    <0.001 |
|                               wpntr                                                    |    <0.001 |
|                             gntv_or_sync_fifo.mem                                      |    <0.001 |
|                               gdm.dm_gen.dm                                            |    <0.001 |
|                                 RAM_reg_0_31_0_5                                       |    <0.001 |
|                                 RAM_reg_0_31_12_17                                     |    <0.001 |
|                                 RAM_reg_0_31_6_11                                      |    <0.001 |
|                             rstblk                                                     |    <0.001 |
|                               ngwrdrst.grst.g7serrst.gwrrd_rst_sync_stage[1].rrst_inst |    <0.001 |
|                               ngwrdrst.grst.g7serrst.gwrrd_rst_sync_stage[1].wrst_inst |    <0.001 |
|                               ngwrdrst.grst.g7serrst.gwrrd_rst_sync_stage[2].rrst_inst |    <0.001 |
|                               ngwrdrst.grst.g7serrst.gwrrd_rst_sync_stage[2].wrst_inst |    <0.001 |
|               USE_READ.read_data_inst                                                  |    <0.001 |
|               USE_WRITE.USE_SPLIT.write_resp_inst                                      |    <0.001 |
|               USE_WRITE.write_addr_inst                                                |     0.003 |
|                 USE_B_CHANNEL.cmd_b_queue                                              |    <0.001 |
|                   inst                                                                 |    <0.001 |
|                     fifo_gen_inst                                                      |    <0.001 |
|                       inst_fifo_gen                                                    |    <0.001 |
|                         gconvfifo.rf                                                   |    <0.001 |
|                           grf.rf                                                       |    <0.001 |
|                             gntv_or_sync_fifo.gl0.rd                                   |    <0.001 |
|                               gr1.gr1_int.rfwft                                        |    <0.001 |
|                               grss.rsts                                                |    <0.001 |
|                               rpntr                                                    |    <0.001 |
|                             gntv_or_sync_fifo.gl0.wr                                   |    <0.001 |
|                               gwss.wsts                                                |    <0.001 |
|                               wpntr                                                    |    <0.001 |
|                             gntv_or_sync_fifo.mem                                      |    <0.001 |
|                               gdm.dm_gen.dm                                            |    <0.001 |
|                                 RAM_reg_0_31_0_5                                       |    <0.001 |
|                             rstblk                                                     |    <0.001 |
|                               ngwrdrst.grst.g7serrst.gwrrd_rst_sync_stage[1].rrst_inst |    <0.001 |
|                               ngwrdrst.grst.g7serrst.gwrrd_rst_sync_stage[1].wrst_inst |    <0.001 |
|                               ngwrdrst.grst.g7serrst.gwrrd_rst_sync_stage[2].rrst_inst |    <0.001 |
|                               ngwrdrst.grst.g7serrst.gwrrd_rst_sync_stage[2].wrst_inst |    <0.001 |
|                 cmd_queue                                                              |     0.001 |
|                   inst                                                                 |     0.001 |
|                     fifo_gen_inst                                                      |    <0.001 |
|                       inst_fifo_gen                                                    |    <0.001 |
|                         gconvfifo.rf                                                   |    <0.001 |
|                           grf.rf                                                       |    <0.001 |
|                             gntv_or_sync_fifo.gl0.rd                                   |    <0.001 |
|                               gr1.gr1_int.rfwft                                        |    <0.001 |
|                               grss.rsts                                                |    <0.001 |
|                               rpntr                                                    |    <0.001 |
|                             gntv_or_sync_fifo.gl0.wr                                   |    <0.001 |
|                               gwss.wsts                                                |    <0.001 |
|                               wpntr                                                    |    <0.001 |
|                             gntv_or_sync_fifo.mem                                      |    <0.001 |
|                               gdm.dm_gen.dm                                            |    <0.001 |
|                                 RAM_reg_0_31_0_5                                       |    <0.001 |
|                                 RAM_reg_0_31_12_17                                     |    <0.001 |
|                                 RAM_reg_0_31_6_11                                      |    <0.001 |
|                             rstblk                                                     |    <0.001 |
|                               ngwrdrst.grst.g7serrst.gwrrd_rst_sync_stage[1].rrst_inst |    <0.001 |
|                               ngwrdrst.grst.g7serrst.gwrrd_rst_sync_stage[1].wrst_inst |    <0.001 |
|                               ngwrdrst.grst.g7serrst.gwrrd_rst_sync_stage[2].rrst_inst |    <0.001 |
|                               ngwrdrst.grst.g7serrst.gwrrd_rst_sync_stage[2].wrst_inst |    <0.001 |
|               USE_WRITE.write_data_inst                                                |    <0.001 |
|         auto_pc                                                                        |     0.004 |
|           inst                                                                         |     0.004 |
|             gen_axilite.gen_b2s_conv.axilite_b2s                                       |     0.004 |
|               RD.ar_channel_0                                                          |    <0.001 |
|                 ar_cmd_fsm_0                                                           |    <0.001 |
|                 cmd_translator_0                                                       |    <0.001 |
|                   incr_cmd_0                                                           |    <0.001 |
|                   wrap_cmd_0                                                           |    <0.001 |
|               RD.r_channel_0                                                           |    <0.001 |
|                 rd_data_fifo_0                                                         |    <0.001 |
|                 transaction_fifo_0                                                     |    <0.001 |
|               SI_REG                                                                   |     0.002 |
|                 ar_pipe                                                                |    <0.001 |
|                 aw_pipe                                                                |    <0.001 |
|                 b_pipe                                                                 |    <0.001 |
|                 r_pipe                                                                 |    <0.001 |
|               WR.aw_channel_0                                                          |    <0.001 |
|                 aw_cmd_fsm_0                                                           |    <0.001 |
|                 cmd_translator_0                                                       |    <0.001 |
|                   incr_cmd_0                                                           |    <0.001 |
|                   wrap_cmd_0                                                           |    <0.001 |
|               WR.b_channel_0                                                           |    <0.001 |
|                 bid_fifo_0                                                             |    <0.001 |
|                 bresp_fifo_0                                                           |    <0.001 |
|       s01_couplers                                                                     |     0.010 |
|         auto_ds                                                                        |     0.006 |
|           inst                                                                         |     0.006 |
|             gen_downsizer.gen_simple_downsizer.axi_downsizer_inst                      |     0.006 |
|               USE_READ.read_addr_inst                                                  |     0.002 |
|                 cmd_queue                                                              |     0.001 |
|                   inst                                                                 |     0.001 |
|                     fifo_gen_inst                                                      |    <0.001 |
|                       inst_fifo_gen                                                    |    <0.001 |
|                         gconvfifo.rf                                                   |    <0.001 |
|                           grf.rf                                                       |    <0.001 |
|                             gntv_or_sync_fifo.gl0.rd                                   |    <0.001 |
|                               gr1.gr1_int.rfwft                                        |    <0.001 |
|                               grss.rsts                                                |    <0.001 |
|                               rpntr                                                    |    <0.001 |
|                             gntv_or_sync_fifo.gl0.wr                                   |    <0.001 |
|                               gwss.wsts                                                |    <0.001 |
|                               wpntr                                                    |    <0.001 |
|                             gntv_or_sync_fifo.mem                                      |    <0.001 |
|                               gdm.dm_gen.dm                                            |    <0.001 |
|                                 RAM_reg_0_31_0_5                                       |    <0.001 |
|                                 RAM_reg_0_31_12_17                                     |    <0.001 |
|                                 RAM_reg_0_31_6_11                                      |    <0.001 |
|                             rstblk                                                     |    <0.001 |
|                               ngwrdrst.grst.g7serrst.gwrrd_rst_sync_stage[1].rrst_inst |    <0.001 |
|                               ngwrdrst.grst.g7serrst.gwrrd_rst_sync_stage[1].wrst_inst |    <0.001 |
|                               ngwrdrst.grst.g7serrst.gwrrd_rst_sync_stage[2].rrst_inst |    <0.001 |
|                               ngwrdrst.grst.g7serrst.gwrrd_rst_sync_stage[2].wrst_inst |    <0.001 |
|               USE_READ.read_data_inst                                                  |    <0.001 |
|               USE_WRITE.USE_SPLIT.write_resp_inst                                      |    <0.001 |
|               USE_WRITE.write_addr_inst                                                |     0.003 |
|                 USE_B_CHANNEL.cmd_b_queue                                              |    <0.001 |
|                   inst                                                                 |    <0.001 |
|                     fifo_gen_inst                                                      |    <0.001 |
|                       inst_fifo_gen                                                    |    <0.001 |
|                         gconvfifo.rf                                                   |    <0.001 |
|                           grf.rf                                                       |    <0.001 |
|                             gntv_or_sync_fifo.gl0.rd                                   |    <0.001 |
|                               gr1.gr1_int.rfwft                                        |    <0.001 |
|                               grss.rsts                                                |    <0.001 |
|                               rpntr                                                    |    <0.001 |
|                             gntv_or_sync_fifo.gl0.wr                                   |    <0.001 |
|                               gwss.wsts                                                |    <0.001 |
|                               wpntr                                                    |    <0.001 |
|                             gntv_or_sync_fifo.mem                                      |    <0.001 |
|                               gdm.dm_gen.dm                                            |    <0.001 |
|                                 RAM_reg_0_31_0_5                                       |    <0.001 |
|                             rstblk                                                     |    <0.001 |
|                               ngwrdrst.grst.g7serrst.gwrrd_rst_sync_stage[1].rrst_inst |    <0.001 |
|                               ngwrdrst.grst.g7serrst.gwrrd_rst_sync_stage[1].wrst_inst |    <0.001 |
|                               ngwrdrst.grst.g7serrst.gwrrd_rst_sync_stage[2].rrst_inst |    <0.001 |
|                               ngwrdrst.grst.g7serrst.gwrrd_rst_sync_stage[2].wrst_inst |    <0.001 |
|                 cmd_queue                                                              |    <0.001 |
|                   inst                                                                 |    <0.001 |
|                     fifo_gen_inst                                                      |    <0.001 |
|                       inst_fifo_gen                                                    |    <0.001 |
|                         gconvfifo.rf                                                   |    <0.001 |
|                           grf.rf                                                       |    <0.001 |
|                             gntv_or_sync_fifo.gl0.rd                                   |    <0.001 |
|                               gr1.gr1_int.rfwft                                        |    <0.001 |
|                               grss.rsts                                                |    <0.001 |
|                               rpntr                                                    |    <0.001 |
|                             gntv_or_sync_fifo.gl0.wr                                   |    <0.001 |
|                               gwss.wsts                                                |    <0.001 |
|                               wpntr                                                    |    <0.001 |
|                             gntv_or_sync_fifo.mem                                      |    <0.001 |
|                               gdm.dm_gen.dm                                            |    <0.001 |
|                                 RAM_reg_0_31_0_5                                       |    <0.001 |
|                                 RAM_reg_0_31_12_17                                     |    <0.001 |
|                                 RAM_reg_0_31_6_11                                      |    <0.001 |
|                             rstblk                                                     |    <0.001 |
|                               ngwrdrst.grst.g7serrst.gwrrd_rst_sync_stage[1].rrst_inst |    <0.001 |
|                               ngwrdrst.grst.g7serrst.gwrrd_rst_sync_stage[1].wrst_inst |    <0.001 |
|                               ngwrdrst.grst.g7serrst.gwrrd_rst_sync_stage[2].rrst_inst |    <0.001 |
|                               ngwrdrst.grst.g7serrst.gwrrd_rst_sync_stage[2].wrst_inst |    <0.001 |
|               USE_WRITE.write_data_inst                                                |    <0.001 |
|         auto_pc                                                                        |     0.004 |
|           inst                                                                         |     0.004 |
|             gen_axilite.gen_b2s_conv.axilite_b2s                                       |     0.004 |
|               RD.ar_channel_0                                                          |    <0.001 |
|                 ar_cmd_fsm_0                                                           |    <0.001 |
|                 cmd_translator_0                                                       |    <0.001 |
|                   incr_cmd_0                                                           |    <0.001 |
|                   wrap_cmd_0                                                           |    <0.001 |
|               RD.r_channel_0                                                           |    <0.001 |
|                 rd_data_fifo_0                                                         |    <0.001 |
|                 transaction_fifo_0                                                     |    <0.001 |
|               SI_REG                                                                   |     0.002 |
|                 ar_pipe                                                                |    <0.001 |
|                 aw_pipe                                                                |    <0.001 |
|                 b_pipe                                                                 |    <0.001 |
|                 r_pipe                                                                 |    <0.001 |
|               WR.aw_channel_0                                                          |    <0.001 |
|                 aw_cmd_fsm_0                                                           |    <0.001 |
|                 cmd_translator_0                                                       |    <0.001 |
|                   incr_cmd_0                                                           |    <0.001 |
|                   wrap_cmd_0                                                           |    <0.001 |
|               WR.b_channel_0                                                           |    <0.001 |
|                 bid_fifo_0                                                             |    <0.001 |
|                 bresp_fifo_0                                                           |    <0.001 |
|       xbar                                                                             |     0.003 |
|         inst                                                                           |     0.003 |
|           gen_sasd.crossbar_sasd_0                                                     |     0.003 |
|             addr_arbiter_inst                                                          |     0.003 |
|             gen_decerr.decerr_slave_inst                                               |    <0.001 |
|             reg_slice_r                                                                |    <0.001 |
|             splitter_ar                                                                |    <0.001 |
|             splitter_aw                                                                |    <0.001 |
|     rst_ps8_0_100M                                                                     |    <0.001 |
|       U0                                                                               |    <0.001 |
|         EXT_LPF                                                                        |    <0.001 |
|           ACTIVE_LOW_EXT.ACT_LO_EXT                                                    |    <0.001 |
|         SEQ                                                                            |    <0.001 |
|           SEQ_COUNTER                                                                  |    <0.001 |
|     secure_enclave_0                                                                   |     0.015 |
|       inst                                                                             |     0.015 |
|         secure_enclave_AXILiteS_s_axi_U                                                |     0.013 |
|           int_secure_storage_in_V                                                      |     0.006 |
|           int_secure_storage_out_V                                                     |     0.005 |
|     zynq_ultra_ps_e_0                                                                  |     2.692 |
|       inst                                                                             |     2.692 |
+----------------------------------------------------------------------------------------+-----------+


