
*** Running vivado
    with args -log design_1_mdm_1_0.vds -m64 -product Vivado -mode batch -messageDb vivado.pb -notrace -source design_1_mdm_1_0.tcl


****** Vivado v2017.1 (64-bit)
  **** SW Build 1846317 on Fri Apr 14 18:54:47 MDT 2017
  **** IP Build 1846188 on Fri Apr 14 20:52:08 MDT 2017
    ** Copyright 1986-2017 Xilinx, Inc. All Rights Reserved.

source design_1_mdm_1_0.tcl -notrace
Starting RTL Elaboration : Time (s): cpu = 00:00:04 ; elapsed = 00:00:04 . Memory (MB): peak = 1492.812 ; gain = 0.000 ; free physical = 6424 ; free virtual = 18124
INFO: [Synth 8-638] synthesizing module 'design_1_mdm_1_0' [/home/michael/hardware_security/zcu102/root_of_trust/operational_os/vivado/zcu_microblaze_2/zcu_microblaze_2.srcs/sources_1/bd/design_1/ip/design_1_mdm_1_0/synth/design_1_mdm_1_0.vhd:144]
INFO: [Synth 8-638] synthesizing module 'MDM' [/home/michael/hardware_security/zcu102/root_of_trust/operational_os/vivado/zcu_microblaze_2/zcu_microblaze_2.srcs/sources_1/bd/design_1/ipshared/359c/hdl/mdm_v3_2_vh_rfs.vhd:13563]
INFO: [Synth 8-638] synthesizing module 'MB_BSCANE2' [/home/michael/hardware_security/zcu102/root_of_trust/operational_os/vivado/zcu_microblaze_2/zcu_microblaze_2.srcs/sources_1/bd/design_1/ipshared/359c/hdl/mdm_v3_2_vh_rfs.vhd:277]
INFO: [Synth 8-256] done synthesizing module 'MB_BSCANE2' (1#1) [/home/michael/hardware_security/zcu102/root_of_trust/operational_os/vivado/zcu_microblaze_2/zcu_microblaze_2.srcs/sources_1/bd/design_1/ipshared/359c/hdl/mdm_v3_2_vh_rfs.vhd:277]
INFO: [Synth 8-638] synthesizing module 'MB_BUFG' [/home/michael/hardware_security/zcu102/root_of_trust/operational_os/vivado/zcu_microblaze_2/zcu_microblaze_2.srcs/sources_1/bd/design_1/ipshared/359c/hdl/mdm_v3_2_vh_rfs.vhd:328]
INFO: [Synth 8-256] done synthesizing module 'MB_BUFG' (2#1) [/home/michael/hardware_security/zcu102/root_of_trust/operational_os/vivado/zcu_microblaze_2/zcu_microblaze_2.srcs/sources_1/bd/design_1/ipshared/359c/hdl/mdm_v3_2_vh_rfs.vhd:328]
INFO: [Synth 8-638] synthesizing module 'MDM_Core' [/home/michael/hardware_security/zcu102/root_of_trust/operational_os/vivado/zcu_microblaze_2/zcu_microblaze_2.srcs/sources_1/bd/design_1/ipshared/359c/hdl/mdm_v3_2_vh_rfs.vhd:6639]
INFO: [Synth 8-638] synthesizing module 'MB_FDRE' [/home/michael/hardware_security/zcu102/root_of_trust/operational_os/vivado/zcu_microblaze_2/zcu_microblaze_2.srcs/sources_1/bd/design_1/ipshared/359c/hdl/mdm_v3_2_vh_rfs.vhd:450]
INFO: [Synth 8-256] done synthesizing module 'MB_FDRE' (3#1) [/home/michael/hardware_security/zcu102/root_of_trust/operational_os/vivado/zcu_microblaze_2/zcu_microblaze_2.srcs/sources_1/bd/design_1/ipshared/359c/hdl/mdm_v3_2_vh_rfs.vhd:450]
INFO: [Synth 8-638] synthesizing module 'JTAG_CONTROL' [/home/michael/hardware_security/zcu102/root_of_trust/operational_os/vivado/zcu_microblaze_2/zcu_microblaze_2.srcs/sources_1/bd/design_1/ipshared/359c/hdl/mdm_v3_2_vh_rfs.vhd:3115]
INFO: [Synth 8-638] synthesizing module 'MB_FDC_1' [/home/michael/hardware_security/zcu102/root_of_trust/operational_os/vivado/zcu_microblaze_2/zcu_microblaze_2.srcs/sources_1/bd/design_1/ipshared/359c/hdl/mdm_v3_2_vh_rfs.vhd:630]
INFO: [Synth 8-256] done synthesizing module 'MB_FDC_1' (4#1) [/home/michael/hardware_security/zcu102/root_of_trust/operational_os/vivado/zcu_microblaze_2/zcu_microblaze_2.srcs/sources_1/bd/design_1/ipshared/359c/hdl/mdm_v3_2_vh_rfs.vhd:630]
INFO: [Synth 8-638] synthesizing module 'MB_FDRE_1' [/home/michael/hardware_security/zcu102/root_of_trust/operational_os/vivado/zcu_microblaze_2/zcu_microblaze_2.srcs/sources_1/bd/design_1/ipshared/359c/hdl/mdm_v3_2_vh_rfs.vhd:690]
INFO: [Synth 8-256] done synthesizing module 'MB_FDRE_1' (5#1) [/home/michael/hardware_security/zcu102/root_of_trust/operational_os/vivado/zcu_microblaze_2/zcu_microblaze_2.srcs/sources_1/bd/design_1/ipshared/359c/hdl/mdm_v3_2_vh_rfs.vhd:690]
INFO: [Synth 8-638] synthesizing module 'MB_SRL16E' [/home/michael/hardware_security/zcu102/root_of_trust/operational_os/vivado/zcu_microblaze_2/zcu_microblaze_2.srcs/sources_1/bd/design_1/ipshared/359c/hdl/mdm_v3_2_vh_rfs.vhd:759]
INFO: [Synth 8-256] done synthesizing module 'MB_SRL16E' (6#1) [/home/michael/hardware_security/zcu102/root_of_trust/operational_os/vivado/zcu_microblaze_2/zcu_microblaze_2.srcs/sources_1/bd/design_1/ipshared/359c/hdl/mdm_v3_2_vh_rfs.vhd:759]
INFO: [Synth 8-638] synthesizing module 'MB_SRL16E__parameterized1' [/home/michael/hardware_security/zcu102/root_of_trust/operational_os/vivado/zcu_microblaze_2/zcu_microblaze_2.srcs/sources_1/bd/design_1/ipshared/359c/hdl/mdm_v3_2_vh_rfs.vhd:759]
INFO: [Synth 8-256] done synthesizing module 'MB_SRL16E__parameterized1' (6#1) [/home/michael/hardware_security/zcu102/root_of_trust/operational_os/vivado/zcu_microblaze_2/zcu_microblaze_2.srcs/sources_1/bd/design_1/ipshared/359c/hdl/mdm_v3_2_vh_rfs.vhd:759]
INFO: [Synth 8-638] synthesizing module 'MB_SRL16E__parameterized3' [/home/michael/hardware_security/zcu102/root_of_trust/operational_os/vivado/zcu_microblaze_2/zcu_microblaze_2.srcs/sources_1/bd/design_1/ipshared/359c/hdl/mdm_v3_2_vh_rfs.vhd:759]
INFO: [Synth 8-256] done synthesizing module 'MB_SRL16E__parameterized3' (6#1) [/home/michael/hardware_security/zcu102/root_of_trust/operational_os/vivado/zcu_microblaze_2/zcu_microblaze_2.srcs/sources_1/bd/design_1/ipshared/359c/hdl/mdm_v3_2_vh_rfs.vhd:759]
INFO: [Synth 8-638] synthesizing module 'MB_SRL16E__parameterized5' [/home/michael/hardware_security/zcu102/root_of_trust/operational_os/vivado/zcu_microblaze_2/zcu_microblaze_2.srcs/sources_1/bd/design_1/ipshared/359c/hdl/mdm_v3_2_vh_rfs.vhd:759]
INFO: [Synth 8-256] done synthesizing module 'MB_SRL16E__parameterized5' (6#1) [/home/michael/hardware_security/zcu102/root_of_trust/operational_os/vivado/zcu_microblaze_2/zcu_microblaze_2.srcs/sources_1/bd/design_1/ipshared/359c/hdl/mdm_v3_2_vh_rfs.vhd:759]
INFO: [Synth 8-638] synthesizing module 'MB_SRL16E__parameterized7' [/home/michael/hardware_security/zcu102/root_of_trust/operational_os/vivado/zcu_microblaze_2/zcu_microblaze_2.srcs/sources_1/bd/design_1/ipshared/359c/hdl/mdm_v3_2_vh_rfs.vhd:759]
INFO: [Synth 8-256] done synthesizing module 'MB_SRL16E__parameterized7' (6#1) [/home/michael/hardware_security/zcu102/root_of_trust/operational_os/vivado/zcu_microblaze_2/zcu_microblaze_2.srcs/sources_1/bd/design_1/ipshared/359c/hdl/mdm_v3_2_vh_rfs.vhd:759]
INFO: [Synth 8-638] synthesizing module 'MB_FDRSE' [/home/michael/hardware_security/zcu102/root_of_trust/operational_os/vivado/zcu_microblaze_2/zcu_microblaze_2.srcs/sources_1/bd/design_1/ipshared/359c/hdl/mdm_v3_2_vh_rfs.vhd:842]
INFO: [Synth 8-256] done synthesizing module 'MB_FDRSE' (7#1) [/home/michael/hardware_security/zcu102/root_of_trust/operational_os/vivado/zcu_microblaze_2/zcu_microblaze_2.srcs/sources_1/bd/design_1/ipshared/359c/hdl/mdm_v3_2_vh_rfs.vhd:842]
INFO: [Synth 8-638] synthesizing module 'SRL_FIFO' [/home/michael/hardware_security/zcu102/root_of_trust/operational_os/vivado/zcu_microblaze_2/zcu_microblaze_2.srcs/sources_1/bd/design_1/ipshared/359c/hdl/mdm_v3_2_vh_rfs.vhd:1771]
INFO: [Synth 8-638] synthesizing module 'MB_MUXCY_XORCY' [/home/michael/hardware_security/zcu102/root_of_trust/operational_os/vivado/zcu_microblaze_2/zcu_microblaze_2.srcs/sources_1/bd/design_1/ipshared/359c/hdl/mdm_v3_2_vh_rfs.vhd:943]
INFO: [Synth 8-256] done synthesizing module 'MB_MUXCY_XORCY' (8#1) [/home/michael/hardware_security/zcu102/root_of_trust/operational_os/vivado/zcu_microblaze_2/zcu_microblaze_2.srcs/sources_1/bd/design_1/ipshared/359c/hdl/mdm_v3_2_vh_rfs.vhd:943]
INFO: [Synth 8-638] synthesizing module 'MB_XORCY' [/home/michael/hardware_security/zcu102/root_of_trust/operational_os/vivado/zcu_microblaze_2/zcu_microblaze_2.srcs/sources_1/bd/design_1/ipshared/359c/hdl/mdm_v3_2_vh_rfs.vhd:1037]
INFO: [Synth 8-256] done synthesizing module 'MB_XORCY' (9#1) [/home/michael/hardware_security/zcu102/root_of_trust/operational_os/vivado/zcu_microblaze_2/zcu_microblaze_2.srcs/sources_1/bd/design_1/ipshared/359c/hdl/mdm_v3_2_vh_rfs.vhd:1037]
INFO: [Synth 8-638] synthesizing module 'MB_SRL16E__parameterized9' [/home/michael/hardware_security/zcu102/root_of_trust/operational_os/vivado/zcu_microblaze_2/zcu_microblaze_2.srcs/sources_1/bd/design_1/ipshared/359c/hdl/mdm_v3_2_vh_rfs.vhd:759]
INFO: [Synth 8-256] done synthesizing module 'MB_SRL16E__parameterized9' (9#1) [/home/michael/hardware_security/zcu102/root_of_trust/operational_os/vivado/zcu_microblaze_2/zcu_microblaze_2.srcs/sources_1/bd/design_1/ipshared/359c/hdl/mdm_v3_2_vh_rfs.vhd:759]
INFO: [Synth 8-256] done synthesizing module 'SRL_FIFO' (10#1) [/home/michael/hardware_security/zcu102/root_of_trust/operational_os/vivado/zcu_microblaze_2/zcu_microblaze_2.srcs/sources_1/bd/design_1/ipshared/359c/hdl/mdm_v3_2_vh_rfs.vhd:1771]
INFO: [Synth 8-256] done synthesizing module 'JTAG_CONTROL' (11#1) [/home/michael/hardware_security/zcu102/root_of_trust/operational_os/vivado/zcu_microblaze_2/zcu_microblaze_2.srcs/sources_1/bd/design_1/ipshared/359c/hdl/mdm_v3_2_vh_rfs.vhd:3115]
INFO: [Synth 8-256] done synthesizing module 'MDM_Core' (12#1) [/home/michael/hardware_security/zcu102/root_of_trust/operational_os/vivado/zcu_microblaze_2/zcu_microblaze_2.srcs/sources_1/bd/design_1/ipshared/359c/hdl/mdm_v3_2_vh_rfs.vhd:6639]
INFO: [Synth 8-638] synthesizing module 'bus_master' [/home/michael/hardware_security/zcu102/root_of_trust/operational_os/vivado/zcu_microblaze_2/zcu_microblaze_2.srcs/sources_1/bd/design_1/ipshared/359c/hdl/mdm_v3_2_vh_rfs.vhd:2189]
INFO: [Synth 8-638] synthesizing module 'SRL_FIFO__parameterized2' [/home/michael/hardware_security/zcu102/root_of_trust/operational_os/vivado/zcu_microblaze_2/zcu_microblaze_2.srcs/sources_1/bd/design_1/ipshared/359c/hdl/mdm_v3_2_vh_rfs.vhd:1771]
INFO: [Synth 8-638] synthesizing module 'MB_SRLC32E' [/home/michael/hardware_security/zcu102/root_of_trust/operational_os/vivado/zcu_microblaze_2/zcu_microblaze_2.srcs/sources_1/bd/design_1/ipshared/359c/hdl/mdm_v3_2_vh_rfs.vhd:1088]
INFO: [Synth 8-256] done synthesizing module 'MB_SRLC32E' (13#1) [/home/michael/hardware_security/zcu102/root_of_trust/operational_os/vivado/zcu_microblaze_2/zcu_microblaze_2.srcs/sources_1/bd/design_1/ipshared/359c/hdl/mdm_v3_2_vh_rfs.vhd:1088]
INFO: [Synth 8-256] done synthesizing module 'SRL_FIFO__parameterized2' (13#1) [/home/michael/hardware_security/zcu102/root_of_trust/operational_os/vivado/zcu_microblaze_2/zcu_microblaze_2.srcs/sources_1/bd/design_1/ipshared/359c/hdl/mdm_v3_2_vh_rfs.vhd:1771]
INFO: [Synth 8-256] done synthesizing module 'bus_master' (14#1) [/home/michael/hardware_security/zcu102/root_of_trust/operational_os/vivado/zcu_microblaze_2/zcu_microblaze_2.srcs/sources_1/bd/design_1/ipshared/359c/hdl/mdm_v3_2_vh_rfs.vhd:2189]
INFO: [Synth 8-638] synthesizing module 'axi_lite_ipif' [/home/michael/hardware_security/zcu102/root_of_trust/operational_os/vivado/zcu_microblaze_2/zcu_microblaze_2.srcs/sources_1/bd/design_1/ipshared/0ba0/hdl/axi_lite_ipif_v3_0_vh_rfs.vhd:2948]
INFO: [Synth 8-638] synthesizing module 'slave_attachment' [/home/michael/hardware_security/zcu102/root_of_trust/operational_os/vivado/zcu_microblaze_2/zcu_microblaze_2.srcs/sources_1/bd/design_1/ipshared/0ba0/hdl/axi_lite_ipif_v3_0_vh_rfs.vhd:2341]
INFO: [Synth 8-638] synthesizing module 'address_decoder' [/home/michael/hardware_security/zcu102/root_of_trust/operational_os/vivado/zcu_microblaze_2/zcu_microblaze_2.srcs/sources_1/bd/design_1/ipshared/0ba0/hdl/axi_lite_ipif_v3_0_vh_rfs.vhd:1775]
INFO: [Synth 8-638] synthesizing module 'pselect_f' [/home/michael/hardware_security/zcu102/root_of_trust/operational_os/vivado/zcu_microblaze_2/zcu_microblaze_2.srcs/sources_1/bd/design_1/ipshared/0ba0/hdl/axi_lite_ipif_v3_0_vh_rfs.vhd:1534]
INFO: [Synth 8-256] done synthesizing module 'pselect_f' (15#1) [/home/michael/hardware_security/zcu102/root_of_trust/operational_os/vivado/zcu_microblaze_2/zcu_microblaze_2.srcs/sources_1/bd/design_1/ipshared/0ba0/hdl/axi_lite_ipif_v3_0_vh_rfs.vhd:1534]
INFO: [Synth 8-638] synthesizing module 'pselect_f__parameterized0' [/home/michael/hardware_security/zcu102/root_of_trust/operational_os/vivado/zcu_microblaze_2/zcu_microblaze_2.srcs/sources_1/bd/design_1/ipshared/0ba0/hdl/axi_lite_ipif_v3_0_vh_rfs.vhd:1534]
INFO: [Synth 8-256] done synthesizing module 'pselect_f__parameterized0' (15#1) [/home/michael/hardware_security/zcu102/root_of_trust/operational_os/vivado/zcu_microblaze_2/zcu_microblaze_2.srcs/sources_1/bd/design_1/ipshared/0ba0/hdl/axi_lite_ipif_v3_0_vh_rfs.vhd:1534]
INFO: [Synth 8-638] synthesizing module 'pselect_f__parameterized1' [/home/michael/hardware_security/zcu102/root_of_trust/operational_os/vivado/zcu_microblaze_2/zcu_microblaze_2.srcs/sources_1/bd/design_1/ipshared/0ba0/hdl/axi_lite_ipif_v3_0_vh_rfs.vhd:1534]
INFO: [Synth 8-256] done synthesizing module 'pselect_f__parameterized1' (15#1) [/home/michael/hardware_security/zcu102/root_of_trust/operational_os/vivado/zcu_microblaze_2/zcu_microblaze_2.srcs/sources_1/bd/design_1/ipshared/0ba0/hdl/axi_lite_ipif_v3_0_vh_rfs.vhd:1534]
INFO: [Synth 8-638] synthesizing module 'pselect_f__parameterized2' [/home/michael/hardware_security/zcu102/root_of_trust/operational_os/vivado/zcu_microblaze_2/zcu_microblaze_2.srcs/sources_1/bd/design_1/ipshared/0ba0/hdl/axi_lite_ipif_v3_0_vh_rfs.vhd:1534]
INFO: [Synth 8-256] done synthesizing module 'pselect_f__parameterized2' (15#1) [/home/michael/hardware_security/zcu102/root_of_trust/operational_os/vivado/zcu_microblaze_2/zcu_microblaze_2.srcs/sources_1/bd/design_1/ipshared/0ba0/hdl/axi_lite_ipif_v3_0_vh_rfs.vhd:1534]
INFO: [Synth 8-256] done synthesizing module 'address_decoder' (16#1) [/home/michael/hardware_security/zcu102/root_of_trust/operational_os/vivado/zcu_microblaze_2/zcu_microblaze_2.srcs/sources_1/bd/design_1/ipshared/0ba0/hdl/axi_lite_ipif_v3_0_vh_rfs.vhd:1775]
INFO: [Synth 8-256] done synthesizing module 'slave_attachment' (17#1) [/home/michael/hardware_security/zcu102/root_of_trust/operational_os/vivado/zcu_microblaze_2/zcu_microblaze_2.srcs/sources_1/bd/design_1/ipshared/0ba0/hdl/axi_lite_ipif_v3_0_vh_rfs.vhd:2341]
INFO: [Synth 8-256] done synthesizing module 'axi_lite_ipif' (18#1) [/home/michael/hardware_security/zcu102/root_of_trust/operational_os/vivado/zcu_microblaze_2/zcu_microblaze_2.srcs/sources_1/bd/design_1/ipshared/0ba0/hdl/axi_lite_ipif_v3_0_vh_rfs.vhd:2948]
INFO: [Synth 8-256] done synthesizing module 'MDM' (19#1) [/home/michael/hardware_security/zcu102/root_of_trust/operational_os/vivado/zcu_microblaze_2/zcu_microblaze_2.srcs/sources_1/bd/design_1/ipshared/359c/hdl/mdm_v3_2_vh_rfs.vhd:13563]
INFO: [Synth 8-256] done synthesizing module 'design_1_mdm_1_0' (20#1) [/home/michael/hardware_security/zcu102/root_of_trust/operational_os/vivado/zcu_microblaze_2/zcu_microblaze_2.srcs/sources_1/bd/design_1/ip/design_1_mdm_1_0/synth/design_1_mdm_1_0.vhd:144]
Finished RTL Elaboration : Time (s): cpu = 00:00:06 ; elapsed = 00:00:07 . Memory (MB): peak = 1492.812 ; gain = 0.000 ; free physical = 5960 ; free virtual = 17660
Finished RTL Optimization Phase 1 : Time (s): cpu = 00:00:07 ; elapsed = 00:00:07 . Memory (MB): peak = 1492.812 ; gain = 0.000 ; free physical = 5914 ; free virtual = 17614
INFO: [Device 21-403] Loading part xczu9eg-ffvb1156-2-i
Constraint Validation Runtime : Time (s): cpu = 00:00:00.04 ; elapsed = 00:00:00.04 . Memory (MB): peak = 2080.062 ; gain = 1.000 ; free physical = 4154 ; free virtual = 15856
Finished Constraint Validation : Time (s): cpu = 00:00:18 ; elapsed = 00:00:19 . Memory (MB): peak = 2080.062 ; gain = 587.250 ; free physical = 3985 ; free virtual = 15687
Finished Loading Part and Timing Information : Time (s): cpu = 00:00:18 ; elapsed = 00:00:19 . Memory (MB): peak = 2080.062 ; gain = 587.250 ; free physical = 3985 ; free virtual = 15687
Finished applying 'set_property' XDC Constraints : Time (s): cpu = 00:00:18 ; elapsed = 00:00:19 . Memory (MB): peak = 2080.062 ; gain = 587.250 ; free physical = 3985 ; free virtual = 15687
Finished RTL Optimization Phase 2 : Time (s): cpu = 00:00:20 ; elapsed = 00:00:21 . Memory (MB): peak = 2080.062 ; gain = 587.250 ; free physical = 3889 ; free virtual = 15589
Finished Cross Boundary and Area Optimization : Time (s): cpu = 00:00:22 ; elapsed = 00:00:23 . Memory (MB): peak = 2080.062 ; gain = 587.250 ; free physical = 3441 ; free virtual = 15141
Finished Applying XDC Timing Constraints : Time (s): cpu = 00:00:37 ; elapsed = 00:00:39 . Memory (MB): peak = 2671.039 ; gain = 1178.227 ; free physical = 2251 ; free virtual = 13953
Finished Timing Optimization : Time (s): cpu = 00:00:39 ; elapsed = 00:00:41 . Memory (MB): peak = 2701.188 ; gain = 1208.375 ; free physical = 2183 ; free virtual = 13885
Finished Technology Mapping : Time (s): cpu = 00:00:39 ; elapsed = 00:00:41 . Memory (MB): peak = 2711.602 ; gain = 1218.789 ; free physical = 2171 ; free virtual = 13873
Finished IO Insertion : Time (s): cpu = 00:00:40 ; elapsed = 00:00:42 . Memory (MB): peak = 2711.602 ; gain = 1218.789 ; free physical = 1931 ; free virtual = 13633
Finished Renaming Generated Instances : Time (s): cpu = 00:00:40 ; elapsed = 00:00:42 . Memory (MB): peak = 2711.602 ; gain = 1218.789 ; free physical = 1948 ; free virtual = 13650
Finished Rebuilding User Hierarchy : Time (s): cpu = 00:00:40 ; elapsed = 00:00:42 . Memory (MB): peak = 2711.602 ; gain = 1218.789 ; free physical = 1990 ; free virtual = 13692
Finished Renaming Generated Ports : Time (s): cpu = 00:00:40 ; elapsed = 00:00:42 . Memory (MB): peak = 2711.602 ; gain = 1218.789 ; free physical = 1988 ; free virtual = 13690
Finished Handling Custom Attributes : Time (s): cpu = 00:00:40 ; elapsed = 00:00:42 . Memory (MB): peak = 2711.602 ; gain = 1218.789 ; free physical = 1959 ; free virtual = 13661
Finished Renaming Generated Nets : Time (s): cpu = 00:00:40 ; elapsed = 00:00:42 . Memory (MB): peak = 2711.602 ; gain = 1218.789 ; free physical = 1955 ; free virtual = 13658

Report Cell Usage: 
+------+---------+------+
|      |Cell     |Count |
+------+---------+------+
|1     |BSCANE2  |     1|
|2     |BUFG     |     1|
|3     |LUT1     |     7|
|4     |LUT2     |    30|
|5     |LUT3     |    63|
|6     |LUT4     |   114|
|7     |LUT5     |    78|
|8     |LUT6     |    78|
|9     |MUXCY_L  |    14|
|10    |SRL16E   |     1|
|11    |SRL16E_2 |     1|
|12    |SRL16E_3 |     1|
|13    |SRL16E_4 |     1|
|14    |SRL16E_5 |    19|
|15    |SRL16E_6 |     1|
|16    |SRLC32E  |    64|
|17    |XORCY    |    18|
|18    |FDCE     |   195|
|19    |FDC_1    |     1|
|20    |FDPE     |     8|
|21    |FDRE     |   232|
|22    |FDRE_1   |     1|
|23    |FDSE     |    10|
+------+---------+------+
Finished Writing Synthesis Report : Time (s): cpu = 00:00:40 ; elapsed = 00:00:42 . Memory (MB): peak = 2711.602 ; gain = 1218.789 ; free physical = 1955 ; free virtual = 13658
synth_design: Time (s): cpu = 00:00:44 ; elapsed = 00:00:48 . Memory (MB): peak = 2760.617 ; gain = 1331.312 ; free physical = 1928 ; free virtual = 13633
