

================================================================
== Vivado HLS Report for 'crypto_sign_ed25519_14'
================================================================
* Date:           Sat Jun  3 22:30:20 2017

* Version:        2017.1 (Build 1846317 on Fri Apr 14 19:19:38 MDT 2017)
* Project:        ed25519_ref
* Solution:       solution1
* Product family: zynquplus
* Target device:  xczu9eg-ffvb1156-2-i


================================================================
== Performance Estimates
================================================================
+ Timing (ns): 
    * Summary: 
    +--------+-------+----------+------------+
    |  Clock | Target| Estimated| Uncertainty|
    +--------+-------+----------+------------+
    |ap_clk  |  10.00|      3.54|        1.25|
    +--------+-------+----------+------------+

+ Latency (clock cycles): 
    * Summary: 
    +-----+-----+-----+-----+---------+
    |  Latency  |  Interval | Pipeline|
    | min | max | min | max |   Type  |
    +-----+-----+-----+-----+---------+
    |  224|  224|  224|  224|   none  |
    +-----+-----+-----+-----+---------+

    + Detail: 
        * Instance: 
        N/A

        * Loop: 
        +----------+-----+-----+----------+-----------+-----------+------+----------+
        |          |  Latency  | Iteration|  Initiation Interval  | Trip |          |
        | Loop Name| min | max |  Latency |  achieved |   target  | Count| Pipelined|
        +----------+-----+-----+----------+-----------+-----------+------+----------+
        |- Loop 1  |   50|   50|         5|          -|          -|    10|    no    |
        |- Loop 2  |  168|  168|         2|          -|          -|    84|    no    |
        +----------+-----+-----+----------+-----------+-----------+------+----------+



================================================================
== Utilization Estimates
================================================================
* Summary: 
+-----------------+---------+-------+--------+--------+-----+
|       Name      | BRAM_18K| DSP48E|   FF   |   LUT  | URAM|
+-----------------+---------+-------+--------+--------+-----+
|DSP              |        -|      -|       -|       -|    -|
|Expression       |        -|      -|       0|     207|    -|
|FIFO             |        -|      -|       -|       -|    -|
|Instance         |        -|      -|       -|       -|    -|
|Memory           |        -|      -|       -|       -|    -|
|Multiplexer      |        -|      -|       -|     304|    -|
|Register         |        -|      -|      79|       -|    -|
+-----------------+---------+-------+--------+--------+-----+
|Total            |        0|      0|      79|     511|    0|
+-----------------+---------+-------+--------+--------+-----+
|Available        |     1824|   2520|  548160|  274080|    0|
+-----------------+---------+-------+--------+--------+-----+
|Utilization (%)  |        0|      0|   ~0   |   ~0   |    0|
+-----------------+---------+-------+--------+--------+-----+

+ Detail: 
    * Instance: 
    N/A

    * DSP48: 
    N/A

    * Memory: 
    N/A

    * FIFO: 
    N/A

    * Expression: 
    +------------------------+----------+-------+---+----+------------+------------+
    |      Variable Name     | Operation| DSP48E| FF| LUT| Bitwidth P0| Bitwidth P1|
    +------------------------+----------+-------+---+----+------------+------------+
    |i_56_fu_685_p2          |     +    |      0|  0|  15|           7|           1|
    |tmp_759_fu_409_p2       |     +    |      0|  0|  15|           1|           7|
    |tmp_772_fu_423_p2       |     +    |      0|  0|  15|           2|           7|
    |tmp_782_fu_338_p2       |     +    |      0|  0|  12|           4|           1|
    |tmp_783_fu_776_p2       |     +    |      0|  0|  15|           8|           8|
    |tmp_785_fu_709_p2       |     +    |      0|  0|  15|           8|           8|
    |tmp_788_fu_734_p2       |     +    |      0|  0|  15|           8|           8|
    |tmp_832_cast_fu_714_p2  |     +    |      0|  0|  11|           3|           3|
    |tmp_749_fu_356_p2       |     -    |      0|  0|  15|           7|           7|
    |tmp_790_fu_765_p2       |     -    |      0|  0|  15|           5|           5|
    |exitcond1_fu_332_p2     |   icmp   |      0|  0|   2|           4|           4|
    |exitcond_fu_679_p2      |   icmp   |      0|  0|   4|           7|           7|
    |tmp_754_fu_398_p2       |    or    |      0|  0|   7|           7|           1|
    |tmp_757_fu_437_p2       |    or    |      0|  0|   7|           7|           2|
    |tmp_764_fu_485_p2       |    or    |      0|  0|   7|           7|           2|
    |tmp_767_fu_557_p2       |    or    |      0|  0|   7|           7|           3|
    |tmp_770_fu_567_p2       |    or    |      0|  0|   7|           7|           3|
    |tmp_777_fu_585_p2       |    or    |      0|  0|   7|           7|           3|
    |tmp_780_fu_599_p2       |    or    |      0|  0|   7|           7|           3|
    |tmp_746_fu_635_p2       |    xor   |      0|  0|   3|           3|           3|
    |tmp_762_fu_459_p2       |    xor   |      0|  0|   3|           3|           3|
    |tmp_775_fu_527_p2       |    xor   |      0|  0|   3|           3|           3|
    +------------------------+----------+-------+---+----+------------+------------+
    |Total                   |          |      0|  0| 207|         122|          92|
    +------------------------+----------+-------+---+----+------------+------------+

    * Multiplexer: 
    +---------------+----+-----------+-----+-----------+
    |      Name     | LUT| Input Size| Bits| Total Bits|
    +---------------+----+-----------+-----+-----------+
    |ap_NS_fsm      |  56|         13|    1|         13|
    |carry_reg_281  |   9|          2|    1|          2|
    |i_1_reg_293    |   9|          2|    7|         14|
    |i_reg_269      |   9|          2|    4|          8|
    |r_address0     |  50|         11|    7|         77|
    |r_address1     |  47|         10|    7|         70|
    |r_d0           |  47|         10|    8|         80|
    |r_d1           |  41|          8|    8|         64|
    |s_v_address0   |  21|          4|    5|         20|
    |s_v_address1   |  15|          3|    5|         15|
    +---------------+----+-----------+-----+-----------+
    |Total          | 304|         65|   53|        363|
    +---------------+----+-----------+-----+-----------+

    * Register: 
    +----------------------+----+----+-----+-----------+
    |         Name         | FF | LUT| Bits| Const Bits|
    +----------------------+----+----+-----+-----------+
    |ap_CS_fsm             |  12|   0|   12|          0|
    |carry_cast_reg_862    |   1|   0|    8|          7|
    |carry_reg_281         |   1|   0|    1|          0|
    |i_1_reg_293           |   7|   0|    7|          0|
    |i_56_reg_871          |   7|   0|    7|          0|
    |i_reg_269             |   4|   0|    4|          0|
    |r_addr_13_reg_876     |   7|   0|    7|          0|
    |r_addr_14_reg_881     |   7|   0|    7|          0|
    |reg_324               |   3|   0|    3|          0|
    |tmp_749_reg_790       |   7|   0|    7|          0|
    |tmp_751_reg_806       |   4|   0|    7|          3|
    |tmp_774_cast_reg_851  |   3|   0|    3|          0|
    |tmp_775_reg_831       |   3|   0|    3|          0|
    |tmp_782_reg_785       |   4|   0|    4|          0|
    |tmp_804_cast_reg_826  |   3|   0|    3|          0|
    |tmp_820_cast_reg_836  |   3|   0|    3|          0|
    |tmp_825_cast_reg_841  |   3|   0|    3|          0|
    +----------------------+----+----+-----+-----------+
    |Total                 |  79|   0|   89|         10|
    +----------------------+----+----+-----+-----------+



================================================================
== Interface
================================================================
* Summary: 
+--------------+-----+-----+------------+-------------------------+--------------+
|   RTL Ports  | Dir | Bits|  Protocol  |      Source Object      |    C Type    |
+--------------+-----+-----+------------+-------------------------+--------------+
|ap_clk        |  in |    1| ap_ctrl_hs | crypto_sign_ed25519_.14 | return value |
|ap_rst        |  in |    1| ap_ctrl_hs | crypto_sign_ed25519_.14 | return value |
|ap_start      |  in |    1| ap_ctrl_hs | crypto_sign_ed25519_.14 | return value |
|ap_done       | out |    1| ap_ctrl_hs | crypto_sign_ed25519_.14 | return value |
|ap_idle       | out |    1| ap_ctrl_hs | crypto_sign_ed25519_.14 | return value |
|ap_ready      | out |    1| ap_ctrl_hs | crypto_sign_ed25519_.14 | return value |
|r_address0    | out |    7|  ap_memory |            r            |     array    |
|r_ce0         | out |    1|  ap_memory |            r            |     array    |
|r_we0         | out |    1|  ap_memory |            r            |     array    |
|r_d0          | out |    8|  ap_memory |            r            |     array    |
|r_q0          |  in |    8|  ap_memory |            r            |     array    |
|r_address1    | out |    7|  ap_memory |            r            |     array    |
|r_ce1         | out |    1|  ap_memory |            r            |     array    |
|r_we1         | out |    1|  ap_memory |            r            |     array    |
|r_d1          | out |    8|  ap_memory |            r            |     array    |
|r_q1          |  in |    8|  ap_memory |            r            |     array    |
|s_v_address0  | out |    5|  ap_memory |           s_v           |     array    |
|s_v_ce0       | out |    1|  ap_memory |           s_v           |     array    |
|s_v_q0        |  in |   32|  ap_memory |           s_v           |     array    |
|s_v_address1  | out |    5|  ap_memory |           s_v           |     array    |
|s_v_ce1       | out |    1|  ap_memory |           s_v           |     array    |
|s_v_q1        |  in |   32|  ap_memory |           s_v           |     array    |
+--------------+-----+-----+------------+-------------------------+--------------+

