

================================================================
== Vivado HLS Report for 'crypto_sign_ed25519_20'
================================================================
* Date:           Sat Jun  3 22:30:23 2017

* Version:        2017.1 (Build 1846317 on Fri Apr 14 19:19:38 MDT 2017)
* Project:        ed25519_ref
* Solution:       solution1
* Product family: zynquplus
* Target device:  xczu9eg-ffvb1156-2-i


================================================================
== Performance Estimates
================================================================
+ Timing (ns): 
    * Summary: 
    +--------+-------+----------+------------+
    |  Clock | Target| Estimated| Uncertainty|
    +--------+-------+----------+------------+
    |ap_clk  |  10.00|      5.21|        1.25|
    +--------+-------+----------+------------+

+ Latency (clock cycles): 
    * Summary: 
    +-----+-----+-----+-----+---------+
    |  Latency  |  Interval | Pipeline|
    | min | max | min | max |   Type  |
    +-----+-----+-----+-----+---------+
    |  145|  145|  145|  145|   none  |
    +-----+-----+-----+-----+---------+

    + Detail: 
        * Instance: 
        +-----------------------------------+------------------------+-----+-----+-----+-----+---------+
        |                                   |                        |  Latency  |  Interval | Pipeline|
        |              Instance             |         Module         | min | max | min | max |   Type  |
        +-----------------------------------+------------------------+-----+-----+-----+-----+---------+
        |grp_crypto_sign_ed25519_21_fu_632  |crypto_sign_ed25519_21  |  125|  125|  125|  125|   none  |
        +-----------------------------------+------------------------+-----+-----+-----+-----+---------+

        * Loop: 
        N/A



================================================================
== Utilization Estimates
================================================================
* Summary: 
+-----------------+---------+-------+--------+--------+-----+
|       Name      | BRAM_18K| DSP48E|   FF   |   LUT  | URAM|
+-----------------+---------+-------+--------+--------+-----+
|DSP              |        -|      -|       -|       -|    -|
|Expression       |        -|      -|       -|       -|    -|
|FIFO             |        -|      -|       -|       -|    -|
|Instance         |        -|      -|      75|     494|    -|
|Memory           |        2|      -|       0|       0|    -|
|Multiplexer      |        -|      -|       -|     507|    -|
|Register         |        -|      -|      23|       -|    -|
+-----------------+---------+-------+--------+--------+-----+
|Total            |        2|      0|      98|    1001|    0|
+-----------------+---------+-------+--------+--------+-----+
|Available        |     1824|   2520|  548160|  274080|    0|
+-----------------+---------+-------+--------+--------+-----+
|Utilization (%)  |    ~0   |      0|   ~0   |   ~0   |    0|
+-----------------+---------+-------+--------+--------+-----+

+ Detail: 
    * Instance: 
    +-----------------------------------+------------------------+---------+-------+----+-----+
    |              Instance             |         Module         | BRAM_18K| DSP48E| FF | LUT |
    +-----------------------------------+------------------------+---------+-------+----+-----+
    |grp_crypto_sign_ed25519_21_fu_632  |crypto_sign_ed25519_21  |        0|      0|  75|  494|
    +-----------------------------------+------------------------+---------+-------+----+-----+
    |Total                              |                        |        0|      0|  75|  494|
    +-----------------------------------+------------------------+---------+-------+----+-----+

    * DSP48: 
    N/A

    * Memory: 
    +-------+----------------------+---------+---+----+------+-----+------+-------------+
    | Memory|        Module        | BRAM_18K| FF| LUT| Words| Bits| Banks| W*Bits*Banks|
    +-------+----------------------+---------+---+----+------+-----+------+-------------+
    |t_v_U  |crypto_sign_ed255Xh4  |        2|  0|   0|    32|   32|     1|         1024|
    +-------+----------------------+---------+---+----+------+-----+------+-------------+
    |Total  |                      |        2|  0|   0|    32|   32|     1|         1024|
    +-------+----------------------+---------+---+----+------+-----+------+-------------+

    * FIFO: 
    N/A

    * Expression: 
    N/A

    * Multiplexer: 
    +--------------+-----+-----------+-----+-----------+
    |     Name     | LUT | Input Size| Bits| Total Bits|
    +--------------+-----+-----------+-----+-----------+
    |ap_NS_fsm     |  105|         22|    1|         22|
    |ap_return     |    9|          2|    1|          2|
    |t_v_address0  |   93|         19|    5|         95|
    |t_v_address1  |   85|         17|    5|         85|
    |t_v_ce0       |   15|          3|    1|          3|
    |t_v_d0        |   15|          3|   32|         96|
    |t_v_we0       |   15|          3|    1|          3|
    |x_v_address0  |   85|         17|    5|         85|
    |x_v_address1  |   85|         17|    5|         85|
    +--------------+-----+-----------+-----+-----------+
    |Total         |  507|        103|   56|        476|
    +--------------+-----+-----------+-----+-----------+

    * Register: 
    +---------------------------------------------------+----+----+-----+-----------+
    |                        Name                       | FF | LUT| Bits| Const Bits|
    +---------------------------------------------------+----+----+-----+-----------+
    |ap_CS_fsm                                          |  21|   0|   21|          0|
    |ap_reg_grp_crypto_sign_ed25519_21_fu_632_ap_start  |   1|   0|    1|          0|
    |ap_return_preg                                     |   1|   0|    1|          0|
    +---------------------------------------------------+----+----+-----+-----------+
    |Total                                              |  23|   0|   23|          0|
    +---------------------------------------------------+----+----+-----+-----------+



================================================================
== Interface
================================================================
* Summary: 
+--------------+-----+-----+------------+-------------------------+--------------+
|   RTL Ports  | Dir | Bits|  Protocol  |      Source Object      |    C Type    |
+--------------+-----+-----+------------+-------------------------+--------------+
|ap_clk        |  in |    1| ap_ctrl_hs | crypto_sign_ed25519_.20 | return value |
|ap_rst        |  in |    1| ap_ctrl_hs | crypto_sign_ed25519_.20 | return value |
|ap_start      |  in |    1| ap_ctrl_hs | crypto_sign_ed25519_.20 | return value |
|ap_done       | out |    1| ap_ctrl_hs | crypto_sign_ed25519_.20 | return value |
|ap_idle       | out |    1| ap_ctrl_hs | crypto_sign_ed25519_.20 | return value |
|ap_ready      | out |    1| ap_ctrl_hs | crypto_sign_ed25519_.20 | return value |
|ap_return     | out |    1| ap_ctrl_hs | crypto_sign_ed25519_.20 | return value |
|x_v_address0  | out |    5|  ap_memory |           x_v           |     array    |
|x_v_ce0       | out |    1|  ap_memory |           x_v           |     array    |
|x_v_q0        |  in |   32|  ap_memory |           x_v           |     array    |
|x_v_address1  | out |    5|  ap_memory |           x_v           |     array    |
|x_v_ce1       | out |    1|  ap_memory |           x_v           |     array    |
|x_v_q1        |  in |   32|  ap_memory |           x_v           |     array    |
+--------------+-----+-----+------------+-------------------------+--------------+

