

================================================================
== Vivado HLS Report for 'crypto_sign_ed25519_9'
================================================================
* Date:           Sat Jun  3 22:30:23 2017

* Version:        2017.1 (Build 1846317 on Fri Apr 14 19:19:38 MDT 2017)
* Project:        ed25519_ref
* Solution:       solution1
* Product family: zynquplus
* Target device:  xczu9eg-ffvb1156-2-i


================================================================
== Performance Estimates
================================================================
+ Timing (ns): 
    * Summary: 
    +--------+-------+----------+------------+
    |  Clock | Target| Estimated| Uncertainty|
    +--------+-------+----------+------------+
    |ap_clk  |  10.00|      5.21|        1.25|
    +--------+-------+----------+------------+

+ Latency (clock cycles): 
    * Summary: 
    +-----+-----+-----+-----+---------+
    |  Latency  |  Interval | Pipeline|
    | min | max | min | max |   Type  |
    +-----+-----+-----+-----+---------+
    |  208|  208|  208|  208|   none  |
    +-----+-----+-----+-----+---------+

    + Detail: 
        * Instance: 
        +-----------------------------------+------------------------+-----+-----+-----+-----+---------+
        |                                   |                        |  Latency  |  Interval | Pipeline|
        |              Instance             |         Module         | min | max | min | max |   Type  |
        +-----------------------------------+------------------------+-----+-----+-----+-----+---------+
        |grp_crypto_sign_ed25519_21_fu_682  |crypto_sign_ed25519_21  |  125|  125|  125|  125|   none  |
        +-----------------------------------+------------------------+-----+-----+-----+-----+---------+

        * Loop: 
        +----------+-----+-----+----------+-----------+-----------+------+----------+
        |          |  Latency  | Iteration|  Initiation Interval  | Trip |          |
        | Loop Name| min | max |  Latency |  achieved |   target  | Count| Pipelined|
        +----------+-----+-----+----------+-----------+-----------+------+----------+
        |- Loop 1  |   64|   64|         2|          -|          -|    32|    no    |
        +----------+-----+-----+----------+-----------+-----------+------+----------+



================================================================
== Utilization Estimates
================================================================
* Summary: 
+-----------------+---------+-------+--------+--------+-----+
|       Name      | BRAM_18K| DSP48E|   FF   |   LUT  | URAM|
+-----------------+---------+-------+--------+--------+-----+
|DSP              |        -|      -|       -|       -|    -|
|Expression       |        -|      -|       0|      19|    -|
|FIFO             |        -|      -|       -|       -|    -|
|Instance         |        -|      -|      75|     494|    -|
|Memory           |        2|      -|       0|       0|    -|
|Multiplexer      |        -|      -|       -|     507|    -|
|Register         |        -|      -|      40|       -|    -|
+-----------------+---------+-------+--------+--------+-----+
|Total            |        2|      0|     115|    1020|    0|
+-----------------+---------+-------+--------+--------+-----+
|Available        |     1824|   2520|  548160|  274080|    0|
+-----------------+---------+-------+--------+--------+-----+
|Utilization (%)  |    ~0   |      0|   ~0   |   ~0   |    0|
+-----------------+---------+-------+--------+--------+-----+

+ Detail: 
    * Instance: 
    +-----------------------------------+------------------------+---------+-------+----+-----+
    |              Instance             |         Module         | BRAM_18K| DSP48E| FF | LUT |
    +-----------------------------------+------------------------+---------+-------+----+-----+
    |grp_crypto_sign_ed25519_21_fu_682  |crypto_sign_ed25519_21  |        0|      0|  75|  494|
    +-----------------------------------+------------------------+---------+-------+----+-----+
    |Total                              |                        |        0|      0|  75|  494|
    +-----------------------------------+------------------------+---------+-------+----+-----+

    * DSP48: 
    N/A

    * Memory: 
    +-------+----------------------+---------+---+----+------+-----+------+-------------+
    | Memory|        Module        | BRAM_18K| FF| LUT| Words| Bits| Banks| W*Bits*Banks|
    +-------+----------------------+---------+---+----+------+-----+------+-------------+
    |y_v_U  |crypto_sign_ed255Xh4  |        2|  0|   0|    32|   32|     1|         1024|
    +-------+----------------------+---------+---+----+------+-----+------+-------------+
    |Total  |                      |        2|  0|   0|    32|   32|     1|         1024|
    +-------+----------------------+---------+---+----+------+-----+------+-------------+

    * FIFO: 
    N/A

    * Expression: 
    +--------------------+----------+-------+---+----+------------+------------+
    |    Variable Name   | Operation| DSP48E| FF| LUT| Bitwidth P0| Bitwidth P1|
    +--------------------+----------+-------+---+----+------------+------------+
    |i_22_fu_693_p2      |     +    |      0|  0|  15|           6|           1|
    |exitcond_fu_687_p2  |   icmp   |      0|  0|   4|           6|           7|
    +--------------------+----------+-------+---+----+------------+------------+
    |Total               |          |      0|  0|  19|          12|           8|
    +--------------------+----------+-------+---+----+------------+------------+

    * Multiplexer: 
    +--------------+-----+-----------+-----+-----------+
    |     Name     | LUT | Input Size| Bits| Total Bits|
    +--------------+-----+-----------+-----+-----------+
    |ap_NS_fsm     |  105|         22|    1|         22|
    |i_reg_671     |    9|          2|    6|         12|
    |x_v_address0  |   85|         17|    5|         85|
    |x_v_address1  |   85|         17|    5|         85|
    |y_v_address0  |   93|         19|    5|         95|
    |y_v_address1  |   85|         17|    5|         85|
    |y_v_ce0       |   15|          3|    1|          3|
    |y_v_d0        |   15|          3|   32|         96|
    |y_v_we0       |   15|          3|    1|          3|
    +--------------+-----+-----------+-----+-----------+
    |Total         |  507|        103|   61|        486|
    +--------------+-----+-----------+-----+-----------+

    * Register: 
    +---------------------------------------------------+----+----+-----+-----------+
    |                        Name                       | FF | LUT| Bits| Const Bits|
    +---------------------------------------------------+----+----+-----+-----------+
    |ap_CS_fsm                                          |  21|   0|   21|          0|
    |ap_reg_grp_crypto_sign_ed25519_21_fu_682_ap_start  |   1|   0|    1|          0|
    |i_22_reg_872                                       |   6|   0|    6|          0|
    |i_reg_671                                          |   6|   0|    6|          0|
    |tmp_reg_877                                        |   6|   0|   64|         58|
    +---------------------------------------------------+----+----+-----+-----------+
    |Total                                              |  40|   0|   98|         58|
    +---------------------------------------------------+----+----+-----+-----------+



================================================================
== Interface
================================================================
* Summary: 
+--------------+-----+-----+------------+------------------------+--------------+
|   RTL Ports  | Dir | Bits|  Protocol  |      Source Object     |    C Type    |
+--------------+-----+-----+------------+------------------------+--------------+
|ap_clk        |  in |    1| ap_ctrl_hs | crypto_sign_ed25519_.9 | return value |
|ap_rst        |  in |    1| ap_ctrl_hs | crypto_sign_ed25519_.9 | return value |
|ap_start      |  in |    1| ap_ctrl_hs | crypto_sign_ed25519_.9 | return value |
|ap_done       | out |    1| ap_ctrl_hs | crypto_sign_ed25519_.9 | return value |
|ap_idle       | out |    1| ap_ctrl_hs | crypto_sign_ed25519_.9 | return value |
|ap_ready      | out |    1| ap_ctrl_hs | crypto_sign_ed25519_.9 | return value |
|r_address0    | out |    6|  ap_memory |            r           |     array    |
|r_ce0         | out |    1|  ap_memory |            r           |     array    |
|r_we0         | out |    1|  ap_memory |            r           |     array    |
|r_d0          | out |    8|  ap_memory |            r           |     array    |
|x_v_address0  | out |    5|  ap_memory |           x_v          |     array    |
|x_v_ce0       | out |    1|  ap_memory |           x_v          |     array    |
|x_v_q0        |  in |   32|  ap_memory |           x_v          |     array    |
|x_v_address1  | out |    5|  ap_memory |           x_v          |     array    |
|x_v_ce1       | out |    1|  ap_memory |           x_v          |     array    |
|x_v_q1        |  in |   32|  ap_memory |           x_v          |     array    |
+--------------+-----+-----+------------+------------------------+--------------+

