

================================================================
== Vivado HLS Report for 'sha512_init'
================================================================
* Date:           Sat Jun  3 22:30:17 2017

* Version:        2017.1 (Build 1846317 on Fri Apr 14 19:19:38 MDT 2017)
* Project:        ed25519_ref
* Solution:       solution1
* Product family: zynquplus
* Target device:  xczu9eg-ffvb1156-2-i


================================================================
== Performance Estimates
================================================================
+ Timing (ns): 
    * Summary: 
    +--------+-------+----------+------------+
    |  Clock | Target| Estimated| Uncertainty|
    +--------+-------+----------+------------+
    |ap_clk  |  10.00|      0.68|        1.25|
    +--------+-------+----------+------------+

+ Latency (clock cycles): 
    * Summary: 
    +-----+-----+-----+-----+---------+
    |  Latency  |  Interval | Pipeline|
    | min | max | min | max |   Type  |
    +-----+-----+-----+-----+---------+
    |    3|    3|    3|    3|   none  |
    +-----+-----+-----+-----+---------+

    + Detail: 
        * Instance: 
        N/A

        * Loop: 
        N/A



================================================================
== Utilization Estimates
================================================================
* Summary: 
+-----------------+---------+-------+--------+--------+-----+
|       Name      | BRAM_18K| DSP48E|   FF   |   LUT  | URAM|
+-----------------+---------+-------+--------+--------+-----+
|DSP              |        -|      -|       -|       -|    -|
|Expression       |        -|      -|       -|       -|    -|
|FIFO             |        -|      -|       -|       -|    -|
|Instance         |        -|      -|       -|       -|    -|
|Memory           |        -|      -|       -|       -|    -|
|Multiplexer      |        -|      -|       -|     135|    -|
|Register         |        -|      -|       4|       -|    -|
+-----------------+---------+-------+--------+--------+-----+
|Total            |        0|      0|       4|     135|    0|
+-----------------+---------+-------+--------+--------+-----+
|Available        |     1824|   2520|  548160|  274080|    0|
+-----------------+---------+-------+--------+--------+-----+
|Utilization (%)  |        0|      0|   ~0   |   ~0   |    0|
+-----------------+---------+-------+--------+--------+-----+

+ Detail: 
    * Instance: 
    N/A

    * DSP48: 
    N/A

    * Memory: 
    N/A

    * FIFO: 
    N/A

    * Expression: 
    N/A

    * Multiplexer: 
    +-------------------+----+-----------+-----+-----------+
    |        Name       | LUT| Input Size| Bits| Total Bits|
    +-------------------+----+-----------+-----+-----------+
    |ap_NS_fsm          |  27|          5|    1|          5|
    |md_state_address0  |  27|          5|    3|         15|
    |md_state_address1  |  27|          5|    3|         15|
    |md_state_d0        |  27|          5|   64|        320|
    |md_state_d1        |  27|          5|   64|        320|
    +-------------------+----+-----------+-----+-----------+
    |Total              | 135|         25|  135|        675|
    +-------------------+----+-----------+-----+-----------+

    * Register: 
    +-----------+---+----+-----+-----------+
    |    Name   | FF| LUT| Bits| Const Bits|
    +-----------+---+----+-----+-----------+
    |ap_CS_fsm  |  4|   0|    4|          0|
    +-----------+---+----+-----+-----------+
    |Total      |  4|   0|    4|          0|
    +-----------+---+----+-----+-----------+



================================================================
== Interface
================================================================
* Summary: 
+-------------------+-----+-----+------------+--------------+--------------+
|     RTL Ports     | Dir | Bits|  Protocol  | Source Object|    C Type    |
+-------------------+-----+-----+------------+--------------+--------------+
|ap_clk             |  in |    1| ap_ctrl_hs |  sha512_init | return value |
|ap_rst             |  in |    1| ap_ctrl_hs |  sha512_init | return value |
|ap_start           |  in |    1| ap_ctrl_hs |  sha512_init | return value |
|ap_done            | out |    1| ap_ctrl_hs |  sha512_init | return value |
|ap_idle            | out |    1| ap_ctrl_hs |  sha512_init | return value |
|ap_ready           | out |    1| ap_ctrl_hs |  sha512_init | return value |
|md_state_address0  | out |    3|  ap_memory |   md_state   |     array    |
|md_state_ce0       | out |    1|  ap_memory |   md_state   |     array    |
|md_state_we0       | out |    1|  ap_memory |   md_state   |     array    |
|md_state_d0        | out |   64|  ap_memory |   md_state   |     array    |
|md_state_address1  | out |    3|  ap_memory |   md_state   |     array    |
|md_state_ce1       | out |    1|  ap_memory |   md_state   |     array    |
|md_state_we1       | out |    1|  ap_memory |   md_state   |     array    |
|md_state_d1        | out |   64|  ap_memory |   md_state   |     array    |
+-------------------+-----+-----+------------+--------------+--------------+

