

================================================================
== Vivado HLS Report for 'cmov_aff'
================================================================
* Date:           Sat Jun  3 22:30:10 2017

* Version:        2017.1 (Build 1846317 on Fri Apr 14 19:19:38 MDT 2017)
* Project:        ed25519_ref
* Solution:       solution1
* Product family: zynquplus
* Target device:  xczu9eg-ffvb1156-2-i


================================================================
== Performance Estimates
================================================================
+ Timing (ns): 
    * Summary: 
    +--------+-------+----------+------------+
    |  Clock | Target| Estimated| Uncertainty|
    +--------+-------+----------+------------+
    |ap_clk  |  10.00|      2.53|        1.25|
    +--------+-------+----------+------------+

+ Latency (clock cycles): 
    * Summary: 
    +-----+-----+-----+-----+---------+
    |  Latency  |  Interval | Pipeline|
    | min | max | min | max |   Type  |
    +-----+-----+-----+-----+---------+
    |  130|  130|  130|  130|   none  |
    +-----+-----+-----+-----+---------+

    + Detail: 
        * Instance: 
        N/A

        * Loop: 
        +----------+-----+-----+----------+-----------+-----------+------+----------+
        |          |  Latency  | Iteration|  Initiation Interval  | Trip |          |
        | Loop Name| min | max |  Latency |  achieved |   target  | Count| Pipelined|
        +----------+-----+-----+----------+-----------+-----------+------+----------+
        |- Loop 1  |   64|   64|         2|          -|          -|    32|    no    |
        |- Loop 2  |   64|   64|         2|          -|          -|    32|    no    |
        +----------+-----+-----+----------+-----------+-----------+------+----------+

============================================================
+ Verbose Summary: Synthesis Manager
============================================================
InlineROM: 1
ExposeGlobal: 0
============================================================
+ Verbose Summary: CDFG Model
============================================================
IsTopModel: 0
ResetActiveHigh: 1
IsCombinational: 0
IsDatapathOnly: 0
HasWiredReturn: 1
HasMFsm: 0
HasVarLatency: 1
IsPipeline: 0
IsRtlPipelined: 0
IsInstanceOverlapped: 0
IsDontTouch: 0
HasImplIP: 0
IsGatedGlobalClock: 0


============================================================
+ Verbose Summary: Schedule
============================================================
* Number of FSM states: 5
* Pipeline: 0
* Dataflow Pipeline: 0

* FSM state transitions: 
1 --> 
	2  / true
2 --> 
	3  / (!exitcond_i)
	4  / (exitcond_i)
3 --> 
	2  / true
4 --> 
	5  / (!exitcond_i6)
5 --> 
	4  / true
* FSM state operations: 

 <State 1>: 0.66ns
ST_1: mask (8)  [1/1] 0.00ns
:0  %mask = call i1 @_ssdm_op_Read.ap_auto.i1(i1 %b)

ST_1: tmp_9191_read (9)  [1/1] 0.00ns
:1  %tmp_9191_read = call i9 @_ssdm_op_Read.ap_auto.i9(i9 %tmp_9191)

ST_1: tmp_919_read (10)  [1/1] 0.00ns
:2  %tmp_919_read = call i9 @_ssdm_op_Read.ap_auto.i9(i9 %tmp_919)

ST_1: tmp (11)  [1/1] 0.00ns
:3  %tmp = call i14 @_ssdm_op_BitConcatenate.i14.i9.i5(i9 %tmp_9191_read, i5 0)

ST_1: tmp_787_cast (12)  [1/1] 0.00ns
:4  %tmp_787_cast = zext i14 %tmp to i15

ST_1: tmp_788 (13)  [1/1] 0.00ns
:5  %tmp_788 = call i14 @_ssdm_op_BitConcatenate.i14.i9.i5(i9 %tmp_919_read, i5 0)

ST_1: tmp_789_cast (14)  [1/1] 0.00ns
:6  %tmp_789_cast = zext i14 %tmp_788 to i15

ST_1: mask_cast (15)  [1/1] 0.08ns  loc: ed25519_ref/src/fe25519.c:135->ed25519_ref/src/ge25519.c:139
:7  %mask_cast = select i1 %mask, i32 -1, i32 0

ST_1: StgValue_14 (16)  [1/1] 0.66ns  loc: ed25519_ref/src/fe25519.c:136->ed25519_ref/src/ge25519.c:139
:8  br label %1


 <State 2>: 2.40ns
ST_2: i_i (18)  [1/1] 0.00ns
:0  %i_i = phi i6 [ 0, %0 ], [ %i, %2 ]

ST_2: exitcond_i (19)  [1/1] 0.71ns  loc: ed25519_ref/src/fe25519.c:136->ed25519_ref/src/ge25519.c:139
:1  %exitcond_i = icmp eq i6 %i_i, -32

ST_2: empty (20)  [1/1] 0.00ns
:2  %empty = call i32 (...)* @_ssdm_op_SpecLoopTripCount(i64 32, i64 32, i64 32)

ST_2: i (21)  [1/1] 1.11ns  loc: ed25519_ref/src/fe25519.c:136->ed25519_ref/src/ge25519.c:139
:3  %i = add i6 %i_i, 1

ST_2: StgValue_19 (22)  [1/1] 0.00ns  loc: ed25519_ref/src/fe25519.c:136->ed25519_ref/src/ge25519.c:139
:4  br i1 %exitcond_i, label %crypto_sign_ed25519_ref_fe25519_cmov.exit.preheader, label %2

ST_2: tmp_i (24)  [1/1] 0.00ns  loc: ed25519_ref/src/fe25519.c:136->ed25519_ref/src/ge25519.c:139
:0  %tmp_i = zext i6 %i_i to i64

ST_2: tmp_i_cast (25)  [1/1] 0.00ns  loc: ed25519_ref/src/fe25519.c:136->ed25519_ref/src/ge25519.c:139
:1  %tmp_i_cast = zext i6 %i_i to i15

ST_2: tmp_790 (26)  [1/1] 1.16ns  loc: ed25519_ref/src/fe25519.c:136->ed25519_ref/src/ge25519.c:139
:2  %tmp_790 = add i15 %tmp_789_cast, %tmp_i_cast

ST_2: tmp_790_cast (27)  [1/1] 0.00ns  loc: ed25519_ref/src/fe25519.c:136->ed25519_ref/src/ge25519.c:139
:3  %tmp_790_cast = zext i15 %tmp_790 to i64

ST_2: p_x_v_addr (28)  [1/1] 0.00ns  loc: ed25519_ref/src/fe25519.c:136->ed25519_ref/src/ge25519.c:139
:4  %p_x_v_addr = getelementptr [13600 x i32]* %p_x_v, i64 0, i64 %tmp_790_cast

ST_2: p_x_v_load (29)  [2/2] 1.24ns  loc: ed25519_ref/src/fe25519.c:136->ed25519_ref/src/ge25519.c:139
:5  %p_x_v_load = load i32* %p_x_v_addr, align 4

ST_2: r_x_v_addr (30)  [1/1] 0.00ns  loc: ed25519_ref/src/fe25519.c:136->ed25519_ref/src/ge25519.c:139
:6  %r_x_v_addr = getelementptr [32 x i32]* %r_x_v, i64 0, i64 %tmp_i

ST_2: r_x_v_load (31)  [2/2] 1.24ns  loc: ed25519_ref/src/fe25519.c:136->ed25519_ref/src/ge25519.c:139
:7  %r_x_v_load = load i32* %r_x_v_addr, align 4

ST_2: StgValue_28 (38)  [1/1] 0.66ns  loc: ed25519_ref/src/fe25519.c:136->ed25519_ref/src/ge25519.c:140
crypto_sign_ed25519_ref_fe25519_cmov.exit.preheader:0  br label %crypto_sign_ed25519_ref_fe25519_cmov.exit


 <State 3>: 2.53ns
ST_3: p_x_v_load (29)  [1/2] 1.24ns  loc: ed25519_ref/src/fe25519.c:136->ed25519_ref/src/ge25519.c:139
:5  %p_x_v_load = load i32* %p_x_v_addr, align 4

ST_3: r_x_v_load (31)  [1/2] 1.24ns  loc: ed25519_ref/src/fe25519.c:136->ed25519_ref/src/ge25519.c:139
:7  %r_x_v_load = load i32* %r_x_v_addr, align 4

ST_3: tmp_894_i (32)  [1/1] 0.00ns  loc: ed25519_ref/src/fe25519.c:136->ed25519_ref/src/ge25519.c:139 (grouped into LUT with out node tmp_896_i)
:8  %tmp_894_i = xor i32 %r_x_v_load, %p_x_v_load

ST_3: tmp_895_i (33)  [1/1] 0.00ns  loc: ed25519_ref/src/fe25519.c:136->ed25519_ref/src/ge25519.c:139 (grouped into LUT with out node tmp_896_i)
:9  %tmp_895_i = and i32 %tmp_894_i, %mask_cast

ST_3: tmp_896_i (34)  [1/1] 0.05ns  loc: ed25519_ref/src/fe25519.c:136->ed25519_ref/src/ge25519.c:139 (out node of the LUT)
:10  %tmp_896_i = xor i32 %r_x_v_load, %tmp_895_i

ST_3: StgValue_34 (35)  [1/1] 1.24ns  loc: ed25519_ref/src/fe25519.c:136->ed25519_ref/src/ge25519.c:139
:11  store i32 %tmp_896_i, i32* %r_x_v_addr, align 4

ST_3: StgValue_35 (36)  [1/1] 0.00ns  loc: ed25519_ref/src/fe25519.c:136->ed25519_ref/src/ge25519.c:139
:12  br label %1


 <State 4>: 2.40ns
ST_4: i_i5 (40)  [1/1] 0.00ns
crypto_sign_ed25519_ref_fe25519_cmov.exit:0  %i_i5 = phi i6 [ %i_81, %3 ], [ 0, %crypto_sign_ed25519_ref_fe25519_cmov.exit.preheader ]

ST_4: exitcond_i6 (41)  [1/1] 0.71ns  loc: ed25519_ref/src/fe25519.c:136->ed25519_ref/src/ge25519.c:140
crypto_sign_ed25519_ref_fe25519_cmov.exit:1  %exitcond_i6 = icmp eq i6 %i_i5, -32

ST_4: empty_100 (42)  [1/1] 0.00ns
crypto_sign_ed25519_ref_fe25519_cmov.exit:2  %empty_100 = call i32 (...)* @_ssdm_op_SpecLoopTripCount(i64 32, i64 32, i64 32)

ST_4: i_81 (43)  [1/1] 1.11ns  loc: ed25519_ref/src/fe25519.c:136->ed25519_ref/src/ge25519.c:140
crypto_sign_ed25519_ref_fe25519_cmov.exit:3  %i_81 = add i6 %i_i5, 1

ST_4: StgValue_40 (44)  [1/1] 0.00ns  loc: ed25519_ref/src/fe25519.c:136->ed25519_ref/src/ge25519.c:140
crypto_sign_ed25519_ref_fe25519_cmov.exit:4  br i1 %exitcond_i6, label %crypto_sign_ed25519_ref_fe25519_cmov.exit16, label %3

ST_4: tmp_i7 (46)  [1/1] 0.00ns  loc: ed25519_ref/src/fe25519.c:136->ed25519_ref/src/ge25519.c:140
:0  %tmp_i7 = zext i6 %i_i5 to i64

ST_4: tmp_i7_cast (47)  [1/1] 0.00ns  loc: ed25519_ref/src/fe25519.c:136->ed25519_ref/src/ge25519.c:140
:1  %tmp_i7_cast = zext i6 %i_i5 to i15

ST_4: tmp_791 (48)  [1/1] 1.16ns  loc: ed25519_ref/src/fe25519.c:136->ed25519_ref/src/ge25519.c:140
:2  %tmp_791 = add i15 %tmp_787_cast, %tmp_i7_cast

ST_4: tmp_791_cast (49)  [1/1] 0.00ns  loc: ed25519_ref/src/fe25519.c:136->ed25519_ref/src/ge25519.c:140
:3  %tmp_791_cast = zext i15 %tmp_791 to i64

ST_4: p_y_v_addr (50)  [1/1] 0.00ns  loc: ed25519_ref/src/fe25519.c:136->ed25519_ref/src/ge25519.c:140
:4  %p_y_v_addr = getelementptr [13600 x i32]* %p_y_v, i64 0, i64 %tmp_791_cast

ST_4: p_y_v_load (51)  [2/2] 1.24ns  loc: ed25519_ref/src/fe25519.c:136->ed25519_ref/src/ge25519.c:140
:5  %p_y_v_load = load i32* %p_y_v_addr, align 4

ST_4: r_y_v_addr (52)  [1/1] 0.00ns  loc: ed25519_ref/src/fe25519.c:136->ed25519_ref/src/ge25519.c:140
:6  %r_y_v_addr = getelementptr [32 x i32]* %r_y_v, i64 0, i64 %tmp_i7

ST_4: r_y_v_load (53)  [2/2] 1.24ns  loc: ed25519_ref/src/fe25519.c:136->ed25519_ref/src/ge25519.c:140
:7  %r_y_v_load = load i32* %r_y_v_addr, align 4

ST_4: StgValue_49 (60)  [1/1] 0.00ns  loc: ed25519_ref/src/ge25519.c:141
crypto_sign_ed25519_ref_fe25519_cmov.exit16:0  ret void


 <State 5>: 2.53ns
ST_5: p_y_v_load (51)  [1/2] 1.24ns  loc: ed25519_ref/src/fe25519.c:136->ed25519_ref/src/ge25519.c:140
:5  %p_y_v_load = load i32* %p_y_v_addr, align 4

ST_5: r_y_v_load (53)  [1/2] 1.24ns  loc: ed25519_ref/src/fe25519.c:136->ed25519_ref/src/ge25519.c:140
:7  %r_y_v_load = load i32* %r_y_v_addr, align 4

ST_5: tmp_894_i1 (54)  [1/1] 0.00ns  loc: ed25519_ref/src/fe25519.c:136->ed25519_ref/src/ge25519.c:140 (grouped into LUT with out node tmp_896_i1)
:8  %tmp_894_i1 = xor i32 %r_y_v_load, %p_y_v_load

ST_5: tmp_895_i1 (55)  [1/1] 0.00ns  loc: ed25519_ref/src/fe25519.c:136->ed25519_ref/src/ge25519.c:140 (grouped into LUT with out node tmp_896_i1)
:9  %tmp_895_i1 = and i32 %tmp_894_i1, %mask_cast

ST_5: tmp_896_i1 (56)  [1/1] 0.05ns  loc: ed25519_ref/src/fe25519.c:136->ed25519_ref/src/ge25519.c:140 (out node of the LUT)
:10  %tmp_896_i1 = xor i32 %r_y_v_load, %tmp_895_i1

ST_5: StgValue_55 (57)  [1/1] 1.24ns  loc: ed25519_ref/src/fe25519.c:136->ed25519_ref/src/ge25519.c:140
:11  store i32 %tmp_896_i1, i32* %r_y_v_addr, align 4

ST_5: StgValue_56 (58)  [1/1] 0.00ns  loc: ed25519_ref/src/fe25519.c:136->ed25519_ref/src/ge25519.c:140
:12  br label %crypto_sign_ed25519_ref_fe25519_cmov.exit



============================================================
+ Verbose Summary: Timing violations
============================================================
Target clock period: 10ns, clock uncertainty: 1.25ns.

 <State 1>: 0.656ns
The critical path consists of the following:
	multiplexor before 'phi' operation ('i') with incoming values : ('i', ed25519_ref/src/fe25519.c:136->ed25519_ref/src/ge25519.c:139) [18]  (0.656 ns)

 <State 2>: 2.4ns
The critical path consists of the following:
	'phi' operation ('i') with incoming values : ('i', ed25519_ref/src/fe25519.c:136->ed25519_ref/src/ge25519.c:139) [18]  (0 ns)
	'add' operation ('tmp_790', ed25519_ref/src/fe25519.c:136->ed25519_ref/src/ge25519.c:139) [26]  (1.16 ns)
	'getelementptr' operation ('p_x_v_addr', ed25519_ref/src/fe25519.c:136->ed25519_ref/src/ge25519.c:139) [28]  (0 ns)
	'load' operation ('p_x_v_load', ed25519_ref/src/fe25519.c:136->ed25519_ref/src/ge25519.c:139) on array 'p_x_v' [29]  (1.24 ns)

 <State 3>: 2.53ns
The critical path consists of the following:
	'load' operation ('p_x_v_load', ed25519_ref/src/fe25519.c:136->ed25519_ref/src/ge25519.c:139) on array 'p_x_v' [29]  (1.24 ns)
	'xor' operation ('tmp_894_i', ed25519_ref/src/fe25519.c:136->ed25519_ref/src/ge25519.c:139) [32]  (0 ns)
	'and' operation ('tmp_895_i', ed25519_ref/src/fe25519.c:136->ed25519_ref/src/ge25519.c:139) [33]  (0 ns)
	'xor' operation ('tmp_896_i', ed25519_ref/src/fe25519.c:136->ed25519_ref/src/ge25519.c:139) [34]  (0.051 ns)
	'store' operation (ed25519_ref/src/fe25519.c:136->ed25519_ref/src/ge25519.c:139) of variable 'tmp_896_i', ed25519_ref/src/fe25519.c:136->ed25519_ref/src/ge25519.c:139 on array 'r_x_v' [35]  (1.24 ns)

 <State 4>: 2.4ns
The critical path consists of the following:
	'phi' operation ('i') with incoming values : ('i', ed25519_ref/src/fe25519.c:136->ed25519_ref/src/ge25519.c:140) [40]  (0 ns)
	'add' operation ('tmp_791', ed25519_ref/src/fe25519.c:136->ed25519_ref/src/ge25519.c:140) [48]  (1.16 ns)
	'getelementptr' operation ('p_y_v_addr', ed25519_ref/src/fe25519.c:136->ed25519_ref/src/ge25519.c:140) [50]  (0 ns)
	'load' operation ('p_y_v_load', ed25519_ref/src/fe25519.c:136->ed25519_ref/src/ge25519.c:140) on array 'p_y_v' [51]  (1.24 ns)

 <State 5>: 2.53ns
The critical path consists of the following:
	'load' operation ('p_y_v_load', ed25519_ref/src/fe25519.c:136->ed25519_ref/src/ge25519.c:140) on array 'p_y_v' [51]  (1.24 ns)
	'xor' operation ('tmp_894_i1', ed25519_ref/src/fe25519.c:136->ed25519_ref/src/ge25519.c:140) [54]  (0 ns)
	'and' operation ('tmp_895_i1', ed25519_ref/src/fe25519.c:136->ed25519_ref/src/ge25519.c:140) [55]  (0 ns)
	'xor' operation ('tmp_896_i1', ed25519_ref/src/fe25519.c:136->ed25519_ref/src/ge25519.c:140) [56]  (0.051 ns)
	'store' operation (ed25519_ref/src/fe25519.c:136->ed25519_ref/src/ge25519.c:140) of variable 'tmp_896_i1', ed25519_ref/src/fe25519.c:136->ed25519_ref/src/ge25519.c:140 on array 'r_y_v' [57]  (1.24 ns)


============================================================
+ Verbose Summary: Binding
============================================================
N/A
* FSMD analyzer results:
  - Output states:
 - Input state : 
  - Chain level:
	State 1
	State 2
	State 3
	State 4
	State 5


============================================================
+ Verbose Summary: Datapath Resource usage 
============================================================
N/A
