

================================================================
== Vivado HLS Report for 'crypto_sign_ed25519_12'
================================================================
* Date:           Sat Jun  3 22:30:11 2017

* Version:        2017.1 (Build 1846317 on Fri Apr 14 19:19:38 MDT 2017)
* Project:        ed25519_ref
* Solution:       solution1
* Product family: zynquplus
* Target device:  xczu9eg-ffvb1156-2-i


================================================================
== Performance Estimates
================================================================
+ Timing (ns): 
    * Summary: 
    +--------+-------+----------+------------+
    |  Clock | Target| Estimated| Uncertainty|
    +--------+-------+----------+------------+
    |ap_clk  |  10.00|      5.01|        1.25|
    +--------+-------+----------+------------+

+ Latency (clock cycles): 
    * Summary: 
    +-----+-----+-----+-----+---------+
    |  Latency  |  Interval | Pipeline|
    | min | max | min | max |   Type  |
    +-----+-----+-----+-----+---------+
    |  326|  326|  326|  326|   none  |
    +-----+-----+-----+-----+---------+

    + Detail: 
        * Instance: 
        N/A

        * Loop: 
        +-------------+-----+-----+----------+-----------+-----------+------+----------+
        |             |  Latency  | Iteration|  Initiation Interval  | Trip |          |
        |  Loop Name  | min | max |  Latency |  achieved |   target  | Count| Pipelined|
        +-------------+-----+-----+----------+-----------+-----------+------+----------+
        |- Loop 1     |   64|   64|         2|          -|          -|    32|    no    |
        |- Loop 2     |  260|  260|        65|          -|          -|     4|    no    |
        | + Loop 2.1  |   62|   62|         2|          -|          -|    31|    no    |
        +-------------+-----+-----+----------+-----------+-----------+------+----------+

============================================================
+ Verbose Summary: Synthesis Manager
============================================================
InlineROM: 1
ExposeGlobal: 0
============================================================
+ Verbose Summary: CDFG Model
============================================================
IsTopModel: 0
ResetActiveHigh: 1
IsCombinational: 0
IsDatapathOnly: 0
HasWiredReturn: 1
HasMFsm: 0
HasVarLatency: 1
IsPipeline: 0
IsRtlPipelined: 0
IsInstanceOverlapped: 0
IsDontTouch: 0
HasImplIP: 0
IsGatedGlobalClock: 0


============================================================
+ Verbose Summary: Schedule
============================================================
* Number of FSM states: 7
* Pipeline: 0
* Dataflow Pipeline: 0

* FSM state transitions: 
1 --> 
	2  / true
2 --> 
	3  / (!exitcond)
	4  / (exitcond)
3 --> 
	2  / true
4 --> 
	5  / (!exitcond1_i)
5 --> 
	6  / true
6 --> 
	7  / (!exitcond_i)
	4  / (exitcond_i)
7 --> 
	6  / true
* FSM state operations: 

 <State 1>: 0.66ns
ST_1: StgValue_8 (4)  [1/1] 0.66ns  loc: ed25519_ref/src/fe25519.c:171
:0  br label %1


 <State 2>: 1.24ns
ST_2: i (6)  [1/1] 0.00ns
:0  %i = phi i6 [ 0, %0 ], [ %i_59, %2 ]

ST_2: exitcond (7)  [1/1] 0.71ns  loc: ed25519_ref/src/fe25519.c:171
:1  %exitcond = icmp eq i6 %i, -32

ST_2: empty (8)  [1/1] 0.00ns
:2  %empty = call i32 (...)* @_ssdm_op_SpecLoopTripCount(i64 32, i64 32, i64 32)

ST_2: i_59 (9)  [1/1] 1.11ns  loc: ed25519_ref/src/fe25519.c:171
:3  %i_59 = add i6 %i, 1

ST_2: StgValue_13 (10)  [1/1] 0.00ns  loc: ed25519_ref/src/fe25519.c:171
:4  br i1 %exitcond, label %3, label %2

ST_2: tmp (12)  [1/1] 0.00ns  loc: ed25519_ref/src/fe25519.c:171
:0  %tmp = zext i6 %i to i64

ST_2: x_v_addr (13)  [1/1] 0.00ns  loc: ed25519_ref/src/fe25519.c:171
:1  %x_v_addr = getelementptr [32 x i32]* %x_v, i64 0, i64 %tmp

ST_2: x_v_load (14)  [2/2] 1.24ns  loc: ed25519_ref/src/fe25519.c:171
:2  %x_v_load = load i32* %x_v_addr, align 4

ST_2: y_v_addr (15)  [1/1] 0.00ns  loc: ed25519_ref/src/fe25519.c:171
:3  %y_v_addr = getelementptr [32 x i32]* %y_v, i64 0, i64 %tmp

ST_2: y_v_load (16)  [2/2] 1.24ns  loc: ed25519_ref/src/fe25519.c:171
:4  %y_v_load = load i32* %y_v_addr, align 4

ST_2: r_v_addr_17 (22)  [1/1] 0.00ns  loc: ed25519_ref/src/fe25519.c:40->ed25519_ref/src/fe25519.c:172
:0  %r_v_addr_17 = getelementptr [32 x i32]* %r_v, i64 0, i64 31

ST_2: r_v_addr_18 (23)  [1/1] 0.00ns  loc: ed25519_ref/src/fe25519.c:43->ed25519_ref/src/fe25519.c:172
:1  %r_v_addr_18 = getelementptr [32 x i32]* %r_v, i64 0, i64 0

ST_2: StgValue_21 (24)  [1/1] 0.66ns  loc: ed25519_ref/src/fe25519.c:38->ed25519_ref/src/fe25519.c:172
:2  br label %.loopexit


 <State 3>: 3.82ns
ST_3: x_v_load (14)  [1/2] 1.24ns  loc: ed25519_ref/src/fe25519.c:171
:2  %x_v_load = load i32* %x_v_addr, align 4

ST_3: y_v_load (16)  [1/2] 1.24ns  loc: ed25519_ref/src/fe25519.c:171
:4  %y_v_load = load i32* %y_v_addr, align 4

ST_3: tmp_s (17)  [1/1] 1.34ns  loc: ed25519_ref/src/fe25519.c:171
:5  %tmp_s = add i32 %x_v_load, %y_v_load

ST_3: r_v_addr (18)  [1/1] 0.00ns  loc: ed25519_ref/src/fe25519.c:171
:6  %r_v_addr = getelementptr [32 x i32]* %r_v, i64 0, i64 %tmp

ST_3: StgValue_26 (19)  [1/1] 1.24ns  loc: ed25519_ref/src/fe25519.c:171
:7  store i32 %tmp_s, i32* %r_v_addr, align 4

ST_3: StgValue_27 (20)  [1/1] 0.00ns  loc: ed25519_ref/src/fe25519.c:171
:8  br label %1


 <State 4>: 1.24ns
ST_4: rep_i (26)  [1/1] 0.00ns
.loopexit:0  %rep_i = phi i3 [ 0, %3 ], [ %rep, %.loopexit.loopexit ]

ST_4: exitcond1_i (27)  [1/1] 0.14ns  loc: ed25519_ref/src/fe25519.c:38->ed25519_ref/src/fe25519.c:172
.loopexit:1  %exitcond1_i = icmp eq i3 %rep_i, -4

ST_4: empty_73 (28)  [1/1] 0.00ns
.loopexit:2  %empty_73 = call i32 (...)* @_ssdm_op_SpecLoopTripCount(i64 4, i64 4, i64 4)

ST_4: rep (29)  [1/1] 1.00ns  loc: ed25519_ref/src/fe25519.c:38->ed25519_ref/src/fe25519.c:172
.loopexit:3  %rep = add i3 %rep_i, 1

ST_4: StgValue_32 (30)  [1/1] 0.00ns  loc: ed25519_ref/src/fe25519.c:38->ed25519_ref/src/fe25519.c:172
.loopexit:4  br i1 %exitcond1_i, label %reduce_add_sub64.exit, label %4

ST_4: r_v_load (32)  [2/2] 1.24ns  loc: ed25519_ref/src/fe25519.c:40->ed25519_ref/src/fe25519.c:172
:0  %r_v_load = load i32* %r_v_addr_17, align 4

ST_4: r_v_load_13 (40)  [2/2] 1.24ns  loc: ed25519_ref/src/fe25519.c:43->ed25519_ref/src/fe25519.c:172
:8  %r_v_load_13 = load i32* %r_v_addr_18, align 4

ST_4: StgValue_35 (68)  [1/1] 0.00ns  loc: ed25519_ref/src/fe25519.c:173
reduce_add_sub64.exit:0  ret void


 <State 5>: 5.01ns
ST_5: r_v_load (32)  [1/2] 1.24ns  loc: ed25519_ref/src/fe25519.c:40->ed25519_ref/src/fe25519.c:172
:0  %r_v_load = load i32* %r_v_addr_17, align 4

ST_5: tmp_797 (33)  [1/1] 0.00ns  loc: ed25519_ref/src/fe25519.c:40->ed25519_ref/src/fe25519.c:172
:1  %tmp_797 = trunc i32 %r_v_load to i7

ST_5: tmp_777 (34)  [1/1] 0.00ns  loc: ed25519_ref/src/fe25519.c:40->ed25519_ref/src/fe25519.c:172
:2  %tmp_777 = call i25 @_ssdm_op_PartSelect.i25.i32.i32.i32(i32 %r_v_load, i32 7, i32 31)

ST_5: t_24_cast (35)  [1/1] 0.00ns  loc: ed25519_ref/src/fe25519.c:40->ed25519_ref/src/fe25519.c:172
:3  %t_24_cast = zext i25 %tmp_777 to i31

ST_5: tmp_i_cast (36)  [1/1] 0.00ns  loc: ed25519_ref/src/fe25519.c:41->ed25519_ref/src/fe25519.c:172
:4  %tmp_i_cast = zext i7 %tmp_797 to i32

ST_5: StgValue_41 (37)  [1/1] 1.24ns  loc: ed25519_ref/src/fe25519.c:41->ed25519_ref/src/fe25519.c:172
:5  store i32 %tmp_i_cast, i32* %r_v_addr_17, align 4

ST_5: t (38)  [1/1] 0.49ns  loc: ed25519_ref/src/fe25519.c:25->ed25519_ref/src/fe25519.c:42->ed25519_ref/src/fe25519.c:172
:6  %t = mul i31 19, %t_24_cast

ST_5: t_cast3 (39)  [1/1] 0.00ns  loc: ed25519_ref/src/fe25519.c:25->ed25519_ref/src/fe25519.c:42->ed25519_ref/src/fe25519.c:172
:7  %t_cast3 = zext i31 %t to i32

ST_5: r_v_load_13 (40)  [1/2] 1.24ns  loc: ed25519_ref/src/fe25519.c:43->ed25519_ref/src/fe25519.c:172
:8  %r_v_load_13 = load i32* %r_v_addr_18, align 4

ST_5: tmp_i (41)  [1/1] 2.04ns  loc: ed25519_ref/src/fe25519.c:43->ed25519_ref/src/fe25519.c:172
:9  %tmp_i = add i32 %t_cast3, %r_v_load_13

ST_5: StgValue_46 (42)  [1/1] 1.24ns  loc: ed25519_ref/src/fe25519.c:43->ed25519_ref/src/fe25519.c:172
:10  store i32 %tmp_i, i32* %r_v_addr_18, align 4

ST_5: StgValue_47 (43)  [1/1] 0.66ns  loc: ed25519_ref/src/fe25519.c:44->ed25519_ref/src/fe25519.c:172
:11  br label %5


 <State 6>: 2.35ns
ST_6: i_i (45)  [1/1] 0.00ns
:0  %i_i = phi i5 [ 0, %4 ], [ %i_60, %6 ]

ST_6: exitcond_i (46)  [1/1] 0.39ns  loc: ed25519_ref/src/fe25519.c:44->ed25519_ref/src/fe25519.c:172
:1  %exitcond_i = icmp eq i5 %i_i, -1

ST_6: empty_74 (47)  [1/1] 0.00ns
:2  %empty_74 = call i32 (...)* @_ssdm_op_SpecLoopTripCount(i64 31, i64 31, i64 31)

ST_6: i_60 (48)  [1/1] 1.12ns  loc: ed25519_ref/src/fe25519.c:47->ed25519_ref/src/fe25519.c:172
:3  %i_60 = add i5 %i_i, 1

ST_6: StgValue_52 (49)  [1/1] 0.00ns  loc: ed25519_ref/src/fe25519.c:44->ed25519_ref/src/fe25519.c:172
:4  br i1 %exitcond_i, label %.loopexit.loopexit, label %6

ST_6: tmp_759_i (51)  [1/1] 0.00ns  loc: ed25519_ref/src/fe25519.c:46->ed25519_ref/src/fe25519.c:172
:0  %tmp_759_i = zext i5 %i_i to i64

ST_6: r_v_addr_19 (52)  [1/1] 0.00ns  loc: ed25519_ref/src/fe25519.c:46->ed25519_ref/src/fe25519.c:172
:1  %r_v_addr_19 = getelementptr [32 x i32]* %r_v, i64 0, i64 %tmp_759_i

ST_6: r_v_load_14 (53)  [2/2] 1.24ns  loc: ed25519_ref/src/fe25519.c:46->ed25519_ref/src/fe25519.c:172
:2  %r_v_load_14 = load i32* %r_v_addr_19, align 4

ST_6: tmp_760_i (57)  [1/1] 0.00ns  loc: ed25519_ref/src/fe25519.c:47->ed25519_ref/src/fe25519.c:172
:6  %tmp_760_i = zext i5 %i_60 to i64

ST_6: r_v_addr_20 (58)  [1/1] 0.00ns  loc: ed25519_ref/src/fe25519.c:47->ed25519_ref/src/fe25519.c:172
:7  %r_v_addr_20 = getelementptr [32 x i32]* %r_v, i64 0, i64 %tmp_760_i

ST_6: r_v_load_15 (59)  [2/2] 1.24ns  loc: ed25519_ref/src/fe25519.c:47->ed25519_ref/src/fe25519.c:172
:8  %r_v_load_15 = load i32* %r_v_addr_20, align 4

ST_6: StgValue_59 (66)  [1/1] 0.00ns
.loopexit.loopexit:0  br label %.loopexit


 <State 7>: 3.82ns
ST_7: r_v_load_14 (53)  [1/2] 1.24ns  loc: ed25519_ref/src/fe25519.c:46->ed25519_ref/src/fe25519.c:172
:2  %r_v_load_14 = load i32* %r_v_addr_19, align 4

ST_7: tmp_798 (54)  [1/1] 0.00ns  loc: ed25519_ref/src/fe25519.c:46->ed25519_ref/src/fe25519.c:172
:3  %tmp_798 = trunc i32 %r_v_load_14 to i8

ST_7: t_s (55)  [1/1] 0.00ns  loc: ed25519_ref/src/fe25519.c:46->ed25519_ref/src/fe25519.c:172
:4  %t_s = call i24 @_ssdm_op_PartSelect.i24.i32.i32.i32(i32 %r_v_load_14, i32 8, i32 31)

ST_7: t_9 (56)  [1/1] 0.00ns  loc: ed25519_ref/src/fe25519.c:46->ed25519_ref/src/fe25519.c:172
:5  %t_9 = zext i24 %t_s to i32

ST_7: r_v_load_15 (59)  [1/2] 1.24ns  loc: ed25519_ref/src/fe25519.c:47->ed25519_ref/src/fe25519.c:172
:8  %r_v_load_15 = load i32* %r_v_addr_20, align 4

ST_7: tmp_761_i (60)  [1/1] 1.34ns  loc: ed25519_ref/src/fe25519.c:47->ed25519_ref/src/fe25519.c:172
:9  %tmp_761_i = add i32 %t_9, %r_v_load_15

ST_7: StgValue_66 (61)  [1/1] 1.24ns  loc: ed25519_ref/src/fe25519.c:47->ed25519_ref/src/fe25519.c:172
:10  store i32 %tmp_761_i, i32* %r_v_addr_20, align 4

ST_7: tmp_762_i_cast (62)  [1/1] 0.00ns  loc: ed25519_ref/src/fe25519.c:48->ed25519_ref/src/fe25519.c:172
:11  %tmp_762_i_cast = zext i8 %tmp_798 to i32

ST_7: StgValue_68 (63)  [1/1] 1.24ns  loc: ed25519_ref/src/fe25519.c:48->ed25519_ref/src/fe25519.c:172
:12  store i32 %tmp_762_i_cast, i32* %r_v_addr_19, align 4

ST_7: StgValue_69 (64)  [1/1] 0.00ns  loc: ed25519_ref/src/fe25519.c:44->ed25519_ref/src/fe25519.c:172
:13  br label %5



============================================================
+ Verbose Summary: Binding
============================================================
STG Binding: 
---------------- STG Properties BEGIN ----------------
- Is combinational: 0
- Is one-state seq: 0
- Is datapath-only: 0
- Is pipelined: 0
- Is top level: 0
Port [ Return ] is wired: 1; IO mode=ap_ctrl_hs:ce=0
Port [ r_v]:  wired=1; compound=1; hidden=0; nouse=0; global=0; static=0; extern=0; dir=2; type=1; pingpong=0; private_global=0; MemPort=[22]; IO mode=ap_memory:ce=0
Port [ x_v]:  wired=1; compound=1; hidden=0; nouse=0; global=0; static=0; extern=0; dir=0; type=1; pingpong=0; private_global=0; MemPort=[13]; IO mode=ap_memory:ce=0
Port [ y_v]:  wired=1; compound=1; hidden=0; nouse=0; global=0; static=0; extern=0; dir=0; type=1; pingpong=0; private_global=0; MemPort=[13]; IO mode=ap_memory:ce=0
---------------- STG Properties END ------------------

---------------- Datapath Model BEGIN ----------------

<LifeTime>
<method=bitvector/>
StgValue_8     (br               ) [ 01110000]
i              (phi              ) [ 00100000]
exitcond       (icmp             ) [ 00110000]
empty          (speclooptripcount) [ 00000000]
i_59           (add              ) [ 01110000]
StgValue_13    (br               ) [ 00000000]
tmp            (zext             ) [ 00010000]
x_v_addr       (getelementptr    ) [ 00010000]
y_v_addr       (getelementptr    ) [ 00010000]
r_v_addr_17    (getelementptr    ) [ 00001111]
r_v_addr_18    (getelementptr    ) [ 00001111]
StgValue_21    (br               ) [ 00111111]
x_v_load       (load             ) [ 00000000]
y_v_load       (load             ) [ 00000000]
tmp_s          (add              ) [ 00000000]
r_v_addr       (getelementptr    ) [ 00000000]
StgValue_26    (store            ) [ 00000000]
StgValue_27    (br               ) [ 01110000]
rep_i          (phi              ) [ 00001000]
exitcond1_i    (icmp             ) [ 00001111]
empty_73       (speclooptripcount) [ 00000000]
rep            (add              ) [ 00101111]
StgValue_32    (br               ) [ 00000000]
StgValue_35    (ret              ) [ 00000000]
r_v_load       (load             ) [ 00000000]
tmp_797        (trunc            ) [ 00000000]
tmp_777        (partselect       ) [ 00000000]
t_24_cast      (zext             ) [ 00000000]
tmp_i_cast     (zext             ) [ 00000000]
StgValue_41    (store            ) [ 00000000]
t              (mul              ) [ 00000000]
t_cast3        (zext             ) [ 00000000]
r_v_load_13    (load             ) [ 00000000]
tmp_i          (add              ) [ 00000000]
StgValue_46    (store            ) [ 00000000]
StgValue_47    (br               ) [ 00001111]
i_i            (phi              ) [ 00000010]
exitcond_i     (icmp             ) [ 00001111]
empty_74       (speclooptripcount) [ 00000000]
i_60           (add              ) [ 00001111]
StgValue_52    (br               ) [ 00000000]
tmp_759_i      (zext             ) [ 00000000]
r_v_addr_19    (getelementptr    ) [ 00000001]
tmp_760_i      (zext             ) [ 00000000]
r_v_addr_20    (getelementptr    ) [ 00000001]
StgValue_59    (br               ) [ 00101111]
r_v_load_14    (load             ) [ 00000000]
tmp_798        (trunc            ) [ 00000000]
t_s            (partselect       ) [ 00000000]
t_9            (zext             ) [ 00000000]
r_v_load_15    (load             ) [ 00000000]
tmp_761_i      (add              ) [ 00000000]
StgValue_66    (store            ) [ 00000000]
tmp_762_i_cast (zext             ) [ 00000000]
StgValue_68    (store            ) [ 00000000]
StgValue_69    (br               ) [ 00001111]
</LifeTime>

<model>

<comp_list>
<comp id="0" class="1000" name="r_v">
<pin_list>
<pin id="1" dir="1" index="0" bw="1" slack="0"/>
</pin_list>
<bind>
<StgValue><ssdm name="r_v"/><MemPortTyVec>2 2 </MemPortTyVec>
</StgValue>
</bind>
</comp>

<comp id="2" class="1000" name="x_v">
<pin_list>
<pin id="3" dir="1" index="0" bw="1" slack="0"/>
</pin_list>
<bind>
<StgValue><ssdm name="x_v"/><MemPortTyVec>1 3 </MemPortTyVec>
</StgValue>
</bind>
</comp>

<comp id="4" class="1000" name="y_v">
<pin_list>
<pin id="5" dir="1" index="0" bw="1" slack="0"/>
</pin_list>
<bind>
<StgValue><ssdm name="y_v"/><MemPortTyVec>1 3 </MemPortTyVec>
</StgValue>
</bind>
</comp>

<comp id="6" class="1001" name="const_6">
<pin_list>
<pin id="7" dir="1" index="0" bw="1" slack="1"/>
</pin_list>
<bind>
<StgValue><ssdm name=""/></StgValue>
</bind>
</comp>

<comp id="8" class="1001" name="const_8">
<pin_list>
<pin id="9" dir="1" index="0" bw="1" slack="0"/>
</pin_list>
<bind>
<StgValue><ssdm name=""/></StgValue>
</bind>
</comp>

<comp id="10" class="1001" name="const_10">
<pin_list>
<pin id="11" dir="1" index="0" bw="1" slack="2147483647"/>
</pin_list>
<bind>
<StgValue><ssdm name="_ssdm_op_SpecLoopTripCount"/></StgValue>
</bind>
</comp>

<comp id="12" class="1001" name="const_12">
<pin_list>
<pin id="13" dir="1" index="0" bw="1" slack="2147483647"/>
</pin_list>
<bind>
<StgValue><ssdm name=""/></StgValue>
</bind>
</comp>

<comp id="14" class="1001" name="const_14">
<pin_list>
<pin id="15" dir="1" index="0" bw="1" slack="0"/>
</pin_list>
<bind>
<StgValue><ssdm name=""/></StgValue>
</bind>
</comp>

<comp id="16" class="1001" name="const_16">
<pin_list>
<pin id="17" dir="1" index="0" bw="1" slack="0"/>
</pin_list>
<bind>
<StgValue><ssdm name=""/></StgValue>
</bind>
</comp>

<comp id="18" class="1001" name="const_18">
<pin_list>
<pin id="19" dir="1" index="0" bw="1" slack="0"/>
</pin_list>
<bind>
<StgValue><ssdm name=""/></StgValue>
</bind>
</comp>

<comp id="20" class="1001" name="const_20">
<pin_list>
<pin id="21" dir="1" index="0" bw="1" slack="1"/>
</pin_list>
<bind>
<StgValue><ssdm name=""/></StgValue>
</bind>
</comp>

<comp id="22" class="1001" name="const_22">
<pin_list>
<pin id="23" dir="1" index="0" bw="1" slack="0"/>
</pin_list>
<bind>
<StgValue><ssdm name=""/></StgValue>
</bind>
</comp>

<comp id="24" class="1001" name="const_24">
<pin_list>
<pin id="25" dir="1" index="0" bw="1" slack="2147483647"/>
</pin_list>
<bind>
<StgValue><ssdm name=""/></StgValue>
</bind>
</comp>

<comp id="26" class="1001" name="const_26">
<pin_list>
<pin id="27" dir="1" index="0" bw="1" slack="0"/>
</pin_list>
<bind>
<StgValue><ssdm name=""/></StgValue>
</bind>
</comp>

<comp id="28" class="1001" name="const_28">
<pin_list>
<pin id="29" dir="1" index="0" bw="1" slack="0"/>
</pin_list>
<bind>
<StgValue><ssdm name="_ssdm_op_PartSelect.i25.i32.i32.i32"/></StgValue>
</bind>
</comp>

<comp id="30" class="1001" name="const_30">
<pin_list>
<pin id="31" dir="1" index="0" bw="1" slack="0"/>
</pin_list>
<bind>
<StgValue><ssdm name=""/></StgValue>
</bind>
</comp>

<comp id="32" class="1001" name="const_32">
<pin_list>
<pin id="33" dir="1" index="0" bw="1" slack="0"/>
</pin_list>
<bind>
<StgValue><ssdm name=""/></StgValue>
</bind>
</comp>

<comp id="34" class="1001" name="const_34">
<pin_list>
<pin id="35" dir="1" index="0" bw="1" slack="0"/>
</pin_list>
<bind>
<StgValue><ssdm name=""/></StgValue>
</bind>
</comp>

<comp id="36" class="1001" name="const_36">
<pin_list>
<pin id="37" dir="1" index="0" bw="1" slack="1"/>
</pin_list>
<bind>
<StgValue><ssdm name=""/></StgValue>
</bind>
</comp>

<comp id="38" class="1001" name="const_38">
<pin_list>
<pin id="39" dir="1" index="0" bw="1" slack="0"/>
</pin_list>
<bind>
<StgValue><ssdm name=""/></StgValue>
</bind>
</comp>

<comp id="40" class="1001" name="const_40">
<pin_list>
<pin id="41" dir="1" index="0" bw="1" slack="0"/>
</pin_list>
<bind>
<StgValue><ssdm name=""/></StgValue>
</bind>
</comp>

<comp id="42" class="1001" name="const_42">
<pin_list>
<pin id="43" dir="1" index="0" bw="1" slack="0"/>
</pin_list>
<bind>
<StgValue><ssdm name="_ssdm_op_PartSelect.i24.i32.i32.i32"/></StgValue>
</bind>
</comp>

<comp id="44" class="1001" name="const_44">
<pin_list>
<pin id="45" dir="1" index="0" bw="1" slack="0"/>
</pin_list>
<bind>
<StgValue><ssdm name=""/></StgValue>
</bind>
</comp>

<comp id="46" class="1004" name="x_v_addr_gep_fu_46">
<pin_list>
<pin id="47" dir="0" index="0" bw="32" slack="0"/>
<pin id="48" dir="0" index="1" bw="1" slack="0"/>
<pin id="49" dir="0" index="2" bw="6" slack="0"/>
<pin id="50" dir="1" index="3" bw="5" slack="0"/>
</pin_list>
<bind>
<opcode="getelementptr(29) " fcode="getelementptr"/>
<opset="x_v_addr/2 "/>
</bind>
</comp>

<comp id="53" class="1004" name="grp_access_fu_53">
<pin_list>
<pin id="54" dir="0" index="0" bw="5" slack="0"/>
<pin id="55" dir="0" index="1" bw="32" slack="2147483647"/>
<pin id="56" dir="1" index="2" bw="32" slack="0"/>
</pin_list>
<bind>
<opcode="load(27) " fcode="load"/>
<opset="x_v_load/2 "/>
</bind>
</comp>

<comp id="58" class="1004" name="y_v_addr_gep_fu_58">
<pin_list>
<pin id="59" dir="0" index="0" bw="32" slack="0"/>
<pin id="60" dir="0" index="1" bw="1" slack="0"/>
<pin id="61" dir="0" index="2" bw="6" slack="0"/>
<pin id="62" dir="1" index="3" bw="5" slack="0"/>
</pin_list>
<bind>
<opcode="getelementptr(29) " fcode="getelementptr"/>
<opset="y_v_addr/2 "/>
</bind>
</comp>

<comp id="65" class="1004" name="grp_access_fu_65">
<pin_list>
<pin id="66" dir="0" index="0" bw="5" slack="0"/>
<pin id="67" dir="0" index="1" bw="32" slack="2147483647"/>
<pin id="68" dir="1" index="2" bw="32" slack="0"/>
</pin_list>
<bind>
<opcode="load(27) " fcode="load"/>
<opset="y_v_load/2 "/>
</bind>
</comp>

<comp id="70" class="1004" name="r_v_addr_17_gep_fu_70">
<pin_list>
<pin id="71" dir="0" index="0" bw="32" slack="0"/>
<pin id="72" dir="0" index="1" bw="1" slack="0"/>
<pin id="73" dir="0" index="2" bw="6" slack="0"/>
<pin id="74" dir="1" index="3" bw="5" slack="1"/>
</pin_list>
<bind>
<opcode="getelementptr(29) " fcode="getelementptr"/>
<opset="r_v_addr_17/2 "/>
</bind>
</comp>

<comp id="78" class="1004" name="r_v_addr_18_gep_fu_78">
<pin_list>
<pin id="79" dir="0" index="0" bw="32" slack="0"/>
<pin id="80" dir="0" index="1" bw="1" slack="0"/>
<pin id="81" dir="0" index="2" bw="1" slack="0"/>
<pin id="82" dir="1" index="3" bw="5" slack="1"/>
</pin_list>
<bind>
<opcode="getelementptr(29) " fcode="getelementptr"/>
<opset="r_v_addr_18/2 "/>
</bind>
</comp>

<comp id="86" class="1004" name="r_v_addr_gep_fu_86">
<pin_list>
<pin id="87" dir="0" index="0" bw="32" slack="0"/>
<pin id="88" dir="0" index="1" bw="1" slack="0"/>
<pin id="89" dir="0" index="2" bw="6" slack="1"/>
<pin id="90" dir="1" index="3" bw="5" slack="0"/>
</pin_list>
<bind>
<opcode="getelementptr(29) " fcode="getelementptr"/>
<opset="r_v_addr/3 "/>
</bind>
</comp>

<comp id="93" class="1004" name="grp_access_fu_93">
<pin_list>
<pin id="94" dir="0" index="0" bw="5" slack="0"/>
<pin id="95" dir="0" index="1" bw="32" slack="0"/>
<pin id="98" dir="0" index="3" bw="5" slack="0"/>
<pin id="99" dir="0" index="4" bw="32" slack="0"/>
<pin id="96" dir="1" index="2" bw="32" slack="0"/>
<pin id="100" dir="1" index="5" bw="32" slack="0"/>
</pin_list>
<bind>
<opcode="load(27) store(28) " fcode="store"/>
<opset="StgValue_26/3 r_v_load/4 r_v_load_13/4 StgValue_41/5 StgValue_46/5 r_v_load_14/6 r_v_load_15/6 StgValue_66/7 StgValue_68/7 "/>
</bind>
</comp>

<comp id="101" class="1004" name="r_v_addr_19_gep_fu_101">
<pin_list>
<pin id="102" dir="0" index="0" bw="32" slack="0"/>
<pin id="103" dir="0" index="1" bw="1" slack="0"/>
<pin id="104" dir="0" index="2" bw="5" slack="0"/>
<pin id="105" dir="1" index="3" bw="5" slack="0"/>
</pin_list>
<bind>
<opcode="getelementptr(29) " fcode="getelementptr"/>
<opset="r_v_addr_19/6 "/>
</bind>
</comp>

<comp id="109" class="1004" name="r_v_addr_20_gep_fu_109">
<pin_list>
<pin id="110" dir="0" index="0" bw="32" slack="0"/>
<pin id="111" dir="0" index="1" bw="1" slack="0"/>
<pin id="112" dir="0" index="2" bw="5" slack="0"/>
<pin id="113" dir="1" index="3" bw="5" slack="0"/>
</pin_list>
<bind>
<opcode="getelementptr(29) " fcode="getelementptr"/>
<opset="r_v_addr_20/6 "/>
</bind>
</comp>

<comp id="117" class="1005" name="i_reg_117">
<pin_list>
<pin id="118" dir="0" index="0" bw="6" slack="1"/>
<pin id="119" dir="1" index="1" bw="6" slack="1"/>
</pin_list>
<bind>
<opset="i (phireg) "/>
</bind>
</comp>

<comp id="121" class="1004" name="i_phi_fu_121">
<pin_list>
<pin id="122" dir="0" index="0" bw="1" slack="1"/>
<pin id="123" dir="0" index="1" bw="0" slack="2147483647"/>
<pin id="124" dir="0" index="2" bw="6" slack="0"/>
<pin id="125" dir="0" index="3" bw="0" slack="2147483647"/>
<pin id="126" dir="1" index="4" bw="6" slack="0"/>
</pin_list>
<bind>
<opcode="phi(47) " fcode="phi"/>
<opset="i/2 "/>
</bind>
</comp>

<comp id="128" class="1005" name="rep_i_reg_128">
<pin_list>
<pin id="129" dir="0" index="0" bw="3" slack="1"/>
<pin id="130" dir="1" index="1" bw="3" slack="1"/>
</pin_list>
<bind>
<opset="rep_i (phireg) "/>
</bind>
</comp>

<comp id="132" class="1004" name="rep_i_phi_fu_132">
<pin_list>
<pin id="133" dir="0" index="0" bw="1" slack="1"/>
<pin id="134" dir="0" index="1" bw="0" slack="2147483647"/>
<pin id="135" dir="0" index="2" bw="3" slack="0"/>
<pin id="136" dir="0" index="3" bw="0" slack="2147483647"/>
<pin id="137" dir="1" index="4" bw="3" slack="0"/>
</pin_list>
<bind>
<opcode="phi(47) " fcode="phi"/>
<opset="rep_i/4 "/>
</bind>
</comp>

<comp id="139" class="1005" name="i_i_reg_139">
<pin_list>
<pin id="140" dir="0" index="0" bw="5" slack="1"/>
<pin id="141" dir="1" index="1" bw="5" slack="1"/>
</pin_list>
<bind>
<opset="i_i (phireg) "/>
</bind>
</comp>

<comp id="143" class="1004" name="i_i_phi_fu_143">
<pin_list>
<pin id="144" dir="0" index="0" bw="1" slack="1"/>
<pin id="145" dir="0" index="1" bw="0" slack="2147483647"/>
<pin id="146" dir="0" index="2" bw="5" slack="0"/>
<pin id="147" dir="0" index="3" bw="0" slack="2147483647"/>
<pin id="148" dir="1" index="4" bw="5" slack="0"/>
</pin_list>
<bind>
<opcode="phi(47) " fcode="phi"/>
<opset="i_i/6 "/>
</bind>
</comp>

<comp id="150" class="1004" name="exitcond_fu_150">
<pin_list>
<pin id="151" dir="0" index="0" bw="6" slack="0"/>
<pin id="152" dir="0" index="1" bw="6" slack="0"/>
<pin id="153" dir="1" index="2" bw="1" slack="2147483647"/>
</pin_list>
<bind>
<opcode="icmp(45) " fcode="icmp"/>
<opset="exitcond/2 "/>
</bind>
</comp>

<comp id="156" class="1004" name="i_59_fu_156">
<pin_list>
<pin id="157" dir="0" index="0" bw="6" slack="0"/>
<pin id="158" dir="0" index="1" bw="1" slack="0"/>
<pin id="159" dir="1" index="2" bw="6" slack="0"/>
</pin_list>
<bind>
<opcode="add(8) " fcode="add"/>
<opset="i_59/2 "/>
</bind>
</comp>

<comp id="162" class="1004" name="tmp_fu_162">
<pin_list>
<pin id="163" dir="0" index="0" bw="6" slack="0"/>
<pin id="164" dir="1" index="1" bw="64" slack="0"/>
</pin_list>
<bind>
<opcode="zext(34) " fcode="zext"/>
<opset="tmp/2 "/>
</bind>
</comp>

<comp id="168" class="1004" name="tmp_s_fu_168">
<pin_list>
<pin id="169" dir="0" index="0" bw="32" slack="0"/>
<pin id="170" dir="0" index="1" bw="32" slack="0"/>
<pin id="171" dir="1" index="2" bw="32" slack="0"/>
</pin_list>
<bind>
<opcode="add(8) " fcode="add"/>
<opset="tmp_s/3 "/>
</bind>
</comp>

<comp id="175" class="1004" name="exitcond1_i_fu_175">
<pin_list>
<pin id="176" dir="0" index="0" bw="3" slack="0"/>
<pin id="177" dir="0" index="1" bw="3" slack="0"/>
<pin id="178" dir="1" index="2" bw="1" slack="2147483647"/>
</pin_list>
<bind>
<opcode="icmp(45) " fcode="icmp"/>
<opset="exitcond1_i/4 "/>
</bind>
</comp>

<comp id="181" class="1004" name="rep_fu_181">
<pin_list>
<pin id="182" dir="0" index="0" bw="3" slack="0"/>
<pin id="183" dir="0" index="1" bw="1" slack="0"/>
<pin id="184" dir="1" index="2" bw="3" slack="0"/>
</pin_list>
<bind>
<opcode="add(8) " fcode="add"/>
<opset="rep/4 "/>
</bind>
</comp>

<comp id="187" class="1004" name="tmp_797_fu_187">
<pin_list>
<pin id="188" dir="0" index="0" bw="32" slack="0"/>
<pin id="189" dir="1" index="1" bw="7" slack="0"/>
</pin_list>
<bind>
<opcode="trunc(33) " fcode="trunc"/>
<opset="tmp_797/5 "/>
</bind>
</comp>

<comp id="191" class="1004" name="tmp_777_fu_191">
<pin_list>
<pin id="192" dir="0" index="0" bw="25" slack="0"/>
<pin id="193" dir="0" index="1" bw="32" slack="0"/>
<pin id="194" dir="0" index="2" bw="4" slack="0"/>
<pin id="195" dir="0" index="3" bw="6" slack="0"/>
<pin id="196" dir="1" index="4" bw="25" slack="0"/>
</pin_list>
<bind>
<opcode="partselect(1002) " fcode="partselect"/>
<opset="tmp_777/5 "/>
</bind>
</comp>

<comp id="201" class="1004" name="t_24_cast_fu_201">
<pin_list>
<pin id="202" dir="0" index="0" bw="25" slack="0"/>
<pin id="203" dir="1" index="1" bw="31" slack="0"/>
</pin_list>
<bind>
<opcode="zext(34) " fcode="zext"/>
<opset="t_24_cast/5 "/>
</bind>
</comp>

<comp id="205" class="1004" name="tmp_i_cast_fu_205">
<pin_list>
<pin id="206" dir="0" index="0" bw="7" slack="0"/>
<pin id="207" dir="1" index="1" bw="32" slack="0"/>
</pin_list>
<bind>
<opcode="zext(34) " fcode="zext"/>
<opset="tmp_i_cast/5 "/>
</bind>
</comp>

<comp id="210" class="1004" name="exitcond_i_fu_210">
<pin_list>
<pin id="211" dir="0" index="0" bw="5" slack="0"/>
<pin id="212" dir="0" index="1" bw="1" slack="0"/>
<pin id="213" dir="1" index="2" bw="1" slack="2147483647"/>
</pin_list>
<bind>
<opcode="icmp(45) " fcode="icmp"/>
<opset="exitcond_i/6 "/>
</bind>
</comp>

<comp id="216" class="1004" name="i_60_fu_216">
<pin_list>
<pin id="217" dir="0" index="0" bw="5" slack="0"/>
<pin id="218" dir="0" index="1" bw="1" slack="0"/>
<pin id="219" dir="1" index="2" bw="5" slack="0"/>
</pin_list>
<bind>
<opcode="add(8) " fcode="add"/>
<opset="i_60/6 "/>
</bind>
</comp>

<comp id="222" class="1004" name="tmp_759_i_fu_222">
<pin_list>
<pin id="223" dir="0" index="0" bw="5" slack="0"/>
<pin id="224" dir="1" index="1" bw="64" slack="0"/>
</pin_list>
<bind>
<opcode="zext(34) " fcode="zext"/>
<opset="tmp_759_i/6 "/>
</bind>
</comp>

<comp id="227" class="1004" name="tmp_760_i_fu_227">
<pin_list>
<pin id="228" dir="0" index="0" bw="5" slack="0"/>
<pin id="229" dir="1" index="1" bw="64" slack="0"/>
</pin_list>
<bind>
<opcode="zext(34) " fcode="zext"/>
<opset="tmp_760_i/6 "/>
</bind>
</comp>

<comp id="232" class="1004" name="tmp_798_fu_232">
<pin_list>
<pin id="233" dir="0" index="0" bw="32" slack="0"/>
<pin id="234" dir="1" index="1" bw="8" slack="0"/>
</pin_list>
<bind>
<opcode="trunc(33) " fcode="trunc"/>
<opset="tmp_798/7 "/>
</bind>
</comp>

<comp id="236" class="1004" name="t_s_fu_236">
<pin_list>
<pin id="237" dir="0" index="0" bw="24" slack="0"/>
<pin id="238" dir="0" index="1" bw="32" slack="0"/>
<pin id="239" dir="0" index="2" bw="5" slack="0"/>
<pin id="240" dir="0" index="3" bw="6" slack="0"/>
<pin id="241" dir="1" index="4" bw="24" slack="0"/>
</pin_list>
<bind>
<opcode="partselect(1002) " fcode="partselect"/>
<opset="t_s/7 "/>
</bind>
</comp>

<comp id="246" class="1004" name="t_9_fu_246">
<pin_list>
<pin id="247" dir="0" index="0" bw="24" slack="0"/>
<pin id="248" dir="1" index="1" bw="32" slack="0"/>
</pin_list>
<bind>
<opcode="zext(34) " fcode="zext"/>
<opset="t_9/7 "/>
</bind>
</comp>

<comp id="250" class="1004" name="tmp_761_i_fu_250">
<pin_list>
<pin id="251" dir="0" index="0" bw="24" slack="0"/>
<pin id="252" dir="0" index="1" bw="32" slack="0"/>
<pin id="253" dir="1" index="2" bw="32" slack="0"/>
</pin_list>
<bind>
<opcode="add(8) " fcode="add"/>
<opset="tmp_761_i/7 "/>
</bind>
</comp>

<comp id="257" class="1004" name="tmp_762_i_cast_fu_257">
<pin_list>
<pin id="258" dir="0" index="0" bw="8" slack="0"/>
<pin id="259" dir="1" index="1" bw="32" slack="0"/>
</pin_list>
<bind>
<opcode="zext(34) " fcode="zext"/>
<opset="tmp_762_i_cast/7 "/>
</bind>
</comp>

<comp id="262" class="1007" name="grp_fu_262">
<pin_list>
<pin id="263" dir="0" index="0" bw="31" slack="0"/>
<pin id="264" dir="0" index="1" bw="25" slack="0"/>
<pin id="265" dir="0" index="2" bw="32" slack="0"/>
<pin id="266" dir="1" index="3" bw="32" slack="0"/>
</pin_list>
<bind>
<opcode="muladd(1172) " fcode="muladd"/>
<opset="t/5 t_cast3/5 tmp_i/5 "/>
</bind>
</comp>

<comp id="274" class="1005" name="i_59_reg_274">
<pin_list>
<pin id="275" dir="0" index="0" bw="6" slack="0"/>
<pin id="276" dir="1" index="1" bw="6" slack="0"/>
</pin_list>
<bind>
<opset="i_59 "/>
</bind>
</comp>

<comp id="279" class="1005" name="tmp_reg_279">
<pin_list>
<pin id="280" dir="0" index="0" bw="64" slack="1"/>
<pin id="281" dir="1" index="1" bw="64" slack="1"/>
</pin_list>
<bind>
<opset="tmp "/>
</bind>
</comp>

<comp id="284" class="1005" name="x_v_addr_reg_284">
<pin_list>
<pin id="285" dir="0" index="0" bw="5" slack="1"/>
<pin id="286" dir="1" index="1" bw="5" slack="1"/>
</pin_list>
<bind>
<opset="x_v_addr "/>
</bind>
</comp>

<comp id="289" class="1005" name="y_v_addr_reg_289">
<pin_list>
<pin id="290" dir="0" index="0" bw="5" slack="1"/>
<pin id="291" dir="1" index="1" bw="5" slack="1"/>
</pin_list>
<bind>
<opset="y_v_addr "/>
</bind>
</comp>

<comp id="294" class="1005" name="r_v_addr_17_reg_294">
<pin_list>
<pin id="295" dir="0" index="0" bw="5" slack="1"/>
<pin id="296" dir="1" index="1" bw="5" slack="1"/>
</pin_list>
<bind>
<opset="r_v_addr_17 "/>
</bind>
</comp>

<comp id="300" class="1005" name="r_v_addr_18_reg_300">
<pin_list>
<pin id="301" dir="0" index="0" bw="5" slack="1"/>
<pin id="302" dir="1" index="1" bw="5" slack="1"/>
</pin_list>
<bind>
<opset="r_v_addr_18 "/>
</bind>
</comp>

<comp id="309" class="1005" name="rep_reg_309">
<pin_list>
<pin id="310" dir="0" index="0" bw="3" slack="0"/>
<pin id="311" dir="1" index="1" bw="3" slack="0"/>
</pin_list>
<bind>
<opset="rep "/>
</bind>
</comp>

<comp id="317" class="1005" name="i_60_reg_317">
<pin_list>
<pin id="318" dir="0" index="0" bw="5" slack="0"/>
<pin id="319" dir="1" index="1" bw="5" slack="0"/>
</pin_list>
<bind>
<opset="i_60 "/>
</bind>
</comp>

<comp id="322" class="1005" name="r_v_addr_19_reg_322">
<pin_list>
<pin id="323" dir="0" index="0" bw="5" slack="1"/>
<pin id="324" dir="1" index="1" bw="5" slack="1"/>
</pin_list>
<bind>
<opset="r_v_addr_19 "/>
</bind>
</comp>

<comp id="328" class="1005" name="r_v_addr_20_reg_328">
<pin_list>
<pin id="329" dir="0" index="0" bw="5" slack="1"/>
<pin id="330" dir="1" index="1" bw="5" slack="1"/>
</pin_list>
<bind>
<opset="r_v_addr_20 "/>
</bind>
</comp>

</comp_list>

<net_list>
<net id="51"><net_src comp="2" pin="0"/><net_sink comp="46" pin=0"/></net>

<net id="52"><net_src comp="16" pin="0"/><net_sink comp="46" pin=1"/></net>

<net id="57"><net_src comp="46" pin="3"/><net_sink comp="53" pin=0"/></net>

<net id="63"><net_src comp="4" pin="0"/><net_sink comp="58" pin=0"/></net>

<net id="64"><net_src comp="16" pin="0"/><net_sink comp="58" pin=1"/></net>

<net id="69"><net_src comp="58" pin="3"/><net_sink comp="65" pin=0"/></net>

<net id="75"><net_src comp="0" pin="0"/><net_sink comp="70" pin=0"/></net>

<net id="76"><net_src comp="16" pin="0"/><net_sink comp="70" pin=1"/></net>

<net id="77"><net_src comp="18" pin="0"/><net_sink comp="70" pin=2"/></net>

<net id="83"><net_src comp="0" pin="0"/><net_sink comp="78" pin=0"/></net>

<net id="84"><net_src comp="16" pin="0"/><net_sink comp="78" pin=1"/></net>

<net id="85"><net_src comp="16" pin="0"/><net_sink comp="78" pin=2"/></net>

<net id="91"><net_src comp="0" pin="0"/><net_sink comp="86" pin=0"/></net>

<net id="92"><net_src comp="16" pin="0"/><net_sink comp="86" pin=1"/></net>

<net id="97"><net_src comp="86" pin="3"/><net_sink comp="93" pin=0"/></net>

<net id="106"><net_src comp="0" pin="0"/><net_sink comp="101" pin=0"/></net>

<net id="107"><net_src comp="16" pin="0"/><net_sink comp="101" pin=1"/></net>

<net id="108"><net_src comp="101" pin="3"/><net_sink comp="93" pin=3"/></net>

<net id="114"><net_src comp="0" pin="0"/><net_sink comp="109" pin=0"/></net>

<net id="115"><net_src comp="16" pin="0"/><net_sink comp="109" pin=1"/></net>

<net id="116"><net_src comp="109" pin="3"/><net_sink comp="93" pin=0"/></net>

<net id="120"><net_src comp="6" pin="0"/><net_sink comp="117" pin=0"/></net>

<net id="127"><net_src comp="117" pin="1"/><net_sink comp="121" pin=0"/></net>

<net id="131"><net_src comp="20" pin="0"/><net_sink comp="128" pin=0"/></net>

<net id="138"><net_src comp="128" pin="1"/><net_sink comp="132" pin=0"/></net>

<net id="142"><net_src comp="36" pin="0"/><net_sink comp="139" pin=0"/></net>

<net id="149"><net_src comp="139" pin="1"/><net_sink comp="143" pin=0"/></net>

<net id="154"><net_src comp="121" pin="4"/><net_sink comp="150" pin=0"/></net>

<net id="155"><net_src comp="8" pin="0"/><net_sink comp="150" pin=1"/></net>

<net id="160"><net_src comp="121" pin="4"/><net_sink comp="156" pin=0"/></net>

<net id="161"><net_src comp="14" pin="0"/><net_sink comp="156" pin=1"/></net>

<net id="165"><net_src comp="121" pin="4"/><net_sink comp="162" pin=0"/></net>

<net id="166"><net_src comp="162" pin="1"/><net_sink comp="46" pin=2"/></net>

<net id="167"><net_src comp="162" pin="1"/><net_sink comp="58" pin=2"/></net>

<net id="172"><net_src comp="53" pin="2"/><net_sink comp="168" pin=0"/></net>

<net id="173"><net_src comp="65" pin="2"/><net_sink comp="168" pin=1"/></net>

<net id="174"><net_src comp="168" pin="2"/><net_sink comp="93" pin=1"/></net>

<net id="179"><net_src comp="132" pin="4"/><net_sink comp="175" pin=0"/></net>

<net id="180"><net_src comp="22" pin="0"/><net_sink comp="175" pin=1"/></net>

<net id="185"><net_src comp="132" pin="4"/><net_sink comp="181" pin=0"/></net>

<net id="186"><net_src comp="26" pin="0"/><net_sink comp="181" pin=1"/></net>

<net id="190"><net_src comp="93" pin="2"/><net_sink comp="187" pin=0"/></net>

<net id="197"><net_src comp="28" pin="0"/><net_sink comp="191" pin=0"/></net>

<net id="198"><net_src comp="93" pin="2"/><net_sink comp="191" pin=1"/></net>

<net id="199"><net_src comp="30" pin="0"/><net_sink comp="191" pin=2"/></net>

<net id="200"><net_src comp="32" pin="0"/><net_sink comp="191" pin=3"/></net>

<net id="204"><net_src comp="191" pin="4"/><net_sink comp="201" pin=0"/></net>

<net id="208"><net_src comp="187" pin="1"/><net_sink comp="205" pin=0"/></net>

<net id="209"><net_src comp="205" pin="1"/><net_sink comp="93" pin=4"/></net>

<net id="214"><net_src comp="143" pin="4"/><net_sink comp="210" pin=0"/></net>

<net id="215"><net_src comp="38" pin="0"/><net_sink comp="210" pin=1"/></net>

<net id="220"><net_src comp="143" pin="4"/><net_sink comp="216" pin=0"/></net>

<net id="221"><net_src comp="40" pin="0"/><net_sink comp="216" pin=1"/></net>

<net id="225"><net_src comp="143" pin="4"/><net_sink comp="222" pin=0"/></net>

<net id="226"><net_src comp="222" pin="1"/><net_sink comp="101" pin=2"/></net>

<net id="230"><net_src comp="216" pin="2"/><net_sink comp="227" pin=0"/></net>

<net id="231"><net_src comp="227" pin="1"/><net_sink comp="109" pin=2"/></net>

<net id="235"><net_src comp="93" pin="5"/><net_sink comp="232" pin=0"/></net>

<net id="242"><net_src comp="42" pin="0"/><net_sink comp="236" pin=0"/></net>

<net id="243"><net_src comp="93" pin="5"/><net_sink comp="236" pin=1"/></net>

<net id="244"><net_src comp="44" pin="0"/><net_sink comp="236" pin=2"/></net>

<net id="245"><net_src comp="32" pin="0"/><net_sink comp="236" pin=3"/></net>

<net id="249"><net_src comp="236" pin="4"/><net_sink comp="246" pin=0"/></net>

<net id="254"><net_src comp="246" pin="1"/><net_sink comp="250" pin=0"/></net>

<net id="255"><net_src comp="93" pin="2"/><net_sink comp="250" pin=1"/></net>

<net id="256"><net_src comp="250" pin="2"/><net_sink comp="93" pin=4"/></net>

<net id="260"><net_src comp="232" pin="1"/><net_sink comp="257" pin=0"/></net>

<net id="261"><net_src comp="257" pin="1"/><net_sink comp="93" pin=1"/></net>

<net id="267"><net_src comp="34" pin="0"/><net_sink comp="262" pin=0"/></net>

<net id="268"><net_src comp="201" pin="1"/><net_sink comp="262" pin=1"/></net>

<net id="269"><net_src comp="93" pin="5"/><net_sink comp="262" pin=2"/></net>

<net id="270"><net_src comp="262" pin="3"/><net_sink comp="93" pin=1"/></net>

<net id="277"><net_src comp="156" pin="2"/><net_sink comp="274" pin=0"/></net>

<net id="278"><net_src comp="274" pin="1"/><net_sink comp="121" pin=2"/></net>

<net id="282"><net_src comp="162" pin="1"/><net_sink comp="279" pin=0"/></net>

<net id="283"><net_src comp="279" pin="1"/><net_sink comp="86" pin=2"/></net>

<net id="287"><net_src comp="46" pin="3"/><net_sink comp="284" pin=0"/></net>

<net id="288"><net_src comp="284" pin="1"/><net_sink comp="53" pin=0"/></net>

<net id="292"><net_src comp="58" pin="3"/><net_sink comp="289" pin=0"/></net>

<net id="293"><net_src comp="289" pin="1"/><net_sink comp="65" pin=0"/></net>

<net id="297"><net_src comp="70" pin="3"/><net_sink comp="294" pin=0"/></net>

<net id="298"><net_src comp="294" pin="1"/><net_sink comp="93" pin=0"/></net>

<net id="299"><net_src comp="294" pin="1"/><net_sink comp="93" pin=3"/></net>

<net id="303"><net_src comp="78" pin="3"/><net_sink comp="300" pin=0"/></net>

<net id="304"><net_src comp="300" pin="1"/><net_sink comp="93" pin=3"/></net>

<net id="305"><net_src comp="300" pin="1"/><net_sink comp="93" pin=0"/></net>

<net id="312"><net_src comp="181" pin="2"/><net_sink comp="309" pin=0"/></net>

<net id="313"><net_src comp="309" pin="1"/><net_sink comp="132" pin=2"/></net>

<net id="320"><net_src comp="216" pin="2"/><net_sink comp="317" pin=0"/></net>

<net id="321"><net_src comp="317" pin="1"/><net_sink comp="143" pin=2"/></net>

<net id="325"><net_src comp="101" pin="3"/><net_sink comp="322" pin=0"/></net>

<net id="326"><net_src comp="322" pin="1"/><net_sink comp="93" pin=3"/></net>

<net id="327"><net_src comp="322" pin="1"/><net_sink comp="93" pin=0"/></net>

<net id="331"><net_src comp="109" pin="3"/><net_sink comp="328" pin=0"/></net>

<net id="332"><net_src comp="328" pin="1"/><net_sink comp="93" pin=0"/></net>

<net id="333"><net_src comp="328" pin="1"/><net_sink comp="93" pin=3"/></net>

</net_list>

</model> 
---------------- Datapath Model END ------------------

* FSMD analyzer results:
  - Output states:
	Port: r_v | {3 5 7 }
 - Input state : 
	Port: crypto_sign_ed25519_.12 : r_v | {4 5 6 7 }
	Port: crypto_sign_ed25519_.12 : x_v | {2 3 }
	Port: crypto_sign_ed25519_.12 : y_v | {2 3 }
  - Chain level:
	State 1
	State 2
		exitcond : 1
		i_59 : 1
		StgValue_13 : 2
		tmp : 1
		x_v_addr : 2
		x_v_load : 3
		y_v_addr : 2
		y_v_load : 3
	State 3
		tmp_s : 1
		StgValue_26 : 2
	State 4
		exitcond1_i : 1
		rep : 1
		StgValue_32 : 2
	State 5
		tmp_797 : 1
		tmp_777 : 1
		t_24_cast : 2
		tmp_i_cast : 2
		StgValue_41 : 3
		t : 3
		t_cast3 : 4
		tmp_i : 5
		StgValue_46 : 6
	State 6
		exitcond_i : 1
		i_60 : 1
		StgValue_52 : 2
		tmp_759_i : 1
		r_v_addr_19 : 2
		r_v_load_14 : 3
		tmp_760_i : 2
		r_v_addr_20 : 3
		r_v_load_15 : 4
	State 7
		tmp_798 : 1
		t_s : 1
		t_9 : 2
		tmp_761_i : 3
		StgValue_66 : 4
		tmp_762_i_cast : 2
		StgValue_68 : 3


============================================================
+ Verbose Summary: Datapath Resource usage 
============================================================

* Functional unit list:
|----------|-----------------------|---------|---------|---------|
| Operation|    Functional Unit    |  DSP48E |    FF   |   LUT   |
|----------|-----------------------|---------|---------|---------|
|          |      i_59_fu_156      |    0    |    0    |    15   |
|          |      tmp_s_fu_168     |    0    |    0    |    39   |
|    add   |       rep_fu_181      |    0    |    0    |    11   |
|          |      i_60_fu_216      |    0    |    0    |    15   |
|          |    tmp_761_i_fu_250   |    0    |    0    |    39   |
|----------|-----------------------|---------|---------|---------|
|          |    exitcond_fu_150    |    0    |    0    |    3    |
|   icmp   |   exitcond1_i_fu_175  |    0    |    0    |    1    |
|          |   exitcond_i_fu_210   |    0    |    0    |    2    |
|----------|-----------------------|---------|---------|---------|
|  muladd  |       grp_fu_262      |    1    |    0    |    0    |
|----------|-----------------------|---------|---------|---------|
|          |       tmp_fu_162      |    0    |    0    |    0    |
|          |    t_24_cast_fu_201   |    0    |    0    |    0    |
|          |   tmp_i_cast_fu_205   |    0    |    0    |    0    |
|   zext   |    tmp_759_i_fu_222   |    0    |    0    |    0    |
|          |    tmp_760_i_fu_227   |    0    |    0    |    0    |
|          |       t_9_fu_246      |    0    |    0    |    0    |
|          | tmp_762_i_cast_fu_257 |    0    |    0    |    0    |
|----------|-----------------------|---------|---------|---------|
|   trunc  |     tmp_797_fu_187    |    0    |    0    |    0    |
|          |     tmp_798_fu_232    |    0    |    0    |    0    |
|----------|-----------------------|---------|---------|---------|
|partselect|     tmp_777_fu_191    |    0    |    0    |    0    |
|          |       t_s_fu_236      |    0    |    0    |    0    |
|----------|-----------------------|---------|---------|---------|
|   Total  |                       |    1    |    0    |   125   |
|----------|-----------------------|---------|---------|---------|

Memories:
N/A

* Register list:
+-------------------+--------+
|                   |   FF   |
+-------------------+--------+
|    i_59_reg_274   |    6   |
|    i_60_reg_317   |    5   |
|    i_i_reg_139    |    5   |
|     i_reg_117     |    6   |
|r_v_addr_17_reg_294|    5   |
|r_v_addr_18_reg_300|    5   |
|r_v_addr_19_reg_322|    5   |
|r_v_addr_20_reg_328|    5   |
|   rep_i_reg_128   |    3   |
|    rep_reg_309    |    3   |
|    tmp_reg_279    |   64   |
|  x_v_addr_reg_284 |    5   |
|  y_v_addr_reg_289 |    5   |
+-------------------+--------+
|       Total       |   122  |
+-------------------+--------+

* Multiplexer (MUX) list: 
|------------------|------|------|------|--------||---------||---------|
|       Comp       |  Pin | Size |  BW  | S x BW ||  Delay  ||   LUT   |
|------------------|------|------|------|--------||---------||---------|
| grp_access_fu_53 |  p0  |   2  |   5  |   10   ||    9    |
| grp_access_fu_65 |  p0  |   2  |   5  |   10   ||    9    |
| grp_access_fu_93 |  p0  |   6  |   5  |   30   ||    33   |
| grp_access_fu_93 |  p1  |   3  |  32  |   96   ||    15   |
| grp_access_fu_93 |  p3  |   5  |   5  |   25   ||    27   |
| grp_access_fu_93 |  p4  |   2  |  32  |   64   ||    9    |
|------------------|------|------|------|--------||---------||---------|
|       Total      |      |      |      |   235  ||  4.086  ||   102   |
|------------------|------|------|------|--------||---------||---------|



* Summary:
+-----------+--------+--------+--------+--------+
|           | DSP48E |  Delay |   FF   |   LUT  |
+-----------+--------+--------+--------+--------+
|  Function |    1   |    -   |    0   |   125  |
|   Memory  |    -   |    -   |    -   |    -   |
|Multiplexer|    -   |    4   |    -   |   102  |
|  Register |    -   |    -   |   122  |    -   |
+-----------+--------+--------+--------+--------+
|   Total   |    1   |    4   |   122  |   227  |
+-----------+--------+--------+--------+--------+
