

================================================================
== Vivado HLS Report for 'crypto_sign_ed25519_19'
================================================================
* Date:           Sat Jun  3 22:30:13 2017

* Version:        2017.1 (Build 1846317 on Fri Apr 14 19:19:38 MDT 2017)
* Project:        ed25519_ref
* Solution:       solution1
* Product family: zynquplus
* Target device:  xczu9eg-ffvb1156-2-i


================================================================
== Performance Estimates
================================================================
+ Timing (ns): 
    * Summary: 
    +--------+-------+----------+------------+
    |  Clock | Target| Estimated| Uncertainty|
    +--------+-------+----------+------------+
    |ap_clk  |  10.00|      8.03|        1.25|
    +--------+-------+----------+------------+

+ Latency (clock cycles): 
    * Summary: 
    +--------+--------+--------+--------+---------+
    |     Latency     |     Interval    | Pipeline|
    |   min  |   max  |   min  |   max  |   Type  |
    +--------+--------+--------+--------+---------+
    |  917164|  917164|  917164|  917164|   none  |
    +--------+--------+--------+--------+---------+

    + Detail: 
        * Instance: 
        +-----------------------------------+------------------------+------+------+------+------+---------+
        |                                   |                        |   Latency   |   Interval  | Pipeline|
        |              Instance             |         Module         |  min |  max |  min |  max |   Type  |
        +-----------------------------------+------------------------+------+------+------+------+---------+
        |grp_crypto_sign_ed25519_10_fu_142  |crypto_sign_ed25519_10  |  3459|  3459|  3459|  3459|   none  |
        |grp_crypto_sign_ed25519_18_fu_150  |crypto_sign_ed25519_18  |  3459|  3459|  3459|  3459|   none  |
        +-----------------------------------+------------------------+------+------+------+------+---------+

        * Loop: 
        +----------+--------+--------+----------+-----------+-----------+------+----------+
        |          |     Latency     | Iteration|  Initiation Interval  | Trip |          |
        | Loop Name|   min  |   max  |  Latency |  achieved |   target  | Count| Pipelined|
        +----------+--------+--------+----------+-----------+-----------+------+----------+
        |- Loop 1  |   27688|   27688|      6922|          -|          -|     4|    no    |
        |- Loop 2  |   62298|   62298|      6922|          -|          -|     9|    no    |
        |- Loop 3  |   27688|   27688|      6922|          -|          -|     4|    no    |
        |- Loop 4  |  166128|  166128|      6922|          -|          -|    24|    no    |
        |- Loop 5  |  339178|  339178|      6922|          -|          -|    49|    no    |
        |- Loop 6  |  166128|  166128|      6922|          -|          -|    24|    no    |
        +----------+--------+--------+----------+-----------+-----------+------+----------+

============================================================
+ Verbose Summary: Synthesis Manager
============================================================
InlineROM: 1
ExposeGlobal: 0
============================================================
+ Verbose Summary: CDFG Model
============================================================
IsTopModel: 0
ResetActiveHigh: 1
IsCombinational: 0
IsDatapathOnly: 0
HasWiredReturn: 1
HasMFsm: 0
HasVarLatency: 1
IsPipeline: 0
IsRtlPipelined: 0
IsInstanceOverlapped: 0
IsDontTouch: 0
HasImplIP: 0
IsGatedGlobalClock: 0


============================================================
+ Verbose Summary: Schedule
============================================================
* Number of FSM states: 92
* Pipeline: 0
* Dataflow Pipeline: 0

* FSM state transitions: 
1 --> 
	2  / true
2 --> 
	3  / true
3 --> 
	4  / true
4 --> 
	5  / true
5 --> 
	6  / true
6 --> 
	7  / true
7 --> 
	8  / true
8 --> 
	9  / true
9 --> 
	10  / true
10 --> 
	11  / true
11 --> 
	12  / true
12 --> 
	13  / true
13 --> 
	14  / true
14 --> 
	15  / true
15 --> 
	16  / true
16 --> 
	17  / true
17 --> 
	18  / true
18 --> 
	19  / true
19 --> 
	20  / true
20 --> 
	21  / true
21 --> 
	22  / true
22 --> 
	23  / true
23 --> 
	24  / true
24 --> 
	25  / true
25 --> 
	26  / true
26 --> 
	27  / true
27 --> 
	28  / true
28 --> 
	29  / true
29 --> 
	30  / true
30 --> 
	31  / true
31 --> 
	32  / (tmp)
	35  / (!tmp)
32 --> 
	33  / true
33 --> 
	34  / true
34 --> 
	31  / true
35 --> 
	36  / true
36 --> 
	37  / true
37 --> 
	38  / true
38 --> 
	39  / true
39 --> 
	40  / true
40 --> 
	41  / (tmp_s)
	44  / (!tmp_s)
41 --> 
	42  / true
42 --> 
	43  / true
43 --> 
	40  / true
44 --> 
	45  / true
45 --> 
	46  / true
46 --> 
	47  / true
47 --> 
	48  / true
48 --> 
	49  / true
49 --> 
	50  / (tmp_757)
	53  / (!tmp_757)
50 --> 
	51  / true
51 --> 
	52  / true
52 --> 
	49  / true
53 --> 
	54  / true
54 --> 
	55  / true
55 --> 
	56  / true
56 --> 
	57  / true
57 --> 
	58  / true
58 --> 
	59  / (tmp_758)
	62  / (!tmp_758)
59 --> 
	60  / true
60 --> 
	61  / true
61 --> 
	58  / true
62 --> 
	63  / true
63 --> 
	64  / true
64 --> 
	65  / true
65 --> 
	66  / true
66 --> 
	67  / true
67 --> 
	68  / (tmp_759)
	71  / (!tmp_759)
68 --> 
	69  / true
69 --> 
	70  / true
70 --> 
	67  / true
71 --> 
	72  / true
72 --> 
	73  / true
73 --> 
	74  / true
74 --> 
	75  / true
75 --> 
	76  / true
76 --> 
	77  / (tmp_760)
	80  / (!tmp_760)
77 --> 
	78  / true
78 --> 
	79  / true
79 --> 
	76  / true
80 --> 
	81  / true
81 --> 
	82  / true
82 --> 
	83  / true
83 --> 
	84  / true
84 --> 
	85  / true
85 --> 
	86  / true
86 --> 
	87  / true
87 --> 
	88  / true
88 --> 
	89  / true
89 --> 
	90  / true
90 --> 
	91  / true
91 --> 
	92  / true
92 --> 
* FSM state operations: 

 <State 1>: 3.89ns
ST_1: z2_v (3)  [1/1] 1.24ns  loc: ed25519_ref/src/fe25519.c:210
:0  %z2_v = alloca [32 x i32], align 4

ST_1: z9_v (4)  [1/1] 1.24ns  loc: ed25519_ref/src/fe25519.c:211
:1  %z9_v = alloca [32 x i32], align 4

ST_1: z11_v (5)  [1/1] 1.24ns  loc: ed25519_ref/src/fe25519.c:212
:2  %z11_v = alloca [32 x i32], align 4

ST_1: z2_5_0_v (6)  [1/1] 1.24ns  loc: ed25519_ref/src/fe25519.c:213
:3  %z2_5_0_v = alloca [32 x i32], align 4

ST_1: z2_10_0_v (7)  [1/1] 1.24ns  loc: ed25519_ref/src/fe25519.c:214
:4  %z2_10_0_v = alloca [32 x i32], align 4

ST_1: z2_20_0_v (8)  [1/1] 1.24ns  loc: ed25519_ref/src/fe25519.c:215
:5  %z2_20_0_v = alloca [32 x i32], align 4

ST_1: z2_50_0_v (9)  [1/1] 1.24ns  loc: ed25519_ref/src/fe25519.c:216
:6  %z2_50_0_v = alloca [32 x i32], align 4

ST_1: z2_100_0_v (10)  [1/1] 1.24ns  loc: ed25519_ref/src/fe25519.c:217
:7  %z2_100_0_v = alloca [32 x i32], align 4

ST_1: t0_v (11)  [1/1] 1.24ns  loc: ed25519_ref/src/fe25519.c:218
:8  %t0_v = alloca [32 x i32], align 4

ST_1: t1_v (12)  [1/1] 1.24ns  loc: ed25519_ref/src/fe25519.c:219
:9  %t1_v = alloca [32 x i32], align 4

ST_1: StgValue_103 (13)  [2/2] 2.65ns
:10  call fastcc void @crypto_sign_ed25519_.10([32 x i32]* %z2_v, [32 x i32]* %x_v)


 <State 2>: 0.00ns
ST_2: StgValue_104 (13)  [1/2] 0.00ns
:10  call fastcc void @crypto_sign_ed25519_.10([32 x i32]* %z2_v, [32 x i32]* %x_v)


 <State 3>: 2.65ns
ST_3: StgValue_105 (14)  [2/2] 2.65ns
:11  call fastcc void @crypto_sign_ed25519_.10([32 x i32]* %t1_v, [32 x i32]* %z2_v)


 <State 4>: 0.00ns
ST_4: StgValue_106 (14)  [1/2] 0.00ns
:11  call fastcc void @crypto_sign_ed25519_.10([32 x i32]* %t1_v, [32 x i32]* %z2_v)


 <State 5>: 2.65ns
ST_5: StgValue_107 (15)  [2/2] 2.65ns
:12  call fastcc void @crypto_sign_ed25519_.10([32 x i32]* %t0_v, [32 x i32]* %t1_v)


 <State 6>: 0.00ns
ST_6: StgValue_108 (15)  [1/2] 0.00ns
:12  call fastcc void @crypto_sign_ed25519_.10([32 x i32]* %t0_v, [32 x i32]* %t1_v)


 <State 7>: 1.33ns
ST_7: StgValue_109 (16)  [2/2] 1.33ns
:13  call fastcc void @crypto_sign_ed25519_.18([32 x i32]* %z9_v, [32 x i32]* %t0_v, [32 x i32]* %x_v)


 <State 8>: 0.00ns
ST_8: StgValue_110 (16)  [1/2] 0.00ns
:13  call fastcc void @crypto_sign_ed25519_.18([32 x i32]* %z9_v, [32 x i32]* %t0_v, [32 x i32]* %x_v)


 <State 9>: 1.33ns
ST_9: StgValue_111 (17)  [2/2] 1.33ns
:14  call fastcc void @crypto_sign_ed25519_.18([32 x i32]* %z11_v, [32 x i32]* %z9_v, [32 x i32]* %z2_v)


 <State 10>: 0.00ns
ST_10: StgValue_112 (17)  [1/2] 0.00ns
:14  call fastcc void @crypto_sign_ed25519_.18([32 x i32]* %z11_v, [32 x i32]* %z9_v, [32 x i32]* %z2_v)


 <State 11>: 2.65ns
ST_11: StgValue_113 (18)  [2/2] 2.65ns
:15  call fastcc void @crypto_sign_ed25519_.10([32 x i32]* %t0_v, [32 x i32]* %z11_v)


 <State 12>: 0.00ns
ST_12: StgValue_114 (18)  [1/2] 0.00ns
:15  call fastcc void @crypto_sign_ed25519_.10([32 x i32]* %t0_v, [32 x i32]* %z11_v)


 <State 13>: 1.33ns
ST_13: StgValue_115 (19)  [2/2] 1.33ns
:16  call fastcc void @crypto_sign_ed25519_.18([32 x i32]* %z2_5_0_v, [32 x i32]* %t0_v, [32 x i32]* %z9_v)


 <State 14>: 0.00ns
ST_14: StgValue_116 (19)  [1/2] 0.00ns
:16  call fastcc void @crypto_sign_ed25519_.18([32 x i32]* %z2_5_0_v, [32 x i32]* %t0_v, [32 x i32]* %z9_v)


 <State 15>: 2.65ns
ST_15: StgValue_117 (20)  [2/2] 2.65ns
:17  call fastcc void @crypto_sign_ed25519_.10([32 x i32]* %t0_v, [32 x i32]* %z2_5_0_v)


 <State 16>: 0.00ns
ST_16: StgValue_118 (20)  [1/2] 0.00ns
:17  call fastcc void @crypto_sign_ed25519_.10([32 x i32]* %t0_v, [32 x i32]* %z2_5_0_v)


 <State 17>: 2.65ns
ST_17: StgValue_119 (21)  [2/2] 2.65ns
:18  call fastcc void @crypto_sign_ed25519_.10([32 x i32]* %t1_v, [32 x i32]* %t0_v)


 <State 18>: 0.00ns
ST_18: StgValue_120 (21)  [1/2] 0.00ns
:18  call fastcc void @crypto_sign_ed25519_.10([32 x i32]* %t1_v, [32 x i32]* %t0_v)


 <State 19>: 2.65ns
ST_19: StgValue_121 (22)  [2/2] 2.65ns
:19  call fastcc void @crypto_sign_ed25519_.10([32 x i32]* %t0_v, [32 x i32]* %t1_v)


 <State 20>: 0.00ns
ST_20: StgValue_122 (22)  [1/2] 0.00ns
:19  call fastcc void @crypto_sign_ed25519_.10([32 x i32]* %t0_v, [32 x i32]* %t1_v)


 <State 21>: 2.65ns
ST_21: StgValue_123 (23)  [2/2] 2.65ns
:20  call fastcc void @crypto_sign_ed25519_.10([32 x i32]* %t1_v, [32 x i32]* %t0_v)


 <State 22>: 0.00ns
ST_22: StgValue_124 (23)  [1/2] 0.00ns
:20  call fastcc void @crypto_sign_ed25519_.10([32 x i32]* %t1_v, [32 x i32]* %t0_v)


 <State 23>: 2.65ns
ST_23: StgValue_125 (24)  [2/2] 2.65ns
:21  call fastcc void @crypto_sign_ed25519_.10([32 x i32]* %t0_v, [32 x i32]* %t1_v)


 <State 24>: 0.00ns
ST_24: StgValue_126 (24)  [1/2] 0.00ns
:21  call fastcc void @crypto_sign_ed25519_.10([32 x i32]* %t0_v, [32 x i32]* %t1_v)


 <State 25>: 1.33ns
ST_25: StgValue_127 (25)  [2/2] 1.33ns
:22  call fastcc void @crypto_sign_ed25519_.18([32 x i32]* %z2_10_0_v, [32 x i32]* %t0_v, [32 x i32]* %z2_5_0_v)


 <State 26>: 0.00ns
ST_26: StgValue_128 (25)  [1/2] 0.00ns
:22  call fastcc void @crypto_sign_ed25519_.18([32 x i32]* %z2_10_0_v, [32 x i32]* %t0_v, [32 x i32]* %z2_5_0_v)


 <State 27>: 2.65ns
ST_27: StgValue_129 (26)  [2/2] 2.65ns
:23  call fastcc void @crypto_sign_ed25519_.10([32 x i32]* %t0_v, [32 x i32]* %z2_10_0_v)


 <State 28>: 0.00ns
ST_28: StgValue_130 (26)  [1/2] 0.00ns
:23  call fastcc void @crypto_sign_ed25519_.10([32 x i32]* %t0_v, [32 x i32]* %z2_10_0_v)


 <State 29>: 2.65ns
ST_29: StgValue_131 (27)  [2/2] 2.65ns
:24  call fastcc void @crypto_sign_ed25519_.10([32 x i32]* %t1_v, [32 x i32]* %t0_v)


 <State 30>: 0.66ns
ST_30: StgValue_132 (27)  [1/2] 0.00ns
:24  call fastcc void @crypto_sign_ed25519_.10([32 x i32]* %t1_v, [32 x i32]* %t0_v)

ST_30: StgValue_133 (28)  [1/1] 0.66ns  loc: ed25519_ref/src/fe25519.c:239
:25  br label %1


 <State 31>: 2.65ns
ST_31: i (30)  [1/1] 0.00ns
:0  %i = phi i4 [ 2, %0 ], [ %i_31, %2 ]

ST_31: tmp (31)  [1/1] 0.44ns  loc: ed25519_ref/src/fe25519.c:239
:1  %tmp = icmp ult i4 %i, -6

ST_31: empty (32)  [1/1] 0.00ns
:2  %empty = call i32 (...)* @_ssdm_op_SpecLoopTripCount(i64 4, i64 4, i64 4)

ST_31: StgValue_137 (33)  [1/1] 0.00ns  loc: ed25519_ref/src/fe25519.c:239
:3  br i1 %tmp, label %2, label %3

ST_31: StgValue_138 (35)  [2/2] 2.65ns
:0  call fastcc void @crypto_sign_ed25519_.10([32 x i32]* %t0_v, [32 x i32]* %t1_v)

ST_31: i_31 (37)  [1/1] 1.12ns  loc: ed25519_ref/src/fe25519.c:239
:2  %i_31 = add i4 %i, 2

ST_31: StgValue_140 (40)  [2/2] 1.33ns
:0  call fastcc void @crypto_sign_ed25519_.18([32 x i32]* %z2_20_0_v, [32 x i32]* %t1_v, [32 x i32]* %z2_10_0_v)


 <State 32>: 0.00ns
ST_32: StgValue_141 (35)  [1/2] 0.00ns
:0  call fastcc void @crypto_sign_ed25519_.10([32 x i32]* %t0_v, [32 x i32]* %t1_v)


 <State 33>: 2.65ns
ST_33: StgValue_142 (36)  [2/2] 2.65ns
:1  call fastcc void @crypto_sign_ed25519_.10([32 x i32]* %t1_v, [32 x i32]* %t0_v)


 <State 34>: 0.00ns
ST_34: StgValue_143 (36)  [1/2] 0.00ns
:1  call fastcc void @crypto_sign_ed25519_.10([32 x i32]* %t1_v, [32 x i32]* %t0_v)

ST_34: StgValue_144 (38)  [1/1] 0.00ns  loc: ed25519_ref/src/fe25519.c:239
:3  br label %1


 <State 35>: 0.00ns
ST_35: StgValue_145 (40)  [1/2] 0.00ns
:0  call fastcc void @crypto_sign_ed25519_.18([32 x i32]* %z2_20_0_v, [32 x i32]* %t1_v, [32 x i32]* %z2_10_0_v)


 <State 36>: 2.65ns
ST_36: StgValue_146 (41)  [2/2] 2.65ns
:1  call fastcc void @crypto_sign_ed25519_.10([32 x i32]* %t0_v, [32 x i32]* %z2_20_0_v)


 <State 37>: 0.00ns
ST_37: StgValue_147 (41)  [1/2] 0.00ns
:1  call fastcc void @crypto_sign_ed25519_.10([32 x i32]* %t0_v, [32 x i32]* %z2_20_0_v)


 <State 38>: 2.65ns
ST_38: StgValue_148 (42)  [2/2] 2.65ns
:2  call fastcc void @crypto_sign_ed25519_.10([32 x i32]* %t1_v, [32 x i32]* %t0_v)


 <State 39>: 0.66ns
ST_39: StgValue_149 (42)  [1/2] 0.00ns
:2  call fastcc void @crypto_sign_ed25519_.10([32 x i32]* %t1_v, [32 x i32]* %t0_v)

ST_39: StgValue_150 (43)  [1/1] 0.66ns  loc: ed25519_ref/src/fe25519.c:244
:3  br label %4


 <State 40>: 2.65ns
ST_40: i_1 (45)  [1/1] 0.00ns
:0  %i_1 = phi i5 [ 2, %3 ], [ %i_32, %5 ]

ST_40: tmp_s (46)  [1/1] 0.39ns  loc: ed25519_ref/src/fe25519.c:244
:1  %tmp_s = icmp ult i5 %i_1, -12

ST_40: empty_50 (47)  [1/1] 0.00ns
:2  %empty_50 = call i32 (...)* @_ssdm_op_SpecLoopTripCount(i64 9, i64 9, i64 9)

ST_40: StgValue_154 (48)  [1/1] 0.00ns  loc: ed25519_ref/src/fe25519.c:244
:3  br i1 %tmp_s, label %5, label %6

ST_40: StgValue_155 (50)  [2/2] 2.65ns
:0  call fastcc void @crypto_sign_ed25519_.10([32 x i32]* %t0_v, [32 x i32]* %t1_v)

ST_40: i_32 (52)  [1/1] 1.12ns  loc: ed25519_ref/src/fe25519.c:244
:2  %i_32 = add i5 %i_1, 2

ST_40: StgValue_157 (55)  [2/2] 1.33ns
:0  call fastcc void @crypto_sign_ed25519_.18([32 x i32]* %t0_v, [32 x i32]* %t1_v, [32 x i32]* %z2_20_0_v)


 <State 41>: 0.00ns
ST_41: StgValue_158 (50)  [1/2] 0.00ns
:0  call fastcc void @crypto_sign_ed25519_.10([32 x i32]* %t0_v, [32 x i32]* %t1_v)


 <State 42>: 2.65ns
ST_42: StgValue_159 (51)  [2/2] 2.65ns
:1  call fastcc void @crypto_sign_ed25519_.10([32 x i32]* %t1_v, [32 x i32]* %t0_v)


 <State 43>: 0.00ns
ST_43: StgValue_160 (51)  [1/2] 0.00ns
:1  call fastcc void @crypto_sign_ed25519_.10([32 x i32]* %t1_v, [32 x i32]* %t0_v)

ST_43: StgValue_161 (53)  [1/1] 0.00ns  loc: ed25519_ref/src/fe25519.c:244
:3  br label %4


 <State 44>: 0.00ns
ST_44: StgValue_162 (55)  [1/2] 0.00ns
:0  call fastcc void @crypto_sign_ed25519_.18([32 x i32]* %t0_v, [32 x i32]* %t1_v, [32 x i32]* %z2_20_0_v)


 <State 45>: 2.65ns
ST_45: StgValue_163 (56)  [2/2] 2.65ns
:1  call fastcc void @crypto_sign_ed25519_.10([32 x i32]* %t1_v, [32 x i32]* %t0_v)


 <State 46>: 0.00ns
ST_46: StgValue_164 (56)  [1/2] 0.00ns
:1  call fastcc void @crypto_sign_ed25519_.10([32 x i32]* %t1_v, [32 x i32]* %t0_v)


 <State 47>: 2.65ns
ST_47: StgValue_165 (57)  [2/2] 2.65ns
:2  call fastcc void @crypto_sign_ed25519_.10([32 x i32]* %t0_v, [32 x i32]* %t1_v)


 <State 48>: 0.66ns
ST_48: StgValue_166 (57)  [1/2] 0.00ns
:2  call fastcc void @crypto_sign_ed25519_.10([32 x i32]* %t0_v, [32 x i32]* %t1_v)

ST_48: StgValue_167 (58)  [1/1] 0.66ns  loc: ed25519_ref/src/fe25519.c:249
:3  br label %7


 <State 49>: 2.65ns
ST_49: i_2 (60)  [1/1] 0.00ns
:0  %i_2 = phi i4 [ 2, %6 ], [ %i_33, %8 ]

ST_49: tmp_757 (61)  [1/1] 0.44ns  loc: ed25519_ref/src/fe25519.c:249
:1  %tmp_757 = icmp ult i4 %i_2, -6

ST_49: empty_51 (62)  [1/1] 0.00ns
:2  %empty_51 = call i32 (...)* @_ssdm_op_SpecLoopTripCount(i64 4, i64 4, i64 4)

ST_49: StgValue_171 (63)  [1/1] 0.00ns  loc: ed25519_ref/src/fe25519.c:249
:3  br i1 %tmp_757, label %8, label %9

ST_49: StgValue_172 (65)  [2/2] 2.65ns
:0  call fastcc void @crypto_sign_ed25519_.10([32 x i32]* %t1_v, [32 x i32]* %t0_v)

ST_49: i_33 (67)  [1/1] 1.12ns  loc: ed25519_ref/src/fe25519.c:249
:2  %i_33 = add i4 %i_2, 2

ST_49: StgValue_174 (70)  [2/2] 1.33ns
:0  call fastcc void @crypto_sign_ed25519_.18([32 x i32]* %z2_50_0_v, [32 x i32]* %t0_v, [32 x i32]* %z2_10_0_v)


 <State 50>: 0.00ns
ST_50: StgValue_175 (65)  [1/2] 0.00ns
:0  call fastcc void @crypto_sign_ed25519_.10([32 x i32]* %t1_v, [32 x i32]* %t0_v)


 <State 51>: 2.65ns
ST_51: StgValue_176 (66)  [2/2] 2.65ns
:1  call fastcc void @crypto_sign_ed25519_.10([32 x i32]* %t0_v, [32 x i32]* %t1_v)


 <State 52>: 0.00ns
ST_52: StgValue_177 (66)  [1/2] 0.00ns
:1  call fastcc void @crypto_sign_ed25519_.10([32 x i32]* %t0_v, [32 x i32]* %t1_v)

ST_52: StgValue_178 (68)  [1/1] 0.00ns  loc: ed25519_ref/src/fe25519.c:249
:3  br label %7


 <State 53>: 0.00ns
ST_53: StgValue_179 (70)  [1/2] 0.00ns
:0  call fastcc void @crypto_sign_ed25519_.18([32 x i32]* %z2_50_0_v, [32 x i32]* %t0_v, [32 x i32]* %z2_10_0_v)


 <State 54>: 2.65ns
ST_54: StgValue_180 (71)  [2/2] 2.65ns
:1  call fastcc void @crypto_sign_ed25519_.10([32 x i32]* %t0_v, [32 x i32]* %z2_50_0_v)


 <State 55>: 0.00ns
ST_55: StgValue_181 (71)  [1/2] 0.00ns
:1  call fastcc void @crypto_sign_ed25519_.10([32 x i32]* %t0_v, [32 x i32]* %z2_50_0_v)


 <State 56>: 2.65ns
ST_56: StgValue_182 (72)  [2/2] 2.65ns
:2  call fastcc void @crypto_sign_ed25519_.10([32 x i32]* %t1_v, [32 x i32]* %t0_v)


 <State 57>: 0.66ns
ST_57: StgValue_183 (72)  [1/2] 0.00ns
:2  call fastcc void @crypto_sign_ed25519_.10([32 x i32]* %t1_v, [32 x i32]* %t0_v)

ST_57: StgValue_184 (73)  [1/1] 0.66ns  loc: ed25519_ref/src/fe25519.c:254
:3  br label %10


 <State 58>: 2.65ns
ST_58: i_3 (75)  [1/1] 0.00ns
:0  %i_3 = phi i6 [ 2, %9 ], [ %i_34, %11 ]

ST_58: tmp_758 (76)  [1/1] 0.71ns  loc: ed25519_ref/src/fe25519.c:254
:1  %tmp_758 = icmp ult i6 %i_3, -14

ST_58: empty_52 (77)  [1/1] 0.00ns
:2  %empty_52 = call i32 (...)* @_ssdm_op_SpecLoopTripCount(i64 24, i64 24, i64 24)

ST_58: StgValue_188 (78)  [1/1] 0.00ns  loc: ed25519_ref/src/fe25519.c:254
:3  br i1 %tmp_758, label %11, label %12

ST_58: StgValue_189 (80)  [2/2] 2.65ns
:0  call fastcc void @crypto_sign_ed25519_.10([32 x i32]* %t0_v, [32 x i32]* %t1_v)

ST_58: i_34 (82)  [1/1] 1.11ns  loc: ed25519_ref/src/fe25519.c:254
:2  %i_34 = add i6 %i_3, 2

ST_58: StgValue_191 (85)  [2/2] 1.33ns
:0  call fastcc void @crypto_sign_ed25519_.18([32 x i32]* %z2_100_0_v, [32 x i32]* %t1_v, [32 x i32]* %z2_50_0_v)


 <State 59>: 0.00ns
ST_59: StgValue_192 (80)  [1/2] 0.00ns
:0  call fastcc void @crypto_sign_ed25519_.10([32 x i32]* %t0_v, [32 x i32]* %t1_v)


 <State 60>: 2.65ns
ST_60: StgValue_193 (81)  [2/2] 2.65ns
:1  call fastcc void @crypto_sign_ed25519_.10([32 x i32]* %t1_v, [32 x i32]* %t0_v)


 <State 61>: 0.00ns
ST_61: StgValue_194 (81)  [1/2] 0.00ns
:1  call fastcc void @crypto_sign_ed25519_.10([32 x i32]* %t1_v, [32 x i32]* %t0_v)

ST_61: StgValue_195 (83)  [1/1] 0.00ns  loc: ed25519_ref/src/fe25519.c:254
:3  br label %10


 <State 62>: 0.00ns
ST_62: StgValue_196 (85)  [1/2] 0.00ns
:0  call fastcc void @crypto_sign_ed25519_.18([32 x i32]* %z2_100_0_v, [32 x i32]* %t1_v, [32 x i32]* %z2_50_0_v)


 <State 63>: 2.65ns
ST_63: StgValue_197 (86)  [2/2] 2.65ns
:1  call fastcc void @crypto_sign_ed25519_.10([32 x i32]* %t1_v, [32 x i32]* %z2_100_0_v)


 <State 64>: 0.00ns
ST_64: StgValue_198 (86)  [1/2] 0.00ns
:1  call fastcc void @crypto_sign_ed25519_.10([32 x i32]* %t1_v, [32 x i32]* %z2_100_0_v)


 <State 65>: 2.65ns
ST_65: StgValue_199 (87)  [2/2] 2.65ns
:2  call fastcc void @crypto_sign_ed25519_.10([32 x i32]* %t0_v, [32 x i32]* %t1_v)


 <State 66>: 0.66ns
ST_66: StgValue_200 (87)  [1/2] 0.00ns
:2  call fastcc void @crypto_sign_ed25519_.10([32 x i32]* %t0_v, [32 x i32]* %t1_v)

ST_66: StgValue_201 (88)  [1/1] 0.66ns  loc: ed25519_ref/src/fe25519.c:259
:3  br label %13


 <State 67>: 2.65ns
ST_67: i_4 (90)  [1/1] 0.00ns
:0  %i_4 = phi i7 [ 2, %12 ], [ %i_35, %14 ]

ST_67: tmp_759 (91)  [1/1] 0.56ns  loc: ed25519_ref/src/fe25519.c:259
:1  %tmp_759 = icmp ult i7 %i_4, -28

ST_67: empty_53 (92)  [1/1] 0.00ns
:2  %empty_53 = call i32 (...)* @_ssdm_op_SpecLoopTripCount(i64 49, i64 49, i64 49)

ST_67: StgValue_205 (93)  [1/1] 0.00ns  loc: ed25519_ref/src/fe25519.c:259
:3  br i1 %tmp_759, label %14, label %15

ST_67: StgValue_206 (95)  [2/2] 2.65ns
:0  call fastcc void @crypto_sign_ed25519_.10([32 x i32]* %t1_v, [32 x i32]* %t0_v)

ST_67: i_35 (97)  [1/1] 1.10ns  loc: ed25519_ref/src/fe25519.c:259
:2  %i_35 = add i7 %i_4, 2

ST_67: StgValue_208 (100)  [2/2] 1.33ns
:0  call fastcc void @crypto_sign_ed25519_.18([32 x i32]* %t1_v, [32 x i32]* %t0_v, [32 x i32]* %z2_100_0_v)


 <State 68>: 0.00ns
ST_68: StgValue_209 (95)  [1/2] 0.00ns
:0  call fastcc void @crypto_sign_ed25519_.10([32 x i32]* %t1_v, [32 x i32]* %t0_v)


 <State 69>: 2.65ns
ST_69: StgValue_210 (96)  [2/2] 2.65ns
:1  call fastcc void @crypto_sign_ed25519_.10([32 x i32]* %t0_v, [32 x i32]* %t1_v)


 <State 70>: 0.00ns
ST_70: StgValue_211 (96)  [1/2] 0.00ns
:1  call fastcc void @crypto_sign_ed25519_.10([32 x i32]* %t0_v, [32 x i32]* %t1_v)

ST_70: StgValue_212 (98)  [1/1] 0.00ns  loc: ed25519_ref/src/fe25519.c:259
:3  br label %13


 <State 71>: 0.00ns
ST_71: StgValue_213 (100)  [1/2] 0.00ns
:0  call fastcc void @crypto_sign_ed25519_.18([32 x i32]* %t1_v, [32 x i32]* %t0_v, [32 x i32]* %z2_100_0_v)


 <State 72>: 2.65ns
ST_72: StgValue_214 (101)  [2/2] 2.65ns
:1  call fastcc void @crypto_sign_ed25519_.10([32 x i32]* %t0_v, [32 x i32]* %t1_v)


 <State 73>: 0.00ns
ST_73: StgValue_215 (101)  [1/2] 0.00ns
:1  call fastcc void @crypto_sign_ed25519_.10([32 x i32]* %t0_v, [32 x i32]* %t1_v)


 <State 74>: 2.65ns
ST_74: StgValue_216 (102)  [2/2] 2.65ns
:2  call fastcc void @crypto_sign_ed25519_.10([32 x i32]* %t1_v, [32 x i32]* %t0_v)


 <State 75>: 0.66ns
ST_75: StgValue_217 (102)  [1/2] 0.00ns
:2  call fastcc void @crypto_sign_ed25519_.10([32 x i32]* %t1_v, [32 x i32]* %t0_v)

ST_75: StgValue_218 (103)  [1/1] 0.66ns  loc: ed25519_ref/src/fe25519.c:264
:3  br label %16


 <State 76>: 2.65ns
ST_76: i_5 (105)  [1/1] 0.00ns
:0  %i_5 = phi i6 [ 2, %15 ], [ %i_36, %17 ]

ST_76: tmp_760 (106)  [1/1] 0.71ns  loc: ed25519_ref/src/fe25519.c:264
:1  %tmp_760 = icmp ult i6 %i_5, -14

ST_76: empty_54 (107)  [1/1] 0.00ns
:2  %empty_54 = call i32 (...)* @_ssdm_op_SpecLoopTripCount(i64 24, i64 24, i64 24)

ST_76: StgValue_222 (108)  [1/1] 0.00ns  loc: ed25519_ref/src/fe25519.c:264
:3  br i1 %tmp_760, label %17, label %18

ST_76: StgValue_223 (110)  [2/2] 2.65ns
:0  call fastcc void @crypto_sign_ed25519_.10([32 x i32]* %t0_v, [32 x i32]* %t1_v)

ST_76: i_36 (112)  [1/1] 1.11ns  loc: ed25519_ref/src/fe25519.c:264
:2  %i_36 = add i6 %i_5, 2

ST_76: StgValue_225 (115)  [2/2] 1.33ns
:0  call fastcc void @crypto_sign_ed25519_.18([32 x i32]* %t0_v, [32 x i32]* %t1_v, [32 x i32]* %z2_50_0_v)


 <State 77>: 0.00ns
ST_77: StgValue_226 (110)  [1/2] 0.00ns
:0  call fastcc void @crypto_sign_ed25519_.10([32 x i32]* %t0_v, [32 x i32]* %t1_v)


 <State 78>: 2.65ns
ST_78: StgValue_227 (111)  [2/2] 2.65ns
:1  call fastcc void @crypto_sign_ed25519_.10([32 x i32]* %t1_v, [32 x i32]* %t0_v)


 <State 79>: 0.00ns
ST_79: StgValue_228 (111)  [1/2] 0.00ns
:1  call fastcc void @crypto_sign_ed25519_.10([32 x i32]* %t1_v, [32 x i32]* %t0_v)

ST_79: StgValue_229 (113)  [1/1] 0.00ns  loc: ed25519_ref/src/fe25519.c:264
:3  br label %16


 <State 80>: 0.00ns
ST_80: StgValue_230 (115)  [1/2] 0.00ns
:0  call fastcc void @crypto_sign_ed25519_.18([32 x i32]* %t0_v, [32 x i32]* %t1_v, [32 x i32]* %z2_50_0_v)


 <State 81>: 2.65ns
ST_81: StgValue_231 (116)  [2/2] 2.65ns
:1  call fastcc void @crypto_sign_ed25519_.10([32 x i32]* %t1_v, [32 x i32]* %t0_v)


 <State 82>: 0.00ns
ST_82: StgValue_232 (116)  [1/2] 0.00ns
:1  call fastcc void @crypto_sign_ed25519_.10([32 x i32]* %t1_v, [32 x i32]* %t0_v)


 <State 83>: 2.65ns
ST_83: StgValue_233 (117)  [2/2] 2.65ns
:2  call fastcc void @crypto_sign_ed25519_.10([32 x i32]* %t0_v, [32 x i32]* %t1_v)


 <State 84>: 0.00ns
ST_84: StgValue_234 (117)  [1/2] 0.00ns
:2  call fastcc void @crypto_sign_ed25519_.10([32 x i32]* %t0_v, [32 x i32]* %t1_v)


 <State 85>: 2.65ns
ST_85: StgValue_235 (118)  [2/2] 2.65ns
:3  call fastcc void @crypto_sign_ed25519_.10([32 x i32]* %t1_v, [32 x i32]* %t0_v)


 <State 86>: 0.00ns
ST_86: StgValue_236 (118)  [1/2] 0.00ns
:3  call fastcc void @crypto_sign_ed25519_.10([32 x i32]* %t1_v, [32 x i32]* %t0_v)


 <State 87>: 2.65ns
ST_87: StgValue_237 (119)  [2/2] 2.65ns
:4  call fastcc void @crypto_sign_ed25519_.10([32 x i32]* %t0_v, [32 x i32]* %t1_v)


 <State 88>: 0.00ns
ST_88: StgValue_238 (119)  [1/2] 0.00ns
:4  call fastcc void @crypto_sign_ed25519_.10([32 x i32]* %t0_v, [32 x i32]* %t1_v)


 <State 89>: 2.65ns
ST_89: StgValue_239 (120)  [2/2] 2.65ns
:5  call fastcc void @crypto_sign_ed25519_.10([32 x i32]* %t1_v, [32 x i32]* %t0_v)


 <State 90>: 0.00ns
ST_90: StgValue_240 (120)  [1/2] 0.00ns
:5  call fastcc void @crypto_sign_ed25519_.10([32 x i32]* %t1_v, [32 x i32]* %t0_v)


 <State 91>: 1.33ns
ST_91: StgValue_241 (121)  [2/2] 1.33ns
:6  call fastcc void @crypto_sign_ed25519_.18([32 x i32]* %r_v, [32 x i32]* %t1_v, [32 x i32]* %z11_v)


 <State 92>: 0.00ns
ST_92: StgValue_242 (121)  [1/2] 0.00ns
:6  call fastcc void @crypto_sign_ed25519_.18([32 x i32]* %r_v, [32 x i32]* %t1_v, [32 x i32]* %z11_v)

ST_92: StgValue_243 (122)  [1/1] 0.00ns  loc: ed25519_ref/src/fe25519.c:273
:7  ret void



============================================================
+ Verbose Summary: Binding
============================================================
STG Binding: 
---------------- STG Properties BEGIN ----------------
- Is combinational: 0
- Is one-state seq: 0
- Is datapath-only: 0
- Is pipelined: 0
- Is top level: 0
Port [ Return ] is wired: 1; IO mode=ap_ctrl_hs:ce=0
Port [ r_v]:  wired=1; compound=1; hidden=0; nouse=0; global=0; static=0; extern=0; dir=2; type=1; pingpong=0; private_global=0; MemPort=[22]; IO mode=ap_memory:ce=0
Port [ x_v]:  wired=1; compound=1; hidden=0; nouse=0; global=0; static=0; extern=0; dir=0; type=1; pingpong=0; private_global=0; MemPort=[13]; IO mode=ap_memory:ce=0
---------------- STG Properties END ------------------

---------------- Datapath Model BEGIN ----------------

<LifeTime>
<method=bitvector/>
z2_v         (alloca           ) [ 001111111110000000000000000000000000000000000000000000000000000000000000000000000000000000000]
z9_v         (alloca           ) [ 001111111111111000000000000000000000000000000000000000000000000000000000000000000000000000000]
z11_v        (alloca           ) [ 001111111111111111111111111111111111111111111111111111111111111111111111111111111111111111111]
z2_5_0_v     (alloca           ) [ 001111111111111111111111111000000000000000000000000000000000000000000000000000000000000000000]
z2_10_0_v    (alloca           ) [ 001111111111111111111111111111111111111111111111111111000000000000000000000000000000000000000]
z2_20_0_v    (alloca           ) [ 001111111111111111111111111111111111111111111000000000000000000000000000000000000000000000000]
z2_50_0_v    (alloca           ) [ 001111111111111111111111111111111111111111111111111111111111111111111111111111111000000000000]
z2_100_0_v   (alloca           ) [ 001111111111111111111111111111111111111111111111111111111111111111111111000000000000000000000]
t0_v         (alloca           ) [ 001111111111111111111111111111111111111111111111111111111111111111111111111111111111111111100]
t1_v         (alloca           ) [ 001111111111111111111111111111111111111111111111111111111111111111111111111111111111111111111]
StgValue_104 (call             ) [ 000000000000000000000000000000000000000000000000000000000000000000000000000000000000000000000]
StgValue_106 (call             ) [ 000000000000000000000000000000000000000000000000000000000000000000000000000000000000000000000]
StgValue_108 (call             ) [ 000000000000000000000000000000000000000000000000000000000000000000000000000000000000000000000]
StgValue_110 (call             ) [ 000000000000000000000000000000000000000000000000000000000000000000000000000000000000000000000]
StgValue_112 (call             ) [ 000000000000000000000000000000000000000000000000000000000000000000000000000000000000000000000]
StgValue_114 (call             ) [ 000000000000000000000000000000000000000000000000000000000000000000000000000000000000000000000]
StgValue_116 (call             ) [ 000000000000000000000000000000000000000000000000000000000000000000000000000000000000000000000]
StgValue_118 (call             ) [ 000000000000000000000000000000000000000000000000000000000000000000000000000000000000000000000]
StgValue_120 (call             ) [ 000000000000000000000000000000000000000000000000000000000000000000000000000000000000000000000]
StgValue_122 (call             ) [ 000000000000000000000000000000000000000000000000000000000000000000000000000000000000000000000]
StgValue_124 (call             ) [ 000000000000000000000000000000000000000000000000000000000000000000000000000000000000000000000]
StgValue_126 (call             ) [ 000000000000000000000000000000000000000000000000000000000000000000000000000000000000000000000]
StgValue_128 (call             ) [ 000000000000000000000000000000000000000000000000000000000000000000000000000000000000000000000]
StgValue_130 (call             ) [ 000000000000000000000000000000000000000000000000000000000000000000000000000000000000000000000]
StgValue_132 (call             ) [ 000000000000000000000000000000000000000000000000000000000000000000000000000000000000000000000]
StgValue_133 (br               ) [ 000000000000000000000000000000111110000000000000000000000000000000000000000000000000000000000]
i            (phi              ) [ 000000000000000000000000000000010000000000000000000000000000000000000000000000000000000000000]
tmp          (icmp             ) [ 000000000000000000000000000000011110000000000000000000000000000000000000000000000000000000000]
empty        (speclooptripcount) [ 000000000000000000000000000000000000000000000000000000000000000000000000000000000000000000000]
StgValue_137 (br               ) [ 000000000000000000000000000000000000000000000000000000000000000000000000000000000000000000000]
i_31         (add              ) [ 000000000000000000000000000000111110000000000000000000000000000000000000000000000000000000000]
StgValue_141 (call             ) [ 000000000000000000000000000000000000000000000000000000000000000000000000000000000000000000000]
StgValue_143 (call             ) [ 000000000000000000000000000000000000000000000000000000000000000000000000000000000000000000000]
StgValue_144 (br               ) [ 000000000000000000000000000000111110000000000000000000000000000000000000000000000000000000000]
StgValue_145 (call             ) [ 000000000000000000000000000000000000000000000000000000000000000000000000000000000000000000000]
StgValue_147 (call             ) [ 000000000000000000000000000000000000000000000000000000000000000000000000000000000000000000000]
StgValue_149 (call             ) [ 000000000000000000000000000000000000000000000000000000000000000000000000000000000000000000000]
StgValue_150 (br               ) [ 000000000000000000000000000000000000000111110000000000000000000000000000000000000000000000000]
i_1          (phi              ) [ 000000000000000000000000000000000000000010000000000000000000000000000000000000000000000000000]
tmp_s        (icmp             ) [ 000000000000000000000000000000000000000011110000000000000000000000000000000000000000000000000]
empty_50     (speclooptripcount) [ 000000000000000000000000000000000000000000000000000000000000000000000000000000000000000000000]
StgValue_154 (br               ) [ 000000000000000000000000000000000000000000000000000000000000000000000000000000000000000000000]
i_32         (add              ) [ 000000000000000000000000000000000000000111110000000000000000000000000000000000000000000000000]
StgValue_158 (call             ) [ 000000000000000000000000000000000000000000000000000000000000000000000000000000000000000000000]
StgValue_160 (call             ) [ 000000000000000000000000000000000000000000000000000000000000000000000000000000000000000000000]
StgValue_161 (br               ) [ 000000000000000000000000000000000000000111110000000000000000000000000000000000000000000000000]
StgValue_162 (call             ) [ 000000000000000000000000000000000000000000000000000000000000000000000000000000000000000000000]
StgValue_164 (call             ) [ 000000000000000000000000000000000000000000000000000000000000000000000000000000000000000000000]
StgValue_166 (call             ) [ 000000000000000000000000000000000000000000000000000000000000000000000000000000000000000000000]
StgValue_167 (br               ) [ 000000000000000000000000000000000000000000000000111110000000000000000000000000000000000000000]
i_2          (phi              ) [ 000000000000000000000000000000000000000000000000010000000000000000000000000000000000000000000]
tmp_757      (icmp             ) [ 000000000000000000000000000000000000000000000000011110000000000000000000000000000000000000000]
empty_51     (speclooptripcount) [ 000000000000000000000000000000000000000000000000000000000000000000000000000000000000000000000]
StgValue_171 (br               ) [ 000000000000000000000000000000000000000000000000000000000000000000000000000000000000000000000]
i_33         (add              ) [ 000000000000000000000000000000000000000000000000111110000000000000000000000000000000000000000]
StgValue_175 (call             ) [ 000000000000000000000000000000000000000000000000000000000000000000000000000000000000000000000]
StgValue_177 (call             ) [ 000000000000000000000000000000000000000000000000000000000000000000000000000000000000000000000]
StgValue_178 (br               ) [ 000000000000000000000000000000000000000000000000111110000000000000000000000000000000000000000]
StgValue_179 (call             ) [ 000000000000000000000000000000000000000000000000000000000000000000000000000000000000000000000]
StgValue_181 (call             ) [ 000000000000000000000000000000000000000000000000000000000000000000000000000000000000000000000]
StgValue_183 (call             ) [ 000000000000000000000000000000000000000000000000000000000000000000000000000000000000000000000]
StgValue_184 (br               ) [ 000000000000000000000000000000000000000000000000000000000111110000000000000000000000000000000]
i_3          (phi              ) [ 000000000000000000000000000000000000000000000000000000000010000000000000000000000000000000000]
tmp_758      (icmp             ) [ 000000000000000000000000000000000000000000000000000000000011110000000000000000000000000000000]
empty_52     (speclooptripcount) [ 000000000000000000000000000000000000000000000000000000000000000000000000000000000000000000000]
StgValue_188 (br               ) [ 000000000000000000000000000000000000000000000000000000000000000000000000000000000000000000000]
i_34         (add              ) [ 000000000000000000000000000000000000000000000000000000000111110000000000000000000000000000000]
StgValue_192 (call             ) [ 000000000000000000000000000000000000000000000000000000000000000000000000000000000000000000000]
StgValue_194 (call             ) [ 000000000000000000000000000000000000000000000000000000000000000000000000000000000000000000000]
StgValue_195 (br               ) [ 000000000000000000000000000000000000000000000000000000000111110000000000000000000000000000000]
StgValue_196 (call             ) [ 000000000000000000000000000000000000000000000000000000000000000000000000000000000000000000000]
StgValue_198 (call             ) [ 000000000000000000000000000000000000000000000000000000000000000000000000000000000000000000000]
StgValue_200 (call             ) [ 000000000000000000000000000000000000000000000000000000000000000000000000000000000000000000000]
StgValue_201 (br               ) [ 000000000000000000000000000000000000000000000000000000000000000000111110000000000000000000000]
i_4          (phi              ) [ 000000000000000000000000000000000000000000000000000000000000000000010000000000000000000000000]
tmp_759      (icmp             ) [ 000000000000000000000000000000000000000000000000000000000000000000011110000000000000000000000]
empty_53     (speclooptripcount) [ 000000000000000000000000000000000000000000000000000000000000000000000000000000000000000000000]
StgValue_205 (br               ) [ 000000000000000000000000000000000000000000000000000000000000000000000000000000000000000000000]
i_35         (add              ) [ 000000000000000000000000000000000000000000000000000000000000000000111110000000000000000000000]
StgValue_209 (call             ) [ 000000000000000000000000000000000000000000000000000000000000000000000000000000000000000000000]
StgValue_211 (call             ) [ 000000000000000000000000000000000000000000000000000000000000000000000000000000000000000000000]
StgValue_212 (br               ) [ 000000000000000000000000000000000000000000000000000000000000000000111110000000000000000000000]
StgValue_213 (call             ) [ 000000000000000000000000000000000000000000000000000000000000000000000000000000000000000000000]
StgValue_215 (call             ) [ 000000000000000000000000000000000000000000000000000000000000000000000000000000000000000000000]
StgValue_217 (call             ) [ 000000000000000000000000000000000000000000000000000000000000000000000000000000000000000000000]
StgValue_218 (br               ) [ 000000000000000000000000000000000000000000000000000000000000000000000000000111110000000000000]
i_5          (phi              ) [ 000000000000000000000000000000000000000000000000000000000000000000000000000010000000000000000]
tmp_760      (icmp             ) [ 000000000000000000000000000000000000000000000000000000000000000000000000000011110000000000000]
empty_54     (speclooptripcount) [ 000000000000000000000000000000000000000000000000000000000000000000000000000000000000000000000]
StgValue_222 (br               ) [ 000000000000000000000000000000000000000000000000000000000000000000000000000000000000000000000]
i_36         (add              ) [ 000000000000000000000000000000000000000000000000000000000000000000000000000111110000000000000]
StgValue_226 (call             ) [ 000000000000000000000000000000000000000000000000000000000000000000000000000000000000000000000]
StgValue_228 (call             ) [ 000000000000000000000000000000000000000000000000000000000000000000000000000000000000000000000]
StgValue_229 (br               ) [ 000000000000000000000000000000000000000000000000000000000000000000000000000111110000000000000]
StgValue_230 (call             ) [ 000000000000000000000000000000000000000000000000000000000000000000000000000000000000000000000]
StgValue_232 (call             ) [ 000000000000000000000000000000000000000000000000000000000000000000000000000000000000000000000]
StgValue_234 (call             ) [ 000000000000000000000000000000000000000000000000000000000000000000000000000000000000000000000]
StgValue_236 (call             ) [ 000000000000000000000000000000000000000000000000000000000000000000000000000000000000000000000]
StgValue_238 (call             ) [ 000000000000000000000000000000000000000000000000000000000000000000000000000000000000000000000]
StgValue_240 (call             ) [ 000000000000000000000000000000000000000000000000000000000000000000000000000000000000000000000]
StgValue_242 (call             ) [ 000000000000000000000000000000000000000000000000000000000000000000000000000000000000000000000]
StgValue_243 (ret              ) [ 000000000000000000000000000000000000000000000000000000000000000000000000000000000000000000000]
</LifeTime>

<model>

<comp_list>
<comp id="0" class="1000" name="r_v">
<pin_list>
<pin id="1" dir="1" index="0" bw="1" slack="0"/>
</pin_list>
<bind>
<StgValue><ssdm name="r_v"/><MemPortTyVec>2 2 </MemPortTyVec>
</StgValue>
</bind>
</comp>

<comp id="2" class="1000" name="x_v">
<pin_list>
<pin id="3" dir="1" index="0" bw="1" slack="0"/>
</pin_list>
<bind>
<StgValue><ssdm name="x_v"/><MemPortTyVec>1 3 </MemPortTyVec>
</StgValue>
</bind>
</comp>

<comp id="4" class="1001" name="const_4">
<pin_list>
<pin id="5" dir="1" index="0" bw="1" slack="0"/>
</pin_list>
<bind>
<StgValue><ssdm name=""/></StgValue>
</bind>
</comp>

<comp id="6" class="1001" name="const_6">
<pin_list>
<pin id="7" dir="1" index="0" bw="1" slack="0"/>
</pin_list>
<bind>
<StgValue><ssdm name="crypto_sign_ed25519_.10"/></StgValue>
</bind>
</comp>

<comp id="8" class="1001" name="const_8">
<pin_list>
<pin id="9" dir="1" index="0" bw="1" slack="0"/>
</pin_list>
<bind>
<StgValue><ssdm name="crypto_sign_ed25519_.18"/></StgValue>
</bind>
</comp>

<comp id="10" class="1001" name="const_10">
<pin_list>
<pin id="11" dir="1" index="0" bw="1" slack="0"/>
</pin_list>
<bind>
<StgValue><ssdm name=""/></StgValue>
</bind>
</comp>

<comp id="12" class="1001" name="const_12">
<pin_list>
<pin id="13" dir="1" index="0" bw="1" slack="0"/>
</pin_list>
<bind>
<StgValue><ssdm name=""/></StgValue>
</bind>
</comp>

<comp id="14" class="1001" name="const_14">
<pin_list>
<pin id="15" dir="1" index="0" bw="1" slack="2147483647"/>
</pin_list>
<bind>
<StgValue><ssdm name="_ssdm_op_SpecLoopTripCount"/></StgValue>
</bind>
</comp>

<comp id="16" class="1001" name="const_16">
<pin_list>
<pin id="17" dir="1" index="0" bw="1" slack="2147483647"/>
</pin_list>
<bind>
<StgValue><ssdm name=""/></StgValue>
</bind>
</comp>

<comp id="18" class="1001" name="const_18">
<pin_list>
<pin id="19" dir="1" index="0" bw="1" slack="0"/>
</pin_list>
<bind>
<StgValue><ssdm name=""/></StgValue>
</bind>
</comp>

<comp id="20" class="1001" name="const_20">
<pin_list>
<pin id="21" dir="1" index="0" bw="1" slack="0"/>
</pin_list>
<bind>
<StgValue><ssdm name=""/></StgValue>
</bind>
</comp>

<comp id="22" class="1001" name="const_22">
<pin_list>
<pin id="23" dir="1" index="0" bw="1" slack="2147483647"/>
</pin_list>
<bind>
<StgValue><ssdm name=""/></StgValue>
</bind>
</comp>

<comp id="24" class="1001" name="const_24">
<pin_list>
<pin id="25" dir="1" index="0" bw="1" slack="0"/>
</pin_list>
<bind>
<StgValue><ssdm name=""/></StgValue>
</bind>
</comp>

<comp id="26" class="1001" name="const_26">
<pin_list>
<pin id="27" dir="1" index="0" bw="1" slack="0"/>
</pin_list>
<bind>
<StgValue><ssdm name=""/></StgValue>
</bind>
</comp>

<comp id="28" class="1001" name="const_28">
<pin_list>
<pin id="29" dir="1" index="0" bw="1" slack="2147483647"/>
</pin_list>
<bind>
<StgValue><ssdm name=""/></StgValue>
</bind>
</comp>

<comp id="30" class="1001" name="const_30">
<pin_list>
<pin id="31" dir="1" index="0" bw="1" slack="0"/>
</pin_list>
<bind>
<StgValue><ssdm name=""/></StgValue>
</bind>
</comp>

<comp id="32" class="1001" name="const_32">
<pin_list>
<pin id="33" dir="1" index="0" bw="1" slack="0"/>
</pin_list>
<bind>
<StgValue><ssdm name=""/></StgValue>
</bind>
</comp>

<comp id="34" class="1001" name="const_34">
<pin_list>
<pin id="35" dir="1" index="0" bw="1" slack="2147483647"/>
</pin_list>
<bind>
<StgValue><ssdm name=""/></StgValue>
</bind>
</comp>

<comp id="36" class="1004" name="z2_v_alloca_fu_36">
<pin_list>
<pin id="37" dir="0" index="0" bw="1" slack="0"/>
<pin id="38" dir="1" index="1" bw="32" slack="0"/>
</pin_list>
<bind>
<opcode="alloca(26) " fcode="alloca"/>
<opset="z2_v/1 "/>
</bind>
</comp>

<comp id="40" class="1004" name="z9_v_alloca_fu_40">
<pin_list>
<pin id="41" dir="0" index="0" bw="1" slack="0"/>
<pin id="42" dir="1" index="1" bw="32" slack="2147483647"/>
</pin_list>
<bind>
<opcode="alloca(26) " fcode="alloca"/>
<opset="z9_v/1 "/>
</bind>
</comp>

<comp id="44" class="1004" name="z11_v_alloca_fu_44">
<pin_list>
<pin id="45" dir="0" index="0" bw="1" slack="0"/>
<pin id="46" dir="1" index="1" bw="32" slack="2147483647"/>
</pin_list>
<bind>
<opcode="alloca(26) " fcode="alloca"/>
<opset="z11_v/1 "/>
</bind>
</comp>

<comp id="48" class="1004" name="z2_5_0_v_alloca_fu_48">
<pin_list>
<pin id="49" dir="0" index="0" bw="1" slack="0"/>
<pin id="50" dir="1" index="1" bw="32" slack="2147483647"/>
</pin_list>
<bind>
<opcode="alloca(26) " fcode="alloca"/>
<opset="z2_5_0_v/1 "/>
</bind>
</comp>

<comp id="52" class="1004" name="z2_10_0_v_alloca_fu_52">
<pin_list>
<pin id="53" dir="0" index="0" bw="1" slack="0"/>
<pin id="54" dir="1" index="1" bw="32" slack="2147483647"/>
</pin_list>
<bind>
<opcode="alloca(26) " fcode="alloca"/>
<opset="z2_10_0_v/1 "/>
</bind>
</comp>

<comp id="56" class="1004" name="z2_20_0_v_alloca_fu_56">
<pin_list>
<pin id="57" dir="0" index="0" bw="1" slack="0"/>
<pin id="58" dir="1" index="1" bw="32" slack="2147483647"/>
</pin_list>
<bind>
<opcode="alloca(26) " fcode="alloca"/>
<opset="z2_20_0_v/1 "/>
</bind>
</comp>

<comp id="60" class="1004" name="z2_50_0_v_alloca_fu_60">
<pin_list>
<pin id="61" dir="0" index="0" bw="1" slack="0"/>
<pin id="62" dir="1" index="1" bw="32" slack="2147483647"/>
</pin_list>
<bind>
<opcode="alloca(26) " fcode="alloca"/>
<opset="z2_50_0_v/1 "/>
</bind>
</comp>

<comp id="64" class="1004" name="z2_100_0_v_alloca_fu_64">
<pin_list>
<pin id="65" dir="0" index="0" bw="1" slack="0"/>
<pin id="66" dir="1" index="1" bw="32" slack="2147483647"/>
</pin_list>
<bind>
<opcode="alloca(26) " fcode="alloca"/>
<opset="z2_100_0_v/1 "/>
</bind>
</comp>

<comp id="68" class="1004" name="t0_v_alloca_fu_68">
<pin_list>
<pin id="69" dir="0" index="0" bw="1" slack="0"/>
<pin id="70" dir="1" index="1" bw="32" slack="2147483647"/>
</pin_list>
<bind>
<opcode="alloca(26) " fcode="alloca"/>
<opset="t0_v/1 "/>
</bind>
</comp>

<comp id="72" class="1004" name="t1_v_alloca_fu_72">
<pin_list>
<pin id="73" dir="0" index="0" bw="1" slack="0"/>
<pin id="74" dir="1" index="1" bw="32" slack="2147483647"/>
</pin_list>
<bind>
<opcode="alloca(26) " fcode="alloca"/>
<opset="t1_v/1 "/>
</bind>
</comp>

<comp id="76" class="1005" name="i_reg_76">
<pin_list>
<pin id="77" dir="0" index="0" bw="4" slack="1"/>
<pin id="78" dir="1" index="1" bw="4" slack="1"/>
</pin_list>
<bind>
<opset="i (phireg) "/>
</bind>
</comp>

<comp id="80" class="1004" name="i_phi_fu_80">
<pin_list>
<pin id="81" dir="0" index="0" bw="3" slack="1"/>
<pin id="82" dir="0" index="1" bw="0" slack="2147483647"/>
<pin id="83" dir="0" index="2" bw="4" slack="0"/>
<pin id="84" dir="0" index="3" bw="0" slack="2147483647"/>
<pin id="85" dir="1" index="4" bw="4" slack="0"/>
</pin_list>
<bind>
<opcode="phi(47) " fcode="phi"/>
<opset="i/31 "/>
</bind>
</comp>

<comp id="87" class="1005" name="i_1_reg_87">
<pin_list>
<pin id="88" dir="0" index="0" bw="5" slack="1"/>
<pin id="89" dir="1" index="1" bw="5" slack="1"/>
</pin_list>
<bind>
<opset="i_1 (phireg) "/>
</bind>
</comp>

<comp id="91" class="1004" name="i_1_phi_fu_91">
<pin_list>
<pin id="92" dir="0" index="0" bw="3" slack="1"/>
<pin id="93" dir="0" index="1" bw="0" slack="2147483647"/>
<pin id="94" dir="0" index="2" bw="5" slack="0"/>
<pin id="95" dir="0" index="3" bw="0" slack="2147483647"/>
<pin id="96" dir="1" index="4" bw="5" slack="0"/>
</pin_list>
<bind>
<opcode="phi(47) " fcode="phi"/>
<opset="i_1/40 "/>
</bind>
</comp>

<comp id="98" class="1005" name="i_2_reg_98">
<pin_list>
<pin id="99" dir="0" index="0" bw="4" slack="1"/>
<pin id="100" dir="1" index="1" bw="4" slack="1"/>
</pin_list>
<bind>
<opset="i_2 (phireg) "/>
</bind>
</comp>

<comp id="102" class="1004" name="i_2_phi_fu_102">
<pin_list>
<pin id="103" dir="0" index="0" bw="3" slack="1"/>
<pin id="104" dir="0" index="1" bw="0" slack="2147483647"/>
<pin id="105" dir="0" index="2" bw="4" slack="0"/>
<pin id="106" dir="0" index="3" bw="0" slack="2147483647"/>
<pin id="107" dir="1" index="4" bw="4" slack="0"/>
</pin_list>
<bind>
<opcode="phi(47) " fcode="phi"/>
<opset="i_2/49 "/>
</bind>
</comp>

<comp id="109" class="1005" name="i_3_reg_109">
<pin_list>
<pin id="110" dir="0" index="0" bw="6" slack="1"/>
<pin id="111" dir="1" index="1" bw="6" slack="1"/>
</pin_list>
<bind>
<opset="i_3 (phireg) "/>
</bind>
</comp>

<comp id="113" class="1004" name="i_3_phi_fu_113">
<pin_list>
<pin id="114" dir="0" index="0" bw="3" slack="1"/>
<pin id="115" dir="0" index="1" bw="0" slack="2147483647"/>
<pin id="116" dir="0" index="2" bw="6" slack="0"/>
<pin id="117" dir="0" index="3" bw="0" slack="2147483647"/>
<pin id="118" dir="1" index="4" bw="6" slack="0"/>
</pin_list>
<bind>
<opcode="phi(47) " fcode="phi"/>
<opset="i_3/58 "/>
</bind>
</comp>

<comp id="120" class="1005" name="i_4_reg_120">
<pin_list>
<pin id="121" dir="0" index="0" bw="7" slack="1"/>
<pin id="122" dir="1" index="1" bw="7" slack="1"/>
</pin_list>
<bind>
<opset="i_4 (phireg) "/>
</bind>
</comp>

<comp id="124" class="1004" name="i_4_phi_fu_124">
<pin_list>
<pin id="125" dir="0" index="0" bw="3" slack="1"/>
<pin id="126" dir="0" index="1" bw="0" slack="2147483647"/>
<pin id="127" dir="0" index="2" bw="7" slack="0"/>
<pin id="128" dir="0" index="3" bw="0" slack="2147483647"/>
<pin id="129" dir="1" index="4" bw="7" slack="0"/>
</pin_list>
<bind>
<opcode="phi(47) " fcode="phi"/>
<opset="i_4/67 "/>
</bind>
</comp>

<comp id="131" class="1005" name="i_5_reg_131">
<pin_list>
<pin id="132" dir="0" index="0" bw="6" slack="1"/>
<pin id="133" dir="1" index="1" bw="6" slack="1"/>
</pin_list>
<bind>
<opset="i_5 (phireg) "/>
</bind>
</comp>

<comp id="135" class="1004" name="i_5_phi_fu_135">
<pin_list>
<pin id="136" dir="0" index="0" bw="3" slack="1"/>
<pin id="137" dir="0" index="1" bw="0" slack="2147483647"/>
<pin id="138" dir="0" index="2" bw="6" slack="0"/>
<pin id="139" dir="0" index="3" bw="0" slack="2147483647"/>
<pin id="140" dir="1" index="4" bw="6" slack="0"/>
</pin_list>
<bind>
<opcode="phi(47) " fcode="phi"/>
<opset="i_5/76 "/>
</bind>
</comp>

<comp id="142" class="1004" name="grp_crypto_sign_ed25519_10_fu_142">
<pin_list>
<pin id="143" dir="0" index="0" bw="0" slack="0"/>
<pin id="144" dir="0" index="1" bw="32" slack="0"/>
<pin id="145" dir="0" index="2" bw="32" slack="0"/>
<pin id="146" dir="1" index="3" bw="0" slack="2147483647"/>
</pin_list>
<bind>
<opcode="call(48) " fcode="call"/>
<opset="StgValue_103/1 StgValue_105/3 StgValue_107/5 StgValue_113/11 StgValue_117/15 StgValue_119/17 StgValue_121/19 StgValue_123/21 StgValue_125/23 StgValue_129/27 StgValue_131/29 StgValue_138/31 StgValue_142/33 StgValue_146/36 StgValue_148/38 StgValue_155/40 StgValue_159/42 StgValue_163/45 StgValue_165/47 StgValue_172/49 StgValue_176/51 StgValue_180/54 StgValue_182/56 StgValue_189/58 StgValue_193/60 StgValue_197/63 StgValue_199/65 StgValue_206/67 StgValue_210/69 StgValue_214/72 StgValue_216/74 StgValue_223/76 StgValue_227/78 StgValue_231/81 StgValue_233/83 StgValue_235/85 StgValue_237/87 StgValue_239/89 "/>
</bind>
</comp>

<comp id="150" class="1004" name="grp_crypto_sign_ed25519_18_fu_150">
<pin_list>
<pin id="151" dir="0" index="0" bw="0" slack="0"/>
<pin id="152" dir="0" index="1" bw="32" slack="0"/>
<pin id="153" dir="0" index="2" bw="32" slack="2147483647"/>
<pin id="154" dir="0" index="3" bw="32" slack="0"/>
<pin id="155" dir="1" index="4" bw="0" slack="2147483647"/>
</pin_list>
<bind>
<opcode="call(48) " fcode="call"/>
<opset="StgValue_109/7 StgValue_111/9 StgValue_115/13 StgValue_127/25 StgValue_140/31 StgValue_157/40 StgValue_174/49 StgValue_191/58 StgValue_208/67 StgValue_225/76 StgValue_241/91 "/>
</bind>
</comp>

<comp id="159" class="1004" name="tmp_fu_159">
<pin_list>
<pin id="160" dir="0" index="0" bw="4" slack="0"/>
<pin id="161" dir="0" index="1" bw="4" slack="0"/>
<pin id="162" dir="1" index="2" bw="1" slack="2147483647"/>
</pin_list>
<bind>
<opcode="icmp(45) " fcode="icmp"/>
<opset="tmp/31 "/>
</bind>
</comp>

<comp id="165" class="1004" name="i_31_fu_165">
<pin_list>
<pin id="166" dir="0" index="0" bw="4" slack="0"/>
<pin id="167" dir="0" index="1" bw="3" slack="0"/>
<pin id="168" dir="1" index="2" bw="4" slack="0"/>
</pin_list>
<bind>
<opcode="add(8) " fcode="add"/>
<opset="i_31/31 "/>
</bind>
</comp>

<comp id="171" class="1004" name="tmp_s_fu_171">
<pin_list>
<pin id="172" dir="0" index="0" bw="5" slack="0"/>
<pin id="173" dir="0" index="1" bw="5" slack="0"/>
<pin id="174" dir="1" index="2" bw="1" slack="2147483647"/>
</pin_list>
<bind>
<opcode="icmp(45) " fcode="icmp"/>
<opset="tmp_s/40 "/>
</bind>
</comp>

<comp id="177" class="1004" name="i_32_fu_177">
<pin_list>
<pin id="178" dir="0" index="0" bw="5" slack="0"/>
<pin id="179" dir="0" index="1" bw="3" slack="0"/>
<pin id="180" dir="1" index="2" bw="5" slack="0"/>
</pin_list>
<bind>
<opcode="add(8) " fcode="add"/>
<opset="i_32/40 "/>
</bind>
</comp>

<comp id="183" class="1004" name="tmp_757_fu_183">
<pin_list>
<pin id="184" dir="0" index="0" bw="4" slack="0"/>
<pin id="185" dir="0" index="1" bw="4" slack="0"/>
<pin id="186" dir="1" index="2" bw="1" slack="2147483647"/>
</pin_list>
<bind>
<opcode="icmp(45) " fcode="icmp"/>
<opset="tmp_757/49 "/>
</bind>
</comp>

<comp id="189" class="1004" name="i_33_fu_189">
<pin_list>
<pin id="190" dir="0" index="0" bw="4" slack="0"/>
<pin id="191" dir="0" index="1" bw="3" slack="0"/>
<pin id="192" dir="1" index="2" bw="4" slack="0"/>
</pin_list>
<bind>
<opcode="add(8) " fcode="add"/>
<opset="i_33/49 "/>
</bind>
</comp>

<comp id="195" class="1004" name="tmp_758_fu_195">
<pin_list>
<pin id="196" dir="0" index="0" bw="6" slack="0"/>
<pin id="197" dir="0" index="1" bw="6" slack="0"/>
<pin id="198" dir="1" index="2" bw="1" slack="2147483647"/>
</pin_list>
<bind>
<opcode="icmp(45) " fcode="icmp"/>
<opset="tmp_758/58 "/>
</bind>
</comp>

<comp id="201" class="1004" name="i_34_fu_201">
<pin_list>
<pin id="202" dir="0" index="0" bw="6" slack="0"/>
<pin id="203" dir="0" index="1" bw="3" slack="0"/>
<pin id="204" dir="1" index="2" bw="6" slack="0"/>
</pin_list>
<bind>
<opcode="add(8) " fcode="add"/>
<opset="i_34/58 "/>
</bind>
</comp>

<comp id="207" class="1004" name="tmp_759_fu_207">
<pin_list>
<pin id="208" dir="0" index="0" bw="7" slack="0"/>
<pin id="209" dir="0" index="1" bw="7" slack="0"/>
<pin id="210" dir="1" index="2" bw="1" slack="2147483647"/>
</pin_list>
<bind>
<opcode="icmp(45) " fcode="icmp"/>
<opset="tmp_759/67 "/>
</bind>
</comp>

<comp id="213" class="1004" name="i_35_fu_213">
<pin_list>
<pin id="214" dir="0" index="0" bw="7" slack="0"/>
<pin id="215" dir="0" index="1" bw="3" slack="0"/>
<pin id="216" dir="1" index="2" bw="7" slack="0"/>
</pin_list>
<bind>
<opcode="add(8) " fcode="add"/>
<opset="i_35/67 "/>
</bind>
</comp>

<comp id="219" class="1004" name="tmp_760_fu_219">
<pin_list>
<pin id="220" dir="0" index="0" bw="6" slack="0"/>
<pin id="221" dir="0" index="1" bw="6" slack="0"/>
<pin id="222" dir="1" index="2" bw="1" slack="2147483647"/>
</pin_list>
<bind>
<opcode="icmp(45) " fcode="icmp"/>
<opset="tmp_760/76 "/>
</bind>
</comp>

<comp id="225" class="1004" name="i_36_fu_225">
<pin_list>
<pin id="226" dir="0" index="0" bw="6" slack="0"/>
<pin id="227" dir="0" index="1" bw="3" slack="0"/>
<pin id="228" dir="1" index="2" bw="6" slack="0"/>
</pin_list>
<bind>
<opcode="add(8) " fcode="add"/>
<opset="i_36/76 "/>
</bind>
</comp>

<comp id="234" class="1005" name="i_31_reg_234">
<pin_list>
<pin id="235" dir="0" index="0" bw="4" slack="0"/>
<pin id="236" dir="1" index="1" bw="4" slack="0"/>
</pin_list>
<bind>
<opset="i_31 "/>
</bind>
</comp>

<comp id="242" class="1005" name="i_32_reg_242">
<pin_list>
<pin id="243" dir="0" index="0" bw="5" slack="0"/>
<pin id="244" dir="1" index="1" bw="5" slack="0"/>
</pin_list>
<bind>
<opset="i_32 "/>
</bind>
</comp>

<comp id="250" class="1005" name="i_33_reg_250">
<pin_list>
<pin id="251" dir="0" index="0" bw="4" slack="0"/>
<pin id="252" dir="1" index="1" bw="4" slack="0"/>
</pin_list>
<bind>
<opset="i_33 "/>
</bind>
</comp>

<comp id="258" class="1005" name="i_34_reg_258">
<pin_list>
<pin id="259" dir="0" index="0" bw="6" slack="0"/>
<pin id="260" dir="1" index="1" bw="6" slack="0"/>
</pin_list>
<bind>
<opset="i_34 "/>
</bind>
</comp>

<comp id="266" class="1005" name="i_35_reg_266">
<pin_list>
<pin id="267" dir="0" index="0" bw="7" slack="0"/>
<pin id="268" dir="1" index="1" bw="7" slack="0"/>
</pin_list>
<bind>
<opset="i_35 "/>
</bind>
</comp>

<comp id="274" class="1005" name="i_36_reg_274">
<pin_list>
<pin id="275" dir="0" index="0" bw="6" slack="0"/>
<pin id="276" dir="1" index="1" bw="6" slack="0"/>
</pin_list>
<bind>
<opset="i_36 "/>
</bind>
</comp>

</comp_list>

<net_list>
<net id="39"><net_src comp="4" pin="0"/><net_sink comp="36" pin=0"/></net>

<net id="43"><net_src comp="4" pin="0"/><net_sink comp="40" pin=0"/></net>

<net id="47"><net_src comp="4" pin="0"/><net_sink comp="44" pin=0"/></net>

<net id="51"><net_src comp="4" pin="0"/><net_sink comp="48" pin=0"/></net>

<net id="55"><net_src comp="4" pin="0"/><net_sink comp="52" pin=0"/></net>

<net id="59"><net_src comp="4" pin="0"/><net_sink comp="56" pin=0"/></net>

<net id="63"><net_src comp="4" pin="0"/><net_sink comp="60" pin=0"/></net>

<net id="67"><net_src comp="4" pin="0"/><net_sink comp="64" pin=0"/></net>

<net id="71"><net_src comp="4" pin="0"/><net_sink comp="68" pin=0"/></net>

<net id="75"><net_src comp="4" pin="0"/><net_sink comp="72" pin=0"/></net>

<net id="79"><net_src comp="10" pin="0"/><net_sink comp="76" pin=0"/></net>

<net id="86"><net_src comp="76" pin="1"/><net_sink comp="80" pin=0"/></net>

<net id="90"><net_src comp="18" pin="0"/><net_sink comp="87" pin=0"/></net>

<net id="97"><net_src comp="87" pin="1"/><net_sink comp="91" pin=0"/></net>

<net id="101"><net_src comp="10" pin="0"/><net_sink comp="98" pin=0"/></net>

<net id="108"><net_src comp="98" pin="1"/><net_sink comp="102" pin=0"/></net>

<net id="112"><net_src comp="24" pin="0"/><net_sink comp="109" pin=0"/></net>

<net id="119"><net_src comp="109" pin="1"/><net_sink comp="113" pin=0"/></net>

<net id="123"><net_src comp="30" pin="0"/><net_sink comp="120" pin=0"/></net>

<net id="130"><net_src comp="120" pin="1"/><net_sink comp="124" pin=0"/></net>

<net id="134"><net_src comp="24" pin="0"/><net_sink comp="131" pin=0"/></net>

<net id="141"><net_src comp="131" pin="1"/><net_sink comp="135" pin=0"/></net>

<net id="147"><net_src comp="6" pin="0"/><net_sink comp="142" pin=0"/></net>

<net id="148"><net_src comp="36" pin="1"/><net_sink comp="142" pin=1"/></net>

<net id="149"><net_src comp="2" pin="0"/><net_sink comp="142" pin=2"/></net>

<net id="156"><net_src comp="8" pin="0"/><net_sink comp="150" pin=0"/></net>

<net id="157"><net_src comp="2" pin="0"/><net_sink comp="150" pin=3"/></net>

<net id="158"><net_src comp="0" pin="0"/><net_sink comp="150" pin=1"/></net>

<net id="163"><net_src comp="80" pin="4"/><net_sink comp="159" pin=0"/></net>

<net id="164"><net_src comp="12" pin="0"/><net_sink comp="159" pin=1"/></net>

<net id="169"><net_src comp="80" pin="4"/><net_sink comp="165" pin=0"/></net>

<net id="170"><net_src comp="10" pin="0"/><net_sink comp="165" pin=1"/></net>

<net id="175"><net_src comp="91" pin="4"/><net_sink comp="171" pin=0"/></net>

<net id="176"><net_src comp="20" pin="0"/><net_sink comp="171" pin=1"/></net>

<net id="181"><net_src comp="91" pin="4"/><net_sink comp="177" pin=0"/></net>

<net id="182"><net_src comp="18" pin="0"/><net_sink comp="177" pin=1"/></net>

<net id="187"><net_src comp="102" pin="4"/><net_sink comp="183" pin=0"/></net>

<net id="188"><net_src comp="12" pin="0"/><net_sink comp="183" pin=1"/></net>

<net id="193"><net_src comp="102" pin="4"/><net_sink comp="189" pin=0"/></net>

<net id="194"><net_src comp="10" pin="0"/><net_sink comp="189" pin=1"/></net>

<net id="199"><net_src comp="113" pin="4"/><net_sink comp="195" pin=0"/></net>

<net id="200"><net_src comp="26" pin="0"/><net_sink comp="195" pin=1"/></net>

<net id="205"><net_src comp="113" pin="4"/><net_sink comp="201" pin=0"/></net>

<net id="206"><net_src comp="24" pin="0"/><net_sink comp="201" pin=1"/></net>

<net id="211"><net_src comp="124" pin="4"/><net_sink comp="207" pin=0"/></net>

<net id="212"><net_src comp="32" pin="0"/><net_sink comp="207" pin=1"/></net>

<net id="217"><net_src comp="124" pin="4"/><net_sink comp="213" pin=0"/></net>

<net id="218"><net_src comp="30" pin="0"/><net_sink comp="213" pin=1"/></net>

<net id="223"><net_src comp="135" pin="4"/><net_sink comp="219" pin=0"/></net>

<net id="224"><net_src comp="26" pin="0"/><net_sink comp="219" pin=1"/></net>

<net id="229"><net_src comp="135" pin="4"/><net_sink comp="225" pin=0"/></net>

<net id="230"><net_src comp="24" pin="0"/><net_sink comp="225" pin=1"/></net>

<net id="237"><net_src comp="165" pin="2"/><net_sink comp="234" pin=0"/></net>

<net id="238"><net_src comp="234" pin="1"/><net_sink comp="80" pin=2"/></net>

<net id="245"><net_src comp="177" pin="2"/><net_sink comp="242" pin=0"/></net>

<net id="246"><net_src comp="242" pin="1"/><net_sink comp="91" pin=2"/></net>

<net id="253"><net_src comp="189" pin="2"/><net_sink comp="250" pin=0"/></net>

<net id="254"><net_src comp="250" pin="1"/><net_sink comp="102" pin=2"/></net>

<net id="261"><net_src comp="201" pin="2"/><net_sink comp="258" pin=0"/></net>

<net id="262"><net_src comp="258" pin="1"/><net_sink comp="113" pin=2"/></net>

<net id="269"><net_src comp="213" pin="2"/><net_sink comp="266" pin=0"/></net>

<net id="270"><net_src comp="266" pin="1"/><net_sink comp="124" pin=2"/></net>

<net id="277"><net_src comp="225" pin="2"/><net_sink comp="274" pin=0"/></net>

<net id="278"><net_src comp="274" pin="1"/><net_sink comp="135" pin=2"/></net>

</net_list>

</model> 
---------------- Datapath Model END ------------------

* FSMD analyzer results:
  - Output states:
	Port: r_v | {91 92 }
 - Input state : 
	Port: crypto_sign_ed25519_.19 : r_v | {91 92 }
	Port: crypto_sign_ed25519_.19 : x_v | {1 2 7 8 }
  - Chain level:
	State 1
		StgValue_103 : 1
	State 2
	State 3
	State 4
	State 5
	State 6
	State 7
	State 8
	State 9
	State 10
	State 11
	State 12
	State 13
	State 14
	State 15
	State 16
	State 17
	State 18
	State 19
	State 20
	State 21
	State 22
	State 23
	State 24
	State 25
	State 26
	State 27
	State 28
	State 29
	State 30
	State 31
		tmp : 1
		StgValue_137 : 2
		i_31 : 1
	State 32
	State 33
	State 34
	State 35
	State 36
	State 37
	State 38
	State 39
	State 40
		tmp_s : 1
		StgValue_154 : 2
		i_32 : 1
	State 41
	State 42
	State 43
	State 44
	State 45
	State 46
	State 47
	State 48
	State 49
		tmp_757 : 1
		StgValue_171 : 2
		i_33 : 1
	State 50
	State 51
	State 52
	State 53
	State 54
	State 55
	State 56
	State 57
	State 58
		tmp_758 : 1
		StgValue_188 : 2
		i_34 : 1
	State 59
	State 60
	State 61
	State 62
	State 63
	State 64
	State 65
	State 66
	State 67
		tmp_759 : 1
		StgValue_205 : 2
		i_35 : 1
	State 68
	State 69
	State 70
	State 71
	State 72
	State 73
	State 74
	State 75
	State 76
		tmp_760 : 1
		StgValue_222 : 2
		i_36 : 1
	State 77
	State 78
	State 79
	State 80
	State 81
	State 82
	State 83
	State 84
	State 85
	State 86
	State 87
	State 88
	State 89
	State 90
	State 91
	State 92


============================================================
+ Verbose Summary: Datapath Resource usage 
============================================================

* Functional unit list:
|----------|-----------------------------------|---------|---------|---------|---------|---------|
| Operation|          Functional Unit          |   BRAM  |  DSP48E |  Delay  |    FF   |   LUT   |
|----------|-----------------------------------|---------|---------|---------|---------|---------|
|   call   | grp_crypto_sign_ed25519_10_fu_142 |    1    |    7    | 6.34165 |   282   |   464   |
|          | grp_crypto_sign_ed25519_18_fu_150 |    1    |    7    | 6.96015 |   282   |   461   |
|----------|-----------------------------------|---------|---------|---------|---------|---------|
|          |            i_31_fu_165            |    0    |    0    |    0    |    0    |    12   |
|          |            i_32_fu_177            |    0    |    0    |    0    |    0    |    15   |
|    add   |            i_33_fu_189            |    0    |    0    |    0    |    0    |    12   |
|          |            i_34_fu_201            |    0    |    0    |    0    |    0    |    15   |
|          |            i_35_fu_213            |    0    |    0    |    0    |    0    |    15   |
|          |            i_36_fu_225            |    0    |    0    |    0    |    0    |    15   |
|----------|-----------------------------------|---------|---------|---------|---------|---------|
|          |             tmp_fu_159            |    0    |    0    |    0    |    0    |    2    |
|          |            tmp_s_fu_171           |    0    |    0    |    0    |    0    |    2    |
|   icmp   |           tmp_757_fu_183          |    0    |    0    |    0    |    0    |    2    |
|          |           tmp_758_fu_195          |    0    |    0    |    0    |    0    |    3    |
|          |           tmp_759_fu_207          |    0    |    0    |    0    |    0    |    4    |
|          |           tmp_760_fu_219          |    0    |    0    |    0    |    0    |    3    |
|----------|-----------------------------------|---------|---------|---------|---------|---------|
|   Total  |                                   |    2    |    14   | 13.3018 |   564   |   1025  |
|----------|-----------------------------------|---------|---------|---------|---------|---------|

Memories:
+----------+--------+--------+--------+
|          |  BRAM  |   FF   |   LUT  |
+----------+--------+--------+--------+
|   t0_v   |    2   |    0   |    0   |
|   t1_v   |    2   |    0   |    0   |
|   z11_v  |    2   |    0   |    0   |
|z2_100_0_v|    2   |    0   |    0   |
| z2_10_0_v|    2   |    0   |    0   |
| z2_20_0_v|    2   |    0   |    0   |
| z2_50_0_v|    2   |    0   |    0   |
| z2_5_0_v |    2   |    0   |    0   |
|   z2_v   |    2   |    0   |    0   |
|   z9_v   |    2   |    0   |    0   |
+----------+--------+--------+--------+
|   Total  |   20   |    0   |    0   |
+----------+--------+--------+--------+

* Register list:
+------------+--------+
|            |   FF   |
+------------+--------+
| i_1_reg_87 |    5   |
| i_2_reg_98 |    4   |
|i_31_reg_234|    4   |
|i_32_reg_242|    5   |
|i_33_reg_250|    4   |
|i_34_reg_258|    6   |
|i_35_reg_266|    7   |
|i_36_reg_274|    6   |
| i_3_reg_109|    6   |
| i_4_reg_120|    7   |
| i_5_reg_131|    6   |
|  i_reg_76  |    4   |
+------------+--------+
|    Total   |   64   |
+------------+--------+

* Multiplexer (MUX) list: 
|--------|------|------|------|--------|
|  Comp  |  Pin | Size |  BW  | S x BW |
|--------|------|------|------|--------|
|  Total |      |      |      |    0   |
|--------|------|------|------|--------|



* Summary:
+-----------+--------+--------+--------+--------+--------+
|           |  BRAM  | DSP48E |  Delay |   FF   |   LUT  |
+-----------+--------+--------+--------+--------+--------+
|  Function |    2   |   14   |   13   |   564  |  1025  |
|   Memory  |   20   |    -   |    -   |    0   |    0   |
|Multiplexer|    -   |    -   |    -   |    -   |    -   |
|  Register |    -   |    -   |    -   |   64   |    -   |
+-----------+--------+--------+--------+--------+--------+
|   Total   |   22   |   14   |   13   |   628  |  1025  |
+-----------+--------+--------+--------+--------+--------+
