

================================================================
== Vivado HLS Report for 'sha512_init'
================================================================
* Date:           Sat Jun  3 22:30:06 2017

* Version:        2017.1 (Build 1846317 on Fri Apr 14 19:19:38 MDT 2017)
* Project:        ed25519_ref
* Solution:       solution1
* Product family: zynquplus
* Target device:  xczu9eg-ffvb1156-2-i


================================================================
== Performance Estimates
================================================================
+ Timing (ns): 
    * Summary: 
    +--------+-------+----------+------------+
    |  Clock | Target| Estimated| Uncertainty|
    +--------+-------+----------+------------+
    |ap_clk  |  10.00|      0.68|        1.25|
    +--------+-------+----------+------------+

+ Latency (clock cycles): 
    * Summary: 
    +-----+-----+-----+-----+---------+
    |  Latency  |  Interval | Pipeline|
    | min | max | min | max |   Type  |
    +-----+-----+-----+-----+---------+
    |    3|    3|    3|    3|   none  |
    +-----+-----+-----+-----+---------+

    + Detail: 
        * Instance: 
        N/A

        * Loop: 
        N/A

============================================================
+ Verbose Summary: Synthesis Manager
============================================================
InlineROM: 1
ExposeGlobal: 0
============================================================
+ Verbose Summary: CDFG Model
============================================================
IsTopModel: 0
ResetActiveHigh: 1
IsCombinational: 0
IsDatapathOnly: 0
HasWiredReturn: 1
HasMFsm: 0
HasVarLatency: 1
IsPipeline: 0
IsRtlPipelined: 0
IsInstanceOverlapped: 0
IsDontTouch: 0
HasImplIP: 0
IsGatedGlobalClock: 0


============================================================
+ Verbose Summary: Schedule
============================================================
* Number of FSM states: 4
* Pipeline: 0
* Dataflow Pipeline: 0

* FSM state transitions: 
1 --> 
	2  / true
2 --> 
	3  / true
3 --> 
	4  / true
4 --> 
* FSM state operations: 

 <State 1>: 0.68ns
ST_1: md_state_addr (2)  [1/1] 0.00ns  loc: ed25519_ref/src/sha512.c:221
:0  %md_state_addr = getelementptr [8 x i64]* %md_state, i64 0, i64 0

ST_1: StgValue_6 (3)  [1/1] 0.68ns  loc: ed25519_ref/src/sha512.c:221
:1  store i64 7640891576956012808, i64* %md_state_addr, align 8

ST_1: md_state_addr_1 (4)  [1/1] 0.00ns  loc: ed25519_ref/src/sha512.c:222
:2  %md_state_addr_1 = getelementptr [8 x i64]* %md_state, i64 0, i64 1

ST_1: StgValue_8 (5)  [1/1] 0.68ns  loc: ed25519_ref/src/sha512.c:222
:3  store i64 -4942790177534073029, i64* %md_state_addr_1, align 8


 <State 2>: 0.68ns
ST_2: md_state_addr_2 (6)  [1/1] 0.00ns  loc: ed25519_ref/src/sha512.c:223
:4  %md_state_addr_2 = getelementptr [8 x i64]* %md_state, i64 0, i64 2

ST_2: StgValue_10 (7)  [1/1] 0.68ns  loc: ed25519_ref/src/sha512.c:223
:5  store i64 4354685564936845355, i64* %md_state_addr_2, align 8

ST_2: md_state_addr_3 (8)  [1/1] 0.00ns  loc: ed25519_ref/src/sha512.c:224
:6  %md_state_addr_3 = getelementptr [8 x i64]* %md_state, i64 0, i64 3

ST_2: StgValue_12 (9)  [1/1] 0.68ns  loc: ed25519_ref/src/sha512.c:224
:7  store i64 -6534734903238641935, i64* %md_state_addr_3, align 8


 <State 3>: 0.68ns
ST_3: md_state_addr_4 (10)  [1/1] 0.00ns  loc: ed25519_ref/src/sha512.c:225
:8  %md_state_addr_4 = getelementptr [8 x i64]* %md_state, i64 0, i64 4

ST_3: StgValue_14 (11)  [1/1] 0.68ns  loc: ed25519_ref/src/sha512.c:225
:9  store i64 5840696475078001361, i64* %md_state_addr_4, align 8

ST_3: md_state_addr_5 (12)  [1/1] 0.00ns  loc: ed25519_ref/src/sha512.c:226
:10  %md_state_addr_5 = getelementptr [8 x i64]* %md_state, i64 0, i64 5

ST_3: StgValue_16 (13)  [1/1] 0.68ns  loc: ed25519_ref/src/sha512.c:226
:11  store i64 -7276294671716946913, i64* %md_state_addr_5, align 8


 <State 4>: 0.68ns
ST_4: md_state_addr_6 (14)  [1/1] 0.00ns  loc: ed25519_ref/src/sha512.c:227
:12  %md_state_addr_6 = getelementptr [8 x i64]* %md_state, i64 0, i64 6

ST_4: StgValue_18 (15)  [1/1] 0.68ns  loc: ed25519_ref/src/sha512.c:227
:13  store i64 2270897969802886507, i64* %md_state_addr_6, align 8

ST_4: md_state_addr_7 (16)  [1/1] 0.00ns  loc: ed25519_ref/src/sha512.c:228
:14  %md_state_addr_7 = getelementptr [8 x i64]* %md_state, i64 0, i64 7

ST_4: StgValue_20 (17)  [1/1] 0.68ns  loc: ed25519_ref/src/sha512.c:228
:15  store i64 6620516959819538809, i64* %md_state_addr_7, align 8

ST_4: StgValue_21 (18)  [1/1] 0.00ns
:16  ret void



============================================================
+ Verbose Summary: Binding
============================================================
STG Binding: 
---------------- STG Properties BEGIN ----------------
- Is combinational: 0
- Is one-state seq: 0
- Is datapath-only: 0
- Is pipelined: 0
- Is top level: 0
Port [ Return ] is wired: 1; IO mode=ap_ctrl_hs:ce=0
Port [ md_state]:  wired=1; compound=1; hidden=0; nouse=0; global=0; static=0; extern=0; dir=1; type=1; pingpong=0; private_global=0; MemPort=[00]; IO mode=ap_memory:ce=0
---------------- STG Properties END ------------------

---------------- Datapath Model BEGIN ----------------

<LifeTime>
<method=bitvector/>
md_state_addr   (getelementptr) [ 00000]
StgValue_6      (store        ) [ 00000]
md_state_addr_1 (getelementptr) [ 00000]
StgValue_8      (store        ) [ 00000]
md_state_addr_2 (getelementptr) [ 00000]
StgValue_10     (store        ) [ 00000]
md_state_addr_3 (getelementptr) [ 00000]
StgValue_12     (store        ) [ 00000]
md_state_addr_4 (getelementptr) [ 00000]
StgValue_14     (store        ) [ 00000]
md_state_addr_5 (getelementptr) [ 00000]
StgValue_16     (store        ) [ 00000]
md_state_addr_6 (getelementptr) [ 00000]
StgValue_18     (store        ) [ 00000]
md_state_addr_7 (getelementptr) [ 00000]
StgValue_20     (store        ) [ 00000]
StgValue_21     (ret          ) [ 00000]
</LifeTime>

<model>

<comp_list>
<comp id="0" class="1000" name="md_state">
<pin_list>
<pin id="1" dir="1" index="0" bw="1" slack="0"/>
</pin_list>
<bind>
<StgValue><ssdm name="md_state"/><MemPortTyVec>0 0 </MemPortTyVec>
</StgValue>
</bind>
</comp>

<comp id="2" class="1001" name="const_2">
<pin_list>
<pin id="3" dir="1" index="0" bw="1" slack="0"/>
</pin_list>
<bind>
<StgValue><ssdm name=""/></StgValue>
</bind>
</comp>

<comp id="4" class="1001" name="const_4">
<pin_list>
<pin id="5" dir="1" index="0" bw="1" slack="0"/>
</pin_list>
<bind>
<StgValue><ssdm name=""/></StgValue>
</bind>
</comp>

<comp id="6" class="1001" name="const_6">
<pin_list>
<pin id="7" dir="1" index="0" bw="1" slack="0"/>
</pin_list>
<bind>
<StgValue><ssdm name=""/></StgValue>
</bind>
</comp>

<comp id="8" class="1001" name="const_8">
<pin_list>
<pin id="9" dir="1" index="0" bw="1" slack="0"/>
</pin_list>
<bind>
<StgValue><ssdm name=""/></StgValue>
</bind>
</comp>

<comp id="10" class="1001" name="const_10">
<pin_list>
<pin id="11" dir="1" index="0" bw="1" slack="0"/>
</pin_list>
<bind>
<StgValue><ssdm name=""/></StgValue>
</bind>
</comp>

<comp id="12" class="1001" name="const_12">
<pin_list>
<pin id="13" dir="1" index="0" bw="1" slack="0"/>
</pin_list>
<bind>
<StgValue><ssdm name=""/></StgValue>
</bind>
</comp>

<comp id="14" class="1001" name="const_14">
<pin_list>
<pin id="15" dir="1" index="0" bw="1" slack="0"/>
</pin_list>
<bind>
<StgValue><ssdm name=""/></StgValue>
</bind>
</comp>

<comp id="16" class="1001" name="const_16">
<pin_list>
<pin id="17" dir="1" index="0" bw="1" slack="0"/>
</pin_list>
<bind>
<StgValue><ssdm name=""/></StgValue>
</bind>
</comp>

<comp id="18" class="1001" name="const_18">
<pin_list>
<pin id="19" dir="1" index="0" bw="1" slack="0"/>
</pin_list>
<bind>
<StgValue><ssdm name=""/></StgValue>
</bind>
</comp>

<comp id="20" class="1001" name="const_20">
<pin_list>
<pin id="21" dir="1" index="0" bw="1" slack="0"/>
</pin_list>
<bind>
<StgValue><ssdm name=""/></StgValue>
</bind>
</comp>

<comp id="22" class="1001" name="const_22">
<pin_list>
<pin id="23" dir="1" index="0" bw="1" slack="0"/>
</pin_list>
<bind>
<StgValue><ssdm name=""/></StgValue>
</bind>
</comp>

<comp id="24" class="1001" name="const_24">
<pin_list>
<pin id="25" dir="1" index="0" bw="1" slack="0"/>
</pin_list>
<bind>
<StgValue><ssdm name=""/></StgValue>
</bind>
</comp>

<comp id="26" class="1001" name="const_26">
<pin_list>
<pin id="27" dir="1" index="0" bw="1" slack="0"/>
</pin_list>
<bind>
<StgValue><ssdm name=""/></StgValue>
</bind>
</comp>

<comp id="28" class="1001" name="const_28">
<pin_list>
<pin id="29" dir="1" index="0" bw="1" slack="0"/>
</pin_list>
<bind>
<StgValue><ssdm name=""/></StgValue>
</bind>
</comp>

<comp id="30" class="1001" name="const_30">
<pin_list>
<pin id="31" dir="1" index="0" bw="1" slack="0"/>
</pin_list>
<bind>
<StgValue><ssdm name=""/></StgValue>
</bind>
</comp>

<comp id="32" class="1001" name="const_32">
<pin_list>
<pin id="33" dir="1" index="0" bw="1" slack="0"/>
</pin_list>
<bind>
<StgValue><ssdm name=""/></StgValue>
</bind>
</comp>

<comp id="34" class="1004" name="md_state_addr_gep_fu_34">
<pin_list>
<pin id="35" dir="0" index="0" bw="64" slack="0"/>
<pin id="36" dir="0" index="1" bw="1" slack="0"/>
<pin id="37" dir="0" index="2" bw="1" slack="0"/>
<pin id="38" dir="1" index="3" bw="3" slack="0"/>
</pin_list>
<bind>
<opcode="getelementptr(29) " fcode="getelementptr"/>
<opset="md_state_addr/1 "/>
</bind>
</comp>

<comp id="42" class="1004" name="grp_access_fu_42">
<pin_list>
<pin id="43" dir="0" index="0" bw="3" slack="0"/>
<pin id="44" dir="0" index="1" bw="64" slack="0"/>
<pin id="56" dir="0" index="3" bw="3" slack="0"/>
<pin id="57" dir="0" index="4" bw="64" slack="0"/>
<pin id="45" dir="1" index="2" bw="64" slack="2147483647"/>
<pin id="58" dir="1" index="5" bw="64" slack="2147483647"/>
</pin_list>
<bind>
<opcode="store(28) " fcode="store"/>
<opset="StgValue_6/1 StgValue_8/1 StgValue_10/2 StgValue_12/2 StgValue_14/3 StgValue_16/3 StgValue_18/4 StgValue_20/4 "/>
</bind>
</comp>

<comp id="48" class="1004" name="md_state_addr_1_gep_fu_48">
<pin_list>
<pin id="49" dir="0" index="0" bw="64" slack="0"/>
<pin id="50" dir="0" index="1" bw="1" slack="0"/>
<pin id="51" dir="0" index="2" bw="1" slack="0"/>
<pin id="52" dir="1" index="3" bw="3" slack="0"/>
</pin_list>
<bind>
<opcode="getelementptr(29) " fcode="getelementptr"/>
<opset="md_state_addr_1/1 "/>
</bind>
</comp>

<comp id="61" class="1004" name="md_state_addr_2_gep_fu_61">
<pin_list>
<pin id="62" dir="0" index="0" bw="64" slack="0"/>
<pin id="63" dir="0" index="1" bw="1" slack="0"/>
<pin id="64" dir="0" index="2" bw="3" slack="0"/>
<pin id="65" dir="1" index="3" bw="3" slack="0"/>
</pin_list>
<bind>
<opcode="getelementptr(29) " fcode="getelementptr"/>
<opset="md_state_addr_2/2 "/>
</bind>
</comp>

<comp id="71" class="1004" name="md_state_addr_3_gep_fu_71">
<pin_list>
<pin id="72" dir="0" index="0" bw="64" slack="0"/>
<pin id="73" dir="0" index="1" bw="1" slack="0"/>
<pin id="74" dir="0" index="2" bw="3" slack="0"/>
<pin id="75" dir="1" index="3" bw="3" slack="0"/>
</pin_list>
<bind>
<opcode="getelementptr(29) " fcode="getelementptr"/>
<opset="md_state_addr_3/2 "/>
</bind>
</comp>

<comp id="81" class="1004" name="md_state_addr_4_gep_fu_81">
<pin_list>
<pin id="82" dir="0" index="0" bw="64" slack="0"/>
<pin id="83" dir="0" index="1" bw="1" slack="0"/>
<pin id="84" dir="0" index="2" bw="4" slack="0"/>
<pin id="85" dir="1" index="3" bw="3" slack="0"/>
</pin_list>
<bind>
<opcode="getelementptr(29) " fcode="getelementptr"/>
<opset="md_state_addr_4/3 "/>
</bind>
</comp>

<comp id="91" class="1004" name="md_state_addr_5_gep_fu_91">
<pin_list>
<pin id="92" dir="0" index="0" bw="64" slack="0"/>
<pin id="93" dir="0" index="1" bw="1" slack="0"/>
<pin id="94" dir="0" index="2" bw="4" slack="0"/>
<pin id="95" dir="1" index="3" bw="3" slack="0"/>
</pin_list>
<bind>
<opcode="getelementptr(29) " fcode="getelementptr"/>
<opset="md_state_addr_5/3 "/>
</bind>
</comp>

<comp id="101" class="1004" name="md_state_addr_6_gep_fu_101">
<pin_list>
<pin id="102" dir="0" index="0" bw="64" slack="0"/>
<pin id="103" dir="0" index="1" bw="1" slack="0"/>
<pin id="104" dir="0" index="2" bw="4" slack="0"/>
<pin id="105" dir="1" index="3" bw="3" slack="0"/>
</pin_list>
<bind>
<opcode="getelementptr(29) " fcode="getelementptr"/>
<opset="md_state_addr_6/4 "/>
</bind>
</comp>

<comp id="111" class="1004" name="md_state_addr_7_gep_fu_111">
<pin_list>
<pin id="112" dir="0" index="0" bw="64" slack="0"/>
<pin id="113" dir="0" index="1" bw="1" slack="0"/>
<pin id="114" dir="0" index="2" bw="4" slack="0"/>
<pin id="115" dir="1" index="3" bw="3" slack="0"/>
</pin_list>
<bind>
<opcode="getelementptr(29) " fcode="getelementptr"/>
<opset="md_state_addr_7/4 "/>
</bind>
</comp>

</comp_list>

<net_list>
<net id="39"><net_src comp="0" pin="0"/><net_sink comp="34" pin=0"/></net>

<net id="40"><net_src comp="2" pin="0"/><net_sink comp="34" pin=1"/></net>

<net id="41"><net_src comp="2" pin="0"/><net_sink comp="34" pin=2"/></net>

<net id="46"><net_src comp="4" pin="0"/><net_sink comp="42" pin=1"/></net>

<net id="47"><net_src comp="34" pin="3"/><net_sink comp="42" pin=0"/></net>

<net id="53"><net_src comp="0" pin="0"/><net_sink comp="48" pin=0"/></net>

<net id="54"><net_src comp="2" pin="0"/><net_sink comp="48" pin=1"/></net>

<net id="55"><net_src comp="6" pin="0"/><net_sink comp="48" pin=2"/></net>

<net id="59"><net_src comp="8" pin="0"/><net_sink comp="42" pin=4"/></net>

<net id="60"><net_src comp="48" pin="3"/><net_sink comp="42" pin=3"/></net>

<net id="66"><net_src comp="0" pin="0"/><net_sink comp="61" pin=0"/></net>

<net id="67"><net_src comp="2" pin="0"/><net_sink comp="61" pin=1"/></net>

<net id="68"><net_src comp="10" pin="0"/><net_sink comp="61" pin=2"/></net>

<net id="69"><net_src comp="12" pin="0"/><net_sink comp="42" pin=1"/></net>

<net id="70"><net_src comp="61" pin="3"/><net_sink comp="42" pin=0"/></net>

<net id="76"><net_src comp="0" pin="0"/><net_sink comp="71" pin=0"/></net>

<net id="77"><net_src comp="2" pin="0"/><net_sink comp="71" pin=1"/></net>

<net id="78"><net_src comp="14" pin="0"/><net_sink comp="71" pin=2"/></net>

<net id="79"><net_src comp="16" pin="0"/><net_sink comp="42" pin=4"/></net>

<net id="80"><net_src comp="71" pin="3"/><net_sink comp="42" pin=3"/></net>

<net id="86"><net_src comp="0" pin="0"/><net_sink comp="81" pin=0"/></net>

<net id="87"><net_src comp="2" pin="0"/><net_sink comp="81" pin=1"/></net>

<net id="88"><net_src comp="18" pin="0"/><net_sink comp="81" pin=2"/></net>

<net id="89"><net_src comp="20" pin="0"/><net_sink comp="42" pin=1"/></net>

<net id="90"><net_src comp="81" pin="3"/><net_sink comp="42" pin=0"/></net>

<net id="96"><net_src comp="0" pin="0"/><net_sink comp="91" pin=0"/></net>

<net id="97"><net_src comp="2" pin="0"/><net_sink comp="91" pin=1"/></net>

<net id="98"><net_src comp="22" pin="0"/><net_sink comp="91" pin=2"/></net>

<net id="99"><net_src comp="24" pin="0"/><net_sink comp="42" pin=4"/></net>

<net id="100"><net_src comp="91" pin="3"/><net_sink comp="42" pin=3"/></net>

<net id="106"><net_src comp="0" pin="0"/><net_sink comp="101" pin=0"/></net>

<net id="107"><net_src comp="2" pin="0"/><net_sink comp="101" pin=1"/></net>

<net id="108"><net_src comp="26" pin="0"/><net_sink comp="101" pin=2"/></net>

<net id="109"><net_src comp="28" pin="0"/><net_sink comp="42" pin=1"/></net>

<net id="110"><net_src comp="101" pin="3"/><net_sink comp="42" pin=0"/></net>

<net id="116"><net_src comp="0" pin="0"/><net_sink comp="111" pin=0"/></net>

<net id="117"><net_src comp="2" pin="0"/><net_sink comp="111" pin=1"/></net>

<net id="118"><net_src comp="30" pin="0"/><net_sink comp="111" pin=2"/></net>

<net id="119"><net_src comp="32" pin="0"/><net_sink comp="42" pin=4"/></net>

<net id="120"><net_src comp="111" pin="3"/><net_sink comp="42" pin=3"/></net>

</net_list>

</model> 
---------------- Datapath Model END ------------------

* FSMD analyzer results:
  - Output states:
	Port: md_state | {1 2 3 4 }
 - Input state : 
  - Chain level:
	State 1
		StgValue_6 : 1
		StgValue_8 : 1
	State 2
		StgValue_10 : 1
		StgValue_12 : 1
	State 3
		StgValue_14 : 1
		StgValue_16 : 1
	State 4
		StgValue_18 : 1
		StgValue_20 : 1


============================================================
+ Verbose Summary: Datapath Resource usage 
============================================================

* Functional unit list:
|----------|----------------|
| Operation| Functional Unit|
|----------|----------------|
|   Total  |                |
|----------|----------------|

Memories:
N/A

* Register list:
N/A

* Multiplexer (MUX) list: 
|------------------|------|------|------|--------||---------||---------|
|       Comp       |  Pin | Size |  BW  | S x BW ||  Delay  ||   LUT   |
|------------------|------|------|------|--------||---------||---------|
| grp_access_fu_42 |  p0  |   4  |   3  |   12   ||    21   |
| grp_access_fu_42 |  p1  |   4  |  64  |   256  ||    9    |
| grp_access_fu_42 |  p3  |   4  |   3  |   12   ||    21   |
| grp_access_fu_42 |  p4  |   4  |  64  |   256  ||    9    |
|------------------|------|------|------|--------||---------||---------|
|       Total      |      |      |      |   536  ||  2.774  ||    60   |
|------------------|------|------|------|--------||---------||---------|



* Summary:
+-----------+--------+--------+
|           |  Delay |   LUT  |
+-----------+--------+--------+
|  Function |    -   |    -   |
|   Memory  |    -   |    -   |
|Multiplexer|    2   |   60   |
|  Register |    -   |    -   |
+-----------+--------+--------+
|   Total   |    2   |   60   |
+-----------+--------+--------+
