

================================================================
== Vivado HLS Report for 'match_db_contact'
================================================================
* Date:           Fri Mar 30 21:00:25 2018

* Version:        2017.1 (Build 1846317 on Fri Apr 14 19:19:38 MDT 2017)
* Project:        contact_discovery_axi_one_db_load
* Solution:       solution1
* Product family: zynquplus
* Target device:  xczu9eg-ffvb1156-1-i


================================================================
== Performance Estimates
================================================================
+ Timing (ns): 
    * Summary: 
    +--------+-------+----------+------------+
    |  Clock | Target| Estimated| Uncertainty|
    +--------+-------+----------+------------+
    |ap_clk  |  10.00|      3.62|        1.25|
    +--------+-------+----------+------------+

+ Latency (clock cycles): 
    * Summary: 
    +------+------+------+------+---------+
    |   Latency   |   Interval  | Pipeline|
    |  min |  max |  min |  max |   Type  |
    +------+------+------+------+---------+
    |  4223|  4223|  4223|  4223|   none  |
    +------+------+------+------+---------+

    + Detail: 
        * Instance: 
        +--------------------+---------+-----+-----+-----+-----+----------+
        |                    |         |  Latency  |  Interval | Pipeline |
        |      Instance      |  Module | min | max | min | max |   Type   |
        +--------------------+---------+-----+-----+-----+-----+----------+
        |grp_compare_fu_288  |compare  |   32|   32|   32|   32| function |
        +--------------------+---------+-----+-----+-----+-----+----------+

        * Loop: 
        N/A



================================================================
== Utilization Estimates
================================================================
* Summary: 
+-----------------+---------+-------+--------+--------+-----+
|       Name      | BRAM_18K| DSP48E|   FF   |   LUT  | URAM|
+-----------------+---------+-------+--------+--------+-----+
|DSP              |        -|      -|       -|       -|    -|
|Expression       |        -|      -|       0|     254|    -|
|FIFO             |        -|      -|       -|       -|    -|
|Instance         |        -|      -|     101|    2919|    -|
|Memory           |        -|      -|       -|       -|    -|
|Multiplexer      |        -|      -|       -|    2819|    -|
|Register         |        -|      -|    4352|       -|    -|
+-----------------+---------+-------+--------+--------+-----+
|Total            |        0|      0|    4453|    5992|    0|
+-----------------+---------+-------+--------+--------+-----+
|Available        |     1824|   2520|  548160|  274080|    0|
+-----------------+---------+-------+--------+--------+-----+
|Utilization (%)  |        0|      0|   ~0   |       2|    0|
+-----------------+---------+-------+--------+--------+-----+

+ Detail: 
    * Instance: 
    +--------------------+---------+---------+-------+-----+------+
    |      Instance      |  Module | BRAM_18K| DSP48E|  FF |  LUT |
    +--------------------+---------+---------+-------+-----+------+
    |grp_compare_fu_288  |compare  |        0|      0|  101|  2919|
    +--------------------+---------+---------+-------+-----+------+
    |Total               |         |        0|      0|  101|  2919|
    +--------------------+---------+---------+-------+-----+------+

    * DSP48: 
    N/A

    * Memory: 
    N/A

    * FIFO: 
    N/A

    * Expression: 
    +-------------------+----------+-------+---+----+------------+------------+
    |   Variable Name   | Operation| DSP48E| FF| LUT| Bitwidth P0| Bitwidth P1|
    +-------------------+----------+-------+---+----+------------+------------+
    |results_d0         |    or    |      0|  0|   2|           1|           1|
    |tmp100_fu_895_p2   |    or    |      0|  0|   2|           1|           1|
    |tmp101_fu_899_p2   |    or    |      0|  0|   2|           1|           1|
    |tmp102_fu_917_p2   |    or    |      0|  0|   2|           1|           1|
    |tmp103_fu_909_p2   |    or    |      0|  0|   2|           1|           1|
    |tmp104_fu_913_p2   |    or    |      0|  0|   2|           1|           1|
    |tmp105_fu_957_p2   |    or    |      0|  0|   2|           1|           1|
    |tmp106_fu_937_p2   |    or    |      0|  0|   2|           1|           1|
    |tmp107_fu_929_p2   |    or    |      0|  0|   2|           1|           1|
    |tmp108_fu_933_p2   |    or    |      0|  0|   2|           1|           1|
    |tmp109_fu_951_p2   |    or    |      0|  0|   2|           1|           1|
    |tmp10_fu_445_p2    |    or    |      0|  0|   2|           1|           1|
    |tmp110_fu_943_p2   |    or    |      0|  0|   2|           1|           1|
    |tmp111_fu_947_p2   |    or    |      0|  0|   2|           1|           1|
    |tmp112_fu_1038_p2  |    or    |      0|  0|   2|           1|           1|
    |tmp113_fu_997_p2   |    or    |      0|  0|   2|           1|           1|
    |tmp114_fu_977_p2   |    or    |      0|  0|   2|           1|           1|
    |tmp115_fu_969_p2   |    or    |      0|  0|   2|           1|           1|
    |tmp116_fu_973_p2   |    or    |      0|  0|   2|           1|           1|
    |tmp117_fu_991_p2   |    or    |      0|  0|   2|           1|           1|
    |tmp118_fu_983_p2   |    or    |      0|  0|   2|           1|           1|
    |tmp119_fu_987_p2   |    or    |      0|  0|   2|           1|           1|
    |tmp11_fu_489_p2    |    or    |      0|  0|   2|           1|           1|
    |tmp120_fu_1032_p2  |    or    |      0|  0|   2|           1|           1|
    |tmp121_fu_1011_p2  |    or    |      0|  0|   2|           1|           1|
    |tmp122_fu_1003_p2  |    or    |      0|  0|   2|           1|           1|
    |tmp123_fu_1007_p2  |    or    |      0|  0|   2|           1|           1|
    |tmp124_fu_1026_p2  |    or    |      0|  0|   2|           1|           1|
    |tmp125_fu_1017_p2  |    or    |      0|  0|   2|           1|           1|
    |tmp126_fu_1021_p2  |    or    |      0|  0|   2|           1|           1|
    |tmp12_fu_469_p2    |    or    |      0|  0|   2|           1|           1|
    |tmp13_fu_461_p2    |    or    |      0|  0|   2|           1|           1|
    |tmp14_fu_465_p2    |    or    |      0|  0|   2|           1|           1|
    |tmp15_fu_483_p2    |    or    |      0|  0|   2|           1|           1|
    |tmp16_fu_475_p2    |    or    |      0|  0|   2|           1|           1|
    |tmp17_fu_479_p2    |    or    |      0|  0|   2|           1|           1|
    |tmp18_fu_569_p2    |    or    |      0|  0|   2|           1|           1|
    |tmp19_fu_529_p2    |    or    |      0|  0|   2|           1|           1|
    |tmp1_fu_735_p2     |    or    |      0|  0|   2|           1|           1|
    |tmp20_fu_509_p2    |    or    |      0|  0|   2|           1|           1|
    |tmp21_fu_501_p2    |    or    |      0|  0|   2|           1|           1|
    |tmp22_fu_505_p2    |    or    |      0|  0|   2|           1|           1|
    |tmp23_fu_523_p2    |    or    |      0|  0|   2|           1|           1|
    |tmp24_fu_515_p2    |    or    |      0|  0|   2|           1|           1|
    |tmp25_fu_519_p2    |    or    |      0|  0|   2|           1|           1|
    |tmp26_fu_563_p2    |    or    |      0|  0|   2|           1|           1|
    |tmp27_fu_543_p2    |    or    |      0|  0|   2|           1|           1|
    |tmp28_fu_535_p2    |    or    |      0|  0|   2|           1|           1|
    |tmp29_fu_539_p2    |    or    |      0|  0|   2|           1|           1|
    |tmp2_fu_575_p2     |    or    |      0|  0|   2|           1|           1|
    |tmp30_fu_557_p2    |    or    |      0|  0|   2|           1|           1|
    |tmp31_fu_549_p2    |    or    |      0|  0|   2|           1|           1|
    |tmp32_fu_553_p2    |    or    |      0|  0|   2|           1|           1|
    |tmp33_fu_729_p2    |    or    |      0|  0|   2|           1|           1|
    |tmp34_fu_649_p2    |    or    |      0|  0|   2|           1|           1|
    |tmp35_fu_609_p2    |    or    |      0|  0|   2|           1|           1|
    |tmp36_fu_589_p2    |    or    |      0|  0|   2|           1|           1|
    |tmp37_fu_581_p2    |    or    |      0|  0|   2|           1|           1|
    |tmp38_fu_585_p2    |    or    |      0|  0|   2|           1|           1|
    |tmp39_fu_603_p2    |    or    |      0|  0|   2|           1|           1|
    |tmp3_fu_495_p2     |    or    |      0|  0|   2|           1|           1|
    |tmp40_fu_595_p2    |    or    |      0|  0|   2|           1|           1|
    |tmp41_fu_599_p2    |    or    |      0|  0|   2|           1|           1|
    |tmp42_fu_643_p2    |    or    |      0|  0|   2|           1|           1|
    |tmp43_fu_623_p2    |    or    |      0|  0|   2|           1|           1|
    |tmp44_fu_615_p2    |    or    |      0|  0|   2|           1|           1|
    |tmp45_fu_619_p2    |    or    |      0|  0|   2|           1|           1|
    |tmp46_fu_637_p2    |    or    |      0|  0|   2|           1|           1|
    |tmp47_fu_629_p2    |    or    |      0|  0|   2|           1|           1|
    |tmp48_fu_633_p2    |    or    |      0|  0|   2|           1|           1|
    |tmp49_fu_723_p2    |    or    |      0|  0|   2|           1|           1|
    |tmp4_fu_455_p2     |    or    |      0|  0|   2|           1|           1|
    |tmp50_fu_683_p2    |    or    |      0|  0|   2|           1|           1|
    |tmp51_fu_663_p2    |    or    |      0|  0|   2|           1|           1|
    |tmp52_fu_655_p2    |    or    |      0|  0|   2|           1|           1|
    |tmp53_fu_659_p2    |    or    |      0|  0|   2|           1|           1|
    |tmp54_fu_677_p2    |    or    |      0|  0|   2|           1|           1|
    |tmp55_fu_669_p2    |    or    |      0|  0|   2|           1|           1|
    |tmp56_fu_673_p2    |    or    |      0|  0|   2|           1|           1|
    |tmp57_fu_717_p2    |    or    |      0|  0|   2|           1|           1|
    |tmp58_fu_697_p2    |    or    |      0|  0|   2|           1|           1|
    |tmp59_fu_689_p2    |    or    |      0|  0|   2|           1|           1|
    |tmp5_fu_435_p2     |    or    |      0|  0|   2|           1|           1|
    |tmp60_fu_693_p2    |    or    |      0|  0|   2|           1|           1|
    |tmp61_fu_711_p2    |    or    |      0|  0|   2|           1|           1|
    |tmp62_fu_703_p2    |    or    |      0|  0|   2|           1|           1|
    |tmp63_fu_707_p2    |    or    |      0|  0|   2|           1|           1|
    |tmp64_fu_1050_p2   |    or    |      0|  0|   2|           1|           1|
    |tmp65_fu_889_p2    |    or    |      0|  0|   2|           1|           1|
    |tmp66_fu_809_p2    |    or    |      0|  0|   2|           1|           1|
    |tmp67_fu_769_p2    |    or    |      0|  0|   2|           1|           1|
    |tmp68_fu_749_p2    |    or    |      0|  0|   2|           1|           1|
    |tmp69_fu_741_p2    |    or    |      0|  0|   2|           1|           1|
    |tmp6_fu_427_p2     |    or    |      0|  0|   2|           1|           1|
    |tmp70_fu_745_p2    |    or    |      0|  0|   2|           1|           1|
    |tmp71_fu_763_p2    |    or    |      0|  0|   2|           1|           1|
    |tmp72_fu_755_p2    |    or    |      0|  0|   2|           1|           1|
    |tmp73_fu_759_p2    |    or    |      0|  0|   2|           1|           1|
    |tmp74_fu_803_p2    |    or    |      0|  0|   2|           1|           1|
    |tmp75_fu_783_p2    |    or    |      0|  0|   2|           1|           1|
    |tmp76_fu_775_p2    |    or    |      0|  0|   2|           1|           1|
    |tmp77_fu_779_p2    |    or    |      0|  0|   2|           1|           1|
    |tmp78_fu_797_p2    |    or    |      0|  0|   2|           1|           1|
    |tmp79_fu_789_p2    |    or    |      0|  0|   2|           1|           1|
    |tmp7_fu_431_p2     |    or    |      0|  0|   2|           1|           1|
    |tmp80_fu_793_p2    |    or    |      0|  0|   2|           1|           1|
    |tmp81_fu_883_p2    |    or    |      0|  0|   2|           1|           1|
    |tmp82_fu_843_p2    |    or    |      0|  0|   2|           1|           1|
    |tmp83_fu_823_p2    |    or    |      0|  0|   2|           1|           1|
    |tmp84_fu_815_p2    |    or    |      0|  0|   2|           1|           1|
    |tmp85_fu_819_p2    |    or    |      0|  0|   2|           1|           1|
    |tmp86_fu_837_p2    |    or    |      0|  0|   2|           1|           1|
    |tmp87_fu_829_p2    |    or    |      0|  0|   2|           1|           1|
    |tmp88_fu_833_p2    |    or    |      0|  0|   2|           1|           1|
    |tmp89_fu_877_p2    |    or    |      0|  0|   2|           1|           1|
    |tmp8_fu_449_p2     |    or    |      0|  0|   2|           1|           1|
    |tmp90_fu_857_p2    |    or    |      0|  0|   2|           1|           1|
    |tmp91_fu_849_p2    |    or    |      0|  0|   2|           1|           1|
    |tmp92_fu_853_p2    |    or    |      0|  0|   2|           1|           1|
    |tmp93_fu_871_p2    |    or    |      0|  0|   2|           1|           1|
    |tmp94_fu_863_p2    |    or    |      0|  0|   2|           1|           1|
    |tmp95_fu_867_p2    |    or    |      0|  0|   2|           1|           1|
    |tmp96_fu_1044_p2   |    or    |      0|  0|   2|           1|           1|
    |tmp97_fu_963_p2    |    or    |      0|  0|   2|           1|           1|
    |tmp98_fu_923_p2    |    or    |      0|  0|   2|           1|           1|
    |tmp99_fu_903_p2    |    or    |      0|  0|   2|           1|           1|
    |tmp9_fu_441_p2     |    or    |      0|  0|   2|           1|           1|
    +-------------------+----------+-------+---+----+------------+------------+
    |Total              |          |      0|  0| 254|         127|         127|
    +-------------------+----------+-------+---+----+------------+------------+

    * Multiplexer: 
    +-----------------------------------+------+-----------+-----+-----------+
    |                Name               |  LUT | Input Size| Bits| Total Bits|
    +-----------------------------------+------+-----------+-----+-----------+
    |ap_NS_fsm                          |  2193|       4225|    1|       4225|
    |contacts_ce0                       |     9|          2|    1|          2|
    |contacts_ce1                       |     9|          2|    1|          2|
    |database_ce0                       |     9|          2|    1|          2|
    |database_ce1                       |     9|          2|    1|          2|
    |grp_compare_fu_288_ap_start        |     9|          2|    1|          2|
    |grp_compare_fu_288_contacts_index  |   581|        129|    8|       1032|
    +-----------------------------------+------+-----------+-----+-----------+
    |Total                              |  2819|       4364|   14|       5267|
    +-----------------------------------+------+-----------+-----+-----------+

    * Register: 
    +------------------------------------+------+----+------+-----------+
    |                Name                |  FF  | LUT| Bits | Const Bits|
    +------------------------------------+------+----+------+-----------+
    |ap_CS_fsm                           |  4224|   0|  4224|          0|
    |ap_reg_grp_compare_fu_288_ap_start  |     1|   0|     1|          0|
    |tmp_100_reg_1573                    |     1|   0|     1|          0|
    |tmp_101_reg_1578                    |     1|   0|     1|          0|
    |tmp_102_reg_1583                    |     1|   0|     1|          0|
    |tmp_103_reg_1588                    |     1|   0|     1|          0|
    |tmp_104_reg_1593                    |     1|   0|     1|          0|
    |tmp_105_reg_1598                    |     1|   0|     1|          0|
    |tmp_106_reg_1603                    |     1|   0|     1|          0|
    |tmp_107_reg_1608                    |     1|   0|     1|          0|
    |tmp_108_reg_1613                    |     1|   0|     1|          0|
    |tmp_109_reg_1618                    |     1|   0|     1|          0|
    |tmp_10_reg_1123                     |     1|   0|     1|          0|
    |tmp_110_reg_1623                    |     1|   0|     1|          0|
    |tmp_111_reg_1628                    |     1|   0|     1|          0|
    |tmp_112_reg_1633                    |     1|   0|     1|          0|
    |tmp_113_reg_1638                    |     1|   0|     1|          0|
    |tmp_114_reg_1643                    |     1|   0|     1|          0|
    |tmp_115_reg_1648                    |     1|   0|     1|          0|
    |tmp_116_reg_1653                    |     1|   0|     1|          0|
    |tmp_117_reg_1658                    |     1|   0|     1|          0|
    |tmp_118_reg_1663                    |     1|   0|     1|          0|
    |tmp_119_reg_1668                    |     1|   0|     1|          0|
    |tmp_11_reg_1128                     |     1|   0|     1|          0|
    |tmp_120_reg_1673                    |     1|   0|     1|          0|
    |tmp_121_reg_1678                    |     1|   0|     1|          0|
    |tmp_122_reg_1683                    |     1|   0|     1|          0|
    |tmp_123_reg_1688                    |     1|   0|     1|          0|
    |tmp_124_reg_1693                    |     1|   0|     1|          0|
    |tmp_125_reg_1698                    |     1|   0|     1|          0|
    |tmp_126_reg_1703                    |     1|   0|     1|          0|
    |tmp_12_reg_1133                     |     1|   0|     1|          0|
    |tmp_13_reg_1138                     |     1|   0|     1|          0|
    |tmp_14_reg_1143                     |     1|   0|     1|          0|
    |tmp_15_reg_1148                     |     1|   0|     1|          0|
    |tmp_16_reg_1153                     |     1|   0|     1|          0|
    |tmp_17_reg_1158                     |     1|   0|     1|          0|
    |tmp_18_reg_1163                     |     1|   0|     1|          0|
    |tmp_19_reg_1168                     |     1|   0|     1|          0|
    |tmp_1_reg_1088                      |     1|   0|     1|          0|
    |tmp_20_reg_1173                     |     1|   0|     1|          0|
    |tmp_21_reg_1178                     |     1|   0|     1|          0|
    |tmp_22_reg_1183                     |     1|   0|     1|          0|
    |tmp_23_reg_1188                     |     1|   0|     1|          0|
    |tmp_24_reg_1193                     |     1|   0|     1|          0|
    |tmp_25_reg_1198                     |     1|   0|     1|          0|
    |tmp_26_reg_1203                     |     1|   0|     1|          0|
    |tmp_27_reg_1208                     |     1|   0|     1|          0|
    |tmp_28_reg_1213                     |     1|   0|     1|          0|
    |tmp_29_reg_1218                     |     1|   0|     1|          0|
    |tmp_2_reg_1083                      |     1|   0|     1|          0|
    |tmp_30_reg_1223                     |     1|   0|     1|          0|
    |tmp_31_reg_1228                     |     1|   0|     1|          0|
    |tmp_32_reg_1233                     |     1|   0|     1|          0|
    |tmp_33_reg_1238                     |     1|   0|     1|          0|
    |tmp_34_reg_1243                     |     1|   0|     1|          0|
    |tmp_35_reg_1248                     |     1|   0|     1|          0|
    |tmp_36_reg_1253                     |     1|   0|     1|          0|
    |tmp_37_reg_1258                     |     1|   0|     1|          0|
    |tmp_38_reg_1263                     |     1|   0|     1|          0|
    |tmp_39_reg_1268                     |     1|   0|     1|          0|
    |tmp_40_reg_1273                     |     1|   0|     1|          0|
    |tmp_41_reg_1278                     |     1|   0|     1|          0|
    |tmp_42_reg_1283                     |     1|   0|     1|          0|
    |tmp_43_reg_1288                     |     1|   0|     1|          0|
    |tmp_44_reg_1293                     |     1|   0|     1|          0|
    |tmp_45_reg_1298                     |     1|   0|     1|          0|
    |tmp_46_reg_1303                     |     1|   0|     1|          0|
    |tmp_47_reg_1308                     |     1|   0|     1|          0|
    |tmp_48_reg_1313                     |     1|   0|     1|          0|
    |tmp_49_reg_1318                     |     1|   0|     1|          0|
    |tmp_4_reg_1093                      |     1|   0|     1|          0|
    |tmp_50_reg_1323                     |     1|   0|     1|          0|
    |tmp_51_reg_1328                     |     1|   0|     1|          0|
    |tmp_52_reg_1333                     |     1|   0|     1|          0|
    |tmp_53_reg_1338                     |     1|   0|     1|          0|
    |tmp_54_reg_1343                     |     1|   0|     1|          0|
    |tmp_55_reg_1348                     |     1|   0|     1|          0|
    |tmp_56_reg_1353                     |     1|   0|     1|          0|
    |tmp_57_reg_1358                     |     1|   0|     1|          0|
    |tmp_58_reg_1363                     |     1|   0|     1|          0|
    |tmp_59_reg_1368                     |     1|   0|     1|          0|
    |tmp_5_reg_1098                      |     1|   0|     1|          0|
    |tmp_60_reg_1373                     |     1|   0|     1|          0|
    |tmp_61_reg_1378                     |     1|   0|     1|          0|
    |tmp_62_reg_1383                     |     1|   0|     1|          0|
    |tmp_63_reg_1388                     |     1|   0|     1|          0|
    |tmp_64_reg_1393                     |     1|   0|     1|          0|
    |tmp_65_reg_1398                     |     1|   0|     1|          0|
    |tmp_66_reg_1403                     |     1|   0|     1|          0|
    |tmp_67_reg_1408                     |     1|   0|     1|          0|
    |tmp_68_reg_1413                     |     1|   0|     1|          0|
    |tmp_69_reg_1418                     |     1|   0|     1|          0|
    |tmp_6_reg_1103                      |     1|   0|     1|          0|
    |tmp_70_reg_1423                     |     1|   0|     1|          0|
    |tmp_71_reg_1428                     |     1|   0|     1|          0|
    |tmp_72_reg_1433                     |     1|   0|     1|          0|
    |tmp_73_reg_1438                     |     1|   0|     1|          0|
    |tmp_74_reg_1443                     |     1|   0|     1|          0|
    |tmp_75_reg_1448                     |     1|   0|     1|          0|
    |tmp_76_reg_1453                     |     1|   0|     1|          0|
    |tmp_77_reg_1458                     |     1|   0|     1|          0|
    |tmp_78_reg_1463                     |     1|   0|     1|          0|
    |tmp_79_reg_1468                     |     1|   0|     1|          0|
    |tmp_7_reg_1108                      |     1|   0|     1|          0|
    |tmp_80_reg_1473                     |     1|   0|     1|          0|
    |tmp_81_reg_1478                     |     1|   0|     1|          0|
    |tmp_82_reg_1483                     |     1|   0|     1|          0|
    |tmp_83_reg_1488                     |     1|   0|     1|          0|
    |tmp_84_reg_1493                     |     1|   0|     1|          0|
    |tmp_85_reg_1498                     |     1|   0|     1|          0|
    |tmp_86_reg_1503                     |     1|   0|     1|          0|
    |tmp_87_reg_1508                     |     1|   0|     1|          0|
    |tmp_88_reg_1513                     |     1|   0|     1|          0|
    |tmp_89_reg_1518                     |     1|   0|     1|          0|
    |tmp_8_reg_1113                      |     1|   0|     1|          0|
    |tmp_90_reg_1523                     |     1|   0|     1|          0|
    |tmp_91_reg_1528                     |     1|   0|     1|          0|
    |tmp_92_reg_1533                     |     1|   0|     1|          0|
    |tmp_93_reg_1538                     |     1|   0|     1|          0|
    |tmp_94_reg_1543                     |     1|   0|     1|          0|
    |tmp_95_reg_1548                     |     1|   0|     1|          0|
    |tmp_96_reg_1553                     |     1|   0|     1|          0|
    |tmp_97_reg_1558                     |     1|   0|     1|          0|
    |tmp_98_reg_1563                     |     1|   0|     1|          0|
    |tmp_99_reg_1568                     |     1|   0|     1|          0|
    |tmp_9_reg_1118                      |     1|   0|     1|          0|
    |tmp_reg_1073                        |     1|   0|     1|          0|
    |tmp_s_reg_1078                      |     1|   0|     1|          0|
    +------------------------------------+------+----+------+-----------+
    |Total                               |  4352|   0|  4352|          0|
    +------------------------------------+------+----+------+-----------+



================================================================
== Interface
================================================================
* Summary: 
+-------------------+-----+-----+------------+------------------+--------------+
|     RTL Ports     | Dir | Bits|  Protocol  |   Source Object  |    C Type    |
+-------------------+-----+-----+------------+------------------+--------------+
|ap_clk             |  in |    1| ap_ctrl_hs | match_db_contact | return value |
|ap_rst             |  in |    1| ap_ctrl_hs | match_db_contact | return value |
|ap_start           |  in |    1| ap_ctrl_hs | match_db_contact | return value |
|ap_done            | out |    1| ap_ctrl_hs | match_db_contact | return value |
|ap_idle            | out |    1| ap_ctrl_hs | match_db_contact | return value |
|ap_ready           | out |    1| ap_ctrl_hs | match_db_contact | return value |
|database_index     |  in |   13|   ap_none  |  database_index  |    scalar    |
|contacts_address0  | out |   13|  ap_memory |     contacts     |     array    |
|contacts_ce0       | out |    1|  ap_memory |     contacts     |     array    |
|contacts_q0        |  in |    8|  ap_memory |     contacts     |     array    |
|contacts_address1  | out |   13|  ap_memory |     contacts     |     array    |
|contacts_ce1       | out |    1|  ap_memory |     contacts     |     array    |
|contacts_q1        |  in |    8|  ap_memory |     contacts     |     array    |
|database_address0  | out |   19|  ap_memory |     database     |     array    |
|database_ce0       | out |    1|  ap_memory |     database     |     array    |
|database_q0        |  in |    8|  ap_memory |     database     |     array    |
|database_address1  | out |   19|  ap_memory |     database     |     array    |
|database_ce1       | out |    1|  ap_memory |     database     |     array    |
|database_q1        |  in |    8|  ap_memory |     database     |     array    |
|results_address0   | out |   13|  ap_memory |      results     |     array    |
|results_ce0        | out |    1|  ap_memory |      results     |     array    |
|results_we0        | out |    1|  ap_memory |      results     |     array    |
|results_d0         | out |    1|  ap_memory |      results     |     array    |
+-------------------+-----+-----+------------+------------------+--------------+

