14:38:40 **** Build of project zcu102_fsbl_predefined_bsp ****
make -k all 
Running Make include in psu_cortexa53_0/libsrc/ddrcpsu_v1_1/src
make -C psu_cortexa53_0/libsrc/ddrcpsu_v1_1/src -s include  "SHELL=/bin/sh" "COMPILER=aarch64-none-elf-gcc" "ARCHIVER=aarch64-none-elf-ar" "COMPILER_FLAGS=  -O2 -c" "EXTRA_COMPILER_FLAGS=-g"
Running Make include in psu_cortexa53_0/libsrc/sdps_v3_1/src
make -C psu_cortexa53_0/libsrc/sdps_v3_1/src -s include  "SHELL=/bin/sh" "COMPILER=aarch64-none-elf-gcc" "ARCHIVER=aarch64-none-elf-ar" "COMPILER_FLAGS=  -O2 -c" "EXTRA_COMPILER_FLAGS=-g"
Running Make include in psu_cortexa53_0/libsrc/xilskey_v6_1/src
make -C psu_cortexa53_0/libsrc/xilskey_v6_1/src -s include  "SHELL=/bin/sh" "COMPILER=aarch64-none-elf-gcc" "ARCHIVER=aarch64-none-elf-ar" "COMPILER_FLAGS=  -O2 -c" "EXTRA_COMPILER_FLAGS=-g"
Running Make include in psu_cortexa53_0/libsrc/xilffs_v3_5/src
make -C psu_cortexa53_0/libsrc/xilffs_v3_5/src -s include  "SHELL=/bin/sh" "COMPILER=aarch64-none-elf-gcc" "ARCHIVER=aarch64-none-elf-ar" "COMPILER_FLAGS=  -O2 -c" "EXTRA_COMPILER_FLAGS=-g"
Running Make include in psu_cortexa53_0/libsrc/ttcps_v3_2/src
make -C psu_cortexa53_0/libsrc/ttcps_v3_2/src -s include  "SHELL=/bin/sh" "COMPILER=aarch64-none-elf-gcc" "ARCHIVER=aarch64-none-elf-ar" "COMPILER_FLAGS=  -O2 -c" "EXTRA_COMPILER_FLAGS=-g"
Running Make include in psu_cortexa53_0/libsrc/emacps_v3_3/src
make -C psu_cortexa53_0/libsrc/emacps_v3_3/src -s include  "SHELL=/bin/sh" "COMPILER=aarch64-none-elf-gcc" "ARCHIVER=aarch64-none-elf-ar" "COMPILER_FLAGS=  -O2 -c" "EXTRA_COMPILER_FLAGS=-g"
Running Make include in psu_cortexa53_0/libsrc/rtcpsu_v1_3/src
make -C psu_cortexa53_0/libsrc/rtcpsu_v1_3/src -s include  "SHELL=/bin/sh" "COMPILER=aarch64-none-elf-gcc" "ARCHIVER=aarch64-none-elf-ar" "COMPILER_FLAGS=  -O2 -c" "EXTRA_COMPILER_FLAGS=-g"
Running Make include in psu_cortexa53_0/libsrc/canps_v3_2/src
make -C psu_cortexa53_0/libsrc/canps_v3_2/src -s include  "SHELL=/bin/sh" "COMPILER=aarch64-none-elf-gcc" "ARCHIVER=aarch64-none-elf-ar" "COMPILER_FLAGS=  -O2 -c" "EXTRA_COMPILER_FLAGS=-g"
Running Make include in psu_cortexa53_0/libsrc/usbpsu_v1_1/src
make -C psu_cortexa53_0/libsrc/usbpsu_v1_1/src -s include  "SHELL=/bin/sh" "COMPILER=aarch64-none-elf-gcc" "ARCHIVER=aarch64-none-elf-ar" "COMPILER_FLAGS=  -O2 -c" "EXTRA_COMPILER_FLAGS=-g"
Running Make include in psu_cortexa53_0/libsrc/cpu_cortexa53_v1_2/src
make -C psu_cortexa53_0/libsrc/cpu_cortexa53_v1_2/src -s include  "SHELL=/bin/sh" "COMPILER=aarch64-none-elf-gcc" "ARCHIVER=aarch64-none-elf-ar" "COMPILER_FLAGS=  -O2 -c" "EXTRA_COMPILER_FLAGS=-g"
Running Make include in psu_cortexa53_0/libsrc/wdtps_v3_0/src
make -C psu_cortexa53_0/libsrc/wdtps_v3_0/src -s include  "SHELL=/bin/sh" "COMPILER=aarch64-none-elf-gcc" "ARCHIVER=aarch64-none-elf-ar" "COMPILER_FLAGS=  -O2 -c" "EXTRA_COMPILER_FLAGS=-g"
Running Make include in psu_cortexa53_0/libsrc/scugic_v3_5/src
make -C psu_cortexa53_0/libsrc/scugic_v3_5/src -s include  "SHELL=/bin/sh" "COMPILER=aarch64-none-elf-gcc" "ARCHIVER=aarch64-none-elf-ar" "COMPILER_FLAGS=  -O2 -c" "EXTRA_COMPILER_FLAGS=-g"
Running Make include in psu_cortexa53_0/libsrc/iicps_v3_4/src
make -C psu_cortexa53_0/libsrc/iicps_v3_4/src -s include  "SHELL=/bin/sh" "COMPILER=aarch64-none-elf-gcc" "ARCHIVER=aarch64-none-elf-ar" "COMPILER_FLAGS=  -O2 -c" "EXTRA_COMPILER_FLAGS=-g"
Running Make include in psu_cortexa53_0/libsrc/axipmon_v6_5/src
make -C psu_cortexa53_0/libsrc/axipmon_v6_5/src -s include  "SHELL=/bin/sh" "COMPILER=aarch64-none-elf-gcc" "ARCHIVER=aarch64-none-elf-ar" "COMPILER_FLAGS=  -O2 -c" "EXTRA_COMPILER_FLAGS=-g"
Running Make include in psu_cortexa53_0/libsrc/csudma_v1_1/src
make -C psu_cortexa53_0/libsrc/csudma_v1_1/src -s include  "SHELL=/bin/sh" "COMPILER=aarch64-none-elf-gcc" "ARCHIVER=aarch64-none-elf-ar" "COMPILER_FLAGS=  -O2 -c" "EXTRA_COMPILER_FLAGS=-g"
Running Make include in psu_cortexa53_0/libsrc/ipipsu_v2_1/src
make -C psu_cortexa53_0/libsrc/ipipsu_v2_1/src -s include  "SHELL=/bin/sh" "COMPILER=aarch64-none-elf-gcc" "ARCHIVER=aarch64-none-elf-ar" "COMPILER_FLAGS=  -O2 -c" "EXTRA_COMPILER_FLAGS=-g"
Running Make include in psu_cortexa53_0/libsrc/xilsecure_v1_2/src
make -C psu_cortexa53_0/libsrc/xilsecure_v1_2/src -s include  "SHELL=/bin/sh" "COMPILER=aarch64-none-elf-gcc" "ARCHIVER=aarch64-none-elf-ar" "COMPILER_FLAGS=  -O2 -c" "EXTRA_COMPILER_FLAGS=-g"
Running Make include in psu_cortexa53_0/libsrc/gpiops_v3_1/src
make -C psu_cortexa53_0/libsrc/gpiops_v3_1/src -s include  "SHELL=/bin/sh" "COMPILER=aarch64-none-elf-gcc" "ARCHIVER=aarch64-none-elf-ar" "COMPILER_FLAGS=  -O2 -c" "EXTRA_COMPILER_FLAGS=-g"
Running Make include in psu_cortexa53_0/libsrc/standalone_v6_1/src
make -C psu_cortexa53_0/libsrc/standalone_v6_1/src -s include  "SHELL=/bin/sh" "COMPILER=aarch64-none-elf-gcc" "ARCHIVER=aarch64-none-elf-ar" "COMPILER_FLAGS=  -O2 -c" "EXTRA_COMPILER_FLAGS=-g"
Running Make include in psu_cortexa53_0/libsrc/uartps_v3_3/src
make -C psu_cortexa53_0/libsrc/uartps_v3_3/src -s include  "SHELL=/bin/sh" "COMPILER=aarch64-none-elf-gcc" "ARCHIVER=aarch64-none-elf-ar" "COMPILER_FLAGS=  -O2 -c" "EXTRA_COMPILER_FLAGS=-g"
Running Make include in psu_cortexa53_0/libsrc/qspipsu_v1_3/src
make -C psu_cortexa53_0/libsrc/qspipsu_v1_3/src -s include  "SHELL=/bin/sh" "COMPILER=aarch64-none-elf-gcc" "ARCHIVER=aarch64-none-elf-ar" "COMPILER_FLAGS=  -O2 -c" "EXTRA_COMPILER_FLAGS=-g"
Running Make include in psu_cortexa53_0/libsrc/coresightps_dcc_v1_3/src
make -C psu_cortexa53_0/libsrc/coresightps_dcc_v1_3/src -s include  "SHELL=/bin/sh" "COMPILER=aarch64-none-elf-gcc" "ARCHIVER=aarch64-none-elf-ar" "COMPILER_FLAGS=  -O2 -c" "EXTRA_COMPILER_FLAGS=-g"
Running Make include in psu_cortexa53_0/libsrc/zdma_v1_1/src
make -C psu_cortexa53_0/libsrc/zdma_v1_1/src -s include  "SHELL=/bin/sh" "COMPILER=aarch64-none-elf-gcc" "ARCHIVER=aarch64-none-elf-ar" "COMPILER_FLAGS=  -O2 -c" "EXTRA_COMPILER_FLAGS=-g"
Running Make include in psu_cortexa53_0/libsrc/sysmonpsu_v2_0/src
make -C psu_cortexa53_0/libsrc/sysmonpsu_v2_0/src -s include  "SHELL=/bin/sh" "COMPILER=aarch64-none-elf-gcc" "ARCHIVER=aarch64-none-elf-ar" "COMPILER_FLAGS=  -O2 -c" "EXTRA_COMPILER_FLAGS=-g"
Running Make libs in psu_cortexa53_0/libsrc/ddrcpsu_v1_1/src
make -C psu_cortexa53_0/libsrc/ddrcpsu_v1_1/src -s libs  "SHELL=/bin/sh" "COMPILER=aarch64-none-elf-gcc" "ARCHIVER=aarch64-none-elf-ar" "COMPILER_FLAGS=  -O2 -c" "EXTRA_COMPILER_FLAGS=-g"
Compiling ddrcpsu
Running Make libs in psu_cortexa53_0/libsrc/sdps_v3_1/src
make -C psu_cortexa53_0/libsrc/sdps_v3_1/src -s libs  "SHELL=/bin/sh" "COMPILER=aarch64-none-elf-gcc" "ARCHIVER=aarch64-none-elf-ar" "COMPILER_FLAGS=  -O2 -c" "EXTRA_COMPILER_FLAGS=-g"
Compiling sdps
Running Make libs in psu_cortexa53_0/libsrc/xilskey_v6_1/src
make -C psu_cortexa53_0/libsrc/xilskey_v6_1/src -s libs  "SHELL=/bin/sh" "COMPILER=aarch64-none-elf-gcc" "ARCHIVER=aarch64-none-elf-ar" "COMPILER_FLAGS=  -O2 -c" "EXTRA_COMPILER_FLAGS=-g"
Compiling Xilskey Library
Running Make libs in psu_cortexa53_0/libsrc/xilffs_v3_5/src
make -C psu_cortexa53_0/libsrc/xilffs_v3_5/src -s libs  "SHELL=/bin/sh" "COMPILER=aarch64-none-elf-gcc" "ARCHIVER=aarch64-none-elf-ar" "COMPILER_FLAGS=  -O2 -c" "EXTRA_COMPILER_FLAGS=-g"
Compiling XilFFs Library
Running Make libs in psu_cortexa53_0/libsrc/ttcps_v3_2/src
make -C psu_cortexa53_0/libsrc/ttcps_v3_2/src -s libs  "SHELL=/bin/sh" "COMPILER=aarch64-none-elf-gcc" "ARCHIVER=aarch64-none-elf-ar" "COMPILER_FLAGS=  -O2 -c" "EXTRA_COMPILER_FLAGS=-g"
Compiling ttcps
Running Make libs in psu_cortexa53_0/libsrc/emacps_v3_3/src
make -C psu_cortexa53_0/libsrc/emacps_v3_3/src -s libs  "SHELL=/bin/sh" "COMPILER=aarch64-none-elf-gcc" "ARCHIVER=aarch64-none-elf-ar" "COMPILER_FLAGS=  -O2 -c" "EXTRA_COMPILER_FLAGS=-g"
Compiling emacps
Running Make libs in psu_cortexa53_0/libsrc/rtcpsu_v1_3/src
make -C psu_cortexa53_0/libsrc/rtcpsu_v1_3/src -s libs  "SHELL=/bin/sh" "COMPILER=aarch64-none-elf-gcc" "ARCHIVER=aarch64-none-elf-ar" "COMPILER_FLAGS=  -O2 -c" "EXTRA_COMPILER_FLAGS=-g"
Compiling rtcpsu
Running Make libs in psu_cortexa53_0/libsrc/canps_v3_2/src
make -C psu_cortexa53_0/libsrc/canps_v3_2/src -s libs  "SHELL=/bin/sh" "COMPILER=aarch64-none-elf-gcc" "ARCHIVER=aarch64-none-elf-ar" "COMPILER_FLAGS=  -O2 -c" "EXTRA_COMPILER_FLAGS=-g"
Compiling canps
Running Make libs in psu_cortexa53_0/libsrc/usbpsu_v1_1/src
make -C psu_cortexa53_0/libsrc/usbpsu_v1_1/src -s libs  "SHELL=/bin/sh" "COMPILER=aarch64-none-elf-gcc" "ARCHIVER=aarch64-none-elf-ar" "COMPILER_FLAGS=  -O2 -c" "EXTRA_COMPILER_FLAGS=-g"
Compiling usbpsu
Running Make libs in psu_cortexa53_0/libsrc/cpu_cortexa53_v1_2/src
make -C psu_cortexa53_0/libsrc/cpu_cortexa53_v1_2/src -s libs  "SHELL=/bin/sh" "COMPILER=aarch64-none-elf-gcc" "ARCHIVER=aarch64-none-elf-ar" "COMPILER_FLAGS=  -O2 -c" "EXTRA_COMPILER_FLAGS=-g"
Compiling cpu_cortexa53
Running Make libs in psu_cortexa53_0/libsrc/wdtps_v3_0/src
make -C psu_cortexa53_0/libsrc/wdtps_v3_0/src -s libs  "SHELL=/bin/sh" "COMPILER=aarch64-none-elf-gcc" "ARCHIVER=aarch64-none-elf-ar" "COMPILER_FLAGS=  -O2 -c" "EXTRA_COMPILER_FLAGS=-g"
Compiling wdtps
Running Make libs in psu_cortexa53_0/libsrc/scugic_v3_5/src
make -C psu_cortexa53_0/libsrc/scugic_v3_5/src -s libs  "SHELL=/bin/sh" "COMPILER=aarch64-none-elf-gcc" "ARCHIVER=aarch64-none-elf-ar" "COMPILER_FLAGS=  -O2 -c" "EXTRA_COMPILER_FLAGS=-g"
Compiling scugic
Running Make libs in psu_cortexa53_0/libsrc/iicps_v3_4/src
make -C psu_cortexa53_0/libsrc/iicps_v3_4/src -s libs  "SHELL=/bin/sh" "COMPILER=aarch64-none-elf-gcc" "ARCHIVER=aarch64-none-elf-ar" "COMPILER_FLAGS=  -O2 -c" "EXTRA_COMPILER_FLAGS=-g"
Compiling iicps
Running Make libs in psu_cortexa53_0/libsrc/axipmon_v6_5/src
make -C psu_cortexa53_0/libsrc/axipmon_v6_5/src -s libs  "SHELL=/bin/sh" "COMPILER=aarch64-none-elf-gcc" "ARCHIVER=aarch64-none-elf-ar" "COMPILER_FLAGS=  -O2 -c" "EXTRA_COMPILER_FLAGS=-g"
Compiling axipmon
Running Make libs in psu_cortexa53_0/libsrc/csudma_v1_1/src
make -C psu_cortexa53_0/libsrc/csudma_v1_1/src -s libs  "SHELL=/bin/sh" "COMPILER=aarch64-none-elf-gcc" "ARCHIVER=aarch64-none-elf-ar" "COMPILER_FLAGS=  -O2 -c" "EXTRA_COMPILER_FLAGS=-g"
Compiling csudma
Running Make libs in psu_cortexa53_0/libsrc/ipipsu_v2_1/src
make -C psu_cortexa53_0/libsrc/ipipsu_v2_1/src -s libs  "SHELL=/bin/sh" "COMPILER=aarch64-none-elf-gcc" "ARCHIVER=aarch64-none-elf-ar" "COMPILER_FLAGS=  -O2 -c" "EXTRA_COMPILER_FLAGS=-g"
Compiling ipipsu
Running Make libs in psu_cortexa53_0/libsrc/xilsecure_v1_2/src
make -C psu_cortexa53_0/libsrc/xilsecure_v1_2/src -s libs  "SHELL=/bin/sh" "COMPILER=aarch64-none-elf-gcc" "ARCHIVER=aarch64-none-elf-ar" "COMPILER_FLAGS=  -O2 -c" "EXTRA_COMPILER_FLAGS=-g"
Compiling XilSecure Library
Running Make libs in psu_cortexa53_0/libsrc/gpiops_v3_1/src
make -C psu_cortexa53_0/libsrc/gpiops_v3_1/src -s libs  "SHELL=/bin/sh" "COMPILER=aarch64-none-elf-gcc" "ARCHIVER=aarch64-none-elf-ar" "COMPILER_FLAGS=  -O2 -c" "EXTRA_COMPILER_FLAGS=-g"
Compiling gpiops
Running Make libs in psu_cortexa53_0/libsrc/standalone_v6_1/src
make -C psu_cortexa53_0/libsrc/standalone_v6_1/src -s libs  "SHELL=/bin/sh" "COMPILER=aarch64-none-elf-gcc" "ARCHIVER=aarch64-none-elf-ar" "COMPILER_FLAGS=  -O2 -c" "EXTRA_COMPILER_FLAGS=-g"
Compiling standalone A53
Running Make libs in psu_cortexa53_0/libsrc/uartps_v3_3/src
make -C psu_cortexa53_0/libsrc/uartps_v3_3/src -s libs  "SHELL=/bin/sh" "COMPILER=aarch64-none-elf-gcc" "ARCHIVER=aarch64-none-elf-ar" "COMPILER_FLAGS=  -O2 -c" "EXTRA_COMPILER_FLAGS=-g"
Compiling uartps
Running Make libs in psu_cortexa53_0/libsrc/qspipsu_v1_3/src
make -C psu_cortexa53_0/libsrc/qspipsu_v1_3/src -s libs  "SHELL=/bin/sh" "COMPILER=aarch64-none-elf-gcc" "ARCHIVER=aarch64-none-elf-ar" "COMPILER_FLAGS=  -O2 -c" "EXTRA_COMPILER_FLAGS=-g"
Compiling qspipsu
Running Make libs in psu_cortexa53_0/libsrc/coresightps_dcc_v1_3/src
make -C psu_cortexa53_0/libsrc/coresightps_dcc_v1_3/src -s libs  "SHELL=/bin/sh" "COMPILER=aarch64-none-elf-gcc" "ARCHIVER=aarch64-none-elf-ar" "COMPILER_FLAGS=  -O2 -c" "EXTRA_COMPILER_FLAGS=-g"
Compiling coresightps_dcc
Running Make libs in psu_cortexa53_0/libsrc/zdma_v1_1/src
make -C psu_cortexa53_0/libsrc/zdma_v1_1/src -s libs  "SHELL=/bin/sh" "COMPILER=aarch64-none-elf-gcc" "ARCHIVER=aarch64-none-elf-ar" "COMPILER_FLAGS=  -O2 -c" "EXTRA_COMPILER_FLAGS=-g"
Compiling zdma
Running Make libs in psu_cortexa53_0/libsrc/sysmonpsu_v2_0/src
make -C psu_cortexa53_0/libsrc/sysmonpsu_v2_0/src -s libs  "SHELL=/bin/sh" "COMPILER=aarch64-none-elf-gcc" "ARCHIVER=aarch64-none-elf-ar" "COMPILER_FLAGS=  -O2 -c" "EXTRA_COMPILER_FLAGS=-g"
Compiling sysmonpsu
Finished building libraries

14:38:51 Build Finished (took 10s.992ms)

