
*** Running vivado
    with args -log design_1_xbar_0.vds -m64 -product Vivado -mode batch -messageDb vivado.pb -notrace -source design_1_xbar_0.tcl

awk: symbol lookup error: awk: undefined symbol: mpfr_z_sub

****** Vivado v2016.4 (64-bit)
  **** SW Build 1733598 on Wed Dec 14 22:35:42 MST 2016
  **** IP Build 1731160 on Wed Dec 14 23:47:21 MST 2016
    ** Copyright 1986-2016 Xilinx, Inc. All Rights Reserved.

source design_1_xbar_0.tcl -notrace
awk: symbol lookup error: awk: undefined symbol: mpfr_z_sub
Starting RTL Elaboration : Time (s): cpu = 00:00:13 ; elapsed = 00:00:27 . Memory (MB): peak = 1480.453 ; gain = 549.973 ; free physical = 1996 ; free virtual = 15664
INFO: [Synth 8-638] synthesizing module 'design_1_xbar_0' [/home/michael/xilinx_workspace/zcu_hdmi/zcu_hdmi.srcs/sources_1/bd/design_1/ip/design_1_xbar_0/synth/design_1_xbar_0.v:59]
INFO: [Synth 8-638] synthesizing module 'axi_crossbar_v2_1_12_axi_crossbar' [/home/michael/xilinx_workspace/zcu_hdmi/zcu_hdmi.srcs/sources_1/bd/design_1/ipshared/896d/hdl/axi_crossbar_v2_1_vl_rfs.v:4882]
INFO: [Synth 8-638] synthesizing module 'axi_crossbar_v2_1_12_crossbar_sasd' [/home/michael/xilinx_workspace/zcu_hdmi/zcu_hdmi.srcs/sources_1/bd/design_1/ipshared/896d/hdl/axi_crossbar_v2_1_vl_rfs.v:1240]
INFO: [Synth 8-638] synthesizing module 'axi_crossbar_v2_1_12_addr_decoder' [/home/michael/xilinx_workspace/zcu_hdmi/zcu_hdmi.srcs/sources_1/bd/design_1/ipshared/896d/hdl/axi_crossbar_v2_1_vl_rfs.v:794]
INFO: [Synth 8-638] synthesizing module 'generic_baseblocks_v2_1_0_comparator_static' [/home/michael/xilinx_workspace/zcu_hdmi/zcu_hdmi.srcs/sources_1/bd/design_1/ipshared/7ee0/hdl/generic_baseblocks_v2_1_vl_rfs.v:2133]
INFO: [Synth 8-638] synthesizing module 'generic_baseblocks_v2_1_0_carry_and' [/home/michael/xilinx_workspace/zcu_hdmi/zcu_hdmi.srcs/sources_1/bd/design_1/ipshared/7ee0/hdl/generic_baseblocks_v2_1_vl_rfs.v:62]
INFO: [Synth 8-256] done synthesizing module 'generic_baseblocks_v2_1_0_carry_and' (1#1) [/home/michael/xilinx_workspace/zcu_hdmi/zcu_hdmi.srcs/sources_1/bd/design_1/ipshared/7ee0/hdl/generic_baseblocks_v2_1_vl_rfs.v:62]
INFO: [Synth 8-256] done synthesizing module 'generic_baseblocks_v2_1_0_comparator_static' (2#1) [/home/michael/xilinx_workspace/zcu_hdmi/zcu_hdmi.srcs/sources_1/bd/design_1/ipshared/7ee0/hdl/generic_baseblocks_v2_1_vl_rfs.v:2133]
INFO: [Synth 8-638] synthesizing module 'generic_baseblocks_v2_1_0_comparator_static__parameterized0' [/home/michael/xilinx_workspace/zcu_hdmi/zcu_hdmi.srcs/sources_1/bd/design_1/ipshared/7ee0/hdl/generic_baseblocks_v2_1_vl_rfs.v:2133]
INFO: [Synth 8-256] done synthesizing module 'generic_baseblocks_v2_1_0_comparator_static__parameterized0' (2#1) [/home/michael/xilinx_workspace/zcu_hdmi/zcu_hdmi.srcs/sources_1/bd/design_1/ipshared/7ee0/hdl/generic_baseblocks_v2_1_vl_rfs.v:2133]
INFO: [Synth 8-256] done synthesizing module 'axi_crossbar_v2_1_12_addr_decoder' (3#1) [/home/michael/xilinx_workspace/zcu_hdmi/zcu_hdmi.srcs/sources_1/bd/design_1/ipshared/896d/hdl/axi_crossbar_v2_1_vl_rfs.v:794]
INFO: [Synth 8-638] synthesizing module 'axi_crossbar_v2_1_12_decerr_slave' [/home/michael/xilinx_workspace/zcu_hdmi/zcu_hdmi.srcs/sources_1/bd/design_1/ipshared/896d/hdl/axi_crossbar_v2_1_vl_rfs.v:3500]
INFO: [Synth 8-256] done synthesizing module 'axi_crossbar_v2_1_12_decerr_slave' (4#1) [/home/michael/xilinx_workspace/zcu_hdmi/zcu_hdmi.srcs/sources_1/bd/design_1/ipshared/896d/hdl/axi_crossbar_v2_1_vl_rfs.v:3500]
INFO: [Synth 8-638] synthesizing module 'axi_crossbar_v2_1_12_addr_arbiter_sasd' [/home/michael/xilinx_workspace/zcu_hdmi/zcu_hdmi.srcs/sources_1/bd/design_1/ipshared/896d/hdl/axi_crossbar_v2_1_vl_rfs.v:65]
INFO: [Synth 8-256] done synthesizing module 'axi_crossbar_v2_1_12_addr_arbiter_sasd' (5#1) [/home/michael/xilinx_workspace/zcu_hdmi/zcu_hdmi.srcs/sources_1/bd/design_1/ipshared/896d/hdl/axi_crossbar_v2_1_vl_rfs.v:65]
INFO: [Synth 8-638] synthesizing module 'axi_crossbar_v2_1_12_splitter' [/home/michael/xilinx_workspace/zcu_hdmi/zcu_hdmi.srcs/sources_1/bd/design_1/ipshared/896d/hdl/axi_crossbar_v2_1_vl_rfs.v:4459]
INFO: [Synth 8-256] done synthesizing module 'axi_crossbar_v2_1_12_splitter' (6#1) [/home/michael/xilinx_workspace/zcu_hdmi/zcu_hdmi.srcs/sources_1/bd/design_1/ipshared/896d/hdl/axi_crossbar_v2_1_vl_rfs.v:4459]
INFO: [Synth 8-638] synthesizing module 'axi_crossbar_v2_1_12_splitter__parameterized0' [/home/michael/xilinx_workspace/zcu_hdmi/zcu_hdmi.srcs/sources_1/bd/design_1/ipshared/896d/hdl/axi_crossbar_v2_1_vl_rfs.v:4459]
INFO: [Synth 8-256] done synthesizing module 'axi_crossbar_v2_1_12_splitter__parameterized0' (6#1) [/home/michael/xilinx_workspace/zcu_hdmi/zcu_hdmi.srcs/sources_1/bd/design_1/ipshared/896d/hdl/axi_crossbar_v2_1_vl_rfs.v:4459]
INFO: [Synth 8-638] synthesizing module 'generic_baseblocks_v2_1_0_mux_enc' [/home/michael/xilinx_workspace/zcu_hdmi/zcu_hdmi.srcs/sources_1/bd/design_1/ipshared/7ee0/hdl/generic_baseblocks_v2_1_vl_rfs.v:2452]
INFO: [Synth 8-256] done synthesizing module 'generic_baseblocks_v2_1_0_mux_enc' (7#1) [/home/michael/xilinx_workspace/zcu_hdmi/zcu_hdmi.srcs/sources_1/bd/design_1/ipshared/7ee0/hdl/generic_baseblocks_v2_1_vl_rfs.v:2452]
INFO: [Synth 8-638] synthesizing module 'generic_baseblocks_v2_1_0_mux_enc__parameterized0' [/home/michael/xilinx_workspace/zcu_hdmi/zcu_hdmi.srcs/sources_1/bd/design_1/ipshared/7ee0/hdl/generic_baseblocks_v2_1_vl_rfs.v:2452]
INFO: [Synth 8-256] done synthesizing module 'generic_baseblocks_v2_1_0_mux_enc__parameterized0' (7#1) [/home/michael/xilinx_workspace/zcu_hdmi/zcu_hdmi.srcs/sources_1/bd/design_1/ipshared/7ee0/hdl/generic_baseblocks_v2_1_vl_rfs.v:2452]
INFO: [Synth 8-638] synthesizing module 'generic_baseblocks_v2_1_0_mux_enc__parameterized1' [/home/michael/xilinx_workspace/zcu_hdmi/zcu_hdmi.srcs/sources_1/bd/design_1/ipshared/7ee0/hdl/generic_baseblocks_v2_1_vl_rfs.v:2452]
INFO: [Synth 8-256] done synthesizing module 'generic_baseblocks_v2_1_0_mux_enc__parameterized1' (7#1) [/home/michael/xilinx_workspace/zcu_hdmi/zcu_hdmi.srcs/sources_1/bd/design_1/ipshared/7ee0/hdl/generic_baseblocks_v2_1_vl_rfs.v:2452]
INFO: [Synth 8-638] synthesizing module 'generic_baseblocks_v2_1_0_mux_enc__parameterized2' [/home/michael/xilinx_workspace/zcu_hdmi/zcu_hdmi.srcs/sources_1/bd/design_1/ipshared/7ee0/hdl/generic_baseblocks_v2_1_vl_rfs.v:2452]
INFO: [Synth 8-256] done synthesizing module 'generic_baseblocks_v2_1_0_mux_enc__parameterized2' (7#1) [/home/michael/xilinx_workspace/zcu_hdmi/zcu_hdmi.srcs/sources_1/bd/design_1/ipshared/7ee0/hdl/generic_baseblocks_v2_1_vl_rfs.v:2452]
INFO: [Synth 8-638] synthesizing module 'axi_register_slice_v2_1_11_axic_register_slice' [/home/michael/xilinx_workspace/zcu_hdmi/zcu_hdmi.srcs/sources_1/bd/design_1/ipshared/0b6b/hdl/axi_register_slice_v2_1_vl_rfs.v:85]
INFO: [Synth 8-256] done synthesizing module 'axi_register_slice_v2_1_11_axic_register_slice' (8#1) [/home/michael/xilinx_workspace/zcu_hdmi/zcu_hdmi.srcs/sources_1/bd/design_1/ipshared/0b6b/hdl/axi_register_slice_v2_1_vl_rfs.v:85]
INFO: [Synth 8-638] synthesizing module 'generic_baseblocks_v2_1_0_mux_enc__parameterized3' [/home/michael/xilinx_workspace/zcu_hdmi/zcu_hdmi.srcs/sources_1/bd/design_1/ipshared/7ee0/hdl/generic_baseblocks_v2_1_vl_rfs.v:2452]
INFO: [Synth 8-256] done synthesizing module 'generic_baseblocks_v2_1_0_mux_enc__parameterized3' (8#1) [/home/michael/xilinx_workspace/zcu_hdmi/zcu_hdmi.srcs/sources_1/bd/design_1/ipshared/7ee0/hdl/generic_baseblocks_v2_1_vl_rfs.v:2452]
INFO: [Synth 8-256] done synthesizing module 'axi_crossbar_v2_1_12_crossbar_sasd' (9#1) [/home/michael/xilinx_workspace/zcu_hdmi/zcu_hdmi.srcs/sources_1/bd/design_1/ipshared/896d/hdl/axi_crossbar_v2_1_vl_rfs.v:1240]
INFO: [Synth 8-256] done synthesizing module 'axi_crossbar_v2_1_12_axi_crossbar' (10#1) [/home/michael/xilinx_workspace/zcu_hdmi/zcu_hdmi.srcs/sources_1/bd/design_1/ipshared/896d/hdl/axi_crossbar_v2_1_vl_rfs.v:4882]
INFO: [Synth 8-256] done synthesizing module 'design_1_xbar_0' (11#1) [/home/michael/xilinx_workspace/zcu_hdmi/zcu_hdmi.srcs/sources_1/bd/design_1/ip/design_1_xbar_0/synth/design_1_xbar_0.v:59]
Finished RTL Elaboration : Time (s): cpu = 00:00:16 ; elapsed = 00:00:30 . Memory (MB): peak = 1601.922 ; gain = 671.441 ; free physical = 1884 ; free virtual = 15537
Finished RTL Optimization Phase 1 : Time (s): cpu = 00:00:16 ; elapsed = 00:00:30 . Memory (MB): peak = 1601.922 ; gain = 671.441 ; free physical = 1884 ; free virtual = 15537
INFO: [Device 21-403] Loading part xczu9eg-ffvb1156-2-i-es2
Constraint Validation Runtime : Time (s): cpu = 00:00:00.02 ; elapsed = 00:00:00.02 . Memory (MB): peak = 2211.016 ; gain = 1.000 ; free physical = 811 ; free virtual = 14456
Finished Constraint Validation : Time (s): cpu = 00:00:26 ; elapsed = 00:00:44 . Memory (MB): peak = 2211.016 ; gain = 1280.535 ; free physical = 759 ; free virtual = 14404
Finished Loading Part and Timing Information : Time (s): cpu = 00:00:26 ; elapsed = 00:00:44 . Memory (MB): peak = 2211.016 ; gain = 1280.535 ; free physical = 759 ; free virtual = 14404
Finished applying 'set_property' XDC Constraints : Time (s): cpu = 00:00:26 ; elapsed = 00:00:44 . Memory (MB): peak = 2211.016 ; gain = 1280.535 ; free physical = 759 ; free virtual = 14403
Finished RTL Optimization Phase 2 : Time (s): cpu = 00:00:26 ; elapsed = 00:00:44 . Memory (MB): peak = 2211.016 ; gain = 1280.535 ; free physical = 736 ; free virtual = 14381
Finished Cross Boundary and Area Optimization : Time (s): cpu = 00:00:27 ; elapsed = 00:00:45 . Memory (MB): peak = 2211.016 ; gain = 1280.535 ; free physical = 693 ; free virtual = 14337
Finished Applying XDC Timing Constraints : Time (s): cpu = 00:00:40 ; elapsed = 00:00:58 . Memory (MB): peak = 2809.609 ; gain = 1879.129 ; free physical = 153 ; free virtual = 13513
Finished Timing Optimization : Time (s): cpu = 00:00:40 ; elapsed = 00:00:59 . Memory (MB): peak = 2826.625 ; gain = 1896.145 ; free physical = 153 ; free virtual = 12992
Finished Technology Mapping : Time (s): cpu = 00:00:40 ; elapsed = 00:00:59 . Memory (MB): peak = 2835.641 ; gain = 1905.160 ; free physical = 181 ; free virtual = 12730
Finished IO Insertion : Time (s): cpu = 00:00:41 ; elapsed = 00:01:00 . Memory (MB): peak = 2835.641 ; gain = 1905.160 ; free physical = 180 ; free virtual = 12470
Finished Renaming Generated Instances : Time (s): cpu = 00:00:41 ; elapsed = 00:01:00 . Memory (MB): peak = 2835.641 ; gain = 1905.160 ; free physical = 180 ; free virtual = 12470
Finished Rebuilding User Hierarchy : Time (s): cpu = 00:00:41 ; elapsed = 00:01:00 . Memory (MB): peak = 2835.641 ; gain = 1905.160 ; free physical = 180 ; free virtual = 12470
Finished Renaming Generated Ports : Time (s): cpu = 00:00:41 ; elapsed = 00:01:00 . Memory (MB): peak = 2835.641 ; gain = 1905.160 ; free physical = 180 ; free virtual = 12470
Finished Handling Custom Attributes : Time (s): cpu = 00:00:41 ; elapsed = 00:01:00 . Memory (MB): peak = 2835.641 ; gain = 1905.160 ; free physical = 180 ; free virtual = 12470
Finished Renaming Generated Nets : Time (s): cpu = 00:00:41 ; elapsed = 00:01:00 . Memory (MB): peak = 2835.641 ; gain = 1905.160 ; free physical = 180 ; free virtual = 12470

Report Cell Usage: 
+------+-----+------+
|      |Cell |Count |
+------+-----+------+
|1     |LUT1 |     3|
|2     |LUT2 |    16|
|3     |LUT3 |     6|
|4     |LUT4 |    64|
|5     |LUT5 |    11|
|6     |LUT6 |    54|
|7     |FDRE |   138|
+------+-----+------+
Finished Writing Synthesis Report : Time (s): cpu = 00:00:41 ; elapsed = 00:01:00 . Memory (MB): peak = 2835.641 ; gain = 1905.160 ; free physical = 180 ; free virtual = 12470
synth_design: Time (s): cpu = 00:00:36 ; elapsed = 00:00:56 . Memory (MB): peak = 2888.656 ; gain = 1547.711 ; free physical = 153 ; free virtual = 12442
