

================================================================
== Vivado HLS Report for 'sha256'
================================================================
* Date:           Mon May  1 20:16:18 2017

* Version:        2017.1 (Build 1846317 on Fri Apr 14 19:19:38 MDT 2017)
* Project:        sha256_stream
* Solution:       solution1
* Product family: zynquplus
* Target device:  xczu9eg-ffvb1156-1-i-es1


================================================================
== Performance Estimates
================================================================
+ Timing (ns): 
    * Summary: 
    +--------+-------+----------+------------+
    |  Clock | Target| Estimated| Uncertainty|
    +--------+-------+----------+------------+
    |ap_clk  |  10.00|      4.73|        1.25|
    +--------+-------+----------+------------+

+ Latency (clock cycles): 
    * Summary: 
    +-----+-----+-----+-----+---------+
    |  Latency  |  Interval | Pipeline|
    | min | max | min | max |   Type  |
    +-----+-----+-----+-----+---------+
    |    ?|    ?|    ?|    ?|   none  |
    +-----+-----+-----+-----+---------+

    + Detail: 
        * Instance: 
        +-------------------+--------+-----+------+-----+------+---------+
        |                   |        |   Latency  |  Interval  | Pipeline|
        |      Instance     | Module | min |  max | min |  max |   Type  |
        +-------------------+--------+-----+------+-----+------+---------+
        |grp_update_fu_256  |update  |    2|  2488|    2|  2488|   none  |
        |grp_final_fu_269   |final   |    ?|     ?|    ?|     ?|   none  |
        +-------------------+--------+-----+------+-----+------+---------+

        * Loop: 
        +-------------+-----+-----+------------+-----------+-----------+------+----------+
        |             |  Latency  |  Iteration |  Initiation Interval  | Trip |          |
        |  Loop Name  | min | max |   Latency  |  achieved |   target  | Count| Pipelined|
        +-------------+-----+-----+------------+-----------+-----------+------+----------+
        |- Loop 1     |    ?|    ?| 133 ~ 2619 |          -|          -|     ?|    no    |
        | + Loop 1.1  |  128|  128|           2|          -|          -|    64|    no    |
        +-------------+-----+-----+------------+-----------+-----------+------+----------+



================================================================
== Utilization Estimates
================================================================
* Summary: 
+-----------------+---------+-------+--------+--------+-----+
|       Name      | BRAM_18K| DSP48E|   FF   |   LUT  | URAM|
+-----------------+---------+-------+--------+--------+-----+
|DSP              |        -|      -|       -|       -|    -|
|Expression       |        -|      -|       0|      78|    -|
|FIFO             |        -|      -|       -|       -|    -|
|Instance         |       17|      -|    2025|    5664|    -|
|Memory           |        3|      -|      16|       8|    -|
|Multiplexer      |        -|      -|       -|     453|    -|
|Register         |        -|      -|     204|       -|    -|
+-----------------+---------+-------+--------+--------+-----+
|Total            |       20|      0|    2245|    6203|    0|
+-----------------+---------+-------+--------+--------+-----+
|Available        |     1824|   2520|  548160|  274080|    0|
+-----------------+---------+-------+--------+--------+-----+
|Utilization (%)  |        1|      0|   ~0   |       2|    0|
+-----------------+---------+-------+--------+--------+-----+

+ Detail: 
    * Instance: 
    +-------------------------+-----------------------+---------+-------+------+------+
    |         Instance        |         Module        | BRAM_18K| DSP48E|  FF  |  LUT |
    +-------------------------+-----------------------+---------+-------+------+------+
    |grp_final_fu_269         |final                  |        5|      0|   745|  2024|
    |sha256_AXILiteS_s_axi_U  |sha256_AXILiteS_s_axi  |        2|      0|   148|   174|
    |grp_update_fu_256        |update                 |       10|      0|  1132|  3466|
    +-------------------------+-----------------------+---------+-------+------+------+
    |Total                    |                       |       17|      0|  2025|  5664|
    +-------------------------+-----------------------+---------+-------+------+------+

    * DSP48: 
    N/A

    * Memory: 
    +------------------+----------------------+---------+----+----+------+-----+------+-------------+
    |      Memory      |        Module        | BRAM_18K| FF | LUT| Words| Bits| Banks| W*Bits*Banks|
    +------------------+----------------------+---------+----+----+------+-----+------+-------------+
    |cipher_m_block_U  |sha256_cipher_m_bdEe  |        1|   0|   0|   128|    8|     1|         1024|
    |cipher_m_h_U      |sha256_cipher_m_h     |        2|   0|   0|     8|   32|     1|          256|
    |data_buffer_U     |sha256_data_buffer    |        0|  16|   8|    64|    8|     1|          512|
    +------------------+----------------------+---------+----+----+------+-----+------+-------------+
    |Total             |                      |        3|  16|   8|   200|   48|     3|         1792|
    +------------------+----------------------+---------+----+----+------+-----+------+-------------+

    * FIFO: 
    N/A

    * Expression: 
    +------------------------------+----------+-------+---+----+------------+------------+
    |         Variable Name        | Operation| DSP48E| FF| LUT| Bitwidth P0| Bitwidth P1|
    +------------------------------+----------+-------+---+----+------------+------------+
    |block_counter_1_fu_292_p2     |     +    |      0|  0|  38|          31|           1|
    |data_index_1_fu_304_p2        |     +    |      0|  0|  15|           7|           1|
    |stream_in_V_0_load_A          |    and   |      0|  0|   2|           1|           1|
    |stream_in_V_0_load_B          |    and   |      0|  0|   2|           1|           1|
    |exitcond_fu_298_p2            |   icmp   |      0|  0|   4|           7|           8|
    |stream_in_V_0_state_cmp_full  |   icmp   |      0|  0|   1|           2|           1|
    |tmp_fu_287_p2                 |   icmp   |      0|  0|  16|          32|          32|
    +------------------------------+----------+-------+---+----+------------+------------+
    |Total                         |          |      0|  0|  78|          81|          45|
    +------------------------------+----------+-------+---+----+------------+------------+

    * Multiplexer: 
    +--------------------------+----+-----------+-----+-----------+
    |           Name           | LUT| Input Size| Bits| Total Bits|
    +--------------------------+----+-----------+-----+-----------+
    |ap_NS_fsm                 |  47|         10|    1|         10|
    |block_counter_reg_233     |   9|          2|   31|         62|
    |cipher_m_block_address0   |  15|          3|    7|         21|
    |cipher_m_block_address1   |  15|          3|    7|         21|
    |cipher_m_block_ce0        |  15|          3|    1|          3|
    |cipher_m_block_ce1        |  15|          3|    1|          3|
    |cipher_m_block_d0         |  15|          3|    8|         24|
    |cipher_m_block_we0        |  15|          3|    1|          3|
    |cipher_m_h_address0       |  38|          7|    3|         21|
    |cipher_m_h_address1       |  27|          5|    3|         15|
    |cipher_m_h_ce0            |  21|          4|    1|          4|
    |cipher_m_h_d0             |  38|          7|   32|        224|
    |cipher_m_h_d1             |  27|          5|   32|        160|
    |cipher_m_h_we0            |  21|          4|    1|          4|
    |cipher_m_len_reg_209      |   9|          2|   32|         64|
    |cipher_m_tot_len_reg_221  |   9|          2|   32|         64|
    |data_buffer_address0      |  15|          3|    6|         18|
    |data_buffer_ce0           |  15|          3|    1|          3|
    |data_buffer_ce1           |   9|          2|    1|          2|
    |data_index_reg_244        |   9|          2|    7|         14|
    |num_blocks_ap_vld_in_sig  |   9|          2|    1|          2|
    |num_blocks_ap_vld_preg    |   9|          2|    1|          2|
    |num_blocks_blk_n          |   9|          2|    1|          2|
    |num_blocks_in_sig         |   9|          2|   32|         64|
    |stream_in_V_0_data_out    |   9|          2|    8|         16|
    |stream_in_V_0_state       |  15|          3|    2|          6|
    |stream_in_V_TDATA_blk_n   |   9|          2|    1|          2|
    +--------------------------+----+-----------+-----+-----------+
    |Total                     | 453|         91|  254|        834|
    +--------------------------+----+-----------+-----+-----------+

    * Register: 
    +-----------------------------------+----+----+-----+-----------+
    |                Name               | FF | LUT| Bits| Const Bits|
    +-----------------------------------+----+----+-----+-----------+
    |ap_CS_fsm                          |   9|   0|    9|          0|
    |ap_reg_grp_final_fu_269_ap_start   |   1|   0|    1|          0|
    |ap_reg_grp_update_fu_256_ap_start  |   1|   0|    1|          0|
    |block_counter_1_reg_331            |  31|   0|   31|          0|
    |block_counter_reg_233              |  31|   0|   31|          0|
    |cipher_m_len_reg_209               |  32|   0|   32|          0|
    |cipher_m_tot_len_reg_221           |  32|   0|   32|          0|
    |data_index_1_reg_339               |   7|   0|    7|          0|
    |data_index_reg_244                 |   7|   0|    7|          0|
    |num_blocks_ap_vld_preg             |   1|   0|    1|          0|
    |num_blocks_preg                    |  32|   0|   32|          0|
    |stream_in_V_0_payload_A            |   8|   0|    8|          0|
    |stream_in_V_0_payload_B            |   8|   0|    8|          0|
    |stream_in_V_0_sel_rd               |   1|   0|    1|          0|
    |stream_in_V_0_sel_wr               |   1|   0|    1|          0|
    |stream_in_V_0_state                |   2|   0|    2|          0|
    +-----------------------------------+----+----+-----+-----------+
    |Total                              | 204|   0|  204|          0|
    +-----------------------------------+----+----+-----+-----------+



================================================================
== Interface
================================================================
* Summary: 
+------------------------+-----+-----+------------+--------------+--------------+
|        RTL Ports       | Dir | Bits|  Protocol  | Source Object|    C Type    |
+------------------------+-----+-----+------------+--------------+--------------+
|s_axi_AXILiteS_AWVALID  |  in |    1|    s_axi   |   AXILiteS   |     array    |
|s_axi_AXILiteS_AWREADY  | out |    1|    s_axi   |   AXILiteS   |     array    |
|s_axi_AXILiteS_AWADDR   |  in |    6|    s_axi   |   AXILiteS   |     array    |
|s_axi_AXILiteS_WVALID   |  in |    1|    s_axi   |   AXILiteS   |     array    |
|s_axi_AXILiteS_WREADY   | out |    1|    s_axi   |   AXILiteS   |     array    |
|s_axi_AXILiteS_WDATA    |  in |   32|    s_axi   |   AXILiteS   |     array    |
|s_axi_AXILiteS_WSTRB    |  in |    4|    s_axi   |   AXILiteS   |     array    |
|s_axi_AXILiteS_ARVALID  |  in |    1|    s_axi   |   AXILiteS   |     array    |
|s_axi_AXILiteS_ARREADY  | out |    1|    s_axi   |   AXILiteS   |     array    |
|s_axi_AXILiteS_ARADDR   |  in |    6|    s_axi   |   AXILiteS   |     array    |
|s_axi_AXILiteS_RVALID   | out |    1|    s_axi   |   AXILiteS   |     array    |
|s_axi_AXILiteS_RREADY   |  in |    1|    s_axi   |   AXILiteS   |     array    |
|s_axi_AXILiteS_RDATA    | out |   32|    s_axi   |   AXILiteS   |     array    |
|s_axi_AXILiteS_RRESP    | out |    2|    s_axi   |   AXILiteS   |     array    |
|s_axi_AXILiteS_BVALID   | out |    1|    s_axi   |   AXILiteS   |     array    |
|s_axi_AXILiteS_BREADY   |  in |    1|    s_axi   |   AXILiteS   |     array    |
|s_axi_AXILiteS_BRESP    | out |    2|    s_axi   |   AXILiteS   |     array    |
|ap_clk                  |  in |    1| ap_ctrl_hs |    sha256    | return value |
|ap_rst_n                |  in |    1| ap_ctrl_hs |    sha256    | return value |
|ap_start                |  in |    1| ap_ctrl_hs |    sha256    | return value |
|ap_done                 | out |    1| ap_ctrl_hs |    sha256    | return value |
|ap_idle                 | out |    1| ap_ctrl_hs |    sha256    | return value |
|ap_ready                | out |    1| ap_ctrl_hs |    sha256    | return value |
|stream_in_V_TDATA       |  in |    8|    axis    |  stream_in_V |    pointer   |
|stream_in_V_TVALID      |  in |    1|    axis    |  stream_in_V |    pointer   |
|stream_in_V_TREADY      | out |    1|    axis    |  stream_in_V |    pointer   |
+------------------------+-----+-----+------------+--------------+--------------+

