
*** Running vivado
    with args -log design_1_auto_ds_0.vds -m64 -product Vivado -mode batch -messageDb vivado.pb -notrace -source design_1_auto_ds_0.tcl


****** Vivado v2017.1 (64-bit)
  **** SW Build 1846317 on Fri Apr 14 18:54:47 MDT 2017
  **** IP Build 1846188 on Fri Apr 14 20:52:08 MDT 2017
    ** Copyright 1986-2017 Xilinx, Inc. All Rights Reserved.

source design_1_auto_ds_0.tcl -notrace
Starting RTL Elaboration : Time (s): cpu = 00:00:04 ; elapsed = 00:00:04 . Memory (MB): peak = 1501.902 ; gain = 0.000 ; free physical = 14715 ; free virtual = 25492
INFO: [Synth 8-638] synthesizing module 'design_1_auto_ds_0' [/home/michael/hardware_security/zcu102/root_of_trust/operational_os/vivado/zcu102_25519_donna/zcu102_25519_donna.srcs/sources_1/bd/design_1/ip/design_1_auto_ds_0/synth/design_1_auto_ds_0.v:58]
INFO: [Synth 8-638] synthesizing module 'axi_dwidth_converter_v2_1_12_top' [/home/michael/hardware_security/zcu102/root_of_trust/operational_os/vivado/zcu102_25519_donna/zcu102_25519_donna.srcs/sources_1/bd/design_1/ipshared/fef9/hdl/axi_dwidth_converter_v2_1_vlsyn_rfs.v:14450]
INFO: [Synth 8-638] synthesizing module 'axi_dwidth_converter_v2_1_12_axi_downsizer' [/home/michael/hardware_security/zcu102/root_of_trust/operational_os/vivado/zcu102_25519_donna/zcu102_25519_donna.srcs/sources_1/bd/design_1/ipshared/fef9/hdl/axi_dwidth_converter_v2_1_vlsyn_rfs.v:2380]
INFO: [Synth 8-638] synthesizing module 'axi_dwidth_converter_v2_1_12_b_downsizer' [/home/michael/hardware_security/zcu102/root_of_trust/operational_os/vivado/zcu102_25519_donna/zcu102_25519_donna.srcs/sources_1/bd/design_1/ipshared/fef9/hdl/axi_dwidth_converter_v2_1_vlsyn_rfs.v:1251]
INFO: [Synth 8-256] done synthesizing module 'axi_dwidth_converter_v2_1_12_b_downsizer' (1#1) [/home/michael/hardware_security/zcu102/root_of_trust/operational_os/vivado/zcu102_25519_donna/zcu102_25519_donna.srcs/sources_1/bd/design_1/ipshared/fef9/hdl/axi_dwidth_converter_v2_1_vlsyn_rfs.v:1251]
INFO: [Synth 8-638] synthesizing module 'axi_dwidth_converter_v2_1_12_a_downsizer' [/home/michael/hardware_security/zcu102/root_of_trust/operational_os/vivado/zcu102_25519_donna/zcu102_25519_donna.srcs/sources_1/bd/design_1/ipshared/fef9/hdl/axi_dwidth_converter_v2_1_vlsyn_rfs.v:64]
INFO: [Synth 8-638] synthesizing module 'axi_data_fifo_v2_1_11_axic_fifo' [/home/michael/hardware_security/zcu102/root_of_trust/operational_os/vivado/zcu102_25519_donna/zcu102_25519_donna.srcs/sources_1/bd/design_1/ipshared/5235/hdl/axi_data_fifo_v2_1_vl_rfs.v:64]
INFO: [Synth 8-638] synthesizing module 'axi_data_fifo_v2_1_11_fifo_gen' [/home/michael/hardware_security/zcu102/root_of_trust/operational_os/vivado/zcu102_25519_donna/zcu102_25519_donna.srcs/sources_1/bd/design_1/ipshared/5235/hdl/axi_data_fifo_v2_1_vl_rfs.v:168]
INFO: [Synth 8-256] done synthesizing module 'axi_data_fifo_v2_1_11_fifo_gen' (20#1) [/home/michael/hardware_security/zcu102/root_of_trust/operational_os/vivado/zcu102_25519_donna/zcu102_25519_donna.srcs/sources_1/bd/design_1/ipshared/5235/hdl/axi_data_fifo_v2_1_vl_rfs.v:168]
INFO: [Synth 8-256] done synthesizing module 'axi_data_fifo_v2_1_11_axic_fifo' (21#1) [/home/michael/hardware_security/zcu102/root_of_trust/operational_os/vivado/zcu102_25519_donna/zcu102_25519_donna.srcs/sources_1/bd/design_1/ipshared/5235/hdl/axi_data_fifo_v2_1_vl_rfs.v:64]
INFO: [Synth 8-638] synthesizing module 'axi_data_fifo_v2_1_11_axic_fifo__parameterized0' [/home/michael/hardware_security/zcu102/root_of_trust/operational_os/vivado/zcu102_25519_donna/zcu102_25519_donna.srcs/sources_1/bd/design_1/ipshared/5235/hdl/axi_data_fifo_v2_1_vl_rfs.v:64]
INFO: [Synth 8-638] synthesizing module 'axi_data_fifo_v2_1_11_fifo_gen__parameterized0' [/home/michael/hardware_security/zcu102/root_of_trust/operational_os/vivado/zcu102_25519_donna/zcu102_25519_donna.srcs/sources_1/bd/design_1/ipshared/5235/hdl/axi_data_fifo_v2_1_vl_rfs.v:168]
INFO: [Synth 8-256] done synthesizing module 'axi_data_fifo_v2_1_11_fifo_gen__parameterized0' (21#1) [/home/michael/hardware_security/zcu102/root_of_trust/operational_os/vivado/zcu102_25519_donna/zcu102_25519_donna.srcs/sources_1/bd/design_1/ipshared/5235/hdl/axi_data_fifo_v2_1_vl_rfs.v:168]
INFO: [Synth 8-256] done synthesizing module 'axi_data_fifo_v2_1_11_axic_fifo__parameterized0' (21#1) [/home/michael/hardware_security/zcu102/root_of_trust/operational_os/vivado/zcu102_25519_donna/zcu102_25519_donna.srcs/sources_1/bd/design_1/ipshared/5235/hdl/axi_data_fifo_v2_1_vl_rfs.v:64]
INFO: [Synth 8-256] done synthesizing module 'axi_dwidth_converter_v2_1_12_a_downsizer' (22#1) [/home/michael/hardware_security/zcu102/root_of_trust/operational_os/vivado/zcu102_25519_donna/zcu102_25519_donna.srcs/sources_1/bd/design_1/ipshared/fef9/hdl/axi_dwidth_converter_v2_1_vlsyn_rfs.v:64]
INFO: [Synth 8-638] synthesizing module 'axi_dwidth_converter_v2_1_12_w_downsizer' [/home/michael/hardware_security/zcu102/root_of_trust/operational_os/vivado/zcu102_25519_donna/zcu102_25519_donna.srcs/sources_1/bd/design_1/ipshared/fef9/hdl/axi_dwidth_converter_v2_1_vlsyn_rfs.v:2016]
INFO: [Synth 8-256] done synthesizing module 'axi_dwidth_converter_v2_1_12_w_downsizer' (23#1) [/home/michael/hardware_security/zcu102/root_of_trust/operational_os/vivado/zcu102_25519_donna/zcu102_25519_donna.srcs/sources_1/bd/design_1/ipshared/fef9/hdl/axi_dwidth_converter_v2_1_vlsyn_rfs.v:2016]
INFO: [Synth 8-638] synthesizing module 'axi_dwidth_converter_v2_1_12_a_downsizer__parameterized0' [/home/michael/hardware_security/zcu102/root_of_trust/operational_os/vivado/zcu102_25519_donna/zcu102_25519_donna.srcs/sources_1/bd/design_1/ipshared/fef9/hdl/axi_dwidth_converter_v2_1_vlsyn_rfs.v:64]
INFO: [Synth 8-256] done synthesizing module 'axi_dwidth_converter_v2_1_12_a_downsizer__parameterized0' (23#1) [/home/michael/hardware_security/zcu102/root_of_trust/operational_os/vivado/zcu102_25519_donna/zcu102_25519_donna.srcs/sources_1/bd/design_1/ipshared/fef9/hdl/axi_dwidth_converter_v2_1_vlsyn_rfs.v:64]
INFO: [Synth 8-638] synthesizing module 'axi_dwidth_converter_v2_1_12_r_downsizer' [/home/michael/hardware_security/zcu102/root_of_trust/operational_os/vivado/zcu102_25519_donna/zcu102_25519_donna.srcs/sources_1/bd/design_1/ipshared/fef9/hdl/axi_dwidth_converter_v2_1_vlsyn_rfs.v:1533]
INFO: [Synth 8-256] done synthesizing module 'axi_dwidth_converter_v2_1_12_r_downsizer' (24#1) [/home/michael/hardware_security/zcu102/root_of_trust/operational_os/vivado/zcu102_25519_donna/zcu102_25519_donna.srcs/sources_1/bd/design_1/ipshared/fef9/hdl/axi_dwidth_converter_v2_1_vlsyn_rfs.v:1533]
INFO: [Synth 8-256] done synthesizing module 'axi_dwidth_converter_v2_1_12_axi_downsizer' (25#1) [/home/michael/hardware_security/zcu102/root_of_trust/operational_os/vivado/zcu102_25519_donna/zcu102_25519_donna.srcs/sources_1/bd/design_1/ipshared/fef9/hdl/axi_dwidth_converter_v2_1_vlsyn_rfs.v:2380]
INFO: [Synth 8-256] done synthesizing module 'axi_dwidth_converter_v2_1_12_top' (26#1) [/home/michael/hardware_security/zcu102/root_of_trust/operational_os/vivado/zcu102_25519_donna/zcu102_25519_donna.srcs/sources_1/bd/design_1/ipshared/fef9/hdl/axi_dwidth_converter_v2_1_vlsyn_rfs.v:14450]
INFO: [Synth 8-256] done synthesizing module 'design_1_auto_ds_0' (27#1) [/home/michael/hardware_security/zcu102/root_of_trust/operational_os/vivado/zcu102_25519_donna/zcu102_25519_donna.srcs/sources_1/bd/design_1/ip/design_1_auto_ds_0/synth/design_1_auto_ds_0.v:58]
Finished RTL Elaboration : Time (s): cpu = 00:00:46 ; elapsed = 00:00:47 . Memory (MB): peak = 1501.902 ; gain = 0.000 ; free physical = 11563 ; free virtual = 22510
Finished RTL Optimization Phase 1 : Time (s): cpu = 00:00:46 ; elapsed = 00:00:47 . Memory (MB): peak = 1501.902 ; gain = 0.000 ; free physical = 11510 ; free virtual = 22457
INFO: [Device 21-403] Loading part xczu9eg-ffvb1156-2-i
Constraint Validation Runtime : Time (s): cpu = 00:00:00.06 ; elapsed = 00:00:00.05 . Memory (MB): peak = 2084.113 ; gain = 1.000 ; free physical = 9922 ; free virtual = 20871
Finished Constraint Validation : Time (s): cpu = 00:00:57 ; elapsed = 00:00:58 . Memory (MB): peak = 2084.113 ; gain = 582.211 ; free physical = 9359 ; free virtual = 20322
Finished Loading Part and Timing Information : Time (s): cpu = 00:00:57 ; elapsed = 00:00:58 . Memory (MB): peak = 2084.113 ; gain = 582.211 ; free physical = 9359 ; free virtual = 20322
Finished applying 'set_property' XDC Constraints : Time (s): cpu = 00:00:57 ; elapsed = 00:00:58 . Memory (MB): peak = 2084.113 ; gain = 582.211 ; free physical = 9359 ; free virtual = 20321
Finished RTL Optimization Phase 2 : Time (s): cpu = 00:00:58 ; elapsed = 00:00:59 . Memory (MB): peak = 2084.113 ; gain = 582.211 ; free physical = 9371 ; free virtual = 20333
Finished Cross Boundary and Area Optimization : Time (s): cpu = 00:01:04 ; elapsed = 00:01:06 . Memory (MB): peak = 2084.113 ; gain = 582.211 ; free physical = 9148 ; free virtual = 20111
---------------------------------------------------------------------------------
Start ROM, RAM, DSP and Shift Register Reporting
---------------------------------------------------------------------------------

Distributed RAM: Preliminary Mapping  Report (see note below)
+------------------------------------------------------------------------------------------------------------------------------------+-------------------------------------------------------------------------------+----------------+----------------------+------------+
|Module Name                                                                                                                         | RTL Object                                                                    | Inference      | Size (Depth x Width) | Primitives | 
+------------------------------------------------------------------------------------------------------------------------------------+-------------------------------------------------------------------------------+----------------+----------------------+------------+
|inst/\gen_downsizer.gen_simple_downsizer.axi_downsizer_inst/USE_WRITE.write_addr_inst/USE_B_CHANNEL.cmd_b_queue/inst/fifo_gen_inst  | inst_fifo_gen/gconvfifo.rf/grf.rf/gntv_or_sync_fifo.mem/gdm.dm_gen.dm/RAM_reg | User Attribute | 32 x 9               |            | 
|inst/\gen_downsizer.gen_simple_downsizer.axi_downsizer_inst/USE_WRITE.write_addr_inst/cmd_queue/inst/fifo_gen_inst                  | inst_fifo_gen/gconvfifo.rf/grf.rf/gntv_or_sync_fifo.mem/gdm.dm_gen.dm/RAM_reg | User Attribute | 32 x 29              |            | 
|inst/\gen_downsizer.gen_simple_downsizer.axi_downsizer_inst/USE_READ.read_addr_inst/cmd_queue/inst/fifo_gen_inst                    | inst_fifo_gen/gconvfifo.rf/grf.rf/gntv_or_sync_fifo.mem/gdm.dm_gen.dm/RAM_reg | User Attribute | 32 x 29              |            | 
+------------------------------------------------------------------------------------------------------------------------------------+-------------------------------------------------------------------------------+----------------+----------------------+------------+

Note: The table above is a preliminary report that shows the Distributed RAMs at the current stage of the synthesis flow. Some Distributed RAMs may be reimplemented as non Distributed RAM primitives later in the synthesis flow. Multiple instantiated RAMs are reported only once.
---------------------------------------------------------------------------------
Finished ROM, RAM, DSP and Shift Register Reporting
---------------------------------------------------------------------------------
Finished Applying XDC Timing Constraints : Time (s): cpu = 00:01:17 ; elapsed = 00:01:19 . Memory (MB): peak = 2686.098 ; gain = 1184.195 ; free physical = 7296 ; free virtual = 18259
Finished Timing Optimization : Time (s): cpu = 00:01:21 ; elapsed = 00:01:24 . Memory (MB): peak = 2750.652 ; gain = 1248.750 ; free physical = 6245 ; free virtual = 17199
Finished Technology Mapping : Time (s): cpu = 00:01:22 ; elapsed = 00:01:25 . Memory (MB): peak = 2758.660 ; gain = 1256.758 ; free physical = 6238 ; free virtual = 17192
Finished IO Insertion : Time (s): cpu = 00:01:23 ; elapsed = 00:01:26 . Memory (MB): peak = 2758.660 ; gain = 1256.758 ; free physical = 6235 ; free virtual = 17189
Finished Renaming Generated Instances : Time (s): cpu = 00:01:23 ; elapsed = 00:01:26 . Memory (MB): peak = 2758.660 ; gain = 1256.758 ; free physical = 6236 ; free virtual = 17190
Finished Rebuilding User Hierarchy : Time (s): cpu = 00:01:23 ; elapsed = 00:01:26 . Memory (MB): peak = 2758.660 ; gain = 1256.758 ; free physical = 6227 ; free virtual = 17181
Finished Renaming Generated Ports : Time (s): cpu = 00:01:23 ; elapsed = 00:01:26 . Memory (MB): peak = 2758.660 ; gain = 1256.758 ; free physical = 6227 ; free virtual = 17181
Finished Handling Custom Attributes : Time (s): cpu = 00:01:23 ; elapsed = 00:01:26 . Memory (MB): peak = 2758.660 ; gain = 1256.758 ; free physical = 6227 ; free virtual = 17181
Finished Renaming Generated Nets : Time (s): cpu = 00:01:23 ; elapsed = 00:01:26 . Memory (MB): peak = 2758.660 ; gain = 1256.758 ; free physical = 6227 ; free virtual = 17181

Report Cell Usage: 
+------+---------+------+
|      |Cell     |Count |
+------+---------+------+
|1     |CARRY8   |     8|
|2     |LUT1     |    21|
|3     |LUT2     |   109|
|4     |LUT3     |    85|
|5     |LUT4     |   107|
|6     |LUT5     |   230|
|7     |LUT6     |   432|
|8     |RAM32M16 |     7|
|9     |FDCE     |    69|
|10    |FDPE     |    63|
|11    |FDRE     |   829|
|12    |FDSE     |     5|
+------+---------+------+
Finished Writing Synthesis Report : Time (s): cpu = 00:01:23 ; elapsed = 00:01:26 . Memory (MB): peak = 2758.660 ; gain = 1256.758 ; free physical = 6227 ; free virtual = 17181
synth_design: Time (s): cpu = 00:01:26 ; elapsed = 00:01:29 . Memory (MB): peak = 2790.676 ; gain = 1354.438 ; free physical = 6212 ; free virtual = 17163
