

================================================================
== Vivado HLS Report for 'sha256'
================================================================
* Date:           Mon May  1 20:16:17 2017

* Version:        2017.1 (Build 1846317 on Fri Apr 14 19:19:38 MDT 2017)
* Project:        sha256_stream
* Solution:       solution1
* Product family: zynquplus
* Target device:  xczu9eg-ffvb1156-1-i-es1


================================================================
== Performance Estimates
================================================================
+ Timing (ns): 
    * Summary: 
    +--------+-------+----------+------------+
    |  Clock | Target| Estimated| Uncertainty|
    +--------+-------+----------+------------+
    |ap_clk  |  10.00|      4.73|        1.25|
    +--------+-------+----------+------------+

+ Latency (clock cycles): 
    * Summary: 
    +-----+-----+-----+-----+---------+
    |  Latency  |  Interval | Pipeline|
    | min | max | min | max |   Type  |
    +-----+-----+-----+-----+---------+
    |    ?|    ?|    ?|    ?|   none  |
    +-----+-----+-----+-----+---------+

    + Detail: 
        * Instance: 
        N/A

        * Loop: 
        +-------------+-----+-----+------------+-----------+-----------+------+----------+
        |             |  Latency  |  Iteration |  Initiation Interval  | Trip |          |
        |  Loop Name  | min | max |   Latency  |  achieved |   target  | Count| Pipelined|
        +-------------+-----+-----+------------+-----------+-----------+------+----------+
        |- Loop 1     |    ?|    ?| 133 ~ 2619 |          -|          -|     ?|    no    |
        | + Loop 1.1  |  128|  128|           2|          -|          -|    64|    no    |
        +-------------+-----+-----+------------+-----------+-----------+------+----------+

============================================================
+ Verbose Summary: Synthesis Manager
============================================================
InlineROM: 1
ExposeGlobal: 0
============================================================
+ Verbose Summary: CDFG Model
============================================================
IsTopModel: 1
ResetActiveHigh: 1
IsCombinational: 0
IsDatapathOnly: 0
HasWiredReturn: 1
HasMFsm: 0
HasVarLatency: 1
IsPipeline: 0
IsRtlPipelined: 0
IsInstanceOverlapped: 0
IsDontTouch: 0
HasImplIP: 0
IsGatedGlobalClock: 0


============================================================
+ Verbose Summary: Schedule
============================================================
* Number of FSM states: 9
* Pipeline: 0
* Dataflow Pipeline: 0

* FSM state transitions: 
1 --> 
	2  / true
2 --> 
	3  / true
3 --> 
	4  / true
4 --> 
	5  / true
5 --> 
	9  / (!tmp)
	6  / (tmp)
6 --> 
	7  / (!exitcond)
	8  / (exitcond)
7 --> 
	6  / true
8 --> 
	5  / true
9 --> 
* FSM state operations: 

 <State 1>: 0.79ns
ST_1: data_buffer (10)  [1/1] 0.00ns  loc: sha256_stream/src/sha256_stream.cpp:134
:5  %data_buffer = alloca [64 x i8], align 16

ST_1: cipher_m_block (11)  [1/1] 0.00ns  loc: sha256_stream/src/sha256_stream.cpp:136
:6  %cipher_m_block = alloca [128 x i8], align 1

ST_1: cipher_m_h (12)  [1/1] 0.00ns  loc: sha256_stream/src/sha256_stream.cpp:136
:7  %cipher_m_h = alloca [8 x i32], align 4

ST_1: cipher_m_h_addr (18)  [1/1] 0.00ns  loc: sha256_stream/src/sha256_stream.cpp:75->sha256_stream/src/sha256_stream.cpp:138
:13  %cipher_m_h_addr = getelementptr [8 x i32]* %cipher_m_h, i64 0, i64 0

ST_1: StgValue_14 (19)  [1/1] 0.79ns  loc: sha256_stream/src/sha256_stream.cpp:75->sha256_stream/src/sha256_stream.cpp:138
:14  store i32 1779033703, i32* %cipher_m_h_addr, align 4

ST_1: cipher_m_h_addr_1 (20)  [1/1] 0.00ns  loc: sha256_stream/src/sha256_stream.cpp:76->sha256_stream/src/sha256_stream.cpp:138
:15  %cipher_m_h_addr_1 = getelementptr [8 x i32]* %cipher_m_h, i64 0, i64 1

ST_1: StgValue_16 (21)  [1/1] 0.79ns  loc: sha256_stream/src/sha256_stream.cpp:76->sha256_stream/src/sha256_stream.cpp:138
:16  store i32 -1150833019, i32* %cipher_m_h_addr_1, align 4


 <State 2>: 0.79ns
ST_2: cipher_m_h_addr_2 (22)  [1/1] 0.00ns  loc: sha256_stream/src/sha256_stream.cpp:77->sha256_stream/src/sha256_stream.cpp:138
:17  %cipher_m_h_addr_2 = getelementptr [8 x i32]* %cipher_m_h, i64 0, i64 2

ST_2: StgValue_18 (23)  [1/1] 0.79ns  loc: sha256_stream/src/sha256_stream.cpp:77->sha256_stream/src/sha256_stream.cpp:138
:18  store i32 1013904242, i32* %cipher_m_h_addr_2, align 4

ST_2: cipher_m_h_addr_3 (24)  [1/1] 0.00ns  loc: sha256_stream/src/sha256_stream.cpp:78->sha256_stream/src/sha256_stream.cpp:138
:19  %cipher_m_h_addr_3 = getelementptr [8 x i32]* %cipher_m_h, i64 0, i64 3

ST_2: StgValue_20 (25)  [1/1] 0.79ns  loc: sha256_stream/src/sha256_stream.cpp:78->sha256_stream/src/sha256_stream.cpp:138
:20  store i32 -1521486534, i32* %cipher_m_h_addr_3, align 4


 <State 3>: 0.79ns
ST_3: cipher_m_h_addr_4 (26)  [1/1] 0.00ns  loc: sha256_stream/src/sha256_stream.cpp:79->sha256_stream/src/sha256_stream.cpp:138
:21  %cipher_m_h_addr_4 = getelementptr [8 x i32]* %cipher_m_h, i64 0, i64 4

ST_3: StgValue_22 (27)  [1/1] 0.79ns  loc: sha256_stream/src/sha256_stream.cpp:79->sha256_stream/src/sha256_stream.cpp:138
:22  store i32 1359893119, i32* %cipher_m_h_addr_4, align 4

ST_3: cipher_m_h_addr_5 (28)  [1/1] 0.00ns  loc: sha256_stream/src/sha256_stream.cpp:80->sha256_stream/src/sha256_stream.cpp:138
:23  %cipher_m_h_addr_5 = getelementptr [8 x i32]* %cipher_m_h, i64 0, i64 5

ST_3: StgValue_24 (29)  [1/1] 0.79ns  loc: sha256_stream/src/sha256_stream.cpp:80->sha256_stream/src/sha256_stream.cpp:138
:24  store i32 -1694144372, i32* %cipher_m_h_addr_5, align 4


 <State 4>: 0.79ns
ST_4: StgValue_25 (5)  [1/1] 0.00ns
:0  call void (...)* @_ssdm_op_SpecBitsMap(i8* %stream_in_V), !map !36

ST_4: StgValue_26 (6)  [1/1] 0.00ns
:1  call void (...)* @_ssdm_op_SpecBitsMap(i32 %num_blocks), !map !42

ST_4: StgValue_27 (7)  [1/1] 0.00ns
:2  call void (...)* @_ssdm_op_SpecBitsMap([32 x i8]* %digest_out), !map !48

ST_4: StgValue_28 (8)  [1/1] 0.00ns
:3  call void (...)* @_ssdm_op_SpecTopModule([7 x i8]* @sha256_str) nounwind

ST_4: num_blocks_read (9)  [1/1] 0.00ns
:4  %num_blocks_read = call i32 @_ssdm_op_Read.ap_vld.i32(i32 %num_blocks)

ST_4: StgValue_30 (13)  [1/1] 0.00ns  loc: sha256_stream/src/sha256_stream.cpp:130
:8  call void (...)* @_ssdm_op_SpecInterface(i32 %num_blocks, [7 x i8]* @p_str, i32 0, i32 0, [1 x i8]* @p_str1, i32 0, i32 0, [1 x i8]* @p_str1, [1 x i8]* @p_str1, [1 x i8]* @p_str1, i32 0, i32 0, i32 0, i32 0, [1 x i8]* @p_str1, [1 x i8]* @p_str1) nounwind

ST_4: empty (14)  [1/1] 0.00ns
:9  %empty = call i32 (...)* @_ssdm_op_SpecMemCore([32 x i8]* %digest_out, [1 x i8]* @p_str5, [7 x i8]* @RAM_1P_str, [1 x i8]* @p_str5, i32 -1, [1 x i8]* @p_str5, [1 x i8]* @p_str5, [1 x i8]* @p_str5, [1 x i8]* @p_str5, [1 x i8]* @p_str5)

ST_4: StgValue_32 (15)  [1/1] 0.00ns
:10  call void (...)* @_ssdm_op_SpecInterface([32 x i8]* %digest_out, [10 x i8]* @p_str2, i32 0, i32 0, [1 x i8]* @p_str1, i32 0, i32 0, [1 x i8]* @p_str1, [1 x i8]* @p_str1, [1 x i8]* @p_str1, i32 0, i32 0, i32 0, i32 0, [1 x i8]* @p_str1, [1 x i8]* @p_str1) nounwind

ST_4: StgValue_33 (16)  [1/1] 0.00ns  loc: sha256_stream/src/sha256_stream.cpp:132
:11  call void (...)* @_ssdm_op_SpecInterface(i32 %num_blocks, [10 x i8]* @p_str2, i32 0, i32 0, [1 x i8]* @p_str1, i32 0, i32 0, [1 x i8]* @p_str1, [1 x i8]* @p_str1, [1 x i8]* @p_str1, i32 0, i32 0, i32 0, i32 0, [1 x i8]* @p_str1, [1 x i8]* @p_str1) nounwind

ST_4: StgValue_34 (17)  [1/1] 0.00ns  loc: sha256_stream/src/sha256_stream.cpp:133
:12  call void (...)* @_ssdm_op_SpecInterface(i8* %stream_in_V, [5 x i8]* @p_str3, i32 1, i32 1, [5 x i8]* @p_str4, i32 0, i32 0, [1 x i8]* @p_str1, [1 x i8]* @p_str1, [1 x i8]* @p_str1, i32 0, i32 0, i32 0, i32 0, [1 x i8]* @p_str1, [1 x i8]* @p_str1) nounwind

ST_4: cipher_m_h_addr_6 (30)  [1/1] 0.00ns  loc: sha256_stream/src/sha256_stream.cpp:81->sha256_stream/src/sha256_stream.cpp:138
:25  %cipher_m_h_addr_6 = getelementptr [8 x i32]* %cipher_m_h, i64 0, i64 6

ST_4: StgValue_36 (31)  [1/1] 0.79ns  loc: sha256_stream/src/sha256_stream.cpp:81->sha256_stream/src/sha256_stream.cpp:138
:26  store i32 528734635, i32* %cipher_m_h_addr_6, align 4

ST_4: cipher_m_h_addr_7 (32)  [1/1] 0.00ns  loc: sha256_stream/src/sha256_stream.cpp:82->sha256_stream/src/sha256_stream.cpp:138
:27  %cipher_m_h_addr_7 = getelementptr [8 x i32]* %cipher_m_h, i64 0, i64 7

ST_4: StgValue_38 (33)  [1/1] 0.79ns  loc: sha256_stream/src/sha256_stream.cpp:82->sha256_stream/src/sha256_stream.cpp:138
:28  store i32 1541459225, i32* %cipher_m_h_addr_7, align 4

ST_4: StgValue_39 (34)  [1/1] 0.76ns  loc: sha256_stream/src/sha256_stream.cpp:140
:29  br label %1


 <State 5>: 2.42ns
ST_5: cipher_m_len (36)  [1/1] 0.00ns
:0  %cipher_m_len = phi i32 [ 0, %0 ], [ %cipher_m_len_1, %3 ]

ST_5: cipher_m_tot_len (37)  [1/1] 0.00ns
:1  %cipher_m_tot_len = phi i32 [ 0, %0 ], [ %cipher_m_tot_len_1, %3 ]

ST_5: block_counter (38)  [1/1] 0.00ns
:2  %block_counter = phi i31 [ 0, %0 ], [ %block_counter_1, %3 ]

ST_5: block_counter_cast (39)  [1/1] 0.00ns  loc: sha256_stream/src/sha256_stream.cpp:140
:3  %block_counter_cast = zext i31 %block_counter to i32

ST_5: tmp (40)  [1/1] 0.72ns  loc: sha256_stream/src/sha256_stream.cpp:140
:4  %tmp = icmp slt i32 %block_counter_cast, %num_blocks_read

ST_5: block_counter_1 (41)  [1/1] 1.57ns  loc: sha256_stream/src/sha256_stream.cpp:140
:5  %block_counter_1 = add i31 %block_counter, 1

ST_5: StgValue_46 (42)  [1/1] 0.00ns  loc: sha256_stream/src/sha256_stream.cpp:140
:6  br i1 %tmp, label %.preheader.preheader, label %4

ST_5: StgValue_47 (44)  [1/1] 0.76ns  loc: sha256_stream/src/sha256_stream.cpp:142
.preheader.preheader:0  br label %.preheader

ST_5: StgValue_48 (63)  [2/2] 2.42ns  loc: sha256_stream/src/sha256_stream.cpp:147
:0  call fastcc void @final(i32 %cipher_m_tot_len, i32 %cipher_m_len, [128 x i8]* %cipher_m_block, [8 x i32]* %cipher_m_h, [32 x i8]* %digest_out)


 <State 6>: 2.40ns
ST_6: data_index (46)  [1/1] 0.00ns
.preheader:0  %data_index = phi i7 [ %data_index_1, %2 ], [ 0, %.preheader.preheader ]

ST_6: exitcond (47)  [1/1] 0.66ns  loc: sha256_stream/src/sha256_stream.cpp:142
.preheader:1  %exitcond = icmp eq i7 %data_index, -64

ST_6: empty_24 (48)  [1/1] 0.00ns
.preheader:2  %empty_24 = call i32 (...)* @_ssdm_op_SpecLoopTripCount(i64 64, i64 64, i64 64)

ST_6: data_index_1 (49)  [1/1] 1.27ns  loc: sha256_stream/src/sha256_stream.cpp:142
.preheader:3  %data_index_1 = add i7 %data_index, 1

ST_6: StgValue_53 (50)  [1/1] 0.00ns  loc: sha256_stream/src/sha256_stream.cpp:142
.preheader:4  br i1 %exitcond, label %3, label %2

ST_6: tmp_95 (52)  [2/2] 0.00ns  loc: sha256_stream/src/sha256_stream.cpp:143
:0  %tmp_95 = call i8 @_ssdm_op_Read.axis.volatile.i8P(i8* %stream_in_V)

ST_6: call_ret (58)  [2/2] 2.40ns  loc: sha256_stream/src/sha256_stream.cpp:145
:0  %call_ret = call fastcc { i32, i32 } @update(i32 %cipher_m_tot_len, i32 %cipher_m_len, [128 x i8]* %cipher_m_block, [8 x i32]* %cipher_m_h, [64 x i8]* %data_buffer)


 <State 7>: 0.79ns
ST_7: tmp_95 (52)  [1/2] 0.00ns  loc: sha256_stream/src/sha256_stream.cpp:143
:0  %tmp_95 = call i8 @_ssdm_op_Read.axis.volatile.i8P(i8* %stream_in_V)

ST_7: tmp_3 (53)  [1/1] 0.00ns  loc: sha256_stream/src/sha256_stream.cpp:143
:1  %tmp_3 = zext i7 %data_index to i64

ST_7: data_buffer_addr (54)  [1/1] 0.00ns  loc: sha256_stream/src/sha256_stream.cpp:143
:2  %data_buffer_addr = getelementptr inbounds [64 x i8]* %data_buffer, i64 0, i64 %tmp_3

ST_7: StgValue_59 (55)  [1/1] 0.79ns  loc: sha256_stream/src/sha256_stream.cpp:143
:3  store i8 %tmp_95, i8* %data_buffer_addr, align 1

ST_7: StgValue_60 (56)  [1/1] 0.00ns  loc: sha256_stream/src/sha256_stream.cpp:142
:4  br label %.preheader


 <State 8>: 0.00ns
ST_8: call_ret (58)  [1/2] 0.00ns  loc: sha256_stream/src/sha256_stream.cpp:145
:0  %call_ret = call fastcc { i32, i32 } @update(i32 %cipher_m_tot_len, i32 %cipher_m_len, [128 x i8]* %cipher_m_block, [8 x i32]* %cipher_m_h, [64 x i8]* %data_buffer)

ST_8: cipher_m_tot_len_1 (59)  [1/1] 0.00ns  loc: sha256_stream/src/sha256_stream.cpp:145
:1  %cipher_m_tot_len_1 = extractvalue { i32, i32 } %call_ret, 0

ST_8: cipher_m_len_1 (60)  [1/1] 0.00ns  loc: sha256_stream/src/sha256_stream.cpp:145
:2  %cipher_m_len_1 = extractvalue { i32, i32 } %call_ret, 1

ST_8: StgValue_64 (61)  [1/1] 0.00ns  loc: sha256_stream/src/sha256_stream.cpp:140
:3  br label %1


 <State 9>: 0.00ns
ST_9: StgValue_65 (63)  [1/2] 0.00ns  loc: sha256_stream/src/sha256_stream.cpp:147
:0  call fastcc void @final(i32 %cipher_m_tot_len, i32 %cipher_m_len, [128 x i8]* %cipher_m_block, [8 x i32]* %cipher_m_h, [32 x i8]* %digest_out)

ST_9: StgValue_66 (64)  [1/1] 0.00ns  loc: sha256_stream/src/sha256_stream.cpp:148
:1  ret void



============================================================
+ Verbose Summary: Timing violations
============================================================
Target clock period: 10ns, clock uncertainty: 1.25ns.

 <State 1>: 0.79ns
The critical path consists of the following:
	'alloca' operation ('cipher.m_h', sha256_stream/src/sha256_stream.cpp:136) [12]  (0 ns)
	'getelementptr' operation ('cipher_m_h_addr', sha256_stream/src/sha256_stream.cpp:75->sha256_stream/src/sha256_stream.cpp:138) [18]  (0 ns)
	'store' operation (sha256_stream/src/sha256_stream.cpp:75->sha256_stream/src/sha256_stream.cpp:138) of constant 1779033703 on array 'cipher.m_h', sha256_stream/src/sha256_stream.cpp:136 [19]  (0.79 ns)

 <State 2>: 0.79ns
The critical path consists of the following:
	'getelementptr' operation ('cipher_m_h_addr_2', sha256_stream/src/sha256_stream.cpp:77->sha256_stream/src/sha256_stream.cpp:138) [22]  (0 ns)
	'store' operation (sha256_stream/src/sha256_stream.cpp:77->sha256_stream/src/sha256_stream.cpp:138) of constant 1013904242 on array 'cipher.m_h', sha256_stream/src/sha256_stream.cpp:136 [23]  (0.79 ns)

 <State 3>: 0.79ns
The critical path consists of the following:
	'getelementptr' operation ('cipher_m_h_addr_4', sha256_stream/src/sha256_stream.cpp:79->sha256_stream/src/sha256_stream.cpp:138) [26]  (0 ns)
	'store' operation (sha256_stream/src/sha256_stream.cpp:79->sha256_stream/src/sha256_stream.cpp:138) of constant 1359893119 on array 'cipher.m_h', sha256_stream/src/sha256_stream.cpp:136 [27]  (0.79 ns)

 <State 4>: 0.79ns
The critical path consists of the following:
	'getelementptr' operation ('cipher_m_h_addr_6', sha256_stream/src/sha256_stream.cpp:81->sha256_stream/src/sha256_stream.cpp:138) [30]  (0 ns)
	'store' operation (sha256_stream/src/sha256_stream.cpp:81->sha256_stream/src/sha256_stream.cpp:138) of constant 528734635 on array 'cipher.m_h', sha256_stream/src/sha256_stream.cpp:136 [31]  (0.79 ns)

 <State 5>: 2.42ns
The critical path consists of the following:
	'phi' operation ('cipher.m_len') with incoming values : ('cipher.m_len', sha256_stream/src/sha256_stream.cpp:145) [36]  (0 ns)
	'call' operation (sha256_stream/src/sha256_stream.cpp:147) to 'final' [63]  (2.42 ns)

 <State 6>: 2.4ns
The critical path consists of the following:
	'call' operation ('call_ret', sha256_stream/src/sha256_stream.cpp:145) to 'update' [58]  (2.4 ns)

 <State 7>: 0.79ns
The critical path consists of the following:
	axis read on port 'stream_in_V' (sha256_stream/src/sha256_stream.cpp:143) [52]  (0 ns)
	'store' operation (sha256_stream/src/sha256_stream.cpp:143) of variable 'tmp', sha256_stream/src/sha256_stream.cpp:143 on array 'data_buffer', sha256_stream/src/sha256_stream.cpp:134 [55]  (0.79 ns)

 <State 8>: 0ns
The critical path consists of the following:

 <State 9>: 0ns
The critical path consists of the following:


============================================================
+ Verbose Summary: Binding
============================================================
N/A
* FSMD analyzer results:
  - Output states:
 - Input state : 
  - Chain level:
	State 1
	State 2
	State 3
	State 4
	State 5
	State 6
	State 7
	State 8
	State 9


============================================================
+ Verbose Summary: Datapath Resource usage 
============================================================
N/A
