21:17:46 INFO  : Registering command handlers for SDK TCF services
21:17:54 INFO  : Launching XSCT server: xsct -n -interactive /home/michael/hardware_security/zcu102/root_of_trust/operational_os/vivado/zcu_microblaze_2/zcu_microblaze_2.sdk/temp_xsdb_launch_script.tcl
21:18:01 INFO  : XSCT server has started successfully.
21:18:13 INFO  : Successfully done setting XSCT server connection channel  
21:18:13 INFO  : Successfully done setting SDK workspace  
21:18:13 INFO  : Processing command line option -hwspec /home/michael/hardware_security/zcu102/root_of_trust/operational_os/vivado/zcu_microblaze_2/zcu_microblaze_2.sdk/design_1_wrapper.hdf.
22:18:09 INFO  : SDK has detected change in the last modified timestamps for source hardware specification file Source:1493611998000,  Project:1493607042000
22:18:09 INFO  : Project design_1_wrapper_hw_platform_0's source hardware specification located at /home/michael/hardware_security/zcu102/root_of_trust/operational_os/vivado/zcu_microblaze_2/zcu_microblaze_2.sdk/design_1_wrapper.hdf is now different from the local copy.
		 The local copy will be replaced with the source specification and your workspace will be updated.
22:18:14 INFO  : Copied contents of /home/michael/hardware_security/zcu102/root_of_trust/operational_os/vivado/zcu_microblaze_2/zcu_microblaze_2.sdk/design_1_wrapper.hdf into /design_1_wrapper_hw_platform_0/system.hdf.
22:18:28 INFO  : Synchronizing projects in the workspace with the hardware platform specification changes.
22:18:37 INFO  : 
22:18:38 INFO  : Updating hardware inferred compiler options for fsbl.
22:18:38 INFO  : Clearing existing target manager status.
22:18:46 INFO  : Closing and re-opening the MSS file of ther project fsbl_bsp
22:18:48 INFO  : Workspace synchronized with the new hardware specification file. Cleaning dependent projects...
22:18:49 WARN  : Linker script will not be updated automatically. Users need to update it manually.
22:34:38 INFO  : SDK has detected change in the last modified timestamps for source hardware specification file Source:1493613222000,  Project:1493611998000
22:34:38 INFO  : Project design_1_wrapper_hw_platform_0's source hardware specification located at /home/michael/hardware_security/zcu102/root_of_trust/operational_os/vivado/zcu_microblaze_2/zcu_microblaze_2.sdk/design_1_wrapper.hdf is now different from the local copy.
		 The local copy will be replaced with the source specification and your workspace will be updated.
22:34:40 INFO  : Copied contents of /home/michael/hardware_security/zcu102/root_of_trust/operational_os/vivado/zcu_microblaze_2/zcu_microblaze_2.sdk/design_1_wrapper.hdf into /design_1_wrapper_hw_platform_0/system.hdf.
22:34:54 INFO  : Synchronizing projects in the workspace with the hardware platform specification changes.
22:34:58 INFO  : 
22:34:59 INFO  : Updating hardware inferred compiler options for fsbl.
22:34:59 INFO  : Clearing existing target manager status.
22:34:59 INFO  : Closing and re-opening the MSS file of ther project fsbl_bsp
22:35:00 INFO  : Workspace synchronized with the new hardware specification file. Cleaning dependent projects...
22:35:02 WARN  : Linker script will not be updated automatically. Users need to update it manually.
13:15:22 ERROR : Unexpected error while parsing XMD response ￿: com.google.gson.JsonSyntaxException: com.google.gson.stream.MalformedJsonException: invalid number or unquoted string near 
14:17:59 INFO  : Registering command handlers for SDK TCF services
14:18:00 INFO  : Launching XSCT server: xsct -n -interactive /home/michael/hardware_security/zcu102/root_of_trust/operational_os/vivado/zcu_microblaze_2/zcu_microblaze_2.sdk/temp_xsdb_launch_script.tcl
14:18:04 INFO  : XSCT server has started successfully.
14:18:16 INFO  : Successfully done setting XSCT server connection channel  
14:18:16 INFO  : Successfully done setting SDK workspace  
14:18:16 INFO  : Processing command line option -hwspec /home/michael/hardware_security/zcu102/root_of_trust/operational_os/vivado/zcu_microblaze_2/zcu_microblaze_2.sdk/design_1_wrapper.hdf.
14:18:16 INFO  : Checking for hwspec changes in the project design_1_wrapper_hw_platform_0.
14:18:24 INFO  : SDK has detected change in the last modified timestamps for source hardware specification file Source:1493667289000,  Project:1493613222000
14:18:24 INFO  : The hardware specification for project 'design_1_wrapper_hw_platform_0' is different from /home/michael/hardware_security/zcu102/root_of_trust/operational_os/vivado/zcu_microblaze_2/zcu_microblaze_2.sdk/design_1_wrapper.hdf.
14:18:24 INFO  : Copied contents of /home/michael/hardware_security/zcu102/root_of_trust/operational_os/vivado/zcu_microblaze_2/zcu_microblaze_2.sdk/design_1_wrapper.hdf into /design_1_wrapper_hw_platform_0/system.hdf.
14:18:36 INFO  : Synchronizing projects in the workspace with the hardware platform specification changes.
14:18:46 INFO  : 
14:18:47 INFO  : 
14:18:48 INFO  : Updating hardware inferred compiler options for fsbl.
14:18:49 INFO  : Updating hardware inferred compiler options for microblaze_hello_world.
14:18:49 INFO  : Clearing existing target manager status.
14:21:23 INFO  : Inferring section assignments and sizes from elf file: /home/michael/hardware_security/zcu102/root_of_trust/operational_os/vivado/zcu_microblaze_2/zcu_microblaze_2.sdk/microblaze_hello_world/Release/microblaze_hello_world.elf
