
*** Running vivado
    with args -log design_1_axi_intc_0_0.vds -m64 -product Vivado -mode batch -messageDb vivado.pb -notrace -source design_1_axi_intc_0_0.tcl


****** Vivado v2017.1 (64-bit)
  **** SW Build 1846317 on Fri Apr 14 18:54:47 MDT 2017
  **** IP Build 1846188 on Fri Apr 14 20:52:08 MDT 2017
    ** Copyright 1986-2017 Xilinx, Inc. All Rights Reserved.

source design_1_axi_intc_0_0.tcl -notrace
Starting RTL Elaboration : Time (s): cpu = 00:00:03 ; elapsed = 00:00:03 . Memory (MB): peak = 1490.812 ; gain = 0.000 ; free physical = 785 ; free virtual = 13823
INFO: [Synth 8-638] synthesizing module 'design_1_axi_intc_0_0' [/home/michael/hardware_security/zcu102/root_of_trust/operational_os/vivado/zcu_microblaze_2/zcu_microblaze_2.srcs/sources_1/bd/design_1/ip/design_1_axi_intc_0_0/synth/design_1_axi_intc_0_0.vhd:85]
INFO: [Synth 8-638] synthesizing module 'axi_intc' [/home/michael/hardware_security/zcu102/root_of_trust/operational_os/vivado/zcu_microblaze_2/zcu_microblaze_2.srcs/sources_1/bd/design_1/ipshared/a811/hdl/axi_intc_v4_1_vh_rfs.vhd:3769]
INFO: [Synth 8-638] synthesizing module 'intc_core' [/home/michael/hardware_security/zcu102/root_of_trust/operational_os/vivado/zcu_microblaze_2/zcu_microblaze_2.srcs/sources_1/bd/design_1/ipshared/a811/hdl/axi_intc_v4_1_vh_rfs.vhd:782]
INFO: [Synth 8-256] done synthesizing module 'intc_core' (1#1) [/home/michael/hardware_security/zcu102/root_of_trust/operational_os/vivado/zcu_microblaze_2/zcu_microblaze_2.srcs/sources_1/bd/design_1/ipshared/a811/hdl/axi_intc_v4_1_vh_rfs.vhd:782]
INFO: [Synth 8-638] synthesizing module 'axi_lite_ipif' [/home/michael/hardware_security/zcu102/root_of_trust/operational_os/vivado/zcu_microblaze_2/zcu_microblaze_2.srcs/sources_1/bd/design_1/ipshared/0ba0/hdl/axi_lite_ipif_v3_0_vh_rfs.vhd:2948]
INFO: [Synth 8-638] synthesizing module 'slave_attachment' [/home/michael/hardware_security/zcu102/root_of_trust/operational_os/vivado/zcu_microblaze_2/zcu_microblaze_2.srcs/sources_1/bd/design_1/ipshared/0ba0/hdl/axi_lite_ipif_v3_0_vh_rfs.vhd:2341]
INFO: [Synth 8-638] synthesizing module 'address_decoder' [/home/michael/hardware_security/zcu102/root_of_trust/operational_os/vivado/zcu_microblaze_2/zcu_microblaze_2.srcs/sources_1/bd/design_1/ipshared/0ba0/hdl/axi_lite_ipif_v3_0_vh_rfs.vhd:1775]
INFO: [Synth 8-638] synthesizing module 'pselect_f' [/home/michael/hardware_security/zcu102/root_of_trust/operational_os/vivado/zcu_microblaze_2/zcu_microblaze_2.srcs/sources_1/bd/design_1/ipshared/0ba0/hdl/axi_lite_ipif_v3_0_vh_rfs.vhd:1534]
INFO: [Synth 8-256] done synthesizing module 'pselect_f' (2#1) [/home/michael/hardware_security/zcu102/root_of_trust/operational_os/vivado/zcu_microblaze_2/zcu_microblaze_2.srcs/sources_1/bd/design_1/ipshared/0ba0/hdl/axi_lite_ipif_v3_0_vh_rfs.vhd:1534]
INFO: [Synth 8-638] synthesizing module 'pselect_f__parameterized0' [/home/michael/hardware_security/zcu102/root_of_trust/operational_os/vivado/zcu_microblaze_2/zcu_microblaze_2.srcs/sources_1/bd/design_1/ipshared/0ba0/hdl/axi_lite_ipif_v3_0_vh_rfs.vhd:1534]
INFO: [Synth 8-256] done synthesizing module 'pselect_f__parameterized0' (2#1) [/home/michael/hardware_security/zcu102/root_of_trust/operational_os/vivado/zcu_microblaze_2/zcu_microblaze_2.srcs/sources_1/bd/design_1/ipshared/0ba0/hdl/axi_lite_ipif_v3_0_vh_rfs.vhd:1534]
INFO: [Synth 8-638] synthesizing module 'pselect_f__parameterized1' [/home/michael/hardware_security/zcu102/root_of_trust/operational_os/vivado/zcu_microblaze_2/zcu_microblaze_2.srcs/sources_1/bd/design_1/ipshared/0ba0/hdl/axi_lite_ipif_v3_0_vh_rfs.vhd:1534]
INFO: [Synth 8-256] done synthesizing module 'pselect_f__parameterized1' (2#1) [/home/michael/hardware_security/zcu102/root_of_trust/operational_os/vivado/zcu_microblaze_2/zcu_microblaze_2.srcs/sources_1/bd/design_1/ipshared/0ba0/hdl/axi_lite_ipif_v3_0_vh_rfs.vhd:1534]
INFO: [Synth 8-638] synthesizing module 'pselect_f__parameterized2' [/home/michael/hardware_security/zcu102/root_of_trust/operational_os/vivado/zcu_microblaze_2/zcu_microblaze_2.srcs/sources_1/bd/design_1/ipshared/0ba0/hdl/axi_lite_ipif_v3_0_vh_rfs.vhd:1534]
INFO: [Synth 8-256] done synthesizing module 'pselect_f__parameterized2' (2#1) [/home/michael/hardware_security/zcu102/root_of_trust/operational_os/vivado/zcu_microblaze_2/zcu_microblaze_2.srcs/sources_1/bd/design_1/ipshared/0ba0/hdl/axi_lite_ipif_v3_0_vh_rfs.vhd:1534]
INFO: [Synth 8-638] synthesizing module 'pselect_f__parameterized3' [/home/michael/hardware_security/zcu102/root_of_trust/operational_os/vivado/zcu_microblaze_2/zcu_microblaze_2.srcs/sources_1/bd/design_1/ipshared/0ba0/hdl/axi_lite_ipif_v3_0_vh_rfs.vhd:1534]
INFO: [Synth 8-256] done synthesizing module 'pselect_f__parameterized3' (2#1) [/home/michael/hardware_security/zcu102/root_of_trust/operational_os/vivado/zcu_microblaze_2/zcu_microblaze_2.srcs/sources_1/bd/design_1/ipshared/0ba0/hdl/axi_lite_ipif_v3_0_vh_rfs.vhd:1534]
INFO: [Synth 8-638] synthesizing module 'pselect_f__parameterized4' [/home/michael/hardware_security/zcu102/root_of_trust/operational_os/vivado/zcu_microblaze_2/zcu_microblaze_2.srcs/sources_1/bd/design_1/ipshared/0ba0/hdl/axi_lite_ipif_v3_0_vh_rfs.vhd:1534]
INFO: [Synth 8-256] done synthesizing module 'pselect_f__parameterized4' (2#1) [/home/michael/hardware_security/zcu102/root_of_trust/operational_os/vivado/zcu_microblaze_2/zcu_microblaze_2.srcs/sources_1/bd/design_1/ipshared/0ba0/hdl/axi_lite_ipif_v3_0_vh_rfs.vhd:1534]
INFO: [Synth 8-638] synthesizing module 'pselect_f__parameterized5' [/home/michael/hardware_security/zcu102/root_of_trust/operational_os/vivado/zcu_microblaze_2/zcu_microblaze_2.srcs/sources_1/bd/design_1/ipshared/0ba0/hdl/axi_lite_ipif_v3_0_vh_rfs.vhd:1534]
INFO: [Synth 8-256] done synthesizing module 'pselect_f__parameterized5' (2#1) [/home/michael/hardware_security/zcu102/root_of_trust/operational_os/vivado/zcu_microblaze_2/zcu_microblaze_2.srcs/sources_1/bd/design_1/ipshared/0ba0/hdl/axi_lite_ipif_v3_0_vh_rfs.vhd:1534]
INFO: [Synth 8-638] synthesizing module 'pselect_f__parameterized6' [/home/michael/hardware_security/zcu102/root_of_trust/operational_os/vivado/zcu_microblaze_2/zcu_microblaze_2.srcs/sources_1/bd/design_1/ipshared/0ba0/hdl/axi_lite_ipif_v3_0_vh_rfs.vhd:1534]
INFO: [Synth 8-256] done synthesizing module 'pselect_f__parameterized6' (2#1) [/home/michael/hardware_security/zcu102/root_of_trust/operational_os/vivado/zcu_microblaze_2/zcu_microblaze_2.srcs/sources_1/bd/design_1/ipshared/0ba0/hdl/axi_lite_ipif_v3_0_vh_rfs.vhd:1534]
INFO: [Synth 8-638] synthesizing module 'pselect_f__parameterized7' [/home/michael/hardware_security/zcu102/root_of_trust/operational_os/vivado/zcu_microblaze_2/zcu_microblaze_2.srcs/sources_1/bd/design_1/ipshared/0ba0/hdl/axi_lite_ipif_v3_0_vh_rfs.vhd:1534]
INFO: [Synth 8-256] done synthesizing module 'pselect_f__parameterized7' (2#1) [/home/michael/hardware_security/zcu102/root_of_trust/operational_os/vivado/zcu_microblaze_2/zcu_microblaze_2.srcs/sources_1/bd/design_1/ipshared/0ba0/hdl/axi_lite_ipif_v3_0_vh_rfs.vhd:1534]
INFO: [Synth 8-638] synthesizing module 'pselect_f__parameterized8' [/home/michael/hardware_security/zcu102/root_of_trust/operational_os/vivado/zcu_microblaze_2/zcu_microblaze_2.srcs/sources_1/bd/design_1/ipshared/0ba0/hdl/axi_lite_ipif_v3_0_vh_rfs.vhd:1534]
INFO: [Synth 8-256] done synthesizing module 'pselect_f__parameterized8' (2#1) [/home/michael/hardware_security/zcu102/root_of_trust/operational_os/vivado/zcu_microblaze_2/zcu_microblaze_2.srcs/sources_1/bd/design_1/ipshared/0ba0/hdl/axi_lite_ipif_v3_0_vh_rfs.vhd:1534]
INFO: [Synth 8-638] synthesizing module 'pselect_f__parameterized9' [/home/michael/hardware_security/zcu102/root_of_trust/operational_os/vivado/zcu_microblaze_2/zcu_microblaze_2.srcs/sources_1/bd/design_1/ipshared/0ba0/hdl/axi_lite_ipif_v3_0_vh_rfs.vhd:1534]
INFO: [Synth 8-256] done synthesizing module 'pselect_f__parameterized9' (2#1) [/home/michael/hardware_security/zcu102/root_of_trust/operational_os/vivado/zcu_microblaze_2/zcu_microblaze_2.srcs/sources_1/bd/design_1/ipshared/0ba0/hdl/axi_lite_ipif_v3_0_vh_rfs.vhd:1534]
INFO: [Synth 8-638] synthesizing module 'pselect_f__parameterized10' [/home/michael/hardware_security/zcu102/root_of_trust/operational_os/vivado/zcu_microblaze_2/zcu_microblaze_2.srcs/sources_1/bd/design_1/ipshared/0ba0/hdl/axi_lite_ipif_v3_0_vh_rfs.vhd:1534]
INFO: [Synth 8-256] done synthesizing module 'pselect_f__parameterized10' (2#1) [/home/michael/hardware_security/zcu102/root_of_trust/operational_os/vivado/zcu_microblaze_2/zcu_microblaze_2.srcs/sources_1/bd/design_1/ipshared/0ba0/hdl/axi_lite_ipif_v3_0_vh_rfs.vhd:1534]
INFO: [Synth 8-638] synthesizing module 'pselect_f__parameterized11' [/home/michael/hardware_security/zcu102/root_of_trust/operational_os/vivado/zcu_microblaze_2/zcu_microblaze_2.srcs/sources_1/bd/design_1/ipshared/0ba0/hdl/axi_lite_ipif_v3_0_vh_rfs.vhd:1534]
INFO: [Synth 8-256] done synthesizing module 'pselect_f__parameterized11' (2#1) [/home/michael/hardware_security/zcu102/root_of_trust/operational_os/vivado/zcu_microblaze_2/zcu_microblaze_2.srcs/sources_1/bd/design_1/ipshared/0ba0/hdl/axi_lite_ipif_v3_0_vh_rfs.vhd:1534]
INFO: [Synth 8-638] synthesizing module 'pselect_f__parameterized12' [/home/michael/hardware_security/zcu102/root_of_trust/operational_os/vivado/zcu_microblaze_2/zcu_microblaze_2.srcs/sources_1/bd/design_1/ipshared/0ba0/hdl/axi_lite_ipif_v3_0_vh_rfs.vhd:1534]
INFO: [Synth 8-256] done synthesizing module 'pselect_f__parameterized12' (2#1) [/home/michael/hardware_security/zcu102/root_of_trust/operational_os/vivado/zcu_microblaze_2/zcu_microblaze_2.srcs/sources_1/bd/design_1/ipshared/0ba0/hdl/axi_lite_ipif_v3_0_vh_rfs.vhd:1534]
INFO: [Synth 8-638] synthesizing module 'pselect_f__parameterized13' [/home/michael/hardware_security/zcu102/root_of_trust/operational_os/vivado/zcu_microblaze_2/zcu_microblaze_2.srcs/sources_1/bd/design_1/ipshared/0ba0/hdl/axi_lite_ipif_v3_0_vh_rfs.vhd:1534]
INFO: [Synth 8-256] done synthesizing module 'pselect_f__parameterized13' (2#1) [/home/michael/hardware_security/zcu102/root_of_trust/operational_os/vivado/zcu_microblaze_2/zcu_microblaze_2.srcs/sources_1/bd/design_1/ipshared/0ba0/hdl/axi_lite_ipif_v3_0_vh_rfs.vhd:1534]
INFO: [Synth 8-638] synthesizing module 'pselect_f__parameterized14' [/home/michael/hardware_security/zcu102/root_of_trust/operational_os/vivado/zcu_microblaze_2/zcu_microblaze_2.srcs/sources_1/bd/design_1/ipshared/0ba0/hdl/axi_lite_ipif_v3_0_vh_rfs.vhd:1534]
INFO: [Synth 8-256] done synthesizing module 'pselect_f__parameterized14' (2#1) [/home/michael/hardware_security/zcu102/root_of_trust/operational_os/vivado/zcu_microblaze_2/zcu_microblaze_2.srcs/sources_1/bd/design_1/ipshared/0ba0/hdl/axi_lite_ipif_v3_0_vh_rfs.vhd:1534]
INFO: [Synth 8-638] synthesizing module 'pselect_f__parameterized15' [/home/michael/hardware_security/zcu102/root_of_trust/operational_os/vivado/zcu_microblaze_2/zcu_microblaze_2.srcs/sources_1/bd/design_1/ipshared/0ba0/hdl/axi_lite_ipif_v3_0_vh_rfs.vhd:1534]
INFO: [Synth 8-256] done synthesizing module 'pselect_f__parameterized15' (2#1) [/home/michael/hardware_security/zcu102/root_of_trust/operational_os/vivado/zcu_microblaze_2/zcu_microblaze_2.srcs/sources_1/bd/design_1/ipshared/0ba0/hdl/axi_lite_ipif_v3_0_vh_rfs.vhd:1534]
INFO: [Synth 8-638] synthesizing module 'pselect_f__parameterized16' [/home/michael/hardware_security/zcu102/root_of_trust/operational_os/vivado/zcu_microblaze_2/zcu_microblaze_2.srcs/sources_1/bd/design_1/ipshared/0ba0/hdl/axi_lite_ipif_v3_0_vh_rfs.vhd:1534]
INFO: [Synth 8-256] done synthesizing module 'pselect_f__parameterized16' (2#1) [/home/michael/hardware_security/zcu102/root_of_trust/operational_os/vivado/zcu_microblaze_2/zcu_microblaze_2.srcs/sources_1/bd/design_1/ipshared/0ba0/hdl/axi_lite_ipif_v3_0_vh_rfs.vhd:1534]
INFO: [Synth 8-256] done synthesizing module 'address_decoder' (3#1) [/home/michael/hardware_security/zcu102/root_of_trust/operational_os/vivado/zcu_microblaze_2/zcu_microblaze_2.srcs/sources_1/bd/design_1/ipshared/0ba0/hdl/axi_lite_ipif_v3_0_vh_rfs.vhd:1775]
INFO: [Synth 8-256] done synthesizing module 'slave_attachment' (4#1) [/home/michael/hardware_security/zcu102/root_of_trust/operational_os/vivado/zcu_microblaze_2/zcu_microblaze_2.srcs/sources_1/bd/design_1/ipshared/0ba0/hdl/axi_lite_ipif_v3_0_vh_rfs.vhd:2341]
INFO: [Synth 8-256] done synthesizing module 'axi_lite_ipif' (5#1) [/home/michael/hardware_security/zcu102/root_of_trust/operational_os/vivado/zcu_microblaze_2/zcu_microblaze_2.srcs/sources_1/bd/design_1/ipshared/0ba0/hdl/axi_lite_ipif_v3_0_vh_rfs.vhd:2948]
INFO: [Synth 8-256] done synthesizing module 'axi_intc' (6#1) [/home/michael/hardware_security/zcu102/root_of_trust/operational_os/vivado/zcu_microblaze_2/zcu_microblaze_2.srcs/sources_1/bd/design_1/ipshared/a811/hdl/axi_intc_v4_1_vh_rfs.vhd:3769]
INFO: [Synth 8-256] done synthesizing module 'design_1_axi_intc_0_0' (7#1) [/home/michael/hardware_security/zcu102/root_of_trust/operational_os/vivado/zcu_microblaze_2/zcu_microblaze_2.srcs/sources_1/bd/design_1/ip/design_1_axi_intc_0_0/synth/design_1_axi_intc_0_0.vhd:85]
Finished RTL Elaboration : Time (s): cpu = 00:00:04 ; elapsed = 00:00:04 . Memory (MB): peak = 1490.812 ; gain = 0.000 ; free physical = 766 ; free virtual = 13818
Finished RTL Optimization Phase 1 : Time (s): cpu = 00:00:04 ; elapsed = 00:00:04 . Memory (MB): peak = 1490.812 ; gain = 0.000 ; free physical = 765 ; free virtual = 13818
INFO: [Device 21-403] Loading part xczu9eg-ffvb1156-2-i
Constraint Validation Runtime : Time (s): cpu = 00:00:00.03 ; elapsed = 00:00:00.02 . Memory (MB): peak = 2055.953 ; gain = 1.000 ; free physical = 491 ; free virtual = 12703
Finished Constraint Validation : Time (s): cpu = 00:00:14 ; elapsed = 00:00:15 . Memory (MB): peak = 2055.953 ; gain = 565.141 ; free physical = 462 ; free virtual = 12674
Finished Loading Part and Timing Information : Time (s): cpu = 00:00:14 ; elapsed = 00:00:15 . Memory (MB): peak = 2055.953 ; gain = 565.141 ; free physical = 462 ; free virtual = 12674
Finished applying 'set_property' XDC Constraints : Time (s): cpu = 00:00:14 ; elapsed = 00:00:15 . Memory (MB): peak = 2055.953 ; gain = 565.141 ; free physical = 464 ; free virtual = 12676
Finished RTL Optimization Phase 2 : Time (s): cpu = 00:00:14 ; elapsed = 00:00:15 . Memory (MB): peak = 2055.953 ; gain = 565.141 ; free physical = 444 ; free virtual = 12655
Finished Cross Boundary and Area Optimization : Time (s): cpu = 00:00:15 ; elapsed = 00:00:16 . Memory (MB): peak = 2055.953 ; gain = 565.141 ; free physical = 432 ; free virtual = 12644
Finished Applying XDC Timing Constraints : Time (s): cpu = 00:00:26 ; elapsed = 00:00:27 . Memory (MB): peak = 2648.930 ; gain = 1158.117 ; free physical = 156 ; free virtual = 11496
Finished Timing Optimization : Time (s): cpu = 00:00:27 ; elapsed = 00:00:28 . Memory (MB): peak = 2662.945 ; gain = 1172.133 ; free physical = 165 ; free virtual = 11488
Finished Technology Mapping : Time (s): cpu = 00:00:27 ; elapsed = 00:00:28 . Memory (MB): peak = 2671.961 ; gain = 1181.148 ; free physical = 172 ; free virtual = 11486
Finished IO Insertion : Time (s): cpu = 00:00:27 ; elapsed = 00:00:28 . Memory (MB): peak = 2671.961 ; gain = 1181.148 ; free physical = 171 ; free virtual = 11485
Finished Renaming Generated Instances : Time (s): cpu = 00:00:27 ; elapsed = 00:00:28 . Memory (MB): peak = 2671.961 ; gain = 1181.148 ; free physical = 171 ; free virtual = 11485
Finished Rebuilding User Hierarchy : Time (s): cpu = 00:00:27 ; elapsed = 00:00:28 . Memory (MB): peak = 2671.961 ; gain = 1181.148 ; free physical = 171 ; free virtual = 11485
Finished Renaming Generated Ports : Time (s): cpu = 00:00:27 ; elapsed = 00:00:28 . Memory (MB): peak = 2671.961 ; gain = 1181.148 ; free physical = 171 ; free virtual = 11485
Finished Handling Custom Attributes : Time (s): cpu = 00:00:27 ; elapsed = 00:00:28 . Memory (MB): peak = 2671.961 ; gain = 1181.148 ; free physical = 171 ; free virtual = 11485
Finished Renaming Generated Nets : Time (s): cpu = 00:00:27 ; elapsed = 00:00:28 . Memory (MB): peak = 2671.961 ; gain = 1181.148 ; free physical = 171 ; free virtual = 11485

Report Cell Usage: 
+------+-----+------+
|      |Cell |Count |
+------+-----+------+
|1     |LUT1 |     2|
|2     |LUT2 |     8|
|3     |LUT3 |     8|
|4     |LUT4 |    12|
|5     |LUT5 |    35|
|6     |LUT6 |    16|
|7     |FDRE |    58|
|8     |FDSE |     1|
+------+-----+------+
Finished Writing Synthesis Report : Time (s): cpu = 00:00:27 ; elapsed = 00:00:28 . Memory (MB): peak = 2671.961 ; gain = 1181.148 ; free physical = 171 ; free virtual = 11485
synth_design: Time (s): cpu = 00:00:28 ; elapsed = 00:00:30 . Memory (MB): peak = 2723.977 ; gain = 1296.672 ; free physical = 219 ; free virtual = 11470
