==============================================================
File generated by Vivado(TM) HLS - High-Level Synthesis from C, C++ and SystemC
Version: 2017.2
Copyright (C) 1986-2017 Xilinx, Inc. All Rights Reserved.

==============================================================

INFO: [SYN 201-201] Setting up clock 'default' with a period of 10ns.
INFO: [LIC 200-101] Checked out feature [xczu9eg-es1]
INFO: [HLS 200-10] Setting target device to 'xczu9eg-ffvb1156-1-i-es1'
INFO: [SYN 201-201] Setting up clock 'default' with a period of 10ns.
INFO: [HLS 200-10] Analyzing design file 'ed25519_sign/src/test.c' ... 
INFO: [HLS 200-10] Analyzing design file 'ed25519_sign/src/test-internals.c' ... 
INFO: [HLS 200-10] Analyzing design file 'ed25519_sign/src/ed25519.c' ... 
WARNING: [HLS 200-40] In file included from ed25519_sign/src/ed25519.c:19:
ed25519_sign/src/ed25519-randombytes.h:83:10: fatal error: 'openssl/rand.h' file not found
#include <openssl/rand.h>
         ^
1 error generated.

ERROR: [HLS 200-70] Compilation errors found:
Pragma processor failed: In file included from ed25519_sign/src/ed25519.c:19:
ed25519_sign/src/ed25519-randombytes.h:83:10: fatal error: 'openssl/rand.h' file not found
#include <openssl/rand.h>
         ^
1 error generated.
Failed checking during preprocessing.
    while executing
"source /home/michael/hardware_security/zcu102/root_of_trust/operational_os/hls/ed25519_sign/solution1/csynth.tcl"
    invoked from within
"hls::main /home/michael/hardware_security/zcu102/root_of_trust/operational_os/hls/ed25519_sign/solution1/csynth.tcl"
    ("uplevel" body line 1)
    invoked from within
"uplevel 1 hls::main {*}$args"
    (procedure "hls_proc" line 5)
    invoked from within
"hls_proc $argv"
INFO: [LIC 200-101] Checked in feature [xczu9eg-es1]
