

================================================================
== Vivado HLS Report for 'contact_discovery'
================================================================
* Date:           Mon May  7 15:26:27 2018

* Version:        2017.1 (Build 1846317 on Fri Apr 14 19:19:38 MDT 2017)
* Project:        contact_discovery_axi_experimental
* Solution:       solution1
* Product family: zynquplus
* Target device:  xczu9eg-ffvb1156-1-i


================================================================
== Performance Estimates
================================================================
+ Timing (ns): 
    * Summary: 
    +--------+-------+----------+------------+
    |  Clock | Target| Estimated| Uncertainty|
    +--------+-------+----------+------------+
    |ap_clk  |  10.00|      8.75|        1.25|
    +--------+-------+----------+------------+

+ Latency (clock cycles): 
    * Summary: 
    +-----+-----+-----+-----+---------+
    |  Latency  |  Interval | Pipeline|
    | min | max | min | max |   Type  |
    +-----+-----+-----+-----+---------+
    |    ?|    ?|    ?|    ?|   none  |
    +-----+-----+-----+-----+---------+

    + Detail: 
        * Instance: 
        +-----------------------------+------------------+-----+-----+-----+-----+----------+
        |                             |                  |  Latency  |  Interval | Pipeline |
        |           Instance          |      Module      | min | max | min | max |   Type   |
        +-----------------------------+------------------+-----+-----+-----+-----+----------+
        |grp_match_db_contact_fu_202  |match_db_contact  |   64|   64|   64|   64| function |
        +-----------------------------+------------------+-----+-----+-----+-----+----------+

        * Loop: 
        +----------+-----+-----+----------+-----------+-----------+------+----------+
        |          |  Latency  | Iteration|  Initiation Interval  | Trip |          |
        | Loop Name| min | max |  Latency |  achieved |   target  | Count| Pipelined|
        +----------+-----+-----+----------+-----------+-----------+------+----------+
        |- Loop 1  |    ?|    ?| 78 ~ 272 |          -|          -|     ?|    no    |
        +----------+-----+-----+----------+-----------+-----------+------+----------+



================================================================
== Utilization Estimates
================================================================
* Summary: 
+-----------------+---------+-------+--------+--------+-----+
|       Name      | BRAM_18K| DSP48E|   FF   |   LUT  | URAM|
+-----------------+---------+-------+--------+--------+-----+
|DSP              |        -|      -|       -|       -|    -|
|Expression       |        -|      -|       0|     376|    -|
|FIFO             |        -|      -|       -|       -|    -|
|Instance         |       30|      -|    3446|    4862|    -|
|Memory           |       29|      -|       0|       0|    -|
|Multiplexer      |        -|      -|       -|    1533|    -|
|Register         |        -|      -|    2767|       -|    -|
+-----------------+---------+-------+--------+--------+-----+
|Total            |       59|      0|    6213|    6771|    0|
+-----------------+---------+-------+--------+--------+-----+
|Available        |     1824|   2520|  548160|  274080|    0|
+-----------------+---------+-------+--------+--------+-----+
|Utilization (%)  |        3|      0|       1|       2|    0|
+-----------------+---------+-------+--------+--------+-----+

+ Detail: 
    * Instance: 
    +------------------------------------+----------------------------------+---------+-------+------+------+
    |              Instance              |              Module              | BRAM_18K| DSP48E|  FF  |  LUT |
    +------------------------------------+----------------------------------+---------+-------+------+------+
    |contact_discovery_AXILiteS_s_axi_U  |contact_discovery_AXILiteS_s_axi  |        0|      0|   846|  1576|
    |contact_discovery_db_mem_V_m_axi_U  |contact_discovery_db_mem_V_m_axi  |       30|      0|  1415|  1585|
    |grp_match_db_contact_fu_202         |match_db_contact                  |        0|      0|  1185|  1701|
    +------------------------------------+----------------------------------+---------+-------+------+------+
    |Total                               |                                  |       30|      0|  3446|  4862|
    +------------------------------------+----------------------------------+---------+-------+------+------+

    * DSP48: 
    N/A

    * Memory: 
    +--------------+----------------------+---------+---+----+------+-----+------+-------------+
    |    Memory    |        Module        | BRAM_18K| FF| LUT| Words| Bits| Banks| W*Bits*Banks|
    +--------------+----------------------+---------+---+----+------+-----+------+-------------+
    |contacts_V_U  |contact_discoverybkb  |       29|  0|   0|   128|  512|     1|        65536|
    +--------------+----------------------+---------+---+----+------+-----+------+-------------+
    |Total         |                      |       29|  0|   0|   128|  512|     1|        65536|
    +--------------+----------------------+---------+---+----+------+-----+------+-------------+

    * FIFO: 
    N/A

    * Expression: 
    +--------------------------------+----------+-------+---+----+------------+------------+
    |          Variable Name         | Operation| DSP48E| FF| LUT| Bitwidth P0| Bitwidth P1|
    +--------------------------------+----------+-------+---+----+------------+------------+
    |database_index_1_fu_341_p2      |     +    |      0|  0|  39|          32|           3|
    |tmp_3_fu_263_p2                 |     +    |      0|  0|  39|          32|          32|
    |tmp_6_fu_247_p2                 |     +    |      0|  0|  39|          32|           1|
    |tmp_9_fu_298_p2                 |     +    |      0|  0|  71|          64|          64|
    |ap_block_state142_io            |    and   |      0|  0|   2|           1|           1|
    |ap_block_state208_io            |    and   |      0|  0|   2|           1|           1|
    |ap_block_state274_io            |    and   |      0|  0|   2|           1|           1|
    |results_out_V_1_load_A          |    and   |      0|  0|   2|           1|           1|
    |results_out_V_1_load_B          |    and   |      0|  0|   2|           1|           1|
    |icmp_fu_237_p2                  |   icmp   |      0|  0|  13|          25|           1|
    |results_out_V_1_state_cmp_full  |   icmp   |      0|  0|   1|           2|           1|
    |tmp_2_1_fu_289_p2               |   icmp   |      0|  0|  16|          32|          32|
    |tmp_2_2_fu_315_p2               |   icmp   |      0|  0|  16|          32|          32|
    |tmp_2_3_fu_331_p2               |   icmp   |      0|  0|  16|          32|          32|
    |tmp_7_fu_258_p2                 |   icmp   |      0|  0|  16|          32|          32|
    |ap_block_state1                 |    or    |      0|  0|   2|           1|           1|
    |ap_block_state277               |    or    |      0|  0|   2|           1|           1|
    |tmp_1_15_fu_283_p2              |    or    |      0|  0|  32|          32|           1|
    |tmp_1_26_fu_309_p2              |    or    |      0|  0|  32|          32|           2|
    |tmp_1_37_fu_325_p2              |    or    |      0|  0|  32|          32|           2|
    +--------------------------------+----------+-------+---+----+------------+------------+
    |Total                           |          |      0|  0| 376|         418|         242|
    +--------------------------------+----------+-------+---+----+------------+------------+

    * Multiplexer: 
    +---------------------------------------+------+-----------+-----+-----------+
    |                  Name                 |  LUT | Input Size| Bits| Total Bits|
    +---------------------------------------+------+-----------+-----+-----------+
    |ap_NS_fsm                              |  1257|        278|    1|        278|
    |ap_sig_ioackin_db_mem_V_ARREADY        |     9|          2|    1|          2|
    |contacts_V_address0                    |    15|          3|    7|         21|
    |contacts_V_ce0                         |    15|          3|    1|          3|
    |contacts_V_ce1                         |     9|          2|    1|          2|
    |contacts_size                          |     9|          2|   32|         64|
    |contacts_size_out_1_data_in            |    21|          4|   32|        128|
    |current_offset                         |    15|          3|   64|        192|
    |current_offset_preg                    |     9|          2|   64|        128|
    |database_index_reg_178                 |     9|          2|   32|         64|
    |db_mem_V_blk_n_AR                      |     9|          2|    1|          2|
    |db_mem_V_blk_n_R                       |     9|          2|    1|          2|
    |error_out_1_data_in                    |    21|          4|   32|        128|
    |grp_match_db_contact_fu_202_db_item_V  |    21|          4|  512|       2048|
    |operation_ap_vld_in_sig                |     9|          2|    1|          2|
    |operation_ap_vld_preg                  |     9|          2|    1|          2|
    |operation_blk_n                        |     9|          2|    1|          2|
    |operation_in_sig                       |     9|          2|   32|         64|
    |results_out_V_1_data_in                |    27|          5|    8|         40|
    |results_out_V_1_data_out               |     9|          2|    8|         16|
    |results_out_V_1_state                  |    15|          3|    2|          6|
    |results_out_V_TDATA_blk_n              |     9|          2|    1|          2|
    |storemerge_reg_190                     |     9|          2|   32|         64|
    +---------------------------------------+------+-----------+-----+-----------+
    |Total                                  |  1533|        335|  867|       3260|
    +---------------------------------------+------+-----------+-----+-----------+

    * Register: 
    +---------------------------------------------+-----+----+-----+-----------+
    |                     Name                    |  FF | LUT| Bits| Const Bits|
    +---------------------------------------------+-----+----+-----+-----------+
    |ap_CS_fsm                                    |  277|   0|  277|          0|
    |ap_reg_grp_match_db_contact_fu_202_ap_start  |    1|   0|    1|          0|
    |ap_reg_ioackin_db_mem_V_ARREADY              |    1|   0|    1|          0|
    |contact_in_V_read_reg_361                    |  512|   0|  512|          0|
    |contacts_size                                |   32|   0|   32|          0|
    |contacts_size_load_reg_370                   |   32|   0|   32|          0|
    |contacts_size_out_1_data_reg                 |   32|   0|   32|          0|
    |contacts_size_out_1_vld_reg                  |    0|   0|    1|          1|
    |current_offset_preg                          |   64|   0|   64|          0|
    |database_index_reg_178                       |   32|   0|   32|          0|
    |db_mem_V_addr_read_2_reg_406                 |  512|   0|  512|          0|
    |db_mem_V_addr_read_3_reg_425                 |  512|   0|  512|          0|
    |error_out_1_data_reg                         |   32|   0|   32|          0|
    |error_out_1_vld_reg                          |    0|   0|    1|          1|
    |operation_ap_vld_preg                        |    1|   0|    1|          0|
    |operation_preg                               |   32|   0|   32|          0|
    |reg_209                                      |  512|   0|  512|          0|
    |results_out_V_1_payload_A                    |    8|   0|    8|          0|
    |results_out_V_1_payload_B                    |    8|   0|    8|          0|
    |results_out_V_1_sel_rd                       |    1|   0|    1|          0|
    |results_out_V_1_sel_wr                       |    1|   0|    1|          0|
    |results_out_V_1_state                        |    2|   0|    2|          0|
    |storemerge_reg_190                           |   32|   0|   32|          0|
    |tmp_126_reg_379                              |   32|   0|   32|          0|
    |tmp_2_1_reg_416                              |    1|   0|    1|          0|
    |tmp_2_2_reg_435                              |    1|   0|    1|          0|
    |tmp_2_3_reg_444                              |    1|   0|    1|          0|
    |tmp_3_reg_395                                |   32|   0|   32|          0|
    |tmp_9_reg_420                                |   64|   0|   64|          0|
    +---------------------------------------------+-----+----+-----+-----------+
    |Total                                        | 2767|   0| 2769|          2|
    +---------------------------------------------+-----+----+-----+-----------+



================================================================
== Interface
================================================================
* Summary: 
+-------------------------+-----+-----+------------+-------------------+--------------+
|        RTL Ports        | Dir | Bits|  Protocol  |   Source Object   |    C Type    |
+-------------------------+-----+-----+------------+-------------------+--------------+
|s_axi_AXILiteS_AWVALID   |  in |    1|    s_axi   |      AXILiteS     |    pointer   |
|s_axi_AXILiteS_AWREADY   | out |    1|    s_axi   |      AXILiteS     |    pointer   |
|s_axi_AXILiteS_AWADDR    |  in |    8|    s_axi   |      AXILiteS     |    pointer   |
|s_axi_AXILiteS_WVALID    |  in |    1|    s_axi   |      AXILiteS     |    pointer   |
|s_axi_AXILiteS_WREADY    | out |    1|    s_axi   |      AXILiteS     |    pointer   |
|s_axi_AXILiteS_WDATA     |  in |   32|    s_axi   |      AXILiteS     |    pointer   |
|s_axi_AXILiteS_WSTRB     |  in |    4|    s_axi   |      AXILiteS     |    pointer   |
|s_axi_AXILiteS_ARVALID   |  in |    1|    s_axi   |      AXILiteS     |    pointer   |
|s_axi_AXILiteS_ARREADY   | out |    1|    s_axi   |      AXILiteS     |    pointer   |
|s_axi_AXILiteS_ARADDR    |  in |    8|    s_axi   |      AXILiteS     |    pointer   |
|s_axi_AXILiteS_RVALID    | out |    1|    s_axi   |      AXILiteS     |    pointer   |
|s_axi_AXILiteS_RREADY    |  in |    1|    s_axi   |      AXILiteS     |    pointer   |
|s_axi_AXILiteS_RDATA     | out |   32|    s_axi   |      AXILiteS     |    pointer   |
|s_axi_AXILiteS_RRESP     | out |    2|    s_axi   |      AXILiteS     |    pointer   |
|s_axi_AXILiteS_BVALID    | out |    1|    s_axi   |      AXILiteS     |    pointer   |
|s_axi_AXILiteS_BREADY    |  in |    1|    s_axi   |      AXILiteS     |    pointer   |
|s_axi_AXILiteS_BRESP     | out |    2|    s_axi   |      AXILiteS     |    pointer   |
|ap_clk                   |  in |    1| ap_ctrl_hs | contact_discovery | return value |
|ap_rst_n                 |  in |    1| ap_ctrl_hs | contact_discovery | return value |
|interrupt                | out |    1| ap_ctrl_hs | contact_discovery | return value |
|m_axi_db_mem_V_AWVALID   | out |    1|    m_axi   |      db_mem_V     |    pointer   |
|m_axi_db_mem_V_AWREADY   |  in |    1|    m_axi   |      db_mem_V     |    pointer   |
|m_axi_db_mem_V_AWADDR    | out |   64|    m_axi   |      db_mem_V     |    pointer   |
|m_axi_db_mem_V_AWID      | out |    1|    m_axi   |      db_mem_V     |    pointer   |
|m_axi_db_mem_V_AWLEN     | out |    8|    m_axi   |      db_mem_V     |    pointer   |
|m_axi_db_mem_V_AWSIZE    | out |    3|    m_axi   |      db_mem_V     |    pointer   |
|m_axi_db_mem_V_AWBURST   | out |    2|    m_axi   |      db_mem_V     |    pointer   |
|m_axi_db_mem_V_AWLOCK    | out |    2|    m_axi   |      db_mem_V     |    pointer   |
|m_axi_db_mem_V_AWCACHE   | out |    4|    m_axi   |      db_mem_V     |    pointer   |
|m_axi_db_mem_V_AWPROT    | out |    3|    m_axi   |      db_mem_V     |    pointer   |
|m_axi_db_mem_V_AWQOS     | out |    4|    m_axi   |      db_mem_V     |    pointer   |
|m_axi_db_mem_V_AWREGION  | out |    4|    m_axi   |      db_mem_V     |    pointer   |
|m_axi_db_mem_V_AWUSER    | out |    1|    m_axi   |      db_mem_V     |    pointer   |
|m_axi_db_mem_V_WVALID    | out |    1|    m_axi   |      db_mem_V     |    pointer   |
|m_axi_db_mem_V_WREADY    |  in |    1|    m_axi   |      db_mem_V     |    pointer   |
|m_axi_db_mem_V_WDATA     | out |  512|    m_axi   |      db_mem_V     |    pointer   |
|m_axi_db_mem_V_WSTRB     | out |   64|    m_axi   |      db_mem_V     |    pointer   |
|m_axi_db_mem_V_WLAST     | out |    1|    m_axi   |      db_mem_V     |    pointer   |
|m_axi_db_mem_V_WID       | out |    1|    m_axi   |      db_mem_V     |    pointer   |
|m_axi_db_mem_V_WUSER     | out |    1|    m_axi   |      db_mem_V     |    pointer   |
|m_axi_db_mem_V_ARVALID   | out |    1|    m_axi   |      db_mem_V     |    pointer   |
|m_axi_db_mem_V_ARREADY   |  in |    1|    m_axi   |      db_mem_V     |    pointer   |
|m_axi_db_mem_V_ARADDR    | out |   64|    m_axi   |      db_mem_V     |    pointer   |
|m_axi_db_mem_V_ARID      | out |    1|    m_axi   |      db_mem_V     |    pointer   |
|m_axi_db_mem_V_ARLEN     | out |    8|    m_axi   |      db_mem_V     |    pointer   |
|m_axi_db_mem_V_ARSIZE    | out |    3|    m_axi   |      db_mem_V     |    pointer   |
|m_axi_db_mem_V_ARBURST   | out |    2|    m_axi   |      db_mem_V     |    pointer   |
|m_axi_db_mem_V_ARLOCK    | out |    2|    m_axi   |      db_mem_V     |    pointer   |
|m_axi_db_mem_V_ARCACHE   | out |    4|    m_axi   |      db_mem_V     |    pointer   |
|m_axi_db_mem_V_ARPROT    | out |    3|    m_axi   |      db_mem_V     |    pointer   |
|m_axi_db_mem_V_ARQOS     | out |    4|    m_axi   |      db_mem_V     |    pointer   |
|m_axi_db_mem_V_ARREGION  | out |    4|    m_axi   |      db_mem_V     |    pointer   |
|m_axi_db_mem_V_ARUSER    | out |    1|    m_axi   |      db_mem_V     |    pointer   |
|m_axi_db_mem_V_RVALID    |  in |    1|    m_axi   |      db_mem_V     |    pointer   |
|m_axi_db_mem_V_RREADY    | out |    1|    m_axi   |      db_mem_V     |    pointer   |
|m_axi_db_mem_V_RDATA     |  in |  512|    m_axi   |      db_mem_V     |    pointer   |
|m_axi_db_mem_V_RLAST     |  in |    1|    m_axi   |      db_mem_V     |    pointer   |
|m_axi_db_mem_V_RID       |  in |    1|    m_axi   |      db_mem_V     |    pointer   |
|m_axi_db_mem_V_RUSER     |  in |    1|    m_axi   |      db_mem_V     |    pointer   |
|m_axi_db_mem_V_RRESP     |  in |    2|    m_axi   |      db_mem_V     |    pointer   |
|m_axi_db_mem_V_BVALID    |  in |    1|    m_axi   |      db_mem_V     |    pointer   |
|m_axi_db_mem_V_BREADY    | out |    1|    m_axi   |      db_mem_V     |    pointer   |
|m_axi_db_mem_V_BRESP     |  in |    2|    m_axi   |      db_mem_V     |    pointer   |
|m_axi_db_mem_V_BID       |  in |    1|    m_axi   |      db_mem_V     |    pointer   |
|m_axi_db_mem_V_BUSER     |  in |    1|    m_axi   |      db_mem_V     |    pointer   |
|results_out_V_TDATA      | out |    8|    axis    |   results_out_V   |    pointer   |
|results_out_V_TVALID     | out |    1|    axis    |   results_out_V   |    pointer   |
|results_out_V_TREADY     |  in |    1|    axis    |   results_out_V   |    pointer   |
+-------------------------+-----+-----+------------+-------------------+--------------+

