

================================================================
== Vivado HLS Report for 'ge_p2_dbl'
================================================================
* Date:           Thu Jun  1 23:26:52 2017

* Version:        2017.1 (Build 1846317 on Fri Apr 14 19:19:38 MDT 2017)
* Project:        ed25519
* Solution:       solution1
* Product family: zynquplus
* Target device:  xczu9eg-ffvb1156-2-i


================================================================
== Performance Estimates
================================================================
+ Timing (ns): 
    * Summary: 
    +--------+-------+----------+------------+
    |  Clock | Target| Estimated| Uncertainty|
    +--------+-------+----------+------------+
    |ap_clk  |  10.00|      6.91|        1.25|
    +--------+-------+----------+------------+

+ Latency (clock cycles): 
    * Summary: 
    +-----+-----+-----+-----+---------+
    |  Latency  |  Interval | Pipeline|
    | min | max | min | max |   Type  |
    +-----+-----+-----+-----+---------+
    |  414|  414|  414|  414|   none  |
    +-----+-----+-----+-----+---------+

    + Detail: 
        * Instance: 
        N/A

        * Loop: 
        N/A

============================================================
+ Verbose Summary: Synthesis Manager
============================================================
InlineROM: 1
ExposeGlobal: 0
============================================================
+ Verbose Summary: CDFG Model
============================================================
IsTopModel: 0
ResetActiveHigh: 1
IsCombinational: 0
IsDatapathOnly: 0
HasWiredReturn: 1
HasMFsm: 0
HasVarLatency: 1
IsPipeline: 0
IsRtlPipelined: 0
IsInstanceOverlapped: 0
IsDontTouch: 0
HasImplIP: 0
IsGatedGlobalClock: 0


============================================================
+ Verbose Summary: Schedule
============================================================
* Number of FSM states: 22
* Pipeline: 0
* Dataflow Pipeline: 0

* FSM state transitions: 
1 --> 
	2  / true
2 --> 
	3  / true
3 --> 
	4  / true
4 --> 
	5  / true
5 --> 
	6  / true
6 --> 
	7  / true
7 --> 
	8  / true
8 --> 
	9  / true
9 --> 
	10  / true
10 --> 
	11  / true
11 --> 
	12  / true
12 --> 
	13  / true
13 --> 
	14  / true
14 --> 
	15  / true
15 --> 
	16  / true
16 --> 
	17  / true
17 --> 
	18  / true
18 --> 
	19  / true
19 --> 
	20  / true
20 --> 
	21  / true
21 --> 
	22  / true
22 --> 
* FSM state operations: 

 <State 1>: 6.13ns
ST_1: p_read (42)  [1/1] 0.00ns
:11  %p_read = call i32 @_ssdm_op_Read.ap_auto.i32(i32 %p_read2949)

ST_1: p_read_1 (43)  [1/1] 0.00ns
:12  %p_read_1 = call i32 @_ssdm_op_Read.ap_auto.i32(i32 %p_read2848)

ST_1: p_read_2 (44)  [1/1] 0.00ns
:13  %p_read_2 = call i32 @_ssdm_op_Read.ap_auto.i32(i32 %p_read2747)

ST_1: p_read_3 (45)  [1/1] 0.00ns
:14  %p_read_3 = call i32 @_ssdm_op_Read.ap_auto.i32(i32 %p_read2646)

ST_1: p_read_4 (46)  [1/1] 0.00ns
:15  %p_read_4 = call i32 @_ssdm_op_Read.ap_auto.i32(i32 %p_read2545)

ST_1: p_read_5 (47)  [1/1] 0.00ns
:16  %p_read_5 = call i32 @_ssdm_op_Read.ap_auto.i32(i32 %p_read2444)

ST_1: p_read_6 (48)  [1/1] 0.00ns
:17  %p_read_6 = call i32 @_ssdm_op_Read.ap_auto.i32(i32 %p_read2343)

ST_1: p_read_7 (49)  [1/1] 0.00ns
:18  %p_read_7 = call i32 @_ssdm_op_Read.ap_auto.i32(i32 %p_read2242)

ST_1: p_read_8 (50)  [1/1] 0.00ns
:19  %p_read_8 = call i32 @_ssdm_op_Read.ap_auto.i32(i32 %p_read2141)

ST_1: p_read_9 (51)  [1/1] 0.00ns
:20  %p_read_9 = call i32 @_ssdm_op_Read.ap_auto.i32(i32 %p_read2040)

ST_1: p_read_10 (52)  [1/1] 0.00ns
:21  %p_read_10 = call i32 @_ssdm_op_Read.ap_auto.i32(i32 %p_read1960)

ST_1: p_read_11 (53)  [1/1] 0.00ns
:22  %p_read_11 = call i32 @_ssdm_op_Read.ap_auto.i32(i32 %p_read1859)

ST_1: p_read_12 (54)  [1/1] 0.00ns
:23  %p_read_12 = call i32 @_ssdm_op_Read.ap_auto.i32(i32 %p_read1758)

ST_1: p_read_13 (55)  [1/1] 0.00ns
:24  %p_read_13 = call i32 @_ssdm_op_Read.ap_auto.i32(i32 %p_read1657)

ST_1: p_read_14 (56)  [1/1] 0.00ns
:25  %p_read_14 = call i32 @_ssdm_op_Read.ap_auto.i32(i32 %p_read1556)

ST_1: p_read_15 (57)  [1/1] 0.00ns
:26  %p_read_15 = call i32 @_ssdm_op_Read.ap_auto.i32(i32 %p_read1455)

ST_1: p_read_16 (58)  [1/1] 0.00ns
:27  %p_read_16 = call i32 @_ssdm_op_Read.ap_auto.i32(i32 %p_read1354)

ST_1: p_read_17 (59)  [1/1] 0.00ns
:28  %p_read_17 = call i32 @_ssdm_op_Read.ap_auto.i32(i32 %p_read1253)

ST_1: p_read_18 (60)  [1/1] 0.00ns
:29  %p_read_18 = call i32 @_ssdm_op_Read.ap_auto.i32(i32 %p_read1152)

ST_1: p_read_19 (61)  [1/1] 0.00ns
:30  %p_read_19 = call i32 @_ssdm_op_Read.ap_auto.i32(i32 %p_read1051)

ST_1: p_read_20 (62)  [1/1] 0.00ns
:31  %p_read_20 = call i32 @_ssdm_op_Read.ap_auto.i32(i32 %p_read950)

ST_1: p_read_21 (63)  [1/1] 0.00ns
:32  %p_read_21 = call i32 @_ssdm_op_Read.ap_auto.i32(i32 %p_read849)

ST_1: p_read_22 (64)  [1/1] 0.00ns
:33  %p_read_22 = call i32 @_ssdm_op_Read.ap_auto.i32(i32 %p_read748)

ST_1: p_read_23 (65)  [1/1] 0.00ns
:34  %p_read_23 = call i32 @_ssdm_op_Read.ap_auto.i32(i32 %p_read647)

ST_1: p_read_24 (66)  [1/1] 0.00ns
:35  %p_read_24 = call i32 @_ssdm_op_Read.ap_auto.i32(i32 %p_read546)

ST_1: p_read_25 (67)  [1/1] 0.00ns
:36  %p_read_25 = call i32 @_ssdm_op_Read.ap_auto.i32(i32 %p_read445)

ST_1: p_read_26 (68)  [1/1] 0.00ns
:37  %p_read_26 = call i32 @_ssdm_op_Read.ap_auto.i32(i32 %p_read344)

ST_1: p_read_27 (69)  [1/1] 0.00ns
:38  %p_read_27 = call i32 @_ssdm_op_Read.ap_auto.i32(i32 %p_read243)

ST_1: p_read_28 (70)  [1/1] 0.00ns
:39  %p_read_28 = call i32 @_ssdm_op_Read.ap_auto.i32(i32 %p_read142)

ST_1: p_read411 (71)  [1/1] 0.00ns
:40  %p_read411 = call i32 @_ssdm_op_Read.ap_auto.i32(i32 %p_read41)

ST_1: fe_sq_ret1 (72)  [2/2] 6.13ns
:41  %fe_sq_ret1 = call fastcc { i32, i32, i32, i32, i32, i32, i32, i32, i32, i32 } @fe_sq(i32 %p_read411, i32 %p_read_28, i32 %p_read_27, i32 %p_read_26, i32 %p_read_25, i32 %p_read_24, i32 %p_read_23, i32 %p_read_22, i32 %p_read_21, i32 %p_read_20)

ST_1: fe_sq2_ret (94)  [2/2] 5.45ns  loc: ed25519/src/ge.cpp:359
:63  %fe_sq2_ret = call fastcc { i32, i32, i32, i32, i32, i32, i32, i32, i32, i32 } @fe_sq2(i32 %p_read_9, i32 %p_read_8, i32 %p_read_7, i32 %p_read_6, i32 %p_read_5, i32 %p_read_4, i32 %p_read_3, i32 %p_read_2, i32 %p_read_1, i32 %p_read)

ST_1: fe_add_ret (105)  [2/2] 2.00ns
:74  %fe_add_ret = call fastcc { i32, i32, i32, i32, i32, i32, i32, i32, i32, i32 } @fe_add(i32 %p_read411, i32 %p_read_28, i32 %p_read_27, i32 %p_read_26, i32 %p_read_25, i32 %p_read_24, i32 %p_read_23, i32 %p_read_22, i32 %p_read_21, i32 %p_read_20, i32 %p_read_19, i32 %p_read_18, i32 %p_read_17, i32 %p_read_16, i32 %p_read_15, i32 %p_read_14, i32 %p_read_13, i32 %p_read_12, i32 %p_read_11, i32 %p_read_10)


 <State 2>: 6.13ns
ST_2: fe_sq_ret1 (72)  [1/2] 1.34ns
:41  %fe_sq_ret1 = call fastcc { i32, i32, i32, i32, i32, i32, i32, i32, i32, i32 } @fe_sq(i32 %p_read411, i32 %p_read_28, i32 %p_read_27, i32 %p_read_26, i32 %p_read_25, i32 %p_read_24, i32 %p_read_23, i32 %p_read_22, i32 %p_read_21, i32 %p_read_20)

ST_2: g0 (73)  [1/1] 0.00ns
:42  %g0 = extractvalue { i32, i32, i32, i32, i32, i32, i32, i32, i32, i32 } %fe_sq_ret1, 0

ST_2: g1 (74)  [1/1] 0.00ns
:43  %g1 = extractvalue { i32, i32, i32, i32, i32, i32, i32, i32, i32, i32 } %fe_sq_ret1, 1

ST_2: g2 (75)  [1/1] 0.00ns
:44  %g2 = extractvalue { i32, i32, i32, i32, i32, i32, i32, i32, i32, i32 } %fe_sq_ret1, 2

ST_2: g3 (76)  [1/1] 0.00ns
:45  %g3 = extractvalue { i32, i32, i32, i32, i32, i32, i32, i32, i32, i32 } %fe_sq_ret1, 3

ST_2: g4 (77)  [1/1] 0.00ns
:46  %g4 = extractvalue { i32, i32, i32, i32, i32, i32, i32, i32, i32, i32 } %fe_sq_ret1, 4

ST_2: g5 (78)  [1/1] 0.00ns
:47  %g5 = extractvalue { i32, i32, i32, i32, i32, i32, i32, i32, i32, i32 } %fe_sq_ret1, 5

ST_2: g6 (79)  [1/1] 0.00ns
:48  %g6 = extractvalue { i32, i32, i32, i32, i32, i32, i32, i32, i32, i32 } %fe_sq_ret1, 6

ST_2: g7 (80)  [1/1] 0.00ns
:49  %g7 = extractvalue { i32, i32, i32, i32, i32, i32, i32, i32, i32, i32 } %fe_sq_ret1, 7

ST_2: g8 (81)  [1/1] 0.00ns
:50  %g8 = extractvalue { i32, i32, i32, i32, i32, i32, i32, i32, i32, i32 } %fe_sq_ret1, 8

ST_2: g9 (82)  [1/1] 0.00ns
:51  %g9 = extractvalue { i32, i32, i32, i32, i32, i32, i32, i32, i32, i32 } %fe_sq_ret1, 9

ST_2: fe_sq_ret (83)  [2/2] 6.13ns
:52  %fe_sq_ret = call fastcc { i32, i32, i32, i32, i32, i32, i32, i32, i32, i32 } @fe_sq(i32 %p_read_19, i32 %p_read_18, i32 %p_read_17, i32 %p_read_16, i32 %p_read_15, i32 %p_read_14, i32 %p_read_13, i32 %p_read_12, i32 %p_read_11, i32 %p_read_10)

ST_2: fe_sq2_ret (94)  [1/2] 1.34ns  loc: ed25519/src/ge.cpp:359
:63  %fe_sq2_ret = call fastcc { i32, i32, i32, i32, i32, i32, i32, i32, i32, i32 } @fe_sq2(i32 %p_read_9, i32 %p_read_8, i32 %p_read_7, i32 %p_read_6, i32 %p_read_5, i32 %p_read_4, i32 %p_read_3, i32 %p_read_2, i32 %p_read_1, i32 %p_read)

ST_2: fe_add_ret (105)  [1/2] 1.34ns
:74  %fe_add_ret = call fastcc { i32, i32, i32, i32, i32, i32, i32, i32, i32, i32 } @fe_add(i32 %p_read411, i32 %p_read_28, i32 %p_read_27, i32 %p_read_26, i32 %p_read_25, i32 %p_read_24, i32 %p_read_23, i32 %p_read_22, i32 %p_read_21, i32 %p_read_20, i32 %p_read_19, i32 %p_read_18, i32 %p_read_17, i32 %p_read_16, i32 %p_read_15, i32 %p_read_14, i32 %p_read_13, i32 %p_read_12, i32 %p_read_11, i32 %p_read_10)

ST_2: r_Y_0_assign_3 (106)  [1/1] 0.00ns
:75  %r_Y_0_assign_3 = extractvalue { i32, i32, i32, i32, i32, i32, i32, i32, i32, i32 } %fe_add_ret, 0

ST_2: r_Y_1_assign_3 (107)  [1/1] 0.00ns
:76  %r_Y_1_assign_3 = extractvalue { i32, i32, i32, i32, i32, i32, i32, i32, i32, i32 } %fe_add_ret, 1

ST_2: r_Y_2_assign_3 (108)  [1/1] 0.00ns
:77  %r_Y_2_assign_3 = extractvalue { i32, i32, i32, i32, i32, i32, i32, i32, i32, i32 } %fe_add_ret, 2

ST_2: r_Y_3_assign_3 (109)  [1/1] 0.00ns
:78  %r_Y_3_assign_3 = extractvalue { i32, i32, i32, i32, i32, i32, i32, i32, i32, i32 } %fe_add_ret, 3

ST_2: r_Y_4_assign_3 (110)  [1/1] 0.00ns
:79  %r_Y_4_assign_3 = extractvalue { i32, i32, i32, i32, i32, i32, i32, i32, i32, i32 } %fe_add_ret, 4

ST_2: r_Y_5_assign_3 (111)  [1/1] 0.00ns
:80  %r_Y_5_assign_3 = extractvalue { i32, i32, i32, i32, i32, i32, i32, i32, i32, i32 } %fe_add_ret, 5

ST_2: r_Y_6_assign_3 (112)  [1/1] 0.00ns
:81  %r_Y_6_assign_3 = extractvalue { i32, i32, i32, i32, i32, i32, i32, i32, i32, i32 } %fe_add_ret, 6

ST_2: r_Y_7_assign_3 (113)  [1/1] 0.00ns
:82  %r_Y_7_assign_3 = extractvalue { i32, i32, i32, i32, i32, i32, i32, i32, i32, i32 } %fe_add_ret, 7

ST_2: r_Y_8_assign_3 (114)  [1/1] 0.00ns
:83  %r_Y_8_assign_3 = extractvalue { i32, i32, i32, i32, i32, i32, i32, i32, i32, i32 } %fe_add_ret, 8

ST_2: r_Y_9_assign_3 (115)  [1/1] 0.00ns
:84  %r_Y_9_assign_3 = extractvalue { i32, i32, i32, i32, i32, i32, i32, i32, i32, i32 } %fe_add_ret, 9


 <State 3>: 2.69ns
ST_3: fe_sq_ret (83)  [1/2] 1.34ns
:52  %fe_sq_ret = call fastcc { i32, i32, i32, i32, i32, i32, i32, i32, i32, i32 } @fe_sq(i32 %p_read_19, i32 %p_read_18, i32 %p_read_17, i32 %p_read_16, i32 %p_read_15, i32 %p_read_14, i32 %p_read_13, i32 %p_read_12, i32 %p_read_11, i32 %p_read_10)

ST_3: f0 (84)  [1/1] 0.00ns
:53  %f0 = extractvalue { i32, i32, i32, i32, i32, i32, i32, i32, i32, i32 } %fe_sq_ret, 0

ST_3: f1 (85)  [1/1] 0.00ns
:54  %f1 = extractvalue { i32, i32, i32, i32, i32, i32, i32, i32, i32, i32 } %fe_sq_ret, 1

ST_3: f2 (86)  [1/1] 0.00ns
:55  %f2 = extractvalue { i32, i32, i32, i32, i32, i32, i32, i32, i32, i32 } %fe_sq_ret, 2

ST_3: f3 (87)  [1/1] 0.00ns
:56  %f3 = extractvalue { i32, i32, i32, i32, i32, i32, i32, i32, i32, i32 } %fe_sq_ret, 3

ST_3: f4 (88)  [1/1] 0.00ns
:57  %f4 = extractvalue { i32, i32, i32, i32, i32, i32, i32, i32, i32, i32 } %fe_sq_ret, 4

ST_3: f5 (89)  [1/1] 0.00ns
:58  %f5 = extractvalue { i32, i32, i32, i32, i32, i32, i32, i32, i32, i32 } %fe_sq_ret, 5

ST_3: f6 (90)  [1/1] 0.00ns
:59  %f6 = extractvalue { i32, i32, i32, i32, i32, i32, i32, i32, i32, i32 } %fe_sq_ret, 6

ST_3: f7 (91)  [1/1] 0.00ns
:60  %f7 = extractvalue { i32, i32, i32, i32, i32, i32, i32, i32, i32, i32 } %fe_sq_ret, 7

ST_3: f8 (92)  [1/1] 0.00ns
:61  %f8 = extractvalue { i32, i32, i32, i32, i32, i32, i32, i32, i32, i32 } %fe_sq_ret, 8

ST_3: f9 (93)  [1/1] 0.00ns
:62  %f9 = extractvalue { i32, i32, i32, i32, i32, i32, i32, i32, i32, i32 } %fe_sq_ret, 9

ST_3: h0_2 (145)  [1/1] 1.34ns  loc: ed25519/src/fe.cpp:1459
:114  %h0_2 = sub nsw i32 %f0, %g0


 <State 4>: 1.34ns
ST_4: h1_2 (146)  [1/1] 1.34ns  loc: ed25519/src/fe.cpp:1460
:115  %h1_2 = sub nsw i32 %f1, %g1


 <State 5>: 1.34ns
ST_5: h2_2 (147)  [1/1] 1.34ns  loc: ed25519/src/fe.cpp:1461
:116  %h2_2 = sub nsw i32 %f2, %g2


 <State 6>: 1.34ns
ST_6: h3_2 (148)  [1/1] 1.34ns  loc: ed25519/src/fe.cpp:1462
:117  %h3_2 = sub nsw i32 %f3, %g3


 <State 7>: 1.34ns
ST_7: h4_2 (149)  [1/1] 1.34ns  loc: ed25519/src/fe.cpp:1463
:118  %h4_2 = sub nsw i32 %f4, %g4


 <State 8>: 6.13ns
ST_8: fe_sq_ret2 (116)  [2/2] 6.13ns
:85  %fe_sq_ret2 = call fastcc { i32, i32, i32, i32, i32, i32, i32, i32, i32, i32 } @fe_sq(i32 %r_Y_0_assign_3, i32 %r_Y_1_assign_3, i32 %r_Y_2_assign_3, i32 %r_Y_3_assign_3, i32 %r_Y_4_assign_3, i32 %r_Y_5_assign_3, i32 %r_Y_6_assign_3, i32 %r_Y_7_assign_3, i32 %r_Y_8_assign_3, i32 %r_Y_9_assign_3)

ST_8: fe_add_ret1 (127)  [2/2] 2.00ns
:96  %fe_add_ret1 = call fastcc { i32, i32, i32, i32, i32, i32, i32, i32, i32, i32 } @fe_add(i32 %f0, i32 %f1, i32 %f2, i32 %f3, i32 %f4, i32 %f5, i32 %f6, i32 %f7, i32 %f8, i32 %f9, i32 %g0, i32 %g1, i32 %g2, i32 %g3, i32 %g4, i32 %g5, i32 %g6, i32 %g7, i32 %g8, i32 %g9)

ST_8: h5_2 (150)  [1/1] 1.34ns  loc: ed25519/src/fe.cpp:1464
:119  %h5_2 = sub nsw i32 %f5, %g5


 <State 9>: 1.34ns
ST_9: fe_sq_ret2 (116)  [1/2] 1.34ns
:85  %fe_sq_ret2 = call fastcc { i32, i32, i32, i32, i32, i32, i32, i32, i32, i32 } @fe_sq(i32 %r_Y_0_assign_3, i32 %r_Y_1_assign_3, i32 %r_Y_2_assign_3, i32 %r_Y_3_assign_3, i32 %r_Y_4_assign_3, i32 %r_Y_5_assign_3, i32 %r_Y_6_assign_3, i32 %r_Y_7_assign_3, i32 %r_Y_8_assign_3, i32 %r_Y_9_assign_3)

ST_9: t0_0 (117)  [1/1] 0.00ns
:86  %t0_0 = extractvalue { i32, i32, i32, i32, i32, i32, i32, i32, i32, i32 } %fe_sq_ret2, 0

ST_9: t0_1 (118)  [1/1] 0.00ns
:87  %t0_1 = extractvalue { i32, i32, i32, i32, i32, i32, i32, i32, i32, i32 } %fe_sq_ret2, 1

ST_9: t0_2 (119)  [1/1] 0.00ns
:88  %t0_2 = extractvalue { i32, i32, i32, i32, i32, i32, i32, i32, i32, i32 } %fe_sq_ret2, 2

ST_9: t0_3 (120)  [1/1] 0.00ns
:89  %t0_3 = extractvalue { i32, i32, i32, i32, i32, i32, i32, i32, i32, i32 } %fe_sq_ret2, 3

ST_9: t0_4 (121)  [1/1] 0.00ns
:90  %t0_4 = extractvalue { i32, i32, i32, i32, i32, i32, i32, i32, i32, i32 } %fe_sq_ret2, 4

ST_9: t0_5 (122)  [1/1] 0.00ns
:91  %t0_5 = extractvalue { i32, i32, i32, i32, i32, i32, i32, i32, i32, i32 } %fe_sq_ret2, 5

ST_9: t0_6 (123)  [1/1] 0.00ns
:92  %t0_6 = extractvalue { i32, i32, i32, i32, i32, i32, i32, i32, i32, i32 } %fe_sq_ret2, 6

ST_9: t0_7 (124)  [1/1] 0.00ns
:93  %t0_7 = extractvalue { i32, i32, i32, i32, i32, i32, i32, i32, i32, i32 } %fe_sq_ret2, 7

ST_9: t0_8 (125)  [1/1] 0.00ns
:94  %t0_8 = extractvalue { i32, i32, i32, i32, i32, i32, i32, i32, i32, i32 } %fe_sq_ret2, 8

ST_9: t0_9 (126)  [1/1] 0.00ns
:95  %t0_9 = extractvalue { i32, i32, i32, i32, i32, i32, i32, i32, i32, i32 } %fe_sq_ret2, 9

ST_9: fe_add_ret1 (127)  [1/2] 1.34ns
:96  %fe_add_ret1 = call fastcc { i32, i32, i32, i32, i32, i32, i32, i32, i32, i32 } @fe_add(i32 %f0, i32 %f1, i32 %f2, i32 %f3, i32 %f4, i32 %f5, i32 %f6, i32 %f7, i32 %f8, i32 %f9, i32 %g0, i32 %g1, i32 %g2, i32 %g3, i32 %g4, i32 %g5, i32 %g6, i32 %g7, i32 %g8, i32 %g9)

ST_9: r_Y_0_assign_1 (128)  [1/1] 0.00ns
:97  %r_Y_0_assign_1 = extractvalue { i32, i32, i32, i32, i32, i32, i32, i32, i32, i32 } %fe_add_ret1, 0

ST_9: r_Y_1_assign_1 (129)  [1/1] 0.00ns
:98  %r_Y_1_assign_1 = extractvalue { i32, i32, i32, i32, i32, i32, i32, i32, i32, i32 } %fe_add_ret1, 1

ST_9: r_Y_2_assign_1 (130)  [1/1] 0.00ns
:99  %r_Y_2_assign_1 = extractvalue { i32, i32, i32, i32, i32, i32, i32, i32, i32, i32 } %fe_add_ret1, 2

ST_9: r_Y_3_assign_1 (131)  [1/1] 0.00ns
:100  %r_Y_3_assign_1 = extractvalue { i32, i32, i32, i32, i32, i32, i32, i32, i32, i32 } %fe_add_ret1, 3

ST_9: r_Y_4_assign_1 (132)  [1/1] 0.00ns
:101  %r_Y_4_assign_1 = extractvalue { i32, i32, i32, i32, i32, i32, i32, i32, i32, i32 } %fe_add_ret1, 4

ST_9: r_Y_5_assign_1 (133)  [1/1] 0.00ns
:102  %r_Y_5_assign_1 = extractvalue { i32, i32, i32, i32, i32, i32, i32, i32, i32, i32 } %fe_add_ret1, 5

ST_9: r_Y_6_assign_1 (134)  [1/1] 0.00ns
:103  %r_Y_6_assign_1 = extractvalue { i32, i32, i32, i32, i32, i32, i32, i32, i32, i32 } %fe_add_ret1, 6

ST_9: r_Y_7_assign_1 (135)  [1/1] 0.00ns
:104  %r_Y_7_assign_1 = extractvalue { i32, i32, i32, i32, i32, i32, i32, i32, i32, i32 } %fe_add_ret1, 7

ST_9: r_Y_8_assign_1 (136)  [1/1] 0.00ns
:105  %r_Y_8_assign_1 = extractvalue { i32, i32, i32, i32, i32, i32, i32, i32, i32, i32 } %fe_add_ret1, 8

ST_9: r_Y_9_assign_1 (137)  [1/1] 0.00ns
:106  %r_Y_9_assign_1 = extractvalue { i32, i32, i32, i32, i32, i32, i32, i32, i32, i32 } %fe_add_ret1, 9

ST_9: h6_2 (151)  [1/1] 1.34ns  loc: ed25519/src/fe.cpp:1465
:120  %h6_2 = sub nsw i32 %f6, %g6


 <State 10>: 1.34ns
ST_10: h7_2 (152)  [1/1] 1.34ns  loc: ed25519/src/fe.cpp:1466
:121  %h7_2 = sub nsw i32 %f7, %g7


 <State 11>: 1.34ns
ST_11: h8_2 (153)  [1/1] 1.34ns  loc: ed25519/src/fe.cpp:1467
:122  %h8_2 = sub nsw i32 %f8, %g8


 <State 12>: 1.34ns
ST_12: h9_2 (154)  [1/1] 1.34ns  loc: ed25519/src/fe.cpp:1468
:123  %h9_2 = sub nsw i32 %f9, %g9


 <State 13>: 1.34ns
ST_13: f0_1 (95)  [1/1] 0.00ns  loc: ed25519/src/ge.cpp:359 (grouped into LUT with out node h0)
:64  %f0_1 = extractvalue { i32, i32, i32, i32, i32, i32, i32, i32, i32, i32 } %fe_sq2_ret, 0

ST_13: h0 (173)  [1/1] 1.34ns  loc: ed25519/src/fe.cpp:1459 (out node of the LUT)
:142  %h0 = sub nsw i32 %f0_1, %h0_2


 <State 14>: 1.34ns
ST_14: f1_1 (96)  [1/1] 0.00ns  loc: ed25519/src/ge.cpp:359 (grouped into LUT with out node h1)
:65  %f1_1 = extractvalue { i32, i32, i32, i32, i32, i32, i32, i32, i32, i32 } %fe_sq2_ret, 1

ST_14: h1 (174)  [1/1] 1.34ns  loc: ed25519/src/fe.cpp:1460 (out node of the LUT)
:143  %h1 = sub nsw i32 %f1_1, %h1_2


 <State 15>: 1.34ns
ST_15: f2_1 (97)  [1/1] 0.00ns  loc: ed25519/src/ge.cpp:359 (grouped into LUT with out node h2)
:66  %f2_1 = extractvalue { i32, i32, i32, i32, i32, i32, i32, i32, i32, i32 } %fe_sq2_ret, 2

ST_15: h2 (175)  [1/1] 1.34ns  loc: ed25519/src/fe.cpp:1461 (out node of the LUT)
:144  %h2 = sub nsw i32 %f2_1, %h2_2


 <State 16>: 1.34ns
ST_16: f3_1 (98)  [1/1] 0.00ns  loc: ed25519/src/ge.cpp:359 (grouped into LUT with out node h3)
:67  %f3_1 = extractvalue { i32, i32, i32, i32, i32, i32, i32, i32, i32, i32 } %fe_sq2_ret, 3

ST_16: h3 (176)  [1/1] 1.34ns  loc: ed25519/src/fe.cpp:1462 (out node of the LUT)
:145  %h3 = sub nsw i32 %f3_1, %h3_2


 <State 17>: 1.34ns
ST_17: f4_1 (99)  [1/1] 0.00ns  loc: ed25519/src/ge.cpp:359 (grouped into LUT with out node h4)
:68  %f4_1 = extractvalue { i32, i32, i32, i32, i32, i32, i32, i32, i32, i32 } %fe_sq2_ret, 4

ST_17: h4 (177)  [1/1] 1.34ns  loc: ed25519/src/fe.cpp:1463 (out node of the LUT)
:146  %h4 = sub nsw i32 %f4_1, %h4_2


 <State 18>: 1.34ns
ST_18: f5_1 (100)  [1/1] 0.00ns  loc: ed25519/src/ge.cpp:359 (grouped into LUT with out node h5)
:69  %f5_1 = extractvalue { i32, i32, i32, i32, i32, i32, i32, i32, i32, i32 } %fe_sq2_ret, 5

ST_18: h5 (178)  [1/1] 1.34ns  loc: ed25519/src/fe.cpp:1464 (out node of the LUT)
:147  %h5 = sub nsw i32 %f5_1, %h5_2


 <State 19>: 1.34ns
ST_19: f6_1 (101)  [1/1] 0.00ns  loc: ed25519/src/ge.cpp:359 (grouped into LUT with out node h6)
:70  %f6_1 = extractvalue { i32, i32, i32, i32, i32, i32, i32, i32, i32, i32 } %fe_sq2_ret, 6

ST_19: h6 (179)  [1/1] 1.34ns  loc: ed25519/src/fe.cpp:1465 (out node of the LUT)
:148  %h6 = sub nsw i32 %f6_1, %h6_2


 <State 20>: 1.34ns
ST_20: f7_1 (102)  [1/1] 0.00ns  loc: ed25519/src/ge.cpp:359 (grouped into LUT with out node h7)
:71  %f7_1 = extractvalue { i32, i32, i32, i32, i32, i32, i32, i32, i32, i32 } %fe_sq2_ret, 7

ST_20: h7 (180)  [1/1] 1.34ns  loc: ed25519/src/fe.cpp:1466 (out node of the LUT)
:149  %h7 = sub nsw i32 %f7_1, %h7_2


 <State 21>: 1.34ns
ST_21: f8_1 (103)  [1/1] 0.00ns  loc: ed25519/src/ge.cpp:359 (grouped into LUT with out node h8)
:72  %f8_1 = extractvalue { i32, i32, i32, i32, i32, i32, i32, i32, i32, i32 } %fe_sq2_ret, 8

ST_21: fe_sub_ret (155)  [2/2] 1.34ns
:124  %fe_sub_ret = call fastcc { i32, i32, i32, i32, i32, i32, i32, i32, i32, i32 } @fe_sub(i32 %t0_0, i32 %t0_1, i32 %t0_2, i32 %t0_3, i32 %t0_4, i32 %t0_5, i32 %t0_6, i32 %t0_7, i32 %t0_8, i32 %t0_9, i32 %r_Y_0_assign_1, i32 %r_Y_1_assign_1, i32 %r_Y_2_assign_1, i32 %r_Y_3_assign_1, i32 %r_Y_4_assign_1, i32 %r_Y_5_assign_1, i32 %r_Y_6_assign_1, i32 %r_Y_7_assign_1, i32 %r_Y_8_assign_1, i32 %r_Y_9_assign_1)

ST_21: h8 (181)  [1/1] 1.34ns  loc: ed25519/src/fe.cpp:1467 (out node of the LUT)
:150  %h8 = sub nsw i32 %f8_1, %h8_2


 <State 22>: 1.34ns
ST_22: StgValue_144 (31)  [1/1] 0.00ns  loc: ed25519/src/ge.cpp:344
:0  call void (...)* @_ssdm_op_SpecResourceLimit(i32 1, [4 x i8]* @p_str43, [1 x i8]* @p_str144, [1 x i8]* @p_str144, [1 x i8]* @p_str144) nounwind

ST_22: StgValue_145 (32)  [1/1] 0.00ns  loc: ed25519/src/ge.cpp:345
:1  call void (...)* @_ssdm_op_SpecResourceLimit(i32 1, [4 x i8]* @p_str245, [1 x i8]* @p_str144, [1 x i8]* @p_str144, [1 x i8]* @p_str144) nounwind

ST_22: StgValue_146 (33)  [1/1] 0.00ns  loc: ed25519/src/ge.cpp:346
:2  call void (...)* @_ssdm_op_SpecResourceLimit(i32 1, [4 x i8]* @p_str346, [1 x i8]* @p_str144, [1 x i8]* @p_str144, [1 x i8]* @p_str144) nounwind

ST_22: StgValue_147 (34)  [1/1] 0.00ns  loc: ed25519/src/ge.cpp:347
:3  call void (...)* @_ssdm_op_SpecResourceLimit(i32 1, [5 x i8]* @p_str447, [1 x i8]* @p_str144, [1 x i8]* @p_str144, [1 x i8]* @p_str144) nounwind

ST_22: StgValue_148 (35)  [1/1] 0.00ns  loc: ed25519/src/ge.cpp:348
:4  call void (...)* @_ssdm_op_SpecResourceLimit(i32 1, [5 x i8]* @p_str548, [1 x i8]* @p_str144, [1 x i8]* @p_str144, [1 x i8]* @p_str144) nounwind

ST_22: StgValue_149 (36)  [1/1] 0.00ns  loc: ed25519/src/ge.cpp:349
:5  call void (...)* @_ssdm_op_SpecResourceLimit(i32 1, [5 x i8]* @p_str649, [1 x i8]* @p_str144, [1 x i8]* @p_str144, [1 x i8]* @p_str144) nounwind

ST_22: StgValue_150 (37)  [1/1] 0.00ns  loc: ed25519/src/ge.cpp:350
:6  call void (...)* @_ssdm_op_SpecResourceLimit(i32 1, [4 x i8]* @p_str750, [1 x i8]* @p_str144, [1 x i8]* @p_str144, [1 x i8]* @p_str144) nounwind

ST_22: StgValue_151 (38)  [1/1] 0.00ns  loc: ed25519/src/ge.cpp:351
:7  call void (...)* @_ssdm_op_SpecResourceLimit(i32 1, [1 x i8]* @p_str144, [1 x i8]* @p_str144, [7 x i8]* @p_str851, [1 x i8]* @p_str144) nounwind

ST_22: StgValue_152 (39)  [1/1] 0.00ns  loc: ed25519/src/ge.cpp:352
:8  call void (...)* @_ssdm_op_SpecResourceLimit(i32 1, [1 x i8]* @p_str144, [1 x i8]* @p_str144, [6 x i8]* @p_str1457, [1 x i8]* @p_str144) nounwind

ST_22: StgValue_153 (40)  [1/1] 0.00ns  loc: ed25519/src/ge.cpp:353
:9  call void (...)* @_ssdm_op_SpecResourceLimit(i32 1, [1 x i8]* @p_str144, [1 x i8]* @p_str144, [7 x i8]* @p_str952, [1 x i8]* @p_str144) nounwind

ST_22: StgValue_154 (41)  [1/1] 0.00ns  loc: ed25519/src/ge.cpp:354
:10  call void (...)* @_ssdm_op_SpecResourceLimit(i32 1, [1 x i8]* @p_str144, [1 x i8]* @p_str144, [7 x i8]* @p_str1053, [1 x i8]* @p_str144) nounwind

ST_22: f9_1 (104)  [1/1] 0.00ns  loc: ed25519/src/ge.cpp:359 (grouped into LUT with out node h9)
:73  %f9_1 = extractvalue { i32, i32, i32, i32, i32, i32, i32, i32, i32, i32 } %fe_sq2_ret, 9

ST_22: StgValue_156 (138)  [1/1] 0.00ns  loc: ed25519/src/fe.cpp:1432
:107  call void (...)* @_ssdm_op_SpecResourceLimit(i32 1, [4 x i8]* @p_str75, [1 x i8]* @p_str176, [1 x i8]* @p_str176, [1 x i8]* @p_str176) nounwind

ST_22: StgValue_157 (139)  [1/1] 0.00ns  loc: ed25519/src/fe.cpp:1433
:108  call void (...)* @_ssdm_op_SpecResourceLimit(i32 1, [4 x i8]* @p_str277, [1 x i8]* @p_str176, [1 x i8]* @p_str176, [1 x i8]* @p_str176) nounwind

ST_22: StgValue_158 (140)  [1/1] 0.00ns  loc: ed25519/src/fe.cpp:1434
:109  call void (...)* @_ssdm_op_SpecResourceLimit(i32 1, [4 x i8]* @p_str378, [1 x i8]* @p_str176, [1 x i8]* @p_str176, [1 x i8]* @p_str176) nounwind

ST_22: StgValue_159 (141)  [1/1] 0.00ns  loc: ed25519/src/fe.cpp:1435
:110  call void (...)* @_ssdm_op_SpecResourceLimit(i32 1, [5 x i8]* @p_str479, [1 x i8]* @p_str176, [1 x i8]* @p_str176, [1 x i8]* @p_str176) nounwind

ST_22: StgValue_160 (142)  [1/1] 0.00ns  loc: ed25519/src/fe.cpp:1436
:111  call void (...)* @_ssdm_op_SpecResourceLimit(i32 1, [5 x i8]* @p_str580, [1 x i8]* @p_str176, [1 x i8]* @p_str176, [1 x i8]* @p_str176) nounwind

ST_22: StgValue_161 (143)  [1/1] 0.00ns  loc: ed25519/src/fe.cpp:1437
:112  call void (...)* @_ssdm_op_SpecResourceLimit(i32 1, [5 x i8]* @p_str681, [1 x i8]* @p_str176, [1 x i8]* @p_str176, [1 x i8]* @p_str176) nounwind

ST_22: StgValue_162 (144)  [1/1] 0.00ns  loc: ed25519/src/fe.cpp:1438
:113  call void (...)* @_ssdm_op_SpecResourceLimit(i32 1, [4 x i8]* @p_str782, [1 x i8]* @p_str176, [1 x i8]* @p_str176, [1 x i8]* @p_str176) nounwind

ST_22: fe_sub_ret (155)  [1/2] 1.34ns
:124  %fe_sub_ret = call fastcc { i32, i32, i32, i32, i32, i32, i32, i32, i32, i32 } @fe_sub(i32 %t0_0, i32 %t0_1, i32 %t0_2, i32 %t0_3, i32 %t0_4, i32 %t0_5, i32 %t0_6, i32 %t0_7, i32 %t0_8, i32 %t0_9, i32 %r_Y_0_assign_1, i32 %r_Y_1_assign_1, i32 %r_Y_2_assign_1, i32 %r_Y_3_assign_1, i32 %r_Y_4_assign_1, i32 %r_Y_5_assign_1, i32 %r_Y_6_assign_1, i32 %r_Y_7_assign_1, i32 %r_Y_8_assign_1, i32 %r_Y_9_assign_1)

ST_22: r_X (156)  [1/1] 0.00ns
:125  %r_X = extractvalue { i32, i32, i32, i32, i32, i32, i32, i32, i32, i32 } %fe_sub_ret, 0

ST_22: r_X_1 (157)  [1/1] 0.00ns
:126  %r_X_1 = extractvalue { i32, i32, i32, i32, i32, i32, i32, i32, i32, i32 } %fe_sub_ret, 1

ST_22: r_X_2 (158)  [1/1] 0.00ns
:127  %r_X_2 = extractvalue { i32, i32, i32, i32, i32, i32, i32, i32, i32, i32 } %fe_sub_ret, 2

ST_22: r_X_3 (159)  [1/1] 0.00ns
:128  %r_X_3 = extractvalue { i32, i32, i32, i32, i32, i32, i32, i32, i32, i32 } %fe_sub_ret, 3

ST_22: r_X_4 (160)  [1/1] 0.00ns
:129  %r_X_4 = extractvalue { i32, i32, i32, i32, i32, i32, i32, i32, i32, i32 } %fe_sub_ret, 4

ST_22: r_X_5 (161)  [1/1] 0.00ns
:130  %r_X_5 = extractvalue { i32, i32, i32, i32, i32, i32, i32, i32, i32, i32 } %fe_sub_ret, 5

ST_22: r_X_6 (162)  [1/1] 0.00ns
:131  %r_X_6 = extractvalue { i32, i32, i32, i32, i32, i32, i32, i32, i32, i32 } %fe_sub_ret, 6

ST_22: r_X_7 (163)  [1/1] 0.00ns
:132  %r_X_7 = extractvalue { i32, i32, i32, i32, i32, i32, i32, i32, i32, i32 } %fe_sub_ret, 7

ST_22: r_X_8 (164)  [1/1] 0.00ns
:133  %r_X_8 = extractvalue { i32, i32, i32, i32, i32, i32, i32, i32, i32, i32 } %fe_sub_ret, 8

ST_22: r_X_9 (165)  [1/1] 0.00ns
:134  %r_X_9 = extractvalue { i32, i32, i32, i32, i32, i32, i32, i32, i32, i32 } %fe_sub_ret, 9

ST_22: StgValue_174 (166)  [1/1] 0.00ns  loc: ed25519/src/fe.cpp:1432
:135  call void (...)* @_ssdm_op_SpecResourceLimit(i32 1, [4 x i8]* @p_str75, [1 x i8]* @p_str176, [1 x i8]* @p_str176, [1 x i8]* @p_str176) nounwind

ST_22: StgValue_175 (167)  [1/1] 0.00ns  loc: ed25519/src/fe.cpp:1433
:136  call void (...)* @_ssdm_op_SpecResourceLimit(i32 1, [4 x i8]* @p_str277, [1 x i8]* @p_str176, [1 x i8]* @p_str176, [1 x i8]* @p_str176) nounwind

ST_22: StgValue_176 (168)  [1/1] 0.00ns  loc: ed25519/src/fe.cpp:1434
:137  call void (...)* @_ssdm_op_SpecResourceLimit(i32 1, [4 x i8]* @p_str378, [1 x i8]* @p_str176, [1 x i8]* @p_str176, [1 x i8]* @p_str176) nounwind

ST_22: StgValue_177 (169)  [1/1] 0.00ns  loc: ed25519/src/fe.cpp:1435
:138  call void (...)* @_ssdm_op_SpecResourceLimit(i32 1, [5 x i8]* @p_str479, [1 x i8]* @p_str176, [1 x i8]* @p_str176, [1 x i8]* @p_str176) nounwind

ST_22: StgValue_178 (170)  [1/1] 0.00ns  loc: ed25519/src/fe.cpp:1436
:139  call void (...)* @_ssdm_op_SpecResourceLimit(i32 1, [5 x i8]* @p_str580, [1 x i8]* @p_str176, [1 x i8]* @p_str176, [1 x i8]* @p_str176) nounwind

ST_22: StgValue_179 (171)  [1/1] 0.00ns  loc: ed25519/src/fe.cpp:1437
:140  call void (...)* @_ssdm_op_SpecResourceLimit(i32 1, [5 x i8]* @p_str681, [1 x i8]* @p_str176, [1 x i8]* @p_str176, [1 x i8]* @p_str176) nounwind

ST_22: StgValue_180 (172)  [1/1] 0.00ns  loc: ed25519/src/fe.cpp:1438
:141  call void (...)* @_ssdm_op_SpecResourceLimit(i32 1, [4 x i8]* @p_str782, [1 x i8]* @p_str176, [1 x i8]* @p_str176, [1 x i8]* @p_str176) nounwind

ST_22: h9 (182)  [1/1] 1.34ns  loc: ed25519/src/fe.cpp:1468 (out node of the LUT)
:151  %h9 = sub nsw i32 %f9_1, %h9_2

ST_22: mrv_s (183)  [1/1] 0.00ns  loc: ed25519/src/ge.cpp:366
:152  %mrv_s = insertvalue { i32, i32, i32, i32, i32, i32, i32, i32, i32, i32, i32, i32, i32, i32, i32, i32, i32, i32, i32, i32, i32, i32, i32, i32, i32, i32, i32, i32, i32, i32, i32, i32, i32, i32, i32, i32, i32, i32, i32, i32 } undef, i32 %r_X, 0

ST_22: mrv_1 (184)  [1/1] 0.00ns  loc: ed25519/src/ge.cpp:366
:153  %mrv_1 = insertvalue { i32, i32, i32, i32, i32, i32, i32, i32, i32, i32, i32, i32, i32, i32, i32, i32, i32, i32, i32, i32, i32, i32, i32, i32, i32, i32, i32, i32, i32, i32, i32, i32, i32, i32, i32, i32, i32, i32, i32, i32 } %mrv_s, i32 %r_X_1, 1

ST_22: mrv_2 (185)  [1/1] 0.00ns  loc: ed25519/src/ge.cpp:366
:154  %mrv_2 = insertvalue { i32, i32, i32, i32, i32, i32, i32, i32, i32, i32, i32, i32, i32, i32, i32, i32, i32, i32, i32, i32, i32, i32, i32, i32, i32, i32, i32, i32, i32, i32, i32, i32, i32, i32, i32, i32, i32, i32, i32, i32 } %mrv_1, i32 %r_X_2, 2

ST_22: mrv_3 (186)  [1/1] 0.00ns  loc: ed25519/src/ge.cpp:366
:155  %mrv_3 = insertvalue { i32, i32, i32, i32, i32, i32, i32, i32, i32, i32, i32, i32, i32, i32, i32, i32, i32, i32, i32, i32, i32, i32, i32, i32, i32, i32, i32, i32, i32, i32, i32, i32, i32, i32, i32, i32, i32, i32, i32, i32 } %mrv_2, i32 %r_X_3, 3

ST_22: mrv_4 (187)  [1/1] 0.00ns  loc: ed25519/src/ge.cpp:366
:156  %mrv_4 = insertvalue { i32, i32, i32, i32, i32, i32, i32, i32, i32, i32, i32, i32, i32, i32, i32, i32, i32, i32, i32, i32, i32, i32, i32, i32, i32, i32, i32, i32, i32, i32, i32, i32, i32, i32, i32, i32, i32, i32, i32, i32 } %mrv_3, i32 %r_X_4, 4

ST_22: mrv_5 (188)  [1/1] 0.00ns  loc: ed25519/src/ge.cpp:366
:157  %mrv_5 = insertvalue { i32, i32, i32, i32, i32, i32, i32, i32, i32, i32, i32, i32, i32, i32, i32, i32, i32, i32, i32, i32, i32, i32, i32, i32, i32, i32, i32, i32, i32, i32, i32, i32, i32, i32, i32, i32, i32, i32, i32, i32 } %mrv_4, i32 %r_X_5, 5

ST_22: mrv_6 (189)  [1/1] 0.00ns  loc: ed25519/src/ge.cpp:366
:158  %mrv_6 = insertvalue { i32, i32, i32, i32, i32, i32, i32, i32, i32, i32, i32, i32, i32, i32, i32, i32, i32, i32, i32, i32, i32, i32, i32, i32, i32, i32, i32, i32, i32, i32, i32, i32, i32, i32, i32, i32, i32, i32, i32, i32 } %mrv_5, i32 %r_X_6, 6

ST_22: mrv_7 (190)  [1/1] 0.00ns  loc: ed25519/src/ge.cpp:366
:159  %mrv_7 = insertvalue { i32, i32, i32, i32, i32, i32, i32, i32, i32, i32, i32, i32, i32, i32, i32, i32, i32, i32, i32, i32, i32, i32, i32, i32, i32, i32, i32, i32, i32, i32, i32, i32, i32, i32, i32, i32, i32, i32, i32, i32 } %mrv_6, i32 %r_X_7, 7

ST_22: mrv_8 (191)  [1/1] 0.00ns  loc: ed25519/src/ge.cpp:366
:160  %mrv_8 = insertvalue { i32, i32, i32, i32, i32, i32, i32, i32, i32, i32, i32, i32, i32, i32, i32, i32, i32, i32, i32, i32, i32, i32, i32, i32, i32, i32, i32, i32, i32, i32, i32, i32, i32, i32, i32, i32, i32, i32, i32, i32 } %mrv_7, i32 %r_X_8, 8

ST_22: mrv_9 (192)  [1/1] 0.00ns  loc: ed25519/src/ge.cpp:366
:161  %mrv_9 = insertvalue { i32, i32, i32, i32, i32, i32, i32, i32, i32, i32, i32, i32, i32, i32, i32, i32, i32, i32, i32, i32, i32, i32, i32, i32, i32, i32, i32, i32, i32, i32, i32, i32, i32, i32, i32, i32, i32, i32, i32, i32 } %mrv_8, i32 %r_X_9, 9

ST_22: mrv_10 (193)  [1/1] 0.00ns  loc: ed25519/src/ge.cpp:366
:162  %mrv_10 = insertvalue { i32, i32, i32, i32, i32, i32, i32, i32, i32, i32, i32, i32, i32, i32, i32, i32, i32, i32, i32, i32, i32, i32, i32, i32, i32, i32, i32, i32, i32, i32, i32, i32, i32, i32, i32, i32, i32, i32, i32, i32 } %mrv_9, i32 %r_Y_0_assign_1, 10

ST_22: mrv_11 (194)  [1/1] 0.00ns  loc: ed25519/src/ge.cpp:366
:163  %mrv_11 = insertvalue { i32, i32, i32, i32, i32, i32, i32, i32, i32, i32, i32, i32, i32, i32, i32, i32, i32, i32, i32, i32, i32, i32, i32, i32, i32, i32, i32, i32, i32, i32, i32, i32, i32, i32, i32, i32, i32, i32, i32, i32 } %mrv_10, i32 %r_Y_1_assign_1, 11

ST_22: mrv_12 (195)  [1/1] 0.00ns  loc: ed25519/src/ge.cpp:366
:164  %mrv_12 = insertvalue { i32, i32, i32, i32, i32, i32, i32, i32, i32, i32, i32, i32, i32, i32, i32, i32, i32, i32, i32, i32, i32, i32, i32, i32, i32, i32, i32, i32, i32, i32, i32, i32, i32, i32, i32, i32, i32, i32, i32, i32 } %mrv_11, i32 %r_Y_2_assign_1, 12

ST_22: mrv_13 (196)  [1/1] 0.00ns  loc: ed25519/src/ge.cpp:366
:165  %mrv_13 = insertvalue { i32, i32, i32, i32, i32, i32, i32, i32, i32, i32, i32, i32, i32, i32, i32, i32, i32, i32, i32, i32, i32, i32, i32, i32, i32, i32, i32, i32, i32, i32, i32, i32, i32, i32, i32, i32, i32, i32, i32, i32 } %mrv_12, i32 %r_Y_3_assign_1, 13

ST_22: mrv_14 (197)  [1/1] 0.00ns  loc: ed25519/src/ge.cpp:366
:166  %mrv_14 = insertvalue { i32, i32, i32, i32, i32, i32, i32, i32, i32, i32, i32, i32, i32, i32, i32, i32, i32, i32, i32, i32, i32, i32, i32, i32, i32, i32, i32, i32, i32, i32, i32, i32, i32, i32, i32, i32, i32, i32, i32, i32 } %mrv_13, i32 %r_Y_4_assign_1, 14

ST_22: mrv_15 (198)  [1/1] 0.00ns  loc: ed25519/src/ge.cpp:366
:167  %mrv_15 = insertvalue { i32, i32, i32, i32, i32, i32, i32, i32, i32, i32, i32, i32, i32, i32, i32, i32, i32, i32, i32, i32, i32, i32, i32, i32, i32, i32, i32, i32, i32, i32, i32, i32, i32, i32, i32, i32, i32, i32, i32, i32 } %mrv_14, i32 %r_Y_5_assign_1, 15

ST_22: mrv_16 (199)  [1/1] 0.00ns  loc: ed25519/src/ge.cpp:366
:168  %mrv_16 = insertvalue { i32, i32, i32, i32, i32, i32, i32, i32, i32, i32, i32, i32, i32, i32, i32, i32, i32, i32, i32, i32, i32, i32, i32, i32, i32, i32, i32, i32, i32, i32, i32, i32, i32, i32, i32, i32, i32, i32, i32, i32 } %mrv_15, i32 %r_Y_6_assign_1, 16

ST_22: mrv_17 (200)  [1/1] 0.00ns  loc: ed25519/src/ge.cpp:366
:169  %mrv_17 = insertvalue { i32, i32, i32, i32, i32, i32, i32, i32, i32, i32, i32, i32, i32, i32, i32, i32, i32, i32, i32, i32, i32, i32, i32, i32, i32, i32, i32, i32, i32, i32, i32, i32, i32, i32, i32, i32, i32, i32, i32, i32 } %mrv_16, i32 %r_Y_7_assign_1, 17

ST_22: mrv_18 (201)  [1/1] 0.00ns  loc: ed25519/src/ge.cpp:366
:170  %mrv_18 = insertvalue { i32, i32, i32, i32, i32, i32, i32, i32, i32, i32, i32, i32, i32, i32, i32, i32, i32, i32, i32, i32, i32, i32, i32, i32, i32, i32, i32, i32, i32, i32, i32, i32, i32, i32, i32, i32, i32, i32, i32, i32 } %mrv_17, i32 %r_Y_8_assign_1, 18

ST_22: mrv_19 (202)  [1/1] 0.00ns  loc: ed25519/src/ge.cpp:366
:171  %mrv_19 = insertvalue { i32, i32, i32, i32, i32, i32, i32, i32, i32, i32, i32, i32, i32, i32, i32, i32, i32, i32, i32, i32, i32, i32, i32, i32, i32, i32, i32, i32, i32, i32, i32, i32, i32, i32, i32, i32, i32, i32, i32, i32 } %mrv_18, i32 %r_Y_9_assign_1, 19

ST_22: mrv_20 (203)  [1/1] 0.00ns  loc: ed25519/src/ge.cpp:366
:172  %mrv_20 = insertvalue { i32, i32, i32, i32, i32, i32, i32, i32, i32, i32, i32, i32, i32, i32, i32, i32, i32, i32, i32, i32, i32, i32, i32, i32, i32, i32, i32, i32, i32, i32, i32, i32, i32, i32, i32, i32, i32, i32, i32, i32 } %mrv_19, i32 %h0_2, 20

ST_22: mrv_21 (204)  [1/1] 0.00ns  loc: ed25519/src/ge.cpp:366
:173  %mrv_21 = insertvalue { i32, i32, i32, i32, i32, i32, i32, i32, i32, i32, i32, i32, i32, i32, i32, i32, i32, i32, i32, i32, i32, i32, i32, i32, i32, i32, i32, i32, i32, i32, i32, i32, i32, i32, i32, i32, i32, i32, i32, i32 } %mrv_20, i32 %h1_2, 21

ST_22: mrv_22 (205)  [1/1] 0.00ns  loc: ed25519/src/ge.cpp:366
:174  %mrv_22 = insertvalue { i32, i32, i32, i32, i32, i32, i32, i32, i32, i32, i32, i32, i32, i32, i32, i32, i32, i32, i32, i32, i32, i32, i32, i32, i32, i32, i32, i32, i32, i32, i32, i32, i32, i32, i32, i32, i32, i32, i32, i32 } %mrv_21, i32 %h2_2, 22

ST_22: mrv_23 (206)  [1/1] 0.00ns  loc: ed25519/src/ge.cpp:366
:175  %mrv_23 = insertvalue { i32, i32, i32, i32, i32, i32, i32, i32, i32, i32, i32, i32, i32, i32, i32, i32, i32, i32, i32, i32, i32, i32, i32, i32, i32, i32, i32, i32, i32, i32, i32, i32, i32, i32, i32, i32, i32, i32, i32, i32 } %mrv_22, i32 %h3_2, 23

ST_22: mrv_24 (207)  [1/1] 0.00ns  loc: ed25519/src/ge.cpp:366
:176  %mrv_24 = insertvalue { i32, i32, i32, i32, i32, i32, i32, i32, i32, i32, i32, i32, i32, i32, i32, i32, i32, i32, i32, i32, i32, i32, i32, i32, i32, i32, i32, i32, i32, i32, i32, i32, i32, i32, i32, i32, i32, i32, i32, i32 } %mrv_23, i32 %h4_2, 24

ST_22: mrv_25 (208)  [1/1] 0.00ns  loc: ed25519/src/ge.cpp:366
:177  %mrv_25 = insertvalue { i32, i32, i32, i32, i32, i32, i32, i32, i32, i32, i32, i32, i32, i32, i32, i32, i32, i32, i32, i32, i32, i32, i32, i32, i32, i32, i32, i32, i32, i32, i32, i32, i32, i32, i32, i32, i32, i32, i32, i32 } %mrv_24, i32 %h5_2, 25

ST_22: mrv_26 (209)  [1/1] 0.00ns  loc: ed25519/src/ge.cpp:366
:178  %mrv_26 = insertvalue { i32, i32, i32, i32, i32, i32, i32, i32, i32, i32, i32, i32, i32, i32, i32, i32, i32, i32, i32, i32, i32, i32, i32, i32, i32, i32, i32, i32, i32, i32, i32, i32, i32, i32, i32, i32, i32, i32, i32, i32 } %mrv_25, i32 %h6_2, 26

ST_22: mrv_27 (210)  [1/1] 0.00ns  loc: ed25519/src/ge.cpp:366
:179  %mrv_27 = insertvalue { i32, i32, i32, i32, i32, i32, i32, i32, i32, i32, i32, i32, i32, i32, i32, i32, i32, i32, i32, i32, i32, i32, i32, i32, i32, i32, i32, i32, i32, i32, i32, i32, i32, i32, i32, i32, i32, i32, i32, i32 } %mrv_26, i32 %h7_2, 27

ST_22: mrv_28 (211)  [1/1] 0.00ns  loc: ed25519/src/ge.cpp:366
:180  %mrv_28 = insertvalue { i32, i32, i32, i32, i32, i32, i32, i32, i32, i32, i32, i32, i32, i32, i32, i32, i32, i32, i32, i32, i32, i32, i32, i32, i32, i32, i32, i32, i32, i32, i32, i32, i32, i32, i32, i32, i32, i32, i32, i32 } %mrv_27, i32 %h8_2, 28

ST_22: mrv_29 (212)  [1/1] 0.00ns  loc: ed25519/src/ge.cpp:366
:181  %mrv_29 = insertvalue { i32, i32, i32, i32, i32, i32, i32, i32, i32, i32, i32, i32, i32, i32, i32, i32, i32, i32, i32, i32, i32, i32, i32, i32, i32, i32, i32, i32, i32, i32, i32, i32, i32, i32, i32, i32, i32, i32, i32, i32 } %mrv_28, i32 %h9_2, 29

ST_22: mrv_30 (213)  [1/1] 0.00ns  loc: ed25519/src/ge.cpp:366
:182  %mrv_30 = insertvalue { i32, i32, i32, i32, i32, i32, i32, i32, i32, i32, i32, i32, i32, i32, i32, i32, i32, i32, i32, i32, i32, i32, i32, i32, i32, i32, i32, i32, i32, i32, i32, i32, i32, i32, i32, i32, i32, i32, i32, i32 } %mrv_29, i32 %h0, 30

ST_22: mrv_31 (214)  [1/1] 0.00ns  loc: ed25519/src/ge.cpp:366
:183  %mrv_31 = insertvalue { i32, i32, i32, i32, i32, i32, i32, i32, i32, i32, i32, i32, i32, i32, i32, i32, i32, i32, i32, i32, i32, i32, i32, i32, i32, i32, i32, i32, i32, i32, i32, i32, i32, i32, i32, i32, i32, i32, i32, i32 } %mrv_30, i32 %h1, 31

ST_22: mrv_32 (215)  [1/1] 0.00ns  loc: ed25519/src/ge.cpp:366
:184  %mrv_32 = insertvalue { i32, i32, i32, i32, i32, i32, i32, i32, i32, i32, i32, i32, i32, i32, i32, i32, i32, i32, i32, i32, i32, i32, i32, i32, i32, i32, i32, i32, i32, i32, i32, i32, i32, i32, i32, i32, i32, i32, i32, i32 } %mrv_31, i32 %h2, 32

ST_22: mrv_33 (216)  [1/1] 0.00ns  loc: ed25519/src/ge.cpp:366
:185  %mrv_33 = insertvalue { i32, i32, i32, i32, i32, i32, i32, i32, i32, i32, i32, i32, i32, i32, i32, i32, i32, i32, i32, i32, i32, i32, i32, i32, i32, i32, i32, i32, i32, i32, i32, i32, i32, i32, i32, i32, i32, i32, i32, i32 } %mrv_32, i32 %h3, 33

ST_22: mrv_34 (217)  [1/1] 0.00ns  loc: ed25519/src/ge.cpp:366
:186  %mrv_34 = insertvalue { i32, i32, i32, i32, i32, i32, i32, i32, i32, i32, i32, i32, i32, i32, i32, i32, i32, i32, i32, i32, i32, i32, i32, i32, i32, i32, i32, i32, i32, i32, i32, i32, i32, i32, i32, i32, i32, i32, i32, i32 } %mrv_33, i32 %h4, 34

ST_22: mrv_35 (218)  [1/1] 0.00ns  loc: ed25519/src/ge.cpp:366
:187  %mrv_35 = insertvalue { i32, i32, i32, i32, i32, i32, i32, i32, i32, i32, i32, i32, i32, i32, i32, i32, i32, i32, i32, i32, i32, i32, i32, i32, i32, i32, i32, i32, i32, i32, i32, i32, i32, i32, i32, i32, i32, i32, i32, i32 } %mrv_34, i32 %h5, 35

ST_22: mrv_36 (219)  [1/1] 0.00ns  loc: ed25519/src/ge.cpp:366
:188  %mrv_36 = insertvalue { i32, i32, i32, i32, i32, i32, i32, i32, i32, i32, i32, i32, i32, i32, i32, i32, i32, i32, i32, i32, i32, i32, i32, i32, i32, i32, i32, i32, i32, i32, i32, i32, i32, i32, i32, i32, i32, i32, i32, i32 } %mrv_35, i32 %h6, 36

ST_22: mrv_37 (220)  [1/1] 0.00ns  loc: ed25519/src/ge.cpp:366
:189  %mrv_37 = insertvalue { i32, i32, i32, i32, i32, i32, i32, i32, i32, i32, i32, i32, i32, i32, i32, i32, i32, i32, i32, i32, i32, i32, i32, i32, i32, i32, i32, i32, i32, i32, i32, i32, i32, i32, i32, i32, i32, i32, i32, i32 } %mrv_36, i32 %h7, 37

ST_22: mrv_38 (221)  [1/1] 0.00ns  loc: ed25519/src/ge.cpp:366
:190  %mrv_38 = insertvalue { i32, i32, i32, i32, i32, i32, i32, i32, i32, i32, i32, i32, i32, i32, i32, i32, i32, i32, i32, i32, i32, i32, i32, i32, i32, i32, i32, i32, i32, i32, i32, i32, i32, i32, i32, i32, i32, i32, i32, i32 } %mrv_37, i32 %h8, 38

ST_22: mrv_39 (222)  [1/1] 0.00ns  loc: ed25519/src/ge.cpp:366
:191  %mrv_39 = insertvalue { i32, i32, i32, i32, i32, i32, i32, i32, i32, i32, i32, i32, i32, i32, i32, i32, i32, i32, i32, i32, i32, i32, i32, i32, i32, i32, i32, i32, i32, i32, i32, i32, i32, i32, i32, i32, i32, i32, i32, i32 } %mrv_38, i32 %h9, 39

ST_22: StgValue_222 (223)  [1/1] 0.00ns  loc: ed25519/src/ge.cpp:366
:192  ret { i32, i32, i32, i32, i32, i32, i32, i32, i32, i32, i32, i32, i32, i32, i32, i32, i32, i32, i32, i32, i32, i32, i32, i32, i32, i32, i32, i32, i32, i32, i32, i32, i32, i32, i32, i32, i32, i32, i32, i32 } %mrv_39



============================================================
+ Verbose Summary: Timing violations
============================================================
Target clock period: 10ns, clock uncertainty: 1.25ns.

 <State 1>: 6.13ns
The critical path consists of the following:
	wire read on port 'p_read950' [62]  (0 ns)
	'call' operation ('fe_sq_ret1') to 'fe_sq' [72]  (6.13 ns)

 <State 2>: 6.13ns
The critical path consists of the following:
	'call' operation ('fe_sq_ret') to 'fe_sq' [83]  (6.13 ns)

 <State 3>: 2.69ns
The critical path consists of the following:
	'call' operation ('fe_sq_ret') to 'fe_sq' [83]  (1.34 ns)
	'sub' operation ('h0', ed25519/src/fe.cpp:1459) [145]  (1.34 ns)

 <State 4>: 1.34ns
The critical path consists of the following:
	'sub' operation ('h1', ed25519/src/fe.cpp:1460) [146]  (1.34 ns)

 <State 5>: 1.34ns
The critical path consists of the following:
	'sub' operation ('h2', ed25519/src/fe.cpp:1461) [147]  (1.34 ns)

 <State 6>: 1.34ns
The critical path consists of the following:
	'sub' operation ('h3', ed25519/src/fe.cpp:1462) [148]  (1.34 ns)

 <State 7>: 1.34ns
The critical path consists of the following:
	'sub' operation ('h4', ed25519/src/fe.cpp:1463) [149]  (1.34 ns)

 <State 8>: 6.13ns
The critical path consists of the following:
	'call' operation ('fe_sq_ret2') to 'fe_sq' [116]  (6.13 ns)

 <State 9>: 1.34ns
The critical path consists of the following:
	'call' operation ('fe_sq_ret2') to 'fe_sq' [116]  (1.34 ns)

 <State 10>: 1.34ns
The critical path consists of the following:
	'sub' operation ('h7', ed25519/src/fe.cpp:1466) [152]  (1.34 ns)

 <State 11>: 1.34ns
The critical path consists of the following:
	'sub' operation ('h8', ed25519/src/fe.cpp:1467) [153]  (1.34 ns)

 <State 12>: 1.34ns
The critical path consists of the following:
	'sub' operation ('h9', ed25519/src/fe.cpp:1468) [154]  (1.34 ns)

 <State 13>: 1.34ns
The critical path consists of the following:
	'sub' operation ('h0', ed25519/src/fe.cpp:1459) [173]  (1.34 ns)

 <State 14>: 1.34ns
The critical path consists of the following:
	'sub' operation ('h1', ed25519/src/fe.cpp:1460) [174]  (1.34 ns)

 <State 15>: 1.34ns
The critical path consists of the following:
	'sub' operation ('h2', ed25519/src/fe.cpp:1461) [175]  (1.34 ns)

 <State 16>: 1.34ns
The critical path consists of the following:
	'sub' operation ('h3', ed25519/src/fe.cpp:1462) [176]  (1.34 ns)

 <State 17>: 1.34ns
The critical path consists of the following:
	'sub' operation ('h4', ed25519/src/fe.cpp:1463) [177]  (1.34 ns)

 <State 18>: 1.34ns
The critical path consists of the following:
	'sub' operation ('h5', ed25519/src/fe.cpp:1464) [178]  (1.34 ns)

 <State 19>: 1.34ns
The critical path consists of the following:
	'sub' operation ('h6', ed25519/src/fe.cpp:1465) [179]  (1.34 ns)

 <State 20>: 1.34ns
The critical path consists of the following:
	'sub' operation ('h7', ed25519/src/fe.cpp:1466) [180]  (1.34 ns)

 <State 21>: 1.34ns
The critical path consists of the following:
	'sub' operation ('h8', ed25519/src/fe.cpp:1467) [181]  (1.34 ns)

 <State 22>: 1.34ns
The critical path consists of the following:
	'sub' operation ('h9', ed25519/src/fe.cpp:1468) [182]  (1.34 ns)


============================================================
+ Verbose Summary: Binding
============================================================
N/A
* FSMD analyzer results:
  - Output states:
 - Input state : 
  - Chain level:
	State 1
	State 2
	State 3
	State 4
	State 5
	State 6
	State 7
	State 8
	State 9
	State 10
	State 11
	State 12
	State 13
	State 14
	State 15
	State 16
	State 17
	State 18
	State 19
	State 20
	State 21
	State 22


============================================================
+ Verbose Summary: Datapath Resource usage 
============================================================
N/A
