

================================================================
== Vivado HLS Report for 'load_4'
================================================================
* Date:           Fri Jun  2 12:27:40 2017

* Version:        2017.1 (Build 1846317 on Fri Apr 14 19:19:38 MDT 2017)
* Project:        ed25519
* Solution:       solution1
* Product family: zynquplus
* Target device:  xczu9eg-ffvb1156-2-i


================================================================
== Performance Estimates
================================================================
+ Timing (ns): 
    * Summary: 
    +--------+-------+----------+------------+
    |  Clock | Target| Estimated| Uncertainty|
    +--------+-------+----------+------------+
    |ap_clk  |  10.00|      1.79|        1.25|
    +--------+-------+----------+------------+

+ Latency (clock cycles): 
    * Summary: 
    +-----+-----+-----+-----+---------+
    |  Latency  |  Interval | Pipeline|
    | min | max | min | max |   Type  |
    +-----+-----+-----+-----+---------+
    |    4|    4|    4|    4|   none  |
    +-----+-----+-----+-----+---------+

    + Detail: 
        * Instance: 
        N/A

        * Loop: 
        N/A



================================================================
== Utilization Estimates
================================================================
* Summary: 
+-----------------+---------+-------+--------+--------+-----+
|       Name      | BRAM_18K| DSP48E|   FF   |   LUT  | URAM|
+-----------------+---------+-------+--------+--------+-----+
|DSP              |        -|      -|       -|       -|    -|
|Expression       |        -|      -|       0|      45|    -|
|FIFO             |        -|      -|       -|       -|    -|
|Instance         |        -|      -|       -|       -|    -|
|Memory           |        -|      -|       -|       -|    -|
|Multiplexer      |        -|      -|       -|      69|    -|
|Register         |        -|      -|      67|       -|    -|
+-----------------+---------+-------+--------+--------+-----+
|Total            |        0|      0|      67|     114|    0|
+-----------------+---------+-------+--------+--------+-----+
|Available        |     1824|   2520|  548160|  274080|    0|
+-----------------+---------+-------+--------+--------+-----+
|Utilization (%)  |        0|      0|   ~0   |   ~0   |    0|
+-----------------+---------+-------+--------+--------+-----+

+ Detail: 
    * Instance: 
    N/A

    * DSP48: 
    N/A

    * Memory: 
    N/A

    * FIFO: 
    N/A

    * Expression: 
    +---------------+----------+-------+---+----+------------+------------+
    | Variable Name | Operation| DSP48E| FF| LUT| Bitwidth P0| Bitwidth P1|
    +---------------+----------+-------+---+----+------------+------------+
    |sum2_fu_85_p2  |     +    |      0|  0|  15|           2|           6|
    |sum4_fu_95_p2  |     +    |      0|  0|  15|           2|           6|
    |sum_fu_75_p2   |     +    |      0|  0|  15|           1|           6|
    +---------------+----------+-------+---+----+------------+------------+
    |Total          |          |      0|  0|  45|           5|          18|
    +---------------+----------+-------+---+----+------------+------------+

    * Multiplexer: 
    +---------------+----+-----------+-----+-----------+
    |      Name     | LUT| Input Size| Bits| Total Bits|
    +---------------+----+-----------+-----+-----------+
    |ap_NS_fsm      |  33|          6|    1|          6|
    |ap_return      |   9|          2|   32|         64|
    |in_r_address0  |  27|          5|    6|         30|
    +---------------+----+-----------+-----+-----------+
    |Total          |  69|         13|   39|        100|
    +---------------+----+-----------+-----+-----------+

    * Register: 
    +-------------------+----+----+-----+-----------+
    |        Name       | FF | LUT| Bits| Const Bits|
    +-------------------+----+----+-----+-----------+
    |ap_CS_fsm          |   5|   0|    5|          0|
    |ap_return_preg     |  32|   0|   32|          0|
    |in_load_1_reg_136  |   8|   0|    8|          0|
    |in_load_2_reg_146  |   8|   0|    8|          0|
    |in_load_reg_126    |   8|   0|    8|          0|
    |tmp_1374_reg_119   |   6|   0|    6|          0|
    +-------------------+----+----+-----+-----------+
    |Total              |  67|   0|   67|          0|
    +-------------------+----+----+-----+-----------+



================================================================
== Interface
================================================================
* Summary: 
+---------------+-----+-----+------------+--------------+--------------+
|   RTL Ports   | Dir | Bits|  Protocol  | Source Object|    C Type    |
+---------------+-----+-----+------------+--------------+--------------+
|ap_clk         |  in |    1| ap_ctrl_hs |    load_4    | return value |
|ap_rst         |  in |    1| ap_ctrl_hs |    load_4    | return value |
|ap_start       |  in |    1| ap_ctrl_hs |    load_4    | return value |
|ap_done        | out |    1| ap_ctrl_hs |    load_4    | return value |
|ap_idle        | out |    1| ap_ctrl_hs |    load_4    | return value |
|ap_ready       | out |    1| ap_ctrl_hs |    load_4    | return value |
|ap_return      | out |   32| ap_ctrl_hs |    load_4    | return value |
|in_r_address0  | out |    6|  ap_memory |     in_r     |     array    |
|in_r_ce0       | out |    1|  ap_memory |     in_r     |     array    |
|in_r_q0        |  in |    8|  ap_memory |     in_r     |     array    |
|in_offset      |  in |    7|   ap_none  |   in_offset  |    scalar    |
+---------------+-----+-----+------------+--------------+--------------+

============================================================
+ Verbose Summary: Synthesis Manager
============================================================
InlineROM: 1
ExposeGlobal: 0
============================================================
+ Verbose Summary: CDFG Model
============================================================
IsTopModel: 0
ResetActiveHigh: 1
IsCombinational: 2
IsDatapathOnly: 2
HasWiredReturn: 1
HasMFsm: 0
HasVarLatency: 1
IsPipeline: 0
IsRtlPipelined: 0
IsInstanceOverlapped: 0
IsDontTouch: 0
HasImplIP: 0
IsGatedGlobalClock: 0


============================================================
+ Verbose Summary: Schedule
============================================================
* Number of FSM states: 5
* Pipeline: 0
* Dataflow Pipeline: 0

* FSM state transitions: 
1 --> 
	2  / true
2 --> 
	3  / true
3 --> 
	4  / true
4 --> 
	5  / true
5 --> 
* FSM state operations: 

 <State 1>: 0.68ns
ST_1: in_offset_read (4)  [1/1] 0.00ns
:1  %in_offset_read = call i7 @_ssdm_op_Read.ap_auto.i7(i7 %in_offset)

ST_1: in_offset_cast3 (5)  [1/1] 0.00ns
:2  %in_offset_cast3 = zext i7 %in_offset_read to i64

ST_1: in_addr (6)  [1/1] 0.00ns
:3  %in_addr = getelementptr [64 x i8]* %in_r, i64 0, i64 %in_offset_cast3

ST_1: in_load (7)  [2/2] 0.68ns  loc: ed25519/src/sc.cpp:17
:4  %in_load = load i8* %in_addr, align 1

ST_1: tmp_1374 (8)  [1/1] 0.00ns
:5  %tmp_1374 = trunc i7 %in_offset_read to i6


 <State 2>: 1.79ns
ST_2: in_load (7)  [1/2] 0.68ns  loc: ed25519/src/sc.cpp:17
:4  %in_load = load i8* %in_addr, align 1

ST_2: sum (9)  [1/1] 1.11ns
:6  %sum = add i6 1, %tmp_1374

ST_2: sum_cast (10)  [1/1] 0.00ns
:7  %sum_cast = zext i6 %sum to i64

ST_2: in_addr_1 (11)  [1/1] 0.00ns  loc: ed25519/src/sc.cpp:18
:8  %in_addr_1 = getelementptr [64 x i8]* %in_r, i64 0, i64 %sum_cast

ST_2: in_load_1 (12)  [2/2] 0.68ns  loc: ed25519/src/sc.cpp:18
:9  %in_load_1 = load i8* %in_addr_1, align 1


 <State 3>: 1.79ns
ST_3: in_load_1 (12)  [1/2] 0.68ns  loc: ed25519/src/sc.cpp:18
:9  %in_load_1 = load i8* %in_addr_1, align 1

ST_3: sum2 (13)  [1/1] 1.11ns
:10  %sum2 = add i6 2, %tmp_1374

ST_3: sum2_cast (14)  [1/1] 0.00ns
:11  %sum2_cast = zext i6 %sum2 to i64

ST_3: in_addr_2 (15)  [1/1] 0.00ns  loc: ed25519/src/sc.cpp:19
:12  %in_addr_2 = getelementptr [64 x i8]* %in_r, i64 0, i64 %sum2_cast

ST_3: in_load_2 (16)  [2/2] 0.68ns  loc: ed25519/src/sc.cpp:19
:13  %in_load_2 = load i8* %in_addr_2, align 1


 <State 4>: 1.79ns
ST_4: in_load_2 (16)  [1/2] 0.68ns  loc: ed25519/src/sc.cpp:19
:13  %in_load_2 = load i8* %in_addr_2, align 1

ST_4: sum4 (17)  [1/1] 1.11ns
:14  %sum4 = add i6 3, %tmp_1374

ST_4: sum4_cast (18)  [1/1] 0.00ns
:15  %sum4_cast = zext i6 %sum4 to i64

ST_4: in_addr_3 (19)  [1/1] 0.00ns  loc: ed25519/src/sc.cpp:20
:16  %in_addr_3 = getelementptr [64 x i8]* %in_r, i64 0, i64 %sum4_cast

ST_4: in_load_3 (20)  [2/2] 0.68ns  loc: ed25519/src/sc.cpp:20
:17  %in_load_3 = load i8* %in_addr_3, align 1


 <State 5>: 0.68ns
ST_5: empty (3)  [1/1] 0.00ns
:0  %empty = call i32 (...)* @_ssdm_op_SpecMemCore([64 x i8]* %in_r, [1 x i8]* @p_str, [7 x i8]* @RAM_1P_str, [1 x i8]* @p_str, i32 -1, [1 x i8]* @p_str, [1 x i8]* @p_str, [1 x i8]* @p_str, [1 x i8]* @p_str, [1 x i8]* @p_str)

ST_5: in_load_3 (20)  [1/2] 0.68ns  loc: ed25519/src/sc.cpp:20
:17  %in_load_3 = load i8* %in_addr_3, align 1

ST_5: tmp (21)  [1/1] 0.00ns  loc: ed25519/src/sc.cpp:20
:18  %tmp = call i32 @_ssdm_op_BitConcatenate.i32.i8.i8.i8.i8(i8 %in_load_3, i8 %in_load_2, i8 %in_load_1, i8 %in_load)

ST_5: StgValue_29 (22)  [1/1] 0.00ns  loc: ed25519/src/sc.cpp:22
:19  ret i32 %tmp



============================================================
+ Verbose Summary: Binding
============================================================
STG Binding: 
---------------- STG Properties BEGIN ----------------
- Is combinational: 0
- Is one-state seq: 0
- Is datapath-only: 0
- Is pipelined: 0
- Is top level: 0
Port [ Return ] is wired: 1; IO mode=ap_ctrl_hs:ce=0
Port [ in_r]:  wired=1; compound=1; hidden=0; nouse=0; global=0; static=0; extern=0; dir=0; type=1; pingpong=0; private_global=0; MemPort=[1]; IO mode=ap_memory:ce=0
Port [ in_offset]:  wired=1; compound=0; hidden=0; nouse=0; global=0; static=0; extern=0; dir=0; type=0; pingpong=0; private_global=0; IO mode=ap_none:ce=0
---------------- STG Properties END ------------------

---------------- Datapath Model BEGIN ----------------

<LifeTime>
<method=bitvector/>
in_offset_read  (read          ) [ 000000]
in_offset_cast3 (zext          ) [ 000000]
in_addr         (getelementptr ) [ 001000]
tmp_1374        (trunc         ) [ 001110]
in_load         (load          ) [ 000111]
sum             (add           ) [ 000000]
sum_cast        (zext          ) [ 000000]
in_addr_1       (getelementptr ) [ 000100]
in_load_1       (load          ) [ 000011]
sum2            (add           ) [ 000000]
sum2_cast       (zext          ) [ 000000]
in_addr_2       (getelementptr ) [ 000010]
in_load_2       (load          ) [ 000001]
sum4            (add           ) [ 000000]
sum4_cast       (zext          ) [ 000000]
in_addr_3       (getelementptr ) [ 000001]
empty           (specmemcore   ) [ 000000]
in_load_3       (load          ) [ 000000]
tmp             (bitconcatenate) [ 000000]
StgValue_29     (ret           ) [ 000000]
</LifeTime>

<model>

<comp_list>
<comp id="0" class="1000" name="in_r">
<pin_list>
<pin id="1" dir="1" index="0" bw="1" slack="0"/>
</pin_list>
<bind>
<StgValue><ssdm name="in_r"/><MemPortTyVec>1 </MemPortTyVec>
</StgValue>
</bind>
</comp>

<comp id="2" class="1000" name="in_offset">
<pin_list>
<pin id="3" dir="1" index="0" bw="1" slack="0"/>
</pin_list>
<bind>
<StgValue><ssdm name="in_offset"/></StgValue>
</bind>
</comp>

<comp id="4" class="1001" name="const_4">
<pin_list>
<pin id="5" dir="1" index="0" bw="1" slack="0"/>
</pin_list>
<bind>
<StgValue><ssdm name="_ssdm_op_Read.ap_auto.i7"/></StgValue>
</bind>
</comp>

<comp id="6" class="1001" name="const_6">
<pin_list>
<pin id="7" dir="1" index="0" bw="1" slack="0"/>
</pin_list>
<bind>
<StgValue><ssdm name=""/></StgValue>
</bind>
</comp>

<comp id="8" class="1001" name="const_8">
<pin_list>
<pin id="9" dir="1" index="0" bw="1" slack="0"/>
</pin_list>
<bind>
<StgValue><ssdm name=""/></StgValue>
</bind>
</comp>

<comp id="10" class="1001" name="const_10">
<pin_list>
<pin id="11" dir="1" index="0" bw="1" slack="0"/>
</pin_list>
<bind>
<StgValue><ssdm name=""/></StgValue>
</bind>
</comp>

<comp id="12" class="1001" name="const_12">
<pin_list>
<pin id="13" dir="1" index="0" bw="1" slack="0"/>
</pin_list>
<bind>
<StgValue><ssdm name=""/></StgValue>
</bind>
</comp>

<comp id="14" class="1001" name="const_14">
<pin_list>
<pin id="15" dir="1" index="0" bw="1" slack="2147483647"/>
</pin_list>
<bind>
<StgValue><ssdm name="_ssdm_op_SpecMemCore"/></StgValue>
</bind>
</comp>

<comp id="16" class="1001" name="const_16">
<pin_list>
<pin id="17" dir="1" index="0" bw="1" slack="2147483647"/>
</pin_list>
<bind>
<StgValue><ssdm name="p_str"/></StgValue>
</bind>
</comp>

<comp id="18" class="1001" name="const_18">
<pin_list>
<pin id="19" dir="1" index="0" bw="1" slack="2147483647"/>
</pin_list>
<bind>
<StgValue><ssdm name="RAM_1P_str"/></StgValue>
</bind>
</comp>

<comp id="20" class="1001" name="const_20">
<pin_list>
<pin id="21" dir="1" index="0" bw="1" slack="2147483647"/>
</pin_list>
<bind>
<StgValue><ssdm name=""/></StgValue>
</bind>
</comp>

<comp id="22" class="1001" name="const_22">
<pin_list>
<pin id="23" dir="1" index="0" bw="1" slack="0"/>
</pin_list>
<bind>
<StgValue><ssdm name="_ssdm_op_BitConcatenate.i32.i8.i8.i8.i8"/></StgValue>
</bind>
</comp>

<comp id="24" class="1004" name="in_offset_read_read_fu_24">
<pin_list>
<pin id="25" dir="0" index="0" bw="7" slack="0"/>
<pin id="26" dir="0" index="1" bw="7" slack="0"/>
<pin id="27" dir="1" index="2" bw="7" slack="0"/>
</pin_list>
<bind>
<opcode="read(1150) " fcode="read"/>
<opset="in_offset_read/1 "/>
</bind>
</comp>

<comp id="30" class="1004" name="in_addr_gep_fu_30">
<pin_list>
<pin id="31" dir="0" index="0" bw="8" slack="0"/>
<pin id="32" dir="0" index="1" bw="1" slack="0"/>
<pin id="33" dir="0" index="2" bw="7" slack="0"/>
<pin id="34" dir="1" index="3" bw="6" slack="0"/>
</pin_list>
<bind>
<opcode="getelementptr(29) " fcode="getelementptr"/>
<opset="in_addr/1 "/>
</bind>
</comp>

<comp id="37" class="1004" name="grp_access_fu_37">
<pin_list>
<pin id="38" dir="0" index="0" bw="6" slack="0"/>
<pin id="39" dir="0" index="1" bw="8" slack="2147483647"/>
<pin id="40" dir="1" index="2" bw="8" slack="0"/>
</pin_list>
<bind>
<opcode="load(27) " fcode="load"/>
<opset="in_load/1 in_load_1/2 in_load_2/3 in_load_3/4 "/>
</bind>
</comp>

<comp id="42" class="1004" name="in_addr_1_gep_fu_42">
<pin_list>
<pin id="43" dir="0" index="0" bw="8" slack="0"/>
<pin id="44" dir="0" index="1" bw="1" slack="0"/>
<pin id="45" dir="0" index="2" bw="6" slack="0"/>
<pin id="46" dir="1" index="3" bw="6" slack="0"/>
</pin_list>
<bind>
<opcode="getelementptr(29) " fcode="getelementptr"/>
<opset="in_addr_1/2 "/>
</bind>
</comp>

<comp id="50" class="1004" name="in_addr_2_gep_fu_50">
<pin_list>
<pin id="51" dir="0" index="0" bw="8" slack="0"/>
<pin id="52" dir="0" index="1" bw="1" slack="0"/>
<pin id="53" dir="0" index="2" bw="6" slack="0"/>
<pin id="54" dir="1" index="3" bw="6" slack="0"/>
</pin_list>
<bind>
<opcode="getelementptr(29) " fcode="getelementptr"/>
<opset="in_addr_2/3 "/>
</bind>
</comp>

<comp id="58" class="1004" name="in_addr_3_gep_fu_58">
<pin_list>
<pin id="59" dir="0" index="0" bw="8" slack="0"/>
<pin id="60" dir="0" index="1" bw="1" slack="0"/>
<pin id="61" dir="0" index="2" bw="6" slack="0"/>
<pin id="62" dir="1" index="3" bw="6" slack="0"/>
</pin_list>
<bind>
<opcode="getelementptr(29) " fcode="getelementptr"/>
<opset="in_addr_3/4 "/>
</bind>
</comp>

<comp id="66" class="1004" name="in_offset_cast3_fu_66">
<pin_list>
<pin id="67" dir="0" index="0" bw="7" slack="0"/>
<pin id="68" dir="1" index="1" bw="64" slack="0"/>
</pin_list>
<bind>
<opcode="zext(34) " fcode="zext"/>
<opset="in_offset_cast3/1 "/>
</bind>
</comp>

<comp id="71" class="1004" name="tmp_1374_fu_71">
<pin_list>
<pin id="72" dir="0" index="0" bw="7" slack="0"/>
<pin id="73" dir="1" index="1" bw="6" slack="1"/>
</pin_list>
<bind>
<opcode="trunc(33) " fcode="trunc"/>
<opset="tmp_1374/1 "/>
</bind>
</comp>

<comp id="75" class="1004" name="sum_fu_75">
<pin_list>
<pin id="76" dir="0" index="0" bw="1" slack="0"/>
<pin id="77" dir="0" index="1" bw="6" slack="1"/>
<pin id="78" dir="1" index="2" bw="6" slack="0"/>
</pin_list>
<bind>
<opcode="add(8) " fcode="add"/>
<opset="sum/2 "/>
</bind>
</comp>

<comp id="80" class="1004" name="sum_cast_fu_80">
<pin_list>
<pin id="81" dir="0" index="0" bw="6" slack="0"/>
<pin id="82" dir="1" index="1" bw="64" slack="0"/>
</pin_list>
<bind>
<opcode="zext(34) " fcode="zext"/>
<opset="sum_cast/2 "/>
</bind>
</comp>

<comp id="85" class="1004" name="sum2_fu_85">
<pin_list>
<pin id="86" dir="0" index="0" bw="3" slack="0"/>
<pin id="87" dir="0" index="1" bw="6" slack="2"/>
<pin id="88" dir="1" index="2" bw="6" slack="0"/>
</pin_list>
<bind>
<opcode="add(8) " fcode="add"/>
<opset="sum2/3 "/>
</bind>
</comp>

<comp id="90" class="1004" name="sum2_cast_fu_90">
<pin_list>
<pin id="91" dir="0" index="0" bw="6" slack="0"/>
<pin id="92" dir="1" index="1" bw="64" slack="0"/>
</pin_list>
<bind>
<opcode="zext(34) " fcode="zext"/>
<opset="sum2_cast/3 "/>
</bind>
</comp>

<comp id="95" class="1004" name="sum4_fu_95">
<pin_list>
<pin id="96" dir="0" index="0" bw="3" slack="0"/>
<pin id="97" dir="0" index="1" bw="6" slack="3"/>
<pin id="98" dir="1" index="2" bw="6" slack="0"/>
</pin_list>
<bind>
<opcode="add(8) " fcode="add"/>
<opset="sum4/4 "/>
</bind>
</comp>

<comp id="100" class="1004" name="sum4_cast_fu_100">
<pin_list>
<pin id="101" dir="0" index="0" bw="6" slack="0"/>
<pin id="102" dir="1" index="1" bw="64" slack="0"/>
</pin_list>
<bind>
<opcode="zext(34) " fcode="zext"/>
<opset="sum4_cast/4 "/>
</bind>
</comp>

<comp id="105" class="1004" name="tmp_fu_105">
<pin_list>
<pin id="106" dir="0" index="0" bw="32" slack="0"/>
<pin id="107" dir="0" index="1" bw="8" slack="0"/>
<pin id="108" dir="0" index="2" bw="8" slack="1"/>
<pin id="109" dir="0" index="3" bw="8" slack="2"/>
<pin id="110" dir="0" index="4" bw="8" slack="3"/>
<pin id="111" dir="1" index="5" bw="32" slack="2147483647"/>
</pin_list>
<bind>
<opcode="bitconcatenate(1004) " fcode="bitconcatenate"/>
<opset="tmp/5 "/>
</bind>
</comp>

<comp id="114" class="1005" name="in_addr_reg_114">
<pin_list>
<pin id="115" dir="0" index="0" bw="6" slack="1"/>
<pin id="116" dir="1" index="1" bw="6" slack="1"/>
</pin_list>
<bind>
<opset="in_addr "/>
</bind>
</comp>

<comp id="119" class="1005" name="tmp_1374_reg_119">
<pin_list>
<pin id="120" dir="0" index="0" bw="6" slack="1"/>
<pin id="121" dir="1" index="1" bw="6" slack="1"/>
</pin_list>
<bind>
<opset="tmp_1374 "/>
</bind>
</comp>

<comp id="126" class="1005" name="in_load_reg_126">
<pin_list>
<pin id="127" dir="0" index="0" bw="8" slack="3"/>
<pin id="128" dir="1" index="1" bw="8" slack="3"/>
</pin_list>
<bind>
<opset="in_load "/>
</bind>
</comp>

<comp id="131" class="1005" name="in_addr_1_reg_131">
<pin_list>
<pin id="132" dir="0" index="0" bw="6" slack="1"/>
<pin id="133" dir="1" index="1" bw="6" slack="1"/>
</pin_list>
<bind>
<opset="in_addr_1 "/>
</bind>
</comp>

<comp id="136" class="1005" name="in_load_1_reg_136">
<pin_list>
<pin id="137" dir="0" index="0" bw="8" slack="2"/>
<pin id="138" dir="1" index="1" bw="8" slack="2"/>
</pin_list>
<bind>
<opset="in_load_1 "/>
</bind>
</comp>

<comp id="141" class="1005" name="in_addr_2_reg_141">
<pin_list>
<pin id="142" dir="0" index="0" bw="6" slack="1"/>
<pin id="143" dir="1" index="1" bw="6" slack="1"/>
</pin_list>
<bind>
<opset="in_addr_2 "/>
</bind>
</comp>

<comp id="146" class="1005" name="in_load_2_reg_146">
<pin_list>
<pin id="147" dir="0" index="0" bw="8" slack="1"/>
<pin id="148" dir="1" index="1" bw="8" slack="1"/>
</pin_list>
<bind>
<opset="in_load_2 "/>
</bind>
</comp>

<comp id="151" class="1005" name="in_addr_3_reg_151">
<pin_list>
<pin id="152" dir="0" index="0" bw="6" slack="1"/>
<pin id="153" dir="1" index="1" bw="6" slack="1"/>
</pin_list>
<bind>
<opset="in_addr_3 "/>
</bind>
</comp>

</comp_list>

<net_list>
<net id="28"><net_src comp="4" pin="0"/><net_sink comp="24" pin=0"/></net>

<net id="29"><net_src comp="2" pin="0"/><net_sink comp="24" pin=1"/></net>

<net id="35"><net_src comp="0" pin="0"/><net_sink comp="30" pin=0"/></net>

<net id="36"><net_src comp="6" pin="0"/><net_sink comp="30" pin=1"/></net>

<net id="41"><net_src comp="30" pin="3"/><net_sink comp="37" pin=0"/></net>

<net id="47"><net_src comp="0" pin="0"/><net_sink comp="42" pin=0"/></net>

<net id="48"><net_src comp="6" pin="0"/><net_sink comp="42" pin=1"/></net>

<net id="49"><net_src comp="42" pin="3"/><net_sink comp="37" pin=0"/></net>

<net id="55"><net_src comp="0" pin="0"/><net_sink comp="50" pin=0"/></net>

<net id="56"><net_src comp="6" pin="0"/><net_sink comp="50" pin=1"/></net>

<net id="57"><net_src comp="50" pin="3"/><net_sink comp="37" pin=0"/></net>

<net id="63"><net_src comp="0" pin="0"/><net_sink comp="58" pin=0"/></net>

<net id="64"><net_src comp="6" pin="0"/><net_sink comp="58" pin=1"/></net>

<net id="65"><net_src comp="58" pin="3"/><net_sink comp="37" pin=0"/></net>

<net id="69"><net_src comp="24" pin="2"/><net_sink comp="66" pin=0"/></net>

<net id="70"><net_src comp="66" pin="1"/><net_sink comp="30" pin=2"/></net>

<net id="74"><net_src comp="24" pin="2"/><net_sink comp="71" pin=0"/></net>

<net id="79"><net_src comp="8" pin="0"/><net_sink comp="75" pin=0"/></net>

<net id="83"><net_src comp="75" pin="2"/><net_sink comp="80" pin=0"/></net>

<net id="84"><net_src comp="80" pin="1"/><net_sink comp="42" pin=2"/></net>

<net id="89"><net_src comp="10" pin="0"/><net_sink comp="85" pin=0"/></net>

<net id="93"><net_src comp="85" pin="2"/><net_sink comp="90" pin=0"/></net>

<net id="94"><net_src comp="90" pin="1"/><net_sink comp="50" pin=2"/></net>

<net id="99"><net_src comp="12" pin="0"/><net_sink comp="95" pin=0"/></net>

<net id="103"><net_src comp="95" pin="2"/><net_sink comp="100" pin=0"/></net>

<net id="104"><net_src comp="100" pin="1"/><net_sink comp="58" pin=2"/></net>

<net id="112"><net_src comp="22" pin="0"/><net_sink comp="105" pin=0"/></net>

<net id="113"><net_src comp="37" pin="2"/><net_sink comp="105" pin=1"/></net>

<net id="117"><net_src comp="30" pin="3"/><net_sink comp="114" pin=0"/></net>

<net id="118"><net_src comp="114" pin="1"/><net_sink comp="37" pin=0"/></net>

<net id="122"><net_src comp="71" pin="1"/><net_sink comp="119" pin=0"/></net>

<net id="123"><net_src comp="119" pin="1"/><net_sink comp="75" pin=1"/></net>

<net id="124"><net_src comp="119" pin="1"/><net_sink comp="85" pin=1"/></net>

<net id="125"><net_src comp="119" pin="1"/><net_sink comp="95" pin=1"/></net>

<net id="129"><net_src comp="37" pin="2"/><net_sink comp="126" pin=0"/></net>

<net id="130"><net_src comp="126" pin="1"/><net_sink comp="105" pin=4"/></net>

<net id="134"><net_src comp="42" pin="3"/><net_sink comp="131" pin=0"/></net>

<net id="135"><net_src comp="131" pin="1"/><net_sink comp="37" pin=0"/></net>

<net id="139"><net_src comp="37" pin="2"/><net_sink comp="136" pin=0"/></net>

<net id="140"><net_src comp="136" pin="1"/><net_sink comp="105" pin=3"/></net>

<net id="144"><net_src comp="50" pin="3"/><net_sink comp="141" pin=0"/></net>

<net id="145"><net_src comp="141" pin="1"/><net_sink comp="37" pin=0"/></net>

<net id="149"><net_src comp="37" pin="2"/><net_sink comp="146" pin=0"/></net>

<net id="150"><net_src comp="146" pin="1"/><net_sink comp="105" pin=2"/></net>

<net id="154"><net_src comp="58" pin="3"/><net_sink comp="151" pin=0"/></net>

<net id="155"><net_src comp="151" pin="1"/><net_sink comp="37" pin=0"/></net>

</net_list>

</model> 
---------------- Datapath Model END ------------------

* FSMD analyzer results:
  - Output states:
	Port: in_r | {}
 - Input state : 
	Port: load_4 : in_r | {1 2 3 4 5 }
	Port: load_4 : in_offset | {1 }
  - Chain level:
	State 1
		in_addr : 1
		in_load : 2
	State 2
		sum_cast : 1
		in_addr_1 : 2
		in_load_1 : 3
	State 3
		sum2_cast : 1
		in_addr_2 : 2
		in_load_2 : 3
	State 4
		sum4_cast : 1
		in_addr_3 : 2
		in_load_3 : 3
	State 5
		tmp : 1
		StgValue_29 : 2


============================================================
+ Verbose Summary: Datapath Resource usage 
============================================================

* Functional unit list:
|----------|---------------------------|---------|---------|
| Operation|      Functional Unit      |    FF   |   LUT   |
|----------|---------------------------|---------|---------|
|          |         sum_fu_75         |    0    |    15   |
|    add   |         sum2_fu_85        |    0    |    15   |
|          |         sum4_fu_95        |    0    |    15   |
|----------|---------------------------|---------|---------|
|   read   | in_offset_read_read_fu_24 |    0    |    0    |
|----------|---------------------------|---------|---------|
|          |   in_offset_cast3_fu_66   |    0    |    0    |
|   zext   |       sum_cast_fu_80      |    0    |    0    |
|          |      sum2_cast_fu_90      |    0    |    0    |
|          |      sum4_cast_fu_100     |    0    |    0    |
|----------|---------------------------|---------|---------|
|   trunc  |       tmp_1374_fu_71      |    0    |    0    |
|----------|---------------------------|---------|---------|
|bitconcatenate|         tmp_fu_105        |    0    |    0    |
|----------|---------------------------|---------|---------|
|   Total  |                           |    0    |    45   |
|----------|---------------------------|---------|---------|

Memories:
N/A

* Register list:
+-----------------+--------+
|                 |   FF   |
+-----------------+--------+
|in_addr_1_reg_131|    6   |
|in_addr_2_reg_141|    6   |
|in_addr_3_reg_151|    6   |
| in_addr_reg_114 |    6   |
|in_load_1_reg_136|    8   |
|in_load_2_reg_146|    8   |
| in_load_reg_126 |    8   |
| tmp_1374_reg_119|    6   |
+-----------------+--------+
|      Total      |   54   |
+-----------------+--------+

* Multiplexer (MUX) list: 
|------------------|------|------|------|--------||---------||---------|
|       Comp       |  Pin | Size |  BW  | S x BW ||  Delay  ||   LUT   |
|------------------|------|------|------|--------||---------||---------|
| grp_access_fu_37 |  p0  |   8  |   6  |   48   ||    41   |
|------------------|------|------|------|--------||---------||---------|
|       Total      |      |      |      |   48   ||  0.8092 ||    41   |
|------------------|------|------|------|--------||---------||---------|



* Summary:
+-----------+--------+--------+--------+
|           |  Delay |   FF   |   LUT  |
+-----------+--------+--------+--------+
|  Function |    -   |    0   |   45   |
|   Memory  |    -   |    -   |    -   |
|Multiplexer|    0   |    -   |   41   |
|  Register |    -   |   54   |    -   |
+-----------+--------+--------+--------+
|   Total   |    0   |   54   |   86   |
+-----------+--------+--------+--------+
