Copyright 1986-2017 Xilinx, Inc. All Rights Reserved.
-----------------------------------------------------------------------------------------------------------------------------
| Tool Version : Vivado v.2017.1 (lin64) Build 1846317 Fri Apr 14 18:54:47 MDT 2017
| Date         : Wed May 31 18:10:36 2017
| Host         : Alienware running 64-bit Ubuntu 17.04
| Command      : report_utilization -file design_1_wrapper_utilization_placed.rpt -pb design_1_wrapper_utilization_placed.pb
| Design       : design_1_wrapper
| Device       : xczu9egffvb1156-2
| Design State : Fully Placed
-----------------------------------------------------------------------------------------------------------------------------

Utilization Design Information

Table of Contents
-----------------
1. CLB Logic
1.1 Summary of Registers by Type
2. CLB Logic Distribution
3. BLOCKRAM
4. ARITHMETIC
5. I/O
6. CLOCK
7. ADVANCED
8. CONFIGURATION
9. Primitives
10. Black Boxes
11. Instantiated Netlists

1. CLB Logic
------------

+----------------------------+-------+-------+-----------+-------+
|          Site Type         |  Used | Fixed | Available | Util% |
+----------------------------+-------+-------+-----------+-------+
| CLB LUTs                   | 39452 |     0 |    274080 | 14.39 |
|   LUT as Logic             | 39055 |     0 |    274080 | 14.25 |
|   LUT as Memory            |   397 |     0 |    144000 |  0.28 |
|     LUT as Distributed RAM |   353 |     0 |           |       |
|     LUT as Shift Register  |    44 |     0 |           |       |
| CLB Registers              | 27840 |     0 |    548160 |  5.08 |
|   Register as Flip Flop    | 27840 |     0 |    548160 |  5.08 |
|   Register as Latch        |     0 |     0 |    548160 |  0.00 |
| CARRY8                     |   731 |     0 |     34260 |  2.13 |
| F7 Muxes                   |    28 |     0 |    137040 |  0.02 |
| F8 Muxes                   |     0 |     0 |     68520 |  0.00 |
| F9 Muxes                   |     0 |     0 |     34260 |  0.00 |
+----------------------------+-------+-------+-----------+-------+


1.1 Summary of Registers by Type
--------------------------------

+-------+--------------+-------------+--------------+
| Total | Clock Enable | Synchronous | Asynchronous |
+-------+--------------+-------------+--------------+
| 0     |            _ |           - |            - |
| 0     |            _ |           - |          Set |
| 0     |            _ |           - |        Reset |
| 0     |            _ |         Set |            - |
| 0     |            _ |       Reset |            - |
| 0     |          Yes |           - |            - |
| 63    |          Yes |           - |          Set |
| 69    |          Yes |           - |        Reset |
| 121   |          Yes |         Set |            - |
| 27587 |          Yes |       Reset |            - |
+-------+--------------+-------------+--------------+


2. CLB Logic Distribution
-------------------------

+-------------------------------------------+-------+-------+-----------+-------+
|                 Site Type                 |  Used | Fixed | Available | Util% |
+-------------------------------------------+-------+-------+-----------+-------+
| CLB                                       |  7448 |     0 |     34260 | 21.74 |
|   CLBL                                    |  3451 |     0 |           |       |
|   CLBM                                    |  3997 |     0 |           |       |
| LUT as Logic                              | 39055 |     0 |    274080 | 14.25 |
|   using O5 output only                    |   100 |       |           |       |
|   using O6 output only                    | 35285 |       |           |       |
|   using O5 and O6                         |  3670 |       |           |       |
| LUT as Memory                             |   397 |     0 |    144000 |  0.28 |
|   LUT as Distributed RAM                  |   353 |     0 |           |       |
|     using O5 output only                  |     0 |       |           |       |
|     using O6 output only                  |     0 |       |           |       |
|     using O5 and O6                       |   353 |       |           |       |
|   LUT as Shift Register                   |    44 |     0 |           |       |
|     using O5 output only                  |     0 |       |           |       |
|     using O6 output only                  |    44 |       |           |       |
|     using O5 and O6                       |     0 |       |           |       |
| LUT Flip Flop Pairs                       |  5801 |     0 |    274080 |  2.12 |
|   fully used LUT-FF pairs                 |   928 |       |           |       |
|   LUT-FF pairs with one unused LUT output |  4520 |       |           |       |
|   LUT-FF pairs with one unused Flip Flop  |  2733 |       |           |       |
| Unique Control Sets                       |   685 |       |           |       |
+-------------------------------------------+-------+-------+-----------+-------+
* Note: Review the Control Sets Report for more information regarding control sets.


3. BLOCKRAM
-----------

+-------------------+------+-------+-----------+-------+
|     Site Type     | Used | Fixed | Available | Util% |
+-------------------+------+-------+-----------+-------+
| Block RAM Tile    |   47 |     0 |       912 |  5.15 |
|   RAMB36/FIFO*    |   41 |     0 |       912 |  4.50 |
|     RAMB36E2 only |   41 |       |           |       |
|   RAMB18          |   12 |     0 |      1824 |  0.66 |
|     RAMB18E2 only |   12 |       |           |       |
+-------------------+------+-------+-----------+-------+
* Note: Each Block RAM Tile only has one FIFO logic available and therefore can accommodate only one FIFO36E2 or one FIFO18E2. However, if a FIFO18E2 occupies a Block RAM Tile, that tile can still accommodate a RAMB18E2


4. ARITHMETIC
-------------

+----------------+------+-------+-----------+-------+
|    Site Type   | Used | Fixed | Available | Util% |
+----------------+------+-------+-----------+-------+
| DSPs           |   52 |     0 |      2520 |  2.06 |
|   DSP48E2 only |   52 |       |           |       |
+----------------+------+-------+-----------+-------+


5. I/O
------

+------------------+------+-------+-----------+-------+
|     Site Type    | Used | Fixed | Available | Util% |
+------------------+------+-------+-----------+-------+
| Bonded IOB       |    0 |     0 |       328 |  0.00 |
| HPIOB_M          |    0 |     0 |        96 |  0.00 |
| HPIOB_S          |    0 |     0 |        96 |  0.00 |
| HDIOB_M          |    0 |     0 |        60 |  0.00 |
| HDIOB_S          |    0 |     0 |        60 |  0.00 |
| HPIOB_SNGL       |    0 |     0 |        16 |  0.00 |
| HPIOBDIFFINBUF   |    0 |     0 |        96 |  0.00 |
| HPIOBDIFFOUTBUF  |    0 |     0 |        96 |  0.00 |
| HDIOBDIFFINBUF   |    0 |     0 |        60 |  0.00 |
| BITSLICE_CONTROL |    0 |     0 |        32 |  0.00 |
| BITSLICE_RX_TX   |    0 |     0 |       208 |  0.00 |
| BITSLICE_TX      |    0 |     0 |        32 |  0.00 |
| RIU_OR           |    0 |     0 |        16 |  0.00 |
+------------------+------+-------+-----------+-------+


6. CLOCK
--------

+----------------------+------+-------+-----------+-------+
|       Site Type      | Used | Fixed | Available | Util% |
+----------------------+------+-------+-----------+-------+
| GLOBAL CLOCK BUFFERs |    2 |     0 |       404 |  0.50 |
|   BUFGCE             |    1 |     0 |       116 |  0.86 |
|   BUFGCE_DIV         |    0 |     0 |        16 |  0.00 |
|   BUFG_GT            |    0 |     0 |       168 |  0.00 |
|   BUFG_PS            |    1 |     0 |        72 |  1.39 |
|   BUFGCTRL*          |    0 |     0 |        32 |  0.00 |
| PLL                  |    0 |     0 |         8 |  0.00 |
| MMCM                 |    0 |     0 |         4 |  0.00 |
+----------------------+------+-------+-----------+-------+
* Note: Each used BUFGCTRL counts as two global buffer resources. This table does not include global clocking resources, only buffer cell usage. See the Clock Utilization Report (report_clock_utilization) for detailed accounting of global clocking resource availability.


7. ADVANCED
-----------

+-----------------+------+-------+-----------+--------+
|    Site Type    | Used | Fixed | Available |  Util% |
+-----------------+------+-------+-----------+--------+
| GTHE4_CHANNEL   |    0 |     0 |        24 |   0.00 |
| GTHE4_COMMON    |    0 |     0 |         6 |   0.00 |
| OBUFDS_GTE4     |    0 |     0 |        12 |   0.00 |
| OBUFDS_GTE4_ADV |    0 |     0 |        12 |   0.00 |
| PS8             |    1 |     0 |         1 | 100.00 |
| SYSMONE4        |    0 |     0 |         1 |   0.00 |
+-----------------+------+-------+-----------+--------+


8. CONFIGURATION
----------------

+-------------+------+-------+-----------+-------+
|  Site Type  | Used | Fixed | Available | Util% |
+-------------+------+-------+-----------+-------+
| BSCANE2     |    0 |     0 |         4 |  0.00 |
| DNA_PORTE2  |    0 |     0 |         1 |  0.00 |
| EFUSE_USR   |    0 |     0 |         1 |  0.00 |
| FRAME_ECCE4 |    0 |     0 |         1 |  0.00 |
| ICAPE3      |    0 |     0 |         2 |  0.00 |
| MASTER_JTAG |    0 |     0 |         1 |  0.00 |
| STARTUPE3   |    0 |     0 |         1 |  0.00 |
+-------------+------+-------+-----------+-------+


9. Primitives
-------------

+----------+-------+---------------------+
| Ref Name |  Used | Functional Category |
+----------+-------+---------------------+
| FDRE     | 27587 |            Register |
| LUT6     | 21003 |                 CLB |
| LUT5     |  9534 |                 CLB |
| LUT2     |  4775 |                 CLB |
| LUT3     |  3680 |                 CLB |
| LUT4     |  3345 |                 CLB |
| CARRY8   |   731 |                 CLB |
| RAMS32   |   608 |                 CLB |
| LUT1     |   388 |                 CLB |
| FDSE     |   121 |            Register |
| RAMD32   |    98 |                 CLB |
| FDCE     |    69 |            Register |
| FDPE     |    63 |            Register |
| DSP48E2  |    52 |          Arithmetic |
| RAMB36E2 |    41 |           Block Ram |
| SRLC32E  |    35 |                 CLB |
| MUXF7    |    28 |                 CLB |
| RAMB18E2 |    12 |           Block Ram |
| SRL16E   |     9 |                 CLB |
| PS8      |     1 |            Advanced |
| BUFG_PS  |     1 |               Clock |
| BUFGCE   |     1 |               Clock |
+----------+-------+---------------------+


10. Black Boxes
---------------

+----------+------+
| Ref Name | Used |
+----------+------+


11. Instantiated Netlists
-------------------------

+-------------------------------+------+
|            Ref Name           | Used |
+-------------------------------+------+
| design_1_zynq_ultra_ps_e_0_0  |    1 |
| design_1_rst_ps8_0_99M_0      |    1 |
| design_1_curve25519_donna_0_0 |    1 |
| design_1_auto_pc_0            |    1 |
| design_1_auto_ds_0            |    1 |
+-------------------------------+------+


