@I [HLS-0] Workspace /home/michael/xilinx_workspace/secure_enclave_key_store/solution1 opened at Sun Jan 08 17:18:51 MST 2017
@I [HLS-100] Command "config_clock -quiet -name default -period 10 -default=false "
@I [SYN-201] Setting up clock 'default' with a period of 10ns.
@I [HLS-100] Command 'config_clock' returned 0; elapsed 0.000141Total elapsed time: 0.234 sec.
@I [HLS-100] Command "open_platform DefaultPlatform "
@I [HLS-100] Command 'open_platform' returned 0; elapsed 4.1e-05Total elapsed time: 0.235 sec.
@I [HLS-100] Command "import_lib /Xilinx/Vivado_HLS/2016.2/common/technology/xilinx/zynq/zynq "
@I [HLS-100] Command "source /Xilinx/Vivado_HLS/2016.2/common/technology/xilinx/common/xilinx.lib "
@I [HLS-100] Command "source /Xilinx/Vivado_HLS/2016.2/common/technology/xilinx/interface/xilinx_interface.lib "
@I [HLS-100] Command "source /Xilinx/Vivado_HLS/2016.2/common/technology/xilinx/interface/plb46.lib "
@I [HLS-100] Command 'ap_source' returned 0; elapsed 0.000216Total elapsed time: 0.235 sec.
@I [HLS-100] Command "source /Xilinx/Vivado_HLS/2016.2/common/technology/xilinx/interface/fsl.lib "
@I [HLS-100] Command 'ap_source' returned 0; elapsed 0.000101Total elapsed time: 0.236 sec.
@I [HLS-100] Command "source /Xilinx/Vivado_HLS/2016.2/common/technology/xilinx/interface/axi4.lib "
@I [HLS-100] Command 'ap_source' returned 0; elapsed 0.000139Total elapsed time: 0.236 sec.
@I [HLS-100] Command "source /Xilinx/Vivado_HLS/2016.2/common/technology/xilinx/interface/maxi.lib "
@I [HLS-100] Command 'ap_source' returned 0; elapsed 0.000129Total elapsed time: 0.236 sec.
@I [HLS-100] Command "source /Xilinx/Vivado_HLS/2016.2/common/technology/xilinx/interface/saxilite.lib "
@I [HLS-100] Command 'ap_source' returned 0; elapsed 8.8e-05Total elapsed time: 0.236 sec.
@I [HLS-100] Command 'ap_source' returned 0; elapsed 0.001213Total elapsed time: 0.236 sec.
@I [HLS-100] Command "source /Xilinx/Vivado_HLS/2016.2/common/technology/xilinx/common/dsp48.lib "
@I [HLS-100] Command 'ap_source' returned 0; elapsed 8.8e-05Total elapsed time: 0.237 sec.
@I [HLS-100] Command "source /Xilinx/Vivado_HLS/2016.2/common/technology/xilinx/ip/dds_compiler.lib "
@I [HLS-100] Command 'ap_source' returned 0; elapsed 6.3e-05Total elapsed time: 0.237 sec.
@I [HLS-100] Command "source /Xilinx/Vivado_HLS/2016.2/common/technology/xilinx/ip/xfir.lib "
@I [HLS-100] Command 'ap_source' returned 0; elapsed 5.1e-05Total elapsed time: 0.237 sec.
@I [HLS-100] Command "source /Xilinx/Vivado_HLS/2016.2/common/technology/xilinx/ip/xfft.lib "
@I [HLS-100] Command 'ap_source' returned 0; elapsed 4.8e-05Total elapsed time: 0.237 sec.
@I [HLS-100] Command 'ap_source' returned 0; elapsed 0.003488Total elapsed time: 0.239 sec.
@I [HLS-100] Command "source /Xilinx/Vivado_HLS/2016.2/common/technology/xilinx/common/xilinx_old.lib "
@I [HLS-100] Command 'ap_source' returned 0; elapsed 0.000493Total elapsed time: 0.240 sec.
@I [HLS-100] Command "source /Xilinx/Vivado_HLS/2016.2/common/technology/xilinx/common/xilinx_vivado.lib "
@I [HLS-100] Command 'ap_source' returned 0; elapsed 0.000585Total elapsed time: 0.241 sec.
@I [HLS-100] Command "source /Xilinx/Vivado_HLS/2016.2/common/technology/xilinx/common/xilinx.hlp "
@I [HLS-100] Command "source /Xilinx/Vivado_HLS/2016.2/common/technology/xilinx/common/target_info.tcl "
@I [HLS-100] Command 'ap_source' returned 0; elapsed 0.000101Total elapsed time: 0.243 sec.
@I [HLS-100] Command "source /Xilinx/Vivado_HLS/2016.2/common/technology/xilinx/interface/xilinx_interface.hlp "
@I [HLS-100] Command "source /Xilinx/Vivado_HLS/2016.2/common/technology/xilinx/interface/maxi.hlp "
@I [HLS-100] Command 'ap_source' returned 0; elapsed 7.7e-05Total elapsed time: 0.244 sec.
@I [HLS-100] Command "source /Xilinx/Vivado_HLS/2016.2/common/technology/xilinx/interface/saxilite.hlp "
@I [HLS-100] Command 'ap_source' returned 0; elapsed 6e-05Total elapsed time: 0.244 sec.
@I [HLS-100] Command 'ap_source' returned 0; elapsed 0.000365Total elapsed time: 0.244 sec.
@I [HLS-100] Command "source /Xilinx/Vivado_HLS/2016.2/common/technology/xilinx/common/dsp48.hlp "
@I [HLS-100] Command 'ap_source' returned 0; elapsed 0.00042Total elapsed time: 0.244 sec.
@I [HLS-100] Command 'ap_source' returned 0; elapsed 0.002011Total elapsed time: 0.245 sec.
@I [HLS-100] Command "source /Xilinx/Vivado_HLS/2016.2/common/technology/xilinx/zynq/dsp48e1.hlp "
@I [HLS-100] Command 'ap_source' returned 0; elapsed 6.5e-05Total elapsed time: 0.245 sec.
@I [HLS-100] Command "get_default_platform "
@I [HLS-100] Command 'get_default_platform' returned 0; elapsed 4e-06Total elapsed time: 0.245 sec.
@I [HLS-100] Command "config_chip_info -quiet -resource  {SLICE 13300}  {LUT 53200}     {FF 106400} {DSP48E 220}   {BRAM 280}  "
@I [HLS-100] Command 'config_chip_info' returned 0; elapsed 2.8e-05Total elapsed time: 0.245 sec.
@I [HLS-100] Command "config_chip_info -quiet -speed medium "
@I [HLS-100] Command 'config_chip_info' returned 0; elapsed 5e-06Total elapsed time: 0.246 sec.
@I [HLS-100] Command 'import_lib' returned 0; elapsed 0.011817Total elapsed time: 0.247 sec.
@I [HLS-100] Command "source /Xilinx/Vivado_HLS/2016.2/common/technology/xilinx/zynq/zynq.gen "
@I [HLS-100] Command "source /Xilinx/Vivado_HLS/2016.2/common/technology/xilinx/common/virtex.gen "
@I [HLS-100] Command "source /Xilinx/Vivado_HLS/2016.2/common/technology/xilinx/common/xilinx.gen "
@I [HLS-100] Command "source /Xilinx/Vivado_HLS/2016.2/common/technology/xilinx/interface/plb46.gen "
@I [HLS-100] Command 'ap_source' returned 0; elapsed 0.000906Total elapsed time: 0.248 sec.
@I [HLS-100] Command "source /Xilinx/Vivado_HLS/2016.2/common/technology/xilinx/interface/fsl.gen "
@I [HLS-100] Command 'ap_source' returned 0; elapsed 0.000344Total elapsed time: 0.249 sec.
@I [HLS-100] Command "source /Xilinx/Vivado_HLS/2016.2/common/technology/xilinx/interface/axi4.gen "
@I [HLS-100] Command 'ap_source' returned 0; elapsed 0.001512Total elapsed time: 0.250 sec.
@I [HLS-100] Command "source /Xilinx/Vivado_HLS/2016.2/common/technology/xilinx/interface/nativeAXI4.gen "
@I [HLS-100] Command "source /Xilinx/Vivado_HLS/2016.2/common/technology/xilinx/interface/saxilite.gen "
@I [HLS-100] Command 'ap_source' returned 0; elapsed 0.002533Total elapsed time: 0.253 sec.
@I [HLS-100] Command "source /Xilinx/Vivado_HLS/2016.2/common/technology/xilinx/interface/maxi.gen "
@I [HLS-100] Command 'ap_source' returned 0; elapsed 0.005321Total elapsed time: 0.259 sec.
@I [HLS-100] Command 'ap_source' returned 0; elapsed 0.008333Total elapsed time: 0.259 sec.
@I [HLS-100] Command "source /Xilinx/Vivado_HLS/2016.2/common/technology/xilinx/scripts/xilinxcoregen.gen "
@I [HLS-100] Command 'ap_source' returned 0; elapsed 0.007209Total elapsed time: 0.266 sec.
@I [HLS-100] Command "source /Xilinx/Vivado_HLS/2016.2/common/technology/xilinx/interface/XilEDKCoreGen.gen "
@I [HLS-100] Command 'ap_source' returned 0; elapsed 0.005727Total elapsed time: 0.272 sec.
@I [HLS-100] Command "source /Xilinx/Vivado_HLS/2016.2/common/technology/xilinx/ip/xfir.gen "
@I [HLS-100] Command 'ap_source' returned 0; elapsed 0.000533Total elapsed time: 0.273 sec.
@I [HLS-100] Command "source /Xilinx/Vivado_HLS/2016.2/common/technology/xilinx/ip/util.gen "
@I [HLS-100] Command 'ap_source' returned 0; elapsed 0.000109Total elapsed time: 0.273 sec.
@I [HLS-100] Command "source /Xilinx/Vivado_HLS/2016.2/common/technology/xilinx/ip/dds_compiler.gen "
@I [HLS-100] Command 'ap_source' returned 0; elapsed 0.002523Total elapsed time: 0.276 sec.
@I [HLS-100] Command "source /Xilinx/Vivado_HLS/2016.2/common/technology/xilinx/ip/xfft.gen "
@I [HLS-100] Command 'ap_source' returned 0; elapsed 0.090824Total elapsed time: 0.367 sec.
@I [HLS-100] Command 'ap_source' returned 0; elapsed 0.119967Total elapsed time: 0.367 sec.
@I [HLS-100] Command "source /Xilinx/Vivado_HLS/2016.2/common/technology/xilinx/common/dsp48.gen "
@I [HLS-100] Command 'ap_source' returned 0; elapsed 0.000117Total elapsed time: 0.369 sec.
@I [HLS-100] Command 'ap_source' returned 0; elapsed 0.121946Total elapsed time: 0.369 sec.
@I [HLS-100] Command 'ap_source' returned 0; elapsed 0.122143Total elapsed time: 0.369 sec.
@I [HLS-100] Command "open_platform DefaultPlatform "
@I [HLS-100] Command 'open_platform' returned 0; elapsed 6e-06Total elapsed time: 0.369 sec.
@I [HLS-100] Command "import_lib /Xilinx/Vivado_HLS/2016.2/common/technology/xilinx/zynq/zynq_fpv6 "
@I [HLS-100] Command "source /Xilinx/Vivado_HLS/2016.2/common/technology/xilinx/common/xilinx_fpv7.lib "
@I [HLS-100] Command "source /Xilinx/Vivado_HLS/2016.2/common/technology/xilinx/common/xilinx_hp.lib "
@I [HLS-100] Command 'ap_source' returned 0; elapsed 0.000706Total elapsed time: 0.371 sec.
@I [HLS-100] Command 'ap_source' returned 0; elapsed 0.003798Total elapsed time: 0.374 sec.
@I [HLS-100] Command "source /Xilinx/Vivado_HLS/2016.2/common/technology/xilinx/common/xilinx_fpv.hlp "
@I [HLS-100] Command "source /Xilinx/Vivado_HLS/2016.2/common/technology/xilinx/common/xilinx.hlp "
@I [HLS-100] Command "source /Xilinx/Vivado_HLS/2016.2/common/technology/xilinx/common/target_info.tcl "
@I [HLS-100] Command 'ap_source' returned 0; elapsed 0.000197Total elapsed time: 0.380 sec.
@I [HLS-100] Command "source /Xilinx/Vivado_HLS/2016.2/common/technology/xilinx/interface/xilinx_interface.hlp "
@I [HLS-100] Command "source /Xilinx/Vivado_HLS/2016.2/common/technology/xilinx/interface/maxi.hlp "
@I [HLS-100] Command 'ap_source' returned 0; elapsed 0.000114Total elapsed time: 0.381 sec.
@I [HLS-100] Command "source /Xilinx/Vivado_HLS/2016.2/common/technology/xilinx/interface/saxilite.hlp "
@I [HLS-100] Command 'ap_source' returned 0; elapsed 8.9e-05Total elapsed time: 0.381 sec.
@I [HLS-100] Command 'ap_source' returned 0; elapsed 0.000553Total elapsed time: 0.381 sec.
@I [HLS-100] Command "source /Xilinx/Vivado_HLS/2016.2/common/technology/xilinx/common/dsp48.hlp "
@I [HLS-100] Command 'ap_source' returned 0; elapsed 0.000558Total elapsed time: 0.382 sec.
@I [HLS-100] Command 'ap_source' returned 0; elapsed 0.002902Total elapsed time: 0.383 sec.
@I [HLS-100] Command 'ap_source' returned 0; elapsed 0.003587Total elapsed time: 0.383 sec.
@I [HLS-100] Command "source /Xilinx/Vivado_HLS/2016.2/common/technology/xilinx/zynq/zynq_hp.hlp "
@I [HLS-100] Command 'ap_source' returned 0; elapsed 0.000889Total elapsed time: 0.384 sec.
@I [HLS-100] Command 'import_lib' returned 0; elapsed 0.020688Total elapsed time: 0.390 sec.
@I [HLS-100] Command "source /Xilinx/Vivado_HLS/2016.2/common/technology/xilinx/zynq/zynq_fpv6.gen "
@I [HLS-100] Command "source /Xilinx/Vivado_HLS/2016.2/common/technology/xilinx/common/xilinx_fpv6.gen "
@I [HLS-100] Command 'ap_source' returned 0; elapsed 0.001739Total elapsed time: 0.393 sec.
@I [HLS-100] Command 'ap_source' returned 0; elapsed 0.002178Total elapsed time: 0.393 sec.
@I [HLS-100] Command "set_part xc7z020clg484-1 "
@I [HLS-100] Command "add_library xilinx/zynq/zynq:xc7z020:clg484:-1 "
@I [HLS-100] Command "get_default_platform "
@I [HLS-100] Command 'get_default_platform' returned 0; elapsed 6e-06Total elapsed time: 0.398 sec.
@I [HLS-100] Command "license_isbetapart xc7z020 "
@I [HLS-100] Command 'license_isbetapart' returned 1; elapsed 0.007159Total elapsed time: 0.406 sec.
@I [HLS-100] Command "get_default_platform "
@I [HLS-100] Command 'get_default_platform' returned 0; elapsed 7e-06Total elapsed time: 0.407 sec.
@I [HLS-100] Command "config_chip_info -quiet -resource  {SLICE 13300}  {LUT 53200}     {FF 106400} {DSP48E 220}   {BRAM 280}  "
@I [HLS-100] Command 'config_chip_info' returned 0; elapsed 1.6e-05Total elapsed time: 0.407 sec.
@I [HLS-100] Command "config_chip_info -quiet -speed slow "
@I [HLS-100] Command 'config_chip_info' returned 0; elapsed 6e-06Total elapsed time: 0.407 sec.
@I [HLS-100] Command 'add_library' returned 0; elapsed 0.011223Total elapsed time: 0.409 sec.
@I [HLS-100] Command "add_library xilinx/zynq/zynq_fpv6 "
@I [HLS-100] Command "get_default_platform "
@I [HLS-100] Command 'get_default_platform' returned 0; elapsed 6e-06Total elapsed time: 0.410 sec.
@I [HLS-100] Command 'add_library' returned 0; elapsed 0.001667Total elapsed time: 0.411 sec.
@I [HLS-10] Setting target device to 'xc7z020clg484-1'
@I [HLS-100] Command 'set_part' returned 0; elapsed 0.017412Total elapsed time: 0.411 sec.
@I [HLS-100] Command "get_default_platform "
@I [HLS-100] Command 'get_default_platform' returned 0; elapsed 5e-06Total elapsed time: 0.411 sec.
@I [HLS-100] Command "config_chip_info -quiet -resource  {SLICE 13300}  {LUT 53200}     {FF 106400} {DSP48E 220}   {BRAM 280}  "
@I [HLS-100] Command 'config_chip_info' returned 0; elapsed 1.5e-05Total elapsed time: 0.412 sec.
@I [HLS-100] Command "config_chip_info -quiet -speed slow "
@I [HLS-100] Command 'config_chip_info' returned 0; elapsed 5e-06Total elapsed time: 0.412 sec.
@I [HLS-100] Command 'open_solution' returned 0; elapsed 0.183253Total elapsed time: 0.412 sec.
@I [HLS-100] Command "csim_design -setup -quiet "
@I [HLS-100] Command "source /home/michael/xilinx_workspace/secure_enclave_key_store/solution1/.autopilot/db/global.setting.tcl "
@I [HLS-100] Command 'ap_source' returned 0; elapsed 0.000203Total elapsed time: 0.420 sec.
@I [HLS-100] Command "source csim/.lst_opt.tcl "
@I [HLS-100] Command 'ap_source' returned 0; elapsed 0.000199Total elapsed time: 0.445 sec.
@I [HLS-100] Command "is_encrypted /home/michael/xilinx_workspace/secure_enclave_key_store/src/secure_enclave_key_store_tb.cpp "
@I [HLS-100] Command 'is_encrypted' returned 0; elapsed 7.5e-05Total elapsed time: 0.453 sec.
@I [HLS-100] Command "is_xip /home/michael/xilinx_workspace/secure_enclave_key_store/src/secure_enclave_key_store_tb.cpp "
@I [HLS-100] Command 'is_xip' returned 0; elapsed 3.9e-05Total elapsed time: 0.454 sec.
@I [HLS-100] Command "is_encrypted /home/michael/xilinx_workspace/secure_enclave_key_store/src/secure_enclave_key_store_main.h "
@I [HLS-100] Command 'is_encrypted' returned 0; elapsed 2.9e-05Total elapsed time: 0.454 sec.
@I [HLS-100] Command "is_xip /home/michael/xilinx_workspace/secure_enclave_key_store/src/secure_enclave_key_store_main.h "
@I [HLS-100] Command 'is_xip' returned 0; elapsed 2.6e-05Total elapsed time: 0.454 sec.
@I [HLS-100] Command "is_encrypted /home/michael/xilinx_workspace/secure_enclave_key_store/src/secure_enclave_key_store_main.cpp "
@I [HLS-100] Command 'is_encrypted' returned 0; elapsed 2.8e-05Total elapsed time: 0.454 sec.
@I [HLS-100] Command "is_xip /home/michael/xilinx_workspace/secure_enclave_key_store/src/secure_enclave_key_store_main.cpp "
@I [HLS-100] Command 'is_xip' returned 0; elapsed 2.3e-05Total elapsed time: 0.454 sec.
@I [HLS-100] Command "is_encrypted /home/michael/xilinx_workspace/secure_enclave_key_store/Debug/aes.cpp "
@I [HLS-100] Command 'is_encrypted' returned 0; elapsed 2.3e-05Total elapsed time: 0.454 sec.
@I [HLS-100] Command "is_xip /home/michael/xilinx_workspace/secure_enclave_key_store/Debug/aes.cpp "
@I [HLS-100] Command 'is_xip' returned 0; elapsed 2.1e-05Total elapsed time: 0.455 sec.
@E [SIM-1] CSim file generation failed: compilation error(s).
@I [HLS-100] Command 'csim_design' returned 2; elapsed 0.029404Total elapsed time: 4.326 sec.
@I [HLS-100] Command 'ap_source' returned 1; elapsed 0.215048Total elapsed time: 4.327 sec.
5
    while executing
"source /home/michael/xilinx_workspace/secure_enclave_key_store/solution1/csim.tcl"
    invoked from within
"hls::main /home/michael/xilinx_workspace/secure_enclave_key_store/solution1/csim.tcl"
    ("uplevel" body line 1)
    invoked from within
"uplevel 1 hls::main {*}$args"
    (procedure "hls_proc" line 5)
    invoked from within
"hls_proc $argv"
@I [HLS-100] Command "cleanup_all "
@I [HLS-100] Command 'cleanup_all' returned 0; elapsed 0.000482Total elapsed time: 4.329 sec.
