

================================================================
== Vivado HLS Report for 'secure_enclave_key_store_aes_gcm_d'
================================================================
* Date:           Sun Jan  8 14:28:39 2017

* Version:        2016.2 (Build 1577090 on Thu Jun 02 16:59:10 MDT 2016)
* Project:        secure_enclave_key_store
* Solution:       solution1
* Product family: zynq
* Target device:  xc7z020clg484-1


================================================================
== Performance Estimates
================================================================
+ Timing (ns): 
    * Summary: 
    +--------+-------+----------+------------+
    |  Clock | Target| Estimated| Uncertainty|
    +--------+-------+----------+------------+
    |ap_clk  |  10.00|      7.87|        1.25|
    +--------+-------+----------+------------+

+ Latency (clock cycles): 
    * Summary: 
    +--------+--------+--------+--------+---------+
    |     Latency     |     Interval    | Pipeline|
    |   min  |   max  |   min  |   max  |   Type  |
    +--------+--------+--------+--------+---------+
    |  619058|  619058|  619058|  619058|   none  |
    +--------+--------+--------+--------+---------+

    + Detail: 
        * Instance: 
        N/A

        * Loop: 
        +----------+-----+-----+----------+-----------+-----------+------+----------+
        |          |  Latency  | Iteration|  Initiation Interval  | Trip |          |
        | Loop Name| min | max |  Latency |  achieved |   target  | Count| Pipelined|
        +----------+-----+-----+----------+-----------+-----------+------+----------+
        |- Loop 1  |  128|  128|         1|          -|          -|   128|    no    |
        +----------+-----+-----+----------+-----------+-----------+------+----------+

============================================================
+ Verbose Summary: Synthesis Manager
============================================================
InlineROM: 1
ExposeGlobal: 0
============================================================
+ Verbose Summary: CDFG Model
============================================================
IsTopModel: 0
ResetActiveHigh: 1
IsCombinational: 2
IsDatapathOnly: 0
HasWiredReturn: 1
HasMFsm: 0
HasVarLatency: 1
IsPipeline: 0
IsRtlPipelined: 0
IsInstanceOverlapped: 0
IsDontTouch: 0
HasImplIP: 0
IsGatedGlobalClock: 0


============================================================
+ Verbose Summary: Schedule
============================================================
* Number of FSM states: 44
* Pipeline: 0
* Dataflow Pipeline: 0

* FSM state transitions: 
1 --> 
	2  / true
2 --> 
	3  / true
3 --> 
	4  / true
4 --> 
	5  / true
5 --> 
	6  / true
6 --> 
	7  / true
7 --> 
	8  / true
8 --> 
	9  / true
9 --> 
	10  / true
10 --> 
	11  / true
11 --> 
	12  / true
12 --> 
	13  / true
13 --> 
	14  / true
14 --> 
	15  / true
15 --> 
	16  / true
16 --> 
	17  / true
17 --> 
	18  / true
18 --> 
	19  / true
19 --> 
	20  / true
20 --> 
	21  / true
21 --> 
	22  / true
22 --> 
	23  / true
23 --> 
	24  / true
24 --> 
	25  / true
25 --> 
	26  / true
26 --> 
	27  / true
27 --> 
	28  / true
28 --> 
	29  / true
29 --> 
	30  / true
30 --> 
	31  / true
31 --> 
	32  / true
32 --> 
	33  / true
33 --> 
	34  / true
34 --> 
	35  / true
35 --> 
	36  / true
36 --> 
	37  / true
37 --> 
	38  / true
38 --> 
	39  / true
39 --> 
	40  / true
40 --> 
	41  / true
41 --> 
	42  / true
42 --> 
	43  / true
43 --> 
	44  / true
44 --> 
	44  / (!exitcond_i_i_i)
* FSM state operations: 

 <State 1>: 3.44ns
ST_1: key_V_read [1/1] 1.04ns
:2  %key_V_read = call i128 @_ssdm_op_Read.ap_auto.i128(i128 %key_V)

ST_1: hash_key_V [20/20] 2.41ns
:3  %hash_key_V = call fastcc i128 @secure_enclave_key_store_aes(i128 0, i128 %key_V_read)


 <State 2>: 7.87ns
ST_2: hash_key_V [19/20] 7.87ns
:3  %hash_key_V = call fastcc i128 @secure_enclave_key_store_aes(i128 0, i128 %key_V_read)


 <State 3>: 7.87ns
ST_3: hash_key_V [18/20] 7.87ns
:3  %hash_key_V = call fastcc i128 @secure_enclave_key_store_aes(i128 0, i128 %key_V_read)


 <State 4>: 7.87ns
ST_4: hash_key_V [17/20] 7.87ns
:3  %hash_key_V = call fastcc i128 @secure_enclave_key_store_aes(i128 0, i128 %key_V_read)


 <State 5>: 7.87ns
ST_5: hash_key_V [16/20] 7.87ns
:3  %hash_key_V = call fastcc i128 @secure_enclave_key_store_aes(i128 0, i128 %key_V_read)


 <State 6>: 7.87ns
ST_6: hash_key_V [15/20] 7.87ns
:3  %hash_key_V = call fastcc i128 @secure_enclave_key_store_aes(i128 0, i128 %key_V_read)


 <State 7>: 7.87ns
ST_7: hash_key_V [14/20] 7.87ns
:3  %hash_key_V = call fastcc i128 @secure_enclave_key_store_aes(i128 0, i128 %key_V_read)


 <State 8>: 7.87ns
ST_8: hash_key_V [13/20] 7.87ns
:3  %hash_key_V = call fastcc i128 @secure_enclave_key_store_aes(i128 0, i128 %key_V_read)


 <State 9>: 7.87ns
ST_9: hash_key_V [12/20] 7.87ns
:3  %hash_key_V = call fastcc i128 @secure_enclave_key_store_aes(i128 0, i128 %key_V_read)


 <State 10>: 7.87ns
ST_10: hash_key_V [11/20] 7.87ns
:3  %hash_key_V = call fastcc i128 @secure_enclave_key_store_aes(i128 0, i128 %key_V_read)


 <State 11>: 7.87ns
ST_11: hash_key_V [10/20] 7.87ns
:3  %hash_key_V = call fastcc i128 @secure_enclave_key_store_aes(i128 0, i128 %key_V_read)


 <State 12>: 7.87ns
ST_12: hash_key_V [9/20] 7.87ns
:3  %hash_key_V = call fastcc i128 @secure_enclave_key_store_aes(i128 0, i128 %key_V_read)


 <State 13>: 7.87ns
ST_13: hash_key_V [8/20] 7.87ns
:3  %hash_key_V = call fastcc i128 @secure_enclave_key_store_aes(i128 0, i128 %key_V_read)


 <State 14>: 7.87ns
ST_14: hash_key_V [7/20] 7.87ns
:3  %hash_key_V = call fastcc i128 @secure_enclave_key_store_aes(i128 0, i128 %key_V_read)


 <State 15>: 7.87ns
ST_15: hash_key_V [6/20] 7.87ns
:3  %hash_key_V = call fastcc i128 @secure_enclave_key_store_aes(i128 0, i128 %key_V_read)


 <State 16>: 7.87ns
ST_16: hash_key_V [5/20] 7.87ns
:3  %hash_key_V = call fastcc i128 @secure_enclave_key_store_aes(i128 0, i128 %key_V_read)


 <State 17>: 7.87ns
ST_17: hash_key_V [4/20] 7.87ns
:3  %hash_key_V = call fastcc i128 @secure_enclave_key_store_aes(i128 0, i128 %key_V_read)


 <State 18>: 7.87ns
ST_18: hash_key_V [3/20] 7.87ns
:3  %hash_key_V = call fastcc i128 @secure_enclave_key_store_aes(i128 0, i128 %key_V_read)


 <State 19>: 7.87ns
ST_19: hash_key_V [2/20] 7.87ns
:3  %hash_key_V = call fastcc i128 @secure_enclave_key_store_aes(i128 0, i128 %key_V_read)


 <State 20>: 6.50ns
ST_20: hash_key_V [1/20] 6.50ns
:3  %hash_key_V = call fastcc i128 @secure_enclave_key_store_aes(i128 0, i128 %key_V_read)


 <State 21>: 3.98ns
ST_21: ghash_2_V [2/2] 3.98ns
:4  %ghash_2_V = call fastcc i128 @secure_enclave_key_store_ghash_iteration(i128 %hash_key_V, i128 0, i128 0)


 <State 22>: 5.01ns
ST_22: iv_V_read [1/1] 1.04ns
:1  %iv_V_read = call i128 @_ssdm_op_Read.ap_auto.i128(i128 %iv_V)

ST_22: ghash_2_V [1/2] 0.00ns
:4  %ghash_2_V = call fastcc i128 @secure_enclave_key_store_ghash_iteration(i128 %hash_key_V, i128 0, i128 0)

ST_22: ghash_3_V [2/2] 3.98ns
:5  %ghash_3_V = call fastcc i128 @secure_enclave_key_store_ghash_iteration(i128 %hash_key_V, i128 %iv_V_read, i128 %ghash_2_V)


 <State 23>: 3.98ns
ST_23: ghash_3_V [1/2] 0.00ns
:5  %ghash_3_V = call fastcc i128 @secure_enclave_key_store_ghash_iteration(i128 %hash_key_V, i128 %iv_V_read, i128 %ghash_2_V)

ST_23: ghash_out_V [2/2] 3.98ns
:6  %ghash_out_V = call fastcc i128 @secure_enclave_key_store_ghash_iteration(i128 %hash_key_V, i128 2361183241434822606976, i128 %ghash_3_V)


 <State 24>: 2.41ns
ST_24: ghash_out_V [1/2] 0.00ns
:6  %ghash_out_V = call fastcc i128 @secure_enclave_key_store_ghash_iteration(i128 %hash_key_V, i128 2361183241434822606976, i128 %ghash_3_V)

ST_24: encrypted_counter_zero_V [20/20] 2.41ns
:7  %encrypted_counter_zero_V = call fastcc i128 @secure_enclave_key_store_aes(i128 %ghash_out_V, i128 %key_V_read)

ST_24: ghash_prev_V [2/2] 1.57ns
:8  %ghash_prev_V = call fastcc i128 @secure_enclave_key_store_aes_gcm_cipher(i128 %key_V_read, [256 x i128]* %ct_V, [256 x i128]* %pt_V, i128 %ghash_out_V, i128 %hash_key_V, i1 false)


 <State 25>: 7.87ns
ST_25: encrypted_counter_zero_V [19/20] 7.87ns
:7  %encrypted_counter_zero_V = call fastcc i128 @secure_enclave_key_store_aes(i128 %ghash_out_V, i128 %key_V_read)

ST_25: ghash_prev_V [1/2] 0.00ns
:8  %ghash_prev_V = call fastcc i128 @secure_enclave_key_store_aes_gcm_cipher(i128 %key_V_read, [256 x i128]* %ct_V, [256 x i128]* %pt_V, i128 %ghash_out_V, i128 %hash_key_V, i1 false)


 <State 26>: 7.87ns
ST_26: encrypted_counter_zero_V [18/20] 7.87ns
:7  %encrypted_counter_zero_V = call fastcc i128 @secure_enclave_key_store_aes(i128 %ghash_out_V, i128 %key_V_read)


 <State 27>: 7.87ns
ST_27: encrypted_counter_zero_V [17/20] 7.87ns
:7  %encrypted_counter_zero_V = call fastcc i128 @secure_enclave_key_store_aes(i128 %ghash_out_V, i128 %key_V_read)


 <State 28>: 7.87ns
ST_28: encrypted_counter_zero_V [16/20] 7.87ns
:7  %encrypted_counter_zero_V = call fastcc i128 @secure_enclave_key_store_aes(i128 %ghash_out_V, i128 %key_V_read)


 <State 29>: 7.87ns
ST_29: encrypted_counter_zero_V [15/20] 7.87ns
:7  %encrypted_counter_zero_V = call fastcc i128 @secure_enclave_key_store_aes(i128 %ghash_out_V, i128 %key_V_read)


 <State 30>: 7.87ns
ST_30: encrypted_counter_zero_V [14/20] 7.87ns
:7  %encrypted_counter_zero_V = call fastcc i128 @secure_enclave_key_store_aes(i128 %ghash_out_V, i128 %key_V_read)


 <State 31>: 7.87ns
ST_31: encrypted_counter_zero_V [13/20] 7.87ns
:7  %encrypted_counter_zero_V = call fastcc i128 @secure_enclave_key_store_aes(i128 %ghash_out_V, i128 %key_V_read)


 <State 32>: 7.87ns
ST_32: encrypted_counter_zero_V [12/20] 7.87ns
:7  %encrypted_counter_zero_V = call fastcc i128 @secure_enclave_key_store_aes(i128 %ghash_out_V, i128 %key_V_read)


 <State 33>: 7.87ns
ST_33: encrypted_counter_zero_V [11/20] 7.87ns
:7  %encrypted_counter_zero_V = call fastcc i128 @secure_enclave_key_store_aes(i128 %ghash_out_V, i128 %key_V_read)


 <State 34>: 7.87ns
ST_34: encrypted_counter_zero_V [10/20] 7.87ns
:7  %encrypted_counter_zero_V = call fastcc i128 @secure_enclave_key_store_aes(i128 %ghash_out_V, i128 %key_V_read)


 <State 35>: 7.87ns
ST_35: encrypted_counter_zero_V [9/20] 7.87ns
:7  %encrypted_counter_zero_V = call fastcc i128 @secure_enclave_key_store_aes(i128 %ghash_out_V, i128 %key_V_read)


 <State 36>: 7.87ns
ST_36: encrypted_counter_zero_V [8/20] 7.87ns
:7  %encrypted_counter_zero_V = call fastcc i128 @secure_enclave_key_store_aes(i128 %ghash_out_V, i128 %key_V_read)


 <State 37>: 7.87ns
ST_37: encrypted_counter_zero_V [7/20] 7.87ns
:7  %encrypted_counter_zero_V = call fastcc i128 @secure_enclave_key_store_aes(i128 %ghash_out_V, i128 %key_V_read)


 <State 38>: 7.87ns
ST_38: encrypted_counter_zero_V [6/20] 7.87ns
:7  %encrypted_counter_zero_V = call fastcc i128 @secure_enclave_key_store_aes(i128 %ghash_out_V, i128 %key_V_read)


 <State 39>: 7.87ns
ST_39: encrypted_counter_zero_V [5/20] 7.87ns
:7  %encrypted_counter_zero_V = call fastcc i128 @secure_enclave_key_store_aes(i128 %ghash_out_V, i128 %key_V_read)


 <State 40>: 7.87ns
ST_40: encrypted_counter_zero_V [4/20] 7.87ns
:7  %encrypted_counter_zero_V = call fastcc i128 @secure_enclave_key_store_aes(i128 %ghash_out_V, i128 %key_V_read)


 <State 41>: 7.87ns
ST_41: encrypted_counter_zero_V [3/20] 7.87ns
:7  %encrypted_counter_zero_V = call fastcc i128 @secure_enclave_key_store_aes(i128 %ghash_out_V, i128 %key_V_read)


 <State 42>: 7.87ns
ST_42: encrypted_counter_zero_V [2/20] 7.87ns
:7  %encrypted_counter_zero_V = call fastcc i128 @secure_enclave_key_store_aes(i128 %ghash_out_V, i128 %key_V_read)


 <State 43>: 6.50ns
ST_43: tag_in_V_read [1/1] 1.04ns
:0  %tag_in_V_read = call i128 @_ssdm_op_Read.ap_auto.i128(i128 %tag_in_V)

ST_43: encrypted_counter_zero_V [1/20] 6.50ns
:7  %encrypted_counter_zero_V = call fastcc i128 @secure_enclave_key_store_aes(i128 %ghash_out_V, i128 %key_V_read)

ST_43: r_V_6 [1/1] 1.37ns
:9  %r_V_6 = xor i128 %ghash_prev_V, 524288

ST_43: stg_97 [1/1] 1.57ns
:10  br label %1


 <State 44>: 3.33ns
ST_44: ghash_final_out_V [1/1] 0.00ns
:0  %ghash_final_out_V = phi i128 [ 0, %0 ], [ %agg_result_V_0_r_V_i_i_i, %._crit_edge.i.i.i ]

ST_44: lhs_V_1 [1/1] 0.00ns
:1  %lhs_V_1 = phi i128 [ 0, %0 ], [ %lhs_V_r_V_i_i_i, %._crit_edge.i.i.i ]

ST_44: rhs_V [1/1] 0.00ns
:2  %rhs_V = phi i128 [ %r_V_6, %0 ], [ %r_V_5, %._crit_edge.i.i.i ]

ST_44: i_assign [1/1] 0.00ns
:3  %i_assign = phi i8 [ 0, %0 ], [ %i, %._crit_edge.i.i.i ]

ST_44: i_assign_cast1 [1/1] 0.00ns
:4  %i_assign_cast1 = zext i8 %i_assign to i32

ST_44: exitcond_i_i_i [1/1] 2.00ns
:5  %exitcond_i_i_i = icmp eq i8 %i_assign, -128

ST_44: empty [1/1] 0.00ns
:6  %empty = call i32 (...)* @_ssdm_op_SpecLoopTripCount(i64 128, i64 128, i64 128)

ST_44: i [1/1] 1.72ns
:7  %i = add i8 %i_assign, 1

ST_44: stg_106 [1/1] 0.00ns
:8  br i1 %exitcond_i_i_i, label %finalize_ghash.exit, label %._crit_edge.i.i.i

ST_44: tmp_5 [1/1] 0.00ns
._crit_edge.i.i.i:0  %tmp_5 = call i1 @_ssdm_op_BitSelect.i1.i128.i32(i128 %hash_key_V, i32 %i_assign_cast1)

ST_44: z_V [1/1] 1.37ns
._crit_edge.i.i.i:1  %z_V = xor i128 %lhs_V_1, %rhs_V

ST_44: agg_result_V_0_r_V_i_i_i [1/1] 1.37ns
._crit_edge.i.i.i:2  %agg_result_V_0_r_V_i_i_i = select i1 %tmp_5, i128 %z_V, i128 %ghash_final_out_V

ST_44: lhs_V_r_V_i_i_i [1/1] 1.37ns
._crit_edge.i.i.i:3  %lhs_V_r_V_i_i_i = select i1 %tmp_5, i128 %z_V, i128 %lhs_V_1

ST_44: r_V_3 [1/1] 0.00ns
._crit_edge.i.i.i:4  %r_V_3 = call i127 @_ssdm_op_PartSelect.i127.i128.i32.i32(i128 %rhs_V, i32 1, i32 127)

ST_44: r_V_5 [1/1] 0.00ns
._crit_edge.i.i.i:5  %r_V_5 = zext i127 %r_V_3 to i128

ST_44: stg_113 [1/1] 0.00ns
._crit_edge.i.i.i:6  br label %1

ST_44: r_V [1/1] 0.00ns (grouped into LUT with out node tmp)
finalize_ghash.exit:0  %r_V = xor i128 %ghash_final_out_V, %encrypted_counter_zero_V

ST_44: tmp [1/1] 3.33ns (out node of the LUT)
finalize_ghash.exit:1  %tmp = icmp eq i128 %r_V, %tag_in_V_read

ST_44: stg_116 [1/1] 0.00ns
finalize_ghash.exit:2  ret i1 %tmp



============================================================
+ Verbose Summary: Binding
============================================================
STG Binding: 
---------------- STG Properties BEGIN ----------------
- Is combinational: 0
- Is one-state seq: 0
- Is datapath-only: 0
- Is clock enabled: 0
- Is pipelined: 0
- Is top level: 0
Port [ Return ] is wired: 1; IO mode=ap_ctrl_hs:ce=0
Port [ key_V]:  wired=1; compound=0; hidden=0; nouse=0; global=0; static=0; extern=0; dir=0; type=0; pingpong=0; private_global=0; IO mode=ap_none:ce=0
Port [ iv_V]:  wired=1; compound=0; hidden=0; nouse=0; global=0; static=0; extern=0; dir=0; type=0; pingpong=0; private_global=0; IO mode=ap_none:ce=0
Port [ ct_V]:  wired=1; compound=1; hidden=0; nouse=0; global=0; static=0; extern=0; dir=0; type=1; pingpong=0; private_global=0; MemPort=[13]; IO mode=ap_memory:ce=0
Port [ pt_V]:  wired=1; compound=1; hidden=0; nouse=0; global=0; static=0; extern=0; dir=1; type=1; pingpong=0; private_global=0; MemPort=[03]; IO mode=ap_memory:ce=0
Port [ tag_in_V]:  wired=1; compound=0; hidden=0; nouse=0; global=0; static=0; extern=0; dir=0; type=0; pingpong=0; private_global=0; IO mode=ap_none:ce=0
Port [ sboxes_0]:  wired=0; compound=1; hidden=1; nouse=1; global=1; static=1; extern=0; dir=0; type=1; pingpong=0; private_global=0; linkage=7; visibility=0; MemPort=[1111111111]; IO mode=ap_memory:ce=0
Port [ sboxes_1]:  wired=0; compound=1; hidden=1; nouse=1; global=1; static=1; extern=0; dir=0; type=1; pingpong=0; private_global=0; linkage=7; visibility=0; MemPort=[1111111111]; IO mode=ap_memory:ce=0
Port [ sboxes_2]:  wired=0; compound=1; hidden=1; nouse=1; global=1; static=1; extern=0; dir=0; type=1; pingpong=0; private_global=0; linkage=7; visibility=0; MemPort=[1111111111]; IO mode=ap_memory:ce=0
Port [ sboxes_3]:  wired=0; compound=1; hidden=1; nouse=1; global=1; static=1; extern=0; dir=0; type=1; pingpong=0; private_global=0; linkage=7; visibility=0; MemPort=[1111111111]; IO mode=ap_memory:ce=0
Port [ sboxes_4]:  wired=0; compound=1; hidden=1; nouse=1; global=1; static=1; extern=0; dir=0; type=1; pingpong=0; private_global=0; linkage=7; visibility=0; MemPort=[1111111111]; IO mode=ap_memory:ce=0
Port [ sboxes_5]:  wired=0; compound=1; hidden=1; nouse=1; global=1; static=1; extern=0; dir=0; type=1; pingpong=0; private_global=0; linkage=7; visibility=0; MemPort=[1111111111]; IO mode=ap_memory:ce=0
Port [ sboxes_6]:  wired=0; compound=1; hidden=1; nouse=1; global=1; static=1; extern=0; dir=0; type=1; pingpong=0; private_global=0; linkage=7; visibility=0; MemPort=[1111111111]; IO mode=ap_memory:ce=0
Port [ sboxes_7]:  wired=0; compound=1; hidden=1; nouse=1; global=1; static=1; extern=0; dir=0; type=1; pingpong=0; private_global=0; linkage=7; visibility=0; MemPort=[1111111111]; IO mode=ap_memory:ce=0
Port [ sboxes_8]:  wired=0; compound=1; hidden=1; nouse=1; global=1; static=1; extern=0; dir=0; type=1; pingpong=0; private_global=0; linkage=7; visibility=0; MemPort=[1111111111]; IO mode=ap_memory:ce=0
Port [ sboxes_9]:  wired=0; compound=1; hidden=1; nouse=1; global=1; static=1; extern=0; dir=0; type=1; pingpong=0; private_global=0; linkage=7; visibility=0; MemPort=[1111111111]; IO mode=ap_memory:ce=0
Port [ sboxes_10]:  wired=0; compound=1; hidden=1; nouse=1; global=1; static=1; extern=0; dir=0; type=1; pingpong=0; private_global=0; linkage=7; visibility=0; MemPort=[1111111111]; IO mode=ap_memory:ce=0
Port [ sboxes_11]:  wired=0; compound=1; hidden=1; nouse=1; global=1; static=1; extern=0; dir=0; type=1; pingpong=0; private_global=0; linkage=7; visibility=0; MemPort=[1111111111]; IO mode=ap_memory:ce=0
Port [ sboxes_12]:  wired=0; compound=1; hidden=1; nouse=1; global=1; static=1; extern=0; dir=0; type=1; pingpong=0; private_global=0; linkage=7; visibility=0; MemPort=[1111111111]; IO mode=ap_memory:ce=0
Port [ sboxes_13]:  wired=0; compound=1; hidden=1; nouse=1; global=1; static=1; extern=0; dir=0; type=1; pingpong=0; private_global=0; linkage=7; visibility=0; MemPort=[1111111111]; IO mode=ap_memory:ce=0
Port [ sboxes_14]:  wired=0; compound=1; hidden=1; nouse=1; global=1; static=1; extern=0; dir=0; type=1; pingpong=0; private_global=0; linkage=7; visibility=0; MemPort=[1111111111]; IO mode=ap_memory:ce=0
Port [ sboxes_15]:  wired=0; compound=1; hidden=1; nouse=1; global=1; static=1; extern=0; dir=0; type=1; pingpong=0; private_global=0; linkage=7; visibility=0; MemPort=[1111111111]; IO mode=ap_memory:ce=0
Port [ sboxes_16]:  wired=0; compound=1; hidden=1; nouse=1; global=1; static=1; extern=0; dir=0; type=1; pingpong=0; private_global=0; linkage=7; visibility=0; MemPort=[1111111111]; IO mode=ap_memory:ce=0
Port [ sboxes_17]:  wired=0; compound=1; hidden=1; nouse=1; global=1; static=1; extern=0; dir=0; type=1; pingpong=0; private_global=0; linkage=7; visibility=0; MemPort=[1111111111]; IO mode=ap_memory:ce=0
Port [ sboxes_18]:  wired=0; compound=1; hidden=1; nouse=1; global=1; static=1; extern=0; dir=0; type=1; pingpong=0; private_global=0; linkage=7; visibility=0; MemPort=[1111111111]; IO mode=ap_memory:ce=0
Port [ sboxes_19]:  wired=0; compound=1; hidden=1; nouse=1; global=1; static=1; extern=0; dir=0; type=1; pingpong=0; private_global=0; linkage=7; visibility=0; MemPort=[1111111111]; IO mode=ap_memory:ce=0
---------------- STG Properties END ------------------

---------------- Datapath Model BEGIN ----------------

<LifeTime>
<method=bitvector/>
key_V_read               (read             ) [ 001111111111111111111111110000000000000000000]
hash_key_V               (call             ) [ 000000000000000000000111111111111111111111111]
iv_V_read                (read             ) [ 000000000000000000000001000000000000000000000]
ghash_2_V                (call             ) [ 000000000000000000000001000000000000000000000]
ghash_3_V                (call             ) [ 000000000000000000000000100000000000000000000]
ghash_out_V              (call             ) [ 000000000000000000000000010000000000000000000]
ghash_prev_V             (call             ) [ 000000000000000000000000001111111111111111110]
tag_in_V_read            (read             ) [ 000000000000000000000000000000000000000000001]
encrypted_counter_zero_V (call             ) [ 000000000000000000000000000000000000000000001]
r_V_6                    (xor              ) [ 000000000000000000000000000000000000000000011]
stg_97                   (br               ) [ 000000000000000000000000000000000000000000011]
ghash_final_out_V        (phi              ) [ 000000000000000000000000000000000000000000001]
lhs_V_1                  (phi              ) [ 000000000000000000000000000000000000000000001]
rhs_V                    (phi              ) [ 000000000000000000000000000000000000000000001]
i_assign                 (phi              ) [ 000000000000000000000000000000000000000000001]
i_assign_cast1           (zext             ) [ 000000000000000000000000000000000000000000000]
exitcond_i_i_i           (icmp             ) [ 000000000000000000000000000000000000000000001]
empty                    (speclooptripcount) [ 000000000000000000000000000000000000000000000]
i                        (add              ) [ 000000000000000000000000000000000000000000011]
stg_106                  (br               ) [ 000000000000000000000000000000000000000000000]
tmp_5                    (bitselect        ) [ 000000000000000000000000000000000000000000000]
z_V                      (xor              ) [ 000000000000000000000000000000000000000000000]
agg_result_V_0_r_V_i_i_i (select           ) [ 000000000000000000000000000000000000000000011]
lhs_V_r_V_i_i_i          (select           ) [ 000000000000000000000000000000000000000000011]
r_V_3                    (partselect       ) [ 000000000000000000000000000000000000000000000]
r_V_5                    (zext             ) [ 000000000000000000000000000000000000000000011]
stg_113                  (br               ) [ 000000000000000000000000000000000000000000011]
r_V                      (xor              ) [ 000000000000000000000000000000000000000000000]
tmp                      (icmp             ) [ 000000000000000000000000000000000000000000000]
stg_116                  (ret              ) [ 000000000000000000000000000000000000000000000]
</LifeTime>

<model>

<comp_list>
<comp id="0" class="1000" name="key_V">
<pin_list>
<pin id="1" dir="1" index="0" bw="1" slack="0"/>
</pin_list>
<bind>
<StgValue><ssdm name="key_V"/></StgValue>
</bind>
</comp>

<comp id="2" class="1000" name="iv_V">
<pin_list>
<pin id="3" dir="1" index="0" bw="1" slack="0"/>
</pin_list>
<bind>
<StgValue><ssdm name="iv_V"/></StgValue>
</bind>
</comp>

<comp id="4" class="1000" name="ct_V">
<pin_list>
<pin id="5" dir="1" index="0" bw="1" slack="0"/>
</pin_list>
<bind>
<StgValue><ssdm name="ct_V"/><MemPortTyVec>1 3 </MemPortTyVec>
</StgValue>
</bind>
</comp>

<comp id="6" class="1000" name="pt_V">
<pin_list>
<pin id="7" dir="1" index="0" bw="1" slack="0"/>
</pin_list>
<bind>
<StgValue><ssdm name="pt_V"/><MemPortTyVec>0 3 </MemPortTyVec>
</StgValue>
</bind>
</comp>

<comp id="8" class="1000" name="tag_in_V">
<pin_list>
<pin id="9" dir="1" index="0" bw="1" slack="0"/>
</pin_list>
<bind>
<StgValue><ssdm name="tag_in_V"/></StgValue>
</bind>
</comp>

<comp id="10" class="1000" name="sboxes_0">
<pin_list>
<pin id="11" dir="1" index="0" bw="1" slack="0"/>
</pin_list>
<bind>
<StgValue><ssdm name="sboxes_0"/><MemPortTyVec>1 1 1 1 1 1 1 1 1 1 </MemPortTyVec>
</StgValue>
</bind>
</comp>

<comp id="12" class="1000" name="sboxes_1">
<pin_list>
<pin id="13" dir="1" index="0" bw="1" slack="0"/>
</pin_list>
<bind>
<StgValue><ssdm name="sboxes_1"/><MemPortTyVec>1 1 1 1 1 1 1 1 1 1 </MemPortTyVec>
</StgValue>
</bind>
</comp>

<comp id="14" class="1000" name="sboxes_2">
<pin_list>
<pin id="15" dir="1" index="0" bw="1" slack="0"/>
</pin_list>
<bind>
<StgValue><ssdm name="sboxes_2"/><MemPortTyVec>1 1 1 1 1 1 1 1 1 1 </MemPortTyVec>
</StgValue>
</bind>
</comp>

<comp id="16" class="1000" name="sboxes_3">
<pin_list>
<pin id="17" dir="1" index="0" bw="1" slack="0"/>
</pin_list>
<bind>
<StgValue><ssdm name="sboxes_3"/><MemPortTyVec>1 1 1 1 1 1 1 1 1 1 </MemPortTyVec>
</StgValue>
</bind>
</comp>

<comp id="18" class="1000" name="sboxes_4">
<pin_list>
<pin id="19" dir="1" index="0" bw="1" slack="0"/>
</pin_list>
<bind>
<StgValue><ssdm name="sboxes_4"/><MemPortTyVec>1 1 1 1 1 1 1 1 1 1 </MemPortTyVec>
</StgValue>
</bind>
</comp>

<comp id="20" class="1000" name="sboxes_5">
<pin_list>
<pin id="21" dir="1" index="0" bw="1" slack="0"/>
</pin_list>
<bind>
<StgValue><ssdm name="sboxes_5"/><MemPortTyVec>1 1 1 1 1 1 1 1 1 1 </MemPortTyVec>
</StgValue>
</bind>
</comp>

<comp id="22" class="1000" name="sboxes_6">
<pin_list>
<pin id="23" dir="1" index="0" bw="1" slack="0"/>
</pin_list>
<bind>
<StgValue><ssdm name="sboxes_6"/><MemPortTyVec>1 1 1 1 1 1 1 1 1 1 </MemPortTyVec>
</StgValue>
</bind>
</comp>

<comp id="24" class="1000" name="sboxes_7">
<pin_list>
<pin id="25" dir="1" index="0" bw="1" slack="0"/>
</pin_list>
<bind>
<StgValue><ssdm name="sboxes_7"/><MemPortTyVec>1 1 1 1 1 1 1 1 1 1 </MemPortTyVec>
</StgValue>
</bind>
</comp>

<comp id="26" class="1000" name="sboxes_8">
<pin_list>
<pin id="27" dir="1" index="0" bw="1" slack="0"/>
</pin_list>
<bind>
<StgValue><ssdm name="sboxes_8"/><MemPortTyVec>1 1 1 1 1 1 1 1 1 1 </MemPortTyVec>
</StgValue>
</bind>
</comp>

<comp id="28" class="1000" name="sboxes_9">
<pin_list>
<pin id="29" dir="1" index="0" bw="1" slack="0"/>
</pin_list>
<bind>
<StgValue><ssdm name="sboxes_9"/><MemPortTyVec>1 1 1 1 1 1 1 1 1 1 </MemPortTyVec>
</StgValue>
</bind>
</comp>

<comp id="30" class="1000" name="sboxes_10">
<pin_list>
<pin id="31" dir="1" index="0" bw="1" slack="0"/>
</pin_list>
<bind>
<StgValue><ssdm name="sboxes_10"/><MemPortTyVec>1 1 1 1 1 1 1 1 1 1 </MemPortTyVec>
</StgValue>
</bind>
</comp>

<comp id="32" class="1000" name="sboxes_11">
<pin_list>
<pin id="33" dir="1" index="0" bw="1" slack="0"/>
</pin_list>
<bind>
<StgValue><ssdm name="sboxes_11"/><MemPortTyVec>1 1 1 1 1 1 1 1 1 1 </MemPortTyVec>
</StgValue>
</bind>
</comp>

<comp id="34" class="1000" name="sboxes_12">
<pin_list>
<pin id="35" dir="1" index="0" bw="1" slack="0"/>
</pin_list>
<bind>
<StgValue><ssdm name="sboxes_12"/><MemPortTyVec>1 1 1 1 1 1 1 1 1 1 </MemPortTyVec>
</StgValue>
</bind>
</comp>

<comp id="36" class="1000" name="sboxes_13">
<pin_list>
<pin id="37" dir="1" index="0" bw="1" slack="0"/>
</pin_list>
<bind>
<StgValue><ssdm name="sboxes_13"/><MemPortTyVec>1 1 1 1 1 1 1 1 1 1 </MemPortTyVec>
</StgValue>
</bind>
</comp>

<comp id="38" class="1000" name="sboxes_14">
<pin_list>
<pin id="39" dir="1" index="0" bw="1" slack="0"/>
</pin_list>
<bind>
<StgValue><ssdm name="sboxes_14"/><MemPortTyVec>1 1 1 1 1 1 1 1 1 1 </MemPortTyVec>
</StgValue>
</bind>
</comp>

<comp id="40" class="1000" name="sboxes_15">
<pin_list>
<pin id="41" dir="1" index="0" bw="1" slack="0"/>
</pin_list>
<bind>
<StgValue><ssdm name="sboxes_15"/><MemPortTyVec>1 1 1 1 1 1 1 1 1 1 </MemPortTyVec>
</StgValue>
</bind>
</comp>

<comp id="42" class="1000" name="sboxes_16">
<pin_list>
<pin id="43" dir="1" index="0" bw="1" slack="0"/>
</pin_list>
<bind>
<StgValue><ssdm name="sboxes_16"/><MemPortTyVec>1 1 1 1 1 1 1 1 1 1 </MemPortTyVec>
</StgValue>
</bind>
</comp>

<comp id="44" class="1000" name="sboxes_17">
<pin_list>
<pin id="45" dir="1" index="0" bw="1" slack="0"/>
</pin_list>
<bind>
<StgValue><ssdm name="sboxes_17"/><MemPortTyVec>1 1 1 1 1 1 1 1 1 1 </MemPortTyVec>
</StgValue>
</bind>
</comp>

<comp id="46" class="1000" name="sboxes_18">
<pin_list>
<pin id="47" dir="1" index="0" bw="1" slack="0"/>
</pin_list>
<bind>
<StgValue><ssdm name="sboxes_18"/><MemPortTyVec>1 1 1 1 1 1 1 1 1 1 </MemPortTyVec>
</StgValue>
</bind>
</comp>

<comp id="48" class="1000" name="sboxes_19">
<pin_list>
<pin id="49" dir="1" index="0" bw="1" slack="0"/>
</pin_list>
<bind>
<StgValue><ssdm name="sboxes_19"/><MemPortTyVec>1 1 1 1 1 1 1 1 1 1 </MemPortTyVec>
</StgValue>
</bind>
</comp>

<comp id="50" class="1001" name="const_50">
<pin_list>
<pin id="51" dir="1" index="0" bw="1" slack="0"/>
</pin_list>
<bind>
<StgValue><ssdm name="_ssdm_op_Read.ap_auto.i128"/></StgValue>
</bind>
</comp>

<comp id="52" class="1001" name="const_52">
<pin_list>
<pin id="53" dir="1" index="0" bw="1" slack="0"/>
</pin_list>
<bind>
<StgValue><ssdm name="secure_enclave_key_store_aes"/></StgValue>
</bind>
</comp>

<comp id="54" class="1001" name="const_54">
<pin_list>
<pin id="55" dir="1" index="0" bw="1" slack="0"/>
</pin_list>
<bind>
<StgValue><ssdm name=""/></StgValue>
</bind>
</comp>

<comp id="56" class="1001" name="const_56">
<pin_list>
<pin id="57" dir="1" index="0" bw="1" slack="0"/>
</pin_list>
<bind>
<StgValue><ssdm name="secure_enclave_key_store_ghash_iteration"/></StgValue>
</bind>
</comp>

<comp id="58" class="1001" name="const_58">
<pin_list>
<pin id="59" dir="1" index="0" bw="1" slack="0"/>
</pin_list>
<bind>
<StgValue><ssdm name=""/></StgValue>
</bind>
</comp>

<comp id="60" class="1001" name="const_60">
<pin_list>
<pin id="61" dir="1" index="0" bw="1" slack="0"/>
</pin_list>
<bind>
<StgValue><ssdm name="secure_enclave_key_store_aes_gcm_cipher"/></StgValue>
</bind>
</comp>

<comp id="62" class="1001" name="const_62">
<pin_list>
<pin id="63" dir="1" index="0" bw="1" slack="0"/>
</pin_list>
<bind>
<StgValue><ssdm name=""/></StgValue>
</bind>
</comp>

<comp id="64" class="1001" name="const_64">
<pin_list>
<pin id="65" dir="1" index="0" bw="1" slack="0"/>
</pin_list>
<bind>
<StgValue><ssdm name=""/></StgValue>
</bind>
</comp>

<comp id="66" class="1001" name="const_66">
<pin_list>
<pin id="67" dir="1" index="0" bw="1" slack="1"/>
</pin_list>
<bind>
<StgValue><ssdm name=""/></StgValue>
</bind>
</comp>

<comp id="68" class="1001" name="const_68">
<pin_list>
<pin id="69" dir="1" index="0" bw="1" slack="0"/>
</pin_list>
<bind>
<StgValue><ssdm name=""/></StgValue>
</bind>
</comp>

<comp id="70" class="1001" name="const_70">
<pin_list>
<pin id="71" dir="1" index="0" bw="1" slack="2147483647"/>
</pin_list>
<bind>
<StgValue><ssdm name="_ssdm_op_SpecLoopTripCount"/></StgValue>
</bind>
</comp>

<comp id="72" class="1001" name="const_72">
<pin_list>
<pin id="73" dir="1" index="0" bw="1" slack="2147483647"/>
</pin_list>
<bind>
<StgValue><ssdm name=""/></StgValue>
</bind>
</comp>

<comp id="74" class="1001" name="const_74">
<pin_list>
<pin id="75" dir="1" index="0" bw="1" slack="0"/>
</pin_list>
<bind>
<StgValue><ssdm name=""/></StgValue>
</bind>
</comp>

<comp id="76" class="1001" name="const_76">
<pin_list>
<pin id="77" dir="1" index="0" bw="1" slack="0"/>
</pin_list>
<bind>
<StgValue><ssdm name="_ssdm_op_BitSelect.i1.i128.i32"/></StgValue>
</bind>
</comp>

<comp id="78" class="1001" name="const_78">
<pin_list>
<pin id="79" dir="1" index="0" bw="1" slack="0"/>
</pin_list>
<bind>
<StgValue><ssdm name="_ssdm_op_PartSelect.i127.i128.i32.i32"/></StgValue>
</bind>
</comp>

<comp id="80" class="1001" name="const_80">
<pin_list>
<pin id="81" dir="1" index="0" bw="1" slack="0"/>
</pin_list>
<bind>
<StgValue><ssdm name=""/></StgValue>
</bind>
</comp>

<comp id="82" class="1001" name="const_82">
<pin_list>
<pin id="83" dir="1" index="0" bw="1" slack="0"/>
</pin_list>
<bind>
<StgValue><ssdm name=""/></StgValue>
</bind>
</comp>

<comp id="84" class="1004" name="key_V_read_read_fu_84">
<pin_list>
<pin id="85" dir="0" index="0" bw="128" slack="0"/>
<pin id="86" dir="0" index="1" bw="128" slack="0"/>
<pin id="87" dir="1" index="2" bw="128" slack="0"/>
</pin_list>
<bind>
<opcode="read(1150) " fcode="read"/>
<opset="key_V_read/1 "/>
</bind>
</comp>

<comp id="90" class="1004" name="iv_V_read_read_fu_90">
<pin_list>
<pin id="91" dir="0" index="0" bw="128" slack="0"/>
<pin id="92" dir="0" index="1" bw="128" slack="0"/>
<pin id="93" dir="1" index="2" bw="128" slack="0"/>
</pin_list>
<bind>
<opcode="read(1150) " fcode="read"/>
<opset="iv_V_read/22 "/>
</bind>
</comp>

<comp id="96" class="1004" name="tag_in_V_read_read_fu_96">
<pin_list>
<pin id="97" dir="0" index="0" bw="128" slack="0"/>
<pin id="98" dir="0" index="1" bw="128" slack="0"/>
<pin id="99" dir="1" index="2" bw="128" slack="1"/>
</pin_list>
<bind>
<opcode="read(1150) " fcode="read"/>
<opset="tag_in_V_read/43 "/>
</bind>
</comp>

<comp id="102" class="1005" name="ghash_final_out_V_reg_102">
<pin_list>
<pin id="103" dir="0" index="0" bw="128" slack="1"/>
<pin id="104" dir="1" index="1" bw="128" slack="1"/>
</pin_list>
<bind>
<opset="ghash_final_out_V (phireg) "/>
</bind>
</comp>

<comp id="106" class="1004" name="ghash_final_out_V_phi_fu_106">
<pin_list>
<pin id="107" dir="0" index="0" bw="1" slack="1"/>
<pin id="108" dir="0" index="1" bw="0" slack="2147483647"/>
<pin id="109" dir="0" index="2" bw="128" slack="0"/>
<pin id="110" dir="0" index="3" bw="0" slack="2147483647"/>
<pin id="111" dir="1" index="4" bw="128" slack="0"/>
</pin_list>
<bind>
<opcode="phi(47) " fcode="phi"/>
<opset="ghash_final_out_V/44 "/>
</bind>
</comp>

<comp id="113" class="1005" name="lhs_V_1_reg_113">
<pin_list>
<pin id="114" dir="0" index="0" bw="128" slack="1"/>
<pin id="115" dir="1" index="1" bw="128" slack="1"/>
</pin_list>
<bind>
<opset="lhs_V_1 (phireg) "/>
</bind>
</comp>

<comp id="117" class="1004" name="lhs_V_1_phi_fu_117">
<pin_list>
<pin id="118" dir="0" index="0" bw="1" slack="1"/>
<pin id="119" dir="0" index="1" bw="0" slack="2147483647"/>
<pin id="120" dir="0" index="2" bw="128" slack="0"/>
<pin id="121" dir="0" index="3" bw="0" slack="2147483647"/>
<pin id="122" dir="1" index="4" bw="128" slack="0"/>
</pin_list>
<bind>
<opcode="phi(47) " fcode="phi"/>
<opset="lhs_V_1/44 "/>
</bind>
</comp>

<comp id="124" class="1005" name="rhs_V_reg_124">
<pin_list>
<pin id="125" dir="0" index="0" bw="128" slack="2147483647"/>
<pin id="126" dir="1" index="1" bw="128" slack="2147483647"/>
</pin_list>
<bind>
<opset="rhs_V (phireg) "/>
</bind>
</comp>

<comp id="127" class="1004" name="rhs_V_phi_fu_127">
<pin_list>
<pin id="128" dir="0" index="0" bw="128" slack="1"/>
<pin id="129" dir="0" index="1" bw="0" slack="2147483647"/>
<pin id="130" dir="0" index="2" bw="127" slack="0"/>
<pin id="131" dir="0" index="3" bw="0" slack="2147483647"/>
<pin id="132" dir="1" index="4" bw="128" slack="0"/>
</pin_list>
<bind>
<opcode="phi(47) " fcode="phi"/>
<opset="rhs_V/44 "/>
</bind>
</comp>

<comp id="133" class="1005" name="i_assign_reg_133">
<pin_list>
<pin id="134" dir="0" index="0" bw="8" slack="1"/>
<pin id="135" dir="1" index="1" bw="8" slack="1"/>
</pin_list>
<bind>
<opset="i_assign (phireg) "/>
</bind>
</comp>

<comp id="137" class="1004" name="i_assign_phi_fu_137">
<pin_list>
<pin id="138" dir="0" index="0" bw="1" slack="1"/>
<pin id="139" dir="0" index="1" bw="0" slack="2147483647"/>
<pin id="140" dir="0" index="2" bw="8" slack="0"/>
<pin id="141" dir="0" index="3" bw="0" slack="2147483647"/>
<pin id="142" dir="1" index="4" bw="8" slack="0"/>
</pin_list>
<bind>
<opcode="phi(47) " fcode="phi"/>
<opset="i_assign/44 "/>
</bind>
</comp>

<comp id="144" class="1004" name="grp_secure_enclave_key_store_aes_gcm_cipher_fu_144">
<pin_list>
<pin id="145" dir="0" index="0" bw="128" slack="0"/>
<pin id="146" dir="0" index="1" bw="128" slack="23"/>
<pin id="147" dir="0" index="2" bw="128" slack="0"/>
<pin id="148" dir="0" index="3" bw="128" slack="0"/>
<pin id="149" dir="0" index="4" bw="128" slack="0"/>
<pin id="150" dir="0" index="5" bw="128" slack="4"/>
<pin id="151" dir="0" index="6" bw="1" slack="0"/>
<pin id="152" dir="0" index="7" bw="8" slack="0"/>
<pin id="153" dir="0" index="8" bw="8" slack="0"/>
<pin id="154" dir="0" index="9" bw="8" slack="0"/>
<pin id="155" dir="0" index="10" bw="8" slack="0"/>
<pin id="156" dir="0" index="11" bw="8" slack="0"/>
<pin id="157" dir="0" index="12" bw="8" slack="0"/>
<pin id="158" dir="0" index="13" bw="8" slack="0"/>
<pin id="159" dir="0" index="14" bw="8" slack="0"/>
<pin id="160" dir="0" index="15" bw="8" slack="0"/>
<pin id="161" dir="0" index="16" bw="8" slack="0"/>
<pin id="162" dir="0" index="17" bw="8" slack="0"/>
<pin id="163" dir="0" index="18" bw="8" slack="0"/>
<pin id="164" dir="0" index="19" bw="8" slack="0"/>
<pin id="165" dir="0" index="20" bw="8" slack="0"/>
<pin id="166" dir="0" index="21" bw="8" slack="0"/>
<pin id="167" dir="0" index="22" bw="8" slack="0"/>
<pin id="168" dir="0" index="23" bw="8" slack="0"/>
<pin id="169" dir="0" index="24" bw="8" slack="0"/>
<pin id="170" dir="0" index="25" bw="8" slack="0"/>
<pin id="171" dir="0" index="26" bw="8" slack="0"/>
<pin id="172" dir="1" index="27" bw="128" slack="18"/>
</pin_list>
<bind>
<opcode="call(48) " fcode="call"/>
<opset="ghash_prev_V/24 "/>
</bind>
</comp>

<comp id="197" class="1004" name="grp_secure_enclave_key_store_aes_fu_197">
<pin_list>
<pin id="198" dir="0" index="0" bw="128" slack="0"/>
<pin id="199" dir="0" index="1" bw="128" slack="0"/>
<pin id="200" dir="0" index="2" bw="128" slack="0"/>
<pin id="201" dir="0" index="3" bw="8" slack="0"/>
<pin id="202" dir="0" index="4" bw="8" slack="0"/>
<pin id="203" dir="0" index="5" bw="8" slack="0"/>
<pin id="204" dir="0" index="6" bw="8" slack="0"/>
<pin id="205" dir="0" index="7" bw="8" slack="0"/>
<pin id="206" dir="0" index="8" bw="8" slack="0"/>
<pin id="207" dir="0" index="9" bw="8" slack="0"/>
<pin id="208" dir="0" index="10" bw="8" slack="0"/>
<pin id="209" dir="0" index="11" bw="8" slack="0"/>
<pin id="210" dir="0" index="12" bw="8" slack="0"/>
<pin id="211" dir="0" index="13" bw="8" slack="0"/>
<pin id="212" dir="0" index="14" bw="8" slack="0"/>
<pin id="213" dir="0" index="15" bw="8" slack="0"/>
<pin id="214" dir="0" index="16" bw="8" slack="0"/>
<pin id="215" dir="0" index="17" bw="8" slack="0"/>
<pin id="216" dir="0" index="18" bw="8" slack="0"/>
<pin id="217" dir="0" index="19" bw="8" slack="0"/>
<pin id="218" dir="0" index="20" bw="8" slack="0"/>
<pin id="219" dir="0" index="21" bw="8" slack="0"/>
<pin id="220" dir="0" index="22" bw="8" slack="0"/>
<pin id="221" dir="1" index="23" bw="128" slack="1"/>
</pin_list>
<bind>
<opcode="call(48) " fcode="call"/>
<opset="hash_key_V/1 encrypted_counter_zero_V/24 "/>
</bind>
</comp>

<comp id="245" class="1004" name="grp_secure_enclave_key_store_ghash_iteration_fu_245">
<pin_list>
<pin id="246" dir="0" index="0" bw="128" slack="0"/>
<pin id="247" dir="0" index="1" bw="128" slack="1"/>
<pin id="248" dir="0" index="2" bw="128" slack="0"/>
<pin id="249" dir="0" index="3" bw="128" slack="0"/>
<pin id="250" dir="1" index="4" bw="128" slack="0"/>
</pin_list>
<bind>
<opcode="call(48) " fcode="call"/>
<opset="ghash_2_V/21 ghash_3_V/22 ghash_out_V/23 "/>
</bind>
</comp>

<comp id="259" class="1005" name="reg_259">
<pin_list>
<pin id="260" dir="0" index="0" bw="128" slack="1"/>
<pin id="261" dir="1" index="1" bw="128" slack="1"/>
</pin_list>
<bind>
<opset="ghash_2_V ghash_3_V ghash_out_V "/>
</bind>
</comp>

<comp id="266" class="1004" name="r_V_6_fu_266">
<pin_list>
<pin id="267" dir="0" index="0" bw="128" slack="18"/>
<pin id="268" dir="0" index="1" bw="21" slack="0"/>
<pin id="269" dir="1" index="2" bw="128" slack="1"/>
</pin_list>
<bind>
<opcode="xor(25) " fcode="xor"/>
<opset="r_V_6/43 "/>
</bind>
</comp>

<comp id="271" class="1004" name="i_assign_cast1_fu_271">
<pin_list>
<pin id="272" dir="0" index="0" bw="8" slack="0"/>
<pin id="273" dir="1" index="1" bw="32" slack="0"/>
</pin_list>
<bind>
<opcode="zext(34) " fcode="zext"/>
<opset="i_assign_cast1/44 "/>
</bind>
</comp>

<comp id="275" class="1004" name="exitcond_i_i_i_fu_275">
<pin_list>
<pin id="276" dir="0" index="0" bw="8" slack="0"/>
<pin id="277" dir="0" index="1" bw="8" slack="0"/>
<pin id="278" dir="1" index="2" bw="1" slack="2147483647"/>
</pin_list>
<bind>
<opcode="icmp(45) " fcode="icmp"/>
<opset="exitcond_i_i_i/44 "/>
</bind>
</comp>

<comp id="281" class="1004" name="i_fu_281">
<pin_list>
<pin id="282" dir="0" index="0" bw="8" slack="0"/>
<pin id="283" dir="0" index="1" bw="1" slack="0"/>
<pin id="284" dir="1" index="2" bw="8" slack="0"/>
</pin_list>
<bind>
<opcode="add(8) " fcode="add"/>
<opset="i/44 "/>
</bind>
</comp>

<comp id="287" class="1004" name="tmp_5_fu_287">
<pin_list>
<pin id="288" dir="0" index="0" bw="1" slack="0"/>
<pin id="289" dir="0" index="1" bw="128" slack="24"/>
<pin id="290" dir="0" index="2" bw="8" slack="0"/>
<pin id="291" dir="1" index="3" bw="1" slack="0"/>
</pin_list>
<bind>
<opcode="bitselect(1000) " fcode="bitselect"/>
<opset="tmp_5/44 "/>
</bind>
</comp>

<comp id="294" class="1004" name="z_V_fu_294">
<pin_list>
<pin id="295" dir="0" index="0" bw="128" slack="0"/>
<pin id="296" dir="0" index="1" bw="128" slack="0"/>
<pin id="297" dir="1" index="2" bw="128" slack="0"/>
</pin_list>
<bind>
<opcode="xor(25) " fcode="xor"/>
<opset="z_V/44 "/>
</bind>
</comp>

<comp id="300" class="1004" name="agg_result_V_0_r_V_i_i_i_fu_300">
<pin_list>
<pin id="301" dir="0" index="0" bw="1" slack="0"/>
<pin id="302" dir="0" index="1" bw="128" slack="0"/>
<pin id="303" dir="0" index="2" bw="128" slack="0"/>
<pin id="304" dir="1" index="3" bw="128" slack="0"/>
</pin_list>
<bind>
<opcode="select(49) " fcode="select"/>
<opset="agg_result_V_0_r_V_i_i_i/44 "/>
</bind>
</comp>

<comp id="308" class="1004" name="lhs_V_r_V_i_i_i_fu_308">
<pin_list>
<pin id="309" dir="0" index="0" bw="1" slack="0"/>
<pin id="310" dir="0" index="1" bw="128" slack="0"/>
<pin id="311" dir="0" index="2" bw="128" slack="0"/>
<pin id="312" dir="1" index="3" bw="128" slack="0"/>
</pin_list>
<bind>
<opcode="select(49) " fcode="select"/>
<opset="lhs_V_r_V_i_i_i/44 "/>
</bind>
</comp>

<comp id="316" class="1004" name="r_V_3_fu_316">
<pin_list>
<pin id="317" dir="0" index="0" bw="127" slack="0"/>
<pin id="318" dir="0" index="1" bw="128" slack="0"/>
<pin id="319" dir="0" index="2" bw="1" slack="0"/>
<pin id="320" dir="0" index="3" bw="8" slack="0"/>
<pin id="321" dir="1" index="4" bw="127" slack="0"/>
</pin_list>
<bind>
<opcode="partselect(1002) " fcode="partselect"/>
<opset="r_V_3/44 "/>
</bind>
</comp>

<comp id="326" class="1004" name="r_V_5_fu_326">
<pin_list>
<pin id="327" dir="0" index="0" bw="127" slack="0"/>
<pin id="328" dir="1" index="1" bw="128" slack="0"/>
</pin_list>
<bind>
<opcode="zext(34) " fcode="zext"/>
<opset="r_V_5/44 "/>
</bind>
</comp>

<comp id="330" class="1004" name="r_V_fu_330">
<pin_list>
<pin id="331" dir="0" index="0" bw="128" slack="0"/>
<pin id="332" dir="0" index="1" bw="128" slack="1"/>
<pin id="333" dir="1" index="2" bw="128" slack="0"/>
</pin_list>
<bind>
<opcode="xor(25) " fcode="xor"/>
<opset="r_V/44 "/>
</bind>
</comp>

<comp id="335" class="1004" name="tmp_fu_335">
<pin_list>
<pin id="336" dir="0" index="0" bw="128" slack="0"/>
<pin id="337" dir="0" index="1" bw="128" slack="1"/>
<pin id="338" dir="1" index="2" bw="1" slack="2147483647"/>
</pin_list>
<bind>
<opcode="icmp(45) " fcode="icmp"/>
<opset="tmp/44 "/>
</bind>
</comp>

<comp id="340" class="1005" name="key_V_read_reg_340">
<pin_list>
<pin id="341" dir="0" index="0" bw="128" slack="1"/>
<pin id="342" dir="1" index="1" bw="128" slack="1"/>
</pin_list>
<bind>
<opset="key_V_read "/>
</bind>
</comp>

<comp id="346" class="1005" name="hash_key_V_reg_346">
<pin_list>
<pin id="347" dir="0" index="0" bw="128" slack="1"/>
<pin id="348" dir="1" index="1" bw="128" slack="1"/>
</pin_list>
<bind>
<opset="hash_key_V "/>
</bind>
</comp>

<comp id="353" class="1005" name="iv_V_read_reg_353">
<pin_list>
<pin id="354" dir="0" index="0" bw="128" slack="1"/>
<pin id="355" dir="1" index="1" bw="128" slack="1"/>
</pin_list>
<bind>
<opset="iv_V_read "/>
</bind>
</comp>

<comp id="358" class="1005" name="ghash_prev_V_reg_358">
<pin_list>
<pin id="359" dir="0" index="0" bw="128" slack="18"/>
<pin id="360" dir="1" index="1" bw="128" slack="18"/>
</pin_list>
<bind>
<opset="ghash_prev_V "/>
</bind>
</comp>

<comp id="363" class="1005" name="tag_in_V_read_reg_363">
<pin_list>
<pin id="364" dir="0" index="0" bw="128" slack="1"/>
<pin id="365" dir="1" index="1" bw="128" slack="1"/>
</pin_list>
<bind>
<opset="tag_in_V_read "/>
</bind>
</comp>

<comp id="368" class="1005" name="encrypted_counter_zero_V_reg_368">
<pin_list>
<pin id="369" dir="0" index="0" bw="128" slack="1"/>
<pin id="370" dir="1" index="1" bw="128" slack="1"/>
</pin_list>
<bind>
<opset="encrypted_counter_zero_V "/>
</bind>
</comp>

<comp id="373" class="1005" name="r_V_6_reg_373">
<pin_list>
<pin id="374" dir="0" index="0" bw="128" slack="1"/>
<pin id="375" dir="1" index="1" bw="128" slack="1"/>
</pin_list>
<bind>
<opset="r_V_6 "/>
</bind>
</comp>

<comp id="381" class="1005" name="i_reg_381">
<pin_list>
<pin id="382" dir="0" index="0" bw="8" slack="0"/>
<pin id="383" dir="1" index="1" bw="8" slack="0"/>
</pin_list>
<bind>
<opset="i "/>
</bind>
</comp>

<comp id="386" class="1005" name="agg_result_V_0_r_V_i_i_i_reg_386">
<pin_list>
<pin id="387" dir="0" index="0" bw="128" slack="0"/>
<pin id="388" dir="1" index="1" bw="128" slack="0"/>
</pin_list>
<bind>
<opset="agg_result_V_0_r_V_i_i_i "/>
</bind>
</comp>

<comp id="391" class="1005" name="lhs_V_r_V_i_i_i_reg_391">
<pin_list>
<pin id="392" dir="0" index="0" bw="128" slack="0"/>
<pin id="393" dir="1" index="1" bw="128" slack="0"/>
</pin_list>
<bind>
<opset="lhs_V_r_V_i_i_i "/>
</bind>
</comp>

<comp id="396" class="1005" name="r_V_5_reg_396">
<pin_list>
<pin id="397" dir="0" index="0" bw="128" slack="0"/>
<pin id="398" dir="1" index="1" bw="128" slack="0"/>
</pin_list>
<bind>
<opset="r_V_5 "/>
</bind>
</comp>

</comp_list>

<net_list>
<net id="88"><net_src comp="50" pin="0"/><net_sink comp="84" pin=0"/></net>

<net id="89"><net_src comp="0" pin="0"/><net_sink comp="84" pin=1"/></net>

<net id="94"><net_src comp="50" pin="0"/><net_sink comp="90" pin=0"/></net>

<net id="95"><net_src comp="2" pin="0"/><net_sink comp="90" pin=1"/></net>

<net id="100"><net_src comp="50" pin="0"/><net_sink comp="96" pin=0"/></net>

<net id="101"><net_src comp="8" pin="0"/><net_sink comp="96" pin=1"/></net>

<net id="105"><net_src comp="54" pin="0"/><net_sink comp="102" pin=0"/></net>

<net id="112"><net_src comp="102" pin="1"/><net_sink comp="106" pin=0"/></net>

<net id="116"><net_src comp="54" pin="0"/><net_sink comp="113" pin=0"/></net>

<net id="123"><net_src comp="113" pin="1"/><net_sink comp="117" pin=0"/></net>

<net id="136"><net_src comp="66" pin="0"/><net_sink comp="133" pin=0"/></net>

<net id="143"><net_src comp="133" pin="1"/><net_sink comp="137" pin=0"/></net>

<net id="173"><net_src comp="60" pin="0"/><net_sink comp="144" pin=0"/></net>

<net id="174"><net_src comp="4" pin="0"/><net_sink comp="144" pin=2"/></net>

<net id="175"><net_src comp="6" pin="0"/><net_sink comp="144" pin=3"/></net>

<net id="176"><net_src comp="62" pin="0"/><net_sink comp="144" pin=6"/></net>

<net id="177"><net_src comp="10" pin="0"/><net_sink comp="144" pin=7"/></net>

<net id="178"><net_src comp="12" pin="0"/><net_sink comp="144" pin=8"/></net>

<net id="179"><net_src comp="14" pin="0"/><net_sink comp="144" pin=9"/></net>

<net id="180"><net_src comp="16" pin="0"/><net_sink comp="144" pin=10"/></net>

<net id="181"><net_src comp="18" pin="0"/><net_sink comp="144" pin=11"/></net>

<net id="182"><net_src comp="20" pin="0"/><net_sink comp="144" pin=12"/></net>

<net id="183"><net_src comp="22" pin="0"/><net_sink comp="144" pin=13"/></net>

<net id="184"><net_src comp="24" pin="0"/><net_sink comp="144" pin=14"/></net>

<net id="185"><net_src comp="26" pin="0"/><net_sink comp="144" pin=15"/></net>

<net id="186"><net_src comp="28" pin="0"/><net_sink comp="144" pin=16"/></net>

<net id="187"><net_src comp="30" pin="0"/><net_sink comp="144" pin=17"/></net>

<net id="188"><net_src comp="32" pin="0"/><net_sink comp="144" pin=18"/></net>

<net id="189"><net_src comp="34" pin="0"/><net_sink comp="144" pin=19"/></net>

<net id="190"><net_src comp="36" pin="0"/><net_sink comp="144" pin=20"/></net>

<net id="191"><net_src comp="38" pin="0"/><net_sink comp="144" pin=21"/></net>

<net id="192"><net_src comp="40" pin="0"/><net_sink comp="144" pin=22"/></net>

<net id="193"><net_src comp="42" pin="0"/><net_sink comp="144" pin=23"/></net>

<net id="194"><net_src comp="44" pin="0"/><net_sink comp="144" pin=24"/></net>

<net id="195"><net_src comp="46" pin="0"/><net_sink comp="144" pin=25"/></net>

<net id="196"><net_src comp="48" pin="0"/><net_sink comp="144" pin=26"/></net>

<net id="222"><net_src comp="52" pin="0"/><net_sink comp="197" pin=0"/></net>

<net id="223"><net_src comp="54" pin="0"/><net_sink comp="197" pin=1"/></net>

<net id="224"><net_src comp="84" pin="2"/><net_sink comp="197" pin=2"/></net>

<net id="225"><net_src comp="10" pin="0"/><net_sink comp="197" pin=3"/></net>

<net id="226"><net_src comp="12" pin="0"/><net_sink comp="197" pin=4"/></net>

<net id="227"><net_src comp="14" pin="0"/><net_sink comp="197" pin=5"/></net>

<net id="228"><net_src comp="16" pin="0"/><net_sink comp="197" pin=6"/></net>

<net id="229"><net_src comp="18" pin="0"/><net_sink comp="197" pin=7"/></net>

<net id="230"><net_src comp="20" pin="0"/><net_sink comp="197" pin=8"/></net>

<net id="231"><net_src comp="22" pin="0"/><net_sink comp="197" pin=9"/></net>

<net id="232"><net_src comp="24" pin="0"/><net_sink comp="197" pin=10"/></net>

<net id="233"><net_src comp="26" pin="0"/><net_sink comp="197" pin=11"/></net>

<net id="234"><net_src comp="28" pin="0"/><net_sink comp="197" pin=12"/></net>

<net id="235"><net_src comp="30" pin="0"/><net_sink comp="197" pin=13"/></net>

<net id="236"><net_src comp="32" pin="0"/><net_sink comp="197" pin=14"/></net>

<net id="237"><net_src comp="34" pin="0"/><net_sink comp="197" pin=15"/></net>

<net id="238"><net_src comp="36" pin="0"/><net_sink comp="197" pin=16"/></net>

<net id="239"><net_src comp="38" pin="0"/><net_sink comp="197" pin=17"/></net>

<net id="240"><net_src comp="40" pin="0"/><net_sink comp="197" pin=18"/></net>

<net id="241"><net_src comp="42" pin="0"/><net_sink comp="197" pin=19"/></net>

<net id="242"><net_src comp="44" pin="0"/><net_sink comp="197" pin=20"/></net>

<net id="243"><net_src comp="46" pin="0"/><net_sink comp="197" pin=21"/></net>

<net id="244"><net_src comp="48" pin="0"/><net_sink comp="197" pin=22"/></net>

<net id="251"><net_src comp="56" pin="0"/><net_sink comp="245" pin=0"/></net>

<net id="252"><net_src comp="54" pin="0"/><net_sink comp="245" pin=2"/></net>

<net id="253"><net_src comp="54" pin="0"/><net_sink comp="245" pin=3"/></net>

<net id="254"><net_src comp="90" pin="2"/><net_sink comp="245" pin=2"/></net>

<net id="255"><net_src comp="245" pin="4"/><net_sink comp="245" pin=3"/></net>

<net id="256"><net_src comp="245" pin="4"/><net_sink comp="197" pin=1"/></net>

<net id="257"><net_src comp="245" pin="4"/><net_sink comp="144" pin=4"/></net>

<net id="258"><net_src comp="58" pin="0"/><net_sink comp="245" pin=2"/></net>

<net id="262"><net_src comp="245" pin="4"/><net_sink comp="259" pin=0"/></net>

<net id="263"><net_src comp="259" pin="1"/><net_sink comp="245" pin=3"/></net>

<net id="264"><net_src comp="259" pin="1"/><net_sink comp="197" pin=1"/></net>

<net id="265"><net_src comp="259" pin="1"/><net_sink comp="144" pin=4"/></net>

<net id="270"><net_src comp="64" pin="0"/><net_sink comp="266" pin=1"/></net>

<net id="274"><net_src comp="137" pin="4"/><net_sink comp="271" pin=0"/></net>

<net id="279"><net_src comp="137" pin="4"/><net_sink comp="275" pin=0"/></net>

<net id="280"><net_src comp="68" pin="0"/><net_sink comp="275" pin=1"/></net>

<net id="285"><net_src comp="137" pin="4"/><net_sink comp="281" pin=0"/></net>

<net id="286"><net_src comp="74" pin="0"/><net_sink comp="281" pin=1"/></net>

<net id="292"><net_src comp="76" pin="0"/><net_sink comp="287" pin=0"/></net>

<net id="293"><net_src comp="271" pin="1"/><net_sink comp="287" pin=2"/></net>

<net id="298"><net_src comp="117" pin="4"/><net_sink comp="294" pin=0"/></net>

<net id="299"><net_src comp="127" pin="4"/><net_sink comp="294" pin=1"/></net>

<net id="305"><net_src comp="287" pin="3"/><net_sink comp="300" pin=0"/></net>

<net id="306"><net_src comp="294" pin="2"/><net_sink comp="300" pin=1"/></net>

<net id="307"><net_src comp="106" pin="4"/><net_sink comp="300" pin=2"/></net>

<net id="313"><net_src comp="287" pin="3"/><net_sink comp="308" pin=0"/></net>

<net id="314"><net_src comp="294" pin="2"/><net_sink comp="308" pin=1"/></net>

<net id="315"><net_src comp="117" pin="4"/><net_sink comp="308" pin=2"/></net>

<net id="322"><net_src comp="78" pin="0"/><net_sink comp="316" pin=0"/></net>

<net id="323"><net_src comp="127" pin="4"/><net_sink comp="316" pin=1"/></net>

<net id="324"><net_src comp="80" pin="0"/><net_sink comp="316" pin=2"/></net>

<net id="325"><net_src comp="82" pin="0"/><net_sink comp="316" pin=3"/></net>

<net id="329"><net_src comp="316" pin="4"/><net_sink comp="326" pin=0"/></net>

<net id="334"><net_src comp="106" pin="4"/><net_sink comp="330" pin=0"/></net>

<net id="339"><net_src comp="330" pin="2"/><net_sink comp="335" pin=0"/></net>

<net id="343"><net_src comp="84" pin="2"/><net_sink comp="340" pin=0"/></net>

<net id="344"><net_src comp="340" pin="1"/><net_sink comp="197" pin=2"/></net>

<net id="345"><net_src comp="340" pin="1"/><net_sink comp="144" pin=1"/></net>

<net id="349"><net_src comp="197" pin="23"/><net_sink comp="346" pin=0"/></net>

<net id="350"><net_src comp="346" pin="1"/><net_sink comp="245" pin=1"/></net>

<net id="351"><net_src comp="346" pin="1"/><net_sink comp="144" pin=5"/></net>

<net id="352"><net_src comp="346" pin="1"/><net_sink comp="287" pin=1"/></net>

<net id="356"><net_src comp="90" pin="2"/><net_sink comp="353" pin=0"/></net>

<net id="357"><net_src comp="353" pin="1"/><net_sink comp="245" pin=2"/></net>

<net id="361"><net_src comp="144" pin="27"/><net_sink comp="358" pin=0"/></net>

<net id="362"><net_src comp="358" pin="1"/><net_sink comp="266" pin=0"/></net>

<net id="366"><net_src comp="96" pin="2"/><net_sink comp="363" pin=0"/></net>

<net id="367"><net_src comp="363" pin="1"/><net_sink comp="335" pin=1"/></net>

<net id="371"><net_src comp="197" pin="23"/><net_sink comp="368" pin=0"/></net>

<net id="372"><net_src comp="368" pin="1"/><net_sink comp="330" pin=1"/></net>

<net id="376"><net_src comp="266" pin="2"/><net_sink comp="373" pin=0"/></net>

<net id="377"><net_src comp="373" pin="1"/><net_sink comp="127" pin=0"/></net>

<net id="384"><net_src comp="281" pin="2"/><net_sink comp="381" pin=0"/></net>

<net id="385"><net_src comp="381" pin="1"/><net_sink comp="137" pin=2"/></net>

<net id="389"><net_src comp="300" pin="3"/><net_sink comp="386" pin=0"/></net>

<net id="390"><net_src comp="386" pin="1"/><net_sink comp="106" pin=2"/></net>

<net id="394"><net_src comp="308" pin="3"/><net_sink comp="391" pin=0"/></net>

<net id="395"><net_src comp="391" pin="1"/><net_sink comp="117" pin=2"/></net>

<net id="399"><net_src comp="326" pin="1"/><net_sink comp="396" pin=0"/></net>

<net id="400"><net_src comp="396" pin="1"/><net_sink comp="127" pin=2"/></net>

</net_list>

</model> 
---------------- Datapath Model END ------------------

* FSMD analyzer results:
  - Output states:
	Port: pt_V | {24 25 }
 - Input state : 
	Port: secure_enclave_key_store_aes_gcm_d : key_V | {1 }
	Port: secure_enclave_key_store_aes_gcm_d : iv_V | {22 }
	Port: secure_enclave_key_store_aes_gcm_d : ct_V | {24 25 }
	Port: secure_enclave_key_store_aes_gcm_d : tag_in_V | {43 }
	Port: secure_enclave_key_store_aes_gcm_d : sboxes_0 | {1 2 3 4 5 6 7 8 9 10 11 12 13 14 15 16 17 18 19 20 24 25 26 27 28 29 30 31 32 33 34 35 36 37 38 39 40 41 42 43 }
	Port: secure_enclave_key_store_aes_gcm_d : sboxes_1 | {1 2 3 4 5 6 7 8 9 10 11 12 13 14 15 16 17 18 19 20 24 25 26 27 28 29 30 31 32 33 34 35 36 37 38 39 40 41 42 43 }
	Port: secure_enclave_key_store_aes_gcm_d : sboxes_2 | {1 2 3 4 5 6 7 8 9 10 11 12 13 14 15 16 17 18 19 24 25 26 27 28 29 30 31 32 33 34 35 36 37 38 39 40 41 42 }
	Port: secure_enclave_key_store_aes_gcm_d : sboxes_3 | {2 3 4 5 6 8 9 10 12 13 14 16 17 18 19 20 24 25 26 27 28 29 31 32 33 35 36 37 39 40 41 42 43 }
	Port: secure_enclave_key_store_aes_gcm_d : sboxes_4 | {1 2 3 4 5 6 7 8 9 10 11 12 13 14 15 16 17 18 19 20 24 25 26 27 28 29 30 31 32 33 34 35 36 37 38 39 40 41 42 43 }
	Port: secure_enclave_key_store_aes_gcm_d : sboxes_5 | {1 2 3 4 5 6 7 8 9 10 11 12 13 14 15 16 17 18 19 20 24 25 26 27 28 29 30 31 32 33 34 35 36 37 38 39 40 41 42 43 }
	Port: secure_enclave_key_store_aes_gcm_d : sboxes_6 | {1 2 3 4 5 6 7 8 9 10 11 12 13 14 15 16 17 18 19 20 24 25 26 27 28 29 30 31 32 33 34 35 36 37 38 39 40 41 42 43 }
	Port: secure_enclave_key_store_aes_gcm_d : sboxes_7 | {2 3 4 6 7 8 10 11 12 14 15 16 17 18 19 20 24 25 26 27 29 30 31 33 34 35 37 38 39 40 41 42 43 }
	Port: secure_enclave_key_store_aes_gcm_d : sboxes_8 | {1 2 3 4 5 6 7 8 9 10 11 12 13 14 15 16 17 18 19 20 24 25 26 27 28 29 30 31 32 33 34 35 36 37 38 39 40 41 42 43 }
	Port: secure_enclave_key_store_aes_gcm_d : sboxes_9 | {1 2 3 4 5 6 7 8 9 10 11 12 13 14 15 16 17 18 19 20 24 25 26 27 28 29 30 31 32 33 34 35 36 37 38 39 40 41 42 43 }
	Port: secure_enclave_key_store_aes_gcm_d : sboxes_10 | {1 2 3 4 5 6 7 8 9 10 11 12 13 14 15 16 17 18 19 24 25 26 27 28 29 30 31 32 33 34 35 36 37 38 39 40 41 42 }
	Port: secure_enclave_key_store_aes_gcm_d : sboxes_11 | {2 3 4 5 6 7 8 9 10 11 12 13 14 15 16 17 18 19 20 24 25 26 27 28 29 30 31 32 33 34 35 36 37 38 39 40 41 42 43 }
	Port: secure_enclave_key_store_aes_gcm_d : sboxes_12 | {1 2 3 4 5 6 7 8 9 10 11 12 13 14 15 16 17 18 19 20 24 25 26 27 28 29 30 31 32 33 34 35 36 37 38 39 40 41 42 43 }
	Port: secure_enclave_key_store_aes_gcm_d : sboxes_13 | {1 2 3 4 5 6 7 8 9 10 11 12 13 14 15 16 17 18 19 20 24 25 26 27 28 29 30 31 32 33 34 35 36 37 38 39 40 41 42 43 }
	Port: secure_enclave_key_store_aes_gcm_d : sboxes_14 | {1 2 3 4 5 6 7 8 9 10 11 12 13 14 15 16 17 18 19 20 24 25 26 27 28 29 30 31 32 33 34 35 36 37 38 39 40 41 42 43 }
	Port: secure_enclave_key_store_aes_gcm_d : sboxes_15 | {2 3 4 5 6 7 8 9 10 11 12 13 14 15 16 17 18 19 20 24 25 26 27 28 29 30 31 32 33 34 35 36 37 38 39 40 41 42 43 }
	Port: secure_enclave_key_store_aes_gcm_d : sboxes_16 | {1 2 3 4 5 6 7 8 9 10 11 12 13 14 15 16 17 18 19 20 24 25 26 27 28 29 30 31 32 33 34 35 36 37 38 39 40 41 42 43 }
	Port: secure_enclave_key_store_aes_gcm_d : sboxes_17 | {1 2 3 4 5 6 7 8 9 10 11 12 13 14 15 16 17 18 19 20 24 25 26 27 28 29 30 31 32 33 34 35 36 37 38 39 40 41 42 43 }
	Port: secure_enclave_key_store_aes_gcm_d : sboxes_18 | {1 2 3 4 5 6 7 8 9 10 11 12 13 14 15 16 17 18 19 24 25 26 27 28 29 30 31 32 33 34 35 36 37 38 39 40 41 42 }
	Port: secure_enclave_key_store_aes_gcm_d : sboxes_19 | {1 2 3 4 5 6 7 8 9 10 11 12 13 14 15 16 17 19 20 24 25 26 27 28 29 30 31 32 33 34 35 36 37 38 39 40 42 43 }
  - Chain level:
	State 1
	State 2
	State 3
	State 4
	State 5
	State 6
	State 7
	State 8
	State 9
	State 10
	State 11
	State 12
	State 13
	State 14
	State 15
	State 16
	State 17
	State 18
	State 19
	State 20
	State 21
	State 22
		ghash_3_V : 1
	State 23
		ghash_out_V : 1
	State 24
		encrypted_counter_zero_V : 1
		ghash_prev_V : 1
	State 25
	State 26
	State 27
	State 28
	State 29
	State 30
	State 31
	State 32
	State 33
	State 34
	State 35
	State 36
	State 37
	State 38
	State 39
	State 40
	State 41
	State 42
	State 43
	State 44
		i_assign_cast1 : 1
		exitcond_i_i_i : 1
		i : 1
		stg_106 : 2
		tmp_5 : 2
		z_V : 1
		agg_result_V_0_r_V_i_i_i : 3
		lhs_V_r_V_i_i_i : 3
		r_V_3 : 1
		r_V_5 : 2
		r_V : 1
		tmp : 1
		stg_116 : 2


============================================================
+ Verbose Summary: Datapath Resource usage 
============================================================

* Functional unit list:
|----------|-----------------------------------------------------|---------|---------|---------|
| Operation|                   Functional Unit                   |  Delay  |    FF   |   LUT   |
|----------|-----------------------------------------------------|---------|---------|---------|
|          |  grp_secure_enclave_key_store_aes_gcm_cipher_fu_144 | 323.626 |   6420  |  12327  |
|   call   |       grp_secure_enclave_key_store_aes_fu_197       |  314.2  |   3600  |  10416  |
|          | grp_secure_enclave_key_store_ghash_iteration_fu_245 |    0    |   1040  |   643   |
|----------|-----------------------------------------------------|---------|---------|---------|
|          |                     r_V_6_fu_266                    |    0    |    0    |   188   |
|    xor   |                      z_V_fu_294                     |    0    |    0    |   188   |
|          |                      r_V_fu_330                     |    0    |    0    |   188   |
|----------|-----------------------------------------------------|---------|---------|---------|
|  select  |           agg_result_V_0_r_V_i_i_i_fu_300           |    0    |    0    |   128   |
|          |                lhs_V_r_V_i_i_i_fu_308               |    0    |    0    |   128   |
|----------|-----------------------------------------------------|---------|---------|---------|
|   icmp   |                exitcond_i_i_i_fu_275                |    0    |    0    |    3    |
|          |                      tmp_fu_335                     |    0    |    0    |    43   |
|----------|-----------------------------------------------------|---------|---------|---------|
|    add   |                       i_fu_281                      |    0    |    0    |    8    |
|----------|-----------------------------------------------------|---------|---------|---------|
|          |                key_V_read_read_fu_84                |    0    |    0    |    0    |
|   read   |                 iv_V_read_read_fu_90                |    0    |    0    |    0    |
|          |               tag_in_V_read_read_fu_96              |    0    |    0    |    0    |
|----------|-----------------------------------------------------|---------|---------|---------|
|   zext   |                i_assign_cast1_fu_271                |    0    |    0    |    0    |
|          |                     r_V_5_fu_326                    |    0    |    0    |    0    |
|----------|-----------------------------------------------------|---------|---------|---------|
| bitselect|                     tmp_5_fu_287                    |    0    |    0    |    0    |
|----------|-----------------------------------------------------|---------|---------|---------|
|partselect|                     r_V_3_fu_316                    |    0    |    0    |    0    |
|----------|-----------------------------------------------------|---------|---------|---------|
|   Total  |                                                     | 637.826 |  11060  |  24260  |
|----------|-----------------------------------------------------|---------|---------|---------|

Memories:
N/A

* Register list:
+--------------------------------+--------+
|                                |   FF   |
+--------------------------------+--------+
|agg_result_V_0_r_V_i_i_i_reg_386|   128  |
|encrypted_counter_zero_V_reg_368|   128  |
|    ghash_final_out_V_reg_102   |   128  |
|      ghash_prev_V_reg_358      |   128  |
|       hash_key_V_reg_346       |   128  |
|        i_assign_reg_133        |    8   |
|            i_reg_381           |    8   |
|        iv_V_read_reg_353       |   128  |
|       key_V_read_reg_340       |   128  |
|         lhs_V_1_reg_113        |   128  |
|     lhs_V_r_V_i_i_i_reg_391    |   128  |
|          r_V_5_reg_396         |   128  |
|          r_V_6_reg_373         |   128  |
|             reg_259            |   128  |
|          rhs_V_reg_124         |   128  |
|      tag_in_V_read_reg_363     |   128  |
+--------------------------------+--------+
|              Total             |  1808  |
+--------------------------------+--------+

* Multiplexer (MUX) list: 
|-----------------------------------------------------|------|------|------|--------||---------||---------|
|                         Comp                        |  Pin | Size |  BW  | S x BW ||  Delay  ||   LUT   |
|-----------------------------------------------------|------|------|------|--------||---------||---------|
|  grp_secure_enclave_key_store_aes_gcm_cipher_fu_144 |  p4  |   2  |  128 |   256  ||   128   |
|       grp_secure_enclave_key_store_aes_fu_197       |  p1  |   3  |  128 |   384  ||   128   |
|       grp_secure_enclave_key_store_aes_fu_197       |  p2  |   2  |  128 |   256  ||   128   |
| grp_secure_enclave_key_store_ghash_iteration_fu_245 |  p2  |   4  |  128 |   512  ||   128   |
| grp_secure_enclave_key_store_ghash_iteration_fu_245 |  p3  |   3  |  128 |   384  ||   128   |
|-----------------------------------------------------|------|------|------|--------||---------||---------|
|                        Total                        |      |      |      |  1792  ||  7.855  ||   640   |
|-----------------------------------------------------|------|------|------|--------||---------||---------|



* Summary:
+-----------+--------+--------+--------+
|           |  Delay |   FF   |   LUT  |
+-----------+--------+--------+--------+
|  Function |   637  |  11060 |  24260 |
|   Memory  |    -   |    -   |    -   |
|Multiplexer|    7   |    -   |   640  |
|  Register |    -   |  1808  |    -   |
+-----------+--------+--------+--------+
|   Total   |   645  |  12868 |  24900 |
+-----------+--------+--------+--------+
