

================================================================
== Vivado HLS Report for 'curve25519_donna'
================================================================
* Date:           Wed May 31 17:58:43 2017

* Version:        2017.1 (Build 1846317 on Fri Apr 14 19:19:38 MDT 2017)
* Project:        curve25519
* Solution:       solution1
* Product family: zynquplus
* Target device:  xczu9eg-ffvb1156-2-i


================================================================
== Performance Estimates
================================================================
+ Timing (ns): 
    * Summary: 
    +--------+-------+----------+------------+
    |  Clock | Target| Estimated| Uncertainty|
    +--------+-------+----------+------------+
    |ap_clk  |  10.00|      8.11|        1.25|
    +--------+-------+----------+------------+

+ Latency (clock cycles): 
    * Summary: 
    +--------+--------+--------+--------+---------+
    |     Latency     |     Interval    | Pipeline|
    |   min  |   max  |   min  |   max  |   Type  |
    +--------+--------+--------+--------+---------+
    |  502158|  502158|  502159|  502159|   none  |
    +--------+--------+--------+--------+---------+

    + Detail: 
        * Instance: 
        +--------------------------+---------------+--------+--------+--------+--------+---------+
        |                          |               |     Latency     |     Interval    | Pipeline|
        |         Instance         |     Module    |   min  |   max  |   min  |   max  |   Type  |
        +--------------------------+---------------+--------+--------+--------+--------+---------+
        |grp_cmult_fu_216          |cmult          |  464719|  464719|  464719|  464719|   none  |
        |grp_crecip_fu_234         |crecip         |   36767|   36767|   36767|   36767|   none  |
        |grp_fmul_2_fu_249         |fmul_2         |     154|     154|     154|     154|   none  |
        |grp_fcontract_fu_256      |fcontract      |     214|     214|     214|     214|   none  |
        |grp_fexpand_fu_262        |fexpand        |      32|      32|      32|      32|   none  |
        |grp_p_memcpy_char_fu_268  |p_memcpy_char  |      65|      65|      65|      65|   none  |
        |grp_p_memcpy_char_fu_275  |p_memcpy_char  |      65|      65|      65|      65|   none  |
        |grp_p_memcpy_char_fu_282  |p_memcpy_char  |      65|      65|      65|      65|   none  |
        +--------------------------+---------------+--------+--------+--------+--------+---------+

        * Loop: 
        +------------+-----+-----+----------+-----------+-----------+------+----------+
        |            |  Latency  | Iteration|  Initiation Interval  | Trip |          |
        |  Loop Name | min | max |  Latency |  achieved |   target  | Count| Pipelined|
        +------------+-----+-----+----------+-----------+-----------+------+----------+
        |- memset_e  |   31|   31|         1|          -|          -|    32|    no    |
        |- Loop 2    |   64|   64|         2|          -|          -|    32|    no    |
        +------------+-----+-----+----------+-----------+-----------+------+----------+



================================================================
== Utilization Estimates
================================================================
* Summary: 
+-----------------+---------+-------+--------+--------+-----+
|       Name      | BRAM_18K| DSP48E|   FF   |   LUT  | URAM|
+-----------------+---------+-------+--------+--------+-----+
|DSP              |        -|      -|       -|       -|    -|
|Expression       |        -|      -|       0|      42|    -|
|FIFO             |        -|      -|       -|       -|    -|
|Instance         |       94|     39|   33815|   34531|    -|
|Memory           |        1|      -|     460|      48|    -|
|Multiplexer      |        -|      -|       -|     655|    -|
|Register         |        -|      -|      47|       -|    -|
+-----------------+---------+-------+--------+--------+-----+
|Total            |       95|     39|   34322|   35276|    0|
+-----------------+---------+-------+--------+--------+-----+
|Available        |     1824|   2520|  548160|  274080|    0|
+-----------------+---------+-------+--------+--------+-----+
|Utilization (%)  |        5|      1|       6|      12|    0|
+-----------------+---------+-------+--------+--------+-----+

+ Detail: 
    * Instance: 
    +-----------------------------------+---------------------------------+---------+-------+-------+-------+
    |              Instance             |              Module             | BRAM_18K| DSP48E|   FF  |  LUT  |
    +-----------------------------------+---------------------------------+---------+-------+-------+-------+
    |grp_cmult_fu_216                   |cmult                            |       60|     22|  13491|  14226|
    |grp_crecip_fu_234                  |crecip                           |       16|     12|  15433|  13305|
    |curve25519_donna_AXILiteS_s_axi_U  |curve25519_donna_AXILiteS_s_axi  |       12|      0|    548|    524|
    |grp_fcontract_fu_256               |fcontract                        |        2|      2|    644|   2093|
    |grp_fexpand_fu_262                 |fexpand                          |        0|      0|     84|    402|
    |grp_fmul_2_fu_249                  |fmul_2                           |        4|      3|   3552|   3834|
    |grp_p_memcpy_char_fu_268           |p_memcpy_char                    |        0|      0|     21|     49|
    |grp_p_memcpy_char_fu_275           |p_memcpy_char                    |        0|      0|     21|     49|
    |grp_p_memcpy_char_fu_282           |p_memcpy_char                    |        0|      0|     21|     49|
    +-----------------------------------+---------------------------------+---------+-------+-------+-------+
    |Total                              |                                 |       94|     39|  33815|  34531|
    +-----------------------------------+---------------------------------+---------+-------+-------+-------+

    * DSP48: 
    N/A

    * Memory: 
    +-------------+----------------------+---------+-----+----+------+-----+------+-------------+
    |    Memory   |        Module        | BRAM_18K|  FF | LUT| Words| Bits| Banks| W*Bits*Banks|
    +-------------+----------------------+---------+-----+----+------+-----+------+-------------+
    |bp_U         |curve25519_donna_bp   |        0|   52|   5|    10|   26|     1|          260|
    |mypublic_U   |curve25519_donna_dEe  |        0|    8|   4|    32|    8|     1|          256|
    |secret_U     |curve25519_donna_dEe  |        0|    8|   4|    32|    8|     1|          256|
    |basepoint_U  |curve25519_donna_dEe  |        0|    8|   4|    32|    8|     1|          256|
    |e_U          |curve25519_donna_e    |        1|    0|   0|    32|    8|     1|          256|
    |x_U          |curve25519_donna_x    |        0|  128|  10|    10|   64|     1|          640|
    |zmone_U      |curve25519_donna_x    |        0|  128|  10|    10|   64|     1|          640|
    |z_U          |curve25519_donna_z    |        0|  128|  11|    11|   64|     1|          704|
    +-------------+----------------------+---------+-----+----+------+-----+------+-------------+
    |Total        |                      |        1|  460|  48|   169|  250|     8|         3268|
    +-------------+----------------------+---------+-----+----+------+-----+------+-------------+

    * FIFO: 
    N/A

    * Expression: 
    +---------------------------------+----------+-------+---+----+------------+------------+
    |          Variable Name          | Operation| DSP48E| FF| LUT| Bitwidth P0| Bitwidth P1|
    +---------------------------------+----------+-------+---+----+------------+------------+
    |i_14_fu_315_p2                   |     +    |      0|  0|  15|           6|           1|
    |indvarinc_fu_292_p2              |     +    |      0|  0|  15|           5|           1|
    |exitcond_fu_309_p2               |   icmp   |      0|  0|   4|           6|           7|
    |tmp_s_fu_303_p2                  |   icmp   |      0|  0|   2|           5|           2|
    |ap_block_state3_on_subcall_done  |    or    |      0|  0|   2|           1|           1|
    |ap_block_state6_on_subcall_done  |    or    |      0|  0|   2|           1|           1|
    |ap_block_state8_on_subcall_done  |    or    |      0|  0|   2|           1|           1|
    +---------------------------------+----------+-------+---+----+------------+------------+
    |Total                            |          |      0|  0|  42|          25|          14|
    +---------------------------------+----------+-------+---+----+------------+------------+

    * Multiplexer: 
    +---------------------------------+----+-----------+-----+-----------+
    |               Name              | LUT| Input Size| Bits| Total Bits|
    +---------------------------------+----+-----------+-----+-----------+
    |ap_NS_fsm                        |  85|         17|    1|         17|
    |basepoint_address0               |  21|          4|    5|         20|
    |basepoint_ce0                    |  21|          4|    1|          4|
    |basepoint_out_ce0                |   9|          2|    1|          2|
    |basepoint_out_we0                |   9|          2|    1|          2|
    |basepoint_we0                    |   9|          2|    1|          2|
    |bp_address0                      |  15|          3|    4|         12|
    |bp_ce0                           |  15|          3|    1|          3|
    |bp_we0                           |   9|          2|    1|          2|
    |e_address0                       |  21|          4|    5|         20|
    |e_address1                       |  21|          4|    5|         20|
    |e_ce0                            |  15|          3|    1|          3|
    |e_d0                             |  15|          3|    8|         24|
    |e_d1                             |  15|          3|    8|         24|
    |grp_p_memcpy_char_fu_268_src_q0  |  27|          5|    8|         40|
    |i_reg_205                        |   9|          2|    6|         12|
    |invdar_reg_194                   |   9|          2|    5|         10|
    |mypublic_address0                |  21|          4|    5|         20|
    |mypublic_ce0                     |  21|          4|    1|          4|
    |mypublic_d0                      |  15|          3|    8|         24|
    |mypublic_in_ce0                  |   9|          2|    1|          2|
    |mypublic_out_ce0                 |   9|          2|    1|          2|
    |mypublic_out_we0                 |   9|          2|    1|          2|
    |mypublic_we0                     |  15|          3|    1|          3|
    |secret_address0                  |  21|          4|    5|         20|
    |secret_ce0                       |  21|          4|    1|          4|
    |secret_out_ce0                   |   9|          2|    1|          2|
    |secret_out_we0                   |   9|          2|    1|          2|
    |secret_we0                       |   9|          2|    1|          2|
    |x_address0                       |  15|          3|    4|         12|
    |x_ce0                            |  15|          3|    1|          3|
    |x_we0                            |   9|          2|    1|          2|
    |z_address0                       |  27|          5|    4|         20|
    |z_ce0                            |  27|          5|    1|          5|
    |z_d0                             |  15|          3|   64|        192|
    |z_we0                            |  15|          3|    1|          3|
    |zmone_address0                   |  15|          3|    4|         12|
    |zmone_ce0                        |  15|          3|    1|          3|
    |zmone_we0                        |   9|          2|    1|          2|
    +---------------------------------+----+-----------+-----+-----------+
    |Total                            | 655|        131|  171|        558|
    +---------------------------------+----+-----------+-----+-----------+

    * Register: 
    +------------------------------------------+----+----+-----+-----------+
    |                   Name                   | FF | LUT| Bits| Const Bits|
    +------------------------------------------+----+----+-----+-----------+
    |ap_CS_fsm                                 |  16|   0|   16|          0|
    |ap_reg_grp_cmult_fu_216_ap_start          |   1|   0|    1|          0|
    |ap_reg_grp_crecip_fu_234_ap_start         |   1|   0|    1|          0|
    |ap_reg_grp_fcontract_fu_256_ap_start      |   1|   0|    1|          0|
    |ap_reg_grp_fexpand_fu_262_ap_start        |   1|   0|    1|          0|
    |ap_reg_grp_fmul_2_fu_249_ap_start         |   1|   0|    1|          0|
    |ap_reg_grp_p_memcpy_char_fu_268_ap_start  |   1|   0|    1|          0|
    |ap_reg_grp_p_memcpy_char_fu_275_ap_start  |   1|   0|    1|          0|
    |ap_reg_grp_p_memcpy_char_fu_282_ap_start  |   1|   0|    1|          0|
    |i_14_reg_378                              |   6|   0|    6|          0|
    |i_reg_205                                 |   6|   0|    6|          0|
    |invdar_reg_194                            |   5|   0|    5|          0|
    |tmp_827_reg_383                           |   6|   0|   64|         58|
    +------------------------------------------+----+----+-----+-----------+
    |Total                                     |  47|   0|  105|         58|
    +------------------------------------------+----+----+-----+-----------+



================================================================
== Interface
================================================================
* Summary: 
+------------------------+-----+-----+------------+------------------+--------------+
|        RTL Ports       | Dir | Bits|  Protocol  |   Source Object  |    C Type    |
+------------------------+-----+-----+------------+------------------+--------------+
|s_axi_AXILiteS_AWVALID  |  in |    1|    s_axi   |     AXILiteS     |     array    |
|s_axi_AXILiteS_AWREADY  | out |    1|    s_axi   |     AXILiteS     |     array    |
|s_axi_AXILiteS_AWADDR   |  in |    8|    s_axi   |     AXILiteS     |     array    |
|s_axi_AXILiteS_WVALID   |  in |    1|    s_axi   |     AXILiteS     |     array    |
|s_axi_AXILiteS_WREADY   | out |    1|    s_axi   |     AXILiteS     |     array    |
|s_axi_AXILiteS_WDATA    |  in |   32|    s_axi   |     AXILiteS     |     array    |
|s_axi_AXILiteS_WSTRB    |  in |    4|    s_axi   |     AXILiteS     |     array    |
|s_axi_AXILiteS_ARVALID  |  in |    1|    s_axi   |     AXILiteS     |     array    |
|s_axi_AXILiteS_ARREADY  | out |    1|    s_axi   |     AXILiteS     |     array    |
|s_axi_AXILiteS_ARADDR   |  in |    8|    s_axi   |     AXILiteS     |     array    |
|s_axi_AXILiteS_RVALID   | out |    1|    s_axi   |     AXILiteS     |     array    |
|s_axi_AXILiteS_RREADY   |  in |    1|    s_axi   |     AXILiteS     |     array    |
|s_axi_AXILiteS_RDATA    | out |   32|    s_axi   |     AXILiteS     |     array    |
|s_axi_AXILiteS_RRESP    | out |    2|    s_axi   |     AXILiteS     |     array    |
|s_axi_AXILiteS_BVALID   | out |    1|    s_axi   |     AXILiteS     |     array    |
|s_axi_AXILiteS_BREADY   |  in |    1|    s_axi   |     AXILiteS     |     array    |
|s_axi_AXILiteS_BRESP    | out |    2|    s_axi   |     AXILiteS     |     array    |
|ap_clk                  |  in |    1| ap_ctrl_hs | curve25519_donna | return value |
|ap_rst_n                |  in |    1| ap_ctrl_hs | curve25519_donna | return value |
|interrupt               | out |    1| ap_ctrl_hs | curve25519_donna | return value |
+------------------------+-----+-----+------------+------------------+--------------+

