

================================================================
== Vivado HLS Report for 'fmonty'
================================================================
* Date:           Wed May 31 17:58:39 2017

* Version:        2017.1 (Build 1846317 on Fri Apr 14 19:19:38 MDT 2017)
* Project:        curve25519
* Solution:       solution1
* Product family: zynquplus
* Target device:  xczu9eg-ffvb1156-2-i


================================================================
== Performance Estimates
================================================================
+ Timing (ns): 
    * Summary: 
    +--------+-------+----------+------------+
    |  Clock | Target| Estimated| Uncertainty|
    +--------+-------+----------+------------+
    |ap_clk  |  10.00|      8.11|        1.25|
    +--------+-------+----------+------------+

+ Latency (clock cycles): 
    * Summary: 
    +------+------+------+------+---------+
    |   Latency   |   Interval  | Pipeline|
    |  min |  max |  min |  max |   Type  |
    +------+------+------+------+---------+
    |  1297|  1297|  1297|  1297|   none  |
    +------+------+------+------+---------+

    + Detail: 
        * Instance: 
        +---------------------------------+----------------------+-----+-----+-----+-----+---------+
        |                                 |                      |  Latency  |  Interval | Pipeline|
        |             Instance            |        Module        | min | max | min | max |   Type  |
        +---------------------------------+----------------------+-----+-----+-----+-----+---------+
        |grp_fsquare_fu_331               |fsquare               |  136|  136|  136|  136|   none  |
        |grp_fsquare_fu_338               |fsquare               |  136|  136|  136|  136|   none  |
        |grp_fproduct_fu_345              |fproduct              |  100|  100|  100|  100|   none  |
        |grp_fproduct_1_fu_358            |fproduct_1            |  100|  100|  100|  100|   none  |
        |grp_freduce_degree_fu_366        |freduce_degree        |   13|   13|   13|   13|   none  |
        |grp_freduce_coefficients_fu_373  |freduce_coefficients  |   18|   18|   18|   18|   none  |
        |grp_fsum_fu_380                  |fsum                  |   11|   11|   11|   11|   none  |
        |grp_fdifference_1_fu_390         |fdifference_1         |   21|   21|   21|   21|   none  |
        |grp_p_memcpy_fu_398              |p_memcpy              |   21|   21|   21|   21|   none  |
        +---------------------------------+----------------------+-----+-----+-----+-----+---------+

        * Loop: 
        +----------+-----+-----+----------+-----------+-----------+------+----------+
        |          |  Latency  | Iteration|  Initiation Interval  | Trip |          |
        | Loop Name| min | max |  Latency |  achieved |   target  | Count| Pipelined|
        +----------+-----+-----+----------+-----------+-----------+------+----------+
        |- Loop 1  |   20|   20|         2|          -|          -|    10|    no    |
        |- Loop 2  |   20|   20|         2|          -|          -|    10|    no    |
        |- Loop 3  |   20|   20|         2|          -|          -|    10|    no    |
        |- Loop 4  |   18|   18|         2|          -|          -|     9|    no    |
        |- Loop 5  |   30|   30|         3|          -|          -|    10|    no    |
        +----------+-----+-----+----------+-----------+-----------+------+----------+



================================================================
== Utilization Estimates
================================================================
* Summary: 
+-----------------+---------+-------+--------+--------+-----+
|       Name      | BRAM_18K| DSP48E|   FF   |   LUT  | URAM|
+-----------------+---------+-------+--------+--------+-----+
|DSP              |        -|      -|       -|       -|    -|
|Expression       |        -|     10|       0|     158|    -|
|FIFO             |        -|      -|       -|       -|    -|
|Instance         |        8|     12|   12803|    9564|    -|
|Memory           |       22|      -|     256|      20|    -|
|Multiplexer      |        -|      -|       -|    2210|    -|
|Register         |        -|      -|     162|       -|    -|
+-----------------+---------+-------+--------+--------+-----+
|Total            |       30|     22|   13221|   11952|    0|
+-----------------+---------+-------+--------+--------+-----+
|Available        |     1824|   2520|  548160|  274080|    0|
+-----------------+---------+-------+--------+--------+-----+
|Utilization (%)  |        1|   ~0  |       2|       4|    0|
+-----------------+---------+-------+--------+--------+-----+

+ Detail: 
    * Instance: 
    +---------------------------------+----------------------+---------+-------+------+------+
    |             Instance            |        Module        | BRAM_18K| DSP48E|  FF  |  LUT |
    +---------------------------------+----------------------+---------+-------+------+------+
    |grp_fdifference_1_fu_390         |fdifference_1         |        0|      0|    15|   130|
    |grp_fproduct_fu_345              |fproduct              |        0|      3|  2717|  1162|
    |grp_fproduct_1_fu_358            |fproduct_1            |        0|      3|  2299|  1162|
    |grp_freduce_coefficients_fu_373  |freduce_coefficients  |        0|      0|   229|  1102|
    |grp_freduce_degree_fu_366        |freduce_degree        |        0|      0|   590|  1522|
    |grp_fsquare_fu_331               |fsquare               |        4|      3|  3460|  2111|
    |grp_fsquare_fu_338               |fsquare               |        4|      3|  3460|  2111|
    |grp_fsum_fu_380                  |fsum                  |        0|      0|    18|   220|
    |grp_p_memcpy_fu_398              |p_memcpy              |        0|      0|    15|    44|
    +---------------------------------+----------------------+---------+-------+------+------+
    |Total                            |                      |        8|     12| 12803|  9564|
    +---------------------------------+----------------------+---------+-------+------+------+

    * DSP48: 
    N/A

    * Memory: 
    +--------------+--------------+---------+-----+----+------+-----+------+-------------+
    |    Memory    |    Module    | BRAM_18K|  FF | LUT| Words| Bits| Banks| W*Bits*Banks|
    +--------------+--------------+---------+-----+----+------+-----+------+-------------+
    |origx_U       |fmonty_origx  |        0|  128|  10|    10|   64|     1|          640|
    |origxprime_U  |fmonty_origx  |        0|  128|  10|    10|   64|     1|          640|
    |xx_U          |fmonty_xx     |        4|    0|   0|    19|   64|     1|         1216|
    |zz_U          |fmonty_zz     |        2|    0|   0|    19|   64|     1|         1216|
    |zzzprime_U    |fmonty_zz     |        2|    0|   0|    19|   64|     1|         1216|
    |xxxprime_U    |fmonty_zz     |        2|    0|   0|    19|   64|     1|         1216|
    |zzz_U         |fsquare_t     |        4|    0|   0|    19|   64|     1|         1216|
    |xxprime_U     |fsquare_t     |        4|    0|   0|    19|   64|     1|         1216|
    |zzprime_U     |fsquare_t     |        4|    0|   0|    19|   64|     1|         1216|
    +--------------+--------------+---------+-----+----+------+-----+------+-------------+
    |Total         |              |       22|  256|  20|   153|  576|     9|         9792|
    +--------------+--------------+---------+-----+----+------+-----+------+-------------+

    * FIFO: 
    N/A

    * Expression: 
    +----------------------------------+----------+-------+---+----+------------+------------+
    |           Variable Name          | Operation| DSP48E| FF| LUT| Bitwidth P0| Bitwidth P1|
    +----------------------------------+----------+-------+---+----+------------+------------+
    |tmp_322_i_fu_316_p2               |     *    |     10|  0|  46|          64|          17|
    |grp_fu_254_p2                     |     +    |      0|  0|  15|           5|           5|
    |tmp_930_i_fu_441_p2               |     -    |      0|  0|  71|          64|          64|
    |exitcond_i1_fu_418_p2             |   icmp   |      0|  0|   2|           4|           4|
    |exitcond_i2_fu_448_p2             |   icmp   |      0|  0|   2|           4|           4|
    |exitcond_i_fu_407_p2              |   icmp   |      0|  0|   2|           4|           4|
    |tmp_i3_fu_429_p2                  |   icmp   |      0|  0|   2|           4|           4|
    |tmp_i5_fu_464_p2                  |   icmp   |      0|  0|   2|           4|           4|
    |ap_block_state10_on_subcall_done  |    or    |      0|  0|   2|           1|           1|
    |ap_block_state12_on_subcall_done  |    or    |      0|  0|   2|           1|           1|
    |ap_block_state14_on_subcall_done  |    or    |      0|  0|   2|           1|           1|
    |ap_block_state18_on_subcall_done  |    or    |      0|  0|   2|           1|           1|
    |ap_block_state31_on_subcall_done  |    or    |      0|  0|   2|           1|           1|
    |ap_block_state4_on_subcall_done   |    or    |      0|  0|   2|           1|           1|
    |ap_block_state6_on_subcall_done   |    or    |      0|  0|   2|           1|           1|
    |ap_block_state8_on_subcall_done   |    or    |      0|  0|   2|           1|           1|
    +----------------------------------+----------+-------+---+----+------------+------------+
    |Total                             |          |     10|  0| 158|         161|         114|
    +----------------------------------+----------+-------+---+----+------------+------------+

    * Multiplexer: 
    +---------------------------------------------+-----+-----------+-----+-----------+
    |                     Name                    | LUT | Input Size| Bits| Total Bits|
    +---------------------------------------------+-----+-----------+-----+-----------+
    |ap_NS_fsm                                    |  233|         54|    1|         54|
    |grp_fdifference_1_fu_390_in_r_q0             |   15|          3|   64|        192|
    |grp_fdifference_1_fu_390_output_r_q0         |   21|          4|   64|        256|
    |grp_fproduct_fu_345_in2_q0                   |   27|          5|   64|        320|
    |grp_fproduct_fu_345_in_r_q0                  |   27|          5|   64|        320|
    |grp_freduce_coefficients_fu_373_output_r_q0  |   33|          6|   64|        384|
    |grp_freduce_coefficients_fu_373_output_r_q1  |   33|          6|   64|        384|
    |grp_freduce_degree_fu_366_output_r_q0        |   27|          5|   64|        320|
    |grp_freduce_degree_fu_366_output_r_q1        |   27|          5|   64|        320|
    |grp_fsquare_fu_331_in_r_q0                   |   21|          4|   64|        256|
    |grp_fsum_fu_380_in_r_q0                      |   27|          5|   64|        320|
    |grp_fsum_fu_380_in_r_q1                      |   27|          5|   64|        320|
    |grp_fsum_fu_380_output_r_q0                  |   27|          5|   64|        320|
    |grp_fsum_fu_380_output_r_q1                  |   27|          5|   64|        320|
    |grp_fu_254_p0                                |   38|          7|    5|         35|
    |grp_fu_254_p1                                |   15|          3|    5|         15|
    |grp_p_memcpy_fu_398_src_q0                   |   21|          4|   64|        256|
    |i_i3_reg_243                                 |    9|          2|    4|          8|
    |i_i9_reg_209                                 |    9|          2|    4|          8|
    |origx_address0                               |   15|          3|    4|         12|
    |origx_ce0                                    |   15|          3|    1|          3|
    |origx_we0                                    |    9|          2|    1|          2|
    |origxprime_address0                          |   15|          3|    4|         12|
    |origxprime_ce0                               |   15|          3|    1|          3|
    |origxprime_we0                               |    9|          2|    1|          2|
    |reg_198                                      |   15|          3|    4|         12|
    |reg_220                                      |   15|          3|    4|         12|
    |reg_231                                      |   15|          3|    4|         12|
    |x2_address0                                  |   21|          4|    5|         20|
    |x2_address1                                  |   15|          3|    5|         15|
    |x2_ce0                                       |   21|          4|    1|          4|
    |x2_ce1                                       |   15|          3|    1|          3|
    |x2_d0                                        |   21|          4|   64|        256|
    |x2_d1                                        |   15|          3|   64|        192|
    |x2_we0                                       |   21|          4|    1|          4|
    |x2_we1                                       |   15|          3|    1|          3|
    |x_address0                                   |   27|          5|    5|         25|
    |x_ce0                                        |   27|          5|    1|          5|
    |x_ce1                                        |    9|          2|    1|          2|
    |x_we0                                        |    9|          2|    1|          2|
    |x_we1                                        |    9|          2|    1|          2|
    |xprime_address0                              |   21|          4|    5|         20|
    |xprime_ce0                                   |   21|          4|    1|          4|
    |xprime_ce1                                   |    9|          2|    1|          2|
    |xprime_we0                                   |    9|          2|    1|          2|
    |xprime_we1                                   |    9|          2|    1|          2|
    |xx_address0                                  |   27|          5|    5|         25|
    |xx_ce0                                       |   27|          5|    1|          5|
    |xx_ce1                                       |    9|          2|    1|          2|
    |xx_we0                                       |    9|          2|    1|          2|
    |xxprime_address0                             |   38|          7|    5|         35|
    |xxprime_address1                             |   21|          4|    5|         20|
    |xxprime_ce0                                  |   38|          7|    1|          7|
    |xxprime_ce1                                  |   21|          4|    1|          4|
    |xxprime_d0                                   |   27|          5|   64|        320|
    |xxprime_d1                                   |   21|          4|   64|        256|
    |xxprime_we0                                  |   27|          5|    1|          5|
    |xxprime_we1                                  |   21|          4|    1|          4|
    |xxxprime_address0                            |   15|          3|    5|         15|
    |xxxprime_ce0                                 |   15|          3|    1|          3|
    |xxxprime_we0                                 |    9|          2|    1|          2|
    |z2_address0                                  |   21|          4|    5|         20|
    |z2_address1                                  |   15|          3|    5|         15|
    |z2_ce0                                       |   21|          4|    1|          4|
    |z2_ce1                                       |   15|          3|    1|          3|
    |z2_d0                                        |   21|          4|   64|        256|
    |z2_d1                                        |   15|          3|   64|        192|
    |z2_we0                                       |   21|          4|    1|          4|
    |z2_we1                                       |   15|          3|    1|          3|
    |z_address0                                   |   27|          5|    5|         25|
    |z_ce0                                        |   27|          5|    1|          5|
    |z_ce1                                        |    9|          2|    1|          2|
    |z_we0                                        |    9|          2|    1|          2|
    |zprime_address0                              |   21|          4|    5|         20|
    |zprime_ce0                                   |   21|          4|    1|          4|
    |zprime_ce1                                   |    9|          2|    1|          2|
    |zprime_we0                                   |    9|          2|    1|          2|
    |zz_address0                                  |   38|          7|    5|         35|
    |zz_ce0                                       |   27|          5|    1|          5|
    |zz_d0                                        |   15|          3|   64|        192|
    |zz_we0                                       |   15|          3|    1|          3|
    |zzprime_address0                             |   44|          9|    5|         45|
    |zzprime_address1                             |   21|          4|    5|         20|
    |zzprime_ce0                                  |   44|          9|    1|          9|
    |zzprime_ce1                                  |   21|          4|    1|          4|
    |zzprime_d0                                   |   33|          6|   64|        384|
    |zzprime_d1                                   |   15|          3|   64|        192|
    |zzprime_we0                                  |   33|          6|    1|          6|
    |zzprime_we1                                  |   15|          3|    1|          3|
    |zzz_address0                                 |   33|          6|    5|         30|
    |zzz_address1                                 |   15|          3|    5|         15|
    |zzz_ce0                                      |   27|          5|    1|          5|
    |zzz_ce1                                      |   15|          3|    1|          3|
    |zzz_d0                                       |   27|          5|   64|        320|
    |zzz_d1                                       |   15|          3|   64|        192|
    |zzz_we0                                      |   21|          4|    1|          4|
    |zzz_we1                                      |   15|          3|    1|          3|
    |zzzprime_address0                            |   15|          3|    5|         15|
    |zzzprime_ce0                                 |   15|          3|    1|          3|
    |zzzprime_we0                                 |    9|          2|    1|          2|
    +---------------------------------------------+-----+-----------+-----+-----------+
    |Total                                        | 2210|        436| 1776|       7795|
    +---------------------------------------------+-----+-----------+-----+-----------+

    * Register: 
    +-------------------------------------------------+----+----+-----+-----------+
    |                       Name                      | FF | LUT| Bits| Const Bits|
    +-------------------------------------------------+----+----+-----+-----------+
    |ap_CS_fsm                                        |  53|   0|   53|          0|
    |ap_reg_grp_fdifference_1_fu_390_ap_start         |   1|   0|    1|          0|
    |ap_reg_grp_fproduct_1_fu_358_ap_start            |   1|   0|    1|          0|
    |ap_reg_grp_fproduct_fu_345_ap_start              |   1|   0|    1|          0|
    |ap_reg_grp_freduce_coefficients_fu_373_ap_start  |   1|   0|    1|          0|
    |ap_reg_grp_freduce_degree_fu_366_ap_start        |   1|   0|    1|          0|
    |ap_reg_grp_fsquare_fu_331_ap_start               |   1|   0|    1|          0|
    |ap_reg_grp_fsquare_fu_338_ap_start               |   1|   0|    1|          0|
    |ap_reg_grp_fsum_fu_380_ap_start                  |   1|   0|    1|          0|
    |ap_reg_grp_p_memcpy_fu_398_ap_start              |   1|   0|    1|          0|
    |i_i3_reg_243                                     |   4|   0|    4|          0|
    |i_i9_reg_209                                     |   4|   0|    4|          0|
    |reg_198                                          |   4|   0|    4|          0|
    |reg_220                                          |   4|   0|    4|          0|
    |reg_231                                          |   4|   0|    4|          0|
    |tmp_i2_reg_491                                   |   4|   0|   64|         60|
    |tmp_i3_26_reg_520                                |   4|   0|   64|         60|
    |tmp_i_reg_478                                    |   4|   0|   64|         60|
    |zz_addr_reg_509                                  |   4|   0|    5|          1|
    |zz_load_1_reg_530                                |  64|   0|   64|          0|
    +-------------------------------------------------+----+----+-----+-----------+
    |Total                                            | 162|   0|  343|        181|
    +-------------------------------------------------+----+----+-----+-----------+



================================================================
== Interface
================================================================
* Summary: 
+-----------------+-----+-----+------------+--------------+--------------+
|    RTL Ports    | Dir | Bits|  Protocol  | Source Object|    C Type    |
+-----------------+-----+-----+------------+--------------+--------------+
|ap_clk           |  in |    1| ap_ctrl_hs |    fmonty    | return value |
|ap_rst           |  in |    1| ap_ctrl_hs |    fmonty    | return value |
|ap_start         |  in |    1| ap_ctrl_hs |    fmonty    | return value |
|ap_done          | out |    1| ap_ctrl_hs |    fmonty    | return value |
|ap_idle          | out |    1| ap_ctrl_hs |    fmonty    | return value |
|ap_ready         | out |    1| ap_ctrl_hs |    fmonty    | return value |
|x2_address0      | out |    5|  ap_memory |      x2      |     array    |
|x2_ce0           | out |    1|  ap_memory |      x2      |     array    |
|x2_we0           | out |    1|  ap_memory |      x2      |     array    |
|x2_d0            | out |   64|  ap_memory |      x2      |     array    |
|x2_q0            |  in |   64|  ap_memory |      x2      |     array    |
|x2_address1      | out |    5|  ap_memory |      x2      |     array    |
|x2_ce1           | out |    1|  ap_memory |      x2      |     array    |
|x2_we1           | out |    1|  ap_memory |      x2      |     array    |
|x2_d1            | out |   64|  ap_memory |      x2      |     array    |
|x2_q1            |  in |   64|  ap_memory |      x2      |     array    |
|z2_address0      | out |    5|  ap_memory |      z2      |     array    |
|z2_ce0           | out |    1|  ap_memory |      z2      |     array    |
|z2_we0           | out |    1|  ap_memory |      z2      |     array    |
|z2_d0            | out |   64|  ap_memory |      z2      |     array    |
|z2_q0            |  in |   64|  ap_memory |      z2      |     array    |
|z2_address1      | out |    5|  ap_memory |      z2      |     array    |
|z2_ce1           | out |    1|  ap_memory |      z2      |     array    |
|z2_we1           | out |    1|  ap_memory |      z2      |     array    |
|z2_d1            | out |   64|  ap_memory |      z2      |     array    |
|z2_q1            |  in |   64|  ap_memory |      z2      |     array    |
|x3_address0      | out |    5|  ap_memory |      x3      |     array    |
|x3_ce0           | out |    1|  ap_memory |      x3      |     array    |
|x3_we0           | out |    1|  ap_memory |      x3      |     array    |
|x3_d0            | out |   64|  ap_memory |      x3      |     array    |
|z3_address0      | out |    5|  ap_memory |      z3      |     array    |
|z3_ce0           | out |    1|  ap_memory |      z3      |     array    |
|z3_we0           | out |    1|  ap_memory |      z3      |     array    |
|z3_d0            | out |   64|  ap_memory |      z3      |     array    |
|x_address0       | out |    5|  ap_memory |       x      |     array    |
|x_ce0            | out |    1|  ap_memory |       x      |     array    |
|x_we0            | out |    1|  ap_memory |       x      |     array    |
|x_d0             | out |   64|  ap_memory |       x      |     array    |
|x_q0             |  in |   64|  ap_memory |       x      |     array    |
|x_address1       | out |    5|  ap_memory |       x      |     array    |
|x_ce1            | out |    1|  ap_memory |       x      |     array    |
|x_we1            | out |    1|  ap_memory |       x      |     array    |
|x_d1             | out |   64|  ap_memory |       x      |     array    |
|x_q1             |  in |   64|  ap_memory |       x      |     array    |
|z_address0       | out |    5|  ap_memory |       z      |     array    |
|z_ce0            | out |    1|  ap_memory |       z      |     array    |
|z_we0            | out |    1|  ap_memory |       z      |     array    |
|z_d0             | out |   64|  ap_memory |       z      |     array    |
|z_q0             |  in |   64|  ap_memory |       z      |     array    |
|z_address1       | out |    5|  ap_memory |       z      |     array    |
|z_ce1            | out |    1|  ap_memory |       z      |     array    |
|z_q1             |  in |   64|  ap_memory |       z      |     array    |
|xprime_address0  | out |    5|  ap_memory |    xprime    |     array    |
|xprime_ce0       | out |    1|  ap_memory |    xprime    |     array    |
|xprime_we0       | out |    1|  ap_memory |    xprime    |     array    |
|xprime_d0        | out |   64|  ap_memory |    xprime    |     array    |
|xprime_q0        |  in |   64|  ap_memory |    xprime    |     array    |
|xprime_address1  | out |    5|  ap_memory |    xprime    |     array    |
|xprime_ce1       | out |    1|  ap_memory |    xprime    |     array    |
|xprime_we1       | out |    1|  ap_memory |    xprime    |     array    |
|xprime_d1        | out |   64|  ap_memory |    xprime    |     array    |
|xprime_q1        |  in |   64|  ap_memory |    xprime    |     array    |
|zprime_address0  | out |    5|  ap_memory |    zprime    |     array    |
|zprime_ce0       | out |    1|  ap_memory |    zprime    |     array    |
|zprime_we0       | out |    1|  ap_memory |    zprime    |     array    |
|zprime_d0        | out |   64|  ap_memory |    zprime    |     array    |
|zprime_q0        |  in |   64|  ap_memory |    zprime    |     array    |
|zprime_address1  | out |    5|  ap_memory |    zprime    |     array    |
|zprime_ce1       | out |    1|  ap_memory |    zprime    |     array    |
|zprime_q1        |  in |   64|  ap_memory |    zprime    |     array    |
|qmqp_address0    | out |    4|  ap_memory |     qmqp     |     array    |
|qmqp_ce0         | out |    1|  ap_memory |     qmqp     |     array    |
|qmqp_q0          |  in |   26|  ap_memory |     qmqp     |     array    |
+-----------------+-----+-----+------------+--------------+--------------+

