

================================================================
== Vivado HLS Report for 'fproduct_3'
================================================================
* Date:           Wed May 31 17:58:41 2017

* Version:        2017.1 (Build 1846317 on Fri Apr 14 19:19:38 MDT 2017)
* Project:        curve25519
* Solution:       solution1
* Product family: zynquplus
* Target device:  xczu9eg-ffvb1156-2-i


================================================================
== Performance Estimates
================================================================
+ Timing (ns): 
    * Summary: 
    +--------+-------+----------+------------+
    |  Clock | Target| Estimated| Uncertainty|
    +--------+-------+----------+------------+
    |ap_clk  |  10.00|      8.10|        1.25|
    +--------+-------+----------+------------+

+ Latency (clock cycles): 
    * Summary: 
    +-----+-----+-----+-----+---------+
    |  Latency  |  Interval | Pipeline|
    | min | max | min | max |   Type  |
    +-----+-----+-----+-----+---------+
    |  100|  100|  100|  100|   none  |
    +-----+-----+-----+-----+---------+

    + Detail: 
        * Instance: 
        N/A

        * Loop: 
        N/A



================================================================
== Utilization Estimates
================================================================
* Summary: 
+-----------------+---------+-------+--------+--------+-----+
|       Name      | BRAM_18K| DSP48E|   FF   |   LUT  | URAM|
+-----------------+---------+-------+--------+--------+-----+
|DSP              |        -|      -|       -|       -|    -|
|Expression       |        -|      3|       0|      91|    -|
|FIFO             |        -|      -|       -|       -|    -|
|Instance         |        -|      -|       -|       -|    -|
|Memory           |        -|      -|       -|       -|    -|
|Multiplexer      |        -|      -|       -|    1071|    -|
|Register         |        -|      -|    2717|       -|    -|
+-----------------+---------+-------+--------+--------+-----+
|Total            |        0|      3|    2717|    1162|    0|
+-----------------+---------+-------+--------+--------+-----+
|Available        |     1824|   2520|  548160|  274080|    0|
+-----------------+---------+-------+--------+--------+-----+
|Utilization (%)  |        0|   ~0  |   ~0   |   ~0   |    0|
+-----------------+---------+-------+--------+--------+-----+

+ Detail: 
    * Instance: 
    N/A

    * DSP48: 
    N/A

    * Memory: 
    N/A

    * FIFO: 
    N/A

    * Expression: 
    +---------------+----------+-------+---+----+------------+------------+
    | Variable Name | Operation| DSP48E| FF| LUT| Bitwidth P0| Bitwidth P1|
    +---------------+----------+-------+---+----+------------+------------+
    |grp_fu_774_p2  |     *    |      3|  0|  20|          32|          32|
    |grp_fu_421_p2  |     +    |      0|  0|  71|          64|          64|
    +---------------+----------+-------+---+----+------------+------------+
    |Total          |          |      3|  0|  91|          96|          96|
    +---------------+----------+-------+---+----+------------+------------+

    * Multiplexer: 
    +-------------------+-----+-----------+-----+-----------+
    |        Name       | LUT | Input Size| Bits| Total Bits|
    +-------------------+-----+-----------+-----+-----------+
    |ap_NS_fsm          |  449|        102|    1|        102|
    |grp_fu_421_p0      |   62|         15|   64|        960|
    |grp_fu_421_p1      |   97|         20|   64|       1280|
    |grp_fu_774_p0      |  109|         23|   32|        736|
    |grp_fu_774_p1      |  109|         23|   32|        736|
    |in2_address0       |   50|         11|    4|         44|
    |in_r_address0      |   50|         11|    4|         44|
    |output_r_address0  |   97|         20|    5|        100|
    |output_r_d0        |   21|          4|   64|        256|
    |reg_430            |    9|          2|   64|        128|
    |reg_437            |    9|          2|   64|        128|
    |reg_507            |    9|          2|   64|        128|
    +-------------------+-----+-----------+-----+-----------+
    |Total              | 1071|        235|  462|       4642|
    +-------------------+-----+-----------+-----+-----------+

    * Register: 
    +------------------+-----+----+-----+-----------+
    |       Name       |  FF | LUT| Bits| Const Bits|
    +------------------+-----+----+-----+-----------+
    |ap_CS_fsm         |  101|   0|  101|          0|
    |reg_430           |   64|   0|   64|          0|
    |reg_437           |   64|   0|   64|          0|
    |reg_447           |   64|   0|   64|          0|
    |reg_453           |   64|   0|   64|          0|
    |reg_466           |   64|   0|   64|          0|
    |reg_507           |   64|   0|   64|          0|
    |reg_510           |   63|   0|   63|          0|
    |reg_513           |   64|   0|   64|          0|
    |reg_573           |   64|   0|   64|          0|
    |tmp36_reg_539     |   64|   0|   64|          0|
    |tmp45_reg_576     |   64|   0|   64|          0|
    |tmp49_reg_653     |   64|   0|   64|          0|
    |tmp_310_reg_5557  |   64|   0|   64|          0|
    |tmp_312_reg_5577  |   64|   0|   64|          0|
    |tmp_314_reg_5588  |   64|   0|   64|          0|
    |tmp_319_reg_612   |   63|   0|   63|          0|
    |tmp_321_reg_5598  |   64|   0|   64|          0|
    |tmp_323_reg_5608  |   64|   0|   64|          0|
    |tmp_328_reg_5618  |   64|   0|   64|          0|
    |tmp_330_reg_5628  |   64|   0|   64|          0|
    |tmp_337_reg_5638  |   64|   0|   64|          0|
    |tmp_339_reg_5648  |   64|   0|   64|          0|
    |tmp_346_reg_5658  |   64|   0|   64|          0|
    |tmp_348_reg_5668  |   64|   0|   64|          0|
    |tmp_359_reg_5678  |   64|   0|   64|          0|
    |tmp_361_reg_5688  |   64|   0|   64|          0|
    |tmp_370_reg_5698  |   64|   0|   64|          0|
    |tmp_372_reg_5708  |   64|   0|   64|          0|
    |tmp_384_reg_5728  |   64|   0|   64|          0|
    |tmp_386_reg_5738  |   64|   0|   64|          0|
    |tmp_397_reg_5753  |   64|   0|   64|          0|
    |tmp_399_reg_5768  |   64|   0|   64|          0|
    |tmp_409_reg_5572  |   32|   0|   32|          0|
    |tmp_422_reg_5582  |   32|   0|   32|          0|
    |tmp_515_reg_5718  |   63|   0|   63|          0|
    |tmp_516_reg_5713  |   63|   0|   63|          0|
    |tmp_519_reg_5748  |   32|   0|   32|          0|
    |tmp_520_reg_5763  |   32|   0|   32|          0|
    |tmp_521_reg_5778  |   63|   0|   63|          0|
    |tmp_522_reg_5773  |   63|   0|   63|          0|
    |tmp_523_reg_5788  |   63|   0|   63|          0|
    |tmp_524_reg_5783  |   63|   0|   63|          0|
    |tmp_s_reg_5552    |   64|   0|   64|          0|
    +------------------+-----+----+-----+-----------+
    |Total             | 2717|   0| 2717|          0|
    +------------------+-----+----+-----+-----------+



================================================================
== Interface
================================================================
* Summary: 
+-------------------+-----+-----+------------+--------------+--------------+
|     RTL Ports     | Dir | Bits|  Protocol  | Source Object|    C Type    |
+-------------------+-----+-----+------------+--------------+--------------+
|ap_clk             |  in |    1| ap_ctrl_hs |  fproduct.3  | return value |
|ap_rst             |  in |    1| ap_ctrl_hs |  fproduct.3  | return value |
|ap_start           |  in |    1| ap_ctrl_hs |  fproduct.3  | return value |
|ap_done            | out |    1| ap_ctrl_hs |  fproduct.3  | return value |
|ap_idle            | out |    1| ap_ctrl_hs |  fproduct.3  | return value |
|ap_ready           | out |    1| ap_ctrl_hs |  fproduct.3  | return value |
|output_r_address0  | out |    5|  ap_memory |   output_r   |     array    |
|output_r_ce0       | out |    1|  ap_memory |   output_r   |     array    |
|output_r_we0       | out |    1|  ap_memory |   output_r   |     array    |
|output_r_d0        | out |   64|  ap_memory |   output_r   |     array    |
|in2_address0       | out |    4|  ap_memory |      in2     |     array    |
|in2_ce0            | out |    1|  ap_memory |      in2     |     array    |
|in2_q0             |  in |   64|  ap_memory |      in2     |     array    |
|in_r_address0      | out |    4|  ap_memory |     in_r     |     array    |
|in_r_ce0           | out |    1|  ap_memory |     in_r     |     array    |
|in_r_q0            |  in |   64|  ap_memory |     in_r     |     array    |
+-------------------+-----+-----+------------+--------------+--------------+

