

================================================================
== Vivado HLS Report for 'freduce_coefficients'
================================================================
* Date:           Wed May 31 17:58:39 2017

* Version:        2017.1 (Build 1846317 on Fri Apr 14 19:19:38 MDT 2017)
* Project:        curve25519
* Solution:       solution1
* Product family: zynquplus
* Target device:  xczu9eg-ffvb1156-2-i


================================================================
== Performance Estimates
================================================================
+ Timing (ns): 
    * Summary: 
    +--------+-------+----------+------------+
    |  Clock | Target| Estimated| Uncertainty|
    +--------+-------+----------+------------+
    |ap_clk  |  10.00|      5.48|        1.25|
    +--------+-------+----------+------------+

+ Latency (clock cycles): 
    * Summary: 
    +-----+-----+-----+-----+---------+
    |  Latency  |  Interval | Pipeline|
    | min | max | min | max |   Type  |
    +-----+-----+-----+-----+---------+
    |   18|   18|   18|   18|   none  |
    +-----+-----+-----+-----+---------+

    + Detail: 
        * Instance: 
        N/A

        * Loop: 
        +----------+-----+-----+----------+-----------+-----------+------+----------+
        |          |  Latency  | Iteration|  Initiation Interval  | Trip |          |
        | Loop Name| min | max |  Latency |  achieved |   target  | Count| Pipelined|
        +----------+-----+-----+----------+-----------+-----------+------+----------+
        |- Loop 1  |   15|   15|         3|          -|          -|     5|    no    |
        +----------+-----+-----+----------+-----------+-----------+------+----------+



================================================================
== Utilization Estimates
================================================================
* Summary: 
+-----------------+---------+-------+--------+--------+-----+
|       Name      | BRAM_18K| DSP48E|   FF   |   LUT  | URAM|
+-----------------+---------+-------+--------+--------+-----+
|DSP              |        -|      -|       -|       -|    -|
|Expression       |        -|      -|       0|     933|    -|
|FIFO             |        -|      -|       -|       -|    -|
|Instance         |        -|      -|       -|       -|    -|
|Memory           |        -|      -|       -|       -|    -|
|Multiplexer      |        -|      -|       -|     169|    -|
|Register         |        -|      -|     229|       -|    -|
+-----------------+---------+-------+--------+--------+-----+
|Total            |        0|      0|     229|    1102|    0|
+-----------------+---------+-------+--------+--------+-----+
|Available        |     1824|   2520|  548160|  274080|    0|
+-----------------+---------+-------+--------+--------+-----+
|Utilization (%)  |        0|      0|   ~0   |   ~0   |    0|
+-----------------+---------+-------+--------+--------+-----+

+ Detail: 
    * Instance: 
    N/A

    * DSP48: 
    N/A

    * Memory: 
    N/A

    * FIFO: 
    N/A

    * Expression: 
    +----------------------------+----------+-------+---+----+------------+------------+
    |        Variable Name       | Operation| DSP48E| FF| LUT| Bitwidth P0| Bitwidth P1|
    +----------------------------+----------+-------+---+----+------------+------------+
    |i_4_fu_186_p2               |     +    |      0|  0|  12|           4|           2|
    |tmp2_fu_275_p2              |     +    |      0|  0|  71|          64|          64|
    |tmp3_fu_281_p2              |     +    |      0|  0|  64|          64|          64|
    |tmp_1064_i1_fu_309_p2       |     +    |      0|  0|  71|          64|          64|
    |tmp_1064_i_fu_155_p2        |     +    |      0|  0|  71|          64|          64|
    |tmp_1066_i_fu_221_p2        |     +    |      0|  0|  71|          64|          64|
    |tmp_306_fu_256_p2           |     +    |      0|  0|  71|          64|          64|
    |tmp_309_fu_341_p2           |     +    |      0|  0|  71|          64|          64|
    |v_assign_7_fu_200_p2        |     +    |      0|  0|  71|          64|          64|
    |v_assign_8_fu_287_p2        |     +    |      0|  0|  64|          64|          64|
    |tmp_300_fu_179_p2           |     -    |      0|  0|  71|          64|          64|
    |tmp_304_fu_249_p2           |     -    |      0|  0|  71|          64|          64|
    |tmp_308_fu_335_p2           |     -    |      0|  0|  71|          64|          64|
    |tmp_fu_117_p2               |   icmp   |      0|  0|   2|           4|           4|
    |tmp_301_fu_128_p2           |    or    |      0|  0|   4|           4|           1|
    |tmp_i1_cast_cast_fu_213_p3  |  select  |      0|  0|  25|           1|          25|
    |tmp_i2_cast_cast_fu_301_p3  |  select  |      0|  0|  26|           1|          26|
    |tmp_i_cast_cast_fu_147_p3   |  select  |      0|  0|  26|           1|          26|
    +----------------------------+----------+-------+---+----+------------+------------+
    |Total                       |          |      0|  0| 933|         783|         852|
    +----------------------------+----------+-------+---+----+------------+------------+

    * Multiplexer: 
    +-------------------+----+-----------+-----+-----------+
    |        Name       | LUT| Input Size| Bits| Total Bits|
    +-------------------+----+-----------+-----+-----------+
    |ap_NS_fsm          |  38|          7|    1|          7|
    |i_reg_105          |   9|          2|    4|          8|
    |output_r_address0  |  41|          8|    5|         40|
    |output_r_address1  |  33|          6|    5|         30|
    |output_r_d0        |  21|          4|   64|        256|
    |output_r_d1        |  27|          5|   64|        320|
    +-------------------+----+-----------+-----+-----------+
    |Total              | 169|         32|  143|        661|
    +-------------------+----+-----------+-----+-----------+

    * Register: 
    +------------------------+----+----+-----+-----------+
    |          Name          | FF | LUT| Bits| Const Bits|
    +------------------------+----+----+-----+-----------+
    |ap_CS_fsm               |   6|   0|    6|          0|
    |i_4_reg_383             |   4|   0|    4|          0|
    |i_reg_105               |   4|   0|    4|          0|
    |output_addr_72_reg_362  |   4|   0|    5|          1|
    |output_addr_73_reg_368  |   3|   0|    5|          2|
    |output_addr_74_reg_388  |   4|   0|    5|          1|
    |output_load_reg_378     |  64|   0|   64|          0|
    |tmp_397_i1_reg_398      |  38|   0|   38|          0|
    |tmp_397_i_reg_373       |  38|   0|   38|          0|
    |v_assign_8_reg_393      |  64|   0|   64|          0|
    +------------------------+----+----+-----+-----------+
    |Total                   | 229|   0|  233|          4|
    +------------------------+----+----+-----+-----------+



================================================================
== Interface
================================================================
* Summary: 
+-------------------+-----+-----+------------+----------------------+--------------+
|     RTL Ports     | Dir | Bits|  Protocol  |     Source Object    |    C Type    |
+-------------------+-----+-----+------------+----------------------+--------------+
|ap_clk             |  in |    1| ap_ctrl_hs | freduce_coefficients | return value |
|ap_rst             |  in |    1| ap_ctrl_hs | freduce_coefficients | return value |
|ap_start           |  in |    1| ap_ctrl_hs | freduce_coefficients | return value |
|ap_done            | out |    1| ap_ctrl_hs | freduce_coefficients | return value |
|ap_idle            | out |    1| ap_ctrl_hs | freduce_coefficients | return value |
|ap_ready           | out |    1| ap_ctrl_hs | freduce_coefficients | return value |
|output_r_address0  | out |    5|  ap_memory |       output_r       |     array    |
|output_r_ce0       | out |    1|  ap_memory |       output_r       |     array    |
|output_r_we0       | out |    1|  ap_memory |       output_r       |     array    |
|output_r_d0        | out |   64|  ap_memory |       output_r       |     array    |
|output_r_q0        |  in |   64|  ap_memory |       output_r       |     array    |
|output_r_address1  | out |    5|  ap_memory |       output_r       |     array    |
|output_r_ce1       | out |    1|  ap_memory |       output_r       |     array    |
|output_r_we1       | out |    1|  ap_memory |       output_r       |     array    |
|output_r_d1        | out |   64|  ap_memory |       output_r       |     array    |
|output_r_q1        |  in |   64|  ap_memory |       output_r       |     array    |
+-------------------+-----+-----+------------+----------------------+--------------+

