

================================================================
== Vivado HLS Report for 'fsquare'
================================================================
* Date:           Wed May 31 17:58:39 2017

* Version:        2017.1 (Build 1846317 on Fri Apr 14 19:19:38 MDT 2017)
* Project:        curve25519
* Solution:       solution1
* Product family: zynquplus
* Target device:  xczu9eg-ffvb1156-2-i


================================================================
== Performance Estimates
================================================================
+ Timing (ns): 
    * Summary: 
    +--------+-------+----------+------------+
    |  Clock | Target| Estimated| Uncertainty|
    +--------+-------+----------+------------+
    |ap_clk  |  10.00|      8.10|        1.25|
    +--------+-------+----------+------------+

+ Latency (clock cycles): 
    * Summary: 
    +-----+-----+-----+-----+---------+
    |  Latency  |  Interval | Pipeline|
    | min | max | min | max |   Type  |
    +-----+-----+-----+-----+---------+
    |  136|  136|  136|  136|   none  |
    +-----+-----+-----+-----+---------+

    + Detail: 
        * Instance: 
        +----------------------------+-----------------+-----+-----+-----+-----+---------+
        |                            |                 |  Latency  |  Interval | Pipeline|
        |          Instance          |      Module     | min | max | min | max |   Type  |
        +----------------------------+-----------------+-----+-----+-----+-----+---------+
        |grp_fsquare_inner_2_fu_469  |fsquare_inner_2  |   55|   55|   55|   55|   none  |
        +----------------------------+-----------------+-----+-----+-----+-----+---------+

        * Loop: 
        +----------+-----+-----+----------+-----------+-----------+------+----------+
        |          |  Latency  | Iteration|  Initiation Interval  | Trip |          |
        | Loop Name| min | max |  Latency |  achieved |   target  | Count| Pipelined|
        +----------+-----+-----+----------+-----------+-----------+------+----------+
        |- Loop 1  |   25|   25|         5|          -|          -|     5|    no    |
        |- Loop 2  |   20|   20|         2|          -|          -|    10|    no    |
        +----------+-----+-----+----------+-----------+-----------+------+----------+



================================================================
== Utilization Estimates
================================================================
* Summary: 
+-----------------+---------+-------+--------+--------+-----+
|       Name      | BRAM_18K| DSP48E|   FF   |   LUT  | URAM|
+-----------------+---------+-------+--------+--------+-----+
|DSP              |        -|      -|       -|       -|    -|
|Expression       |        -|      -|       0|     369|    -|
|FIFO             |        -|      -|       -|       -|    -|
|Instance         |        -|      3|    2621|     961|    -|
|Memory           |        4|      -|       0|       0|    -|
|Multiplexer      |        -|      -|       -|     781|    -|
|Register         |        -|      -|     839|       -|    -|
+-----------------+---------+-------+--------+--------+-----+
|Total            |        4|      3|    3460|    2111|    0|
+-----------------+---------+-------+--------+--------+-----+
|Available        |     1824|   2520|  548160|  274080|    0|
+-----------------+---------+-------+--------+--------+-----+
|Utilization (%)  |    ~0   |   ~0  |   ~0   |   ~0   |    0|
+-----------------+---------+-------+--------+--------+-----+

+ Detail: 
    * Instance: 
    +----------------------------+-----------------+---------+-------+------+-----+
    |          Instance          |      Module     | BRAM_18K| DSP48E|  FF  | LUT |
    +----------------------------+-----------------+---------+-------+------+-----+
    |grp_fsquare_inner_2_fu_469  |fsquare_inner_2  |        0|      3|  2621|  961|
    +----------------------------+-----------------+---------+-------+------+-----+
    |Total                       |                 |        0|      3|  2621|  961|
    +----------------------------+-----------------+---------+-------+------+-----+

    * DSP48: 
    N/A

    * Memory: 
    +-------+-----------+---------+---+----+------+-----+------+-------------+
    | Memory|   Module  | BRAM_18K| FF| LUT| Words| Bits| Banks| W*Bits*Banks|
    +-------+-----------+---------+---+----+------+-----+------+-------------+
    |t_U    |fsquare_t  |        4|  0|   0|    19|   64|     1|         1216|
    +-------+-----------+---------+---+----+------+-----+------+-------------+
    |Total  |           |        4|  0|   0|    19|   64|     1|         1216|
    +-------+-----------+---------+---+----+------+-----+------+-------------+

    * FIFO: 
    N/A

    * Expression: 
    +-------------------------------+----------+-------+---+----+------------+------------+
    |         Variable Name         | Operation| DSP48E| FF| LUT| Bitwidth P0| Bitwidth P1|
    +-------------------------------+----------+-------+---+----+------------+------------+
    |grp_fu_306_p2                  |     +    |      0|  0|  71|          64|          64|
    |tmp_367_i_fu_675_p2            |     -    |      0|  0|  71|          64|          64|
    |tmp_372_i_fu_727_p2            |     -    |      0|  0|  71|          64|          64|
    |tmp_381_i_fu_777_p2            |     -    |      0|  0|  71|          64|          64|
    |exitcond_i_fu_789_p2           |   icmp   |      0|  0|   2|           4|           4|
    |tmp_i_fu_628_p2                |   icmp   |      0|  0|   2|           4|           4|
    |tmp_368_i_fu_639_p2            |    or    |      0|  0|   4|           4|           1|
    |tmp_i10_i_cast_cast_fu_700_p3  |  select  |      0|  0|  25|           1|          25|
    |tmp_i13_i_cast_cast_fu_760_p3  |  select  |      0|  0|  26|           1|          26|
    |tmp_i_i_cast_cast_fu_658_p3    |  select  |      0|  0|  26|           1|          26|
    +-------------------------------+----------+-------+---+----+------------+------------+
    |Total                          |          |      0|  0| 369|         271|         342|
    +-------------------------------+----------+-------+---+----+------------+------------+

    * Multiplexer: 
    +---------------+-----+-----------+-----+-----------+
    |      Name     | LUT | Input Size| Bits| Total Bits|
    +---------------+-----+-----------+-----+-----------+
    |ap_NS_fsm      |  189|         43|    1|         43|
    |grp_fu_306_p0  |  125|         27|   64|       1728|
    |grp_fu_306_p1  |  129|         28|   64|       1792|
    |reg_284        |   15|          3|   64|        192|
    |reg_295        |   15|          3|   64|        192|
    |reg_487        |    9|          2|   64|        128|
    |t_address0     |  105|         22|    5|        110|
    |t_address1     |   93|         19|    5|         95|
    |t_ce0          |   15|          3|    1|          3|
    |t_d0           |   50|         11|   64|        704|
    |t_d1           |   21|          4|   64|        256|
    |t_we0          |   15|          3|    1|          3|
    +---------------+-----+-----------+-----+-----------+
    |Total          |  781|        168|  461|       5246|
    +---------------+-----+-----------+-----+-----------+

    * Register: 
    +--------------------------------------------+----+----+-----+-----------+
    |                    Name                    | FF | LUT| Bits| Const Bits|
    +--------------------------------------------+----+----+-----+-----------+
    |ap_CS_fsm                                   |  42|   0|   42|          0|
    |ap_reg_grp_fsquare_inner_2_fu_469_ap_start  |   1|   0|    1|          0|
    |reg_284                                     |  64|   0|   64|          0|
    |reg_295                                     |  64|   0|   64|          0|
    |reg_329                                     |  64|   0|   64|          0|
    |reg_340                                     |  64|   0|   64|          0|
    |reg_351                                     |  64|   0|   64|          0|
    |reg_362                                     |  64|   0|   64|          0|
    |reg_418                                     |  64|   0|   64|          0|
    |reg_487                                     |  64|   0|   64|          0|
    |reg_494                                     |  64|   0|   64|          0|
    |reg_500                                     |  38|   0|   38|          0|
    |t_addr_58_reg_912                           |   4|   0|    5|          1|
    |t_addr_59_reg_917                           |   3|   0|    5|          2|
    |t_addr_60_reg_923                           |   4|   0|    5|          1|
    |t_load_3_reg_904                            |  64|   0|   64|          0|
    |t_load_61_reg_874                           |  64|   0|   64|          0|
    |tmp_399_i_i_reg_928                         |  39|   0|   39|          0|
    |tmp_i3_reg_936                              |   4|   0|   64|         60|
    +--------------------------------------------+----+----+-----+-----------+
    |Total                                       | 839|   0|  903|         64|
    +--------------------------------------------+----+----+-----+-----------+



================================================================
== Interface
================================================================
* Summary: 
+-------------------+-----+-----+------------+--------------+--------------+
|     RTL Ports     | Dir | Bits|  Protocol  | Source Object|    C Type    |
+-------------------+-----+-----+------------+--------------+--------------+
|ap_clk             |  in |    1| ap_ctrl_hs |    fsquare   | return value |
|ap_rst             |  in |    1| ap_ctrl_hs |    fsquare   | return value |
|ap_start           |  in |    1| ap_ctrl_hs |    fsquare   | return value |
|ap_done            | out |    1| ap_ctrl_hs |    fsquare   | return value |
|ap_idle            | out |    1| ap_ctrl_hs |    fsquare   | return value |
|ap_ready           | out |    1| ap_ctrl_hs |    fsquare   | return value |
|output_r_address0  | out |    5|  ap_memory |   output_r   |     array    |
|output_r_ce0       | out |    1|  ap_memory |   output_r   |     array    |
|output_r_we0       | out |    1|  ap_memory |   output_r   |     array    |
|output_r_d0        | out |   64|  ap_memory |   output_r   |     array    |
|in_r_address0      | out |    5|  ap_memory |     in_r     |     array    |
|in_r_ce0           | out |    1|  ap_memory |     in_r     |     array    |
|in_r_q0            |  in |   64|  ap_memory |     in_r     |     array    |
+-------------------+-----+-----+------------+--------------+--------------+

