

================================================================
== Vivado HLS Report for 'fsquare_inner_1'
================================================================
* Date:           Wed May 31 17:58:41 2017

* Version:        2017.1 (Build 1846317 on Fri Apr 14 19:19:38 MDT 2017)
* Project:        curve25519
* Solution:       solution1
* Product family: zynquplus
* Target device:  xczu9eg-ffvb1156-2-i


================================================================
== Performance Estimates
================================================================
+ Timing (ns): 
    * Summary: 
    +--------+-------+----------+------------+
    |  Clock | Target| Estimated| Uncertainty|
    +--------+-------+----------+------------+
    |ap_clk  |  10.00|      8.10|        1.25|
    +--------+-------+----------+------------+

+ Latency (clock cycles): 
    * Summary: 
    +-----+-----+-----+-----+---------+
    |  Latency  |  Interval | Pipeline|
    | min | max | min | max |   Type  |
    +-----+-----+-----+-----+---------+
    |   55|   55|   55|   55|   none  |
    +-----+-----+-----+-----+---------+

    + Detail: 
        * Instance: 
        N/A

        * Loop: 
        N/A



================================================================
== Utilization Estimates
================================================================
* Summary: 
+-----------------+---------+-------+--------+--------+-----+
|       Name      | BRAM_18K| DSP48E|   FF   |   LUT  | URAM|
+-----------------+---------+-------+--------+--------+-----+
|DSP              |        -|      -|       -|       -|    -|
|Expression       |        -|      3|       0|      91|    -|
|FIFO             |        -|      -|       -|       -|    -|
|Instance         |        -|      -|       -|       -|    -|
|Memory           |        -|      -|       -|       -|    -|
|Multiplexer      |        -|      -|       -|     870|    -|
|Register         |        -|      -|    2621|       -|    -|
+-----------------+---------+-------+--------+--------+-----+
|Total            |        0|      3|    2621|     961|    0|
+-----------------+---------+-------+--------+--------+-----+
|Available        |     1824|   2520|  548160|  274080|    0|
+-----------------+---------+-------+--------+--------+-----+
|Utilization (%)  |        0|   ~0  |   ~0   |   ~0   |    0|
+-----------------+---------+-------+--------+--------+-----+

+ Detail: 
    * Instance: 
    N/A

    * DSP48: 
    N/A

    * Memory: 
    N/A

    * FIFO: 
    N/A

    * Expression: 
    +---------------+----------+-------+---+----+------------+------------+
    | Variable Name | Operation| DSP48E| FF| LUT| Bitwidth P0| Bitwidth P1|
    +---------------+----------+-------+---+----+------------+------------+
    |grp_fu_522_p2  |     *    |      3|  0|  20|          32|          32|
    |grp_fu_331_p2  |     +    |      0|  0|  71|          64|          64|
    +---------------+----------+-------+---+----+------------+------------+
    |Total          |          |      3|  0|  91|          96|          96|
    +---------------+----------+-------+---+----+------------+------------+

    * Multiplexer: 
    +-------------------+-----+-----------+-----+-----------+
    |        Name       | LUT | Input Size| Bits| Total Bits|
    +-------------------+-----+-----------+-----+-----------+
    |ap_NS_fsm          |  245|         57|    1|         57|
    |grp_fu_331_p0      |   85|         17|   64|       1088|
    |grp_fu_331_p1      |   59|         14|   64|        896|
    |grp_fu_522_p0      |  125|         27|   32|        864|
    |grp_fu_522_p1      |   97|         20|   32|        640|
    |in_r_address0      |   50|         11|    4|         44|
    |output_r_address0  |   97|         20|    5|        100|
    |output_r_d0        |   85|         17|   64|       1088|
    |reg_374            |    9|          2|   64|        128|
    |reg_396            |    9|          2|   64|        128|
    |reg_415            |    9|          2|   64|        128|
    +-------------------+-----+-----------+-----+-----------+
    |Total              |  870|        189|  458|       5161|
    +-------------------+-----+-----------+-----+-----------+

    * Register: 
    +------------------+----+----+-----+-----------+
    |       Name       | FF | LUT| Bits| Const Bits|
    +------------------+----+----+-----+-----------+
    |ap_CS_fsm         |  56|   0|   56|          0|
    |reg_338           |  64|   0|   64|          0|
    |reg_374           |  64|   0|   64|          0|
    |reg_380           |  64|   0|   64|          0|
    |reg_396           |  64|   0|   64|          0|
    |reg_415           |  64|   0|   64|          0|
    |tmp3_reg_341      |  64|   0|   64|          0|
    |tmp_114_reg_3169  |  64|   0|   64|          0|
    |tmp_131_reg_3190  |  64|   0|   64|          0|
    |tmp_133_reg_3047  |  32|   0|   32|          0|
    |tmp_134_reg_3068  |  32|   0|   32|          0|
    |tmp_136_reg_3084  |  32|   0|   32|          0|
    |tmp_139_reg_3106  |  32|   0|   32|          0|
    |tmp_13_reg_3063   |  64|   0|   64|          0|
    |tmp_140_reg_3122  |  32|   0|   32|          0|
    |tmp_146_reg_3053  |  63|   0|   63|          0|
    |tmp_151_reg_3096  |  62|   0|   62|          0|
    |tmp_154_reg_507   |  62|   0|   62|          0|
    |tmp_159_reg_3144  |  62|   0|   62|          0|
    |tmp_160_reg_351   |  62|   0|   62|          0|
    |tmp_161_reg_3149  |  63|   0|   63|          0|
    |tmp_164_reg_3164  |  32|   0|   32|          0|
    |tmp_166_reg_3175  |  63|   0|   63|          0|
    |tmp_167_reg_383   |  63|   0|   63|          0|
    |tmp_169_reg_3154  |  63|   0|   63|          0|
    |tmp_170_reg_3222  |  64|   0|   64|          0|
    |tmp_182_reg_3185  |  32|   0|   32|          0|
    |tmp_196_reg_3201  |  62|   0|   62|          0|
    |tmp_197_reg_3196  |  63|   0|   63|          0|
    |tmp_199_reg_3216  |  32|   0|   32|          0|
    |tmp_200_reg_3227  |  63|   0|   63|          0|
    |tmp_206_reg_3206  |  63|   0|   63|          0|
    |tmp_207_reg_3237  |  62|   0|   62|          0|
    |tmp_210_reg_3262  |  63|   0|   63|          0|
    |tmp_211_reg_3257  |  62|   0|   62|          0|
    |tmp_215_reg_3232  |  63|   0|   63|          0|
    |tmp_221_reg_3247  |  63|   0|   63|          0|
    |tmp_222_reg_3242  |  63|   0|   63|          0|
    |tmp_22_reg_3073   |  64|   0|   64|          0|
    |tmp_236_reg_3252  |  63|   0|   63|          0|
    |tmp_34_reg_3090   |  64|   0|   64|          0|
    |tmp_50_reg_3111   |  64|   0|   64|          0|
    |tmp_68_reg_3127   |  64|   0|   64|          0|
    |tmp_84_reg_3138   |  64|   0|   64|          0|
    |tmp_reg_3032      |  32|   0|   32|          0|
    |tmp_s_reg_3037    |  64|   0|   64|          0|
    +------------------+----+----+-----+-----------+
    |Total             |2621|   0| 2621|          0|
    +------------------+----+----+-----+-----------+



================================================================
== Interface
================================================================
* Summary: 
+-------------------+-----+-----+------------+-----------------+--------------+
|     RTL Ports     | Dir | Bits|  Protocol  |  Source Object  |    C Type    |
+-------------------+-----+-----+------------+-----------------+--------------+
|ap_clk             |  in |    1| ap_ctrl_hs | fsquare_inner.1 | return value |
|ap_rst             |  in |    1| ap_ctrl_hs | fsquare_inner.1 | return value |
|ap_start           |  in |    1| ap_ctrl_hs | fsquare_inner.1 | return value |
|ap_done            | out |    1| ap_ctrl_hs | fsquare_inner.1 | return value |
|ap_idle            | out |    1| ap_ctrl_hs | fsquare_inner.1 | return value |
|ap_ready           | out |    1| ap_ctrl_hs | fsquare_inner.1 | return value |
|output_r_address0  | out |    5|  ap_memory |     output_r    |     array    |
|output_r_ce0       | out |    1|  ap_memory |     output_r    |     array    |
|output_r_we0       | out |    1|  ap_memory |     output_r    |     array    |
|output_r_d0        | out |   64|  ap_memory |     output_r    |     array    |
|in_r_address0      | out |    4|  ap_memory |       in_r      |     array    |
|in_r_ce0           | out |    1|  ap_memory |       in_r      |     array    |
|in_r_q0            |  in |   64|  ap_memory |       in_r      |     array    |
+-------------------+-----+-----+------------+-----------------+--------------+

