

================================================================
== Vivado HLS Report for 'p_memcpy'
================================================================
* Date:           Wed May 31 17:58:38 2017

* Version:        2017.1 (Build 1846317 on Fri Apr 14 19:19:38 MDT 2017)
* Project:        curve25519
* Solution:       solution1
* Product family: zynquplus
* Target device:  xczu9eg-ffvb1156-2-i


================================================================
== Performance Estimates
================================================================
+ Timing (ns): 
    * Summary: 
    +--------+-------+----------+------------+
    |  Clock | Target| Estimated| Uncertainty|
    +--------+-------+----------+------------+
    |ap_clk  |  10.00|      1.91|        1.25|
    +--------+-------+----------+------------+

+ Latency (clock cycles): 
    * Summary: 
    +-----+-----+-----+-----+---------+
    |  Latency  |  Interval | Pipeline|
    | min | max | min | max |   Type  |
    +-----+-----+-----+-----+---------+
    |   21|   21|   21|   21|   none  |
    +-----+-----+-----+-----+---------+

    + Detail: 
        * Instance: 
        N/A

        * Loop: 
        +----------+-----+-----+----------+-----------+-----------+------+----------+
        |          |  Latency  | Iteration|  Initiation Interval  | Trip |          |
        | Loop Name| min | max |  Latency |  achieved |   target  | Count| Pipelined|
        +----------+-----+-----+----------+-----------+-----------+------+----------+
        |- Loop 1  |   20|   20|         2|          -|          -|    10|    no    |
        +----------+-----+-----+----------+-----------+-----------+------+----------+



================================================================
== Utilization Estimates
================================================================
* Summary: 
+-----------------+---------+-------+--------+--------+-----+
|       Name      | BRAM_18K| DSP48E|   FF   |   LUT  | URAM|
+-----------------+---------+-------+--------+--------+-----+
|DSP              |        -|      -|       -|       -|    -|
|Expression       |        -|      -|       0|      14|    -|
|FIFO             |        -|      -|       -|       -|    -|
|Instance         |        -|      -|       -|       -|    -|
|Memory           |        -|      -|       -|       -|    -|
|Multiplexer      |        -|      -|       -|      30|    -|
|Register         |        -|      -|      15|       -|    -|
+-----------------+---------+-------+--------+--------+-----+
|Total            |        0|      0|      15|      44|    0|
+-----------------+---------+-------+--------+--------+-----+
|Available        |     1824|   2520|  548160|  274080|    0|
+-----------------+---------+-------+--------+--------+-----+
|Utilization (%)  |        0|      0|   ~0   |   ~0   |    0|
+-----------------+---------+-------+--------+--------+-----+

+ Detail: 
    * Instance: 
    N/A

    * DSP48: 
    N/A

    * Memory: 
    N/A

    * FIFO: 
    N/A

    * Expression: 
    +-------------------+----------+-------+---+----+------------+------------+
    |   Variable Name   | Operation| DSP48E| FF| LUT| Bitwidth P0| Bitwidth P1|
    +-------------------+----------+-------+---+----+------------+------------+
    |i_29_fu_58_p2      |     +    |      0|  0|  12|           4|           1|
    |exitcond_fu_52_p2  |   icmp   |      0|  0|   2|           4|           4|
    +-------------------+----------+-------+---+----+------------+------------+
    |Total              |          |      0|  0|  14|           8|           5|
    +-------------------+----------+-------+---+----+------------+------------+

    * Multiplexer: 
    +-----------+----+-----------+-----+-----------+
    |    Name   | LUT| Input Size| Bits| Total Bits|
    +-----------+----+-----------+-----+-----------+
    |ap_NS_fsm  |  21|          4|    1|          4|
    |i_reg_41   |   9|          2|    4|          8|
    +-----------+----+-----------+-----+-----------+
    |Total      |  30|          6|    5|         12|
    +-----------+----+-----------+-----+-----------+

    * Register: 
    +-------------+---+----+-----+-----------+
    |     Name    | FF| LUT| Bits| Const Bits|
    +-------------+---+----+-----+-----------+
    |ap_CS_fsm    |  3|   0|    3|          0|
    |i_29_reg_72  |  4|   0|    4|          0|
    |i_reg_41     |  4|   0|    4|          0|
    |tmp_reg_77   |  4|   0|   64|         60|
    +-------------+---+----+-----+-----------+
    |Total        | 15|   0|   75|         60|
    +-------------+---+----+-----+-----------+



================================================================
== Interface
================================================================
* Summary: 
+--------------+-----+-----+------------+--------------+--------------+
|   RTL Ports  | Dir | Bits|  Protocol  | Source Object|    C Type    |
+--------------+-----+-----+------------+--------------+--------------+
|ap_clk        |  in |    1| ap_ctrl_hs |    _memcpy   | return value |
|ap_rst        |  in |    1| ap_ctrl_hs |    _memcpy   | return value |
|ap_start      |  in |    1| ap_ctrl_hs |    _memcpy   | return value |
|ap_done       | out |    1| ap_ctrl_hs |    _memcpy   | return value |
|ap_idle       | out |    1| ap_ctrl_hs |    _memcpy   | return value |
|ap_ready      | out |    1| ap_ctrl_hs |    _memcpy   | return value |
|dst_address0  | out |    4|  ap_memory |      dst     |     array    |
|dst_ce0       | out |    1|  ap_memory |      dst     |     array    |
|dst_we0       | out |    1|  ap_memory |      dst     |     array    |
|dst_d0        | out |   64|  ap_memory |      dst     |     array    |
|src_address0  | out |    5|  ap_memory |      src     |     array    |
|src_ce0       | out |    1|  ap_memory |      src     |     array    |
|src_q0        |  in |   64|  ap_memory |      src     |     array    |
+--------------+-----+-----+------------+--------------+--------------+

