

================================================================
== Vivado HLS Report for 'swap_conditional'
================================================================
* Date:           Wed May 31 17:58:38 2017

* Version:        2017.1 (Build 1846317 on Fri Apr 14 19:19:38 MDT 2017)
* Project:        curve25519
* Solution:       solution1
* Product family: zynquplus
* Target device:  xczu9eg-ffvb1156-2-i


================================================================
== Performance Estimates
================================================================
+ Timing (ns): 
    * Summary: 
    +--------+-------+----------+------------+
    |  Clock | Target| Estimated| Uncertainty|
    +--------+-------+----------+------------+
    |ap_clk  |  10.00|      2.58|        1.25|
    +--------+-------+----------+------------+

+ Latency (clock cycles): 
    * Summary: 
    +-----+-----+-----+-----+---------+
    |  Latency  |  Interval | Pipeline|
    | min | max | min | max |   Type  |
    +-----+-----+-----+-----+---------+
    |   21|   21|   21|   21|   none  |
    +-----+-----+-----+-----+---------+

    + Detail: 
        * Instance: 
        N/A

        * Loop: 
        +----------+-----+-----+----------+-----------+-----------+------+----------+
        |          |  Latency  | Iteration|  Initiation Interval  | Trip |          |
        | Loop Name| min | max |  Latency |  achieved |   target  | Count| Pipelined|
        +----------+-----+-----+----------+-----------+-----------+------+----------+
        |- Loop 1  |   20|   20|         2|          -|          -|    10|    no    |
        +----------+-----+-----+----------+-----------+-----------+------+----------+



================================================================
== Utilization Estimates
================================================================
* Summary: 
+-----------------+---------+-------+--------+--------+-----+
|       Name      | BRAM_18K| DSP48E|   FF   |   LUT  | URAM|
+-----------------+---------+-------+--------+--------+-----+
|DSP              |        -|      -|       -|       -|    -|
|Expression       |        -|      -|       0|     144|    -|
|FIFO             |        -|      -|       -|       -|    -|
|Instance         |        -|      -|       -|       -|    -|
|Memory           |        -|      -|       -|       -|    -|
|Multiplexer      |        -|      -|       -|      60|    -|
|Register         |        -|      -|      51|       -|    -|
+-----------------+---------+-------+--------+--------+-----+
|Total            |        0|      0|      51|     204|    0|
+-----------------+---------+-------+--------+--------+-----+
|Available        |     1824|   2520|  548160|  274080|    0|
+-----------------+---------+-------+--------+--------+-----+
|Utilization (%)  |        0|      0|   ~0   |   ~0   |    0|
+-----------------+---------+-------+--------+--------+-----+

+ Detail: 
    * Instance: 
    N/A

    * DSP48: 
    N/A

    * Memory: 
    N/A

    * FIFO: 
    N/A

    * Expression: 
    +--------------------+----------+-------+---+----+------------+------------+
    |    Variable Name   | Operation| DSP48E| FF| LUT| Bitwidth P0| Bitwidth P1|
    +--------------------+----------+-------+---+----+------------+------------+
    |i_1_fu_79_p2        |     +    |      0|  0|  12|           4|           1|
    |x_fu_105_p2         |    and   |      0|  0|  32|          32|          32|
    |tmp_1_fu_73_p2      |   icmp   |      0|  0|   2|           4|           4|
    |swap_cast_fu_65_p3  |  select  |      0|  0|   2|           1|           2|
    |tmp_5_fu_99_p2      |    xor   |      0|  0|  32|          32|          32|
    |tmp_6_fu_110_p2     |    xor   |      0|  0|  32|          32|          32|
    |tmp_9_fu_121_p2     |    xor   |      0|  0|  32|          32|          32|
    +--------------------+----------+-------+---+----+------------+------------+
    |Total               |          |      0|  0| 144|         137|         135|
    +--------------------+----------+-------+---+----+------------+------------+

    * Multiplexer: 
    +------------+----+-----------+-----+-----------+
    |    Name    | LUT| Input Size| Bits| Total Bits|
    +------------+----+-----------+-----+-----------+
    |a_address0  |  15|          3|    5|         15|
    |ap_NS_fsm   |  21|          4|    1|          4|
    |b_address0  |  15|          3|    5|         15|
    |i_reg_54    |   9|          2|    4|          8|
    +------------+----+-----------+-----+-----------+
    |Total       |  60|         12|   15|         42|
    +------------+----+-----------+-----+-----------+

    * Register: 
    +-------------------+----+----+-----+-----------+
    |        Name       | FF | LUT| Bits| Const Bits|
    +-------------------+----+----+-----+-----------+
    |a_addr_reg_145     |   4|   0|    5|          1|
    |ap_CS_fsm          |   3|   0|    3|          0|
    |b_addr_reg_150     |   4|   0|    5|          1|
    |i_1_reg_140        |   4|   0|    4|          0|
    |i_reg_54           |   4|   0|    4|          0|
    |swap_cast_reg_132  |  32|   0|   32|          0|
    +-------------------+----+----+-----+-----------+
    |Total              |  51|   0|   53|          2|
    +-------------------+----+----+-----+-----------+



================================================================
== Interface
================================================================
* Summary: 
+------------+-----+-----+------------+------------------+--------------+
|  RTL Ports | Dir | Bits|  Protocol  |   Source Object  |    C Type    |
+------------+-----+-----+------------+------------------+--------------+
|ap_clk      |  in |    1| ap_ctrl_hs | swap_conditional | return value |
|ap_rst      |  in |    1| ap_ctrl_hs | swap_conditional | return value |
|ap_start    |  in |    1| ap_ctrl_hs | swap_conditional | return value |
|ap_done     | out |    1| ap_ctrl_hs | swap_conditional | return value |
|ap_idle     | out |    1| ap_ctrl_hs | swap_conditional | return value |
|ap_ready    | out |    1| ap_ctrl_hs | swap_conditional | return value |
|a_address0  | out |    5|  ap_memory |         a        |     array    |
|a_ce0       | out |    1|  ap_memory |         a        |     array    |
|a_we0       | out |    1|  ap_memory |         a        |     array    |
|a_d0        | out |   64|  ap_memory |         a        |     array    |
|a_q0        |  in |   64|  ap_memory |         a        |     array    |
|b_address0  | out |    5|  ap_memory |         b        |     array    |
|b_ce0       | out |    1|  ap_memory |         b        |     array    |
|b_we0       | out |    1|  ap_memory |         b        |     array    |
|b_d0        | out |   64|  ap_memory |         b        |     array    |
|b_q0        |  in |   64|  ap_memory |         b        |     array    |
|iswap       |  in |    1|   ap_none  |       iswap      |    scalar    |
+------------+-----+-----+------------+------------------+--------------+

