
*** Running vivado
    with args -log design_1_rst_ps8_0_99M_0.vds -m64 -product Vivado -mode batch -messageDb vivado.pb -notrace -source design_1_rst_ps8_0_99M_0.tcl


****** Vivado v2017.1 (64-bit)
  **** SW Build 1846317 on Fri Apr 14 18:54:47 MDT 2017
  **** IP Build 1846188 on Fri Apr 14 20:52:08 MDT 2017
    ** Copyright 1986-2017 Xilinx, Inc. All Rights Reserved.

source design_1_rst_ps8_0_99M_0.tcl -notrace
Starting RTL Elaboration : Time (s): cpu = 00:00:04 ; elapsed = 00:00:04 . Memory (MB): peak = 1491.816 ; gain = 0.000 ; free physical = 2583 ; free virtual = 17507
INFO: [Synth 8-638] synthesizing module 'design_1_rst_ps8_0_99M_0' [/home/michael/hardware_security/zcu102/root_of_trust/operational_os/vivado/zcu102_pmod/zcu102_pmod.srcs/sources_1/bd/design_1/ip/design_1_rst_ps8_0_99M_0/synth/design_1_rst_ps8_0_99M_0.vhd:74]
INFO: [Synth 8-638] synthesizing module 'proc_sys_reset' [/home/michael/hardware_security/zcu102/root_of_trust/operational_os/vivado/zcu102_pmod/zcu102_pmod.srcs/sources_1/bd/design_1/ipshared/5db7/hdl/proc_sys_reset_v5_0_vh_rfs.vhd:1323]
INFO: [Synth 8-638] synthesizing module 'lpf' [/home/michael/hardware_security/zcu102/root_of_trust/operational_os/vivado/zcu102_pmod/zcu102_pmod.srcs/sources_1/bd/design_1/ipshared/5db7/hdl/proc_sys_reset_v5_0_vh_rfs.vhd:816]
INFO: [Synth 8-638] synthesizing module 'SRL16' [/Xilinx/Vivado/2017.1/scripts/rt/data/unisim_comp.v:43657]
INFO: [Synth 8-256] done synthesizing module 'SRL16' (1#1) [/Xilinx/Vivado/2017.1/scripts/rt/data/unisim_comp.v:43657]
INFO: [Synth 8-638] synthesizing module 'cdc_sync' [/home/michael/hardware_security/zcu102/root_of_trust/operational_os/vivado/zcu102_pmod/zcu102_pmod.srcs/sources_1/bd/design_1/ipshared/52cb/hdl/lib_cdc_v1_0_rfs.vhd:106]
INFO: [Synth 8-256] done synthesizing module 'cdc_sync' (2#1) [/home/michael/hardware_security/zcu102/root_of_trust/operational_os/vivado/zcu102_pmod/zcu102_pmod.srcs/sources_1/bd/design_1/ipshared/52cb/hdl/lib_cdc_v1_0_rfs.vhd:106]
INFO: [Synth 8-256] done synthesizing module 'lpf' (3#1) [/home/michael/hardware_security/zcu102/root_of_trust/operational_os/vivado/zcu102_pmod/zcu102_pmod.srcs/sources_1/bd/design_1/ipshared/5db7/hdl/proc_sys_reset_v5_0_vh_rfs.vhd:816]
INFO: [Synth 8-638] synthesizing module 'sequence_psr' [/home/michael/hardware_security/zcu102/root_of_trust/operational_os/vivado/zcu102_pmod/zcu102_pmod.srcs/sources_1/bd/design_1/ipshared/5db7/hdl/proc_sys_reset_v5_0_vh_rfs.vhd:301]
INFO: [Synth 8-638] synthesizing module 'upcnt_n' [/home/michael/hardware_security/zcu102/root_of_trust/operational_os/vivado/zcu102_pmod/zcu102_pmod.srcs/sources_1/bd/design_1/ipshared/5db7/hdl/proc_sys_reset_v5_0_vh_rfs.vhd:125]
INFO: [Synth 8-256] done synthesizing module 'upcnt_n' (4#1) [/home/michael/hardware_security/zcu102/root_of_trust/operational_os/vivado/zcu102_pmod/zcu102_pmod.srcs/sources_1/bd/design_1/ipshared/5db7/hdl/proc_sys_reset_v5_0_vh_rfs.vhd:125]
INFO: [Synth 8-256] done synthesizing module 'sequence_psr' (5#1) [/home/michael/hardware_security/zcu102/root_of_trust/operational_os/vivado/zcu102_pmod/zcu102_pmod.srcs/sources_1/bd/design_1/ipshared/5db7/hdl/proc_sys_reset_v5_0_vh_rfs.vhd:301]
INFO: [Synth 8-256] done synthesizing module 'proc_sys_reset' (6#1) [/home/michael/hardware_security/zcu102/root_of_trust/operational_os/vivado/zcu102_pmod/zcu102_pmod.srcs/sources_1/bd/design_1/ipshared/5db7/hdl/proc_sys_reset_v5_0_vh_rfs.vhd:1323]
INFO: [Synth 8-256] done synthesizing module 'design_1_rst_ps8_0_99M_0' (7#1) [/home/michael/hardware_security/zcu102/root_of_trust/operational_os/vivado/zcu102_pmod/zcu102_pmod.srcs/sources_1/bd/design_1/ip/design_1_rst_ps8_0_99M_0/synth/design_1_rst_ps8_0_99M_0.vhd:74]
Finished RTL Elaboration : Time (s): cpu = 00:00:04 ; elapsed = 00:00:05 . Memory (MB): peak = 1491.816 ; gain = 0.000 ; free physical = 2527 ; free virtual = 17468
Finished RTL Optimization Phase 1 : Time (s): cpu = 00:00:04 ; elapsed = 00:00:05 . Memory (MB): peak = 1491.816 ; gain = 0.000 ; free physical = 2497 ; free virtual = 17438
INFO: [Device 21-403] Loading part xczu9eg-ffvb1156-2-i
Constraint Validation Runtime : Time (s): cpu = 00:00:00.03 ; elapsed = 00:00:00.03 . Memory (MB): peak = 2049.918 ; gain = 1.000 ; free physical = 853 ; free virtual = 15895
Finished Constraint Validation : Time (s): cpu = 00:00:18 ; elapsed = 00:00:23 . Memory (MB): peak = 2049.918 ; gain = 558.102 ; free physical = 1076 ; free virtual = 16119
Finished Loading Part and Timing Information : Time (s): cpu = 00:00:18 ; elapsed = 00:00:23 . Memory (MB): peak = 2049.918 ; gain = 558.102 ; free physical = 1082 ; free virtual = 16124
Finished applying 'set_property' XDC Constraints : Time (s): cpu = 00:00:18 ; elapsed = 00:00:23 . Memory (MB): peak = 2049.918 ; gain = 558.102 ; free physical = 1085 ; free virtual = 16128
Finished RTL Optimization Phase 2 : Time (s): cpu = 00:00:18 ; elapsed = 00:00:23 . Memory (MB): peak = 2049.918 ; gain = 558.102 ; free physical = 1078 ; free virtual = 16121
Finished Cross Boundary and Area Optimization : Time (s): cpu = 00:00:18 ; elapsed = 00:00:24 . Memory (MB): peak = 2049.918 ; gain = 558.102 ; free physical = 1061 ; free virtual = 16104
Finished Applying XDC Timing Constraints : Time (s): cpu = 00:00:34 ; elapsed = 00:00:42 . Memory (MB): peak = 2643.895 ; gain = 1152.078 ; free physical = 167 ; free virtual = 14393
Finished Timing Optimization : Time (s): cpu = 00:00:34 ; elapsed = 00:00:42 . Memory (MB): peak = 2643.895 ; gain = 1152.078 ; free physical = 166 ; free virtual = 14392
Finished Technology Mapping : Time (s): cpu = 00:00:34 ; elapsed = 00:00:42 . Memory (MB): peak = 2662.926 ; gain = 1171.109 ; free physical = 166 ; free virtual = 14390
Finished IO Insertion : Time (s): cpu = 00:00:35 ; elapsed = 00:00:43 . Memory (MB): peak = 2662.926 ; gain = 1171.109 ; free physical = 173 ; free virtual = 14282
Finished Renaming Generated Instances : Time (s): cpu = 00:00:35 ; elapsed = 00:00:43 . Memory (MB): peak = 2662.926 ; gain = 1171.109 ; free physical = 173 ; free virtual = 14282
Finished Rebuilding User Hierarchy : Time (s): cpu = 00:00:35 ; elapsed = 00:00:43 . Memory (MB): peak = 2662.926 ; gain = 1171.109 ; free physical = 173 ; free virtual = 14282
Finished Renaming Generated Ports : Time (s): cpu = 00:00:35 ; elapsed = 00:00:43 . Memory (MB): peak = 2662.926 ; gain = 1171.109 ; free physical = 173 ; free virtual = 14282
Finished Handling Custom Attributes : Time (s): cpu = 00:00:35 ; elapsed = 00:00:43 . Memory (MB): peak = 2662.926 ; gain = 1171.109 ; free physical = 173 ; free virtual = 14282
Finished Renaming Generated Nets : Time (s): cpu = 00:00:35 ; elapsed = 00:00:43 . Memory (MB): peak = 2662.926 ; gain = 1171.109 ; free physical = 173 ; free virtual = 14282

Report Cell Usage: 
+------+------+------+
|      |Cell  |Count |
+------+------+------+
|1     |LUT1  |     5|
|2     |LUT2  |     9|
|3     |LUT3  |     1|
|4     |LUT4  |     6|
|5     |LUT5  |     3|
|6     |LUT6  |     1|
|7     |SRL16 |     1|
|8     |FDR   |     8|
|9     |FDRE  |    28|
|10    |FDSE  |     4|
+------+------+------+
Finished Writing Synthesis Report : Time (s): cpu = 00:00:35 ; elapsed = 00:00:43 . Memory (MB): peak = 2662.926 ; gain = 1171.109 ; free physical = 173 ; free virtual = 14282
synth_design: Time (s): cpu = 00:00:37 ; elapsed = 00:00:46 . Memory (MB): peak = 2717.574 ; gain = 1289.266 ; free physical = 212 ; free virtual = 14177
