
*** Running vivado
    with args -log design_1_dlmb_bram_if_cntlr_0.vds -m64 -product Vivado -mode batch -messageDb vivado.pb -notrace -source design_1_dlmb_bram_if_cntlr_0.tcl


****** Vivado v2017.1 (64-bit)
  **** SW Build 1846317 on Fri Apr 14 18:54:47 MDT 2017
  **** IP Build 1846188 on Fri Apr 14 20:52:08 MDT 2017
    ** Copyright 1986-2017 Xilinx, Inc. All Rights Reserved.

source design_1_dlmb_bram_if_cntlr_0.tcl -notrace
Starting RTL Elaboration : Time (s): cpu = 00:00:05 ; elapsed = 00:00:06 . Memory (MB): peak = 1491.820 ; gain = 0.000 ; free physical = 5086 ; free virtual = 17158
INFO: [Synth 8-638] synthesizing module 'design_1_dlmb_bram_if_cntlr_0' [/home/michael/hardware_security/zcu102/root_of_trust/operational_os/vivado/zcu_microblaze_2/zcu_microblaze_2.srcs/sources_1/bd/design_1/ip/design_1_dlmb_bram_if_cntlr_0/synth/design_1_dlmb_bram_if_cntlr_0.vhd:84]
INFO: [Synth 8-638] synthesizing module 'lmb_bram_if_cntlr' [/home/michael/hardware_security/zcu102/root_of_trust/operational_os/vivado/zcu_microblaze_2/zcu_microblaze_2.srcs/sources_1/bd/design_1/ipshared/5376/hdl/lmb_bram_if_cntlr_v4_0_vh_rfs.vhd:3106]
INFO: [Synth 8-638] synthesizing module 'lmb_mux' [/home/michael/hardware_security/zcu102/root_of_trust/operational_os/vivado/zcu_microblaze_2/zcu_microblaze_2.srcs/sources_1/bd/design_1/ipshared/5376/hdl/lmb_bram_if_cntlr_v4_0_vh_rfs.vhd:2601]
INFO: [Synth 8-638] synthesizing module 'pselect_mask' [/home/michael/hardware_security/zcu102/root_of_trust/operational_os/vivado/zcu_microblaze_2/zcu_microblaze_2.srcs/sources_1/bd/design_1/ipshared/5376/hdl/lmb_bram_if_cntlr_v4_0_vh_rfs.vhd:2121]
INFO: [Synth 8-256] done synthesizing module 'pselect_mask' (1#1) [/home/michael/hardware_security/zcu102/root_of_trust/operational_os/vivado/zcu_microblaze_2/zcu_microblaze_2.srcs/sources_1/bd/design_1/ipshared/5376/hdl/lmb_bram_if_cntlr_v4_0_vh_rfs.vhd:2121]
INFO: [Synth 8-256] done synthesizing module 'lmb_mux' (2#1) [/home/michael/hardware_security/zcu102/root_of_trust/operational_os/vivado/zcu_microblaze_2/zcu_microblaze_2.srcs/sources_1/bd/design_1/ipshared/5376/hdl/lmb_bram_if_cntlr_v4_0_vh_rfs.vhd:2601]
INFO: [Synth 8-256] done synthesizing module 'lmb_bram_if_cntlr' (3#1) [/home/michael/hardware_security/zcu102/root_of_trust/operational_os/vivado/zcu_microblaze_2/zcu_microblaze_2.srcs/sources_1/bd/design_1/ipshared/5376/hdl/lmb_bram_if_cntlr_v4_0_vh_rfs.vhd:3106]
INFO: [Synth 8-256] done synthesizing module 'design_1_dlmb_bram_if_cntlr_0' (4#1) [/home/michael/hardware_security/zcu102/root_of_trust/operational_os/vivado/zcu_microblaze_2/zcu_microblaze_2.srcs/sources_1/bd/design_1/ip/design_1_dlmb_bram_if_cntlr_0/synth/design_1_dlmb_bram_if_cntlr_0.vhd:84]
Finished RTL Elaboration : Time (s): cpu = 00:00:06 ; elapsed = 00:00:08 . Memory (MB): peak = 1491.820 ; gain = 0.000 ; free physical = 4916 ; free virtual = 16964
Finished RTL Optimization Phase 1 : Time (s): cpu = 00:00:07 ; elapsed = 00:00:09 . Memory (MB): peak = 1491.820 ; gain = 0.000 ; free physical = 4909 ; free virtual = 16958
INFO: [Device 21-403] Loading part xczu9eg-ffvb1156-2-i
Constraint Validation Runtime : Time (s): cpu = 00:00:00.02 ; elapsed = 00:00:00.02 . Memory (MB): peak = 2005.961 ; gain = 1.000 ; free physical = 3064 ; free virtual = 15135
Finished Constraint Validation : Time (s): cpu = 00:00:20 ; elapsed = 00:00:24 . Memory (MB): peak = 2005.961 ; gain = 514.141 ; free physical = 2889 ; free virtual = 14935
Finished Loading Part and Timing Information : Time (s): cpu = 00:00:20 ; elapsed = 00:00:24 . Memory (MB): peak = 2005.961 ; gain = 514.141 ; free physical = 2889 ; free virtual = 14935
Finished applying 'set_property' XDC Constraints : Time (s): cpu = 00:00:20 ; elapsed = 00:00:24 . Memory (MB): peak = 2005.961 ; gain = 514.141 ; free physical = 2891 ; free virtual = 14937
Finished RTL Optimization Phase 2 : Time (s): cpu = 00:00:20 ; elapsed = 00:00:24 . Memory (MB): peak = 2005.961 ; gain = 514.141 ; free physical = 2881 ; free virtual = 14927
Finished Cross Boundary and Area Optimization : Time (s): cpu = 00:00:20 ; elapsed = 00:00:25 . Memory (MB): peak = 2005.961 ; gain = 514.141 ; free physical = 2872 ; free virtual = 14918
Finished Applying XDC Timing Constraints : Time (s): cpu = 00:00:32 ; elapsed = 00:00:38 . Memory (MB): peak = 2645.906 ; gain = 1154.086 ; free physical = 477 ; free virtual = 12523
Finished Timing Optimization : Time (s): cpu = 00:00:32 ; elapsed = 00:00:38 . Memory (MB): peak = 2645.906 ; gain = 1154.086 ; free physical = 477 ; free virtual = 12523
Finished Technology Mapping : Time (s): cpu = 00:00:33 ; elapsed = 00:00:38 . Memory (MB): peak = 2664.938 ; gain = 1173.117 ; free physical = 475 ; free virtual = 12521
Finished IO Insertion : Time (s): cpu = 00:00:33 ; elapsed = 00:00:38 . Memory (MB): peak = 2664.938 ; gain = 1173.117 ; free physical = 462 ; free virtual = 12509
Finished Renaming Generated Instances : Time (s): cpu = 00:00:33 ; elapsed = 00:00:38 . Memory (MB): peak = 2664.938 ; gain = 1173.117 ; free physical = 462 ; free virtual = 12509
Finished Rebuilding User Hierarchy : Time (s): cpu = 00:00:33 ; elapsed = 00:00:38 . Memory (MB): peak = 2664.938 ; gain = 1173.117 ; free physical = 462 ; free virtual = 12509
Finished Renaming Generated Ports : Time (s): cpu = 00:00:33 ; elapsed = 00:00:38 . Memory (MB): peak = 2664.938 ; gain = 1173.117 ; free physical = 462 ; free virtual = 12509
Finished Handling Custom Attributes : Time (s): cpu = 00:00:33 ; elapsed = 00:00:38 . Memory (MB): peak = 2664.938 ; gain = 1173.117 ; free physical = 462 ; free virtual = 12509
Finished Renaming Generated Nets : Time (s): cpu = 00:00:33 ; elapsed = 00:00:38 . Memory (MB): peak = 2664.938 ; gain = 1173.117 ; free physical = 462 ; free virtual = 12509

Report Cell Usage: 
+------+-----+------+
|      |Cell |Count |
+------+-----+------+
|1     |LUT1 |     1|
|2     |LUT2 |     1|
|3     |LUT3 |     4|
|4     |FDRE |     2|
+------+-----+------+
Finished Writing Synthesis Report : Time (s): cpu = 00:00:33 ; elapsed = 00:00:38 . Memory (MB): peak = 2664.938 ; gain = 1173.117 ; free physical = 462 ; free virtual = 12508
synth_design: Time (s): cpu = 00:00:34 ; elapsed = 00:00:40 . Memory (MB): peak = 2719.586 ; gain = 1291.273 ; free physical = 426 ; free virtual = 12472
