
*** Running vivado
    with args -log bd_8000_v_axi4s_vid_out_0.vds -m64 -product Vivado -mode batch -messageDb vivado.pb -notrace -source bd_8000_v_axi4s_vid_out_0.tcl

awk: symbol lookup error: awk: undefined symbol: mpfr_z_sub

****** Vivado v2016.4 (64-bit)
  **** SW Build 1733598 on Wed Dec 14 22:35:42 MST 2016
  **** IP Build 1731160 on Wed Dec 14 23:47:21 MST 2016
    ** Copyright 1986-2016 Xilinx, Inc. All Rights Reserved.

source bd_8000_v_axi4s_vid_out_0.tcl -notrace
awk: symbol lookup error: awk: undefined symbol: mpfr_z_sub
Starting RTL Elaboration : Time (s): cpu = 00:00:19 ; elapsed = 00:00:21 . Memory (MB): peak = 1469.453 ; gain = 538.973 ; free physical = 1189 ; free virtual = 14175
INFO: [Synth 8-638] synthesizing module 'bd_8000_v_axi4s_vid_out_0' [/home/michael/xilinx_workspace/zcu_hdmi/zcu_hdmi.srcs/sources_1/bd/design_1/ip/design_1_v_hdmi_tx_ss_0_0_1/bd_0/ip/ip_2/synth/bd_8000_v_axi4s_vid_out_0.v:57]
INFO: [Synth 8-638] synthesizing module 'v_axi4s_vid_out_v4_0_5' [/home/michael/xilinx_workspace/zcu_hdmi/zcu_hdmi.srcs/sources_1/bd/design_1/ipshared/1923/hdl/v_axi4s_vid_out_v4_0_vl_rfs.v:76]
INFO: [Synth 8-638] synthesizing module 'v_axi4s_vid_out_v4_0_5_coupler' [/home/michael/xilinx_workspace/zcu_hdmi/zcu_hdmi.srcs/sources_1/bd/design_1/ipshared/1923/hdl/v_axi4s_vid_out_v4_0_vl_rfs.v:311]
INFO: [Synth 8-256] done synthesizing module 'v_axi4s_vid_out_v4_0_5_coupler' (31#1) [/home/michael/xilinx_workspace/zcu_hdmi/zcu_hdmi.srcs/sources_1/bd/design_1/ipshared/1923/hdl/v_axi4s_vid_out_v4_0_vl_rfs.v:311]
INFO: [Synth 8-638] synthesizing module 'v_axi4s_vid_out_v4_0_5_sync' [/home/michael/xilinx_workspace/zcu_hdmi/zcu_hdmi.srcs/sources_1/bd/design_1/ipshared/1923/hdl/v_axi4s_vid_out_v4_0_vl_rfs.v:822]
INFO: [Synth 8-256] done synthesizing module 'v_axi4s_vid_out_v4_0_5_sync' (32#1) [/home/michael/xilinx_workspace/zcu_hdmi/zcu_hdmi.srcs/sources_1/bd/design_1/ipshared/1923/hdl/v_axi4s_vid_out_v4_0_vl_rfs.v:822]
INFO: [Synth 8-638] synthesizing module 'v_axi4s_vid_out_v4_0_5_formatter' [/home/michael/xilinx_workspace/zcu_hdmi/zcu_hdmi.srcs/sources_1/bd/design_1/ipshared/1923/hdl/v_axi4s_vid_out_v4_0_vl_rfs.v:1453]
INFO: [Synth 8-256] done synthesizing module 'v_axi4s_vid_out_v4_0_5_formatter' (33#1) [/home/michael/xilinx_workspace/zcu_hdmi/zcu_hdmi.srcs/sources_1/bd/design_1/ipshared/1923/hdl/v_axi4s_vid_out_v4_0_vl_rfs.v:1453]
INFO: [Synth 8-256] done synthesizing module 'v_axi4s_vid_out_v4_0_5' (34#1) [/home/michael/xilinx_workspace/zcu_hdmi/zcu_hdmi.srcs/sources_1/bd/design_1/ipshared/1923/hdl/v_axi4s_vid_out_v4_0_vl_rfs.v:76]
INFO: [Synth 8-256] done synthesizing module 'bd_8000_v_axi4s_vid_out_0' (35#1) [/home/michael/xilinx_workspace/zcu_hdmi/zcu_hdmi.srcs/sources_1/bd/design_1/ip/design_1_v_hdmi_tx_ss_0_0_1/bd_0/ip/ip_2/synth/bd_8000_v_axi4s_vid_out_0.v:57]
Finished RTL Elaboration : Time (s): cpu = 00:01:15 ; elapsed = 00:01:17 . Memory (MB): peak = 1681.125 ; gain = 750.645 ; free physical = 2012 ; free virtual = 13700
Finished RTL Optimization Phase 1 : Time (s): cpu = 00:01:16 ; elapsed = 00:01:18 . Memory (MB): peak = 1681.125 ; gain = 750.645 ; free physical = 2015 ; free virtual = 13699
INFO: [Device 21-403] Loading part xczu9eg-ffvb1156-2-i-es2
Constraint Validation Runtime : Time (s): cpu = 00:00:00.03 ; elapsed = 00:00:00.02 . Memory (MB): peak = 2200.859 ; gain = 1.000 ; free physical = 1286 ; free virtual = 13023
Finished Constraint Validation : Time (s): cpu = 00:01:34 ; elapsed = 00:01:37 . Memory (MB): peak = 2200.859 ; gain = 1270.379 ; free physical = 1025 ; free virtual = 12737
Finished Loading Part and Timing Information : Time (s): cpu = 00:01:34 ; elapsed = 00:01:37 . Memory (MB): peak = 2200.859 ; gain = 1270.379 ; free physical = 1025 ; free virtual = 12736
Finished applying 'set_property' XDC Constraints : Time (s): cpu = 00:01:34 ; elapsed = 00:01:37 . Memory (MB): peak = 2200.859 ; gain = 1270.379 ; free physical = 1022 ; free virtual = 12734
Finished RTL Optimization Phase 2 : Time (s): cpu = 00:01:36 ; elapsed = 00:01:39 . Memory (MB): peak = 2200.859 ; gain = 1270.379 ; free physical = 939 ; free virtual = 12679
Finished Cross Boundary and Area Optimization : Time (s): cpu = 00:01:39 ; elapsed = 00:01:43 . Memory (MB): peak = 2200.859 ; gain = 1270.379 ; free physical = 928 ; free virtual = 12641
Finished Applying XDC Timing Constraints : Time (s): cpu = 00:01:59 ; elapsed = 00:02:07 . Memory (MB): peak = 2808.453 ; gain = 1877.973 ; free physical = 161 ; free virtual = 11421
Finished Timing Optimization : Time (s): cpu = 00:02:00 ; elapsed = 00:02:07 . Memory (MB): peak = 2822.469 ; gain = 1891.988 ; free physical = 158 ; free virtual = 11375
Finished Technology Mapping : Time (s): cpu = 00:02:00 ; elapsed = 00:02:08 . Memory (MB): peak = 2831.484 ; gain = 1901.004 ; free physical = 190 ; free virtual = 11267
Finished IO Insertion : Time (s): cpu = 00:02:01 ; elapsed = 00:02:08 . Memory (MB): peak = 2831.484 ; gain = 1901.004 ; free physical = 161 ; free virtual = 11205
Finished Renaming Generated Instances : Time (s): cpu = 00:02:01 ; elapsed = 00:02:08 . Memory (MB): peak = 2831.484 ; gain = 1901.004 ; free physical = 161 ; free virtual = 11205
Finished Rebuilding User Hierarchy : Time (s): cpu = 00:02:01 ; elapsed = 00:02:09 . Memory (MB): peak = 2831.484 ; gain = 1901.004 ; free physical = 167 ; free virtual = 11199
Finished Renaming Generated Ports : Time (s): cpu = 00:02:01 ; elapsed = 00:02:09 . Memory (MB): peak = 2831.484 ; gain = 1901.004 ; free physical = 167 ; free virtual = 11199
Finished Handling Custom Attributes : Time (s): cpu = 00:02:01 ; elapsed = 00:02:09 . Memory (MB): peak = 2831.484 ; gain = 1901.004 ; free physical = 165 ; free virtual = 11197
Finished Renaming Generated Nets : Time (s): cpu = 00:02:01 ; elapsed = 00:02:09 . Memory (MB): peak = 2831.484 ; gain = 1901.004 ; free physical = 165 ; free virtual = 11197

Report Cell Usage: 
+------+---------+------+
|      |Cell     |Count |
+------+---------+------+
|1     |CARRY8   |    10|
|2     |LUT1     |    62|
|3     |LUT2     |    58|
|4     |LUT3     |    25|
|5     |LUT4     |    74|
|6     |LUT5     |    37|
|7     |LUT6     |    54|
|8     |MUXCY    |    20|
|9     |MUXF7    |     2|
|10    |RAMB36E2 |     1|
|11    |FDCE     |   139|
|12    |FDPE     |    27|
|13    |FDRE     |   180|
|14    |FDSE     |     2|
+------+---------+------+
Finished Writing Synthesis Report : Time (s): cpu = 00:02:01 ; elapsed = 00:02:09 . Memory (MB): peak = 2831.484 ; gain = 1901.004 ; free physical = 164 ; free virtual = 11197
synth_design: Time (s): cpu = 00:01:53 ; elapsed = 00:02:00 . Memory (MB): peak = 3083.586 ; gain = 1746.641 ; free physical = 164 ; free virtual = 11021
