
*** Running vivado
    with args -log bd_8000_v_axi4s_vid_out_0.vds -m64 -product Vivado -mode batch -messageDb vivado.pb -notrace -source bd_8000_v_axi4s_vid_out_0.tcl

awk: symbol lookup error: awk: undefined symbol: mpfr_z_sub

****** Vivado v2016.4 (64-bit)
  **** SW Build 1733598 on Wed Dec 14 22:35:42 MST 2016
  **** IP Build 1731160 on Wed Dec 14 23:47:21 MST 2016
    ** Copyright 1986-2016 Xilinx, Inc. All Rights Reserved.

source bd_8000_v_axi4s_vid_out_0.tcl -notrace
awk: symbol lookup error: awk: undefined symbol: mpfr_z_sub
Starting RTL Elaboration : Time (s): cpu = 00:00:20 ; elapsed = 00:00:23 . Memory (MB): peak = 1465.445 ; gain = 534.973 ; free physical = 3610 ; free virtual = 14794
INFO: [Synth 8-638] synthesizing module 'bd_8000_v_axi4s_vid_out_0' [/home/michael/xilinx_workspace/zcu_hdmi/zcu_hdmi.srcs/sources_1/bd/design_1/ip/design_1_v_hdmi_tx_ss_0_0/bd_0/ip/ip_2/synth/bd_8000_v_axi4s_vid_out_0.v:57]
INFO: [Synth 8-638] synthesizing module 'v_axi4s_vid_out_v4_0_5' [/home/michael/xilinx_workspace/zcu_hdmi/zcu_hdmi.srcs/sources_1/bd/design_1/ipshared/1923/hdl/v_axi4s_vid_out_v4_0_vl_rfs.v:76]
INFO: [Synth 8-638] synthesizing module 'v_axi4s_vid_out_v4_0_5_coupler' [/home/michael/xilinx_workspace/zcu_hdmi/zcu_hdmi.srcs/sources_1/bd/design_1/ipshared/1923/hdl/v_axi4s_vid_out_v4_0_vl_rfs.v:311]
INFO: [Synth 8-256] done synthesizing module 'v_axi4s_vid_out_v4_0_5_coupler' (31#1) [/home/michael/xilinx_workspace/zcu_hdmi/zcu_hdmi.srcs/sources_1/bd/design_1/ipshared/1923/hdl/v_axi4s_vid_out_v4_0_vl_rfs.v:311]
INFO: [Synth 8-638] synthesizing module 'v_axi4s_vid_out_v4_0_5_sync' [/home/michael/xilinx_workspace/zcu_hdmi/zcu_hdmi.srcs/sources_1/bd/design_1/ipshared/1923/hdl/v_axi4s_vid_out_v4_0_vl_rfs.v:822]
INFO: [Synth 8-256] done synthesizing module 'v_axi4s_vid_out_v4_0_5_sync' (32#1) [/home/michael/xilinx_workspace/zcu_hdmi/zcu_hdmi.srcs/sources_1/bd/design_1/ipshared/1923/hdl/v_axi4s_vid_out_v4_0_vl_rfs.v:822]
INFO: [Synth 8-638] synthesizing module 'v_axi4s_vid_out_v4_0_5_formatter' [/home/michael/xilinx_workspace/zcu_hdmi/zcu_hdmi.srcs/sources_1/bd/design_1/ipshared/1923/hdl/v_axi4s_vid_out_v4_0_vl_rfs.v:1453]
INFO: [Synth 8-256] done synthesizing module 'v_axi4s_vid_out_v4_0_5_formatter' (33#1) [/home/michael/xilinx_workspace/zcu_hdmi/zcu_hdmi.srcs/sources_1/bd/design_1/ipshared/1923/hdl/v_axi4s_vid_out_v4_0_vl_rfs.v:1453]
INFO: [Synth 8-256] done synthesizing module 'v_axi4s_vid_out_v4_0_5' (34#1) [/home/michael/xilinx_workspace/zcu_hdmi/zcu_hdmi.srcs/sources_1/bd/design_1/ipshared/1923/hdl/v_axi4s_vid_out_v4_0_vl_rfs.v:76]
INFO: [Synth 8-256] done synthesizing module 'bd_8000_v_axi4s_vid_out_0' (35#1) [/home/michael/xilinx_workspace/zcu_hdmi/zcu_hdmi.srcs/sources_1/bd/design_1/ip/design_1_v_hdmi_tx_ss_0_0/bd_0/ip/ip_2/synth/bd_8000_v_axi4s_vid_out_0.v:57]
Finished RTL Elaboration : Time (s): cpu = 00:01:23 ; elapsed = 00:01:26 . Memory (MB): peak = 1678.117 ; gain = 747.645 ; free physical = 2135 ; free virtual = 13316
Finished RTL Optimization Phase 1 : Time (s): cpu = 00:01:23 ; elapsed = 00:01:26 . Memory (MB): peak = 1678.117 ; gain = 747.645 ; free physical = 2120 ; free virtual = 13310
INFO: [Device 21-403] Loading part xczu9eg-ffvb1156-2-i-es2
Constraint Validation Runtime : Time (s): cpu = 00:00:00.03 ; elapsed = 00:00:00.02 . Memory (MB): peak = 2198.516 ; gain = 1.000 ; free physical = 3820 ; free virtual = 15037
Finished Constraint Validation : Time (s): cpu = 00:01:41 ; elapsed = 00:01:44 . Memory (MB): peak = 2198.516 ; gain = 1268.043 ; free physical = 3599 ; free virtual = 14809
Finished Loading Part and Timing Information : Time (s): cpu = 00:01:41 ; elapsed = 00:01:44 . Memory (MB): peak = 2198.516 ; gain = 1268.043 ; free physical = 3599 ; free virtual = 14809
Finished applying 'set_property' XDC Constraints : Time (s): cpu = 00:01:41 ; elapsed = 00:01:44 . Memory (MB): peak = 2198.516 ; gain = 1268.043 ; free physical = 3597 ; free virtual = 14807
Finished RTL Optimization Phase 2 : Time (s): cpu = 00:01:42 ; elapsed = 00:01:45 . Memory (MB): peak = 2198.516 ; gain = 1268.043 ; free physical = 3432 ; free virtual = 14642
Finished Cross Boundary and Area Optimization : Time (s): cpu = 00:01:45 ; elapsed = 00:01:48 . Memory (MB): peak = 2198.516 ; gain = 1268.043 ; free physical = 3327 ; free virtual = 14537
Finished Applying XDC Timing Constraints : Time (s): cpu = 00:02:03 ; elapsed = 00:02:07 . Memory (MB): peak = 2806.109 ; gain = 1875.637 ; free physical = 2968 ; free virtual = 14187
Finished Timing Optimization : Time (s): cpu = 00:02:03 ; elapsed = 00:02:07 . Memory (MB): peak = 2807.109 ; gain = 1876.637 ; free physical = 2958 ; free virtual = 14185
Finished Technology Mapping : Time (s): cpu = 00:02:03 ; elapsed = 00:02:07 . Memory (MB): peak = 2828.148 ; gain = 1897.676 ; free physical = 2926 ; free virtual = 14153
Finished IO Insertion : Time (s): cpu = 00:02:04 ; elapsed = 00:02:07 . Memory (MB): peak = 2828.148 ; gain = 1897.676 ; free physical = 2918 ; free virtual = 14146
Finished Renaming Generated Instances : Time (s): cpu = 00:02:04 ; elapsed = 00:02:08 . Memory (MB): peak = 2828.148 ; gain = 1897.676 ; free physical = 2918 ; free virtual = 14146
Finished Rebuilding User Hierarchy : Time (s): cpu = 00:02:04 ; elapsed = 00:02:08 . Memory (MB): peak = 2828.148 ; gain = 1897.676 ; free physical = 2918 ; free virtual = 14146
Finished Renaming Generated Ports : Time (s): cpu = 00:02:04 ; elapsed = 00:02:08 . Memory (MB): peak = 2828.148 ; gain = 1897.676 ; free physical = 2918 ; free virtual = 14146
Finished Handling Custom Attributes : Time (s): cpu = 00:02:04 ; elapsed = 00:02:08 . Memory (MB): peak = 2828.148 ; gain = 1897.676 ; free physical = 2918 ; free virtual = 14146
Finished Renaming Generated Nets : Time (s): cpu = 00:02:04 ; elapsed = 00:02:08 . Memory (MB): peak = 2828.148 ; gain = 1897.676 ; free physical = 2918 ; free virtual = 14146

Report Cell Usage: 
+------+---------+------+
|      |Cell     |Count |
+------+---------+------+
|1     |CARRY8   |    10|
|2     |LUT1     |    62|
|3     |LUT2     |    58|
|4     |LUT3     |    25|
|5     |LUT4     |    74|
|6     |LUT5     |    37|
|7     |LUT6     |    54|
|8     |MUXCY    |    20|
|9     |MUXF7    |     2|
|10    |RAMB18E2 |     1|
|11    |RAMB36E2 |     1|
|12    |FDCE     |   139|
|13    |FDPE     |    27|
|14    |FDRE     |   204|
|15    |FDSE     |     2|
+------+---------+------+
Finished Writing Synthesis Report : Time (s): cpu = 00:02:04 ; elapsed = 00:02:08 . Memory (MB): peak = 2828.148 ; gain = 1897.676 ; free physical = 2918 ; free virtual = 14146
synth_design: Time (s): cpu = 00:01:56 ; elapsed = 00:01:58 . Memory (MB): peak = 3086.250 ; gain = 1751.312 ; free physical = 2647 ; free virtual = 13875
